
  sigaction                                                      1667
  EVP_md5                                                        1792
  pd_free                                                        1833
  EVP_des_ecb                                                    1917
  EVP_sha224                                                     1958
  EVP_bf_ofb                                                     2000
  UI_OpenSSL                                                     2000
  _cleanup                                                       2000
  EVP_rc2_cbc                                                    2041
  EVP_sm4_ofb                                                    2041
  EVP_des_ofb                                                    2042
  EVP_des_cbc                                                    2083
  EVP_md4                                                        2083
  EVP_rc4_40                                                     2084
  EVP_bf_cfb64                                                   2125
  EVP_des_ede                                                    2125
  EVP_sha512                                                     2125
  EVP_bf_cbc                                                     2167
  EVP_cast5_ofb                                                  2167
  EVP_idea_cbc                                                   2167
  EVP_idea_ofb                                                   2167
  EVP_mdc2                                                       2167
  EVP_sha1                                                       2167
  EVP_sm4_ctr                                                    2167
  opt_unknown                                                    2167
  EVP_sha384                                                     2208
  EVP_sm4_ecb                                                    2208
  EVP_seed_cbc                                                   2209
  EVP_des_cfb8                                                   2250
  EVP_rc2_ofb                                                    2250
  EVP_rc4                                                        2250
  EVP_seed_ofb                                                   2292
  strchr                                                         2292
  EVP_cast5_cbc                                                  2333
  EVP_des_ede3                                                   2333
  EVP_sm3                                                        2333
  EVP_sm4_cbc                                                    2333
  EVP_rc2_ecb                                                    2334
  EVP_shake256                                                   2334
  EVP_blake2s256                                                 2375
  EVP_rc2_cfb64                                                  2375
  EVP_seed_ecb                                                   2375
  EVP_sha3_384                                                   2375
  EVP_shake128                                                   2375
  EVP_des_ede_cbc                                                2416
  EVP_aes_128_ccm                                                2417
  EVP_aes_192_gcm                                                2417
  EVP_sha3_512                                                   2417
  EVP_aes_192_cbc                                                2458
  EVP_aes_192_ctr                                                2458
  EVP_aes_256_gcm                                                2458
  EVP_aes_256_ofb                                                2458
  EVP_aes_256_xts                                                2458
  EVP_chacha20                                                   2458
  EVP_des_ede_ofb                                                2458
  UI_null                                                        2458
  EVP_aes_192_ccm                                                2459
  EVP_md5_sha1                                                   2459
  EVP_aes_128_ctr                                                2500
  EVP_aes_192_ofb                                                2500
  EVP_aes_256_cbc                                                2500
  EVP_aes_256_ccm                                                2500
  EVP_aes_256_ctr                                                2500
  EVP_bf_ecb                                                     2500
  EVP_rc2_64_cbc                                                 2500
  EVP_sha3_224                                                   2500
  EVP_sm4_cfb128                                                 2500
  app_get0_propq                                                 2500
  EVP_aes_192_ecb                                                2542
  EVP_aes_256_ecb                                                2542
  EVP_whirlpool                                                  2542
  opt_next                                                       2542
  EVP_aes_128_ofb                                                2583
  EVP_aes_128_xts                                                2583
  EVP_aes_256_cfb1                                               2583
  EVP_aria_256_cbc                                               2583
  EVP_aria_256_ccm                                               2583
  EVP_aria_256_ctr                                               2583
  EVP_aria_256_ofb                                               2583
  EVP_idea_ecb                                                   2583
  EVP_ripemd160                                                  2583
  EVP_aes_256_cfb8                                               2584
  EVP_aes_256_wrap                                               2584
  EVP_aria_192_ccm                                               2584
  EVP_aes_128_cbc                                                2625
  EVP_aes_128_cfb1                                               2625
  EVP_aes_192_cfb8                                               2625
  EVP_aes_256_ocb                                                2625
  EVP_aria_256_ecb                                               2625
  EVP_aria_256_gcm                                               2625
  EVP_cast5_ecb                                                  2625
  EVP_des_cfb1                                                   2625
  EVP_idea_cfb64                                                 2625
  EVP_rc2_40_cbc                                                 2625
  EVP_sha3_256                                                   2625
  lh_FUNCTION_free                                               2625
  release_engine                                                 2625
  EVP_aes_128_wrap                                               2666
  EVP_aria_128_cbc                                               2666
  EVP_aria_192_ctr                                               2666
  EVP_des_ede3_cbc                                               2666
  EVP_desx_cbc                                                   2666
  EVP_aes_192_cfb1                                               2667
  EVP_aria_128_ofb                                               2667
  EVP_aria_192_cbc                                               2667
  EVP_aria_192_cfb1                                              2667
  def_to_int                                                     2667
  vm_deallocate                                                  2667
  EVP_aria_192_cfb8                                              2708
  EVP_aria_192_gcm                                               2708
  EVP_aria_192_ofb                                               2708
  EVP_aria_256_cfb1                                              2708
  EVP_des_ede3_cfb8                                              2708
  EVP_sha512_256                                                 2708
  EVP_MD_free                                                    2709
  EVP_aes_128_gcm                                                2709
  EVP_aria_128_ecb                                               2709
  EVP_seed_cfb128                                                2709
  COMP_get_type                                                  2750
  ENGINE_set_name                                                2750
  EVP_aes_192_ocb                                                2750
  EVP_blake2b512                                                 2750
  EVP_des_ede3_ofb                                               2750
  EVP_sha512_224                                                 2750
  OBJ_obj2txt                                                    2750
  ENGINE_set_id                                                  2791
  EVP_aes_128_ocb                                                2791
  EVP_aria_256_cfb8                                              2791
  EVP_rc4_hmac_md5                                               2792
  ossl_trace_cleanup                                             2792
  BIO_f_cipher                                                   2833
  EVP_aria_192_ecb                                               2875
  EVP_des_ede3_cfb1                                              2875
  EVP_des_ede3_wrap                                              2875
  NCONF_default                                                  2875
  EVP_aes_256_cfb128                                             2916
  EVP_aria_192_cfb128                                            2916
  EVP_aria_128_cfb8                                              2917
  EVP_aria_256_cfb128                                            2917
  EVP_cast5_cfb64                                                2917
  property_cmp                                                   2917
  EVP_aes_128_cfb8                                               2958
  EVP_aes_192_wrap                                               2958
  EVP_aria_128_ccm                                               2958
  EVP_aria_128_gcm                                               2959
  EVP_aes_192_cfb128                                             3000
  EVP_aes_128_cfb128                                             3041
  EVP_aes_128_ecb                                                3042
  EVP_aes_192_wrap_pad                                           3042
  EVP_aria_128_ctr                                               3042
  EVP_camellia_192_ctr                                           3042
  EVP_camellia_192_ofb                                           3042
  __cxa_finalize                                                 3042
  strrchr                                                        3042
  EVP_aes_128_wrap_pad                                           3083
  EVP_aria_128_cfb1                                              3083
  EVP_camellia_128_cbc                                           3083
  EVP_camellia_256_ofb                                           3083
  query_hash                                                     3083
  EVP_aes_256_wrap_pad                                           3084
  EVP_camellia_128_ctr                                           3084
  function_cmp                                                   3084
  EVP_des_cfb64                                                  3125
  EVP_des_ede_cfb64                                              3125
  EVP_aria_128_cfb128                                            3166
  EVP_camellia_192_cfb1                                          3166
  EVP_des_ede3_cfb64                                             3166
  EVP_camellia_256_ctr                                           3167
  OSSL_LIB_CTX_get_data                                          3208
  signal                                                         3208
  EVP_camellia_256_cfb1                                          3209
  def_init_default                                               3209
  getrlimit                                                      3209
  ossl_store_cleanup_int                                         3209
  EVP_camellia_256_cbc                                           3250
  ossl_comp_zstd_cleanup                                         3250
  EVP_camellia_128_cfb1                                          3292
  EVP_camellia_128_ofb                                           3292
  EVP_camellia_192_cfb8                                          3292
  EVP_camellia_256_cfb8                                          3292
  EVP_camellia_192_cbc                                           3333
  EVP_camellia_256_ecb                                           3334
  opt_set_unknown_name                                           3334
  EVP_camellia_128_cfb8                                          3375
  OSSL_PARAM_modified                                            3375
  EVP_CIPHER_get_flags                                           3416
  UI_method_set_closer                                           3416
  app_RAND_write                                                 3416
  ENGINE_set_flags                                               3417
  EVP_add_alg_module                                             3417
  ossl_prov_ctx_free                                             3417
  EVP_camellia_192_ecb                                           3458
  EVP_chacha20_poly1305                                          3458
  init_thread_stop                                               3458
  bio_sock_cleanup_int                                           3459
  UI_method_set_reader                                           3500
  UI_method_set_writer                                           3500
  EVP_camellia_192_cfb128                                        3541
  store_loader_cmp                                               3583
  EVP_CipherFinal_ex                                             3625
  free_medium                                                    3625
  ossl_comp_brotli_cleanup                                       3625
  EVP_CipherUpdate                                               3666
  ASN1_add_stable_module                                         3708
  COMP_zlib                                                      3708
  EVP_camellia_128_cfb128                                        3708
  EVP_camellia_256_cfb128                                        3709
  OSSL_STORE_register_loader                                     3750
  UI_method_set_opener                                           3750
  ossl_comp_zlib_cleanup                                         3750
  BIO_meth_set_ctrl                                              3791
  ossl_prov_ctx_set0_handle                                      3791
  ERR_get_error_all                                              3792
  ossl_lib_ctx_write_lock                                        3833
  ossl_prov_ctx_new                                              3834
  BIO_meth_set_create                                            3875
  BIO_meth_set_puts                                              3875
  core_get_libctx                                                3875
  engine_load_rdrand_int                                         3875
  ASN1_add_oid_module                                            3917
  BIO_meth_set_gets                                              3917
  ENGINE_set_cmd_defns                                           3917
  __smakebuf                                                     3917
  evp_app_cleanup_int                                            3917
  ossl_prov_ctx_get0_libctx                                      3917
  BIO_meth_set_destroy                                           3958
  ERR_print_errors                                               3958
  EVP_camellia_128_ecb                                           3958
  NCONF_get0_libctx                                              3958
  ossl_prov_ctx_set0_libctx                                      3959
  EVP_CIPHER_fetch                                               4000
  OSSL_LIB_CTX_free                                              4042
  __getrlimit                                                    4083
  dyld4::APIs::_tlv_exit()                                       4083
  ossl_lib_ctx_is_default                                        4083
  ossl_child_prov_ctx_new                                        4084
  CRYPTO_THREAD_get_current_id                                   4125
  opt_check_rest_arg                                             4125
  tiny_free_no_lock                                              4125
  BIO_meth_set_read_ex                                           4167
  CONF_imodule_get_value                                         4208
  close                                                          4208
  ossl_method_unlock_store                                       4208
  ossl_stored_namemap_free                                       4209
  OSSL_CMP_log_close                                             4250
  aes_256_ctr_get_params                                         4250
  aes_v8_set_encrypt_key                                         4250
  EVP_CIPHER_get_iv_length                                       4292
  EVP_PKEY_asn1_get_count                                        4292
  aes_192_cfb_get_params                                         4292
  aes_192_ctr_get_params                                         4292
  null_gettable_ctx_params                                       4292
  ossl_config_add_ssl_module                                     4292
  ENGINE_set_ctrl_function                                       4333
  sm4_128_cbc_get_params                                         4333
  ossl_bio_core_globals_free                                     4334
  ENGINE_add_conf_module                                         4375
  aes_192_cbc_get_params                                         4375
  aria_128_ofb_get_params                                        4375
  chacha20_gettable_ctx_params                                   4375
  ossl_cipher_generic_reset_ctx                                  4375
  ossl_method_lock_store                                         4375
  chacha20_get_params                                            4416
  tdes_ede2_cbc_get_params                                       4416
  aes_256_cbc_get_params                                         4417
  aria_256_ofb_get_params                                        4417
  ossl_bio_core_globals_new                                      4417
  sm4_128_ctr_get_params                                         4417
  aes_128_xts_get_params                                         4458
  aes_192_ecb_get_params                                         4458
  aes_192_gcm_get_params                                         4458
  aes_256_ofb_get_params                                         4458
  pthread_cond_destroy                                           4458
  ENGINE_set_init_function                                       4500
  EVP_aes_256_cbc_hmac_sha1                                      4500
  OSSL_ERR_STATE_new                                             4500
  aes_128_ofb_get_params                                         4500
  aria_192_ofb_get_params                                        4500
  ossl_ctx_global_properties_new                                 4500
  tdes_ede3_cbc_get_params                                       4500
  aes_128_ctr_get_params                                         4541
  aes_192_cfb1_get_params                                        4541
  aes_256_siv_get_params                                         4541
  aria_256_cfb_get_params                                        4541
  BIO_meth_set_write_ex                                          4542
  aria_192_ecb_get_params                                        4542
  ENGINE_set_finish_function                                     4583
  OSSL_trace_set_channel                                         4583
  __sigaction                                                    4583
  aes_128_cbc_get_params                                         4583
  aes_128_ecb_get_params                                         4583
  ossl_rand_cleanup_int                                          4583
  OSSL_STORE_unregister_loader                                   4584
  aes_192_ccm_get_params                                         4584
  aria_192_cfb_get_params                                        4584
  ossl_random_add_conf_module                                    4584
  tdes_ede2_ecb_get_params                                       4584
  aes_128_ocb_get_params                                         4625
  aes_128_siv_get_params                                         4625
  ossl_prov_cipher_hw_aes_ctr                                    4625
  aes_192_wrap_get_params                                        4666
  lsl::Lock::unlock()                                            4666
  EVP_sha256                                                     4667
  OSSL_STORE_LOADER_free                                         4667
  OSSL_STORE_LOADER_set_close                                    4667
  OSSL_STORE_LOADER_set_eof                                      4667
  OSSL_STORE_LOADER_set_error                                    4667
  aes_256_cfb1_get_params                                        4667
  aria_128_ccm_get_params                                        4667
  sm4_128_cfb128_get_params                                      4667
  tdes_ede2_ofb_get_params                                       4667
  tdes_wrap_get_params                                           4667
  BIO_free                                                       4668
  aes_128_gcm_get_params                                         4708
  aes_128_wrappad_get_params                                     4708
  aes_192_cfb8_get_params                                        4708
  aria_128_cfb_get_params                                        4708
  aria_192_ccm_get_params                                        4708
  sm4_128_ccm_get_params                                         4708
  aria_192_ctr_get_params                                        4709
  aria_256_ctr_get_params                                        4709
  EVP_aes_128_cbc_hmac_sha1                                      4750
  EVP_aes_256_cbc_hmac_sha256                                    4750
  UI_method_set_prompt_constructor                               4750
  aes_128_cfb1_get_params                                        4750
  aes_128_cfb8_get_params                                        4750
  aes_192_ocb_get_params                                         4750
  aes_192_siv_get_params                                         4750
  aes_256_ccm_get_params                                         4750
  aes_256_cfb8_get_params                                        4750
  aes_256_cfb_get_params                                         4750
  aes_cts_128_cbc_get_params                                     4750
  aria_128_ecb_get_params                                        4750
  aria_192_cfb8_get_params                                       4750
  ossl_prov_ctx_set0_core_bio_method                             4750
  sm4_128_ecb_get_params                                         4750
  sm4_128_gcm_get_params                                         4750
  tdes_ede3_cfb_get_params                                       4750
  aes_192_wrappad_get_params                                     4791
  aria_128_cfb1_get_params                                       4791
  aes_192_wrapinv_get_params                                     4792
  aes_256_gcm_get_params                                         4792
  aria_192_cbc_get_params                                        4792
  aria_192_gcm_get_params                                        4792
  engine_pkey_meths_free                                         4792
  ossl_provider_add_conf_module                                  4792
  aes_128_cfb_get_params                                         4833
  aes_cts_192_cbc_get_params                                     4833
  aria_128_ctr_get_params                                        4833
  aria_192_cfb1_get_params                                       4833
  aria_256_cfb1_get_params                                       4833
  sm4_128_ofb128_get_params                                      4833
  ENGINE_load_builtin_engines                                    4834
  EVP_aes_128_cbc_hmac_sha256                                    4834
  aes_v8_ctr32_encrypt_blocks                                    4834
  aria_128_cfb8_get_params                                       4834
  OPENSSL_cpuid_setup                                            4875
  OSSL_STORE_LOADER_set_load                                     4875
  aes_256_wrap_get_params                                        4875
  aes_256_wrapinv_get_params                                     4875
  aes_256_xts_get_params                                         4875
  aria_128_cbc_get_params                                        4875
  camellia_128_cbc_get_params                                    4875
  OSSL_STORE_LOADER_set_open                                     4916
  aria_256_cbc_get_params                                        4916
  tdes_ede2_cfb_get_params                                       4916
  tdes_ede3_ofb_get_params                                       4916
  aes_256_ocb_get_params                                         4917
  camellia_128_cfb_get_params                                    4917
  camellia_128_ecb_get_params                                    4917
  camellia_192_ofb_get_params                                    4917
  def_is_number                                                  4917
  Diagnostics::clearError()                                      4958
  aes_128_ccm_get_params                                         4958
  aes_cts_256_cbc_get_params                                     4958
  aes_256_ecb_get_params                                         4959
  engine_remove_dynamic_id                                       4959
  sm4_128_xts_get_params                                         4959
  aes_256_wrappad_get_params                                     5000
  aria_128_gcm_get_params                                        5000
  camellia_256_cfb1_get_params                                   5000
  camellia_256_ofb_get_params                                    5000
  ossl_property_match_count                                      5000
  pthread_self                                                   5000
  aria_256_cfb8_get_params                                       5041
  aria_256_ecb_get_params                                        5041
  __fcntl                                                        5042
  aes_128_wrappadinv_get_params                                  5042
  camellia_192_ecb_get_params                                    5042
  camellia_256_cbc_get_params                                    5042
  camellia_256_cfb_get_params                                    5042
  tdes_ede3_cfb8_get_params                                      5042
  OSSL_STORE_LOADER_set_expect                                   5083
  camellia_128_cfb8_get_params                                   5083
  camellia_128_cfb1_get_params                                   5084
  camellia_192_cbc_get_params                                    5166
  camellia_192_cfb1_get_params                                   5166
  camellia_192_cfb_get_params                                    5166
  ossl_self_test_set_callback_free                               5166
  aes_192_ofb_get_params                                         5167
  camellia_128_ctr_get_params                                    5167
  camellia_192_ctr_get_params                                    5167
  ossl_indicator_set_callback_free                               5167
  ossl_store_register_init                                       5167
  ENGINE_get_cipher_engine                                       5208
  EVP_CIPHER_get_key_length                                      5208
  aes_256_wrappadinv_get_params                                  5208
  ossl_free_compression_methods_int                              5208
  ossl_indicator_set_callback_new                                5208
  ossl_init_thread_deregister                                    5208
  ossl_property_has_optional                                     5208
  tiny_malloc_from_free_list                                     5208
  aria_256_gcm_get_params                                        5209
  memset                                                         5209
  aes_128_wrap_get_params                                        5250
  aes_128_wrapinv_get_params                                     5250
  camellia_192_cfb8_get_params                                   5250
  ossl_self_test_set_callback_new                                5250
  OPENSSL_sk_sort                                                5292
  aes_192_wrappadinv_get_params                                  5292
  camellia_128_ofb_get_params                                    5292
  camellia_256_cfb8_get_params                                   5292
  OSSL_PARAM_get_int                                             5333
  camellia_cts_192_cbc_get_params                                5333
  getgid                                                         5333
  camellia_256_ecb_get_params                                    5375
  engine_pkey_asn1_meths_free                                    5375
  ossl_prov_ctx_get0_core_bio_method                             5375
  camellia_cts_256_cbc_get_params                                5416
  ossl_provider_unquery_operation                                5416
  tdes_ede3_ecb_get_params                                       5417
  getegid                                                        5458
  medium_region_for_ptr_no_lock                                  5459
  chacha20_poly1305_gettable_ctx_params                          5500
  tdes_ede3_cfb1_get_params                                      5500
  EVP_CIPHER_CTX_get_block_size                                  5541
  chacha20_poly1305_get_params                                   5583
  ossl_aes_192_gcm_siv_get_params                                5625
  OSSL_LIB_CTX_set_conf_diagnostics                              5708
  ossl_aes_128_gcm_siv_get_params                                5792
  opt_arg                                                        5834
  app_get0_libctx                                                5875
  ossl_aes_256_gcm_siv_get_params                                5875
  ossl_prov_bio_from_dispatch                                    5917
  BIO_set_data                                                   5957
  ossl_prov_seeding_from_dispatch                                5958
  getuid                                                         5959
  camellia_cts_128_cbc_get_params                                6042
  geteuid                                                        6042
  free_small                                                     6125
  medium_malloc_from_free_list                                   6167
  aria_256_ccm_get_params                                        6208
  EVP_CIPHER_get_mode                                            6334
  OSSL_PARAM_get_int32                                           6541
  EVP_RAND_CTX_free                                              6750
  dyld3::kdebug_trace_dyld_enabled(unsigned int)                 6750
  dyld4::RuntimeState::notifyObjCPatching()                      6750
  dyld4::Loader::hiddenFromFlat(bool) const                      6833
  camellia_256_ctr_get_params                                    6917
  dyld4::BumpAllocator::~BumpAllocator()                         7084
  _kernelrpc_mach_port_deallocate_trap                           7167
  bio_open_default                                               7168
  BIO_next                                                       7249
  OPENSSL_sk_pop                                                 7333
  EVP_CipherInit_ex                                              7334
  store_loader_hash                                              7334
  ENGINE_register_EC                                             7542
  _platform_strnlen                                              7542
  ENGINE_register_DH                                             7667
  _kernelrpc_mach_port_construct_trap                            7750
  dyld4::handleFromLoader(dyld4::Loader const*, bool)             7750
  err_unshelve_state                                             7834
  dyld4::JustInTimeLoader::hiddenFromFlat(bool) const             7875
  file_ctrl                                                      7917
  openssl_fopen                                                  7958
  BIO_copy_next_retry                                            8042
  ENGINE_register_RAND                                           8125
  ENGINE_register_DSA                                            8167
  ENGINE_register_RSA                                            8250
  X509_get_default_cert_area                                     8334
  flsl                                                           8334
  lsl::EphemeralAllocator::reset()                               8417
  lsl::Lock::lock()                                              8541
  __sclose                                                       8626
  dyld4::RuntimeState::incDlRefCount(dyld4::Loader const*)             8791
  ossl_lib_ctx_get_concrete                                      8834
  strlen                                                         8917
  BIO_set_init                                                   8959
  ossl_sa_new                                                    9000
  ENGINE_register_digests                                        9041
  __sflags                                                       9042
  dyld4::Loader::beginInitializers(dyld4::RuntimeState&)             9125
  lsl::Vector<dyld4::Loader const*>::reserveExact(unsigned long)             9125
  ENGINE_register_ciphers                                        9208
  ossl_property_free                                             9375
  ossl_cipher_generic_einit                                      9541
  ENGINE_register_pkey_meths                                     9542
  DSO_METHOD_openssl                                             9626
  ossl_cipher_generic_set_ctx_params                             9958
  tiny_try_realloc_in_place                                     10125
  dyld4::JustInTimeLoader::beginInitializers(dyld4::RuntimeState&)            10291
  OSSL_LIB_CTX_get_conf_diagnostics                             10375
  CRYPTO_atomic_or                                              10583
  lsl::Vector<lsl::MemoryManager::Buffer>::reserve(unsigned long)            10584
  ossl_lib_ctx_get_ex_data_global                               10708
  ENGINE_register_pkey_asn1_meths                               10999
  engine_free_util                                              11210
  ossl_lib_ctx_get_rcukey                                       11291
  NCONF_get_section                                             11332
  ossl_sa_doall_arg                                             11334
  OPENSSL_cleanse                                               11667
  BIO_set_flags                                                 11832
  aes_siv_gettable_ctx_params                                   11916
  rack_region_insert                                            12082
  dyld4::RuntimeState::doSingletonPatching(dyld4::DyldCacheDataConstLazyScopedWriter&)            12292
  ossl_property_value                                           12458
  ossl_cipher_capable_aes_cbc_hmac_sha256                       12708
  fstat                                                         12752
  EVP_add_cipher                                                12791
  ossl_cipher_capable_aes_cbc_hmac_sha1                         12833
  __bzero                                                       13042
  cipher_ocb_gettable_ctx_params                                13375
  aes_cbc_cts_gettable_ctx_params                               13416
  deflt_query                                                   13833
  dyld4::Loader::loadDependents(Diagnostics&, dyld4::RuntimeState&, dyld4::Loader::LoadOptions const&)            13875
  dyld4::DyldCacheDataConstLazyScopedWriter::DyldCacheDataConstLazyScopedWriter(dyld4::RuntimeState&)            13917
  BIO_clear_flags                                               14167
  _kernelrpc_mach_vm_deallocate_trap                            14209
  DSO_free                                                      14375
  dyld4::Loader::path() const                                   14708
  BIO_get_data                                                  14750
  CRYPTO_atomic_add                                             14793
  sa_doall                                                      14793
  lsl::EphemeralAllocator::~EphemeralAllocator()                14875
  dyld4::JustInTimeLoader::loadDependents(Diagnostics&, dyld4::RuntimeState&, dyld4::Loader::LoadOptions const&)            15166
  _NSGetEnviron                                                 15167
  ossl_aes_gcm_siv_gettable_ctx_params                          15416
  camellia_cbc_cts_gettable_ctx_params                          15417
  __sflush                                                      15583
  dyld3::MachOFile::is64() const                                15874
  os_unfair_recursive_lock_unlock                               16458
  ossl_prov_is_running                                          16667
  file_new                                                      16750
  file_free                                                     16998
  _kernelrpc_mach_port_destruct_trap                            17291
  CRYPTO_THREAD_lock_free                                       17542
  invocation function for block in dyld4::Loader::forEachPath(Diagnostics&, dyld4::RuntimeState&, char const*, dyld4::Loader::Loa            17583
  OPENSSL_LH_get_down_load                                      17958
  pthread_mutex_destroy                                         18168
  dyld4::JustInTimeLoader::path() const                         18251
  BIO_new                                                       18500
  kdebug_is_enabled                                             18626
  FMT_istext                                                    18875
  pthread_cond_init                                             19499
  os_unfair_recursive_lock_lock_with_options                    20082
  dyld4::LibSystemHelpers::pthread_getspecific(unsigned long) const            20333
  property_free                                                 20460
  small_try_realloc_in_place                                    20750
  dyld4::Loader::matchesPath(char const*) const                 20958
  __chkstk_darwin_probe                                         21000
  ___chkstk_darwin                                              21791
  lsl::EphemeralAllocator::deallocate_buffer(lsl::MemoryManager::Buffer)            21916
  os_unfair_lock_assert_not_owner                               21916
  _kernelrpc_mach_vm_map_trap                                   22209
  dyld4::ProcessConfig::DyldCache::indexOfPath(char const*, unsigned int&) const            22583
  small_size                                                    22666
  small_free_list_find_by_ptr                                   24210
  pthread_mutex_init                                            25708
  dyld4::Loader::loadAddress(dyld4::RuntimeState&) const            25917
  dyld3::ScopedTimer::endTimer()                                26749
  __findenv_locked                                              26791
  OPENSSL_strnlen                                               27209
  ossl_property_name                                            27290
  small_free_list_remove_ptr                                    28209
  OPENSSL_sk_delete                                             28291
  __open                                                        28584
  dyld4::JustInTimeLoader::loadAddress(dyld4::RuntimeState&) const            28666
  lsl::MemoryManager::lockGuard()                               28999
  _pthread_mutex_check_init_slow                                32540
  lsl::AllocationMetadata::AllocationMetadata(lsl::Allocator*, unsigned long)            33083
  OPENSSL_LH_set_down_load                                      35041
  small_free_list_remove_ptr_no_clear                           35126
  CRYPTO_new_ex_data                                            35624
  tiny_free_list_remove_ptr                                     37041
  __read_nocancel                                               37165
  szone_good_size                                               38709
  dyld4::LibSystemHelpers::os_unfair_recursive_lock_unlock(os_unfair_recursive_lock_s*) const            39458
  OPENSSL_sk_free                                               39625
  Diagnostics::hasError() const                                 40041
  ossl_rcu_write_lock                                           41541
  EVP_PKEY_asn1_get0                                            42083
  dyld4::LibSystemHelpers::os_unfair_lock_unlock(os_unfair_lock_s*) const            42500
  small_free_list_add_ptr                                       43999
  Diagnostics::noError() const                                  44416
  __write_nocancel                                              44666
  ossl_rcu_write_unlock                                         44750
  ossl_tdes_gettable_ctx_params                                 46039
  pthread_setspecific                                           46374
  dyld3::MachOFile::read_uleb128(Diagnostics&, unsigned char const*&, unsigned char const*)            49666
  dyld4::RuntimeState::PermanentRanges::contains(unsigned long, unsigned long, unsigned char*, dyld4::Loader const**) const            50334
  small_malloc_from_free_list                                   51251
  dyld4::LibSystemHelpers::os_unfair_recursive_lock_lock_with_options(os_unfair_recursive_lock_s*, os_unfair_lock_options_t) cons            51500
  _tiny_check_and_zero_inline_meta_from_freelist                51501
  madvise                                                       51751
  szone_malloc                                                  54375
  pthread_cond_broadcast                                        55124
  EVP_PKEY_asn1_get0_info                                       56251
  tiny_size                                                     59168
  get_tiny_previous_free_msize                                  60458
  dyld4::LibSystemHelpers::os_unfair_lock_lock_with_options(os_unfair_lock_s*, os_unfair_lock_options_t) const            60750
  realloc                                                       61164
  lsl::EphemeralAllocator::allocate_buffer(unsigned long, unsigned long, unsigned long)            62707
  set_tiny_meta_header_in_use                                   64669
  mach_msg2_trap                                                66959
  _qsort                                                        67794
  tiny_free_list_add_ptr                                        67957
  strcmp                                                        69834
  OPENSSL_sk_pop_free                                           70209
  ossl_cipher_aead_gettable_ctx_params                          70417
  _szone_free                                                   71540
  __close_nocancel                                              72250
  os_unfair_lock_assert_owner                                   73833
  szone_try_free_default                                        76875
  dyld3::kdebug_trace_dyld_duration_end(unsigned long long, unsigned int, dyld3::kt_arg, dyld3::kt_arg, dyld3::kt_arg)            80873
  invocation function for block in dyld3::MachOFile::getDylibInstallName(char const**, unsigned int*, unsigned int*) const            81001
  rack_get_thread_index                                         85376
  dyld3::OverflowSafeArray<unsigned int, 4294967295ul>::verifySpace(unsigned long)            90208
  EVP_CIPHER_get_type                                           90628
  property_hash                                                 95747
  dyld4::Loader::contains(dyld4::RuntimeState&, void const*, void const**, unsigned long long*, unsigned char*) const            96625
  pthread_cond_signal                                          101333
  __open_nocancel                                              105208
  Diagnostics::assertNoError() const                           106709
  nanov2_size                                                  111377
  pthread_rwlock_init                                          116545
  pthread_rwlock_destroy                                       120999
  os_unfair_lock_unlock                                        128332
  Diagnostics::~Diagnostics()                                  138002
  Diagnostics::Diagnostics(bool)                               144794
  get_legacy_evp_names                                         160001
  ossl_ctype_check                                             168791
  os_unfair_lock_lock_with_options                             176665
  EVP_MD_get_type                                              195709
  invocation function for block in dyld3::MachOFile::getEntry(unsigned long long&, bool&) const           196042
  nanov2_pointer_size                                          198462
  free                                                         201087
  _Block_object_dispose                                        209621
  nanov2_allocate_from_block                                   224791
  OPENSSL_hexchar2int                                          233457
  ossl_sa_set                                                  247544
  strncmp                                                      268502
  trim_ws                                                      276082
  invocation function for block in dyld4::JustInTimeLoader::contains(dyld4::RuntimeState&, void const*, void const**, unsigned lo           291041
  BUF_MEM_new                                                  298294
  names_free                                                   312928
  OBJ_get0_data                                                327129
  OPENSSL_LH_doall                                             328953
  OPENSSL_LH_flush                                             331250
  OSSL_PARAM_set_uint                                          339043
  ossl_provider_ctx                                            341589
  EVP_CIPHER_get_nid                                           363665
  conf_value_cmp                                               375919
  ossl_lib_ctx_unlock                                          377042
  invocation function for block in dyld3::MachOLoaded::findClosestSymbol(unsigned long long, char const**, unsigned long long*) c           393168
  OSSL_PARAM_locate_const                                      396795
  ossl_lib_ctx_read_lock                                       423045
  OPENSSL_LH_set_thunks                                        429381
  property_defn_cmp                                            439342
  ossl_cipher_generic_gettable_ctx_params                      445587
  evp_cipher_up_ref                                            455710
  property_defn_hash                                           465748
  value_free_hash                                              466633
  ossl_provider_free                                           470712
  function_hash                                                479457
  CRYPTO_realloc                                               485620
  ossl_provider_up_ref                                         491789
  BN_free                                                      499167
  OSSL_PARAM_set_uint32                                        502163
  eat_alpha_numeric                                            506633
  ASN1_OBJECT_free                                             508045
  ossl_sa_get                                                  510664
  sa_free_node                                                 544782
  OSSL_PARAM_construct_end                                     550621
  EVP_CIPHER_get0_provider                                     565627
  OSSL_PARAM_construct_uint                                    566126
  evp_cipher_free                                              577888
  do_all_fn                                                    590705
  EVP_CIPHER_free                                              623916
  ossl_provider_libctx                                         800044
  invocation function for block in dyld3::MachOLoaded::getLinkEditLoadCommands(Diagnostics&, dyld3::MachOLoaded::LinkEditInfo&) c           816249
  internal_free_nop                                            855215
  _platform_strncmp                                            856994
  name_string_free                                             886745
  OPENSSL_LH_error                                             919209
  invocation function for block in dyld3::MachOFile::forEachSegment(void (dyld3::MachOFile::SegmentInfo const&, bool&) block_poin          1090211
  OSSL_PARAM_set_size_t                                       1113703
  BUF_MEM_grow                                                1115785
  pthread_getspecific                                         1150959
  sk_reserve                                                  1160709
  _os_once                                                    1202492
  CRYPTO_THREAD_get_local                                     1283543
  _platform_memchr                                            1330915
  ossl_rcu_assign_uptr                                        1409793
  names_lh_free_doall                                         1511595
  OSSL_PARAM_set_uint64                                       1514246
  ossl_lib_ctx_get_data                                       1602827
  OSSL_PARAM_set_int                                          1606828
  _platform_strchr                                            1721116
  pthread_mutex_lock                                          1784704
  OSSL_PARAM_construct_size_t                                 1805289
  pthread_mutex_unlock                                        1817388
  _nanov2_free                                                1878040
  OPENSSL_sk_push                                             1964144
  _pthread_mutex_lock_init_slow                               1968556
  OPENSSL_sk_num                                              1997133
  _pthread_mutex_unlock_init_slow                             2071836
  _pthread_mutex_firstfit_lock_slow                           2189176
  _pthread_mutex_firstfit_unlock_slow                         2279412
  OPENSSL_sk_value                                            2317593
  OSSL_PARAM_set_int32                                        2431952
  obj_name_cmp                                                2500515
  OPENSSL_LH_strhash                                          2698070
  OSSL_PARAM_construct_int                                    2741539
  _platform_memcmp                                            2781910
  pthread_once                                                3036817
  OBJ_nid2obj                                                 3173258
  CRYPTO_atomic_load                                          3285256
  pthread_rwlock_rdlock                                       3327003
  SortFnByName                                                3423791
  ossl_lh_strcasehash                                         3655466
  __error                                                     3725743
  cipher_compare                                              3961218
  ossl_isdigit                                                4014781
  fnv1a_hash                                                  4444301
  _platform_memmove                                           6479335
  pthread_rwlock_wrlock                                       6662930
  pthread_rwlock_unlock                                       9966206
  err_string_data_cmp                                        10900586
  CRYPTO_free                                                12216237
  malloc                                                     13467663
  doapr_outch                                                15226073
  err_string_data_hash                                       16687307
  nanov2_malloc                                              18472771
  _platform_strlen                                           23213494
  _platform_memset                                           25379417
  nanov2_try_free_default                                    25716984
  _platform_strcmp                                           27943731
  ossl_tolower                                               59884730
