
  EVP_md5                                                        1792
  EVP_mdc2                                                       1875
  pd_free                                                        1916
  EVP_bf_cbc                                                     1959
  EVP_rc4_40                                                     2000
  UI_OpenSSL                                                     2000
  EVP_des_ofb                                                    2042
  EVP_sha1                                                       2083
  EVP_bf_ofb                                                     2084
  EVP_des_ecb                                                    2084
  EVP_rc2_ofb                                                    2125
  EVP_sha512                                                     2125
  EVP_sm4_ofb                                                    2125
  sigaction                                                      2125
  EVP_idea_ofb                                                   2166
  EVP_rc4                                                        2166
  EVP_sha224                                                     2166
  EVP_sm4_cbc                                                    2166
  EVP_sha384                                                     2167
  EVP_md4                                                        2208
  EVP_des_cbc                                                    2209
  UI_null                                                        2209
  strchr                                                         2209
  EVP_bf_cfb64                                                   2250
  EVP_des_ede                                                    2250
  EVP_idea_cbc                                                   2250
  EVP_sha3_224                                                   2250
  EVP_sm3                                                        2250
  EVP_sm4_ctr                                                    2250
  opt_unknown                                                    2250
  _cleanup                                                       2291
  EVP_des_cfb8                                                   2292
  EVP_ripemd160                                                  2292
  EVP_sha3_512                                                   2292
  EVP_cast5_ofb                                                  2333
  EVP_rc2_cbc                                                    2333
  EVP_des_ede3                                                   2375
  EVP_seed_cbc                                                   2375
  EVP_shake128                                                   2375
  EVP_shake256                                                   2375
  EVP_seed_ecb                                                   2416
  EVP_blake2s256                                                 2417
  EVP_md5_sha1                                                   2417
  EVP_seed_ofb                                                   2417
  EVP_sha3_384                                                   2417
  EVP_sha512_256                                                 2417
  EVP_idea_ecb                                                   2458
  EVP_sm4_ecb                                                    2458
  EVP_aes_128_cbc                                                2500
  EVP_aes_192_cbc                                                2500
  EVP_aes_192_ocb                                                2500
  EVP_cast5_cbc                                                  2500
  EVP_chacha20                                                   2500
  EVP_des_ede_cbc                                                2500
  EVP_rc2_cfb64                                                  2500
  app_get0_propq                                                 2500
  EVP_aes_256_ccm                                                2541
  EVP_des_ede_ofb                                                2541
  COMP_get_type                                                  2542
  EVP_aes_256_ocb                                                2542
  EVP_rc2_ecb                                                    2542
  EVP_sha512_224                                                 2542
  strrchr                                                        2542
  EVP_aes_192_ofb                                                2583
  EVP_aes_256_cbc                                                2583
  EVP_aes_256_ctr                                                2583
  EVP_desx_cbc                                                   2583
  EVP_rc2_64_cbc                                                 2583
  EVP_aes_128_ctr                                                2584
  EVP_aes_192_ccm                                                2584
  EVP_MD_free                                                    2625
  EVP_aes_192_cfb8                                               2625
  EVP_aes_256_cfb8                                               2625
  EVP_bf_ecb                                                     2625
  EVP_des_cfb1                                                   2625
  EVP_sha3_256                                                   2625
  release_engine                                                 2625
  vm_deallocate                                                  2625
  EVP_aes_192_ctr                                                2666
  EVP_aes_256_gcm                                                2666
  EVP_aria_192_cbc                                               2666
  EVP_aria_192_gcm                                               2666
  EVP_aria_256_gcm                                               2666
  EVP_aria_256_ofb                                               2666
  EVP_seed_cfb128                                                2666
  opt_next                                                       2666
  EVP_aes_128_ofb                                                2667
  EVP_aes_256_cfb1                                               2667
  EVP_aes_256_ofb                                                2667
  EVP_aes_256_xts                                                2667
  EVP_aria_192_ecb                                               2667
  EVP_aria_256_cbc                                               2667
  EVP_aria_256_ctr                                               2667
  EVP_whirlpool                                                  2667
  EVP_aes_128_xts                                                2708
  EVP_aes_192_ecb                                                2708
  EVP_aria_192_ofb                                               2708
  EVP_aria_256_ecb                                               2708
  EVP_blake2b512                                                 2708
  ENGINE_set_id                                                  2709
  EVP_cast5_ecb                                                  2709
  EVP_aes_128_cfb8                                               2750
  EVP_aes_192_gcm                                                2750
  EVP_aria_192_ctr                                               2750
  EVP_aria_256_cfb1                                              2750
  EVP_rc2_40_cbc                                                 2750
  EVP_sm4_cfb128                                                 2750
  NCONF_default                                                  2750
  ossl_trace_cleanup                                             2750
  ENGINE_set_name                                                2791
  EVP_aes_128_cfb1                                               2791
  EVP_aria_128_ecb                                               2791
  EVP_aria_256_ccm                                               2791
  EVP_cast5_cfb64                                                2791
  def_to_int                                                     2791
  BIO_f_cipher                                                   2792
  EVP_aes_192_cfb1                                               2792
  EVP_aes_256_ecb                                                2792
  EVP_aes_256_wrap                                               2792
  EVP_aria_128_cbc                                               2792
  EVP_aria_192_cfb1                                              2792
  EVP_des_ede3_cbc                                               2792
  query_hash                                                     2792
  EVP_aes_192_wrap                                               2833
  EVP_des_ede3_cfb1                                              2833
  EVP_idea_cfb64                                                 2833
  lh_FUNCTION_free                                               2834
  EVP_aes_128_gcm                                                2875
  EVP_aria_128_cfb8                                              2875
  EVP_aria_128_ofb                                               2875
  EVP_aria_192_ccm                                               2875
  EVP_aria_192_cfb8                                              2875
  EVP_des_ede3_ofb                                               2875
  OBJ_obj2txt                                                    2875
  EVP_aes_128_ccm                                                2917
  EVP_aes_192_cfb128                                             2917
  EVP_des_ede3_wrap                                              2917
  EVP_aria_128_ccm                                               2958
  getrlimit                                                      2958
  EVP_rc4_hmac_md5                                               2959
  EVP_aes_128_ocb                                                3000
  EVP_aria_256_cfb128                                            3000
  EVP_des_cfb64                                                  3041
  EVP_aes_128_ecb                                                3042
  EVP_aria_256_cfb8                                              3042
  EVP_camellia_192_ofb                                           3042
  EVP_des_ede3_cfb8                                              3042
  EVP_aes_128_cfb128                                             3083
  EVP_aes_128_wrap                                               3083
  property_cmp                                                   3083
  EVP_aria_192_cfb128                                            3084
  EVP_aes_128_wrap_pad                                           3125
  EVP_aria_128_cfb1                                              3125
  function_cmp                                                   3125
  EVP_aes_192_wrap_pad                                           3167
  EVP_des_ede_cfb64                                              3167
  __cxa_finalize                                                 3167
  def_init_default                                               3167
  EVP_aria_128_ctr                                               3208
  EVP_camellia_192_cbc                                           3208
  EVP_camellia_128_ctr                                           3209
  EVP_camellia_192_ctr                                           3209
  UI_method_set_closer                                           3209
  UI_method_set_writer                                           3209
  EVP_aria_128_cfb128                                            3250
  EVP_camellia_128_cbc                                           3250
  EVP_camellia_192_cfb8                                          3250
  EVP_camellia_256_cfb8                                          3250
  EVP_camellia_256_ofb                                           3250
  ossl_comp_zstd_cleanup                                         3250
  ossl_store_cleanup_int                                         3250
  signal                                                         3291
  EVP_aes_256_cfb128                                             3292
  EVP_CIPHER_get_flags                                           3333
  EVP_aes_256_wrap_pad                                           3333
  EVP_camellia_128_ofb                                           3333
  EVP_camellia_256_cfb1                                          3333
  EVP_camellia_256_ctr                                           3333
  pthread_self                                                   3333
  EVP_aria_128_gcm                                               3334
  EVP_camellia_128_cfb8                                          3334
  ossl_prov_ctx_free                                             3334
  EVP_camellia_192_cfb1                                          3375
  EVP_chacha20_poly1305                                          3375
  EVP_des_ede3_cfb64                                             3375
  bio_sock_cleanup_int                                           3375
  EVP_add_alg_module                                             3416
  EVP_camellia_256_ecb                                           3416
  OSSL_LIB_CTX_get_data                                          3416
  EVP_camellia_128_cfb1                                          3417
  __smakebuf                                                     3417
  ENGINE_set_flags                                               3458
  ossl_comp_zlib_cleanup                                         3458
  opt_set_unknown_name                                           3459
  COMP_zlib                                                      3500
  OSSL_PARAM_modified                                            3500
  UI_method_set_reader                                           3500
  EVP_camellia_128_ecb                                           3541
  app_RAND_write                                                 3542
  engine_load_rdrand_int                                         3542
  init_thread_stop                                               3542
  evp_app_cleanup_int                                            3583
  store_loader_cmp                                               3583
  EVP_camellia_256_cfb128                                        3625
  ASN1_add_stable_module                                         3667
  EVP_camellia_256_cbc                                           3667
  OSSL_STORE_register_loader                                     3667
  EVP_CipherUpdate                                               3708
  EVP_camellia_128_cfb128                                        3708
  ossl_comp_brotli_cleanup                                       3708
  BIO_meth_set_ctrl                                              3709
  UI_method_set_opener                                           3709
  ERR_print_errors                                               3750
  NCONF_get0_libctx                                              3750
  ossl_lib_ctx_write_lock                                        3750
  ossl_prov_ctx_set0_handle                                      3791
  EVP_camellia_192_ecb                                           3792
  EVP_CipherFinal_ex                                             3833
  free_medium                                                    3833
  ASN1_add_oid_module                                            3917
  ENGINE_set_cmd_defns                                           3917
  dyld4::APIs::_tlv_exit()                                       3917
  BIO_meth_set_create                                            3958
  BIO_meth_set_destroy                                           3958
  BIO_meth_set_puts                                              3959
  core_get_libctx                                                3959
  BIO_meth_set_gets                                              4000
  EVP_camellia_192_cfb128                                        4000
  close                                                          4000
  ERR_get_error_all                                              4041
  EVP_CIPHER_fetch                                               4042
  OSSL_LIB_CTX_free                                              4042
  ossl_child_prov_ctx_new                                        4084
  ossl_method_unlock_store                                       4084
  ossl_prov_ctx_new                                              4084
  CRYPTO_THREAD_get_current_id                                   4125
  aes_v8_set_encrypt_key                                         4125
  opt_check_rest_arg                                             4125
  ossl_prov_ctx_get0_libctx                                      4125
  ossl_config_add_ssl_module                                     4166
  EVP_PKEY_asn1_get_count                                        4208
  ossl_stored_namemap_free                                       4208
  ossl_bio_core_globals_new                                      4250
  null_gettable_ctx_params                                       4292
  CONF_imodule_get_value                                         4334
  EVP_CIPHER_get_iv_length                                       4334
  ENGINE_set_ctrl_function                                       4375
  OSSL_ERR_STATE_new                                             4375
  OSSL_STORE_unregister_loader                                   4375
  aes_192_ctr_get_params                                         4375
  chacha20_get_params                                            4375
  lsl::Lock::unlock()                                            4375
  ossl_prov_ctx_set0_libctx                                      4375
  tiny_free_no_lock                                              4375
  ENGINE_set_init_function                                       4416
  ENGINE_add_conf_module                                         4417
  aria_256_ctr_get_params                                        4417
  sm4_128_cbc_get_params                                         4417
  aes_192_ecb_get_params                                         4458
  aes_256_siv_get_params                                         4458
  chacha20_gettable_ctx_params                                   4458
  ossl_cipher_generic_reset_ctx                                  4458
  tdes_ede2_ecb_get_params                                       4458
  aes_256_ctr_get_params                                         4459
  BIO_meth_set_read_ex                                           4500
  OSSL_STORE_LOADER_set_eof                                      4500
  aria_128_cfb8_get_params                                       4500
  sm4_128_gcm_get_params                                         4500
  aes_192_siv_get_params                                         4542
  aes_256_cfb1_get_params                                        4542
  EVP_aes_256_cbc_hmac_sha1                                      4583
  aes_192_cfb_get_params                                         4583
  aes_v8_ctr32_encrypt_blocks                                    4583
  tdes_ede2_cbc_get_params                                       4583
  EVP_sha256                                                     4584
  BIO_free                                                       4625
  BIO_meth_set_write_ex                                          4625
  aes_128_cbc_get_params                                         4625
  aes_128_ocb_get_params                                         4625
  aria_128_ofb_get_params                                        4625
  aria_192_cfb8_get_params                                       4625
  aria_256_cfb1_get_params                                       4625
  ossl_bio_core_globals_free                                     4625
  ossl_ctx_global_properties_new                                 4625
  pthread_cond_destroy                                           4625
  sm4_128_ccm_get_params                                         4625
  OSSL_STORE_LOADER_set_error                                    4666
  __sigaction                                                    4666
  aes_128_cfb_get_params                                         4666
  aes_256_cfb8_get_params                                        4666
  aria_128_cfb_get_params                                        4666
  sm4_128_ctr_get_params                                         4666
  tdes_ede3_cbc_get_params                                       4666
  ENGINE_set_finish_function                                     4667
  OSSL_CMP_log_close                                             4667
  aes_128_ecb_get_params                                         4667
  aria_128_ccm_get_params                                        4667
  aria_256_ofb_get_params                                        4667
  engine_pkey_meths_free                                         4667
  ossl_rand_cleanup_int                                          4667
  ossl_random_add_conf_module                                    4667
  OSSL_STORE_LOADER_set_close                                    4708
  aes_128_ctr_get_params                                         4708
  aes_128_siv_get_params                                         4708
  aes_128_xts_get_params                                         4708
  aes_192_cfb1_get_params                                        4708
  aes_192_gcm_get_params                                         4708
  aes_192_ocb_get_params                                         4708
  aria_128_cfb1_get_params                                       4708
  aria_192_ctr_get_params                                        4708
  sm4_128_ofb128_get_params                                      4708
  tdes_wrap_get_params                                           4708
  aes_128_ofb_get_params                                         4709
  aria_192_cfb1_get_params                                       4709
  aria_192_ecb_get_params                                        4709
  ossl_method_lock_store                                         4709
  tiny_try_realloc_in_place                                      4709
  OSSL_trace_set_channel                                         4750
  UI_method_set_prompt_constructor                               4750
  aes_128_cfb1_get_params                                        4750
  aes_256_wrapinv_get_params                                     4750
  aria_128_ecb_get_params                                        4750
  aria_128_gcm_get_params                                        4750
  camellia_256_cfb_get_params                                    4750
  sm4_128_ecb_get_params                                         4750
  tdes_ede2_ofb_get_params                                       4750
  tdes_ede3_cfb_get_params                                       4750
  EVP_aes_256_cbc_hmac_sha256                                    4791
  aes_128_ccm_get_params                                         4791
  aria_256_cfb_get_params                                        4791
  def_is_number                                                  4791
  sm4_128_cfb128_get_params                                      4791
  camellia_192_ofb_get_params                                    4792
  ossl_prov_ctx_set0_core_bio_method                             4792
  OPENSSL_cpuid_setup                                            4833
  aes_192_wrap_get_params                                        4833
  aes_256_cfb_get_params                                         4833
  ossl_provider_add_conf_module                                  4833
  tdes_ede3_cfb8_get_params                                      4833
  ENGINE_load_builtin_engines                                    4834
  aes_256_cbc_get_params                                         4834
  OSSL_STORE_LOADER_set_load                                     4875
  aes_128_cfb8_get_params                                        4875
  aes_128_wrappad_get_params                                     4875
  aes_256_ofb_get_params                                         4875
  aria_192_ofb_get_params                                        4875
  aria_256_cbc_get_params                                        4875
  ossl_store_register_init                                       4875
  tdes_ede3_ofb_get_params                                       4875
  aria_192_cbc_get_params                                        4916
  camellia_128_ofb_get_params                                    4916
  camellia_256_cbc_get_params                                    4916
  EVP_aes_128_cbc_hmac_sha1                                      4917
  camellia_128_cfb_get_params                                    4917
  tdes_ede3_cfb1_get_params                                      4917
  aes_128_gcm_get_params                                         4958
  aes_192_ccm_get_params                                         4958
  aes_192_wrappad_get_params                                     4958
  aes_cts_192_cbc_get_params                                     4958
  sm4_128_xts_get_params                                         4958
  aes_256_ocb_get_params                                         4959
  ossl_prov_cipher_hw_aes_ctr                                    4959
  aes_192_cbc_get_params                                         5000
  aes_192_cfb8_get_params                                        5000
  aes_192_ofb_get_params                                         5000
  aes_256_gcm_get_params                                         5000
  aria_192_gcm_get_params                                        5000
  camellia_192_cbc_get_params                                    5000
  camellia_192_cfb_get_params                                    5000
  engine_remove_dynamic_id                                       5000
  ossl_lib_ctx_is_default                                        5000
  aria_256_ecb_get_params                                        5041
  camellia_128_ecb_get_params                                    5041
  camellia_192_ecb_get_params                                    5041
  EVP_CIPHER_get_key_length                                      5042
  OSSL_STORE_LOADER_free                                         5042
  OSSL_STORE_LOADER_set_open                                     5042
  aes_256_wrap_get_params                                        5042
  aes_256_xts_get_params                                         5042
  aes_cts_256_cbc_get_params                                     5042
  aria_128_ctr_get_params                                        5042
  aria_192_cfb_get_params                                        5042
  Diagnostics::clearError()                                      5083
  __fcntl                                                        5083
  aes_128_wrap_get_params                                        5083
  aes_256_wrappadinv_get_params                                  5083
  aria_256_ccm_get_params                                        5083
  tdes_ede2_cfb_get_params                                       5083
  OSSL_STORE_LOADER_set_expect                                   5084
  aria_256_cfb8_get_params                                       5084
  EVP_aes_128_cbc_hmac_sha256                                    5125
  aes_128_wrapinv_get_params                                     5125
  aria_192_ccm_get_params                                        5125
  camellia_128_cbc_get_params                                    5125
  camellia_192_ctr_get_params                                    5125
  camellia_256_ofb_get_params                                    5125
  ossl_indicator_set_callback_free                               5125
  ossl_init_thread_deregister                                    5166
  aes_192_wrapinv_get_params                                     5167
  camellia_128_cfb1_get_params                                   5167
  camellia_256_ctr_get_params                                    5167
  aes_256_wrappad_get_params                                     5208
  aes_cts_128_cbc_get_params                                     5208
  camellia_128_ctr_get_params                                    5208
  camellia_256_cfb1_get_params                                   5208
  ossl_property_has_optional                                     5208
  aes_256_ccm_get_params                                         5250
  aria_128_cbc_get_params                                        5250
  aria_256_gcm_get_params                                        5250
  camellia_192_cfb8_get_params                                   5250
  camellia_256_cfb8_get_params                                   5250
  ossl_free_compression_methods_int                              5250
  ossl_self_test_set_callback_free                               5250
  ossl_self_test_set_callback_new                                5250
  ENGINE_get_cipher_engine                                       5291
  aes_256_ecb_get_params                                         5292
  camellia_128_cfb8_get_params                                   5292
  camellia_256_ecb_get_params                                    5292
  aes_192_wrappadinv_get_params                                  5333
  medium_region_for_ptr_no_lock                                  5333
  ossl_property_match_count                                      5334
  tdes_ede3_ecb_get_params                                       5334
  camellia_192_cfb1_get_params                                   5375
  camellia_cts_192_cbc_get_params                                5375
  chacha20_poly1305_get_params                                   5417
  memset                                                         5458
  OSSL_PARAM_get_int                                             5459
  aes_128_wrappadinv_get_params                                  5500
  engine_pkey_asn1_meths_free                                    5500
  ossl_indicator_set_callback_new                                5542
  ossl_provider_unquery_operation                                5583
  EVP_CIPHER_CTX_get_block_size                                  5625
  chacha20_poly1305_gettable_ctx_params                          5708
  medium_malloc_from_free_list                                   5792
  ossl_aes_192_gcm_siv_get_params                                5792
  getegid                                                        5833
  OSSL_LIB_CTX_set_conf_diagnostics                              5917
  ossl_aes_256_gcm_siv_get_params                                5917
  BIO_set_data                                                   5958
  ossl_aes_128_gcm_siv_get_params                                6000
  camellia_cts_128_cbc_get_params                                6042
  OPENSSL_sk_sort                                                6083
  ossl_prov_ctx_get0_core_bio_method                             6083
  app_get0_libctx                                                6125
  camellia_cts_256_cbc_get_params                                6125
  getgid                                                         6125
  lsl::Lock::lock()                                              6250
  ossl_prov_seeding_from_dispatch                                6291
  EVP_CIPHER_get_mode                                            6292
  opt_arg                                                        6292
  getuid                                                         6500
  ossl_prov_bio_from_dispatch                                    6542
  EVP_RAND_CTX_free                                              6584
  geteuid                                                        6666
  OSSL_PARAM_get_int32                                           6708
  dyld4::RuntimeState::notifyObjCPatching()                      6708
  BIO_next                                                       6751
  dyld4::Loader::hiddenFromFlat(bool) const                      6791
  dyld3::kdebug_trace_dyld_enabled(unsigned int)                 6833
  __getrlimit                                                    6875
  dyld4::handleFromLoader(dyld4::Loader const*, bool)             7084
  bio_open_default                                               7124
  EVP_CipherInit_ex                                              7333
  _platform_strnlen                                              7375
  store_loader_hash                                              7458
  dyld4::BumpAllocator::~BumpAllocator()                         7459
  _kernelrpc_mach_port_deallocate_trap                           7542
  OPENSSL_sk_pop                                                 7749
  err_unshelve_state                                             7791
  _kernelrpc_mach_port_construct_trap                            7833
  BIO_copy_next_retry                                            7916
  dyld4::JustInTimeLoader::hiddenFromFlat(bool) const             7917
  __sclose                                                       7958
  file_ctrl                                                      8000
  lsl::EphemeralAllocator::reset()                               8041
  ENGINE_register_DH                                             8166
  ossl_lib_ctx_get_concrete                                      8167
  ENGINE_register_DSA                                            8208
  dyld4::Loader::beginInitializers(dyld4::RuntimeState&)             8208
  flsl                                                           8209
  ENGINE_register_RSA                                            8291
  openssl_fopen                                                  8292
  ENGINE_register_RAND                                           8417
  strlen                                                         8667
  __sflags                                                       8790
  X509_get_default_cert_area                                     8875
  dyld4::RuntimeState::incDlRefCount(dyld4::Loader const*)             8958
  lsl::Vector<dyld4::Loader const*>::reserveExact(unsigned long)             9167
  ossl_cipher_generic_einit                                      9209
  ossl_sa_new                                                    9209
  BIO_set_init                                                   9250
  ENGINE_register_digests                                        9250
  ENGINE_register_ciphers                                        9416
  DSO_METHOD_openssl                                             9542
  free_small                                                     9625
  BIO_set_flags                                                  9792
  ENGINE_register_pkey_meths                                     9875
  dyld4::JustInTimeLoader::beginInitializers(dyld4::RuntimeState&)             9875
  ossl_property_free                                            10000
  OSSL_LIB_CTX_get_conf_diagnostics                             10166
  ossl_cipher_generic_set_ctx_params                            10167
  deflt_query                                                   10250
  ENGINE_register_EC                                            10333
  CRYPTO_atomic_or                                              10582
  ossl_lib_ctx_get_ex_data_global                               10875
  lsl::Vector<lsl::MemoryManager::Buffer>::reserve(unsigned long)            11000
  ossl_lib_ctx_get_rcukey                                       11124
  engine_free_util                                              11208
  ENGINE_register_pkey_asn1_meths                               11250
  NCONF_get_section                                             11584
  ossl_sa_doall_arg                                             11792
  OPENSSL_cleanse                                               11832
  dyld4::RuntimeState::doSingletonPatching(dyld4::DyldCacheDataConstLazyScopedWriter&)            11958
  aes_siv_gettable_ctx_params                                   12084
  ossl_property_value                                           12791
  EVP_add_cipher                                                12834
  ossl_cipher_capable_aes_cbc_hmac_sha256                       13167
  ossl_cipher_capable_aes_cbc_hmac_sha1                         13416
  fstat                                                         13501
  dyld4::Loader::loadDependents(Diagnostics&, dyld4::RuntimeState&, dyld4::Loader::LoadOptions const&)            13750
  aes_cbc_cts_gettable_ctx_params                               13958
  _kernelrpc_mach_vm_deallocate_trap                            14042
  BIO_clear_flags                                               14125
  cipher_ocb_gettable_ctx_params                                14249
  lsl::EphemeralAllocator::~EphemeralAllocator()                14292
  dyld4::Loader::path() const                                   14417
  sa_doall                                                      14751
  BIO_get_data                                                  14917
  small_free_list_find_by_ptr                                   15167
  dyld4::JustInTimeLoader::loadDependents(Diagnostics&, dyld4::RuntimeState&, dyld4::Loader::LoadOptions const&)            15208
  dyld4::DyldCacheDataConstLazyScopedWriter::DyldCacheDataConstLazyScopedWriter(dyld4::RuntimeState&)            15375
  _NSGetEnviron                                                 15376
  DSO_free                                                      15415
  camellia_cbc_cts_gettable_ctx_params                          15542
  CRYPTO_atomic_add                                             15625
  dyld3::MachOFile::is64() const                                15708
  ossl_aes_gcm_siv_gettable_ctx_params                          15750
  tiny_malloc_from_free_list                                    15875
  os_unfair_recursive_lock_unlock                               16166
  ossl_prov_is_running                                          16584
  file_free                                                     16668
  __sflush                                                      16833
  file_new                                                      16833
  _kernelrpc_mach_port_destruct_trap                            17292
  CRYPTO_THREAD_lock_free                                       17417
  invocation function for block in dyld4::Loader::forEachPath(Diagnostics&, dyld4::RuntimeState&, char const*, dyld4::Loader::Loa            17625
  dyld4::JustInTimeLoader::path() const                         18041
  pthread_mutex_destroy                                         18167
  FMT_istext                                                    18209
  OPENSSL_LH_get_down_load                                      18334
  BIO_new                                                       18376
  pthread_cond_init                                             18916
  kdebug_is_enabled                                             19084
  small_free_list_remove_ptr                                    19998
  small_try_realloc_in_place                                    20125
  dyld4::LibSystemHelpers::pthread_getspecific(unsigned long) const            20167
  property_free                                                 20667
  os_unfair_recursive_lock_lock_with_options                    20750
  __chkstk_darwin_probe                                         20791
  dyld4::Loader::matchesPath(char const*) const                 20917
  lsl::EphemeralAllocator::deallocate_buffer(lsl::MemoryManager::Buffer)            21041
  os_unfair_lock_assert_not_owner                               21541
  ___chkstk_darwin                                              21667
  small_size                                                    22585
  dyld4::ProcessConfig::DyldCache::indexOfPath(char const*, unsigned int&) const            22625
  __bzero                                                       22833
  small_free_list_remove_ptr_no_clear                           24043
  pthread_mutex_init                                            24708
  dyld4::Loader::loadAddress(dyld4::RuntimeState&) const            25416
  dyld3::ScopedTimer::endTimer()                                26040
  __findenv_locked                                              26875
  OPENSSL_strnlen                                               27207
  lsl::MemoryManager::lockGuard()                               27250
  tiny_free_list_remove_ptr                                     27916
  dyld4::JustInTimeLoader::loadAddress(dyld4::RuntimeState&) const            28458
  rack_region_insert                                            29042
  OPENSSL_sk_delete                                             29418
  ossl_property_name                                            29457
  lsl::AllocationMetadata::AllocationMetadata(lsl::Allocator*, unsigned long)            32916
  __open                                                        33416
  _pthread_mutex_check_init_slow                                33544
  mach_msg2_trap                                                33709
  CRYPTO_new_ex_data                                            34707
  __read_nocancel                                               36041
  OPENSSL_LH_set_down_load                                      37750
  dyld4::LibSystemHelpers::os_unfair_recursive_lock_unlock(os_unfair_recursive_lock_s*) const            37750
  _tiny_check_and_zero_inline_meta_from_freelist                38123
  madvise                                                       38748
  Diagnostics::hasError() const                                 39751
  szone_good_size                                               39835
  OPENSSL_sk_free                                               40124
  small_free_list_add_ptr                                       40667
  dyld4::LibSystemHelpers::os_unfair_lock_unlock(os_unfair_lock_s*) const            40750
  get_tiny_previous_free_msize                                  41915
  ossl_rcu_write_lock                                           42251
  EVP_PKEY_asn1_get0                                            43627
  Diagnostics::noError() const                                  44500
  ossl_rcu_write_unlock                                         46083
  pthread_setspecific                                           46210
  ossl_tdes_gettable_ctx_params                                 46374
  dyld3::MachOFile::read_uleb128(Diagnostics&, unsigned char const*&, unsigned char const*)            49376
  dyld4::RuntimeState::PermanentRanges::contains(unsigned long, unsigned long, unsigned char*, dyld4::Loader const**) const            50584
  small_malloc_from_free_list                                   50666
  dyld4::LibSystemHelpers::os_unfair_recursive_lock_lock_with_options(os_unfair_recursive_lock_s*, os_unfair_lock_options_t) cons            51834
  __write_nocancel                                              51958
  os_unfair_lock_assert_owner                                   54459
  EVP_PKEY_asn1_get0_info                                       55334
  pthread_cond_broadcast                                        55501
  _kernelrpc_mach_vm_map_trap                                   56750
  szone_malloc                                                  56958
  tiny_free_list_add_ptr                                        57167
  dyld4::LibSystemHelpers::os_unfair_lock_lock_with_options(os_unfair_lock_s*, os_unfair_lock_options_t) const            59000
  tiny_size                                                     59129
  realloc                                                       62245
  lsl::EphemeralAllocator::allocate_buffer(unsigned long, unsigned long, unsigned long)            62458
  set_tiny_meta_header_in_use                                   63584
  _qsort                                                        66794
  strcmp                                                        69833
  OPENSSL_sk_pop_free                                           70917
  _szone_free                                                   72085
  ossl_cipher_aead_gettable_ctx_params                          72457
  szone_try_free_default                                        77378
  dyld3::kdebug_trace_dyld_duration_end(unsigned long long, unsigned int, dyld3::kt_arg, dyld3::kt_arg, dyld3::kt_arg)            80000
  invocation function for block in dyld3::MachOFile::getDylibInstallName(char const**, unsigned int*, unsigned int*) const            80917
  __close_nocancel                                              81334
  rack_get_thread_index                                         83373
  property_hash                                                 86414
  dyld3::OverflowSafeArray<unsigned int, 4294967295ul>::verifySpace(unsigned long)            90083
  EVP_CIPHER_get_type                                           90708
  dyld4::Loader::contains(dyld4::RuntimeState&, void const*, void const**, unsigned long long*, unsigned char*) const            93959
  pthread_cond_signal                                          104251
  Diagnostics::assertNoError() const                           106540
  nanov2_size                                                  114168
  pthread_rwlock_init                                          118290
  pthread_rwlock_destroy                                       122211
  os_unfair_lock_unlock                                        128251
  Diagnostics::~Diagnostics()                                  137376
  Diagnostics::Diagnostics(bool)                               144584
  __open_nocancel                                              151540
  get_legacy_evp_names                                         159497
  ossl_ctype_check                                             168791
  os_unfair_lock_lock_with_options                             171956
  nanov2_pointer_size                                          194087
  invocation function for block in dyld3::MachOFile::getEntry(unsigned long long&, bool&) const           194416
  EVP_MD_get_type                                              194747
  free                                                         206252
  _Block_object_dispose                                        207750
  OPENSSL_hexchar2int                                          240545
  ossl_sa_set                                                  248084
  nanov2_allocate_from_block                                   252040
  strncmp                                                      267002
  trim_ws                                                      275708
  invocation function for block in dyld4::JustInTimeLoader::contains(dyld4::RuntimeState&, void const*, void const**, unsigned lo           299833
  BUF_MEM_new                                                  302456
  names_free                                                   314785
  OBJ_get0_data                                                331788
  OPENSSL_LH_flush                                             333629
  OPENSSL_LH_doall                                             334881
  ossl_provider_ctx                                            347502
  OSSL_PARAM_set_uint                                          347704
  EVP_CIPHER_get_nid                                           371996
  conf_value_cmp                                               375083
  ossl_lib_ctx_unlock                                          385285
  invocation function for block in dyld3::MachOLoaded::findClosestSymbol(unsigned long long, char const**, unsigned long long*) c           391333
  OSSL_PARAM_locate_const                                      406210
  ossl_lib_ctx_read_lock                                       431546
  OPENSSL_LH_set_thunks                                        433992
  property_defn_cmp                                            453377
  ossl_cipher_generic_gettable_ctx_params                      454170
  evp_cipher_up_ref                                            466960
  property_defn_hash                                           473327
  value_free_hash                                              474751
  BN_free                                                      479290
  ossl_provider_free                                           480456
  CRYPTO_realloc                                               486538
  function_hash                                                497667
  ossl_provider_up_ref                                         502335
  ASN1_OBJECT_free                                             508421
  OSSL_PARAM_set_uint32                                        510466
  eat_alpha_numeric                                            510500
  ossl_sa_get                                                  520706
  sa_free_node                                                 545202
  OSSL_PARAM_construct_end                                     559670
  EVP_CIPHER_get0_provider                                     573085
  OSSL_PARAM_construct_uint                                    580782
  evp_cipher_free                                              583004
  do_all_fn                                                    584829
  EVP_CIPHER_free                                              637409
  ossl_provider_libctx                                         812913
  invocation function for block in dyld3::MachOLoaded::getLinkEditLoadCommands(Diagnostics&, dyld3::MachOLoaded::LinkEditInfo&) c           829080
  internal_free_nop                                            852080
  _platform_strncmp                                            865961
  name_string_free                                             893875
  OPENSSL_LH_error                                             923798
  invocation function for block in dyld3::MachOFile::forEachSegment(void (dyld3::MachOFile::SegmentInfo const&, bool&) block_poin          1105332
  BUF_MEM_grow                                                1126871
  OSSL_PARAM_set_size_t                                       1140841
  sk_reserve                                                  1167845
  pthread_getspecific                                         1175368
  _os_once                                                    1216914
  CRYPTO_THREAD_get_local                                     1301164
  _platform_memchr                                            1354805
  ossl_rcu_assign_uptr                                        1429748
  names_lh_free_doall                                         1520593
  OSSL_PARAM_set_uint64                                       1537585
  ossl_lib_ctx_get_data                                       1631219
  OSSL_PARAM_set_int                                          1640292
  pthread_mutex_lock                                          1729617
  _platform_strchr                                            1763973
  pthread_mutex_unlock                                        1828748
  OSSL_PARAM_construct_size_t                                 1838622
  _nanov2_free                                                1899386
  _pthread_mutex_lock_init_slow                               1983456
  OPENSSL_sk_push                                             1985636
  OPENSSL_sk_num                                              2033254
  _pthread_mutex_unlock_init_slow                             2092497
  _pthread_mutex_firstfit_lock_slow                           2207372
  _pthread_mutex_firstfit_unlock_slow                         2297249
  OPENSSL_sk_value                                            2362748
  OSSL_PARAM_set_int32                                        2486747
  obj_name_cmp                                                2506417
  OPENSSL_LH_strhash                                          2722185
  _platform_memcmp                                            2771729
  OSSL_PARAM_construct_int                                    2795125
  pthread_once                                                3058986
  OBJ_nid2obj                                                 3129582
  CRYPTO_atomic_load                                          3323926
  pthread_rwlock_rdlock                                       3365159
  SortFnByName                                                3436193
  ossl_lh_strcasehash                                         3670878
  __error                                                     3756997
  ossl_isdigit                                                4024675
  cipher_compare                                              4137580
  fnv1a_hash                                                  4494601
  _platform_memmove                                           6564345
  pthread_rwlock_wrlock                                       6688231
  pthread_rwlock_unlock                                       9982792
  err_string_data_cmp                                        10816743
  CRYPTO_free                                                12313555
  malloc                                                     13419878
  doapr_outch                                                15201974
  err_string_data_hash                                       16530537
  nanov2_malloc                                              18542648
  _platform_strlen                                           23344067
  _platform_memset                                           25572144
  nanov2_try_free_default                                    26058881
  _platform_strcmp                                           28406183
  ossl_tolower                                               59982161
