
  pd_free                                                        1625
  EVP_md5                                                        1750
  sigaction                                                      1750
  EVP_sha1                                                       1875
  EVP_des_ofb                                                    1917
  EVP_sha224                                                     1917
  EVP_bf_ofb                                                     1958
  EVP_rc2_cbc                                                    1958
  EVP_rc2_ofb                                                    1958
  EVP_rc4_40                                                     1958
  EVP_des_ecb                                                    1959
  EVP_sm4_cbc                                                    2000
  EVP_des_ede                                                    2042
  EVP_idea_ofb                                                   2042
  EVP_sha384                                                     2042
  EVP_des_cbc                                                    2083
  EVP_idea_cbc                                                   2083
  EVP_sha512                                                     2083
  EVP_sm4_ofb                                                    2084
  EVP_bf_cbc                                                     2125
  EVP_des_cfb8                                                   2125
  EVP_mdc2                                                       2125
  EVP_rc4                                                        2125
  EVP_sm4_ctr                                                    2125
  EVP_seed_ofb                                                   2167
  UI_OpenSSL                                                     2167
  EVP_md4                                                        2208
  EVP_seed_cbc                                                   2208
  EVP_sha3_224                                                   2208
  EVP_sm4_ecb                                                    2209
  EVP_rc2_cfb64                                                  2250
  _cleanup                                                       2250
  app_get0_propq                                                 2250
  EVP_sha3_512                                                   2291
  EVP_ripemd160                                                  2292
  EVP_sm3                                                        2292
  UI_null                                                        2292
  EVP_cast5_ofb                                                  2333
  EVP_sha3_384                                                   2333
  EVP_shake256                                                   2333
  opt_unknown                                                    2333
  EVP_bf_cfb64                                                   2334
  EVP_chacha20                                                   2375
  EVP_des_ede3                                                   2375
  EVP_rc2_64_cbc                                                 2375
  EVP_rc2_ecb                                                    2375
  EVP_sha512_256                                                 2375
  strchr                                                         2375
  EVP_aes_192_gcm                                                2416
  EVP_aes_256_ctr                                                2416
  EVP_blake2s256                                                 2416
  EVP_cast5_cbc                                                  2416
  release_engine                                                 2417
  COMP_get_type                                                  2458
  EVP_aes_192_ccm                                                2458
  EVP_aes_256_ofb                                                2458
  EVP_des_ede_cbc                                                2458
  EVP_des_ede_ofb                                                2458
  EVP_aes_128_ctr                                                2459
  EVP_aes_256_gcm                                                2459
  EVP_aes_192_ofb                                                2500
  EVP_des_cfb1                                                   2500
  EVP_idea_ecb                                                   2500
  EVP_rc2_40_cbc                                                 2500
  EVP_sha512_224                                                 2500
  lh_FUNCTION_free                                               2500
  EVP_sm4_cfb128                                                 2541
  EVP_md5_sha1                                                   2542
  EVP_aes_256_ccm                                                2583
  EVP_aes_256_cfb1                                               2583
  EVP_aes_256_cfb8                                               2583
  EVP_aes_256_ocb                                                2583
  EVP_aria_192_ctr                                               2583
  EVP_aria_256_ecb                                               2583
  EVP_cast5_ecb                                                  2583
  EVP_idea_cfb64                                                 2583
  EVP_seed_ecb                                                   2583
  opt_next                                                       2583
  EVP_aes_128_ofb                                                2584
  EVP_aes_192_ocb                                                2584
  EVP_aes_256_cbc                                                2584
  EVP_aes_256_xts                                                2584
  EVP_aria_192_cbc                                               2584
  EVP_aria_192_gcm                                               2584
  EVP_aria_256_ctr                                               2584
  EVP_aria_256_ofb                                               2584
  EVP_aes_128_cbc                                                2625
  EVP_aes_192_cfb1                                               2625
  EVP_aes_192_ctr                                                2625
  EVP_aes_256_wrap                                               2625
  EVP_aria_192_ofb                                               2625
  EVP_aria_256_gcm                                               2625
  EVP_bf_ecb                                                     2625
  ossl_trace_cleanup                                             2625
  EVP_aes_128_cfb1                                               2666
  EVP_aria_192_cfb1                                              2666
  EVP_des_ede3_ofb                                               2666
  EVP_sha3_256                                                   2666
  BIO_f_cipher                                                   2667
  EVP_aes_128_ccm                                                2667
  EVP_aria_128_cbc                                               2667
  EVP_aria_128_ecb                                               2667
  EVP_desx_cbc                                                   2667
  EVP_rc4_hmac_md5                                               2667
  EVP_aes_128_ocb                                                2708
  EVP_aria_128_ofb                                               2708
  EVP_aria_192_cfb8                                              2708
  EVP_aria_256_cfb1                                              2708
  EVP_shake128                                                   2708
  EVP_whirlpool                                                  2708
  EVP_des_ede3_cbc                                               2709
  EVP_aes_128_wrap                                               2750
  EVP_aes_192_cbc                                                2750
  EVP_aes_192_ecb                                                2750
  EVP_aes_192_wrap                                               2750
  EVP_aes_256_ecb                                                2750
  EVP_aria_128_ctr                                               2750
  EVP_aria_192_ecb                                               2750
  EVP_aria_256_ccm                                               2750
  EVP_des_ede3_cfb1                                              2750
  vm_deallocate                                                  2750
  EVP_aes_128_xts                                                2792
  EVP_cast5_cfb64                                                2792
  EVP_des_ede3_wrap                                              2792
  NCONF_default                                                  2792
  ENGINE_set_name                                                2833
  EVP_MD_free                                                    2833
  EVP_aes_192_cfb8                                               2833
  EVP_aria_192_ccm                                               2833
  EVP_des_ede3_cfb8                                              2833
  EVP_seed_cfb128                                                2833
  OBJ_obj2txt                                                    2833
  ENGINE_set_id                                                  2875
  EVP_aes_128_cfb8                                               2875
  EVP_aria_128_gcm                                               2875
  EVP_aria_256_cfb8                                              2875
  EVP_aes_192_cfb128                                             2916
  EVP_aes_256_cfb128                                             2917
  EVP_aria_128_ccm                                               2917
  EVP_aria_192_cfb128                                            2917
  EVP_aria_256_cfb128                                            2917
  strrchr                                                        2917
  EVP_aes_128_cfb128                                             2958
  EVP_aria_128_cfb1                                              2958
  EVP_aria_128_cfb8                                              2958
  query_hash                                                     2958
  EVP_aria_256_cbc                                               3000
  UI_method_set_writer                                           3000
  def_to_int                                                     3000
  function_cmp                                                   3000
  property_cmp                                                   3000
  EVP_aes_128_gcm                                                3041
  EVP_blake2b512                                                 3041
  EVP_camellia_192_ctr                                           3041
  EVP_des_ede3_cfb64                                             3041
  __cxa_finalize                                                 3041
  EVP_camellia_192_ofb                                           3042
  EVP_camellia_256_ofb                                           3042
  signal                                                         3042
  EVP_aes_192_wrap_pad                                           3083
  OSSL_LIB_CTX_get_data                                          3083
  EVP_camellia_192_cbc                                           3084
  EVP_CIPHER_get_flags                                           3125
  EVP_camellia_256_cbc                                           3125
  EVP_des_ede_cfb64                                              3125
  UI_method_set_closer                                           3166
  EVP_aria_128_cfb128                                            3167
  EVP_camellia_256_cfb1                                          3167
  def_init_default                                               3167
  getrlimit                                                      3167
  EVP_aes_256_wrap_pad                                           3208
  EVP_camellia_192_cfb8                                          3250
  EVP_camellia_256_cfb8                                          3250
  __smakebuf                                                     3250
  EVP_camellia_128_cfb8                                          3291
  EVP_camellia_128_ofb                                           3291
  EVP_camellia_192_cfb1                                          3292
  bio_sock_cleanup_int                                           3292
  EVP_aes_128_ecb                                                3333
  EVP_camellia_128_cbc                                           3333
  EVP_des_cfb64                                                  3333
  COMP_zlib                                                      3334
  EVP_camellia_128_cfb1                                          3334
  EVP_camellia_128_ecb                                           3334
  ossl_comp_zstd_cleanup                                         3334
  EVP_aes_128_wrap_pad                                           3375
  EVP_camellia_128_ctr                                           3375
  EVP_camellia_256_ecb                                           3375
  UI_method_set_reader                                           3375
  EVP_chacha20_poly1305                                          3416
  ENGINE_set_flags                                               3417
  EVP_camellia_256_ctr                                           3417
  EVP_add_alg_module                                             3458
  app_RAND_write                                                 3458
  init_thread_stop                                               3458
  ossl_store_cleanup_int                                         3458
  OSSL_PARAM_modified                                            3500
  ossl_comp_brotli_cleanup                                       3500
  ossl_prov_ctx_free                                             3500
  ossl_prov_ctx_new                                              3500
  EVP_camellia_192_cfb128                                        3541
  OSSL_STORE_register_loader                                     3541
  engine_load_rdrand_int                                         3541
  EVP_camellia_192_ecb                                           3542
  EVP_camellia_256_cfb128                                        3542
  store_loader_cmp                                               3542
  ossl_prov_ctx_set0_handle                                      3584
  UI_method_set_opener                                           3625
  ossl_lib_ctx_write_lock                                        3625
  BIO_meth_set_ctrl                                              3667
  evp_app_cleanup_int                                            3708
  opt_set_unknown_name                                           3708
  ASN1_add_stable_module                                         3709
  EVP_camellia_128_cfb128                                        3750
  free_medium                                                    3750
  EVP_CipherUpdate                                               3792
  ossl_comp_zlib_cleanup                                         3792
  __getrlimit                                                    3833
  ASN1_add_oid_module                                            3834
  BIO_meth_set_puts                                              3834
  ossl_lib_ctx_is_default                                        3875
  tiny_free_no_lock                                              3875
  BIO_meth_set_create                                            3916
  dyld4::APIs::_tlv_exit()                                       3916
  EVP_CIPHER_fetch                                               3917
  NCONF_get0_libctx                                              3917
  core_get_libctx                                                3917
  BIO_meth_set_destroy                                           3958
  ENGINE_set_cmd_defns                                           3958
  ERR_print_errors                                               3958
  ossl_prov_ctx_set0_libctx                                      3959
  EVP_CipherFinal_ex                                             4000
  close                                                          4000
  opt_check_rest_arg                                             4000
  ERR_get_error_all                                              4042
  BIO_meth_set_write_ex                                          4083
  OSSL_LIB_CTX_free                                              4083
  BIO_meth_set_gets                                              4084
  ossl_method_unlock_store                                       4084
  ossl_prov_ctx_get0_libctx                                      4084
  OSSL_ERR_STATE_new                                             4125
  null_gettable_ctx_params                                       4125
  ENGINE_add_conf_module                                         4167
  EVP_PKEY_asn1_get_count                                        4167
  OSSL_STORE_unregister_loader                                   4208
  aes_256_ctr_get_params                                         4208
  chacha20_get_params                                            4208
  EVP_CIPHER_get_iv_length                                       4209
  ossl_method_lock_store                                         4209
  CRYPTO_THREAD_get_current_id                                   4250
  EVP_sha256                                                     4250
  aes_192_ofb_get_params                                         4250
  aes_192_siv_get_params                                         4250
  ossl_stored_namemap_free                                       4250
  aes_128_ocb_get_params                                         4291
  ossl_config_add_ssl_module                                     4291
  aes_256_cbc_get_params                                         4292
  aes_v8_set_encrypt_key                                         4292
  aes_192_cbc_get_params                                         4333
  aes_128_ofb_get_params                                         4334
  CONF_imodule_get_value                                         4375
  ENGINE_set_ctrl_function                                       4375
  aes_192_ecb_get_params                                         4375
  aes_192_gcm_get_params                                         4375
  aes_256_cfb8_get_params                                        4375
  aria_256_ctr_get_params                                        4375
  ossl_bio_core_globals_free                                     4375
  ossl_child_prov_ctx_new                                        4375
  ossl_cipher_generic_reset_ctx                                  4375
  aes_192_ctr_get_params                                         4416
  aes_128_cbc_get_params                                         4417
  aes_256_ofb_get_params                                         4417
  aria_192_ctr_get_params                                        4417
  lsl::Lock::lock()                                              4417
  tdes_wrap_get_params                                           4417
  aes_192_cfb1_get_params                                        4458
  chacha20_gettable_ctx_params                                   4458
  sm4_128_cbc_get_params                                         4458
  aes_192_cfb_get_params                                         4459
  OSSL_STORE_LOADER_set_eof                                      4500
  aes_128_cfb_get_params                                         4500
  aes_128_ecb_get_params                                         4500
  aes_192_cfb8_get_params                                        4500
  aes_256_ccm_get_params                                         4500
  aes_256_cfb_get_params                                         4500
  aria_192_ofb_get_params                                        4500
  sm4_128_xts_get_params                                         4500
  tdes_ede3_cbc_get_params                                       4500
  tdes_ede2_cbc_get_params                                       4541
  ENGINE_set_init_function                                       4542
  OSSL_CMP_log_close                                             4542
  aes_256_siv_get_params                                         4542
  aria_256_cfb_get_params                                        4542
  aria_256_ofb_get_params                                        4542
  pthread_cond_destroy                                           4542
  ENGINE_set_finish_function                                     4583
  UI_method_set_prompt_constructor                               4583
  aes_128_xts_get_params                                         4583
  aes_v8_ctr32_encrypt_blocks                                    4583
  aria_128_cfb_get_params                                        4583
  aria_128_ecb_get_params                                        4583
  aria_192_ecb_get_params                                        4583
  ossl_bio_core_globals_new                                      4583
  ossl_rand_cleanup_int                                          4583
  sm4_128_ctr_get_params                                         4583
  BIO_meth_set_read_ex                                           4584
  aria_128_gcm_get_params                                        4584
  ossl_store_register_init                                       4584
  sm4_128_gcm_get_params                                         4584
  OSSL_trace_set_channel                                         4625
  aes_256_cfb1_get_params                                        4625
  aes_cts_192_cbc_get_params                                     4625
  aria_128_ofb_get_params                                        4625
  EVP_aes_256_cbc_hmac_sha1                                      4666
  aes_128_cfb1_get_params                                        4666
  aes_192_ccm_get_params                                         4666
  aria_192_cfb1_get_params                                       4666
  aria_256_ccm_get_params                                        4666
  sm4_128_ccm_get_params                                         4666
  aes_128_cfb8_get_params                                        4667
  ossl_prov_ctx_set0_core_bio_method                             4667
  tdes_ede2_ecb_get_params                                       4667
  OSSL_STORE_LOADER_free                                         4708
  aes_256_ecb_get_params                                         4708
  aria_256_cbc_get_params                                        4708
  ossl_random_add_conf_module                                    4708
  EVP_aes_256_cbc_hmac_sha256                                    4709
  OSSL_STORE_LOADER_set_load                                     4709
  aes_256_gcm_get_params                                         4709
  aria_192_cfb8_get_params                                       4709
  sm4_128_ofb128_get_params                                      4709
  OSSL_STORE_LOADER_set_error                                    4750
  __sigaction                                                    4750
  aes_128_ctr_get_params                                         4750
  aes_128_wrap_get_params                                        4750
  aes_cts_128_cbc_get_params                                     4750
  aria_192_cbc_get_params                                        4750
  aria_192_gcm_get_params                                        4750
  aria_256_cfb1_get_params                                       4750
  ossl_ctx_global_properties_new                                 4750
  sm4_128_ecb_get_params                                         4750
  tdes_ede3_cfb_get_params                                       4750
  aes_192_ocb_get_params                                         4791
  aes_256_xts_get_params                                         4791
  aria_192_cfb_get_params                                        4791
  OSSL_STORE_LOADER_set_close                                    4792
  aria_128_cfb8_get_params                                       4792
  aria_128_ctr_get_params                                        4792
  tdes_ede2_ofb_get_params                                       4792
  def_is_number                                                  4793
  EVP_aes_128_cbc_hmac_sha256                                    4833
  aes_128_siv_get_params                                         4833
  pthread_self                                                   4833
  sm4_128_cfb128_get_params                                      4833
  tdes_ede2_cfb_get_params                                       4833
  BIO_free                                                       4834
  aes_256_wrap_get_params                                        4834
  aria_128_cfb1_get_params                                       4834
  tdes_ede3_ofb_get_params                                       4834
  aes_128_gcm_get_params                                         4875
  aes_192_wrapinv_get_params                                     4875
  aria_128_cbc_get_params                                        4875
  aria_128_ccm_get_params                                        4875
  aria_256_cfb8_get_params                                       4875
  engine_pkey_meths_free                                         4875
  ossl_prov_cipher_hw_aes_ctr                                    4875
  ossl_provider_add_conf_module                                  4875
  aes_cts_256_cbc_get_params                                     4916
  aes_128_ccm_get_params                                         4917
  aes_192_wrappad_get_params                                     4917
  tdes_ede3_cfb8_get_params                                      4917
  aes_128_wrappad_get_params                                     4958
  camellia_128_cbc_get_params                                    4958
  camellia_192_ctr_get_params                                    4958
  OSSL_STORE_LOADER_set_open                                     4959
  aria_256_ecb_get_params                                        4959
  camellia_256_ctr_get_params                                    4959
  EVP_aes_128_cbc_hmac_sha1                                      5000
  aria_192_ccm_get_params                                        5000
  camellia_128_ecb_get_params                                    5000
  camellia_256_cfb_get_params                                    5000
  camellia_256_ofb_get_params                                    5000
  engine_remove_dynamic_id                                       5000
  aes_192_wrap_get_params                                        5042
  camellia_192_ofb_get_params                                    5042
  ENGINE_load_builtin_engines                                    5083
  OPENSSL_cpuid_setup                                            5083
  aria_256_gcm_get_params                                        5083
  camellia_128_cfb1_get_params                                   5083
  camellia_192_cfb8_get_params                                   5083
  camellia_192_cfb_get_params                                    5083
  ossl_indicator_set_callback_free                               5083
  Diagnostics::clearError()                                      5084
  OSSL_STORE_LOADER_set_expect                                   5084
  camellia_128_cfb_get_params                                    5125
  camellia_256_cbc_get_params                                    5125
  camellia_256_ecb_get_params                                    5125
  ossl_property_match_count                                      5125
  tdes_ede3_ecb_get_params                                       5125
  ENGINE_get_cipher_engine                                       5166
  aes_256_wrapinv_get_params                                     5166
  camellia_128_cfb8_get_params                                   5166
  aes_128_wrapinv_get_params                                     5167
  aes_256_ocb_get_params                                         5167
  camellia_128_ofb_get_params                                    5167
  camellia_192_cfb1_get_params                                   5167
  ossl_property_has_optional                                     5167
  ossl_self_test_set_callback_free                               5167
  camellia_192_cbc_get_params                                    5208
  camellia_192_ecb_get_params                                    5208
  tdes_ede3_cfb1_get_params                                      5208
  OSSL_PARAM_get_int                                             5249
  EVP_CIPHER_get_key_length                                      5250
  OPENSSL_sk_sort                                                5250
  aes_128_wrappadinv_get_params                                  5250
  camellia_256_cfb8_get_params                                   5250
  ossl_init_thread_deregister                                    5250
  memset                                                         5251
  camellia_256_cfb1_get_params                                   5291
  aes_256_wrappad_get_params                                     5292
  camellia_cts_192_cbc_get_params                                5333
  engine_pkey_asn1_meths_free                                    5333
  aes_192_wrappadinv_get_params                                  5375
  medium_region_for_ptr_no_lock                                  5416
  chacha20_poly1305_get_params                                   5417
  ossl_prov_ctx_get0_core_bio_method                             5417
  ossl_aes_256_gcm_siv_get_params                                5458
  ossl_self_test_set_callback_new                                5459
  __fcntl                                                        5500
  app_get0_libctx                                                5500
  ossl_aes_128_gcm_siv_get_params                                5500
  ossl_free_compression_methods_int                              5500
  aes_256_wrappadinv_get_params                                  5541
  ossl_provider_unquery_operation                                5541
  chacha20_poly1305_gettable_ctx_params                          5542
  getegid                                                        5583
  OSSL_LIB_CTX_set_conf_diagnostics                              5625
  camellia_128_ctr_get_params                                    5666
  EVP_CIPHER_CTX_get_block_size                                  5708
  camellia_cts_256_cbc_get_params                                5708
  getgid                                                         5708
  ossl_aes_192_gcm_siv_get_params                                5708
  camellia_cts_128_cbc_get_params                                5792
  lsl::Lock::unlock()                                            5792
  ossl_indicator_set_callback_new                                5916
  ossl_prov_seeding_from_dispatch                                5959
  geteuid                                                        6000
  medium_malloc_from_free_list                                   6000
  ossl_prov_bio_from_dispatch                                    6041
  opt_arg                                                        6085
  getuid                                                         6126
  BIO_set_data                                                   6208
  EVP_CIPHER_get_mode                                            6500
  OSSL_PARAM_get_int32                                           6667
  dyld3::kdebug_trace_dyld_enabled(unsigned int)                 6750
  tiny_try_realloc_in_place                                      6875
  EVP_RAND_CTX_free                                              7001
  dyld4::Loader::hiddenFromFlat(bool) const                      7083
  BIO_next                                                       7167
  dyld4::handleFromLoader(dyld4::Loader const*, bool)             7208
  bio_open_default                                               7250
  dyld4::RuntimeState::notifyObjCPatching()                      7250
  EVP_CipherInit_ex                                              7333
  _platform_strnlen                                              7333
  store_loader_hash                                              7375
  ENGINE_register_EC                                             7459
  openssl_fopen                                                  7624
  _kernelrpc_mach_port_construct_trap                            7708
  ENGINE_register_DH                                             7709
  err_unshelve_state                                             7792
  _kernelrpc_mach_port_deallocate_trap                           7833
  OPENSSL_sk_pop                                                 7916
  file_ctrl                                                      7958
  BIO_copy_next_retry                                            8000
  ENGINE_register_RSA                                            8041
  dyld4::BumpAllocator::~BumpAllocator()                         8083
  ENGINE_register_DSA                                            8126
  X509_get_default_cert_area                                     8209
  flsl                                                           8209
  ENGINE_register_RAND                                           8250
  lsl::EphemeralAllocator::reset()                               8250
  __sclose                                                       8333
  ossl_lib_ctx_get_concrete                                      8375
  dyld4::JustInTimeLoader::hiddenFromFlat(bool) const             8500
  dyld4::Loader::beginInitializers(dyld4::RuntimeState&)             8500
  free_small                                                     8583
  __sflags                                                       8875
  strlen                                                         8958
  ENGINE_register_digests                                        9000
  BIO_set_init                                                   9001
  dyld4::RuntimeState::incDlRefCount(dyld4::Loader const*)             9042
  ossl_sa_new                                                    9083
  ENGINE_register_ciphers                                        9208
  ossl_cipher_generic_einit                                      9333
  DSO_METHOD_openssl                                             9459
  ossl_property_free                                             9542
  dyld4::JustInTimeLoader::beginInitializers(dyld4::RuntimeState&)             9583
  ENGINE_register_pkey_meths                                     9667
  BIO_set_flags                                                  9833
  ossl_cipher_generic_set_ctx_params                             9917
  OSSL_LIB_CTX_get_conf_diagnostics                             10084
  tiny_malloc_from_free_list                                    10417
  CRYPTO_atomic_or                                              10459
  lsl::Vector<lsl::MemoryManager::Buffer>::reserve(unsigned long)            10500
  ossl_lib_ctx_get_ex_data_global                               10709
  ossl_lib_ctx_get_rcukey                                       10709
  engine_free_util                                              10833
  ENGINE_register_pkey_asn1_meths                               10959
  OPENSSL_cleanse                                               11083
  deflt_query                                                   11083
  ossl_sa_doall_arg                                             11167
  NCONF_get_section                                             11292
  ossl_property_value                                           11876
  aes_siv_gettable_ctx_params                                   12083
  __bzero                                                       12334
  EVP_add_cipher                                                12708
  ossl_cipher_capable_aes_cbc_hmac_sha1                         12708
  ossl_cipher_capable_aes_cbc_hmac_sha256                       12791
  dyld4::RuntimeState::doSingletonPatching(dyld4::DyldCacheDataConstLazyScopedWriter&)            12958
  lsl::Vector<dyld4::Loader const*>::reserveExact(unsigned long)            12959
  fstat                                                         13249
  aes_cbc_cts_gettable_ctx_params                               13333
  cipher_ocb_gettable_ctx_params                                13501
  BIO_clear_flags                                               14041
  DSO_free                                                      14085
  dyld4::Loader::loadDependents(Diagnostics&, dyld4::RuntimeState&, dyld4::Loader::LoadOptions const&)            14250
  _NSGetEnviron                                                 14581
  CRYPTO_atomic_add                                             14666
  dyld4::Loader::path() const                                   14667
  sa_doall                                                      14668
  small_free_list_find_by_ptr                                   14791
  BIO_get_data                                                  15085
  lsl::EphemeralAllocator::~EphemeralAllocator()                15125
  camellia_cbc_cts_gettable_ctx_params                          15209
  ossl_aes_gcm_siv_gettable_ctx_params                          15291
  dyld4::JustInTimeLoader::loadDependents(Diagnostics&, dyld4::RuntimeState&, dyld4::Loader::LoadOptions const&)            15750
  dyld3::MachOFile::is64() const                                15751
  __sflush                                                      15959
  file_new                                                      16084
  _kernelrpc_mach_vm_deallocate_trap                            16375
  os_unfair_recursive_lock_unlock                               16458
  _kernelrpc_mach_port_destruct_trap                            16584
  ossl_prov_is_running                                          16667
  file_free                                                     16920
  dyld4::DyldCacheDataConstLazyScopedWriter::DyldCacheDataConstLazyScopedWriter(dyld4::RuntimeState&)            17083
  CRYPTO_THREAD_lock_free                                       17541
  invocation function for block in dyld4::Loader::forEachPath(Diagnostics&, dyld4::RuntimeState&, char const*, dyld4::Loader::Loa            17625
  pthread_mutex_destroy                                         17834
  OPENSSL_LH_get_down_load                                      17999
  dyld4::JustInTimeLoader::path() const                         18166
  BIO_new                                                       18290
  kdebug_is_enabled                                             18332
  FMT_istext                                                    18417
  pthread_cond_init                                             19084
  small_free_list_remove_ptr                                    19250
  small_try_realloc_in_place                                    19541
  rack_region_insert                                            19832
  os_unfair_recursive_lock_lock_with_options                    19917
  property_free                                                 20542
  __chkstk_darwin_probe                                         20749
  dyld4::LibSystemHelpers::pthread_getspecific(unsigned long) const            20750
  lsl::EphemeralAllocator::deallocate_buffer(lsl::MemoryManager::Buffer)            21042
  dyld4::Loader::matchesPath(char const*) const                 21208
  small_size                                                    21500
  ___chkstk_darwin                                              21751
  os_unfair_lock_assert_not_owner                               21917
  dyld4::ProcessConfig::DyldCache::indexOfPath(char const*, unsigned int&) const            22458
  small_free_list_remove_ptr_no_clear                           23791
  mach_msg2_trap                                                25750
  __findenv_locked                                              25834
  dyld4::Loader::loadAddress(dyld4::RuntimeState&) const            26084
  dyld3::ScopedTimer::endTimer()                                26167
  pthread_mutex_init                                            26457
  OPENSSL_strnlen                                               26916
  lsl::MemoryManager::lockGuard()                               27333
  ossl_property_name                                            27583
  OPENSSL_sk_delete                                             28167
  dyld4::JustInTimeLoader::loadAddress(dyld4::RuntimeState&) const            28541
  __open                                                        31583
  tiny_free_list_remove_ptr                                     31915
  _pthread_mutex_check_init_slow                                33209
  _kernelrpc_mach_vm_map_trap                                   33916
  lsl::AllocationMetadata::AllocationMetadata(lsl::Allocator*, unsigned long)            34959
  CRYPTO_new_ex_data                                            34999
  __read_nocancel                                               35209
  OPENSSL_LH_set_down_load                                      35210
  szone_good_size                                               36917
  OPENSSL_sk_free                                               39294
  dyld4::LibSystemHelpers::os_unfair_recursive_lock_unlock(os_unfair_recursive_lock_s*) const            39543
  get_tiny_previous_free_msize                                  39875
  small_free_list_add_ptr                                       40208
  Diagnostics::hasError() const                                 40290
  dyld4::LibSystemHelpers::os_unfair_lock_unlock(os_unfair_lock_s*) const            40543
  ossl_rcu_write_lock                                           41668
  EVP_PKEY_asn1_get0                                            42416
  ossl_rcu_write_unlock                                         44999
  Diagnostics::noError() const                                  45500
  pthread_setspecific                                           45502
  ossl_tdes_gettable_ctx_params                                 46208
  __write_nocancel                                              48958
  dyld3::MachOFile::read_uleb128(Diagnostics&, unsigned char const*&, unsigned char const*)            49459
  dyld4::RuntimeState::PermanentRanges::contains(unsigned long, unsigned long, unsigned char*, dyld4::Loader const**) const            50250
  _tiny_check_and_zero_inline_meta_from_freelist                50501
  small_malloc_from_free_list                                   50834
  dyld4::LibSystemHelpers::os_unfair_recursive_lock_lock_with_options(os_unfair_recursive_lock_s*, os_unfair_lock_options_t) cons            51710
  EVP_PKEY_asn1_get0_info                                       54000
  madvise                                                       54292
  szone_malloc                                                  54458
  pthread_cond_broadcast                                        54459
  tiny_size                                                     57502
  dyld4::LibSystemHelpers::os_unfair_lock_lock_with_options(os_unfair_lock_s*, os_unfair_lock_options_t) const            59750
  realloc                                                       60129
  set_tiny_meta_header_in_use                                   62960
  lsl::EphemeralAllocator::allocate_buffer(unsigned long, unsigned long, unsigned long)            63000
  tiny_free_list_add_ptr                                        63336
  _qsort                                                        66126
  _szone_free                                                   68626
  strcmp                                                        69540
  OPENSSL_sk_pop_free                                           70166
  ossl_cipher_aead_gettable_ctx_params                          70750
  __close_nocancel                                              75666
  szone_try_free_default                                        76626
  os_unfair_lock_assert_owner                                   78125
  dyld3::kdebug_trace_dyld_duration_end(unsigned long long, unsigned int, dyld3::kt_arg, dyld3::kt_arg, dyld3::kt_arg)            80709
  rack_get_thread_index                                         80956
  invocation function for block in dyld3::MachOFile::getDylibInstallName(char const**, unsigned int*, unsigned int*) const            84041
  property_hash                                                 85460
  dyld3::OverflowSafeArray<unsigned int, 4294967295ul>::verifySpace(unsigned long)            90043
  EVP_CIPHER_get_type                                           90749
  dyld4::Loader::contains(dyld4::RuntimeState&, void const*, void const**, unsigned long long*, unsigned char*) const            93959
  pthread_cond_signal                                          101875
  Diagnostics::assertNoError() const                           107210
  nanov2_size                                                  110960
  __open_nocancel                                              117583
  pthread_rwlock_destroy                                       121750
  pthread_rwlock_init                                          121874
  os_unfair_lock_unlock                                        130834
  Diagnostics::~Diagnostics()                                  138165
  Diagnostics::Diagnostics(bool)                               144999
  get_legacy_evp_names                                         160497
  ossl_ctype_check                                             168378
  os_unfair_lock_lock_with_options                             174040
  invocation function for block in dyld3::MachOFile::getEntry(unsigned long long&, bool&) const           187625
  nanov2_pointer_size                                          192953
  EVP_MD_get_type                                              193829
  free                                                         200501
  _Block_object_dispose                                        209461
  OPENSSL_hexchar2int                                          234581
  nanov2_allocate_from_block                                   245915
  ossl_sa_set                                                  247040
  strncmp                                                      266458
  trim_ws                                                      274628
  invocation function for block in dyld4::JustInTimeLoader::contains(dyld4::RuntimeState&, void const*, void const**, unsigned lo           291123
  BUF_MEM_new                                                  303380
  names_free                                                   312751
  OBJ_get0_data                                                328451
  OPENSSL_LH_doall                                             329749
  OPENSSL_LH_flush                                             332585
  OSSL_PARAM_set_uint                                          339992
  ossl_provider_ctx                                            341464
  EVP_CIPHER_get_nid                                           363873
  ossl_lib_ctx_unlock                                          376959
  conf_value_cmp                                               378375
  invocation function for block in dyld3::MachOLoaded::findClosestSymbol(unsigned long long, char const**, unsigned long long*) c           390294
  OSSL_PARAM_locate_const                                      396706
  ossl_lib_ctx_read_lock                                       422243
  OPENSSL_LH_set_thunks                                        426949
  property_defn_cmp                                            437382
  ossl_cipher_generic_gettable_ctx_params                      445126
  evp_cipher_up_ref                                            454088
  property_defn_hash                                           464582
  ossl_provider_free                                           465245
  value_free_hash                                              467286
  function_hash                                                476833
  BN_free                                                      480300
  CRYPTO_realloc                                               483244
  ossl_provider_up_ref                                         489128
  OSSL_PARAM_set_uint32                                        500284
  ASN1_OBJECT_free                                             501296
  eat_alpha_numeric                                            508370
  ossl_sa_get                                                  510842
  sa_free_node                                                 543009
  OSSL_PARAM_construct_end                                     549948
  EVP_CIPHER_get0_provider                                     561082
  OSSL_PARAM_construct_uint                                    564624
  evp_cipher_free                                              574332
  do_all_fn                                                    587708
  EVP_CIPHER_free                                              623051
  ossl_provider_libctx                                         801621
  invocation function for block in dyld3::MachOLoaded::getLinkEditLoadCommands(Diagnostics&, dyld3::MachOLoaded::LinkEditInfo&) c           824832
  internal_free_nop                                            841710
  _platform_strncmp                                            863248
  name_string_free                                             885458
  OPENSSL_LH_error                                             925419
  invocation function for block in dyld3::MachOFile::forEachSegment(void (dyld3::MachOFile::SegmentInfo const&, bool&) block_poin          1089754
  OSSL_PARAM_set_size_t                                       1115411
  BUF_MEM_grow                                                1116202
  pthread_getspecific                                         1152208
  sk_reserve                                                  1152830
  _os_once                                                    1211446
  CRYPTO_THREAD_get_local                                     1280206
  _platform_memchr                                            1345371
  ossl_rcu_assign_uptr                                        1400247
  OSSL_PARAM_set_uint64                                       1507582
  names_lh_free_doall                                         1510743
  ossl_lib_ctx_get_data                                       1597000
  OSSL_PARAM_set_int                                          1610858
  _platform_strchr                                            1718044
  pthread_mutex_lock                                          1727087
  OSSL_PARAM_construct_size_t                                 1799881
  pthread_mutex_unlock                                        1829477
  _nanov2_free                                                1865752
  OPENSSL_sk_push                                             1963215
  _pthread_mutex_lock_init_slow                               1981956
  OPENSSL_sk_num                                              1996428
  _pthread_mutex_unlock_init_slow                             2081464
  _pthread_mutex_firstfit_lock_slow                           2196334
  _pthread_mutex_firstfit_unlock_slow                         2279969
  OPENSSL_sk_value                                            2313158
  OSSL_PARAM_set_int32                                        2435052
  obj_name_cmp                                                2491807
  OPENSSL_LH_strhash                                          2695287
  OSSL_PARAM_construct_int                                    2731374
  _platform_memcmp                                            2745209
  pthread_once                                                3009223
  OBJ_nid2obj                                                 3153515
  CRYPTO_atomic_load                                          3266052
  pthread_rwlock_rdlock                                       3315544
  SortFnByName                                                3475428
  ossl_lh_strcasehash                                         3658648
  __error                                                     3752330
  cipher_compare                                              3974541
  ossl_isdigit                                                3977254
  fnv1a_hash                                                  4422787
  _platform_memmove                                           6460229
  pthread_rwlock_wrlock                                       6627211
  pthread_rwlock_unlock                                       9933494
  err_string_data_cmp                                        10799694
  CRYPTO_free                                                12205347
  malloc                                                     13442799
  doapr_outch                                                15057720
  err_string_data_hash                                       16519123
  nanov2_malloc                                              18482446
  _platform_strlen                                           23117625
  _platform_memset                                           25403009
  nanov2_try_free_default                                    25875781
  _platform_strcmp                                           27854594
  ossl_tolower                                               59700142
