
  pd_free                                                        1750
  EVP_bf_cbc                                                     1834
  sigaction                                                      1834
  EVP_sha224                                                     1917
  EVP_md5                                                        1958
  EVP_rc4_40                                                     1958
  EVP_bf_ofb                                                     2000
  EVP_rc2_ofb                                                    2000
  EVP_idea_cbc                                                   2084
  EVP_idea_ofb                                                   2084
  EVP_sm4_ofb                                                    2084
  EVP_des_cbc                                                    2125
  EVP_des_ede                                                    2125
  EVP_sha3_224                                                   2125
  EVP_sha512                                                     2125
  EVP_des_cfb8                                                   2167
  EVP_seed_cbc                                                   2167
  EVP_sha1                                                       2167
  UI_OpenSSL                                                     2167
  EVP_des_ecb                                                    2208
  EVP_des_ofb                                                    2208
  EVP_rc4                                                        2208
  strchr                                                         2208
  EVP_seed_ofb                                                   2209
  EVP_sm4_ctr                                                    2209
  EVP_cast5_ofb                                                  2250
  EVP_rc2_cbc                                                    2250
  EVP_sha3_384                                                   2250
  EVP_sm4_ecb                                                    2250
  EVP_des_ede3                                                   2291
  EVP_sha3_512                                                   2291
  EVP_sha384                                                     2292
  EVP_sha512_256                                                 2292
  UI_null                                                        2292
  EVP_mdc2                                                       2333
  EVP_ripemd160                                                  2333
  EVP_sha512_224                                                 2333
  EVP_bf_cfb64                                                   2334
  EVP_md4                                                        2334
  EVP_shake256                                                   2334
  EVP_sm3                                                        2334
  EVP_shake128                                                   2375
  EVP_sm4_cbc                                                    2375
  _cleanup                                                       2375
  opt_unknown                                                    2375
  EVP_aes_192_gcm                                                2416
  EVP_aes_192_cbc                                                2417
  EVP_aes_256_cbc                                                2417
  EVP_aes_256_ccm                                                2417
  EVP_bf_ecb                                                     2417
  EVP_cast5_cbc                                                  2417
  EVP_aes_128_cbc                                                2458
  EVP_aes_128_ctr                                                2458
  EVP_aes_192_ccm                                                2458
  EVP_aes_256_gcm                                                2458
  EVP_blake2s256                                                 2458
  EVP_des_ede_ofb                                                2458
  EVP_md5_sha1                                                   2458
  EVP_rc2_64_cbc                                                 2458
  app_get0_propq                                                 2458
  opt_next                                                       2458
  COMP_get_type                                                  2459
  EVP_aes_256_ctr                                                2459
  EVP_aes_256_ofb                                                2541
  EVP_aria_256_ecb                                               2541
  EVP_aes_192_cfb1                                               2542
  EVP_aes_192_cfb8                                               2542
  EVP_aes_256_cfb1                                               2542
  EVP_aes_256_ocb                                                2542
  EVP_aria_256_ctr                                               2542
  EVP_des_cfb1                                                   2542
  EVP_des_ede_cbc                                                2542
  EVP_seed_ecb                                                   2542
  ENGINE_set_name                                                2583
  EVP_aes_128_ccm                                                2583
  EVP_aes_192_ecb                                                2583
  EVP_aes_256_cfb8                                               2583
  EVP_aria_192_cbc                                               2583
  EVP_aria_192_gcm                                               2583
  EVP_aria_256_gcm                                               2583
  EVP_cast5_ecb                                                  2583
  EVP_idea_ecb                                                   2583
  EVP_rc2_ecb                                                    2583
  EVP_aes_256_wrap                                               2584
  EVP_aes_256_xts                                                2584
  EVP_aria_192_ccm                                               2584
  EVP_desx_cbc                                                   2584
  EVP_idea_cfb64                                                 2584
  EVP_rc2_cfb64                                                  2584
  EVP_aria_128_ctr                                               2625
  EVP_aria_192_ctr                                               2625
  EVP_aria_192_ofb                                               2625
  EVP_aria_256_ofb                                               2625
  EVP_rc4_hmac_md5                                               2625
  lh_FUNCTION_free                                               2625
  strrchr                                                        2625
  EVP_aes_192_ofb                                                2666
  EVP_aria_256_cfb1                                              2666
  ENGINE_set_id                                                  2667
  EVP_MD_free                                                    2667
  EVP_aes_128_ofb                                                2667
  EVP_aria_192_cfb1                                              2667
  EVP_aria_256_cbc                                               2667
  EVP_chacha20                                                   2667
  EVP_des_ede3_ofb                                               2667
  ossl_trace_cleanup                                             2667
  release_engine                                                 2667
  EVP_aes_192_ctr                                                2708
  EVP_aes_256_ecb                                                2708
  EVP_cast5_cfb64                                                2708
  EVP_des_ede3_cbc                                               2708
  EVP_rc2_40_cbc                                                 2708
  NCONF_default                                                  2708
  def_to_int                                                     2708
  EVP_aria_256_cfb8                                              2709
  EVP_aes_128_xts                                                2750
  EVP_aes_192_ocb                                                2750
  EVP_aria_128_ecb                                               2750
  EVP_sha3_256                                                   2750
  OBJ_obj2txt                                                    2750
  EVP_aes_128_cfb1                                               2792
  EVP_aes_128_cfb8                                               2792
  EVP_aes_128_wrap                                               2792
  EVP_aria_128_ofb                                               2792
  EVP_aria_192_ecb                                               2792
  EVP_blake2b512                                                 2792
  EVP_des_ede3_cfb8                                              2792
  EVP_aes_128_gcm                                                2833
  EVP_aes_192_wrap                                               2833
  EVP_aria_128_cbc                                               2833
  EVP_aria_192_cfb8                                              2833
  EVP_seed_cfb128                                                2833
  EVP_des_ede3_wrap                                              2834
  EVP_sm4_cfb128                                                 2834
  vm_deallocate                                                  2834
  EVP_aes_128_ocb                                                2875
  EVP_aria_128_cfb1                                              2875
  EVP_des_ede3_cfb1                                              2875
  query_hash                                                     2875
  EVP_aria_192_cfb128                                            2916
  EVP_aria_256_cfb128                                            2916
  EVP_aria_128_cfb8                                              2917
  EVP_aria_256_ccm                                               2917
  EVP_aes_192_cfb128                                             2958
  property_cmp                                                   2958
  def_init_default                                               2959
  EVP_aes_128_cfb128                                             3000
  EVP_aria_128_ccm                                               3000
  OSSL_LIB_CTX_get_data                                          3000
  EVP_camellia_256_ofb                                           3041
  EVP_aes_192_wrap_pad                                           3042
  EVP_aes_256_cfb128                                             3042
  EVP_whirlpool                                                  3042
  signal                                                         3042
  BIO_f_cipher                                                   3083
  getrlimit                                                      3083
  EVP_camellia_128_ofb                                           3084
  __cxa_finalize                                                 3084
  EVP_CIPHER_get_flags                                           3125
  EVP_camellia_192_cbc                                           3125
  EVP_camellia_256_cfb8                                          3125
  UI_method_set_writer                                           3125
  function_cmp                                                   3125
  EVP_camellia_256_cbc                                           3166
  COMP_zlib                                                      3167
  EVP_camellia_192_ctr                                           3167
  EVP_camellia_256_cfb1                                          3167
  EVP_aria_128_cfb128                                            3208
  EVP_camellia_192_ofb                                           3208
  EVP_camellia_256_ctr                                           3208
  ossl_store_cleanup_int                                         3208
  EVP_camellia_128_cbc                                           3209
  EVP_aes_128_ecb                                                3250
  EVP_aes_128_wrap_pad                                           3250
  EVP_aes_256_wrap_pad                                           3250
  EVP_camellia_128_cfb8                                          3250
  EVP_camellia_192_cfb1                                          3250
  EVP_camellia_192_cfb8                                          3250
  EVP_des_cfb64                                                  3250
  EVP_des_ede_cfb64                                              3250
  UI_method_set_closer                                           3250
  ossl_comp_zstd_cleanup                                         3250
  EVP_camellia_128_ctr                                           3291
  __smakebuf                                                     3291
  EVP_camellia_128_cfb1                                          3292
  EVP_chacha20_poly1305                                          3292
  EVP_camellia_256_ecb                                           3333
  bio_sock_cleanup_int                                           3333
  EVP_des_ede3_cfb64                                             3375
  opt_set_unknown_name                                           3375
  EVP_camellia_192_ecb                                           3416
  ENGINE_set_flags                                               3417
  EVP_aria_128_gcm                                               3458
  BIO_meth_set_ctrl                                              3459
  store_loader_cmp                                               3459
  EVP_camellia_128_cfb128                                        3500
  EVP_camellia_128_ecb                                           3500
  EVP_camellia_256_cfb128                                        3500
  init_thread_stop                                               3500
  EVP_add_alg_module                                             3541
  OSSL_STORE_register_loader                                     3541
  pthread_self                                                   3541
  UI_method_set_opener                                           3542
  ASN1_add_stable_module                                         3583
  engine_load_rdrand_int                                         3583
  UI_method_set_reader                                           3625
  ossl_prov_ctx_free                                             3666
  EVP_CipherUpdate                                               3667
  OSSL_PARAM_modified                                            3667
  evp_app_cleanup_int                                            3667
  ossl_prov_ctx_set0_handle                                      3667
  BIO_meth_set_puts                                              3708
  EVP_CipherFinal_ex                                             3708
  EVP_camellia_192_cfb128                                        3708
  free_medium                                                    3708
  app_RAND_write                                                 3709
  BIO_meth_set_gets                                              3750
  ossl_comp_zlib_cleanup                                         3750
  BIO_meth_set_create                                            3791
  ERR_print_errors                                               3791
  ossl_child_prov_ctx_new                                        3792
  ossl_prov_ctx_new                                              3792
  ossl_comp_brotli_cleanup                                       3833
  ASN1_add_oid_module                                            3834
  ossl_lib_ctx_write_lock                                        3834
  tiny_free_no_lock                                              3834
  __getrlimit                                                    3875
  core_get_libctx                                                3875
  BIO_meth_set_destroy                                           3916
  dyld4::APIs::_tlv_exit()                                       3916
  EVP_CIPHER_fetch                                               3917
  ENGINE_set_cmd_defns                                           4000
  ERR_get_error_all                                              4041
  opt_check_rest_arg                                             4041
  NCONF_get0_libctx                                              4042
  ossl_method_unlock_store                                       4042
  null_gettable_ctx_params                                       4083
  EVP_CIPHER_get_iv_length                                       4084
  OSSL_LIB_CTX_free                                              4125
  ossl_stored_namemap_free                                       4125
  OSSL_CMP_log_close                                             4208
  ossl_prov_ctx_get0_libctx                                      4208
  EVP_PKEY_asn1_get_count                                        4209
  OSSL_ERR_STATE_new                                             4291
  __sigaction                                                    4292
  aes_192_ecb_get_params                                         4292
  aes_v8_set_encrypt_key                                         4292
  aria_192_ofb_get_params                                        4292
  ossl_bio_core_globals_new                                      4292
  chacha20_get_params                                            4333
  ossl_prov_ctx_set0_libctx                                      4333
  pthread_cond_destroy                                           4333
  ENGINE_set_ctrl_function                                       4334
  OSSL_STORE_unregister_loader                                   4334
  sm4_128_cbc_get_params                                         4334
  CRYPTO_THREAD_get_current_id                                   4375
  ENGINE_add_conf_module                                         4375
  aes_128_cbc_get_params                                         4375
  aria_256_ctr_get_params                                        4375
  close                                                          4375
  sm4_128_ctr_get_params                                         4375
  aes_256_cbc_get_params                                         4416
  lsl::Lock::unlock()                                            4416
  ossl_bio_core_globals_free                                     4416
  ossl_ctx_global_properties_new                                 4416
  ossl_method_lock_store                                         4416
  aes_192_cbc_get_params                                         4417
  aes_256_siv_get_params                                         4417
  aes_128_cfb1_get_params                                        4458
  aes_192_ctr_get_params                                         4458
  aes_192_wrap_get_params                                        4458
  aes_256_ctr_get_params                                         4458
  aria_192_ecb_get_params                                        4458
  aria_256_cfb_get_params                                        4458
  BIO_meth_set_read_ex                                           4459
  ENGINE_set_init_function                                       4459
  aria_192_ctr_get_params                                        4459
  BIO_meth_set_write_ex                                          4500
  CONF_imodule_get_value                                         4500
  OSSL_STORE_LOADER_set_eof                                      4500
  OSSL_trace_set_channel                                         4500
  aes_128_cfb_get_params                                         4500
  aes_192_ccm_get_params                                         4500
  aes_192_cfb1_get_params                                        4500
  aes_192_cfb8_get_params                                        4500
  aes_256_cfb_get_params                                         4500
  chacha20_gettable_ctx_params                                   4500
  ossl_random_add_conf_module                                    4500
  aria_128_cfb_get_params                                        4541
  ENGINE_set_finish_function                                     4542
  aes_128_ofb_get_params                                         4542
  aes_192_ocb_get_params                                         4542
  aria_256_ofb_get_params                                        4542
  ossl_config_add_ssl_module                                     4542
  EVP_aes_256_cbc_hmac_sha1                                      4583
  aes_128_ctr_get_params                                         4583
  aes_v8_ctr32_encrypt_blocks                                    4583
  aria_128_cbc_get_params                                        4583
  aria_128_ofb_get_params                                        4583
  tdes_ede3_cbc_get_params                                       4583
  aes_192_cfb_get_params                                         4584
  aes_256_ccm_get_params                                         4584
  aes_256_ofb_get_params                                         4584
  aria_192_cbc_get_params                                        4584
  EVP_aes_256_cbc_hmac_sha256                                    4625
  OPENSSL_cpuid_setup                                            4625
  aria_128_ecb_get_params                                        4625
  ossl_lib_ctx_is_default                                        4625
  sm4_128_ccm_get_params                                         4625
  tdes_ede2_cbc_get_params                                       4625
  tdes_ede2_ecb_get_params                                       4625
  aes_128_ocb_get_params                                         4666
  sm4_128_xts_get_params                                         4666
  tiny_try_realloc_in_place                                      4666
  BIO_free                                                       4667
  aes_128_siv_get_params                                         4667
  aes_128_xts_get_params                                         4667
  aes_256_cfb8_get_params                                        4667
  aria_128_cfb1_get_params                                       4667
  aria_192_ccm_get_params                                        4667
  aria_192_gcm_get_params                                        4667
  aria_256_cbc_get_params                                        4667
  aria_256_cfb1_get_params                                       4667
  sm4_128_gcm_get_params                                         4667
  OSSL_STORE_LOADER_set_error                                    4708
  OSSL_STORE_LOADER_set_load                                     4708
  aes_128_ecb_get_params                                         4708
  aes_128_wrappad_get_params                                     4708
  aes_192_siv_get_params                                         4708
  aes_256_gcm_get_params                                         4708
  aes_256_xts_get_params                                         4708
  aes_cts_128_cbc_get_params                                     4708
  tdes_wrap_get_params                                           4708
  EVP_sha256                                                     4709
  UI_method_set_prompt_constructor                               4709
  aria_192_cfb1_get_params                                       4709
  ossl_cipher_generic_reset_ctx                                  4709
  ossl_rand_cleanup_int                                          4709
  ENGINE_load_builtin_engines                                    4750
  aes_cts_192_cbc_get_params                                     4750
  aria_128_gcm_get_params                                        4750
  tdes_ede3_cfb_get_params                                       4750
  EVP_aes_128_cbc_hmac_sha256                                    4791
  aes_192_ofb_get_params                                         4791
  camellia_192_cfb_get_params                                    4791
  aes_128_gcm_get_params                                         4792
  aes_192_wrapinv_get_params                                     4792
  aes_256_cfb1_get_params                                        4792
  aes_256_wrap_get_params                                        4792
  aria_128_cfb8_get_params                                       4792
  camellia_128_cfb_get_params                                    4792
  tdes_ede3_cfb8_get_params                                      4792
  OSSL_STORE_LOADER_free                                         4833
  aes_192_wrappad_get_params                                     4833
  aes_256_ecb_get_params                                         4833
  aria_128_ctr_get_params                                        4833
  ossl_prov_ctx_set0_core_bio_method                             4833
  sm4_128_cfb128_get_params                                      4833
  tdes_ede2_ofb_get_params                                       4833
  tdes_ede3_ofb_get_params                                       4833
  OSSL_STORE_LOADER_set_close                                    4834
  engine_pkey_meths_free                                         4834
  def_is_number                                                  4874
  Diagnostics::clearError()                                      4875
  aes_192_gcm_get_params                                         4875
  aria_128_ccm_get_params                                        4875
  ossl_provider_add_conf_module                                  4875
  sm4_128_ecb_get_params                                         4875
  sm4_128_ofb128_get_params                                      4875
  aria_256_cfb8_get_params                                       4916
  EVP_aes_128_cbc_hmac_sha1                                      4917
  aes_128_cfb8_get_params                                        4917
  aes_256_ocb_get_params                                         4917
  aes_256_wrapinv_get_params                                     4917
  aria_192_cfb8_get_params                                       4917
  aria_256_gcm_get_params                                        4917
  camellia_192_ecb_get_params                                    4917
  ossl_prov_cipher_hw_aes_ctr                                    4917
  aes_cts_256_cbc_get_params                                     4958
  aria_192_cfb_get_params                                        4958
  tdes_ede3_cfb1_get_params                                      4958
  OSSL_STORE_LOADER_set_open                                     4959
  tiny_malloc_from_free_list                                     4959
  aes_128_wrap_get_params                                        5000
  camellia_192_cfb1_get_params                                   5000
  memset                                                         5000
  tdes_ede2_cfb_get_params                                       5000
  EVP_CIPHER_get_key_length                                      5041
  aes_128_ccm_get_params                                         5041
  camellia_192_ofb_get_params                                    5041
  camellia_256_cbc_get_params                                    5041
  aria_256_ccm_get_params                                        5042
  camellia_128_cbc_get_params                                    5042
  camellia_128_ctr_get_params                                    5042
  ossl_indicator_set_callback_new                                5042
  __fcntl                                                        5083
  aes_128_wrapinv_get_params                                     5083
  aria_256_ecb_get_params                                        5083
  camellia_256_ofb_get_params                                    5083
  ossl_indicator_set_callback_free                               5083
  camellia_128_ecb_get_params                                    5084
  OSSL_STORE_LOADER_set_expect                                   5125
  camellia_128_cfb8_get_params                                   5125
  camellia_192_ctr_get_params                                    5125
  tdes_ede3_ecb_get_params                                       5125
  ossl_property_match_count                                      5166
  ossl_store_register_init                                       5166
  aes_128_wrappadinv_get_params                                  5167
  camellia_256_cfb1_get_params                                   5167
  camellia_cts_192_cbc_get_params                                5167
  ossl_free_compression_methods_int                              5209
  ENGINE_get_cipher_engine                                       5250
  camellia_192_cfb8_get_params                                   5250
  camellia_256_cfb_get_params                                    5250
  camellia_256_ctr_get_params                                    5250
  camellia_256_ecb_get_params                                    5250
  medium_region_for_ptr_no_lock                                  5250
  ossl_self_test_set_callback_free                               5250
  ossl_self_test_set_callback_new                                5250
  camellia_128_cfb1_get_params                                   5291
  OSSL_PARAM_get_int                                             5292
  camellia_128_ofb_get_params                                    5333
  camellia_192_cbc_get_params                                    5333
  camellia_256_cfb8_get_params                                   5333
  engine_remove_dynamic_id                                       5333
  aes_256_wrappad_get_params                                     5375
  aes_256_wrappadinv_get_params                                  5375
  ossl_property_has_optional                                     5375
  aes_192_wrappadinv_get_params                                  5417
  chacha20_poly1305_gettable_ctx_params                          5417
  ossl_init_thread_deregister                                    5459
  chacha20_poly1305_get_params                                   5500
  engine_pkey_asn1_meths_free                                    5500
  camellia_cts_256_cbc_get_params                                5541
  OPENSSL_sk_sort                                                5542
  ossl_provider_unquery_operation                                5542
  ossl_aes_256_gcm_siv_get_params                                5667
  OSSL_LIB_CTX_set_conf_diagnostics                              5708
  EVP_CIPHER_CTX_get_block_size                                  5709
  camellia_cts_128_cbc_get_params                                5750
  medium_malloc_from_free_list                                   5750
  ossl_aes_128_gcm_siv_get_params                                5833
  getegid                                                        5834
  ossl_prov_ctx_get0_core_bio_method                             5875
  BIO_set_data                                                   5958
  ossl_aes_192_gcm_siv_get_params                                5959
  app_get0_libctx                                                6041
  EVP_CIPHER_get_mode                                            6083
  opt_arg                                                        6084
  ossl_prov_bio_from_dispatch                                    6208
  EVP_RAND_CTX_free                                              6250
  ossl_prov_seeding_from_dispatch                                6500
  geteuid                                                        6542
  getuid                                                         6625
  OSSL_PARAM_get_int32                                           6626
  dyld4::Loader::hiddenFromFlat(bool) const                      6708
  getgid                                                         6749
  dyld4::RuntimeState::notifyObjCPatching()                      6750
  BIO_next                                                       6834
  dyld3::kdebug_trace_dyld_enabled(unsigned int)                 6834
  dyld4::BumpAllocator::~BumpAllocator()                         7125
  lsl::Lock::lock()                                              7125
  _kernelrpc_mach_port_deallocate_trap                           7291
  bio_open_default                                               7333
  dyld4::handleFromLoader(dyld4::Loader const*, bool)             7375
  ENGINE_register_DH                                             7416
  _platform_strnlen                                              7416
  EVP_CipherInit_ex                                              7417
  ENGINE_register_EC                                             7458
  store_loader_hash                                              7500
  _kernelrpc_mach_port_construct_trap                            7667
  err_unshelve_state                                             7751
  openssl_fopen                                                  7791
  flsl                                                           7916
  dyld4::JustInTimeLoader::hiddenFromFlat(bool) const             7958
  file_ctrl                                                      8041
  dyld4::Loader::beginInitializers(dyld4::RuntimeState&)             8083
  BIO_copy_next_retry                                            8125
  ENGINE_register_DSA                                            8126
  ENGINE_register_RAND                                           8167
  ENGINE_register_RSA                                            8167
  __sclose                                                       8209
  OPENSSL_sk_pop                                                 8292
  lsl::EphemeralAllocator::reset()                               8375
  ossl_lib_ctx_get_concrete                                      8542
  dyld4::RuntimeState::incDlRefCount(dyld4::Loader const*)             8625
  ossl_sa_new                                                    8708
  strlen                                                         8791
  X509_get_default_cert_area                                     8916
  BIO_set_init                                                   8917
  ENGINE_register_ciphers                                        9000
  free_small                                                     9040
  ENGINE_register_digests                                        9041
  __sflags                                                       9124
  lsl::Vector<dyld4::Loader const*>::reserveExact(unsigned long)             9167
  ossl_cipher_generic_einit                                      9292
  BIO_set_flags                                                  9542
  ossl_property_free                                             9666
  ENGINE_register_pkey_meths                                     9792
  dyld4::JustInTimeLoader::beginInitializers(dyld4::RuntimeState&)             9917
  ossl_cipher_generic_set_ctx_params                             9959
  deflt_query                                                   10000
  DSO_METHOD_openssl                                            10168
  CRYPTO_atomic_or                                              10209
  lsl::Vector<lsl::MemoryManager::Buffer>::reserve(unsigned long)            10458
  ossl_lib_ctx_get_ex_data_global                               10542
  OSSL_LIB_CTX_get_conf_diagnostics                             10667
  ENGINE_register_pkey_asn1_meths                               10958
  ossl_sa_doall_arg                                             11208
  engine_free_util                                              11251
  ossl_lib_ctx_get_rcukey                                       11293
  NCONF_get_section                                             11417
  OPENSSL_cleanse                                               11625
  rack_region_insert                                            11875
  ossl_property_value                                           11917
  aes_siv_gettable_ctx_params                                   12000
  __bzero                                                       12041
  dyld4::RuntimeState::doSingletonPatching(dyld4::DyldCacheDataConstLazyScopedWriter&)            12083
  _kernelrpc_mach_vm_deallocate_trap                            12375
  ossl_cipher_capable_aes_cbc_hmac_sha1                         12625
  ossl_cipher_capable_aes_cbc_hmac_sha256                       12666
  EVP_add_cipher                                                12708
  fstat                                                         13082
  cipher_ocb_gettable_ctx_params                                13542
  aes_cbc_cts_gettable_ctx_params                               13626
  BIO_clear_flags                                               13750
  dyld4::Loader::loadDependents(Diagnostics&, dyld4::RuntimeState&, dyld4::Loader::LoadOptions const&)            13875
  dyld4::DyldCacheDataConstLazyScopedWriter::DyldCacheDataConstLazyScopedWriter(dyld4::RuntimeState&)            14166
  lsl::EphemeralAllocator::~EphemeralAllocator()                14209
  small_try_realloc_in_place                                    14542
  CRYPTO_atomic_add                                             14584
  BIO_get_data                                                  14708
  DSO_free                                                      14834
  sa_doall                                                      14875
  _NSGetEnviron                                                 15042
  dyld4::JustInTimeLoader::loadDependents(Diagnostics&, dyld4::RuntimeState&, dyld4::Loader::LoadOptions const&)            15125
  ossl_aes_gcm_siv_gettable_ctx_params                          15417
  dyld4::Loader::path() const                                   15584
  __sflush                                                      15625
  camellia_cbc_cts_gettable_ctx_params                          15625
  file_new                                                      16124
  os_unfair_recursive_lock_unlock                               16333
  file_free                                                     16542
  ossl_prov_is_running                                          16584
  CRYPTO_THREAD_lock_free                                       17334
  _kernelrpc_mach_port_destruct_trap                            17625
  invocation function for block in dyld4::Loader::forEachPath(Diagnostics&, dyld4::RuntimeState&, char const*, dyld4::Loader::Loa            17625
  FMT_istext                                                    17877
  OPENSSL_LH_get_down_load                                      18041
  pthread_mutex_destroy                                         18124
  BIO_new                                                       18625
  kdebug_is_enabled                                             18792
  pthread_cond_init                                             18918
  dyld4::JustInTimeLoader::path() const                         18960
  dyld3::MachOFile::is64() const                                19250
  dyld4::LibSystemHelpers::pthread_getspecific(unsigned long) const            20083
  __chkstk_darwin_probe                                         20290
  property_free                                                 20374
  dyld4::Loader::matchesPath(char const*) const                 20874
  os_unfair_recursive_lock_lock_with_options                    20874
  _kernelrpc_mach_vm_map_trap                                   21209
  ___chkstk_darwin                                              21333
  os_unfair_lock_assert_not_owner                               21500
  small_size                                                    22042
  lsl::EphemeralAllocator::deallocate_buffer(lsl::MemoryManager::Buffer)            22083
  dyld4::ProcessConfig::DyldCache::indexOfPath(char const*, unsigned int&) const            22583
  pthread_mutex_init                                            24417
  dyld4::Loader::loadAddress(dyld4::RuntimeState&) const            25583
  mach_msg2_trap                                                26166
  ossl_property_name                                            26250
  __findenv_locked                                              26292
  dyld3::ScopedTimer::endTimer()                                26459
  lsl::MemoryManager::lockGuard()                               26750
  OPENSSL_strnlen                                               27416
  OPENSSL_sk_delete                                             28125
  __open                                                        28750
  dyld4::JustInTimeLoader::loadAddress(dyld4::RuntimeState&) const            30001
  tiny_free_list_remove_ptr                                     32333
  _pthread_mutex_check_init_slow                                32917
  lsl::AllocationMetadata::AllocationMetadata(lsl::Allocator*, unsigned long)            33041
  small_free_list_find_by_ptr                                   34416
  CRYPTO_new_ex_data                                            34457
  OPENSSL_LH_set_down_load                                      35084
  __read_nocancel                                               36875
  small_free_list_remove_ptr                                    37669
  szone_good_size                                               37705
  dyld4::LibSystemHelpers::os_unfair_recursive_lock_unlock(os_unfair_recursive_lock_s*) const            37792
  OPENSSL_sk_free                                               39497
  Diagnostics::hasError() const                                 40002
  dyld4::LibSystemHelpers::os_unfair_lock_unlock(os_unfair_lock_s*) const            41333
  ossl_rcu_write_lock                                           41877
  EVP_PKEY_asn1_get0                                            42459
  small_free_list_add_ptr                                       43710
  small_malloc_from_free_list                                   44834
  Diagnostics::noError() const                                  44917
  ossl_rcu_write_unlock                                         45418
  __write_nocancel                                              45834
  ossl_tdes_gettable_ctx_params                                 45918
  pthread_setspecific                                           46127
  small_free_list_remove_ptr_no_clear                           46373
  dyld3::MachOFile::read_uleb128(Diagnostics&, unsigned char const*&, unsigned char const*)            49501
  dyld4::RuntimeState::PermanentRanges::contains(unsigned long, unsigned long, unsigned char*, dyld4::Loader const**) const            51501
  dyld4::LibSystemHelpers::os_unfair_recursive_lock_lock_with_options(os_unfair_recursive_lock_s*, os_unfair_lock_options_t) cons            52666
  pthread_cond_broadcast                                        54791
  EVP_PKEY_asn1_get0_info                                       55212
  szone_malloc                                                  55792
  madvise                                                       55960
  get_tiny_previous_free_msize                                  56250
  tiny_size                                                     58668
  dyld4::LibSystemHelpers::os_unfair_lock_lock_with_options(os_unfair_lock_s*, os_unfair_lock_options_t) const            59123
  _tiny_check_and_zero_inline_meta_from_freelist                59332
  realloc                                                       61085
  set_tiny_meta_header_in_use                                   63211
  _qsort                                                        64749
  lsl::EphemeralAllocator::allocate_buffer(unsigned long, unsigned long, unsigned long)            65166
  tiny_free_list_add_ptr                                        65541
  _szone_free                                                   70000
  strcmp                                                        70040
  OPENSSL_sk_pop_free                                           70292
  ossl_cipher_aead_gettable_ctx_params                          70541
  szone_try_free_default                                        76378
  __close_nocancel                                              77001
  invocation function for block in dyld3::MachOFile::getDylibInstallName(char const**, unsigned int*, unsigned int*) const            81041
  rack_get_thread_index                                         82876
  dyld3::kdebug_trace_dyld_duration_end(unsigned long long, unsigned int, dyld3::kt_arg, dyld3::kt_arg, dyld3::kt_arg)            83084
  property_hash                                                 83499
  os_unfair_lock_assert_owner                                   84248
  dyld3::OverflowSafeArray<unsigned int, 4294967295ul>::verifySpace(unsigned long)            89874
  EVP_CIPHER_get_type                                           90042
  dyld4::Loader::contains(dyld4::RuntimeState&, void const*, void const**, unsigned long long*, unsigned char*) const            97417
  pthread_cond_signal                                          103164
  __open_nocancel                                              106751
  Diagnostics::assertNoError() const                           108418
  pthread_rwlock_init                                          111628
  nanov2_size                                                  113790
  pthread_rwlock_destroy                                       121498
  os_unfair_lock_unlock                                        129121
  Diagnostics::~Diagnostics()                                  138376
  Diagnostics::Diagnostics(bool)                               146709
  get_legacy_evp_names                                         158041
  ossl_ctype_check                                             167293
  os_unfair_lock_lock_with_options                             171753
  invocation function for block in dyld3::MachOFile::getEntry(unsigned long long&, bool&) const           187165
  nanov2_pointer_size                                          193625
  EVP_MD_get_type                                              202374
  free                                                         206122
  nanov2_allocate_from_block                                   207708
  _Block_object_dispose                                        210293
  OPENSSL_hexchar2int                                          232584
  ossl_sa_set                                                  246084
  strncmp                                                      265874
  trim_ws                                                      279999
  invocation function for block in dyld4::JustInTimeLoader::contains(dyld4::RuntimeState&, void const*, void const**, unsigned lo           294917
  BUF_MEM_new                                                  307140
  names_free                                                   309059
  OBJ_get0_data                                                326707
  OPENSSL_LH_doall                                             327121
  OPENSSL_LH_flush                                             329218
  OSSL_PARAM_set_uint                                          339002
  ossl_provider_ctx                                            341664
  EVP_CIPHER_get_nid                                           363035
  conf_value_cmp                                               370378
  ossl_lib_ctx_unlock                                          377665
  OSSL_PARAM_locate_const                                      397292
  invocation function for block in dyld3::MachOLoaded::findClosestSymbol(unsigned long long, char const**, unsigned long long*) c           398586
  ossl_lib_ctx_read_lock                                       422125
  OPENSSL_LH_set_thunks                                        429292
  property_defn_cmp                                            436626
  ossl_cipher_generic_gettable_ctx_params                      445336
  evp_cipher_up_ref                                            454452
  property_defn_hash                                           464122
  value_free_hash                                              468206
  ossl_provider_free                                           469378
  BN_free                                                      473754
  CRYPTO_realloc                                               492552
  function_hash                                                492786
  ossl_provider_up_ref                                         493294
  OSSL_PARAM_set_uint32                                        496412
  ASN1_OBJECT_free                                             504335
  ossl_sa_get                                                  513273
  eat_alpha_numeric                                            518830
  sa_free_node                                                 540879
  OSSL_PARAM_construct_end                                     547371
  EVP_CIPHER_get0_provider                                     557120
  OSSL_PARAM_construct_uint                                    571496
  evp_cipher_free                                              574714
  do_all_fn                                                    593792
  EVP_CIPHER_free                                              628002
  ossl_provider_libctx                                         797542
  invocation function for block in dyld3::MachOLoaded::getLinkEditLoadCommands(Diagnostics&, dyld3::MachOLoaded::LinkEditInfo&) c           840875
  internal_free_nop                                            843623
  _platform_strncmp                                            875087
  name_string_free                                             881370
  OPENSSL_LH_error                                             917043
  invocation function for block in dyld3::MachOFile::forEachSegment(void (dyld3::MachOFile::SegmentInfo const&, bool&) block_poin          1109084
  OSSL_PARAM_set_size_t                                       1115509
  BUF_MEM_grow                                                1139617
  pthread_getspecific                                         1145177
  sk_reserve                                                  1151416
  _os_once                                                    1209928
  CRYPTO_THREAD_get_local                                     1275166
  _platform_memchr                                            1378548
  ossl_rcu_assign_uptr                                        1409256
  OSSL_PARAM_set_uint64                                       1504423
  names_lh_free_doall                                         1512865
  ossl_lib_ctx_get_data                                       1598007
  OSSL_PARAM_set_int                                          1611038
  _platform_strchr                                            1719178
  pthread_mutex_lock                                          1745377
  OSSL_PARAM_construct_size_t                                 1804162
  pthread_mutex_unlock                                        1857296
  _nanov2_free                                                1880842
  OPENSSL_sk_push                                             1969451
  OPENSSL_sk_num                                              1999861
  _pthread_mutex_lock_init_slow                               2015999
  _pthread_mutex_unlock_init_slow                             2124628
  _pthread_mutex_firstfit_lock_slow                           2245993
  OPENSSL_sk_value                                            2308161
  _pthread_mutex_firstfit_unlock_slow                         2333036
  OSSL_PARAM_set_int32                                        2424959
  obj_name_cmp                                                2478188
  OPENSSL_LH_strhash                                          2715906
  _platform_memcmp                                            2729414
  OSSL_PARAM_construct_int                                    2737839
  pthread_once                                                2998982
  OBJ_nid2obj                                                 3109675
  CRYPTO_atomic_load                                          3266048
  pthread_rwlock_rdlock                                       3309287
  SortFnByName                                                3428679
  ossl_lh_strcasehash                                         3646312
  __error                                                     3812472
  cipher_compare                                              3977248
  ossl_isdigit                                                3999344
  fnv1a_hash                                                  4413074
  _platform_memmove                                           6523960
  pthread_rwlock_wrlock                                       6638870
  pthread_rwlock_unlock                                       9909804
  err_string_data_cmp                                        10820769
  CRYPTO_free                                                12230371
  malloc                                                     13264407
  doapr_outch                                                15082409
  err_string_data_hash                                       16537203
  nanov2_malloc                                              18418011
  _platform_strlen                                           23237445
  _platform_memset                                           25496114
  nanov2_try_free_default                                    25959701
  _platform_strcmp                                           27846907
  ossl_tolower                                               59631827
