
  EVP_md5                                                        1666
  pd_free                                                        1666
  sigaction                                                      1792
  EVP_sm4_cbc                                                    1958
  EVP_des_ecb                                                    2000
  EVP_sm4_ctr                                                    2000
  UI_OpenSSL                                                     2000
  EVP_des_ofb                                                    2042
  EVP_md4                                                        2042
  EVP_sha224                                                     2042
  EVP_bf_ofb                                                     2083
  EVP_rc4_40                                                     2084
  opt_unknown                                                    2084
  EVP_des_ede                                                    2125
  EVP_sha1                                                       2125
  EVP_sha512                                                     2125
  EVP_sm4_ecb                                                    2166
  EVP_des_cfb8                                                   2167
  EVP_rc2_ofb                                                    2167
  EVP_idea_cbc                                                   2208
  EVP_seed_ofb                                                   2208
  EVP_sha384                                                     2208
  EVP_sha3_224                                                   2208
  EVP_des_ede3                                                   2209
  EVP_idea_ofb                                                   2209
  EVP_rc2_cbc                                                    2209
  EVP_sm4_ofb                                                    2209
  EVP_cast5_ofb                                                  2250
  EVP_mdc2                                                       2250
  strchr                                                         2250
  EVP_rc4                                                        2292
  EVP_md5_sha1                                                   2333
  EVP_shake128                                                   2333
  EVP_shake256                                                   2333
  EVP_sha3_384                                                   2334
  EVP_blake2s256                                                 2375
  EVP_chacha20                                                   2375
  EVP_sha3_512                                                   2375
  EVP_sm3                                                        2375
  EVP_aes_192_ecb                                                2416
  EVP_bf_ecb                                                     2416
  EVP_des_cbc                                                    2416
  EVP_ripemd160                                                  2416
  EVP_sha512_256                                                 2416
  EVP_aes_256_gcm                                                2417
  EVP_aes_256_ofb                                                2417
  EVP_rc2_cfb64                                                  2417
  EVP_seed_cbc                                                   2417
  EVP_sha3_256                                                   2417
  EVP_aes_128_ccm                                                2458
  EVP_aes_192_ccm                                                2458
  EVP_aes_256_ctr                                                2458
  EVP_rc2_40_cbc                                                 2458
  EVP_rc2_64_cbc                                                 2458
  UI_null                                                        2458
  _cleanup                                                       2458
  EVP_aes_192_cbc                                                2459
  EVP_aes_192_gcm                                                2500
  EVP_aes_256_ccm                                                2500
  EVP_aes_256_xts                                                2500
  EVP_seed_ecb                                                   2500
  opt_next                                                       2500
  EVP_aes_192_cfb1                                               2541
  EVP_bf_cfb64                                                   2541
  app_get0_propq                                                 2541
  COMP_get_type                                                  2542
  EVP_aes_128_cbc                                                2542
  EVP_aes_256_ocb                                                2542
  EVP_aria_128_ecb                                               2542
  EVP_aria_256_cbc                                               2542
  EVP_bf_cbc                                                     2542
  EVP_aes_256_cbc                                                2583
  EVP_aes_256_cfb1                                               2583
  EVP_aria_192_cbc                                               2583
  EVP_aria_256_gcm                                               2583
  EVP_aria_256_ofb                                               2583
  release_engine                                                 2583
  EVP_aes_128_ctr                                                2584
  EVP_aes_192_ctr                                                2584
  EVP_aria_192_ctr                                               2584
  EVP_aria_192_ofb                                               2584
  EVP_MD_free                                                    2625
  EVP_aes_128_wrap                                               2625
  EVP_aes_128_xts                                                2625
  EVP_aes_192_ofb                                                2625
  EVP_aes_256_cfb8                                               2625
  EVP_aes_256_wrap                                               2625
  EVP_aria_192_ccm                                               2625
  EVP_aria_256_ccm                                               2625
  EVP_aria_256_ctr                                               2625
  EVP_aria_256_ecb                                               2625
  EVP_cast5_cbc                                                  2625
  EVP_rc2_ecb                                                    2625
  EVP_aes_128_ofb                                                2666
  EVP_aes_128_cfb1                                               2667
  EVP_aria_128_cbc                                               2667
  EVP_aria_192_cfb1                                              2667
  EVP_aria_192_gcm                                               2667
  EVP_sha512_224                                                 2667
  EVP_aes_192_cfb8                                               2708
  EVP_aes_192_ocb                                                2708
  EVP_aes_256_ecb                                                2708
  EVP_aria_192_cfb8                                              2708
  EVP_aria_256_cfb1                                              2708
  EVP_aria_256_cfb8                                              2708
  EVP_cast5_ecb                                                  2708
  vm_deallocate                                                  2708
  EVP_aria_128_ofb                                               2709
  EVP_des_ede_cbc                                                2709
  EVP_idea_ecb                                                   2709
  ENGINE_set_name                                                2750
  EVP_aria_192_ecb                                               2750
  EVP_des_ede3_cfb1                                              2750
  EVP_des_ede_ofb                                                2750
  NCONF_default                                                  2750
  OBJ_obj2txt                                                    2750
  lh_FUNCTION_free                                               2750
  BIO_f_cipher                                                   2791
  EVP_aria_128_ctr                                               2792
  EVP_blake2b512                                                 2792
  EVP_sm4_cfb128                                                 2792
  EVP_aria_128_cfb8                                              2833
  ossl_trace_cleanup                                             2833
  EVP_desx_cbc                                                   2834
  EVP_aes_192_wrap                                               2875
  EVP_aria_128_cfb1                                              2875
  EVP_cast5_cfb64                                                2875
  EVP_idea_cfb64                                                 2875
  query_hash                                                     2875
  strrchr                                                        2875
  EVP_aes_256_cfb128                                             2916
  EVP_aria_128_ccm                                               2916
  EVP_aria_192_cfb128                                            2916
  EVP_des_cfb1                                                   2916
  EVP_des_ede3_cbc                                               2916
  def_to_int                                                     2916
  function_cmp                                                   2916
  signal                                                         2916
  EVP_aes_192_cfb128                                             2917
  EVP_aria_128_gcm                                               2917
  ENGINE_set_id                                                  2958
  EVP_aria_256_cfb128                                            2958
  EVP_rc4_hmac_md5                                               2958
  EVP_whirlpool                                                  2958
  EVP_aes_128_cfb128                                             3000
  EVP_aes_128_gcm                                                3000
  EVP_des_ede3_ofb                                               3000
  EVP_seed_cfb128                                                3000
  EVP_camellia_192_ctr                                           3041
  EVP_camellia_192_ofb                                           3041
  EVP_des_ede3_cfb64                                             3041
  EVP_des_ede3_wrap                                              3041
  EVP_aes_192_wrap_pad                                           3042
  EVP_camellia_256_ofb                                           3042
  def_init_default                                               3042
  property_cmp                                                   3042
  EVP_camellia_128_ctr                                           3083
  UI_method_set_writer                                           3084
  EVP_aes_128_ocb                                                3125
  EVP_des_cfb64                                                  3125
  EVP_camellia_128_cbc                                           3166
  EVP_aes_128_cfb8                                               3167
  EVP_camellia_192_cfb1                                          3167
  __cxa_finalize                                                 3167
  EVP_aria_128_cfb128                                            3208
  EVP_camellia_256_cfb1                                          3208
  EVP_camellia_256_cfb8                                          3208
  EVP_des_ede_cfb64                                              3208
  OSSL_LIB_CTX_get_data                                          3208
  UI_method_set_closer                                           3208
  EVP_camellia_128_ofb                                           3209
  EVP_add_alg_module                                             3250
  EVP_aes_128_wrap_pad                                           3250
  EVP_aes_256_wrap_pad                                           3250
  EVP_camellia_256_cbc                                           3250
  EVP_camellia_256_ctr                                           3250
  ossl_comp_zstd_cleanup                                         3250
  EVP_CIPHER_get_flags                                           3291
  EVP_aes_128_ecb                                                3292
  EVP_camellia_128_cfb8                                          3292
  EVP_camellia_256_ecb                                           3292
  EVP_des_ede3_cfb8                                              3292
  EVP_camellia_128_cfb1                                          3333
  ossl_store_cleanup_int                                         3333
  getrlimit                                                      3334
  COMP_zlib                                                      3375
  EVP_camellia_192_cbc                                           3375
  EVP_chacha20_poly1305                                          3375
  opt_set_unknown_name                                           3416
  EVP_camellia_192_cfb8                                          3458
  OSSL_PARAM_modified                                            3458
  ENGINE_set_flags                                               3459
  EVP_camellia_192_ecb                                           3500
  OSSL_STORE_register_loader                                     3541
  UI_method_set_reader                                           3542
  bio_sock_cleanup_int                                           3542
  ossl_prov_ctx_free                                             3542
  EVP_camellia_128_cfb128                                        3583
  app_RAND_write                                                 3583
  init_thread_stop                                               3583
  pthread_self                                                   3583
  store_loader_cmp                                               3583
  EVP_camellia_192_cfb128                                        3625
  UI_method_set_opener                                           3625
  EVP_CipherUpdate                                               3666
  ossl_comp_zlib_cleanup                                         3666
  ossl_lib_ctx_write_lock                                        3666
  ASN1_add_stable_module                                         3667
  BIO_meth_set_ctrl                                              3667
  EVP_camellia_256_cfb128                                        3667
  ossl_comp_brotli_cleanup                                       3667
  ASN1_add_oid_module                                            3708
  EVP_camellia_128_ecb                                           3708
  evp_app_cleanup_int                                            3708
  __getrlimit                                                    3709
  ERR_print_errors                                               3750
  EVP_CipherFinal_ex                                             3750
  free_medium                                                    3750
  ossl_prov_ctx_set0_handle                                      3750
  BIO_meth_set_gets                                              3792
  engine_load_rdrand_int                                         3792
  ossl_prov_ctx_new                                              3833
  BIO_meth_set_create                                            3875
  ossl_prov_ctx_set0_libctx                                      3875
  EVP_CIPHER_fetch                                               3916
  ERR_get_error_all                                              3917
  NCONF_get0_libctx                                              3917
  core_get_libctx                                                3958
  opt_check_rest_arg                                             3958
  __smakebuf                                                     3959
  BIO_meth_set_puts                                              4000
  dyld4::APIs::_tlv_exit()                                       4000
  ossl_child_prov_ctx_new                                        4000
  ENGINE_add_conf_module                                         4042
  ossl_method_lock_store                                         4042
  ossl_lib_ctx_is_default                                        4083
  BIO_meth_set_destroy                                           4084
  ENGINE_set_cmd_defns                                           4084
  ossl_stored_namemap_free                                       4125
  null_gettable_ctx_params                                       4166
  aes_128_ofb_get_params                                         4167
  ossl_config_add_ssl_module                                     4167
  CRYPTO_THREAD_get_current_id                                   4250
  EVP_CIPHER_get_iv_length                                       4250
  OSSL_ERR_STATE_new                                             4250
  OSSL_LIB_CTX_free                                              4250
  aes_192_cfb_get_params                                         4250
  aes_256_ctr_get_params                                         4250
  aes_256_ofb_get_params                                         4250
  lsl::Lock::unlock()                                            4291
  ossl_prov_ctx_get0_libctx                                      4291
  EVP_PKEY_asn1_get_count                                        4292
  aes_192_cbc_get_params                                         4292
  aes_192_cfb1_get_params                                        4292
  ossl_bio_core_globals_free                                     4292
  close                                                          4333
  BIO_meth_set_write_ex                                          4375
  aes_128_cfb_get_params                                         4375
  aes_128_ecb_get_params                                         4375
  aes_192_ctr_get_params                                         4375
  aes_192_ecb_get_params                                         4375
  aes_v8_set_encrypt_key                                         4375
  ossl_bio_core_globals_new                                      4375
  ENGINE_set_ctrl_function                                       4417
  aes_128_ctr_get_params                                         4417
  BIO_meth_set_read_ex                                           4458
  aes_128_xts_get_params                                         4458
  aria_192_ctr_get_params                                        4459
  ossl_cipher_generic_reset_ctx                                  4459
  ossl_method_unlock_store                                       4459
  CONF_imodule_get_value                                         4500
  ENGINE_set_init_function                                       4500
  OSSL_STORE_unregister_loader                                   4500
  aes_128_ocb_get_params                                         4500
  aes_256_ccm_get_params                                         4500
  aes_v8_ctr32_encrypt_blocks                                    4500
  aria_256_cfb_get_params                                        4500
  OSSL_STORE_LOADER_set_eof                                      4541
  aes_192_ofb_get_params                                         4541
  sm4_128_gcm_get_params                                         4541
  aes_192_gcm_get_params                                         4542
  sm4_128_cbc_get_params                                         4542
  OSSL_CMP_log_close                                             4583
  __sigaction                                                    4583
  aes_256_siv_get_params                                         4583
  aria_128_ecb_get_params                                        4583
  aria_128_ofb_get_params                                        4583
  aria_192_cbc_get_params                                        4583
  aria_192_ecb_get_params                                        4583
  chacha20_get_params                                            4583
  aes_256_cfb1_get_params                                        4584
  tdes_wrap_get_params                                           4584
  ENGINE_set_finish_function                                     4625
  EVP_sha256                                                     4625
  OPENSSL_cpuid_setup                                            4625
  UI_method_set_prompt_constructor                               4625
  aes_128_cbc_get_params                                         4625
  aes_cts_192_cbc_get_params                                     4625
  aria_128_cfb8_get_params                                       4625
  aria_256_ctr_get_params                                        4625
  ossl_ctx_global_properties_new                                 4625
  pthread_cond_destroy                                           4625
  tdes_ede2_ecb_get_params                                       4625
  aria_192_ofb_get_params                                        4666
  chacha20_gettable_ctx_params                                   4666
  OSSL_STORE_LOADER_set_load                                     4667
  aes_256_cfb_get_params                                         4667
  aria_256_ofb_get_params                                        4667
  EVP_aes_256_cbc_hmac_sha256                                    4708
  aes_128_cfb8_get_params                                        4708
  aes_192_cfb8_get_params                                        4708
  aes_256_xts_get_params                                         4708
  aria_192_cfb8_get_params                                       4708
  aria_256_cfb1_get_params                                       4708
  tdes_ede2_cbc_get_params                                       4708
  tdes_ede3_cbc_get_params                                       4708
  EVP_aes_256_cbc_hmac_sha1                                      4709
  OSSL_STORE_LOADER_set_close                                    4709
  ossl_random_add_conf_module                                    4709
  sm4_128_cfb128_get_params                                      4709
  BIO_free                                                       4748
  OSSL_STORE_LOADER_set_error                                    4750
  aes_128_cfb1_get_params                                        4750
  aes_192_wrappad_get_params                                     4750
  aes_256_cbc_get_params                                         4750
  aria_128_cbc_get_params                                        4750
  aria_256_cbc_get_params                                        4750
  sm4_128_ctr_get_params                                         4750
  tdes_ede3_cfb_get_params                                       4750
  aes_128_siv_get_params                                         4791
  aes_192_ocb_get_params                                         4791
  tiny_try_realloc_in_place                                      4791
  aes_192_ccm_get_params                                         4792
  aria_128_cfb_get_params                                        4792
  aria_192_cfb_get_params                                        4792
  def_is_number                                                  4792
  sm4_128_xts_get_params                                         4792
  EVP_aes_128_cbc_hmac_sha1                                      4833
  OSSL_trace_set_channel                                         4833
  ossl_prov_ctx_set0_core_bio_method                             4833
  tdes_ede2_cfb_get_params                                       4833
  aes_128_gcm_get_params                                         4834
  ossl_rand_cleanup_int                                          4834
  OSSL_STORE_LOADER_set_open                                     4875
  aes_192_wrap_get_params                                        4875
  aes_256_ecb_get_params                                         4875
  sm4_128_ccm_get_params                                         4875
  sm4_128_ofb128_get_params                                      4875
  aria_256_ccm_get_params                                        4916
  ossl_provider_add_conf_module                                  4916
  EVP_aes_128_cbc_hmac_sha256                                    4917
  aes_128_ccm_get_params                                         4917
  aes_128_wrap_get_params                                        4917
  aes_256_cfb8_get_params                                        4917
  aria_128_cfb1_get_params                                       4917
  aria_128_ctr_get_params                                        4917
  sm4_128_ecb_get_params                                         4917
  tdes_ede2_ofb_get_params                                       4917
  tdes_ede3_cfb8_get_params                                      4917
  ENGINE_load_builtin_engines                                    4958
  camellia_128_ecb_get_params                                    4958
  ossl_indicator_set_callback_new                                4958
  ossl_property_has_optional                                     4958
  tdes_ede3_ofb_get_params                                       4958
  OSSL_STORE_LOADER_free                                         4959
  aes_192_siv_get_params                                         4959
  aes_256_ocb_get_params                                         5000
  aes_cts_128_cbc_get_params                                     5000
  aes_cts_256_cbc_get_params                                     5000
  aria_128_gcm_get_params                                        5000
  aria_192_cfb1_get_params                                       5000
  camellia_256_ctr_get_params                                    5000
  camellia_256_ofb_get_params                                    5000
  engine_pkey_meths_free                                         5000
  ossl_prov_cipher_hw_aes_ctr                                    5000
  aes_128_wrappad_get_params                                     5041
  aria_256_ecb_get_params                                        5041
  aria_256_gcm_get_params                                        5041
  camellia_128_cfb8_get_params                                   5041
  Diagnostics::clearError()                                      5042
  camellia_128_cbc_get_params                                    5042
  memset                                                         5042
  ossl_init_thread_deregister                                    5042
  OSSL_STORE_LOADER_set_expect                                   5083
  __fcntl                                                        5083
  camellia_128_cfb_get_params                                    5083
  camellia_256_cfb_get_params                                    5083
  ossl_store_register_init                                       5083
  aes_192_wrapinv_get_params                                     5084
  aria_128_ccm_get_params                                        5084
  aes_256_wrap_get_params                                        5125
  aes_256_wrappad_get_params                                     5125
  aria_192_gcm_get_params                                        5125
  camellia_256_cbc_get_params                                    5125
  engine_remove_dynamic_id                                       5125
  ossl_property_match_count                                      5125
  ossl_self_test_set_callback_free                               5125
  tdes_ede3_cfb1_get_params                                      5125
  OPENSSL_sk_sort                                                5166
  camellia_128_ctr_get_params                                    5166
  aes_256_gcm_get_params                                         5167
  camellia_192_cfb1_get_params                                   5167
  aes_256_wrapinv_get_params                                     5208
  camellia_128_cfb1_get_params                                   5208
  camellia_192_cbc_get_params                                    5208
  ossl_free_compression_methods_int                              5208
  ossl_self_test_set_callback_new                                5208
  camellia_256_cfb1_get_params                                   5209
  EVP_CIPHER_get_key_length                                      5250
  aes_128_wrapinv_get_params                                     5250
  aria_256_cfb8_get_params                                       5250
  camellia_192_cfb8_get_params                                   5250
  camellia_192_ecb_get_params                                    5250
  camellia_192_ofb_get_params                                    5250
  ossl_indicator_set_callback_free                               5250
  getegid                                                        5291
  tiny_malloc_from_free_list                                     5291
  ENGINE_get_cipher_engine                                       5292
  camellia_cts_192_cbc_get_params                                5292
  aria_192_ccm_get_params                                        5333
  engine_pkey_asn1_meths_free                                    5333
  tdes_ede3_ecb_get_params                                       5333
  OSSL_PARAM_get_int                                             5374
  camellia_192_cfb_get_params                                    5375
  camellia_192_ctr_get_params                                    5375
  getgid                                                         5375
  camellia_128_ofb_get_params                                    5416
  aes_256_wrappadinv_get_params                                  5417
  camellia_256_ecb_get_params                                    5417
  ossl_prov_ctx_get0_core_bio_method                             5417
  chacha20_poly1305_gettable_ctx_params                          5459
  chacha20_poly1305_get_params                                   5500
  medium_region_for_ptr_no_lock                                  5500
  ossl_provider_unquery_operation                                5500
  camellia_256_cfb8_get_params                                   5542
  ossl_aes_256_gcm_siv_get_params                                5542
  aes_128_wrappadinv_get_params                                  5583
  camellia_cts_256_cbc_get_params                                5584
  medium_malloc_from_free_list                                   5584
  aes_192_wrappadinv_get_params                                  5625
  ossl_aes_192_gcm_siv_get_params                                5708
  ossl_prov_bio_from_dispatch                                    5708
  EVP_CIPHER_CTX_get_block_size                                  5750
  geteuid                                                        5750
  OSSL_LIB_CTX_set_conf_diagnostics                              5833
  ossl_aes_128_gcm_siv_get_params                                5834
  opt_arg                                                        5917
  app_get0_libctx                                                6041
  camellia_cts_128_cbc_get_params                                6042
  getuid                                                         6042
  lsl::Lock::lock()                                              6083
  BIO_set_data                                                   6125
  ossl_prov_seeding_from_dispatch                                6125
  EVP_CIPHER_get_mode                                            6250
  EVP_RAND_CTX_free                                              6333
  OSSL_PARAM_get_int32                                           6501
  dyld3::kdebug_trace_dyld_enabled(unsigned int)                 6875
  dyld4::Loader::hiddenFromFlat(bool) const                      6917
  BIO_next                                                       6958
  dyld4::BumpAllocator::~BumpAllocator()                         7042
  bio_open_default                                               7125
  dyld4::handleFromLoader(dyld4::Loader const*, bool)             7167
  EVP_CipherInit_ex                                              7292
  store_loader_hash                                              7417
  _kernelrpc_mach_port_deallocate_trap                           7458
  ENGINE_register_EC                                             7542
  _platform_strnlen                                              7542
  ENGINE_register_DH                                             7583
  OPENSSL_sk_pop                                                 7709
  err_unshelve_state                                             7833
  dyld4::JustInTimeLoader::hiddenFromFlat(bool) const             7875
  file_ctrl                                                      7999
  openssl_fopen                                                  8083
  BIO_copy_next_retry                                            8125
  ENGINE_register_DSA                                            8166
  flsl                                                           8209
  X509_get_default_cert_area                                     8249
  ENGINE_register_RSA                                            8375
  _kernelrpc_mach_port_construct_trap                            8375
  dyld4::Loader::beginInitializers(dyld4::RuntimeState&)             8416
  ENGINE_register_RAND                                           8458
  __sclose                                                       8501
  lsl::EphemeralAllocator::reset()                               8541
  ossl_lib_ctx_get_concrete                                      8583
  ossl_sa_new                                                    8708
  strlen                                                         8833
  __sflags                                                       8917
  dyld4::RuntimeState::notifyObjCPatching()                      8959
  BIO_set_init                                                   9000
  dyld4::RuntimeState::incDlRefCount(dyld4::Loader const*)             9000
  ENGINE_register_digests                                        9083
  free_small                                                     9083
  ENGINE_register_ciphers                                        9209
  lsl::Vector<dyld4::Loader const*>::reserveExact(unsigned long)             9250
  ossl_cipher_generic_einit                                      9292
  ossl_property_free                                             9375
  BIO_set_flags                                                  9541
  dyld4::JustInTimeLoader::beginInitializers(dyld4::RuntimeState&)             9792
  DSO_METHOD_openssl                                             9875
  ENGINE_register_pkey_meths                                     9875
  ossl_cipher_generic_set_ctx_params                             9875
  OSSL_LIB_CTX_get_conf_diagnostics                             10166
  lsl::Vector<lsl::MemoryManager::Buffer>::reserve(unsigned long)            10208
  CRYPTO_atomic_or                                              10500
  ossl_lib_ctx_get_ex_data_global                               10833
  ossl_lib_ctx_get_rcukey                                       11042
  ENGINE_register_pkey_asn1_meths                               11084
  engine_free_util                                              11208
  NCONF_get_section                                             11209
  ossl_sa_doall_arg                                             11458
  OPENSSL_cleanse                                               11582
  aes_siv_gettable_ctx_params                                   12083
  ossl_property_value                                           12125
  __bzero                                                       12250
  dyld4::RuntimeState::doSingletonPatching(dyld4::DyldCacheDataConstLazyScopedWriter&)            12334
  rack_region_insert                                            12375
  EVP_add_cipher                                                12583
  ossl_cipher_capable_aes_cbc_hmac_sha256                       12708
  ossl_cipher_capable_aes_cbc_hmac_sha1                         12709
  fstat                                                         13001
  aes_cbc_cts_gettable_ctx_params                               13416
  cipher_ocb_gettable_ctx_params                                13416
  deflt_query                                                   13584
  DSO_free                                                      13876
  dyld4::DyldCacheDataConstLazyScopedWriter::DyldCacheDataConstLazyScopedWriter(dyld4::RuntimeState&)            14084
  dyld4::Loader::loadDependents(Diagnostics&, dyld4::RuntimeState&, dyld4::Loader::LoadOptions const&)            14125
  BIO_clear_flags                                               14126
  small_try_realloc_in_place                                    14416
  sa_doall                                                      14457
  _NSGetEnviron                                                 14500
  CRYPTO_atomic_add                                             14750
  BIO_get_data                                                  14960
  dyld4::JustInTimeLoader::loadDependents(Diagnostics&, dyld4::RuntimeState&, dyld4::Loader::LoadOptions const&)            15041
  lsl::EphemeralAllocator::~EphemeralAllocator()                15042
  dyld4::Loader::path() const                                   15043
  ossl_aes_gcm_siv_gettable_ctx_params                          15333
  camellia_cbc_cts_gettable_ctx_params                          15458
  file_new                                                      16249
  os_unfair_recursive_lock_unlock                               16251
  dyld3::MachOFile::is64() const                                16457
  __sflush                                                      16501
  ossl_prov_is_running                                          16625
  _kernelrpc_mach_vm_deallocate_trap                            16875
  file_free                                                     17000
  _kernelrpc_mach_port_destruct_trap                            17041
  pthread_mutex_destroy                                         17791
  OPENSSL_LH_get_down_load                                      17792
  FMT_istext                                                    17833
  CRYPTO_THREAD_lock_free                                       17834
  invocation function for block in dyld4::Loader::forEachPath(Diagnostics&, dyld4::RuntimeState&, char const*, dyld4::Loader::Loa            18084
  dyld4::JustInTimeLoader::path() const                         18167
  BIO_new                                                       18499
  kdebug_is_enabled                                             18710
  pthread_cond_init                                             19415
  dyld4::LibSystemHelpers::pthread_getspecific(unsigned long) const            20250
  property_free                                                 20457
  __chkstk_darwin_probe                                         20458
  os_unfair_recursive_lock_lock_with_options                    20958
  lsl::EphemeralAllocator::deallocate_buffer(lsl::MemoryManager::Buffer)            21041
  dyld4::Loader::matchesPath(char const*) const                 21749
  os_unfair_lock_assert_not_owner                               21793
  small_size                                                    22332
  dyld4::ProcessConfig::DyldCache::indexOfPath(char const*, unsigned int&) const            23000
  _kernelrpc_mach_vm_map_trap                                   23209
  mach_msg2_trap                                                24542
  pthread_mutex_init                                            24794
  ___chkstk_darwin                                              24875
  ossl_property_name                                            25790
  __findenv_locked                                              26584
  dyld4::Loader::loadAddress(dyld4::RuntimeState&) const            26625
  dyld3::ScopedTimer::endTimer()                                26834
  OPENSSL_strnlen                                               26874
  lsl::MemoryManager::lockGuard()                               27708
  OPENSSL_sk_delete                                             27960
  dyld4::JustInTimeLoader::loadAddress(dyld4::RuntimeState&) const            29041
  lsl::AllocationMetadata::AllocationMetadata(lsl::Allocator*, unsigned long)            32751
  _pthread_mutex_check_init_slow                                32792
  __open                                                        32917
  small_free_list_find_by_ptr                                   34583
  OPENSSL_LH_set_down_load                                      35125
  CRYPTO_new_ex_data                                            35417
  __read_nocancel                                               36332
  szone_good_size                                               37918
  small_free_list_remove_ptr                                    38292
  dyld4::LibSystemHelpers::os_unfair_recursive_lock_unlock(os_unfair_recursive_lock_s*) const            38458
  OPENSSL_sk_free                                               39626
  dyld4::LibSystemHelpers::os_unfair_lock_unlock(os_unfair_lock_s*) const            40749
  ossl_rcu_write_lock                                           41916
  Diagnostics::hasError() const                                 42457
  EVP_PKEY_asn1_get0                                            42541
  small_malloc_from_free_list                                   44419
  ossl_rcu_write_unlock                                         44917
  tiny_free_list_remove_ptr                                     45958
  ossl_tdes_gettable_ctx_params                                 45999
  small_free_list_remove_ptr_no_clear                           46500
  pthread_setspecific                                           46667
  small_free_list_add_ptr                                       47251
  madvise                                                       47417
  dyld3::MachOFile::read_uleb128(Diagnostics&, unsigned char const*&, unsigned char const*)            50291
  Diagnostics::noError() const                                  50708
  __write_nocancel                                              50708
  dyld4::RuntimeState::PermanentRanges::contains(unsigned long, unsigned long, unsigned char*, dyld4::Loader const**) const            51291
  dyld4::LibSystemHelpers::os_unfair_recursive_lock_lock_with_options(os_unfair_recursive_lock_s*, os_unfair_lock_options_t) cons            52999
  szone_malloc                                                  53583
  pthread_cond_broadcast                                        55001
  get_tiny_previous_free_msize                                  55750
  EVP_PKEY_asn1_get0_info                                       56083
  _tiny_check_and_zero_inline_meta_from_freelist                58543
  tiny_size                                                     58623
  dyld4::LibSystemHelpers::os_unfair_lock_lock_with_options(os_unfair_lock_s*, os_unfair_lock_options_t) const            58874
  realloc                                                       60960
  lsl::EphemeralAllocator::allocate_buffer(unsigned long, unsigned long, unsigned long)            62291
  set_tiny_meta_header_in_use                                   63627
  _qsort                                                        65166
  _szone_free                                                   68381
  strcmp                                                        70627
  OPENSSL_sk_pop_free                                           70668
  ossl_cipher_aead_gettable_ctx_params                          71751
  szone_try_free_default                                        76753
  tiny_free_list_add_ptr                                        77041
  os_unfair_lock_assert_owner                                   77832
  __close_nocancel                                              77876
  invocation function for block in dyld3::MachOFile::getDylibInstallName(char const**, unsigned int*, unsigned int*) const            81168
  rack_get_thread_index                                         82455
  property_hash                                                 83210
  dyld3::kdebug_trace_dyld_duration_end(unsigned long long, unsigned int, dyld3::kt_arg, dyld3::kt_arg, dyld3::kt_arg)            83833
  EVP_CIPHER_get_type                                           90877
  dyld3::OverflowSafeArray<unsigned int, 4294967295ul>::verifySpace(unsigned long)            91542
  dyld4::Loader::contains(dyld4::RuntimeState&, void const*, void const**, unsigned long long*, unsigned char*) const            95125
  pthread_cond_signal                                          102001
  Diagnostics::assertNoError() const                           108002
  pthread_rwlock_init                                          112206
  nanov2_size                                                  114749
  pthread_rwlock_destroy                                       120209
  __open_nocancel                                              125958
  os_unfair_lock_unlock                                        126748
  Diagnostics::~Diagnostics()                                  142583
  Diagnostics::Diagnostics(bool)                               146544
  get_legacy_evp_names                                         159165
  ossl_ctype_check                                             169457
  os_unfair_lock_lock_with_options                             169462
  invocation function for block in dyld3::MachOFile::getEntry(unsigned long long&, bool&) const           190080
  nanov2_pointer_size                                          194537
  EVP_MD_get_type                                              194875
  free                                                         200499
  nanov2_allocate_from_block                                   207875
  _Block_object_dispose                                        214328
  OPENSSL_hexchar2int                                          234332
  ossl_sa_set                                                  244795
  strncmp                                                      270751
  trim_ws                                                      278207
  invocation function for block in dyld4::JustInTimeLoader::contains(dyld4::RuntimeState&, void const*, void const**, unsigned lo           298125
  BUF_MEM_new                                                  301493
  names_free                                                   314121
  OBJ_get0_data                                                325709
  OPENSSL_LH_doall                                             326249
  OPENSSL_LH_flush                                             327578
  ossl_provider_ctx                                            341826
  OSSL_PARAM_set_uint                                          342132
  EVP_CIPHER_get_nid                                           365912
  conf_value_cmp                                               379885
  ossl_lib_ctx_unlock                                          381088
  OSSL_PARAM_locate_const                                      399418
  ossl_lib_ctx_read_lock                                       425337
  invocation function for block in dyld3::MachOLoaded::findClosestSymbol(unsigned long long, char const**, unsigned long long*) c           426002
  OPENSSL_LH_set_thunks                                        429671
  property_defn_cmp                                            439915
  ossl_cipher_generic_gettable_ctx_params                      447621
  evp_cipher_up_ref                                            459670
  ossl_provider_free                                           463166
  property_defn_hash                                           468036
  value_free_hash                                              473503
  function_hash                                                473709
  BN_free                                                      482214
  CRYPTO_realloc                                               488209
  ossl_provider_up_ref                                         494081
  ASN1_OBJECT_free                                             502006
  OSSL_PARAM_set_uint32                                        502203
  ossl_sa_get                                                  512951
  eat_alpha_numeric                                            513876
  OSSL_PARAM_construct_end                                     550580
  sa_free_node                                                 554045
  EVP_CIPHER_get0_provider                                     562039
  OSSL_PARAM_construct_uint                                    567916
  evp_cipher_free                                              570917
  do_all_fn                                                    584122
  EVP_CIPHER_free                                              620501
  ossl_provider_libctx                                         802491
  invocation function for block in dyld3::MachOLoaded::getLinkEditLoadCommands(Diagnostics&, dyld3::MachOLoaded::LinkEditInfo&) c           847999
  internal_free_nop                                            857449
  _platform_strncmp                                            868956
  name_string_free                                             890837
  OPENSSL_LH_error                                             929293
  OSSL_PARAM_set_size_t                                       1121941
  BUF_MEM_grow                                                1129243
  invocation function for block in dyld3::MachOFile::forEachSegment(void (dyld3::MachOFile::SegmentInfo const&, bool&) block_poin          1129333
  sk_reserve                                                  1156039
  pthread_getspecific                                         1158450
  _os_once                                                    1230450
  CRYPTO_THREAD_get_local                                     1289785
  _platform_memchr                                            1350341
  ossl_rcu_assign_uptr                                        1401831
  names_lh_free_doall                                         1515077
  OSSL_PARAM_set_uint64                                       1521506
  ossl_lib_ctx_get_data                                       1603465
  OSSL_PARAM_set_int                                          1622161
  _platform_strchr                                            1732789
  pthread_mutex_lock                                          1734363
  OSSL_PARAM_construct_size_t                                 1807543
  pthread_mutex_unlock                                        1834581
  _nanov2_free                                                1875321
  OPENSSL_sk_push                                             1967716
  _pthread_mutex_lock_init_slow                               1988953
  OPENSSL_sk_num                                              2002457
  _pthread_mutex_unlock_init_slow                             2093869
  _pthread_mutex_firstfit_lock_slow                           2203618
  _pthread_mutex_firstfit_unlock_slow                         2293299
  OPENSSL_sk_value                                            2322247
  OSSL_PARAM_set_int32                                        2441548
  obj_name_cmp                                                2491932
  OPENSSL_LH_strhash                                          2695907
  OSSL_PARAM_construct_int                                    2752212
  _platform_memcmp                                            2756672
  pthread_once                                                3037781
  OBJ_nid2obj                                                 3166046
  CRYPTO_atomic_load                                          3273768
  pthread_rwlock_rdlock                                       3316881
  SortFnByName                                                3418003
  ossl_lh_strcasehash                                         3661652
  __error                                                     3801065
  ossl_isdigit                                                3974615
  cipher_compare                                              4019970
  fnv1a_hash                                                  4422895
  _platform_memmove                                           6496240
  pthread_rwlock_wrlock                                       6635762
  pthread_rwlock_unlock                                       9949267
  err_string_data_cmp                                        10866181
  CRYPTO_free                                                12169272
  malloc                                                     13432149
  doapr_outch                                                15096445
  err_string_data_hash                                       16580786
  nanov2_malloc                                              18503154
  _platform_strlen                                           23157631
  _platform_memset                                           25337695
  nanov2_try_free_default                                    25737617
  _platform_strcmp                                           28043841
  ossl_tolower                                               59686480
