
  EVP_sha224                                                     1792
  sigaction                                                      1833
  EVP_md5                                                        1834
  pd_free                                                        1834
  EVP_bf_cbc                                                     2041
  EVP_mdc2                                                       2041
  EVP_rc2_ofb                                                    2042
  UI_OpenSSL                                                     2042
  EVP_rc4_40                                                     2084
  EVP_md4                                                        2125
  EVP_sm4_ctr                                                    2125
  EVP_seed_cbc                                                   2166
  EVP_sm4_cbc                                                    2166
  EVP_des_ofb                                                    2167
  EVP_sha1                                                       2167
  EVP_sm4_ofb                                                    2167
  EVP_bf_ofb                                                     2208
  EVP_sha512                                                     2208
  UI_null                                                        2208
  EVP_seed_ofb                                                   2209
  opt_unknown                                                    2209
  EVP_des_cbc                                                    2250
  EVP_des_ecb                                                    2250
  EVP_idea_cbc                                                   2250
  EVP_idea_ofb                                                   2250
  EVP_rc4                                                        2250
  EVP_sha3_384                                                   2250
  EVP_shake128                                                   2250
  strchr                                                         2250
  EVP_sha384                                                     2291
  EVP_sha3_224                                                   2291
  EVP_cast5_ofb                                                  2292
  EVP_sha3_512                                                   2292
  _cleanup                                                       2292
  EVP_des_cfb8                                                   2333
  EVP_rc2_cbc                                                    2333
  EVP_cast5_cbc                                                  2334
  EVP_des_ede                                                    2334
  EVP_sm3                                                        2334
  EVP_md5_sha1                                                   2375
  EVP_rc2_cfb64                                                  2375
  EVP_sha512_256                                                 2375
  EVP_sm4_ecb                                                    2416
  EVP_aes_192_gcm                                                2417
  EVP_aes_256_cbc                                                2417
  EVP_bf_cfb64                                                   2458
  EVP_bf_ecb                                                     2459
  app_get0_propq                                                 2459
  EVP_desx_cbc                                                   2500
  EVP_ripemd160                                                  2500
  EVP_shake256                                                   2500
  EVP_rc2_ecb                                                    2541
  EVP_aes_256_ccm                                                2542
  EVP_aes_256_gcm                                                2542
  EVP_blake2s256                                                 2542
  EVP_sha512_224                                                 2542
  EVP_aes_128_ctr                                                2583
  EVP_chacha20                                                   2583
  EVP_des_cfb1                                                   2583
  EVP_des_ede3                                                   2583
  EVP_des_ede_cbc                                                2583
  EVP_seed_ecb                                                   2583
  EVP_sha3_256                                                   2583
  EVP_aes_192_cbc                                                2584
  EVP_aes_192_ccm                                                2584
  COMP_get_type                                                  2625
  EVP_aes_128_cbc                                                2625
  EVP_aes_192_cfb1                                               2625
  EVP_aes_192_ocb                                                2625
  EVP_aes_256_cfb1                                               2625
  EVP_aes_256_xts                                                2625
  EVP_aria_256_ccm                                               2625
  EVP_idea_ecb                                                   2625
  lh_FUNCTION_free                                               2625
  EVP_MD_free                                                    2666
  EVP_aes_256_ecb                                                2666
  EVP_aria_256_cbc                                               2666
  EVP_aes_256_ocb                                                2667
  EVP_aria_192_cbc                                               2667
  EVP_aria_256_ctr                                               2667
  EVP_aria_256_ecb                                               2667
  EVP_cast5_ecb                                                  2667
  EVP_des_ede_ofb                                                2667
  EVP_aria_256_gcm                                               2708
  EVP_des_ede3_ofb                                               2708
  vm_deallocate                                                  2708
  EVP_aes_192_cfb8                                               2709
  EVP_aria_192_ofb                                               2709
  EVP_blake2b512                                                 2709
  EVP_des_ede3_cfb8                                              2709
  def_to_int                                                     2709
  ENGINE_set_name                                                2750
  EVP_aes_128_ofb                                                2750
  EVP_aes_192_ctr                                                2750
  EVP_aes_256_ofb                                                2750
  EVP_aes_256_wrap                                               2750
  EVP_aria_128_ecb                                               2750
  EVP_aria_128_ofb                                               2750
  EVP_idea_cfb64                                                 2750
  EVP_rc4_hmac_md5                                               2750
  EVP_aria_256_ofb                                               2791
  EVP_cast5_cfb64                                                2791
  opt_next                                                       2791
  EVP_aria_192_ecb                                               2792
  EVP_aria_192_gcm                                               2792
  NCONF_default                                                  2792
  release_engine                                                 2792
  strrchr                                                        2792
  EVP_aes_192_ofb                                                2833
  EVP_aes_256_cfb8                                               2833
  EVP_aria_128_ctr                                               2833
  EVP_rc2_40_cbc                                                 2833
  EVP_aes_192_ecb                                                2834
  EVP_seed_cfb128                                                2834
  ossl_trace_cleanup                                             2834
  BIO_f_cipher                                                   2875
  EVP_aes_128_ccm                                                2875
  EVP_aes_128_cfb1                                               2875
  EVP_aes_256_ctr                                                2875
  EVP_aria_128_cbc                                               2875
  EVP_aria_128_cfb8                                              2875
  EVP_aria_192_ctr                                               2875
  EVP_aria_256_cfb1                                              2875
  EVP_whirlpool                                                  2875
  OBJ_obj2txt                                                    2875
  property_cmp                                                   2875
  EVP_aria_256_cfb8                                              2917
  EVP_rc2_64_cbc                                                 2917
  query_hash                                                     2917
  EVP_aes_128_gcm                                                2958
  EVP_aes_192_wrap                                               2958
  EVP_aria_128_ccm                                               2958
  EVP_aria_192_ccm                                               2958
  EVP_aria_128_cfb1                                              2959
  ENGINE_set_id                                                  3000
  EVP_aria_128_gcm                                               3000
  EVP_aria_192_cfb1                                              3000
  EVP_aria_256_cfb128                                            3000
  EVP_des_ede3_wrap                                              3000
  EVP_des_ede3_cbc                                               3041
  EVP_camellia_256_cbc                                           3083
  signal                                                         3083
  __cxa_finalize                                                 3084
  EVP_aria_128_cfb128                                            3125
  EVP_aria_192_cfb128                                            3125
  EVP_aria_192_cfb8                                              3125
  EVP_camellia_192_ctr                                           3125
  EVP_camellia_256_ofb                                           3125
  __smakebuf                                                     3125
  def_init_default                                               3125
  EVP_aes_128_ocb                                                3166
  EVP_camellia_192_ofb                                           3166
  UI_method_set_writer                                           3166
  EVP_aes_128_ecb                                                3167
  EVP_aes_192_cfb128                                             3167
  EVP_aes_192_wrap_pad                                           3167
  EVP_camellia_128_ctr                                           3167
  function_cmp                                                   3167
  EVP_aes_128_cfb128                                             3208
  EVP_des_ede_cfb64                                              3208
  ossl_comp_zstd_cleanup                                         3209
  COMP_zlib                                                      3250
  EVP_aes_128_cfb8                                               3250
  EVP_aes_128_wrap_pad                                           3250
  EVP_aes_256_cfb128                                             3250
  EVP_aes_256_wrap_pad                                           3250
  EVP_camellia_256_cfb1                                          3250
  EVP_chacha20_poly1305                                          3250
  EVP_des_ede3_cfb1                                              3250
  EVP_sm4_cfb128                                                 3250
  UI_method_set_closer                                           3250
  getrlimit                                                      3250
  opt_set_unknown_name                                           3250
  EVP_CIPHER_get_flags                                           3291
  EVP_aes_128_xts                                                3292
  UI_method_set_opener                                           3333
  EVP_camellia_192_cbc                                           3334
  app_RAND_write                                                 3334
  bio_sock_cleanup_int                                           3334
  EVP_camellia_128_ofb                                           3375
  EVP_camellia_192_cfb1                                          3375
  EVP_camellia_256_ctr                                           3375
  OSSL_PARAM_modified                                            3375
  EVP_camellia_256_cfb8                                          3416
  OSSL_LIB_CTX_get_data                                          3416
  EVP_aes_128_wrap                                               3417
  EVP_camellia_128_cbc                                           3417
  EVP_camellia_256_ecb                                           3417
  UI_method_set_reader                                           3417
  ossl_prov_ctx_free                                             3417
  ossl_prov_ctx_new                                              3417
  pthread_self                                                   3417
  ENGINE_set_flags                                               3458
  EVP_camellia_128_cfb8                                          3458
  EVP_des_cfb64                                                  3458
  ossl_store_cleanup_int                                         3458
  store_loader_cmp                                               3541
  EVP_add_alg_module                                             3542
  EVP_camellia_128_cfb1                                          3542
  EVP_camellia_128_cfb128                                        3542
  init_thread_stop                                               3583
  ossl_comp_zlib_cleanup                                         3583
  BIO_meth_set_ctrl                                              3625
  EVP_camellia_192_cfb128                                        3625
  EVP_camellia_192_cfb8                                          3625
  EVP_camellia_192_ecb                                           3625
  OSSL_STORE_register_loader                                     3667
  ossl_comp_brotli_cleanup                                       3667
  ASN1_add_oid_module                                            3708
  ASN1_add_stable_module                                         3708
  evp_app_cleanup_int                                            3750
  ossl_lib_ctx_write_lock                                        3750
  EVP_CipherFinal_ex                                             3791
  EVP_des_ede3_cfb64                                             3791
  core_get_libctx                                                3791
  ossl_prov_ctx_set0_handle                                      3792
  EVP_camellia_128_ecb                                           3833
  NCONF_get0_libctx                                              3833
  engine_load_rdrand_int                                         3833
  BIO_meth_set_create                                            3875
  EVP_CIPHER_fetch                                               3875
  EVP_CipherUpdate                                               3875
  EVP_camellia_256_cfb128                                        3875
  OSSL_LIB_CTX_free                                              3875
  free_medium                                                    3875
  dyld4::APIs::_tlv_exit()                                       3916
  BIO_meth_set_destroy                                           3917
  ERR_print_errors                                               3917
  opt_check_rest_arg                                             3917
  BIO_meth_set_gets                                              3958
  BIO_meth_set_puts                                              3958
  ENGINE_set_cmd_defns                                           3958
  ossl_prov_ctx_set0_libctx                                      3958
  __getrlimit                                                    4042
  ossl_prov_ctx_get0_libctx                                      4042
  ERR_get_error_all                                              4083
  EVP_CIPHER_get_iv_length                                       4083
  null_gettable_ctx_params                                       4083
  CRYPTO_THREAD_get_current_id                                   4125
  ossl_child_prov_ctx_new                                        4125
  ossl_method_lock_store                                         4125
  ossl_method_unlock_store                                       4167
  ENGINE_add_conf_module                                         4208
  EVP_PKEY_asn1_get_count                                        4208
  tiny_free_no_lock                                              4208
  aes_128_ofb_get_params                                         4209
  aes_192_cbc_get_params                                         4209
  CONF_imodule_get_value                                         4250
  aes_128_ecb_get_params                                         4250
  aes_192_ctr_get_params                                         4250
  aes_192_ecb_get_params                                         4250
  aes_256_ctr_get_params                                         4250
  ossl_lib_ctx_is_default                                        4250
  aes_192_gcm_get_params                                         4292
  aes_256_cbc_get_params                                         4292
  aria_128_cfb_get_params                                        4292
  ossl_cipher_generic_reset_ctx                                  4292
  ossl_config_add_ssl_module                                     4292
  ossl_stored_namemap_free                                       4292
  aes_192_ofb_get_params                                         4333
  sm4_128_cbc_get_params                                         4333
  __sigaction                                                    4375
  aes_v8_set_encrypt_key                                         4375
  aria_256_ofb_get_params                                        4375
  ossl_bio_core_globals_free                                     4375
  ENGINE_set_ctrl_function                                       4416
  ossl_bio_core_globals_new                                      4416
  BIO_meth_set_read_ex                                           4417
  OPENSSL_cpuid_setup                                            4417
  aes_128_xts_get_params                                         4417
  aria_192_ofb_get_params                                        4417
  BIO_meth_set_write_ex                                          4458
  OSSL_CMP_log_close                                             4458
  OSSL_ERR_STATE_new                                             4458
  aes_192_ocb_get_params                                         4458
  aes_256_cfb_get_params                                         4458
  aria_192_cbc_get_params                                        4458
  aes_128_cbc_get_params                                         4459
  aes_128_ctr_get_params                                         4459
  aria_128_cbc_get_params                                        4459
  ENGINE_set_init_function                                       4500
  EVP_aes_256_cbc_hmac_sha1                                      4500
  OSSL_STORE_LOADER_set_eof                                      4500
  aes_192_cfb_get_params                                         4500
  aes_256_ofb_get_params                                         4500
  aria_128_ccm_get_params                                        4500
  aria_128_ofb_get_params                                        4500
  aria_256_cfb_get_params                                        4500
  chacha20_gettable_ctx_params                                   4500
  pthread_cond_destroy                                           4500
  OSSL_STORE_unregister_loader                                   4541
  aes_192_cfb1_get_params                                        4541
  aes_v8_ctr32_encrypt_blocks                                    4542
  chacha20_get_params                                            4542
  ossl_store_register_init                                       4542
  sm4_128_ctr_get_params                                         4542
  sm4_128_xts_get_params                                         4542
  tdes_ede2_cbc_get_params                                       4542
  tiny_try_realloc_in_place                                      4542
  OSSL_STORE_LOADER_free                                         4583
  aes_192_siv_get_params                                         4583
  aria_128_cfb1_get_params                                       4583
  ossl_random_add_conf_module                                    4583
  sm4_128_gcm_get_params                                         4583
  tdes_ede3_cbc_get_params                                       4583
  aes_256_siv_get_params                                         4584
  aes_256_xts_get_params                                         4584
  aria_256_ctr_get_params                                        4584
  ENGINE_set_finish_function                                     4625
  aes_128_ccm_get_params                                         4625
  aes_128_cfb1_get_params                                        4625
  aes_128_cfb_get_params                                         4625
  aes_128_ocb_get_params                                         4625
  aes_128_siv_get_params                                         4625
  aes_192_ccm_get_params                                         4625
  aes_192_cfb8_get_params                                        4625
  aes_192_wrap_get_params                                        4625
  aes_256_ccm_get_params                                         4625
  aria_192_ctr_get_params                                        4625
  aria_192_ecb_get_params                                        4625
  aria_256_cfb8_get_params                                       4625
  sm4_128_ofb128_get_params                                      4625
  EVP_sha256                                                     4666
  OSSL_STORE_LOADER_set_load                                     4666
  aria_256_cfb1_get_params                                       4666
  ossl_ctx_global_properties_new                                 4666
  OSSL_STORE_LOADER_set_error                                    4667
  aes_256_ecb_get_params                                         4667
  aes_256_gcm_get_params                                         4667
  tdes_ede2_ofb_get_params                                       4667
  tdes_wrap_get_params                                           4667
  BIO_free                                                       4708
  OSSL_STORE_LOADER_set_close                                    4708
  aes_256_cfb1_get_params                                        4708
  aes_256_cfb8_get_params                                        4708
  aria_128_ecb_get_params                                        4708
  aria_192_cfb8_get_params                                       4708
  aria_256_cbc_get_params                                        4708
  ossl_prov_ctx_set0_core_bio_method                             4708
  sm4_128_cfb128_get_params                                      4708
  tdes_ede3_cfb_get_params                                       4708
  OSSL_trace_set_channel                                         4709
  aes_256_wrapinv_get_params                                     4709
  tdes_ede2_cfb_get_params                                       4709
  EVP_aes_128_cbc_hmac_sha256                                    4750
  EVP_aes_256_cbc_hmac_sha256                                    4750
  aes_256_ocb_get_params                                         4750
  aria_128_cfb8_get_params                                       4750
  aria_128_ctr_get_params                                        4750
  aria_192_ccm_get_params                                        4750
  sm4_128_ccm_get_params                                         4750
  sm4_128_ecb_get_params                                         4750
  aria_192_cfb1_get_params                                       4791
  aria_192_gcm_get_params                                        4791
  aria_256_ecb_get_params                                        4791
  UI_method_set_prompt_constructor                               4792
  aria_192_cfb_get_params                                        4792
  ossl_prov_cipher_hw_aes_ctr                                    4792
  ossl_provider_add_conf_module                                  4792
  ossl_rand_cleanup_int                                          4792
  tdes_ede2_ecb_get_params                                       4792
  EVP_aes_128_cbc_hmac_sha1                                      4833
  def_is_number                                                  4833
  engine_pkey_meths_free                                         4833
  tdes_ede3_ofb_get_params                                       4833
  ENGINE_load_builtin_engines                                    4834
  aes_128_cfb8_get_params                                        4834
  aes_192_wrapinv_get_params                                     4834
  aes_cts_256_cbc_get_params                                     4834
  aria_256_gcm_get_params                                        4834
  lsl::Lock::unlock()                                            4834
  aes_128_wrappad_get_params                                     4875
  aes_cts_192_cbc_get_params                                     4875
  tdes_ede3_cfb8_get_params                                      4875
  ossl_indicator_set_callback_new                                4916
  aes_192_wrappad_get_params                                     4917
  aria_256_ccm_get_params                                        4917
  camellia_192_ctr_get_params                                    4917
  ossl_self_test_set_callback_free                               4917
  camellia_128_cfb_get_params                                    4958
  camellia_256_cbc_get_params                                    4958
  camellia_256_ctr_get_params                                    4958
  engine_remove_dynamic_id                                       4958
  EVP_CIPHER_get_key_length                                      4959
  aes_128_gcm_get_params                                         5000
  aes_128_wrapinv_get_params                                     5000
  aes_256_wrap_get_params                                        5000
  aes_cts_128_cbc_get_params                                     5041
  aria_128_gcm_get_params                                        5041
  camellia_128_ecb_get_params                                    5041
  camellia_256_cfb_get_params                                    5041
  camellia_192_cbc_get_params                                    5042
  tdes_ede3_cfb1_get_params                                      5042
  ENGINE_get_cipher_engine                                       5083
  OSSL_STORE_LOADER_set_open                                     5083
  camellia_128_cfb1_get_params                                   5083
  camellia_192_cfb1_get_params                                   5083
  ossl_free_compression_methods_int                              5083
  aes_256_wrappadinv_get_params                                  5084
  camellia_128_cfb8_get_params                                   5084
  OSSL_STORE_LOADER_set_expect                                   5125
  aes_128_wrappadinv_get_params                                  5125
  camellia_192_ecb_get_params                                    5125
  camellia_256_cfb1_get_params                                   5125
  camellia_256_ofb_get_params                                    5125
  ossl_self_test_set_callback_new                                5125
  tdes_ede3_ecb_get_params                                       5125
  tiny_malloc_from_free_list                                     5125
  camellia_128_cbc_get_params                                    5166
  aes_128_wrap_get_params                                        5208
  aes_192_wrappadinv_get_params                                  5208
  ossl_property_has_optional                                     5208
  camellia_192_cfb8_get_params                                   5209
  memset                                                         5209
  camellia_128_ctr_get_params                                    5250
  camellia_192_cfb_get_params                                    5250
  camellia_192_ofb_get_params                                    5250
  medium_region_for_ptr_no_lock                                  5250
  ossl_indicator_set_callback_free                               5250
  ossl_init_thread_deregister                                    5250
  ossl_property_match_count                                      5250
  camellia_256_cfb8_get_params                                   5291
  camellia_cts_192_cbc_get_params                                5291
  OSSL_PARAM_get_int                                             5292
  aes_256_wrappad_get_params                                     5292
  OPENSSL_sk_sort                                                5333
  chacha20_poly1305_get_params                                   5333
  __fcntl                                                        5375
  camellia_256_ecb_get_params                                    5375
  ossl_provider_unquery_operation                                5417
  EVP_CIPHER_CTX_get_block_size                                  5458
  camellia_128_ofb_get_params                                    5500
  camellia_cts_256_cbc_get_params                                5542
  engine_pkey_asn1_meths_free                                    5542
  chacha20_poly1305_gettable_ctx_params                          5583
  app_get0_libctx                                                5584
  getegid                                                        5584
  Diagnostics::clearError()                                      5625
  ossl_prov_ctx_get0_core_bio_method                             5625
  ossl_aes_192_gcm_siv_get_params                                5667
  OSSL_LIB_CTX_set_conf_diagnostics                              5708
  ossl_aes_128_gcm_siv_get_params                                5750
  ossl_prov_bio_from_dispatch                                    5750
  ossl_aes_256_gcm_siv_get_params                                5791
  opt_arg                                                        5832
  camellia_cts_128_cbc_get_params                                5833
  medium_malloc_from_free_list                                   5958
  free_small                                                     6042
  getgid                                                         6042
  BIO_set_data                                                   6083
  ossl_prov_seeding_from_dispatch                                6167
  getuid                                                         6292
  EVP_CIPHER_get_mode                                            6375
  OSSL_PARAM_get_int32                                           6458
  geteuid                                                        6542
  dyld4::RuntimeState::notifyObjCPatching()                      6708
  EVP_RAND_CTX_free                                              6791
  BIO_next                                                       6792
  dyld3::kdebug_trace_dyld_enabled(unsigned int)                 6875
  dyld4::BumpAllocator::~BumpAllocator()                         6875
  bio_open_default                                               7208
  EVP_CipherInit_ex                                              7250
  _platform_strnlen                                              7250
  dyld4::Loader::hiddenFromFlat(bool) const                      7250
  store_loader_hash                                              7250
  close                                                          7292
  _kernelrpc_mach_port_deallocate_trap                           7375
  dyld4::handleFromLoader(dyld4::Loader const*, bool)             7500
  ENGINE_register_DH                                             7542
  __sclose                                                       7584
  _kernelrpc_mach_port_construct_trap                            7625
  ENGINE_register_EC                                             7626
  lsl::Lock::lock()                                              7709
  openssl_fopen                                                  7709
  BIO_copy_next_retry                                            8042
  file_ctrl                                                      8042
  ENGINE_register_DSA                                            8083
  flsl                                                           8125
  ENGINE_register_RAND                                           8167
  OPENSSL_sk_pop                                                 8167
  X509_get_default_cert_area                                     8250
  lsl::EphemeralAllocator::reset()                               8333
  ENGINE_register_RSA                                            8375
  ossl_lib_ctx_get_concrete                                      8417
  __sflags                                                       8583
  dyld4::JustInTimeLoader::hiddenFromFlat(bool) const             8625
  ossl_sa_new                                                    8666
  dyld4::Loader::beginInitializers(dyld4::RuntimeState&)             8667
  err_unshelve_state                                             8875
  dyld4::RuntimeState::incDlRefCount(dyld4::Loader const*)             8917
  ENGINE_register_digests                                        9042
  lsl::Vector<dyld4::Loader const*>::reserveExact(unsigned long)             9083
  ENGINE_register_ciphers                                        9125
  strlen                                                         9125
  BIO_set_init                                                   9167
  ossl_cipher_generic_einit                                      9458
  ossl_property_free                                             9500
  BIO_set_flags                                                  9542
  ENGINE_register_pkey_meths                                     9708
  DSO_METHOD_openssl                                            10042
  ossl_cipher_generic_set_ctx_params                            10042
  deflt_query                                                   10083
  lsl::Vector<lsl::MemoryManager::Buffer>::reserve(unsigned long)            10125
  dyld4::JustInTimeLoader::beginInitializers(dyld4::RuntimeState&)            10250
  CRYPTO_atomic_or                                              10417
  OSSL_LIB_CTX_get_conf_diagnostics                             10458
  ossl_lib_ctx_get_ex_data_global                               10583
  engine_free_util                                              10750
  OPENSSL_cleanse                                               10999
  ENGINE_register_pkey_asn1_meths                               11000
  NCONF_get_section                                             11335
  ossl_lib_ctx_get_rcukey                                       11459
  ossl_sa_doall_arg                                             11666
  dyld4::RuntimeState::doSingletonPatching(dyld4::DyldCacheDataConstLazyScopedWriter&)            12083
  aes_siv_gettable_ctx_params                                   12084
  __bzero                                                       12333
  ossl_property_value                                           12333
  EVP_add_cipher                                                12667
  ossl_cipher_capable_aes_cbc_hmac_sha1                         12708
  rack_region_insert                                            12708
  ossl_cipher_capable_aes_cbc_hmac_sha256                       12791
  fstat                                                         12833
  _kernelrpc_mach_vm_deallocate_trap                            13416
  aes_cbc_cts_gettable_ctx_params                               13626
  BIO_clear_flags                                               13665
  cipher_ocb_gettable_ctx_params                                13750
  dyld4::DyldCacheDataConstLazyScopedWriter::DyldCacheDataConstLazyScopedWriter(dyld4::RuntimeState&)            14333
  small_try_realloc_in_place                                    14333
  dyld4::Loader::loadDependents(Diagnostics&, dyld4::RuntimeState&, dyld4::Loader::LoadOptions const&)            14583
  dyld4::Loader::path() const                                   14583
  sa_doall                                                      14624
  DSO_free                                                      14626
  CRYPTO_atomic_add                                             14667
  BIO_get_data                                                  14669
  lsl::EphemeralAllocator::~EphemeralAllocator()                14750
  dyld4::JustInTimeLoader::loadDependents(Diagnostics&, dyld4::RuntimeState&, dyld4::Loader::LoadOptions const&)            15541
  ossl_aes_gcm_siv_gettable_ctx_params                          15541
  _NSGetEnviron                                                 15543
  camellia_cbc_cts_gettable_ctx_params                          15625
  __sflush                                                      15708
  dyld3::MachOFile::is64() const                                16000
  file_new                                                      16334
  ossl_prov_is_running                                          16708
  file_free                                                     16790
  _kernelrpc_mach_port_destruct_trap                            17041
  os_unfair_recursive_lock_unlock                               17251
  CRYPTO_THREAD_lock_free                                       17292
  pthread_mutex_destroy                                         17708
  BIO_new                                                       17835
  OPENSSL_LH_get_down_load                                      17917
  dyld4::JustInTimeLoader::path() const                         18166
  invocation function for block in dyld4::Loader::forEachPath(Diagnostics&, dyld4::RuntimeState&, char const*, dyld4::Loader::Loa            18709
  FMT_istext                                                    18751
  pthread_cond_init                                             18791
  kdebug_is_enabled                                             18874
  dyld4::LibSystemHelpers::pthread_getspecific(unsigned long) const            20416
  property_free                                                 20835
  os_unfair_recursive_lock_lock_with_options                    21375
  lsl::EphemeralAllocator::deallocate_buffer(lsl::MemoryManager::Buffer)            21416
  mach_msg2_trap                                                21625
  small_size                                                    21665
  ___chkstk_darwin                                              22416
  os_unfair_lock_assert_not_owner                               23208
  dyld4::ProcessConfig::DyldCache::indexOfPath(char const*, unsigned int&) const            23249
  dyld4::Loader::matchesPath(char const*) const                 23666
  __chkstk_darwin_probe                                         23917
  dyld4::Loader::loadAddress(dyld4::RuntimeState&) const            25125
  pthread_mutex_init                                            25291
  ossl_property_name                                            26125
  dyld3::ScopedTimer::endTimer()                                26875
  __findenv_locked                                              27125
  _kernelrpc_mach_vm_map_trap                                   27542
  lsl::MemoryManager::lockGuard()                               27625
  OPENSSL_strnlen                                               27666
  OPENSSL_sk_delete                                             28042
  dyld4::JustInTimeLoader::loadAddress(dyld4::RuntimeState&) const            28709
  tiny_free_list_remove_ptr                                     31957
  _pthread_mutex_check_init_slow                                32709
  lsl::AllocationMetadata::AllocationMetadata(lsl::Allocator*, unsigned long)            33792
  CRYPTO_new_ex_data                                            34375
  OPENSSL_LH_set_down_load                                      35041
  szone_good_size                                               37708
  small_free_list_find_by_ptr                                   39043
  __read_nocancel                                               39124
  small_malloc_from_free_list                                   39125
  OPENSSL_sk_free                                               39331
  dyld4::LibSystemHelpers::os_unfair_recursive_lock_unlock(os_unfair_recursive_lock_s*) const            39334
  Diagnostics::hasError() const                                 40835
  ossl_rcu_write_lock                                           41872
  EVP_PKEY_asn1_get0                                            42458
  dyld4::LibSystemHelpers::os_unfair_lock_unlock(os_unfair_lock_s*) const            44208
  __open                                                        44459
  __write_nocancel                                              44958
  Diagnostics::noError() const                                  45334
  ossl_rcu_write_unlock                                         45582
  ossl_tdes_gettable_ctx_params                                 45877
  pthread_setspecific                                           46334
  small_free_list_remove_ptr                                    46455
  madvise                                                       50708
  dyld3::MachOFile::read_uleb128(Diagnostics&, unsigned char const*&, unsigned char const*)            50709
  dyld4::RuntimeState::PermanentRanges::contains(unsigned long, unsigned long, unsigned char*, dyld4::Loader const**) const            50958
  small_free_list_add_ptr                                       51791
  EVP_PKEY_asn1_get0_info                                       53209
  dyld4::LibSystemHelpers::os_unfair_recursive_lock_lock_with_options(os_unfair_recursive_lock_s*, os_unfair_lock_options_t) cons            53750
  szone_malloc                                                  54996
  get_tiny_previous_free_msize                                  55041
  pthread_cond_broadcast                                        55251
  small_free_list_remove_ptr_no_clear                           57833
  tiny_size                                                     58002
  _tiny_check_and_zero_inline_meta_from_freelist                58543
  realloc                                                       61209
  dyld4::LibSystemHelpers::os_unfair_lock_lock_with_options(os_unfair_lock_s*, os_unfair_lock_options_t) const            62169
  set_tiny_meta_header_in_use                                   62833
  tiny_free_list_add_ptr                                        63541
  lsl::EphemeralAllocator::allocate_buffer(unsigned long, unsigned long, unsigned long)            63669
  _szone_free                                                   68083
  _qsort                                                        68332
  ossl_cipher_aead_gettable_ctx_params                          70458
  OPENSSL_sk_pop_free                                           70627
  strcmp                                                        73957
  szone_try_free_default                                        76081
  os_unfair_lock_assert_owner                                   78294
  __close_nocancel                                              79417
  rack_get_thread_index                                         82251
  property_hash                                                 83914
  dyld3::kdebug_trace_dyld_duration_end(unsigned long long, unsigned int, dyld3::kt_arg, dyld3::kt_arg, dyld3::kt_arg)            87542
  EVP_CIPHER_get_type                                           90290
  invocation function for block in dyld3::MachOFile::getDylibInstallName(char const**, unsigned int*, unsigned int*) const            97376
  dyld4::Loader::contains(dyld4::RuntimeState&, void const*, void const**, unsigned long long*, unsigned char*) const            97749
  dyld3::OverflowSafeArray<unsigned int, 4294967295ul>::verifySpace(unsigned long)            98959
  pthread_cond_signal                                          102833
  pthread_rwlock_init                                          112086
  nanov2_size                                                  112586
  Diagnostics::assertNoError() const                           116247
  pthread_rwlock_destroy                                       120411
  __open_nocancel                                              123291
  os_unfair_lock_unlock                                        127078
  Diagnostics::~Diagnostics()                                  145917
  Diagnostics::Diagnostics(bool)                               150999
  get_legacy_evp_names                                         159163
  ossl_ctype_check                                             168959
  os_unfair_lock_lock_with_options                             173625
  nanov2_pointer_size                                          192293
  invocation function for block in dyld3::MachOFile::getEntry(unsigned long long&, bool&) const           193999
  EVP_MD_get_type                                              194586
  free                                                         202911
  nanov2_allocate_from_block                                   208375
  _Block_object_dispose                                        217086
  OPENSSL_hexchar2int                                          233252
  ossl_sa_set                                                  247912
  trim_ws                                                      274707
  strncmp                                                      281585
  invocation function for block in dyld4::JustInTimeLoader::contains(dyld4::RuntimeState&, void const*, void const**, unsigned lo           297457
  BUF_MEM_new                                                  304296
  names_free                                                   312758
  OPENSSL_LH_doall                                             328008
  OPENSSL_LH_flush                                             329915
  OBJ_get0_data                                                330667
  OSSL_PARAM_set_uint                                          340668
  ossl_provider_ctx                                            340747
  EVP_CIPHER_get_nid                                           365086
  conf_value_cmp                                               377209
  ossl_lib_ctx_unlock                                          378789
  OSSL_PARAM_locate_const                                      396666
  invocation function for block in dyld3::MachOLoaded::findClosestSymbol(unsigned long long, char const**, unsigned long long*) c           416206
  ossl_lib_ctx_read_lock                                       424664
  OPENSSL_LH_set_thunks                                        426792
  property_defn_cmp                                            438707
  ossl_cipher_generic_gettable_ctx_params                      445251
  evp_cipher_up_ref                                            455999
  ossl_provider_free                                           462285
  property_defn_hash                                           464794
  value_free_hash                                              476251
  BN_free                                                      477078
  function_hash                                                481006
  CRYPTO_realloc                                               486248
  ossl_provider_up_ref                                         493123
  OSSL_PARAM_set_uint32                                        498585
  ASN1_OBJECT_free                                             506916
  eat_alpha_numeric                                            509331
  ossl_sa_get                                                  511135
  sa_free_node                                                 544073
  OSSL_PARAM_construct_end                                     548913
  EVP_CIPHER_get0_provider                                     560259
  OSSL_PARAM_construct_uint                                    569421
  evp_cipher_free                                              572544
  do_all_fn                                                    584082
  EVP_CIPHER_free                                              628050
  ossl_provider_libctx                                         796994
  invocation function for block in dyld3::MachOLoaded::getLinkEditLoadCommands(Diagnostics&, dyld3::MachOLoaded::LinkEditInfo&) c           831874
  internal_free_nop                                            846733
  _platform_strncmp                                            864204
  name_string_free                                             884620
  OPENSSL_LH_error                                             931872
  OSSL_PARAM_set_size_t                                       1117337
  BUF_MEM_grow                                                1125289
  invocation function for block in dyld3::MachOFile::forEachSegment(void (dyld3::MachOFile::SegmentInfo const&, bool&) block_poin          1134669
  pthread_getspecific                                         1152374
  sk_reserve                                                  1159999
  _os_once                                                    1237703
  CRYPTO_THREAD_get_local                                     1281992
  _platform_memchr                                            1340412
  ossl_rcu_assign_uptr                                        1421972
  OSSL_PARAM_set_uint64                                       1506816
  names_lh_free_doall                                         1512502
  ossl_lib_ctx_get_data                                       1603264
  OSSL_PARAM_set_int                                          1612126
  pthread_mutex_lock                                          1723666
  _platform_strchr                                            1731124
  OSSL_PARAM_construct_size_t                                 1811343
  pthread_mutex_unlock                                        1829538
  _nanov2_free                                                1866221
  _pthread_mutex_lock_init_slow                               1985416
  OPENSSL_sk_push                                             1989792
  OPENSSL_sk_num                                              2007487
  _pthread_mutex_unlock_init_slow                             2108530
  _pthread_mutex_firstfit_lock_slow                           2207213
  _pthread_mutex_firstfit_unlock_slow                         2297700
  OPENSSL_sk_value                                            2312459
  OSSL_PARAM_set_int32                                        2438003
  obj_name_cmp                                                2504142
  OPENSSL_LH_strhash                                          2706451
  _platform_memcmp                                            2737275
  OSSL_PARAM_construct_int                                    2740827
  pthread_once                                                3010739
  OBJ_nid2obj                                                 3158506
  CRYPTO_atomic_load                                          3275790
  pthread_rwlock_rdlock                                       3314505
  SortFnByName                                                3414366
  ossl_lh_strcasehash                                         3654148
  __error                                                     3779512
  ossl_isdigit                                                4008135
  cipher_compare                                              4009372
  fnv1a_hash                                                  4432664
  _platform_memmove                                           6490768
  pthread_rwlock_wrlock                                       6693566
  pthread_rwlock_unlock                                       9921124
  err_string_data_cmp                                        10838118
  CRYPTO_free                                                12229638
  malloc                                                     13406370
  doapr_outch                                                15135508
  err_string_data_hash                                       16564063
  nanov2_malloc                                              18463457
  _platform_strlen                                           23254684
  _platform_memset                                           25330442
  nanov2_try_free_default                                    25738795
  _platform_strcmp                                           27952512
  ossl_tolower                                               59916732
