
  pd_free                                                        1666
  sigaction                                                      1833
  EVP_md5                                                        1875
  EVP_bf_ofb                                                     1917
  EVP_rc4                                                        1959
  EVP_des_ecb                                                    2000
  EVP_rc2_cbc                                                    2000
  EVP_sha1                                                       2000
  EVP_rc2_ofb                                                    2042
  EVP_sha224                                                     2042
  EVP_sha512                                                     2042
  EVP_rc4_40                                                     2083
  EVP_sm4_cbc                                                    2083
  UI_OpenSSL                                                     2083
  EVP_sm3                                                        2084
  EVP_bf_cbc                                                     2125
  EVP_idea_cbc                                                   2125
  EVP_idea_ofb                                                   2125
  EVP_mdc2                                                       2125
  EVP_sha384                                                     2125
  EVP_sm4_ofb                                                    2166
  UI_null                                                        2166
  EVP_md4                                                        2167
  EVP_rc2_cfb64                                                  2167
  EVP_seed_cbc                                                   2167
  EVP_des_cbc                                                    2208
  EVP_des_cfb8                                                   2209
  EVP_des_ofb                                                    2209
  EVP_cast5_ofb                                                  2250
  EVP_des_ede                                                    2250
  EVP_sm4_ecb                                                    2250
  opt_unknown                                                    2250
  EVP_des_ede3                                                   2291
  strchr                                                         2333
  EVP_chacha20                                                   2334
  EVP_seed_ofb                                                   2334
  _cleanup                                                       2334
  EVP_bf_ecb                                                     2375
  EVP_cast5_cbc                                                  2375
  EVP_des_cfb1                                                   2417
  EVP_rc2_64_cbc                                                 2417
  EVP_ripemd160                                                  2417
  EVP_sha3_224                                                   2417
  EVP_sha3_384                                                   2417
  EVP_sm4_ctr                                                    2417
  EVP_idea_cfb64                                                 2458
  EVP_sha512_256                                                 2458
  COMP_get_type                                                  2459
  EVP_aes_192_ofb                                                2459
  EVP_sha512_224                                                 2459
  release_engine                                                 2459
  EVP_aes_192_cbc                                                2500
  EVP_aes_192_ccm                                                2542
  EVP_aes_192_gcm                                                2542
  EVP_aes_256_cbc                                                2542
  EVP_aes_256_ccm                                                2542
  EVP_aes_256_ctr                                                2542
  EVP_aes_256_ofb                                                2542
  EVP_aes_256_xts                                                2542
  EVP_aria_256_cbc                                               2542
  EVP_rc2_40_cbc                                                 2542
  opt_next                                                       2542
  EVP_aes_128_cbc                                                2583
  EVP_aes_128_ccm                                                2583
  EVP_aes_192_cfb1                                               2583
  EVP_des_ede_cbc                                                2583
  EVP_desx_cbc                                                   2583
  EVP_idea_ecb                                                   2583
  EVP_rc2_ecb                                                    2583
  EVP_seed_ecb                                                   2583
  EVP_aes_256_gcm                                                2584
  EVP_shake256                                                   2584
  EVP_aes_128_ctr                                                2625
  EVP_aes_128_ofb                                                2625
  EVP_aria_192_cbc                                               2625
  EVP_shake128                                                   2625
  EVP_aes_192_ocb                                                2666
  EVP_aria_192_gcm                                               2666
  EVP_cast5_cfb64                                                2666
  app_get0_propq                                                 2666
  ossl_trace_cleanup                                             2666
  EVP_aes_256_wrap                                               2667
  EVP_aria_128_ofb                                               2667
  EVP_aria_256_cfb1                                              2667
  EVP_aria_256_ctr                                               2667
  EVP_aria_256_gcm                                               2667
  EVP_bf_cfb64                                                   2667
  EVP_blake2s256                                                 2667
  EVP_aes_192_ecb                                                2708
  EVP_aes_256_cfb1                                               2708
  EVP_aes_256_ocb                                                2708
  EVP_seed_cfb128                                                2708
  vm_deallocate                                                  2709
  BIO_f_cipher                                                   2750
  EVP_aes_128_wrap                                               2750
  EVP_aes_192_cfb8                                               2750
  EVP_aes_256_cfb8                                               2750
  EVP_aes_256_ecb                                                2750
  EVP_aria_128_ecb                                               2750
  EVP_aria_192_ctr                                               2750
  EVP_aria_192_ecb                                               2750
  EVP_aria_192_ofb                                               2750
  EVP_aria_256_ccm                                               2750
  EVP_sha3_256                                                   2750
  def_to_int                                                     2750
  ENGINE_set_name                                                2791
  EVP_MD_free                                                    2791
  EVP_aria_192_ccm                                               2791
  EVP_aria_256_ecb                                               2791
  EVP_aes_128_ocb                                                2792
  EVP_aria_256_ofb                                               2792
  EVP_cast5_ecb                                                  2792
  EVP_des_ede3_cfb8                                              2792
  EVP_des_ede3_ofb                                               2792
  EVP_rc4_hmac_md5                                               2792
  lh_FUNCTION_free                                               2792
  EVP_aes_192_ctr                                                2833
  EVP_md5_sha1                                                   2833
  EVP_sm4_cfb128                                                 2833
  EVP_aes_128_cfb8                                               2834
  EVP_aes_192_wrap                                               2834
  EVP_aria_128_cbc                                               2834
  EVP_des_ede3_cbc                                               2834
  EVP_aes_128_cfb1                                               2875
  EVP_aes_192_cfb128                                             2875
  EVP_aria_128_ctr                                               2875
  EVP_des_ede3_cfb1                                              2875
  ENGINE_set_id                                                  2916
  query_hash                                                     2916
  EVP_aria_256_cfb128                                            2917
  EVP_blake2b512                                                 2917
  EVP_des_ede3_wrap                                              2917
  EVP_whirlpool                                                  2917
  EVP_aria_128_ccm                                               2958
  EVP_aria_256_cfb8                                              2958
  EVP_des_ede_ofb                                                2958
  EVP_aes_128_cfb128                                             2959
  EVP_aria_192_cfb1                                              2959
  OBJ_obj2txt                                                    2959
  property_cmp                                                   2959
  EVP_aes_128_xts                                                3000
  EVP_aria_192_cfb128                                            3000
  EVP_aria_192_cfb8                                              3000
  strrchr                                                        3000
  EVP_aes_192_wrap_pad                                           3041
  EVP_aria_128_cfb8                                              3041
  EVP_aes_128_gcm                                                3042
  EVP_aes_256_cfb128                                             3083
  OSSL_LIB_CTX_get_data                                          3083
  EVP_aria_128_cfb128                                            3084
  EVP_aria_128_cfb1                                              3125
  EVP_aria_128_gcm                                               3125
  EVP_camellia_128_ofb                                           3125
  EVP_camellia_192_ofb                                           3125
  EVP_camellia_256_ofb                                           3125
  __smakebuf                                                     3125
  signal                                                         3125
  EVP_des_ede_cfb64                                              3166
  EVP_aes_256_wrap_pad                                           3167
  EVP_des_ede3_cfb64                                             3167
  function_cmp                                                   3167
  EVP_aes_128_ecb                                                3208
  EVP_camellia_128_ctr                                           3208
  EVP_camellia_192_cbc                                           3208
  EVP_camellia_256_cbc                                           3208
  UI_method_set_writer                                           3208
  EVP_des_cfb64                                                  3209
  def_init_default                                               3209
  COMP_zlib                                                      3250
  __cxa_finalize                                                 3250
  EVP_camellia_128_cbc                                           3291
  getrlimit                                                      3291
  ossl_comp_zstd_cleanup                                         3291
  EVP_aes_128_wrap_pad                                           3292
  EVP_camellia_192_cfb1                                          3333
  EVP_camellia_192_cfb8                                          3333
  OSSL_PARAM_modified                                            3333
  ossl_store_cleanup_int                                         3333
  EVP_camellia_192_ctr                                           3334
  EVP_camellia_256_cfb8                                          3334
  EVP_chacha20_poly1305                                          3334
  bio_sock_cleanup_int                                           3375
  opt_set_unknown_name                                           3375
  UI_method_set_closer                                           3416
  ossl_prov_ctx_free                                             3416
  NCONF_default                                                  3417
  UI_method_set_reader                                           3417
  EVP_camellia_128_cfb1                                          3458
  EVP_camellia_128_cfb8                                          3458
  ENGINE_set_flags                                               3459
  EVP_camellia_256_ecb                                           3459
  EVP_CIPHER_get_flags                                           3500
  EVP_camellia_256_ctr                                           3500
  OSSL_STORE_register_loader                                     3500
  init_thread_stop                                               3541
  EVP_add_alg_module                                             3542
  EVP_camellia_128_ecb                                           3542
  EVP_camellia_192_cfb128                                        3542
  EVP_camellia_256_cfb1                                          3542
  UI_method_set_opener                                           3584
  engine_load_rdrand_int                                         3584
  app_RAND_write                                                 3625
  ossl_comp_brotli_cleanup                                       3625
  store_loader_cmp                                               3625
  ossl_lib_ctx_write_lock                                        3666
  evp_app_cleanup_int                                            3667
  ossl_comp_zlib_cleanup                                         3667
  ossl_prov_ctx_new                                              3667
  EVP_CipherUpdate                                               3708
  EVP_camellia_192_ecb                                           3708
  free_medium                                                    3708
  BIO_meth_set_ctrl                                              3709
  opt_check_rest_arg                                             3750
  pthread_self                                                   3750
  ossl_prov_ctx_set0_handle                                      3791
  ASN1_add_stable_module                                         3792
  EVP_camellia_128_cfb128                                        3792
  BIO_meth_set_gets                                              3833
  BIO_meth_set_puts                                              3833
  ossl_method_unlock_store                                       3833
  ASN1_add_oid_module                                            3875
  core_get_libctx                                                3875
  BIO_meth_set_create                                            3916
  EVP_CipherFinal_ex                                             3917
  ossl_prov_ctx_get0_libctx                                      3917
  BIO_meth_set_destroy                                           3958
  ENGINE_set_cmd_defns                                           3958
  EVP_camellia_256_cfb128                                        3958
  dyld4::APIs::_tlv_exit()                                       3958
  ossl_prov_ctx_set0_libctx                                      3958
  NCONF_get0_libctx                                              4000
  EVP_CIPHER_get_iv_length                                       4083
  OSSL_LIB_CTX_free                                              4083
  __getrlimit                                                    4083
  CRYPTO_THREAD_get_current_id                                   4084
  EVP_CIPHER_fetch                                               4125
  aes_v8_set_encrypt_key                                         4125
  EVP_sha3_512                                                   4166
  ERR_get_error_all                                              4167
  ossl_lib_ctx_is_default                                        4167
  ERR_print_errors                                               4208
  OSSL_ERR_STATE_new                                             4208
  aes_128_ccm_get_params                                         4208
  null_gettable_ctx_params                                       4208
  aes_128_ctr_get_params                                         4250
  chacha20_gettable_ctx_params                                   4250
  ossl_child_prov_ctx_new                                        4250
  aes_256_cfb_get_params                                         4291
  ossl_stored_namemap_free                                       4291
  EVP_PKEY_asn1_get_count                                        4292
  ENGINE_add_conf_module                                         4333
  OSSL_STORE_unregister_loader                                   4333
  __sigaction                                                    4333
  aes_128_ofb_get_params                                         4333
  ossl_cipher_generic_reset_ctx                                  4333
  ossl_config_add_ssl_module                                     4333
  aes_192_ctr_get_params                                         4334
  aes_192_cfb_get_params                                         4375
  aes_v8_ctr32_encrypt_blocks                                    4375
  aria_128_ecb_get_params                                        4375
  close                                                          4416
  EVP_aes_256_cbc_hmac_sha1                                      4417
  aes_128_ocb_get_params                                         4417
  aes_192_cbc_get_params                                         4417
  aes_256_ctr_get_params                                         4417
  lsl::Lock::lock()                                              4417
  BIO_meth_set_read_ex                                           4458
  EVP_sha256                                                     4458
  aes_128_cbc_get_params                                         4458
  aes_192_gcm_get_params                                         4458
  aes_256_cbc_get_params                                         4458
  aria_192_ctr_get_params                                        4458
  chacha20_get_params                                            4458
  ossl_method_lock_store                                         4458
  ENGINE_set_ctrl_function                                       4459
  aes_192_ecb_get_params                                         4459
  aria_256_ctr_get_params                                        4459
  OPENSSL_cpuid_setup                                            4500
  aes_128_ecb_get_params                                         4500
  aes_192_ccm_get_params                                         4500
  aes_192_ofb_get_params                                         4500
  aria_192_cfb1_get_params                                       4500
  aria_192_cfb8_get_params                                       4500
  aria_192_ecb_get_params                                        4500
  aria_192_gcm_get_params                                        4500
  aria_256_cfb_get_params                                        4500
  aria_128_ofb_get_params                                        4541
  CONF_imodule_get_value                                         4542
  ossl_store_register_init                                       4542
  tdes_ede3_cbc_get_params                                       4542
  OSSL_STORE_LOADER_set_eof                                      4583
  aes_256_ofb_get_params                                         4583
  aes_256_siv_get_params                                         4583
  aria_128_cfb_get_params                                        4583
  aria_128_ctr_get_params                                        4583
  aria_256_cbc_get_params                                        4583
  rack_region_insert                                             4583
  sm4_128_cbc_get_params                                         4583
  BIO_meth_set_write_ex                                          4584
  ENGINE_set_finish_function                                     4584
  aes_192_cfb1_get_params                                        4584
  sm4_128_gcm_get_params                                         4584
  UI_method_set_prompt_constructor                               4625
  aes_192_ocb_get_params                                         4625
  aes_192_wrap_get_params                                        4625
  aes_256_ccm_get_params                                         4625
  aes_256_cfb1_get_params                                        4625
  aes_256_gcm_get_params                                         4625
  aria_128_gcm_get_params                                        4625
  sm4_128_ctr_get_params                                         4625
  ENGINE_set_init_function                                       4666
  aes_128_cfb_get_params                                         4666
  aes_192_siv_get_params                                         4666
  aria_128_cbc_get_params                                        4666
  ossl_bio_core_globals_free                                     4666
  sm4_128_xts_get_params                                         4666
  OSSL_STORE_LOADER_set_error                                    4667
  aes_128_cfb8_get_params                                        4667
  aes_128_xts_get_params                                         4667
  aes_cts_192_cbc_get_params                                     4667
  aria_128_cfb1_get_params                                       4667
  aria_128_cfb8_get_params                                       4667
  aria_256_cfb1_get_params                                       4667
  aria_256_cfb8_get_params                                       4667
  tiny_try_realloc_in_place                                      4667
  EVP_aes_256_cbc_hmac_sha256                                    4708
  aes_128_cfb1_get_params                                        4708
  aes_128_gcm_get_params                                         4708
  aes_256_cfb8_get_params                                        4708
  aria_192_cbc_get_params                                        4708
  aria_256_ofb_get_params                                        4708
  def_is_number                                                  4708
  tdes_wrap_get_params                                           4708
  aes_128_wrappad_get_params                                     4709
  aes_256_ecb_get_params                                         4709
  ossl_bio_core_globals_new                                      4709
  ossl_ctx_global_properties_new                                 4709
  ossl_prov_cipher_hw_aes_ctr                                    4709
  ossl_rand_cleanup_int                                          4709
  OSSL_STORE_LOADER_set_close                                    4750
  aria_192_cfb_get_params                                        4750
  aria_256_ecb_get_params                                        4750
  ossl_prov_ctx_set0_core_bio_method                             4750
  sm4_128_ccm_get_params                                         4750
  tdes_ede3_ofb_get_params                                       4750
  BIO_free                                                       4791
  OSSL_CMP_log_close                                             4791
  aes_128_siv_get_params                                         4791
  aria_256_ccm_get_params                                        4791
  OSSL_STORE_LOADER_free                                         4792
  OSSL_STORE_LOADER_set_open                                     4792
  aria_192_ofb_get_params                                        4792
  camellia_128_ctr_get_params                                    4792
  ossl_random_add_conf_module                                    4792
  sm4_128_ecb_get_params                                         4792
  camellia_128_cfb_get_params                                    4833
  aes_128_wrap_get_params                                        4834
  aes_256_wrap_get_params                                        4834
  aes_cts_128_cbc_get_params                                     4834
  pthread_cond_destroy                                           4834
  tdes_ede2_cbc_get_params                                       4834
  tdes_ede3_cfb8_get_params                                      4834
  OSSL_trace_set_channel                                         4875
  aes_192_cfb8_get_params                                        4875
  camellia_128_ecb_get_params                                    4875
  tdes_ede2_ecb_get_params                                       4875
  aes_256_wrappad_get_params                                     4916
  sm4_128_ofb128_get_params                                      4916
  aria_128_ccm_get_params                                        4917
  Diagnostics::clearError()                                      4958
  ENGINE_load_builtin_engines                                    4958
  camellia_192_cbc_get_params                                    4958
  camellia_192_cfb1_get_params                                   4958
  camellia_256_cbc_get_params                                    4958
  camellia_256_ofb_get_params                                    4958
  tdes_ede2_ofb_get_params                                       4958
  EVP_aes_128_cbc_hmac_sha1                                      5000
  aes_192_wrapinv_get_params                                     5000
  aes_cts_256_cbc_get_params                                     5000
  aria_192_ccm_get_params                                        5000
  aria_256_gcm_get_params                                        5000
  camellia_192_cfb_get_params                                    5000
  camellia_256_cfb1_get_params                                   5000
  engine_pkey_meths_free                                         5000
  aes_256_ocb_get_params                                         5041
  camellia_128_cfb8_get_params                                   5041
  tdes_ede2_cfb_get_params                                       5041
  tdes_ede3_cfb1_get_params                                      5041
  OSSL_STORE_LOADER_set_expect                                   5042
  aes_256_xts_get_params                                         5042
  camellia_256_cfb_get_params                                    5042
  camellia_256_ctr_get_params                                    5042
  sm4_128_cfb128_get_params                                      5042
  OSSL_STORE_LOADER_set_load                                     5083
  ossl_provider_add_conf_module                                  5083
  aes_192_wrappad_get_params                                     5084
  camellia_128_cbc_get_params                                    5084
  camellia_128_cfb1_get_params                                   5084
  ossl_self_test_set_callback_free                               5084
  tdes_ede3_ecb_get_params                                       5084
  EVP_CIPHER_get_key_length                                      5125
  EVP_aes_128_cbc_hmac_sha256                                    5125
  camellia_192_ctr_get_params                                    5125
  camellia_256_cfb8_get_params                                   5125
  camellia_256_ecb_get_params                                    5125
  ossl_indicator_set_callback_new                                5125
  ossl_property_has_optional                                     5125
  tdes_ede3_cfb_get_params                                       5125
  ENGINE_get_cipher_engine                                       5167
  aes_128_wrapinv_get_params                                     5167
  camellia_192_ecb_get_params                                    5167
  OPENSSL_sk_sort                                                5208
  __fcntl                                                        5208
  aes_256_wrapinv_get_params                                     5208
  camellia_128_ofb_get_params                                    5208
  ossl_free_compression_methods_int                              5208
  aes_192_wrappadinv_get_params                                  5209
  ossl_init_thread_deregister                                    5209
  OSSL_PARAM_get_int                                             5250
  camellia_192_cfb8_get_params                                   5250
  memset                                                         5250
  ossl_indicator_set_callback_free                               5250
  camellia_192_ofb_get_params                                    5291
  aes_256_wrappadinv_get_params                                  5292
  engine_remove_dynamic_id                                       5292
  ossl_property_match_count                                      5292
  ossl_self_test_set_callback_new                                5333
  camellia_cts_192_cbc_get_params                                5375
  engine_pkey_asn1_meths_free                                    5375
  aes_128_wrappadinv_get_params                                  5417
  ossl_aes_192_gcm_siv_get_params                                5458
  chacha20_poly1305_gettable_ctx_params                          5500
  ossl_provider_unquery_operation                                5500
  medium_region_for_ptr_no_lock                                  5542
  app_get0_libctx                                                5583
  ossl_prov_ctx_get0_core_bio_method                             5583
  EVP_CIPHER_CTX_get_block_size                                  5625
  camellia_cts_256_cbc_get_params                                5625
  ossl_aes_256_gcm_siv_get_params                                5666
  chacha20_poly1305_get_params                                   5667
  camellia_cts_128_cbc_get_params                                5833
  medium_malloc_from_free_list                                   5875
  ossl_aes_128_gcm_siv_get_params                                5875
  OSSL_LIB_CTX_set_conf_diagnostics                              5958
  opt_arg                                                        6042
  geteuid                                                        6125
  ossl_prov_bio_from_dispatch                                    6125
  free_small                                                     6167
  BIO_set_data                                                   6208
  EVP_CIPHER_get_mode                                            6208
  ossl_prov_seeding_from_dispatch                                6208
  getegid                                                        6292
  getuid                                                         6418
  EVP_RAND_CTX_free                                              6458
  getgid                                                         6500
  OSSL_PARAM_get_int32                                           6542
  dyld4::RuntimeState::notifyObjCPatching()                      6750
  dyld3::kdebug_trace_dyld_enabled(unsigned int)                 6791
  dyld4::Loader::hiddenFromFlat(bool) const                      6875
  BIO_next                                                       7083
  dyld4::handleFromLoader(dyld4::Loader const*, bool)             7084
  _kernelrpc_mach_port_deallocate_trap                           7250
  dyld4::BumpAllocator::~BumpAllocator()                         7250
  EVP_CipherInit_ex                                              7334
  _platform_strnlen                                              7334
  store_loader_hash                                              7375
  ENGINE_register_EC                                             7625
  ENGINE_register_DH                                             7793
  dyld4::JustInTimeLoader::hiddenFromFlat(bool) const             7834
  BIO_copy_next_retry                                            7917
  OPENSSL_sk_pop                                                 7959
  _kernelrpc_mach_port_construct_trap                            8042
  lsl::EphemeralAllocator::reset()                               8083
  openssl_fopen                                                  8083
  ENGINE_register_RSA                                            8125
  file_ctrl                                                      8125
  ENGINE_register_DSA                                            8166
  __sclose                                                       8207
  ENGINE_register_RAND                                           8209
  bio_open_default                                               8375
  dyld4::Loader::beginInitializers(dyld4::RuntimeState&)             8375
  err_unshelve_state                                             8416
  flsl                                                           8499
  ossl_lib_ctx_get_concrete                                      8709
  strlen                                                         8791
  X509_get_default_cert_area                                     8792
  ENGINE_register_digests                                        9083
  BIO_set_init                                                   9125
  ENGINE_register_ciphers                                        9167
  _kernelrpc_mach_vm_map_trap                                    9167
  deflt_query                                                    9208
  dyld4::RuntimeState::incDlRefCount(dyld4::Loader const*)             9208
  __sflags                                                       9209
  BIO_set_flags                                                  9250
  ossl_property_free                                             9292
  DSO_METHOD_openssl                                             9416
  ossl_sa_new                                                    9417
  ossl_cipher_generic_einit                                      9542
  dyld4::JustInTimeLoader::beginInitializers(dyld4::RuntimeState&)             9625
  ENGINE_register_pkey_meths                                     9792
  ossl_cipher_generic_set_ctx_params                            10126
  lsl::Vector<dyld4::Loader const*>::reserveExact(unsigned long)            10250
  CRYPTO_atomic_or                                              10584
  OSSL_LIB_CTX_get_conf_diagnostics                             10625
  lsl::Vector<lsl::MemoryManager::Buffer>::reserve(unsigned long)            10709
  ossl_lib_ctx_get_ex_data_global                               10917
  ENGINE_register_pkey_asn1_meths                               11041
  ossl_lib_ctx_get_rcukey                                       11083
  engine_free_util                                              11167
  ossl_sa_doall_arg                                             11333
  NCONF_get_section                                             11334
  OPENSSL_cleanse                                               11833
  aes_siv_gettable_ctx_params                                   12084
  dyld4::RuntimeState::doSingletonPatching(dyld4::DyldCacheDataConstLazyScopedWriter&)            12250
  EVP_add_cipher                                                12458
  ossl_cipher_capable_aes_cbc_hmac_sha1                         12708
  ossl_property_value                                           12708
  ossl_cipher_capable_aes_cbc_hmac_sha256                       12750
  __bzero                                                       13250
  cipher_ocb_gettable_ctx_params                                13417
  aes_cbc_cts_gettable_ctx_params                               13457
  dyld4::Loader::loadDependents(Diagnostics&, dyld4::RuntimeState&, dyld4::Loader::LoadOptions const&)            14042
  BIO_clear_flags                                               14250
  DSO_free                                                      14332
  small_try_realloc_in_place                                    14458
  dyld4::DyldCacheDataConstLazyScopedWriter::DyldCacheDataConstLazyScopedWriter(dyld4::RuntimeState&)            14625
  lsl::EphemeralAllocator::~EphemeralAllocator()                14667
  dyld4::Loader::path() const                                   14708
  fstat                                                         14791
  BIO_get_data                                                  14833
  sa_doall                                                      14916
  CRYPTO_atomic_add                                             15125
  camellia_cbc_cts_gettable_ctx_params                          15458
  dyld4::JustInTimeLoader::loadDependents(Diagnostics&, dyld4::RuntimeState&, dyld4::Loader::LoadOptions const&)            15500
  ossl_aes_gcm_siv_gettable_ctx_params                          15500
  __sflush                                                      15668
  dyld3::MachOFile::is64() const                                15834
  file_new                                                      15957
  os_unfair_recursive_lock_unlock                               16333
  _NSGetEnviron                                                 16501
  file_free                                                     16625
  ossl_prov_is_running                                          16750
  _kernelrpc_mach_vm_deallocate_trap                            17000
  pthread_mutex_destroy                                         17334
  CRYPTO_THREAD_lock_free                                       17374
  invocation function for block in dyld4::Loader::forEachPath(Diagnostics&, dyld4::RuntimeState&, char const*, dyld4::Loader::Loa            17833
  dyld4::JustInTimeLoader::path() const                         18042
  OPENSSL_LH_get_down_load                                      18125
  _kernelrpc_mach_port_destruct_trap                            18208
  FMT_istext                                                    18375
  kdebug_is_enabled                                             18498
  BIO_new                                                       19374
  pthread_cond_init                                             19832
  os_unfair_recursive_lock_lock_with_options                    20625
  property_free                                                 20626
  dyld4::Loader::matchesPath(char const*) const                 20916
  __chkstk_darwin_probe                                         21000
  dyld4::LibSystemHelpers::pthread_getspecific(unsigned long) const            21000
  lsl::EphemeralAllocator::deallocate_buffer(lsl::MemoryManager::Buffer)            21291
  ___chkstk_darwin                                              22043
  os_unfair_lock_assert_not_owner                               22083
  small_size                                                    22124
  dyld4::ProcessConfig::DyldCache::indexOfPath(char const*, unsigned int&) const            22751
  dyld4::Loader::loadAddress(dyld4::RuntimeState&) const            25042
  pthread_mutex_init                                            25501
  dyld3::ScopedTimer::endTimer()                                26332
  ossl_property_name                                            27208
  lsl::MemoryManager::lockGuard()                               27290
  __findenv_locked                                              27458
  OPENSSL_strnlen                                               27958
  __open                                                        28000
  dyld4::JustInTimeLoader::loadAddress(dyld4::RuntimeState&) const            28375
  OPENSSL_sk_delete                                             28584
  _pthread_mutex_check_init_slow                                32666
  mach_msg2_trap                                                33416
  lsl::AllocationMetadata::AllocationMetadata(lsl::Allocator*, unsigned long)            34374
  CRYPTO_new_ex_data                                            35334
  OPENSSL_LH_set_down_load                                      35583
  szone_good_size                                               38625
  __read_nocancel                                               38792
  dyld4::LibSystemHelpers::os_unfair_recursive_lock_unlock(os_unfair_recursive_lock_s*) const            39251
  small_malloc_from_free_list                                   39501
  small_free_list_find_by_ptr                                   39752
  OPENSSL_sk_free                                               39835
  dyld4::LibSystemHelpers::os_unfair_lock_unlock(os_unfair_lock_s*) const            41167
  Diagnostics::hasError() const                                 41749
  ossl_rcu_write_lock                                           42375
  EVP_PKEY_asn1_get0                                            42667
  __write_nocancel                                              43417
  Diagnostics::noError() const                                  44916
  ossl_rcu_write_unlock                                         45459
  ossl_tdes_gettable_ctx_params                                 46293
  tiny_free_list_remove_ptr                                     46959
  small_free_list_remove_ptr                                    47751
  pthread_setspecific                                           49123
  dyld4::RuntimeState::PermanentRanges::contains(unsigned long, unsigned long, unsigned char*, dyld4::Loader const**) const            49666
  madvise                                                       49834
  dyld3::MachOFile::read_uleb128(Diagnostics&, unsigned char const*&, unsigned char const*)            52083
  dyld4::LibSystemHelpers::os_unfair_recursive_lock_lock_with_options(os_unfair_recursive_lock_s*, os_unfair_lock_options_t) cons            52750
  EVP_PKEY_asn1_get0_info                                       53960
  small_free_list_add_ptr                                       54419
  szone_malloc                                                  55378
  pthread_cond_broadcast                                        55666
  tiny_size                                                     57999
  small_free_list_remove_ptr_no_clear                           58002
  dyld4::LibSystemHelpers::os_unfair_lock_lock_with_options(os_unfair_lock_s*, os_unfair_lock_options_t) const            59373
  realloc                                                       61040
  get_tiny_previous_free_msize                                  61166
  set_tiny_meta_header_in_use                                   64126
  lsl::EphemeralAllocator::allocate_buffer(unsigned long, unsigned long, unsigned long)            65375
  _tiny_check_and_zero_inline_meta_from_freelist                67334
  _qsort                                                        68252
  _szone_free                                                   69455
  strcmp                                                        69749
  ossl_cipher_aead_gettable_ctx_params                          70458
  OPENSSL_sk_pop_free                                           70833
  lsl::Lock::unlock()                                           70916
  os_unfair_lock_assert_owner                                   73124
  __close_nocancel                                              74875
  szone_try_free_default                                        76624
  tiny_free_list_add_ptr                                        77958
  invocation function for block in dyld3::MachOFile::getDylibInstallName(char const**, unsigned int*, unsigned int*) const            81167
  dyld3::kdebug_trace_dyld_duration_end(unsigned long long, unsigned int, dyld3::kt_arg, dyld3::kt_arg, dyld3::kt_arg)            81500
  rack_get_thread_index                                         82871
  property_hash                                                 87581
  EVP_CIPHER_get_type                                           89916
  dyld3::OverflowSafeArray<unsigned int, 4294967295ul>::verifySpace(unsigned long)            92960
  dyld4::Loader::contains(dyld4::RuntimeState&, void const*, void const**, unsigned long long*, unsigned char*) const            93625
  Diagnostics::assertNoError() const                           106790
  pthread_cond_signal                                          107290
  nanov2_size                                                  112459
  pthread_rwlock_init                                          113165
  pthread_rwlock_destroy                                       121582
  os_unfair_lock_unlock                                        128293
  Diagnostics::~Diagnostics()                                  139207
  __open_nocancel                                              144916
  Diagnostics::Diagnostics(bool)                               146586
  get_legacy_evp_names                                         160962
  ossl_ctype_check                                             168457
  os_unfair_lock_lock_with_options                             171127
  nanov2_allocate_from_block                                   178207
  nanov2_pointer_size                                          193667
  EVP_MD_get_type                                              196042
  free                                                         203834
  _Block_object_dispose                                        210123
  invocation function for block in dyld3::MachOFile::getEntry(unsigned long long&, bool&) const           213499
  OPENSSL_hexchar2int                                          238125
  ossl_sa_set                                                  248707
  strncmp                                                      265664
  trim_ws                                                      275706
  invocation function for block in dyld4::JustInTimeLoader::contains(dyld4::RuntimeState&, void const*, void const**, unsigned lo           292997
  BUF_MEM_new                                                  305990
  names_free                                                   312599
  OBJ_get0_data                                                330635
  OPENSSL_LH_doall                                             330662
  OPENSSL_LH_flush                                             331167
  OSSL_PARAM_set_uint                                          339085
  ossl_provider_ctx                                            345959
  EVP_CIPHER_get_nid                                           366378
  conf_value_cmp                                               376544
  ossl_lib_ctx_unlock                                          377373
  invocation function for block in dyld3::MachOLoaded::findClosestSymbol(unsigned long long, char const**, unsigned long long*) c           391248
  OSSL_PARAM_locate_const                                      397586
  ossl_lib_ctx_read_lock                                       423123
  OPENSSL_LH_set_thunks                                        430791
  property_defn_cmp                                            443206
  ossl_cipher_generic_gettable_ctx_params                      444959
  evp_cipher_up_ref                                            456711
  property_defn_hash                                           467666
  value_free_hash                                              470205
  ossl_provider_free                                           470833
  function_hash                                                472749
  BN_free                                                      482286
  CRYPTO_realloc                                               486969
  ossl_provider_up_ref                                         496421
  OSSL_PARAM_set_uint32                                        504248
  ASN1_OBJECT_free                                             507076
  eat_alpha_numeric                                            511622
  ossl_sa_get                                                  513883
  sa_free_node                                                 545420
  OSSL_PARAM_construct_end                                     552622
  EVP_CIPHER_get0_provider                                     560293
  OSSL_PARAM_construct_uint                                    571258
  evp_cipher_free                                              575078
  do_all_fn                                                    583005
  EVP_CIPHER_free                                              643085
  ossl_provider_libctx                                         799138
  invocation function for block in dyld3::MachOLoaded::getLinkEditLoadCommands(Diagnostics&, dyld3::MachOLoaded::LinkEditInfo&) c           819664
  internal_free_nop                                            846091
  _platform_strncmp                                            868747
  name_string_free                                             890077
  OPENSSL_LH_error                                             920461
  invocation function for block in dyld3::MachOFile::forEachSegment(void (dyld3::MachOFile::SegmentInfo const&, bool&) block_poin          1086124
  BUF_MEM_grow                                                1124208
  OSSL_PARAM_set_size_t                                       1128294
  sk_reserve                                                  1161256
  pthread_getspecific                                         1164287
  _os_once                                                    1212621
  CRYPTO_THREAD_get_local                                     1287926
  _platform_memchr                                            1364704
  ossl_rcu_assign_uptr                                        1407176
  OSSL_PARAM_set_uint64                                       1518914
  names_lh_free_doall                                         1522623
  ossl_lib_ctx_get_data                                       1611797
  OSSL_PARAM_set_int                                          1613124
  pthread_mutex_lock                                          1734590
  _platform_strchr                                            1743883
  OSSL_PARAM_construct_size_t                                 1815160
  pthread_mutex_unlock                                        1843081
  _nanov2_free                                                1911453
  OPENSSL_sk_push                                             1973613
  _pthread_mutex_lock_init_slow                               1983088
  OPENSSL_sk_num                                              2001438
  _pthread_mutex_unlock_init_slow                             2107587
  _pthread_mutex_firstfit_lock_slow                           2213787
  _pthread_mutex_firstfit_unlock_slow                         2301420
  OPENSSL_sk_value                                            2322952
  OSSL_PARAM_set_int32                                        2458131
  obj_name_cmp                                                2495992
  OPENSSL_LH_strhash                                          2697087
  _platform_memcmp                                            2765484
  OSSL_PARAM_construct_int                                    2774830
  pthread_once                                                3046125
  OBJ_nid2obj                                                 3142769
  CRYPTO_atomic_load                                          3316464
  pthread_rwlock_rdlock                                       3336586
  SortFnByName                                                3357372
  ossl_lh_strcasehash                                         3669112
  __error                                                     3785212
  ossl_isdigit                                                3996742
  cipher_compare                                              4002474
  fnv1a_hash                                                  4428929
  _platform_memmove                                           6516386
  pthread_rwlock_wrlock                                       6689997
  pthread_rwlock_unlock                                       9976914
  err_string_data_cmp                                        10946198
  CRYPTO_free                                                12232552
  malloc                                                     13420123
  doapr_outch                                                15136957
  err_string_data_hash                                       16734170
  nanov2_malloc                                              18584948
  _platform_strlen                                           23194417
  _platform_memset                                           25516195
  nanov2_try_free_default                                    25943621
  _platform_strcmp                                           28083536
  ossl_tolower                                               60339955
