
  pd_free                                                        1750
  EVP_md5                                                        1875
  EVP_mdc2                                                       2000
  EVP_bf_ofb                                                     2041
  EVP_des_ecb                                                    2041
  UI_OpenSSL                                                     2042
  EVP_sha224                                                     2083
  _cleanup                                                       2083
  sigaction                                                      2083
  EVP_rc4_40                                                     2084
  EVP_sha1                                                       2125
  EVP_sha384                                                     2125
  EVP_sm4_ofb                                                    2125
  EVP_idea_cbc                                                   2166
  EVP_des_ede                                                    2167
  EVP_md4                                                        2167
  EVP_bf_cbc                                                     2208
  EVP_rc4                                                        2208
  EVP_sm4_cbc                                                    2208
  UI_null                                                        2208
  EVP_idea_ofb                                                   2209
  EVP_rc2_cbc                                                    2250
  EVP_rc2_ofb                                                    2250
  EVP_sha512                                                     2250
  opt_unknown                                                    2250
  EVP_shake256                                                   2291
  EVP_des_ofb                                                    2292
  EVP_sha3_224                                                   2292
  EVP_des_cbc                                                    2333
  EVP_des_cfb8                                                   2333
  EVP_seed_ofb                                                   2333
  EVP_sha3_512                                                   2333
  EVP_cast5_ofb                                                  2334
  EVP_des_ede3                                                   2375
  EVP_sha3_384                                                   2375
  EVP_sm4_ctr                                                    2375
  EVP_sm4_ecb                                                    2375
  app_get0_propq                                                 2375
  EVP_md5_sha1                                                   2416
  EVP_rc2_cfb64                                                  2417
  EVP_shake128                                                   2417
  strchr                                                         2417
  EVP_bf_ecb                                                     2458
  EVP_sm3                                                        2458
  EVP_seed_cbc                                                   2459
  EVP_sha512_256                                                 2459
  release_engine                                                 2459
  EVP_aes_128_ctr                                                2500
  EVP_chacha20                                                   2500
  EVP_sha512_224                                                 2500
  opt_next                                                       2500
  EVP_aes_192_cbc                                                2541
  EVP_aes_256_ofb                                                2541
  EVP_aes_192_ccm                                                2542
  EVP_aes_256_gcm                                                2542
  EVP_ripemd160                                                  2542
  EVP_aes_256_ctr                                                2583
  EVP_aes_256_xts                                                2583
  EVP_blake2s256                                                 2583
  EVP_des_cfb1                                                   2583
  EVP_sha3_256                                                   2583
  EVP_desx_cbc                                                   2584
  EVP_MD_free                                                    2625
  EVP_aes_128_ccm                                                2625
  EVP_bf_cfb64                                                   2625
  EVP_des_ede_cbc                                                2625
  EVP_rc2_64_cbc                                                 2625
  EVP_sm4_cfb128                                                 2625
  lh_FUNCTION_free                                               2625
  EVP_idea_cfb64                                                 2666
  BIO_f_cipher                                                   2667
  EVP_aes_128_cbc                                                2667
  EVP_aes_128_ofb                                                2667
  EVP_aes_256_cbc                                                2667
  EVP_aes_256_cfb1                                               2667
  EVP_aes_256_ecb                                                2667
  EVP_aes_256_wrap                                               2667
  EVP_aria_128_ecb                                               2667
  EVP_aria_256_ecb                                               2667
  EVP_des_ede3_ofb                                               2667
  EVP_des_ede_ofb                                                2667
  EVP_idea_ecb                                                   2667
  EVP_rc2_ecb                                                    2667
  EVP_aria_192_ccm                                               2708
  EVP_cast5_cbc                                                  2708
  EVP_cast5_cfb64                                                2708
  EVP_aria_256_cbc                                               2709
  COMP_get_type                                                  2750
  ENGINE_set_id                                                  2750
  ENGINE_set_name                                                2750
  EVP_aes_128_wrap                                               2750
  EVP_aes_256_ocb                                                2750
  EVP_aria_192_cbc                                               2750
  EVP_aria_192_ofb                                               2750
  EVP_rc2_40_cbc                                                 2750
  EVP_seed_ecb                                                   2750
  EVP_aes_192_ocb                                                2791
  EVP_aes_256_cfb8                                               2791
  EVP_aria_256_ctr                                               2791
  EVP_cast5_ecb                                                  2791
  EVP_aes_128_cfb1                                               2792
  EVP_aria_192_ctr                                               2792
  EVP_des_ede3_cbc                                               2792
  EVP_rc4_hmac_md5                                               2792
  ossl_trace_cleanup                                             2792
  strrchr                                                        2792
  EVP_aria_128_ctr                                               2833
  EVP_aria_192_cfb1                                              2833
  EVP_aria_192_gcm                                               2833
  EVP_blake2b512                                                 2833
  EVP_des_ede3_cfb1                                              2833
  EVP_whirlpool                                                  2833
  vm_deallocate                                                  2834
  EVP_aes_128_xts                                                2875
  EVP_aes_192_cfb8                                               2875
  EVP_aes_192_ecb                                                2875
  EVP_aes_192_gcm                                                2875
  EVP_aes_192_ofb                                                2875
  EVP_aria_192_cfb8                                              2875
  EVP_des_ede3_cfb8                                              2916
  NCONF_default                                                  2916
  EVP_aes_192_ctr                                                2917
  EVP_aes_192_wrap                                               2917
  EVP_aes_256_ccm                                                2917
  EVP_aria_256_cfb1                                              2917
  EVP_aria_256_cfb8                                              2917
  EVP_seed_cfb128                                                2917
  EVP_aes_128_ocb                                                2958
  EVP_aria_128_cbc                                               2958
  property_cmp                                                   2958
  query_hash                                                     2958
  EVP_aria_128_cfb8                                              2959
  EVP_aria_128_ofb                                               2959
  EVP_aes_192_cfb128                                             3000
  EVP_aria_192_cfb128                                            3000
  EVP_aria_256_ccm                                               3000
  EVP_aria_256_gcm                                               3000
  EVP_des_ede3_wrap                                              3000
  EVP_des_ede_cfb64                                              3000
  EVP_aes_256_cfb128                                             3041
  EVP_aes_128_cfb8                                               3042
  EVP_aria_128_ccm                                               3042
  EVP_aria_256_ofb                                               3042
  OBJ_obj2txt                                                    3042
  def_to_int                                                     3042
  EVP_aria_256_cfb128                                            3083
  def_init_default                                               3083
  EVP_aes_192_wrap_pad                                           3084
  EVP_camellia_256_ofb                                           3125
  function_cmp                                                   3125
  EVP_aes_128_gcm                                                3166
  EVP_aria_128_gcm                                               3166
  EVP_camellia_192_ofb                                           3166
  __cxa_finalize                                                 3166
  EVP_aes_128_cfb128                                             3167
  EVP_camellia_128_ctr                                           3167
  EVP_aes_192_cfb1                                               3208
  EVP_aes_128_ecb                                                3209
  EVP_aria_128_cfb1                                              3209
  getrlimit                                                      3209
  EVP_aes_256_wrap_pad                                           3250
  EVP_des_cfb64                                                  3250
  EVP_des_ede3_cfb64                                             3250
  UI_method_set_writer                                           3250
  EVP_aes_128_wrap_pad                                           3291
  EVP_aria_192_ecb                                               3291
  OSSL_LIB_CTX_get_data                                          3291
  EVP_camellia_192_ctr                                           3292
  OSSL_PARAM_modified                                            3292
  EVP_CIPHER_get_flags                                           3333
  EVP_camellia_128_cfb8                                          3333
  EVP_camellia_256_cfb1                                          3333
  ossl_store_cleanup_int                                         3333
  EVP_aria_128_cfb128                                            3375
  EVP_camellia_128_ofb                                           3375
  EVP_camellia_256_ctr                                           3375
  bio_sock_cleanup_int                                           3375
  ossl_comp_zstd_cleanup                                         3416
  EVP_camellia_192_cfb1                                          3417
  EVP_camellia_256_cfb8                                          3417
  opt_set_unknown_name                                           3417
  ossl_prov_ctx_free                                             3417
  ENGINE_set_flags                                               3458
  EVP_camellia_128_cfb1                                          3458
  EVP_camellia_128_cbc                                           3459
  EVP_camellia_192_cbc                                           3459
  EVP_camellia_192_cfb8                                          3459
  EVP_camellia_256_ecb                                           3459
  EVP_add_alg_module                                             3500
  UI_method_set_reader                                           3500
  EVP_camellia_256_cbc                                           3541
  UI_method_set_opener                                           3542
  EVP_camellia_192_ecb                                           3583
  UI_method_set_closer                                           3583
  init_thread_stop                                               3583
  app_RAND_write                                                 3584
  BIO_meth_set_ctrl                                              3625
  EVP_chacha20_poly1305                                          3625
  OSSL_STORE_register_loader                                     3625
  BIO_meth_set_puts                                              3666
  ossl_prov_ctx_set0_handle                                      3666
  ASN1_add_oid_module                                            3667
  EVP_CipherUpdate                                               3667
  engine_load_rdrand_int                                         3667
  ERR_get_error_all                                              3708
  EVP_camellia_192_cfb128                                        3708
  evp_app_cleanup_int                                            3708
  free_medium                                                    3708
  store_loader_cmp                                               3708
  ossl_comp_brotli_cleanup                                       3709
  ossl_lib_ctx_write_lock                                        3750
  EVP_camellia_256_cfb128                                        3792
  BIO_meth_set_gets                                              3833
  ERR_print_errors                                               3833
  EVP_CipherFinal_ex                                             3833
  ossl_comp_zlib_cleanup                                         3833
  EVP_camellia_128_ecb                                           3834
  __getrlimit                                                    3834
  __smakebuf                                                     3834
  EVP_CIPHER_fetch                                               3917
  core_get_libctx                                                3917
  ossl_prov_ctx_set0_libctx                                      3917
  dyld4::APIs::_tlv_exit()                                       3958
  opt_check_rest_arg                                             3958
  ASN1_add_stable_module                                         3959
  ossl_prov_ctx_new                                              3959
  BIO_meth_set_create                                            4000
  EVP_camellia_128_cfb128                                        4042
  BIO_meth_set_destroy                                           4083
  CRYPTO_THREAD_get_current_id                                   4125
  ENGINE_set_cmd_defns                                           4125
  NCONF_get0_libctx                                              4125
  OSSL_LIB_CTX_free                                              4167
  null_gettable_ctx_params                                       4167
  signal                                                         4167
  ENGINE_add_conf_module                                         4208
  chacha20_get_params                                            4209
  aes_256_ctr_get_params                                         4250
  ossl_config_add_ssl_module                                     4250
  BIO_meth_set_read_ex                                           4291
  ossl_child_prov_ctx_new                                        4291
  EVP_PKEY_asn1_get_count                                        4292
  ossl_method_lock_store                                         4292
  ossl_method_unlock_store                                       4292
  aes_128_cfb_get_params                                         4333
  ossl_prov_ctx_get0_libctx                                      4333
  CONF_imodule_get_value                                         4334
  aes_128_ofb_get_params                                         4334
  EVP_CIPHER_get_iv_length                                       4375
  OSSL_ERR_STATE_new                                             4375
  aes_192_ctr_get_params                                         4375
  aria_256_ofb_get_params                                        4375
  ossl_cipher_generic_reset_ctx                                  4375
  ossl_stored_namemap_free                                       4375
  sm4_128_cbc_get_params                                         4375
  aes_128_cbc_get_params                                         4416
  aria_192_ofb_get_params                                        4416
  ossl_lib_ctx_is_default                                        4416
  aes_128_ctr_get_params                                         4417
  aes_192_cbc_get_params                                         4417
  aes_256_cbc_get_params                                         4417
  aes_v8_set_encrypt_key                                         4417
  sm4_128_cfb128_get_params                                      4417
  BIO_meth_set_write_ex                                          4458
  OSSL_CMP_log_close                                             4458
  aes_128_xts_get_params                                         4459
  aes_192_cfb1_get_params                                        4459
  aes_192_cfb8_get_params                                        4459
  aria_128_ecb_get_params                                        4459
  EVP_aes_256_cbc_hmac_sha1                                      4500
  aes_192_ecb_get_params                                         4500
  aes_192_gcm_get_params                                         4500
  aria_128_cfb_get_params                                        4500
  chacha20_gettable_ctx_params                                   4500
  lsl::Lock::unlock()                                            4500
  ossl_bio_core_globals_new                                      4500
  sm4_128_gcm_get_params                                         4500
  sm4_128_xts_get_params                                         4500
  OSSL_STORE_unregister_loader                                   4541
  aes_192_cfb_get_params                                         4541
  aes_256_ofb_get_params                                         4541
  aria_128_ofb_get_params                                        4541
  aria_192_cfb1_get_params                                       4541
  OSSL_STORE_LOADER_set_eof                                      4542
  aes_128_cfb1_get_params                                        4542
  aes_128_ocb_get_params                                         4542
  aes_192_ccm_get_params                                         4542
  aes_192_ofb_get_params                                         4542
  aria_192_ctr_get_params                                        4542
  aria_192_ecb_get_params                                        4542
  tdes_ede3_cbc_get_params                                       4542
  tdes_wrap_get_params                                           4542
  aes_256_ccm_get_params                                         4583
  aes_v8_ctr32_encrypt_blocks                                    4583
  aria_128_cfb1_get_params                                       4583
  aria_128_ctr_get_params                                        4583
  aria_128_gcm_get_params                                        4583
  aria_192_cbc_get_params                                        4583
  aria_256_cbc_get_params                                        4583
  ENGINE_set_init_function                                       4584
  aes_128_ecb_get_params                                         4584
  sm4_128_ctr_get_params                                         4584
  ENGINE_set_finish_function                                     4625
  OSSL_STORE_LOADER_set_load                                     4625
  aes_256_cfb_get_params                                         4625
  aes_256_siv_get_params                                         4625
  aes_cts_128_cbc_get_params                                     4625
  def_is_number                                                  4625
  tdes_ede3_cfb_get_params                                       4625
  aes_256_gcm_get_params                                         4666
  aes_cts_192_cbc_get_params                                     4666
  aria_128_cbc_get_params                                        4666
  aria_192_gcm_get_params                                        4666
  EVP_aes_256_cbc_hmac_sha256                                    4667
  OSSL_STORE_LOADER_set_close                                    4667
  aes_128_ccm_get_params                                         4667
  aes_128_wrap_get_params                                        4667
  aes_192_ocb_get_params                                         4667
  pthread_cond_destroy                                           4667
  OSSL_STORE_LOADER_set_error                                    4708
  OSSL_trace_set_channel                                         4708
  aes_128_wrappad_get_params                                     4708
  aes_192_siv_get_params                                         4708
  aes_192_wrap_get_params                                        4708
  aes_256_cfb8_get_params                                        4708
  aria_256_ctr_get_params                                        4708
  EVP_sha256                                                     4709
  aria_128_cfb8_get_params                                       4709
  lsl::Lock::lock()                                              4709
  ossl_rand_cleanup_int                                          4709
  UI_method_set_prompt_constructor                               4750
  aes_128_cfb8_get_params                                        4750
  aria_256_cfb_get_params                                        4750
  pthread_self                                                   4750
  sm4_128_ecb_get_params                                         4750
  tdes_ede2_ecb_get_params                                       4750
  tdes_ede3_ofb_get_params                                       4750
  aria_128_ccm_get_params                                        4791
  camellia_128_ecb_get_params                                    4792
  engine_pkey_meths_free                                         4792
  ossl_provider_add_conf_module                                  4792
  OPENSSL_cpuid_setup                                            4833
  aes_192_wrapinv_get_params                                     4833
  aria_192_cfb8_get_params                                       4833
  camellia_256_cbc_get_params                                    4833
  aria_256_ccm_get_params                                        4834
  ossl_prov_cipher_hw_aes_ctr                                    4834
  sm4_128_ccm_get_params                                         4834
  BIO_free                                                       4875
  EVP_aes_128_cbc_hmac_sha256                                    4875
  aes_256_cfb1_get_params                                        4875
  aes_256_xts_get_params                                         4875
  camellia_256_cfb_get_params                                    4875
  ossl_bio_core_globals_free                                     4875
  ossl_prov_ctx_set0_core_bio_method                             4875
  sm4_128_ofb128_get_params                                      4875
  tdes_ede2_cbc_get_params                                       4875
  EVP_aes_128_cbc_hmac_sha1                                      4916
  aes_256_wrappad_get_params                                     4916
  aria_256_cfb1_get_params                                       4916
  aria_256_cfb8_get_params                                       4916
  tiny_try_realloc_in_place                                      4916
  ENGINE_load_builtin_engines                                    4917
  aes_128_siv_get_params                                         4917
  aes_192_wrappad_get_params                                     4917
  aria_192_cfb_get_params                                        4917
  ossl_random_add_conf_module                                    4917
  ossl_store_register_init                                       4917
  tdes_ede2_ofb_get_params                                       4917
  tdes_ede3_cfb8_get_params                                      4917
  aes_128_gcm_get_params                                         4958
  aes_256_wrapinv_get_params                                     4958
  camellia_192_cfb_get_params                                    4958
  camellia_256_ofb_get_params                                    4958
  aes_256_wrap_get_params                                        4959
  camellia_128_cfb1_get_params                                   4959
  ossl_ctx_global_properties_new                                 4959
  OSSL_STORE_LOADER_set_open                                     5000
  __sigaction                                                    5000
  aes_256_ecb_get_params                                         5000
  aria_192_ccm_get_params                                        5000
  camellia_128_cbc_get_params                                    5000
  camellia_256_ctr_get_params                                    5000
  engine_remove_dynamic_id                                       5000
  ossl_property_match_count                                      5000
  OSSL_STORE_LOADER_free                                         5041
  ossl_property_has_optional                                     5041
  aes_cts_256_cbc_get_params                                     5042
  aria_256_ecb_get_params                                        5042
  camellia_128_cfb_get_params                                    5042
  camellia_128_ctr_get_params                                    5042
  camellia_192_cbc_get_params                                    5042
  camellia_192_cfb1_get_params                                   5042
  camellia_192_ctr_get_params                                    5042
  aes_256_ocb_get_params                                         5083
  tdes_ede2_cfb_get_params                                       5083
  OSSL_STORE_LOADER_set_expect                                   5084
  camellia_128_cfb8_get_params                                   5084
  camellia_192_ecb_get_params                                    5084
  aes_128_wrapinv_get_params                                     5125
  aes_192_wrappadinv_get_params                                  5125
  aria_256_gcm_get_params                                        5125
  camellia_192_cfb8_get_params                                   5125
  ossl_indicator_set_callback_free                               5125
  aes_256_wrappadinv_get_params                                  5167
  camellia_192_ofb_get_params                                    5167
  camellia_256_cfb1_get_params                                   5167
  tdes_ede3_cfb1_get_params                                      5208
  COMP_zlib                                                      5250
  Diagnostics::clearError()                                      5250
  camellia_256_ecb_get_params                                    5250
  engine_pkey_asn1_meths_free                                    5250
  ossl_self_test_set_callback_free                               5250
  camellia_128_ofb_get_params                                    5292
  OSSL_PARAM_get_int                                             5333
  chacha20_poly1305_gettable_ctx_params                          5333
  ENGINE_get_cipher_engine                                       5334
  aes_128_wrappadinv_get_params                                  5375
  camellia_cts_192_cbc_get_params                                5375
  ossl_free_compression_methods_int                              5375
  EVP_CIPHER_get_key_length                                      5416
  ossl_provider_unquery_operation                                5417
  ossl_aes_192_gcm_siv_get_params                                5458
  tdes_ede3_ecb_get_params                                       5458
  getegid                                                        5459
  ossl_init_thread_deregister                                    5500
  chacha20_poly1305_get_params                                   5541
  EVP_CIPHER_CTX_get_block_size                                  5583
  getgid                                                         5583
  ossl_self_test_set_callback_new                                5584
  camellia_cts_256_cbc_get_params                                5625
  memset                                                         5626
  medium_region_for_ptr_no_lock                                  5666
  OPENSSL_sk_sort                                                5667
  OSSL_LIB_CTX_set_conf_diagnostics                              5708
  app_get0_libctx                                                5708
  camellia_256_cfb8_get_params                                   5709
  ossl_aes_256_gcm_siv_get_params                                5750
  ossl_indicator_set_callback_new                                5916
  ossl_prov_ctx_get0_core_bio_method                             5917
  geteuid                                                        5958
  BIO_set_data                                                   6000
  camellia_cts_128_cbc_get_params                                6000
  getuid                                                         6000
  medium_malloc_from_free_list                                   6000
  ENGINE_set_ctrl_function                                       6042
  ossl_aes_128_gcm_siv_get_params                                6042
  opt_arg                                                        6082
  close                                                          6125
  ossl_prov_bio_from_dispatch                                    6250
  ossl_prov_seeding_from_dispatch                                6291
  EVP_CIPHER_get_mode                                            6292
  EVP_RAND_CTX_free                                              6542
  OSSL_PARAM_get_int32                                           6667
  dyld3::kdebug_trace_dyld_enabled(unsigned int)                 6833
  dyld4::RuntimeState::notifyObjCPatching()                      6875
  dyld4::Loader::hiddenFromFlat(bool) const                      6917
  dyld4::handleFromLoader(dyld4::Loader const*, bool)             7083
  BIO_next                                                       7208
  _kernelrpc_mach_port_deallocate_trap                           7209
  bio_open_default                                               7251
  dyld4::BumpAllocator::~BumpAllocator()                         7334
  EVP_CipherInit_ex                                              7375
  store_loader_hash                                              7417
  _platform_strnlen                                              7542
  ENGINE_register_EC                                             7626
  _kernelrpc_mach_port_construct_trap                            7708
  ENGINE_register_DH                                             7709
  file_ctrl                                                      7874
  OPENSSL_sk_pop                                                 7916
  BIO_copy_next_retry                                            7958
  dyld4::JustInTimeLoader::hiddenFromFlat(bool) const             7959
  err_unshelve_state                                             8083
  X509_get_default_cert_area                                     8084
  ENGINE_register_RAND                                           8167
  ENGINE_register_RSA                                            8167
  openssl_fopen                                                  8209
  ENGINE_register_DSA                                            8250
  flsl                                                           8334
  dyld4::Loader::beginInitializers(dyld4::RuntimeState&)             8375
  __sclose                                                       8417
  ossl_lib_ctx_get_concrete                                      8542
  lsl::EphemeralAllocator::reset()                               8667
  BIO_set_init                                                   8749
  ossl_sa_new                                                    8749
  dyld4::RuntimeState::incDlRefCount(dyld4::Loader const*)             8791
  free_small                                                     8875
  __sflags                                                       9082
  ENGINE_register_digests                                        9083
  lsl::Vector<dyld4::Loader const*>::reserveExact(unsigned long)             9166
  strlen                                                         9166
  ossl_cipher_generic_einit                                      9249
  ENGINE_register_ciphers                                        9333
  ossl_property_free                                             9416
  dyld4::JustInTimeLoader::beginInitializers(dyld4::RuntimeState&)             9459
  DSO_METHOD_openssl                                             9708
  ENGINE_register_pkey_meths                                     9708
  ossl_cipher_generic_set_ctx_params                             9791
  BIO_set_flags                                                  9834
  tiny_malloc_from_free_list                                     9916
  OSSL_LIB_CTX_get_conf_diagnostics                             10291
  CRYPTO_atomic_or                                              10292
  ENGINE_register_pkey_asn1_meths                               10958
  ossl_lib_ctx_get_rcukey                                       10959
  ossl_lib_ctx_get_ex_data_global                               11041
  NCONF_get_section                                             11376
  lsl::Vector<lsl::MemoryManager::Buffer>::reserve(unsigned long)            11458
  engine_free_util                                              11500
  ossl_sa_doall_arg                                             11583
  aes_siv_gettable_ctx_params                                   11876
  OPENSSL_cleanse                                               12041
  dyld4::RuntimeState::doSingletonPatching(dyld4::DyldCacheDataConstLazyScopedWriter&)            12125
  EVP_add_cipher                                                12584
  ossl_cipher_capable_aes_cbc_hmac_sha256                       12708
  ossl_cipher_capable_aes_cbc_hmac_sha1                         12709
  ossl_property_value                                           13167
  cipher_ocb_gettable_ctx_params                                13416
  aes_cbc_cts_gettable_ctx_params                               13542
  dyld4::Loader::loadDependents(Diagnostics&, dyld4::RuntimeState&, dyld4::Loader::LoadOptions const&)            13875
  fstat                                                         13916
  deflt_query                                                   14000
  dyld4::DyldCacheDataConstLazyScopedWriter::DyldCacheDataConstLazyScopedWriter(dyld4::RuntimeState&)            14000
  BIO_clear_flags                                               14291
  __bzero                                                       14375
  lsl::EphemeralAllocator::~EphemeralAllocator()                14459
  _kernelrpc_mach_vm_deallocate_trap                            14500
  sa_doall                                                      14501
  dyld4::Loader::path() const                                   14541
  DSO_free                                                      14709
  BIO_get_data                                                  14918
  CRYPTO_atomic_add                                             15042
  _NSGetEnviron                                                 15083
  dyld4::JustInTimeLoader::loadDependents(Diagnostics&, dyld4::RuntimeState&, dyld4::Loader::LoadOptions const&)            15416
  ossl_aes_gcm_siv_gettable_ctx_params                          15541
  camellia_cbc_cts_gettable_ctx_params                          15583
  __sflush                                                      16209
  os_unfair_recursive_lock_unlock                               16376
  dyld3::MachOFile::is64() const                                16458
  file_new                                                      16501
  ossl_prov_is_running                                          16793
  file_free                                                     17541
  invocation function for block in dyld4::Loader::forEachPath(Diagnostics&, dyld4::RuntimeState&, char const*, dyld4::Loader::Loa            17541
  CRYPTO_THREAD_lock_free                                       17583
  FMT_istext                                                    18000
  OPENSSL_LH_get_down_load                                      18167
  dyld4::JustInTimeLoader::path() const                         18208
  pthread_mutex_destroy                                         18208
  _kernelrpc_mach_port_destruct_trap                            18332
  BIO_new                                                       18792
  kdebug_is_enabled                                             19582
  small_try_realloc_in_place                                    19750
  rack_region_insert                                            20082
  dyld4::LibSystemHelpers::pthread_getspecific(unsigned long) const            20708
  pthread_cond_init                                             20792
  property_free                                                 20999
  dyld4::Loader::matchesPath(char const*) const                 21167
  lsl::EphemeralAllocator::deallocate_buffer(lsl::MemoryManager::Buffer)            21291
  os_unfair_recursive_lock_lock_with_options                    21334
  __chkstk_darwin_probe                                         21542
  small_size                                                    21667
  os_unfair_lock_assert_not_owner                               22333
  ___chkstk_darwin                                              22416
  dyld4::ProcessConfig::DyldCache::indexOfPath(char const*, unsigned int&) const            23084
  small_free_list_find_by_ptr                                   24543
  dyld4::Loader::loadAddress(dyld4::RuntimeState&) const            25209
  pthread_mutex_init                                            26125
  dyld3::ScopedTimer::endTimer()                                26333
  __findenv_locked                                              26707
  OPENSSL_strnlen                                               27582
  mach_msg2_trap                                                27792
  OPENSSL_sk_delete                                             28208
  small_free_list_remove_ptr                                    28458
  dyld4::JustInTimeLoader::loadAddress(dyld4::RuntimeState&) const            28751
  _pthread_mutex_check_init_slow                                32917
  ossl_property_name                                            34082
  lsl::AllocationMetadata::AllocationMetadata(lsl::Allocator*, unsigned long)            34541
  __open                                                        34750
  small_free_list_remove_ptr_no_clear                           35083
  OPENSSL_LH_set_down_load                                      35331
  CRYPTO_new_ex_data                                            35750
  __read_nocancel                                               38000
  szone_good_size                                               38417
  dyld4::LibSystemHelpers::os_unfair_recursive_lock_unlock(os_unfair_recursive_lock_s*) const            38584
  OPENSSL_sk_free                                               39460
  _kernelrpc_mach_vm_map_trap                                   40125
  small_free_list_add_ptr                                       41168
  Diagnostics::hasError() const                                 41293
  dyld4::LibSystemHelpers::os_unfair_lock_unlock(os_unfair_lock_s*) const            41501
  tiny_free_list_remove_ptr                                     41833
  ossl_rcu_write_lock                                           42209
  EVP_PKEY_asn1_get0                                            42543
  Diagnostics::noError() const                                  44667
  __write_nocancel                                              45500
  ossl_rcu_write_unlock                                         45584
  ossl_tdes_gettable_ctx_params                                 45959
  pthread_setspecific                                           46624
  small_malloc_from_free_list                                   49497
  dyld4::RuntimeState::PermanentRanges::contains(unsigned long, unsigned long, unsigned char*, dyld4::Loader const**) const            50166
  __fcntl                                                       50292
  get_tiny_previous_free_msize                                  51459
  madvise                                                       51876
  dyld3::MachOFile::read_uleb128(Diagnostics&, unsigned char const*&, unsigned char const*)            52083
  _tiny_check_and_zero_inline_meta_from_freelist                52543
  dyld4::LibSystemHelpers::os_unfair_recursive_lock_lock_with_options(os_unfair_recursive_lock_s*, os_unfair_lock_options_t) cons            53500
  szone_malloc                                                  54335
  pthread_cond_broadcast                                        54917
  EVP_PKEY_asn1_get0_info                                       55705
  __close_nocancel                                              58750
  tiny_size                                                     58874
  dyld4::LibSystemHelpers::os_unfair_lock_lock_with_options(os_unfair_lock_s*, os_unfair_lock_options_t) const            60291
  realloc                                                       61795
  lsl::MemoryManager::lockGuard()                               63624
  lsl::EphemeralAllocator::allocate_buffer(unsigned long, unsigned long, unsigned long)            64167
  set_tiny_meta_header_in_use                                   64248
  _qsort                                                        65208
  os_unfair_lock_assert_owner                                   69001
  _szone_free                                                   69376
  strcmp                                                        69752
  ossl_cipher_aead_gettable_ctx_params                          70500
  OPENSSL_sk_pop_free                                           70666
  tiny_free_list_add_ptr                                        74541
  szone_try_free_default                                        76959
  invocation function for block in dyld3::MachOFile::getDylibInstallName(char const**, unsigned int*, unsigned int*) const            81000
  dyld3::kdebug_trace_dyld_duration_end(unsigned long long, unsigned int, dyld3::kt_arg, dyld3::kt_arg, dyld3::kt_arg)            81041
  rack_get_thread_index                                         83668
  property_hash                                                 90167
  EVP_CIPHER_get_type                                           91209
  dyld3::OverflowSafeArray<unsigned int, 4294967295ul>::verifySpace(unsigned long)            92834
  dyld4::Loader::contains(dyld4::RuntimeState&, void const*, void const**, unsigned long long*, unsigned char*) const            94416
  pthread_cond_signal                                          101832
  Diagnostics::assertNoError() const                           109501
  nanov2_size                                                  112086
  pthread_rwlock_init                                          115372
  pthread_rwlock_destroy                                       121374
  __open_nocancel                                              125668
  os_unfair_lock_unlock                                        127125
  Diagnostics::~Diagnostics()                                  140418
  Diagnostics::Diagnostics(bool)                               147334
  get_legacy_evp_names                                         160129
  ossl_ctype_check                                             168707
  os_unfair_lock_lock_with_options                             171459
  EVP_MD_get_type                                              193836
  nanov2_pointer_size                                          195422
  invocation function for block in dyld3::MachOFile::getEntry(unsigned long long&, bool&) const           200627
  free                                                         201950
  _Block_object_dispose                                        213666
  OPENSSL_hexchar2int                                          231542
  nanov2_allocate_from_block                                   237035
  ossl_sa_set                                                  249382
  strncmp                                                      272664
  trim_ws                                                      274999
  invocation function for block in dyld4::JustInTimeLoader::contains(dyld4::RuntimeState&, void const*, void const**, unsigned lo           300167
  BUF_MEM_new                                                  302292
  names_free                                                   316088
  OBJ_get0_data                                                327244
  OPENSSL_LH_doall                                             331701
  OPENSSL_LH_flush                                             333713
  OSSL_PARAM_set_uint                                          339880
  ossl_provider_ctx                                            341043
  EVP_CIPHER_get_nid                                           365530
  conf_value_cmp                                               376543
  ossl_lib_ctx_unlock                                          379459
  invocation function for block in dyld3::MachOLoaded::findClosestSymbol(unsigned long long, char const**, unsigned long long*) c           396083
  OSSL_PARAM_locate_const                                      397835
  ossl_lib_ctx_read_lock                                       424626
  OPENSSL_LH_set_thunks                                        429953
  property_defn_cmp                                            434831
  ossl_cipher_generic_gettable_ctx_params                      446169
  evp_cipher_up_ref                                            450705
  property_defn_hash                                           461913
  value_free_hash                                              469321
  function_hash                                                478955
  ossl_provider_free                                           481498
  BN_free                                                      485373
  CRYPTO_realloc                                               486512
  ossl_provider_up_ref                                         487381
  OSSL_PARAM_set_uint32                                        498949
  eat_alpha_numeric                                            507335
  ossl_sa_get                                                  514124
  ASN1_OBJECT_free                                             530417
  OSSL_PARAM_construct_end                                     543545
  sa_free_node                                                 546289
  EVP_CIPHER_get0_provider                                     558083
  OSSL_PARAM_construct_uint                                    561331
  evp_cipher_free                                              575877
  do_all_fn                                                    586334
  EVP_CIPHER_free                                              629092
  ossl_provider_libctx                                         798159
  invocation function for block in dyld3::MachOLoaded::getLinkEditLoadCommands(Diagnostics&, dyld3::MachOLoaded::LinkEditInfo&) c           834292
  internal_free_nop                                            859768
  _platform_strncmp                                            861624
  name_string_free                                             895663
  OPENSSL_LH_error                                             931511
  _os_once                                                    1027152
  invocation function for block in dyld3::MachOFile::forEachSegment(void (dyld3::MachOFile::SegmentInfo const&, bool&) block_poin          1100625
  BUF_MEM_grow                                                1116713
  OSSL_PARAM_set_size_t                                       1117834
  sk_reserve                                                  1153955
  pthread_getspecific                                         1169333
  CRYPTO_THREAD_get_local                                     1272204
  _platform_memchr                                            1337512
  ossl_rcu_assign_uptr                                        1407629
  OSSL_PARAM_set_uint64                                       1499492
  names_lh_free_doall                                         1518575
  ossl_lib_ctx_get_data                                       1592092
  OSSL_PARAM_set_int                                          1611388
  _platform_strchr                                            1705707
  pthread_mutex_lock                                          1723163
  OSSL_PARAM_construct_size_t                                 1792292
  pthread_mutex_unlock                                        1830365
  _nanov2_free                                                1884926
  OPENSSL_sk_push                                             1965435
  _pthread_mutex_lock_init_slow                               1981079
  OPENSSL_sk_num                                              1997450
  _pthread_mutex_unlock_init_slow                             2075840
  _pthread_mutex_firstfit_lock_slow                           2198588
  _pthread_mutex_firstfit_unlock_slow                         2280214
  OPENSSL_sk_value                                            2306376
  OSSL_PARAM_set_int32                                        2413777
  obj_name_cmp                                                2509078
  OPENSSL_LH_strhash                                          2701792
  OSSL_PARAM_construct_int                                    2720006
  _platform_memcmp                                            2769397
  OBJ_nid2obj                                                 3239644
  pthread_once                                                3247918
  CRYPTO_atomic_load                                          3252664
  pthread_rwlock_rdlock                                       3313832
  SortFnByName                                                3447860
  ossl_lh_strcasehash                                         3665005
  __error                                                     3753417
  cipher_compare                                              3973373
  ossl_isdigit                                                4009335
  fnv1a_hash                                                  4402448
  _platform_memmove                                           6460960
  pthread_rwlock_wrlock                                       6664743
  pthread_rwlock_unlock                                       9970936
  err_string_data_cmp                                        10856635
  CRYPTO_free                                                12245522
  malloc                                                     13393788
  doapr_outch                                                15204557
  err_string_data_hash                                       16591113
  nanov2_malloc                                              18416563
  _platform_strlen                                           23113775
  _platform_memset                                           25400896
  nanov2_try_free_default                                    25907272
  _platform_strcmp                                           27651016
  ossl_tolower                                               59941527
