
  EVP_md5                                                        1667
  sigaction                                                      1833
  pd_free                                                        1917
  EVP_des_ede                                                    1958
  EVP_rc4_40                                                     1958
  EVP_rc2_ofb                                                    1959
  EVP_sha1                                                       2000
  EVP_sha224                                                     2000
  EVP_des_ecb                                                    2041
  EVP_sm4_ofb                                                    2041
  UI_OpenSSL                                                     2041
  EVP_rc2_cbc                                                    2042
  EVP_rc4                                                        2042
  EVP_sm4_cbc                                                    2083
  EVP_bf_ofb                                                     2125
  EVP_des_ofb                                                    2125
  EVP_sm3                                                        2125
  UI_null                                                        2125
  _cleanup                                                       2125
  EVP_bf_cbc                                                     2166
  EVP_des_cbc                                                    2166
  EVP_des_cfb8                                                   2166
  EVP_sm4_ctr                                                    2166
  EVP_idea_ofb                                                   2167
  EVP_seed_cbc                                                   2167
  EVP_seed_ofb                                                   2167
  EVP_sha3_224                                                   2167
  EVP_sha3_512                                                   2167
  EVP_md4                                                        2250
  EVP_mdc2                                                       2250
  EVP_sha384                                                     2250
  EVP_shake128                                                   2250
  EVP_sm4_ecb                                                    2250
  EVP_bf_ecb                                                     2292
  EVP_cast5_ofb                                                  2292
  EVP_des_ede3                                                   2292
  EVP_sha512_256                                                 2292
  EVP_md5_sha1                                                   2333
  EVP_sha512_224                                                 2333
  EVP_shake256                                                   2333
  COMP_get_type                                                  2375
  EVP_blake2s256                                                 2375
  EVP_idea_cbc                                                   2375
  EVP_idea_ecb                                                   2375
  EVP_rc2_64_cbc                                                 2375
  EVP_sha3_384                                                   2375
  EVP_sha512                                                     2375
  EVP_des_ede_cbc                                                2416
  EVP_aes_128_ccm                                                2417
  EVP_aes_192_cbc                                                2417
  EVP_aes_256_xts                                                2417
  EVP_cast5_cbc                                                  2417
  EVP_rc2_ecb                                                    2417
  EVP_ripemd160                                                  2417
  opt_unknown                                                    2417
  EVP_aes_192_gcm                                                2458
  EVP_aes_256_ctr                                                2458
  EVP_aes_256_ofb                                                2458
  EVP_rc2_cfb64                                                  2458
  app_get0_propq                                                 2458
  strchr                                                         2458
  EVP_aes_128_cbc                                                2459
  EVP_aes_256_gcm                                                2459
  EVP_chacha20                                                   2459
  EVP_aes_128_ctr                                                2500
  EVP_aes_128_xts                                                2500
  EVP_aes_192_ccm                                                2500
  EVP_aes_256_cbc                                                2500
  EVP_aes_256_ccm                                                2500
  EVP_bf_cfb64                                                   2500
  EVP_des_ede_ofb                                                2500
  EVP_seed_ecb                                                   2500
  opt_next                                                       2500
  EVP_aes_192_ecb                                                2541
  EVP_sha3_256                                                   2541
  EVP_MD_free                                                    2542
  EVP_aes_192_cfb1                                               2542
  EVP_aes_256_wrap                                               2542
  release_engine                                                 2542
  EVP_aes_128_ofb                                                2583
  EVP_aes_192_cfb8                                               2583
  EVP_aes_256_cfb1                                               2583
  EVP_aes_256_ecb                                                2583
  EVP_aria_128_ofb                                               2583
  EVP_aria_256_ctr                                               2583
  EVP_aria_256_ofb                                               2583
  EVP_des_ede3_ofb                                               2584
  EVP_aes_256_cfb8                                               2625
  EVP_aes_256_ocb                                                2625
  EVP_desx_cbc                                                   2625
  EVP_rc2_40_cbc                                                 2625
  EVP_aria_192_cbc                                               2666
  EVP_aria_192_cfb1                                              2666
  EVP_idea_cfb64                                                 2666
  EVP_aes_128_wrap                                               2667
  EVP_aria_192_ctr                                               2667
  EVP_aria_256_cbc                                               2667
  EVP_cast5_ecb                                                  2667
  ossl_trace_cleanup                                             2667
  EVP_aria_192_gcm                                               2708
  EVP_aria_256_cfb1                                              2708
  EVP_aria_256_ecb                                               2708
  EVP_des_ede3_cbc                                               2708
  EVP_sm4_cfb128                                                 2708
  ENGINE_set_name                                                2709
  EVP_aes_128_cfb1                                               2750
  EVP_aes_192_ctr                                                2750
  EVP_aes_192_ofb                                                2750
  EVP_aria_128_ecb                                               2750
  EVP_aria_192_ofb                                               2750
  EVP_aria_256_gcm                                               2750
  EVP_des_cfb1                                                   2750
  EVP_seed_cfb128                                                2750
  EVP_whirlpool                                                  2750
  lh_FUNCTION_free                                               2750
  vm_deallocate                                                  2750
  EVP_aria_128_cfb1                                              2792
  EVP_aria_192_ccm                                               2792
  EVP_aria_192_cfb8                                              2792
  EVP_des_ede3_cfb8                                              2792
  EVP_cast5_cfb64                                                2833
  strrchr                                                        2833
  EVP_aes_192_ocb                                                2834
  ENGINE_set_id                                                  2875
  EVP_aria_192_cfb128                                            2875
  EVP_aria_256_ccm                                               2875
  EVP_blake2b512                                                 2875
  NCONF_default                                                  2875
  query_hash                                                     2875
  OBJ_obj2txt                                                    2916
  signal                                                         2916
  EVP_aes_128_cfb8                                               2917
  EVP_aes_128_ocb                                                2917
  EVP_aes_192_cfb128                                             2917
  EVP_aria_256_cfb128                                            2917
  EVP_des_ede3_cfb1                                              2917
  BIO_f_cipher                                                   2958
  EVP_aria_128_cbc                                               2958
  EVP_aria_128_ctr                                               2958
  EVP_aria_128_gcm                                               2958
  EVP_rc4_hmac_md5                                               2958
  def_to_int                                                     2958
  EVP_aes_128_gcm                                                2959
  def_init_default                                               2959
  EVP_aes_192_wrap                                               3000
  EVP_aria_128_ccm                                               3000
  EVP_aria_256_cfb8                                              3041
  EVP_aes_192_wrap_pad                                           3042
  EVP_camellia_256_ofb                                           3042
  __cxa_finalize                                                 3042
  getrlimit                                                      3042
  EVP_CIPHER_get_flags                                           3083
  EVP_aes_128_cfb128                                             3083
  EVP_aes_256_cfb128                                             3083
  EVP_aria_128_cfb128                                            3083
  EVP_aria_192_ecb                                               3083
  EVP_camellia_192_ofb                                           3083
  function_cmp                                                   3083
  ossl_store_cleanup_int                                         3083
  EVP_camellia_128_ctr                                           3084
  EVP_aes_256_wrap_pad                                           3125
  EVP_aria_128_cfb8                                              3125
  EVP_des_ede3_wrap                                              3125
  OSSL_LIB_CTX_get_data                                          3125
  UI_method_set_writer                                           3125
  COMP_zlib                                                      3167
  property_cmp                                                   3167
  EVP_aes_128_wrap_pad                                           3208
  EVP_camellia_128_cbc                                           3208
  ossl_comp_zstd_cleanup                                         3208
  EVP_camellia_128_ofb                                           3209
  EVP_camellia_192_ctr                                           3209
  EVP_camellia_128_cfb8                                          3250
  EVP_camellia_256_cbc                                           3250
  EVP_camellia_256_cfb8                                          3250
  EVP_camellia_256_ctr                                           3250
  EVP_des_ede_cfb64                                              3250
  OSSL_PARAM_modified                                            3250
  UI_method_set_reader                                           3250
  EVP_des_cfb64                                                  3292
  EVP_camellia_128_cfb1                                          3333
  EVP_camellia_192_cfb1                                          3333
  EVP_camellia_256_ecb                                           3333
  UI_method_set_closer                                           3333
  EVP_aes_128_ecb                                                3334
  EVP_camellia_192_cbc                                           3334
  EVP_des_ede3_cfb64                                             3334
  EVP_camellia_192_ecb                                           3375
  opt_set_unknown_name                                           3416
  bio_sock_cleanup_int                                           3417
  ENGINE_set_flags                                               3458
  EVP_camellia_256_cfb1                                          3458
  EVP_chacha20_poly1305                                          3458
  init_thread_stop                                               3459
  EVP_camellia_192_cfb8                                          3500
  UI_method_set_opener                                           3500
  EVP_add_alg_module                                             3542
  OSSL_STORE_register_loader                                     3542
  ossl_prov_ctx_free                                             3542
  BIO_meth_set_ctrl                                              3583
  EVP_camellia_256_cfb128                                        3584
  EVP_camellia_128_ecb                                           3625
  app_RAND_write                                                 3625
  free_medium                                                    3625
  ossl_prov_ctx_set0_handle                                      3625
  ossl_comp_zlib_cleanup                                         3666
  ossl_comp_brotli_cleanup                                       3667
  store_loader_cmp                                               3667
  EVP_camellia_128_cfb128                                        3708
  EVP_camellia_192_cfb128                                        3708
  engine_load_rdrand_int                                         3708
  ASN1_add_stable_module                                         3709
  BIO_meth_set_puts                                              3750
  __smakebuf                                                     3750
  BIO_meth_set_create                                            3791
  EVP_CipherFinal_ex                                             3791
  ERR_print_errors                                               3792
  EVP_CipherUpdate                                               3792
  ERR_get_error_all                                              3833
  EVP_CIPHER_fetch                                               3833
  evp_app_cleanup_int                                            3833
  __getrlimit                                                    3834
  BIO_meth_set_gets                                              3875
  ENGINE_set_cmd_defns                                           3875
  BIO_meth_set_destroy                                           3916
  opt_check_rest_arg                                             3916
  ossl_prov_ctx_new                                              3916
  ossl_lib_ctx_write_lock                                        3917
  ASN1_add_oid_module                                            4000
  EVP_PKEY_asn1_get_count                                        4000
  NCONF_get0_libctx                                              4000
  core_get_libctx                                                4000
  ossl_lib_ctx_is_default                                        4042
  ENGINE_add_conf_module                                         4083
  EVP_CIPHER_get_iv_length                                       4083
  OSSL_LIB_CTX_free                                              4083
  aes_192_ecb_get_params                                         4083
  ossl_prov_ctx_set0_libctx                                      4083
  dyld4::APIs::_tlv_exit()                                       4084
  CRYPTO_THREAD_get_current_id                                   4125
  ossl_child_prov_ctx_new                                        4125
  close                                                          4167
  ossl_method_unlock_store                                       4167
  OSSL_ERR_STATE_new                                             4250
  chacha20_get_params                                            4250
  ossl_prov_ctx_get0_libctx                                      4250
  sm4_128_cbc_get_params                                         4250
  OSSL_STORE_unregister_loader                                   4291
  aes_192_wrap_get_params                                        4291
  null_gettable_ctx_params                                       4291
  aes_128_ofb_get_params                                         4292
  aes_192_ctr_get_params                                         4292
  ossl_config_add_ssl_module                                     4292
  CONF_imodule_get_value                                         4333
  aes_192_cfb_get_params                                         4333
  aes_v8_set_encrypt_key                                         4333
  ossl_stored_namemap_free                                       4334
  ENGINE_set_ctrl_function                                       4375
  aes_128_ctr_get_params                                         4375
  aes_256_cbc_get_params                                         4375
  ossl_cipher_generic_reset_ctx                                  4375
  ossl_method_lock_store                                         4375
  aes_192_cfb1_get_params                                        4416
  aes_256_ctr_get_params                                         4416
  aria_192_ctr_get_params                                        4416
  BIO_meth_set_write_ex                                          4417
  aes_v8_ctr32_encrypt_blocks                                    4417
  aria_192_cbc_get_params                                        4417
  sm4_128_xts_get_params                                         4417
  rack_region_insert                                             4458
  OSSL_STORE_LOADER_set_eof                                      4459
  ENGINE_set_init_function                                       4500
  EVP_sha256                                                     4500
  OPENSSL_cpuid_setup                                            4500
  OSSL_trace_set_channel                                         4500
  aes_128_cbc_get_params                                         4500
  aria_256_cbc_get_params                                        4500
  aria_256_cfb1_get_params                                       4500
  ossl_bio_core_globals_new                                      4500
  sm4_128_ctr_get_params                                         4500
  aes_128_ocb_get_params                                         4541
  aria_256_ctr_get_params                                        4541
  sm4_128_cfb128_get_params                                      4541
  tdes_ede2_cbc_get_params                                       4541
  OSSL_CMP_log_close                                             4542
  aes_192_gcm_get_params                                         4542
  aria_128_cfb_get_params                                        4542
  aria_192_ecb_get_params                                        4542
  chacha20_gettable_ctx_params                                   4542
  ossl_random_add_conf_module                                    4542
  tdes_wrap_get_params                                           4542
  aes_128_cfb_get_params                                         4583
  aes_192_cbc_get_params                                         4583
  aria_128_cbc_get_params                                        4583
  aria_128_ofb_get_params                                        4583
  tdes_ede3_cbc_get_params                                       4583
  tiny_try_realloc_in_place                                      4583
  aes_128_cfb1_get_params                                        4584
  aes_128_xts_get_params                                         4584
  tdes_ede2_ecb_get_params                                       4584
  ENGINE_set_finish_function                                     4625
  aes_192_cfb8_get_params                                        4625
  aes_256_cfb8_get_params                                        4625
  aes_256_cfb_get_params                                         4625
  aria_128_cfb1_get_params                                       4625
  aria_128_cfb8_get_params                                       4625
  aria_256_cfb_get_params                                        4625
  pthread_cond_destroy                                           4625
  OSSL_STORE_LOADER_set_load                                     4666
  aes_128_cfb8_get_params                                        4666
  aes_256_gcm_get_params                                         4666
  aria_192_ofb_get_params                                        4666
  sm4_128_ecb_get_params                                         4666
  EVP_aes_256_cbc_hmac_sha1                                      4667
  UI_method_set_prompt_constructor                               4667
  aes_256_ofb_get_params                                         4667
  aes_cts_192_cbc_get_params                                     4667
  aria_128_gcm_get_params                                        4667
  aria_192_cfb8_get_params                                       4667
  def_is_number                                                  4667
  ossl_rand_cleanup_int                                          4667
  OSSL_STORE_LOADER_set_error                                    4708
  aria_128_ecb_get_params                                        4708
  aria_192_gcm_get_params                                        4708
  aria_256_cfb8_get_params                                       4708
  ossl_ctx_global_properties_new                                 4708
  EVP_aes_256_cbc_hmac_sha256                                    4709
  OSSL_STORE_LOADER_set_close                                    4750
  OSSL_STORE_LOADER_set_open                                     4750
  aes_128_wrappad_get_params                                     4750
  aria_192_cfb_get_params                                        4750
  aria_256_ofb_get_params                                        4750
  camellia_128_ecb_get_params                                    4750
  ossl_bio_core_globals_free                                     4750
  ossl_prov_cipher_hw_aes_ctr                                    4750
  sm4_128_ccm_get_params                                         4750
  tdes_ede2_ofb_get_params                                       4750
  aes_192_ofb_get_params                                         4791
  aes_256_siv_get_params                                         4791
  sm4_128_gcm_get_params                                         4791
  aes_128_ecb_get_params                                         4792
  aria_128_ctr_get_params                                        4792
  aes_128_ccm_get_params                                         4833
  ossl_provider_add_conf_module                                  4833
  tdes_ede3_cfb8_get_params                                      4833
  OSSL_STORE_LOADER_free                                         4834
  __sigaction                                                    4834
  aes_256_cfb1_get_params                                        4834
  lsl::Lock::unlock()                                            4834
  sm4_128_ofb128_get_params                                      4834
  aes_256_xts_get_params                                         4875
  aria_128_ccm_get_params                                        4875
  ossl_prov_ctx_set0_core_bio_method                             4875
  tdes_ede3_cfb_get_params                                       4916
  BIO_free                                                       4917
  aes_128_gcm_get_params                                         4917
  aes_192_ocb_get_params                                         4917
  aes_192_siv_get_params                                         4917
  aes_256_ccm_get_params                                         4917
  tdes_ede2_cfb_get_params                                       4917
  aes_192_ccm_get_params                                         4958
  aria_192_cfb1_get_params                                       4958
  camellia_192_cfb8_get_params                                   4958
  camellia_192_ecb_get_params                                    4958
  camellia_256_cfb_get_params                                    4958
  tdes_ede3_ofb_get_params                                       4958
  aes_192_wrappad_get_params                                     4959
  aes_cts_256_cbc_get_params                                     4959
  ENGINE_load_builtin_engines                                    5000
  aes_128_siv_get_params                                         5000
  aes_128_wrapinv_get_params                                     5000
  aes_192_wrapinv_get_params                                     5000
  aes_256_ecb_get_params                                         5000
  aes_256_wrap_get_params                                        5000
  aes_cts_128_cbc_get_params                                     5000
  camellia_192_cfb1_get_params                                   5000
  camellia_192_cfb_get_params                                    5000
  camellia_256_cbc_get_params                                    5000
  engine_pkey_meths_free                                         5000
  memset                                                         5000
  ossl_init_thread_deregister                                    5000
  tdes_ede3_cfb1_get_params                                      5000
  aria_192_ccm_get_params                                        5041
  aria_256_ccm_get_params                                        5041
  aria_256_ecb_get_params                                        5041
  camellia_128_cfb_get_params                                    5041
  camellia_256_ctr_get_params                                    5041
  Diagnostics::clearError()                                      5042
  OSSL_STORE_LOADER_set_expect                                   5042
  aes_256_wrappad_get_params                                     5042
  ossl_indicator_set_callback_new                                5042
  aes_256_ocb_get_params                                         5084
  aes_256_wrapinv_get_params                                     5084
  camellia_128_cbc_get_params                                    5084
  camellia_192_ctr_get_params                                    5084
  engine_remove_dynamic_id                                       5084
  aria_256_gcm_get_params                                        5125
  camellia_128_cfb8_get_params                                   5125
  camellia_192_ofb_get_params                                    5125
  camellia_256_cfb1_get_params                                   5125
  camellia_256_ofb_get_params                                    5125
  ossl_indicator_set_callback_free                               5125
  ossl_property_has_optional                                     5125
  ossl_self_test_set_callback_free                               5125
  ossl_self_test_set_callback_new                                5125
  ossl_store_register_init                                       5125
  EVP_CIPHER_get_key_length                                      5166
  pthread_self                                                   5166
  EVP_aes_128_cbc_hmac_sha1                                      5167
  camellia_128_ofb_get_params                                    5167
  ossl_property_match_count                                      5167
  tdes_ede3_ecb_get_params                                       5208
  EVP_aes_128_cbc_hmac_sha256                                    5209
  aes_192_wrappadinv_get_params                                  5209
  camellia_128_cfb1_get_params                                   5209
  camellia_192_cbc_get_params                                    5209
  engine_pkey_asn1_meths_free                                    5209
  aes_128_wrappadinv_get_params                                  5250
  camellia_256_cfb8_get_params                                   5250
  OSSL_PARAM_get_int                                             5251
  ossl_free_compression_methods_int                              5291
  camellia_256_ecb_get_params                                    5292
  camellia_cts_192_cbc_get_params                                5292
  medium_region_for_ptr_no_lock                                  5292
  aes_128_wrap_get_params                                        5333
  aes_256_wrappadinv_get_params                                  5333
  camellia_128_ctr_get_params                                    5333
  __fcntl                                                        5416
  chacha20_poly1305_gettable_ctx_params                          5416
  ENGINE_get_cipher_engine                                       5417
  getegid                                                        5458
  ossl_aes_256_gcm_siv_get_params                                5500
  OPENSSL_sk_sort                                                5542
  chacha20_poly1305_get_params                                   5542
  getgid                                                         5582
  medium_malloc_from_free_list                                   5625
  ossl_provider_unquery_operation                                5666
  ossl_prov_ctx_get0_core_bio_method                             5750
  EVP_CIPHER_CTX_get_block_size                                  5792
  camellia_cts_128_cbc_get_params                                5792
  camellia_cts_256_cbc_get_params                                5833
  OSSL_LIB_CTX_set_conf_diagnostics                              5875
  app_get0_libctx                                                5875
  geteuid                                                        5875
  ossl_aes_192_gcm_siv_get_params                                5917
  ossl_aes_128_gcm_siv_get_params                                5958
  BIO_set_data                                                   6041
  EVP_CIPHER_get_mode                                            6125
  ossl_prov_bio_from_dispatch                                    6125
  opt_arg                                                        6166
  ossl_prov_seeding_from_dispatch                                6208
  free_small                                                     6333
  EVP_RAND_CTX_free                                              6375
  getuid                                                         6416
  OSSL_PARAM_get_int32                                           6625
  dyld4::RuntimeState::notifyObjCPatching()                      6625
  dyld4::Loader::hiddenFromFlat(bool) const                      6750
  dyld3::kdebug_trace_dyld_enabled(unsigned int)                 6917
  BIO_next                                                       6959
  dyld4::BumpAllocator::~BumpAllocator()                         7166
  dyld4::handleFromLoader(dyld4::Loader const*, bool)             7250
  store_loader_hash                                              7251
  bio_open_default                                               7291
  _kernelrpc_mach_port_deallocate_trap                           7292
  _platform_strnlen                                              7292
  EVP_CipherInit_ex                                              7375
  ENGINE_register_EC                                             7459
  BIO_meth_set_read_ex                                           7542
  _kernelrpc_mach_port_construct_trap                            7542
  OPENSSL_sk_pop                                                 7624
  openssl_fopen                                                  7749
  err_unshelve_state                                             7916
  ENGINE_register_DH                                             7917
  lsl::Lock::lock()                                              7917
  dyld4::JustInTimeLoader::hiddenFromFlat(bool) const             8000
  BIO_copy_next_retry                                            8083
  ENGINE_register_DSA                                            8125
  ENGINE_register_RSA                                            8166
  X509_get_default_cert_area                                     8208
  file_ctrl                                                      8208
  lsl::EphemeralAllocator::reset()                               8334
  dyld4::Loader::beginInitializers(dyld4::RuntimeState&)             8458
  flsl                                                           8458
  ossl_lib_ctx_get_concrete                                      8584
  ENGINE_register_RAND                                           8666
  BIO_set_init                                                   8750
  ossl_sa_new                                                    8875
  __sclose                                                       8876
  __sflags                                                       8916
  dyld4::RuntimeState::incDlRefCount(dyld4::Loader const*)             9000
  lsl::Vector<dyld4::Loader const*>::reserveExact(unsigned long)             9125
  ENGINE_register_digests                                        9250
  strlen                                                         9291
  ENGINE_register_ciphers                                        9333
  ossl_cipher_generic_einit                                      9334
  BIO_set_flags                                                  9625
  dyld4::JustInTimeLoader::beginInitializers(dyld4::RuntimeState&)             9625
  ossl_property_free                                             9626
  DSO_METHOD_openssl                                             9749
  _kernelrpc_mach_vm_map_trap                                    9833
  ENGINE_register_pkey_meths                                     9916
  ossl_cipher_generic_set_ctx_params                             9917
  lsl::Vector<lsl::MemoryManager::Buffer>::reserve(unsigned long)            10000
  CRYPTO_atomic_or                                              10083
  OSSL_LIB_CTX_get_conf_diagnostics                             10166
  ossl_lib_ctx_get_rcukey                                       10626
  ENGINE_register_pkey_asn1_meths                               10834
  ossl_lib_ctx_get_ex_data_global                               10999
  NCONF_get_section                                             11333
  engine_free_util                                              11333
  fstat                                                         11334
  ossl_sa_doall_arg                                             11375
  OPENSSL_cleanse                                               11751
  aes_siv_gettable_ctx_params                                   12001
  dyld4::RuntimeState::doSingletonPatching(dyld4::DyldCacheDataConstLazyScopedWriter&)            12209
  __bzero                                                       12459
  ossl_property_value                                           12543
  ossl_cipher_capable_aes_cbc_hmac_sha256                       12833
  EVP_add_cipher                                                12875
  ossl_cipher_capable_aes_cbc_hmac_sha1                         12959
  cipher_ocb_gettable_ctx_params                                13374
  aes_cbc_cts_gettable_ctx_params                               13417
  dyld4::DyldCacheDataConstLazyScopedWriter::DyldCacheDataConstLazyScopedWriter(dyld4::RuntimeState&)            14042
  dyld4::Loader::loadDependents(Diagnostics&, dyld4::RuntimeState&, dyld4::Loader::LoadOptions const&)            14166
  _kernelrpc_mach_vm_deallocate_trap                            14375
  BIO_clear_flags                                               14417
  DSO_free                                                      14458
  _NSGetEnviron                                                 14458
  deflt_query                                                   14542
  small_try_realloc_in_place                                    14584
  CRYPTO_atomic_add                                             14625
  dyld4::Loader::path() const                                   14667
  BIO_get_data                                                  14834
  sa_doall                                                      15041
  lsl::EphemeralAllocator::~EphemeralAllocator()                15083
  dyld4::JustInTimeLoader::loadDependents(Diagnostics&, dyld4::RuntimeState&, dyld4::Loader::LoadOptions const&)            15208
  ossl_aes_gcm_siv_gettable_ctx_params                          15374
  camellia_cbc_cts_gettable_ctx_params                          15542
  file_new                                                      15835
  __sflush                                                      15875
  dyld3::MachOFile::is64() const                                16125
  os_unfair_recursive_lock_unlock                               16583
  ossl_prov_is_running                                          16709
  file_free                                                     16752
  _kernelrpc_mach_port_destruct_trap                            16875
  CRYPTO_THREAD_lock_free                                       17459
  OPENSSL_LH_get_down_load                                      17916
  pthread_mutex_destroy                                         18041
  FMT_istext                                                    18125
  pthread_cond_init                                             18708
  dyld4::JustInTimeLoader::path() const                         18750
  BIO_new                                                       18751
  kdebug_is_enabled                                             18792
  invocation function for block in dyld4::Loader::forEachPath(Diagnostics&, dyld4::RuntimeState&, char const*, dyld4::Loader::Loa            18916
  dyld4::LibSystemHelpers::pthread_getspecific(unsigned long) const            20333
  property_free                                                 20418
  __chkstk_darwin_probe                                         20583
  os_unfair_recursive_lock_lock_with_options                    21126
  lsl::EphemeralAllocator::deallocate_buffer(lsl::MemoryManager::Buffer)            21459
  os_unfair_lock_assert_not_owner                               21791
  ___chkstk_darwin                                              21876
  small_size                                                    22124
  dyld4::Loader::matchesPath(char const*) const                 22584
  dyld4::ProcessConfig::DyldCache::indexOfPath(char const*, unsigned int&) const            23499
  pthread_mutex_init                                            24083
  mach_msg2_trap                                                24542
  dyld4::Loader::loadAddress(dyld4::RuntimeState&) const            25584
  __findenv_locked                                              26167
  ossl_property_name                                            26750
  dyld3::ScopedTimer::endTimer()                                26791
  OPENSSL_strnlen                                               26874
  lsl::MemoryManager::lockGuard()                               27167
  OPENSSL_sk_delete                                             28292
  __open                                                        30084
  dyld4::JustInTimeLoader::loadAddress(dyld4::RuntimeState&) const            31749
  _pthread_mutex_check_init_slow                                32625
  lsl::AllocationMetadata::AllocationMetadata(lsl::Allocator*, unsigned long)            33543
  __read_nocancel                                               34502
  OPENSSL_LH_set_down_load                                      35124
  CRYPTO_new_ex_data                                            35125
  szone_good_size                                               37376
  dyld4::LibSystemHelpers::os_unfair_recursive_lock_unlock(os_unfair_recursive_lock_s*) const            39043
  OPENSSL_sk_free                                               39167
  small_free_list_find_by_ptr                                   39874
  small_malloc_from_free_list                                   40957
  dyld4::LibSystemHelpers::os_unfair_lock_unlock(os_unfair_lock_s*) const            41083
  Diagnostics::hasError() const                                 41250
  ossl_rcu_write_lock                                           42249
  EVP_PKEY_asn1_get0                                            42791
  ossl_rcu_write_unlock                                         45457
  Diagnostics::noError() const                                  45708
  pthread_setspecific                                           45791
  ossl_tdes_gettable_ctx_params                                 45833
  tiny_free_list_remove_ptr                                     46374
  small_free_list_remove_ptr                                    47207
  madvise                                                       48707
  dyld4::RuntimeState::PermanentRanges::contains(unsigned long, unsigned long, unsigned char*, dyld4::Loader const**) const            50751
  __write_nocancel                                              51000
  dyld4::LibSystemHelpers::os_unfair_recursive_lock_lock_with_options(os_unfair_recursive_lock_s*, os_unfair_lock_options_t) cons            53500
  szone_malloc                                                  53586
  small_free_list_add_ptr                                       53667
  pthread_cond_broadcast                                        55334
  dyld3::MachOFile::read_uleb128(Diagnostics&, unsigned char const*&, unsigned char const*)            56000
  EVP_PKEY_asn1_get0_info                                       56835
  small_free_list_remove_ptr_no_clear                           58250
  tiny_size                                                     58916
  dyld4::LibSystemHelpers::os_unfair_lock_lock_with_options(os_unfair_lock_s*, os_unfair_lock_options_t) const            59750
  realloc                                                       60621
  get_tiny_previous_free_msize                                  60750
  set_tiny_meta_header_in_use                                   63420
  lsl::EphemeralAllocator::allocate_buffer(unsigned long, unsigned long, unsigned long)            63874
  _tiny_check_and_zero_inline_meta_from_freelist                65834
  _szone_free                                                   66791
  _qsort                                                        67918
  OPENSSL_sk_pop_free                                           70250
  ossl_cipher_aead_gettable_ctx_params                          70583
  strcmp                                                        71590
  os_unfair_lock_assert_owner                                   72874
  __close_nocancel                                              75249
  tiny_free_list_add_ptr                                        76164
  szone_try_free_default                                        76834
  dyld3::kdebug_trace_dyld_duration_end(unsigned long long, unsigned int, dyld3::kt_arg, dyld3::kt_arg, dyld3::kt_arg)            82375
  rack_get_thread_index                                         83120
  invocation function for block in dyld3::MachOFile::getDylibInstallName(char const**, unsigned int*, unsigned int*) const            83959
  property_hash                                                 87668
  EVP_CIPHER_get_type                                           90417
  dyld3::OverflowSafeArray<unsigned int, 4294967295ul>::verifySpace(unsigned long)            95585
  dyld4::Loader::contains(dyld4::RuntimeState&, void const*, void const**, unsigned long long*, unsigned char*) const            95709
  pthread_cond_signal                                          103504
  nanov2_size                                                  111294
  Diagnostics::assertNoError() const                           111456
  pthread_rwlock_init                                          113290
  __open_nocancel                                              115251
  pthread_rwlock_destroy                                       120547
  os_unfair_lock_unlock                                        127791
  Diagnostics::~Diagnostics()                                  141081
  Diagnostics::Diagnostics(bool)                               147919
  get_legacy_evp_names                                         159086
  nanov2_allocate_from_block                                   164705
  os_unfair_lock_lock_with_options                             171167
  invocation function for block in dyld3::MachOFile::getEntry(unsigned long long&, bool&) const           187001
  ossl_ctype_check                                             187957
  nanov2_pointer_size                                          193747
  EVP_MD_get_type                                              193748
  free                                                         202086
  _Block_object_dispose                                        214629
  OPENSSL_hexchar2int                                          232419
  ossl_sa_set                                                  246287
  strncmp                                                      278002
  trim_ws                                                      278455
  invocation function for block in dyld4::JustInTimeLoader::contains(dyld4::RuntimeState&, void const*, void const**, unsigned lo           298293
  BUF_MEM_new                                                  301207
  names_free                                                   314128
  OBJ_get0_data                                                326618
  OPENSSL_LH_doall                                             328163
  OPENSSL_LH_flush                                             330129
  ossl_provider_ctx                                            340626
  OSSL_PARAM_set_uint                                          340673
  EVP_CIPHER_get_nid                                           364881
  ossl_lib_ctx_unlock                                          379043
  conf_value_cmp                                               381005
  OSSL_PARAM_locate_const                                      396749
  invocation function for block in dyld3::MachOLoaded::findClosestSymbol(unsigned long long, char const**, unsigned long long*) c           407832
  ossl_lib_ctx_read_lock                                       423164
  OPENSSL_LH_set_thunks                                        427337
  property_defn_cmp                                            437748
  ossl_cipher_generic_gettable_ctx_params                      445293
  evp_cipher_up_ref                                            452754
  ossl_provider_free                                           462878
  property_defn_hash                                           464378
  function_hash                                                472170
  value_free_hash                                              477085
  BN_free                                                      485372
  CRYPTO_realloc                                               487667
  ossl_provider_up_ref                                         492908
  OSSL_PARAM_set_uint32                                        499877
  ASN1_OBJECT_free                                             501420
  ossl_sa_get                                                  509450
  eat_alpha_numeric                                            511201
  sa_free_node                                                 542824
  OSSL_PARAM_construct_end                                     549838
  EVP_CIPHER_get0_provider                                     558047
  OSSL_PARAM_construct_uint                                    565122
  evp_cipher_free                                              571631
  do_all_fn                                                    585667
  EVP_CIPHER_free                                              624750
  ossl_provider_libctx                                         801545
  invocation function for block in dyld3::MachOLoaded::getLinkEditLoadCommands(Diagnostics&, dyld3::MachOLoaded::LinkEditInfo&) c           830712
  internal_free_nop                                            857794
  _platform_strncmp                                            867205
  name_string_free                                             887755
  OPENSSL_LH_error                                             923287
  invocation function for block in dyld3::MachOFile::forEachSegment(void (dyld3::MachOFile::SegmentInfo const&, bool&) block_poin          1111789
  OSSL_PARAM_set_size_t                                       1117614
  BUF_MEM_grow                                                1129257
  pthread_getspecific                                         1149832
  sk_reserve                                                  1155243
  _os_once                                                    1227842
  CRYPTO_THREAD_get_local                                     1282661
  _platform_memchr                                            1351785
  ossl_rcu_assign_uptr                                        1421260
  OSSL_PARAM_set_uint64                                       1507585
  names_lh_free_doall                                         1511243
  ossl_lib_ctx_get_data                                       1600424
  OSSL_PARAM_set_int                                          1611707
  _platform_strchr                                            1714035
  OSSL_PARAM_construct_size_t                                 1800372
  pthread_mutex_lock                                          1824877
  pthread_mutex_unlock                                        1838067
  _nanov2_free                                                1876808
  OPENSSL_sk_push                                             1969340
  _pthread_mutex_lock_init_slow                               1993048
  OPENSSL_sk_num                                              1999438
  _pthread_mutex_unlock_init_slow                             2096593
  _pthread_mutex_firstfit_lock_slow                           2207245
  _pthread_mutex_firstfit_unlock_slow                         2292514
  OPENSSL_sk_value                                            2319208
  OSSL_PARAM_set_int32                                        2426700
  obj_name_cmp                                                2497284
  OPENSSL_LH_strhash                                          2697073
  OSSL_PARAM_construct_int                                    2737082
  _platform_memcmp                                            2742709
  pthread_once                                                3013022
  OBJ_nid2obj                                                 3157221
  CRYPTO_atomic_load                                          3272517
  pthread_rwlock_rdlock                                       3320342
  SortFnByName                                                3364954
  ossl_lh_strcasehash                                         3655955
  __error                                                     3803429
  ossl_isdigit                                                3982692
  cipher_compare                                              4016081
  fnv1a_hash                                                  4428746
  _platform_memmove                                           6487186
  pthread_rwlock_wrlock                                       6663466
  pthread_rwlock_unlock                                       9965363
  err_string_data_cmp                                        10913886
  CRYPTO_free                                                12224001
  malloc                                                     13463854
  doapr_outch                                                15111046
  err_string_data_hash                                       16660459
  nanov2_malloc                                              18503837
  _platform_strlen                                           23157286
  _platform_memset                                           25402911
  nanov2_try_free_default                                    25703740
  _platform_strcmp                                           27875546
  ossl_tolower                                               59743203
