
  EVP_md5                                                        1750
  pd_free                                                        1750
  sigaction                                                      1791
  EVP_sha1                                                       1875
  EVP_des_ecb                                                    2042
  EVP_sha224                                                     2042
  EVP_sha384                                                     2042
  EVP_rc4_40                                                     2083
  UI_OpenSSL                                                     2083
  EVP_rc2_cbc                                                    2084
  EVP_des_ede                                                    2125
  EVP_rc4                                                        2125
  EVP_sha512                                                     2125
  EVP_des_ofb                                                    2166
  EVP_sm4_ofb                                                    2166
  UI_null                                                        2166
  _cleanup                                                       2166
  EVP_rc2_ofb                                                    2208
  EVP_shake256                                                   2208
  EVP_sm4_ctr                                                    2208
  EVP_mdc2                                                       2209
  EVP_md4                                                        2250
  EVP_seed_cbc                                                   2250
  EVP_sha3_224                                                   2250
  strchr                                                         2250
  EVP_ripemd160                                                  2291
  EVP_seed_ofb                                                   2291
  EVP_sm4_ecb                                                    2291
  EVP_cast5_ofb                                                  2292
  EVP_sha3_512                                                   2292
  EVP_sm4_cbc                                                    2292
  opt_unknown                                                    2292
  EVP_bf_cbc                                                     2333
  EVP_bf_ofb                                                     2333
  EVP_des_cbc                                                    2333
  EVP_sha3_384                                                   2333
  EVP_bf_ecb                                                     2334
  EVP_sm3                                                        2334
  EVP_bf_cfb64                                                   2375
  EVP_shake128                                                   2375
  EVP_idea_ofb                                                   2416
  EVP_md5_sha1                                                   2416
  EVP_des_cfb8                                                   2417
  EVP_idea_cbc                                                   2417
  EVP_rc2_cfb64                                                  2417
  app_get0_propq                                                 2458
  EVP_des_ede3                                                   2459
  EVP_rc2_64_cbc                                                 2459
  EVP_sha512_256                                                 2459
  EVP_aes_192_ecb                                                2500
  EVP_aes_192_gcm                                                2500
  EVP_cast5_cbc                                                  2500
  EVP_aes_192_ctr                                                2542
  release_engine                                                 2542
  EVP_aes_256_cbc                                                2583
  EVP_aes_256_gcm                                                2583
  EVP_des_cfb1                                                   2583
  EVP_sha3_256                                                   2583
  opt_next                                                       2583
  EVP_aes_256_ccm                                                2584
  EVP_des_ede_ofb                                                2584
  COMP_get_type                                                  2625
  EVP_aes_128_ccm                                                2625
  EVP_aes_128_ctr                                                2625
  EVP_aes_192_ccm                                                2625
  EVP_aes_192_ocb                                                2625
  EVP_aes_192_ofb                                                2625
  EVP_aes_256_wrap                                               2625
  EVP_aes_256_xts                                                2625
  EVP_aria_128_ctr                                               2625
  EVP_chacha20                                                   2625
  EVP_des_ede_cbc                                                2625
  EVP_desx_cbc                                                   2625
  EVP_idea_ecb                                                   2625
  EVP_sha512_224                                                 2625
  lh_FUNCTION_free                                               2625
  ossl_trace_cleanup                                             2625
  EVP_aes_256_cfb1                                               2666
  EVP_aes_256_ofb                                                2666
  EVP_seed_ecb                                                   2666
  signal                                                         2666
  EVP_aes_256_ocb                                                2667
  EVP_aria_128_cbc                                               2667
  EVP_aria_128_ecb                                               2667
  EVP_aria_256_ecb                                               2667
  EVP_whirlpool                                                  2667
  BIO_f_cipher                                                   2708
  EVP_aes_128_cfb1                                               2708
  EVP_aria_192_ccm                                               2708
  EVP_aria_256_ccm                                               2708
  EVP_aria_256_cfb1                                              2708
  EVP_blake2s256                                                 2708
  EVP_cast5_ecb                                                  2708
  EVP_rc2_40_cbc                                                 2708
  EVP_aes_192_cbc                                                2709
  EVP_aria_256_ctr                                               2709
  NCONF_default                                                  2709
  ENGINE_set_id                                                  2750
  EVP_MD_free                                                    2750
  EVP_aes_128_cbc                                                2750
  EVP_aes_128_ofb                                                2750
  EVP_aes_192_cfb1                                               2750
  EVP_aes_256_ecb                                                2750
  EVP_aria_128_ofb                                               2750
  EVP_aria_192_ecb                                               2791
  EVP_rc2_ecb                                                    2791
  EVP_sm4_cfb128                                                 2791
  EVP_aria_192_cfb1                                              2792
  EVP_aria_192_gcm                                               2792
  EVP_aria_256_cbc                                               2792
  EVP_des_ede3_ofb                                               2792
  def_to_int                                                     2792
  query_hash                                                     2792
  strrchr                                                        2792
  EVP_aes_128_wrap                                               2833
  EVP_aria_192_cfb8                                              2833
  EVP_cast5_cfb64                                                2833
  EVP_des_ede3_cfb8                                              2833
  EVP_des_ede3_cbc                                               2834
  EVP_idea_cfb64                                                 2834
  EVP_aes_128_xts                                                2875
  EVP_aes_256_cfb8                                               2875
  EVP_aes_256_ctr                                                2875
  EVP_aria_192_cbc                                               2875
  EVP_aria_192_ofb                                               2875
  EVP_blake2b512                                                 2875
  EVP_seed_cfb128                                                2875
  OBJ_obj2txt                                                    2916
  EVP_aes_192_cfb8                                               2917
  EVP_aes_192_wrap                                               2917
  EVP_aria_192_ctr                                               2917
  ENGINE_set_name                                                2958
  EVP_aria_128_ccm                                               2958
  EVP_aes_128_cfb8                                               2959
  EVP_aria_256_gcm                                               2959
  EVP_aria_128_cfb8                                              3000
  EVP_aria_128_gcm                                               3000
  EVP_aria_256_cfb8                                              3000
  EVP_aria_256_ofb                                               3000
  EVP_des_ede3_cfb1                                              3000
  EVP_rc4_hmac_md5                                               3000
  EVP_camellia_256_ofb                                           3041
  __cxa_finalize                                                 3042
  property_cmp                                                   3042
  EVP_aes_128_ocb                                                3083
  EVP_aria_256_cfb128                                            3083
  EVP_des_ede3_wrap                                              3083
  EVP_aes_192_cfb128                                             3084
  EVP_camellia_128_ctr                                           3084
  def_init_default                                               3084
  EVP_CIPHER_get_flags                                           3125
  EVP_aes_128_gcm                                                3125
  EVP_aria_128_cfb1                                              3125
  EVP_camellia_192_ctr                                           3125
  EVP_camellia_192_ofb                                           3125
  function_cmp                                                   3125
  getrlimit                                                      3125
  EVP_aes_192_wrap_pad                                           3166
  EVP_aes_256_cfb128                                             3166
  EVP_aes_256_wrap_pad                                           3166
  EVP_des_cfb64                                                  3166
  EVP_camellia_256_cbc                                           3167
  EVP_camellia_128_cbc                                           3208
  __smakebuf                                                     3208
  EVP_camellia_192_cfb8                                          3250
  EVP_camellia_256_cfb1                                          3250
  EVP_camellia_256_cfb8                                          3250
  UI_method_set_writer                                           3250
  vm_deallocate                                                  3250
  OSSL_PARAM_modified                                            3291
  EVP_des_ede3_cfb64                                             3292
  OSSL_LIB_CTX_get_data                                          3292
  COMP_zlib                                                      3333
  EVP_aria_128_cfb128                                            3333
  EVP_aria_192_cfb128                                            3333
  ossl_comp_zstd_cleanup                                         3333
  pthread_self                                                   3333
  UI_method_set_reader                                           3375
  EVP_aes_128_ecb                                                3416
  EVP_camellia_256_ecb                                           3417
  EVP_des_ede_cfb64                                              3417
  bio_sock_cleanup_int                                           3417
  EVP_camellia_128_ofb                                           3458
  EVP_camellia_256_ctr                                           3458
  UI_method_set_closer                                           3458
  ossl_prov_ctx_free                                             3458
  EVP_aes_128_cfb128                                             3459
  EVP_camellia_192_cfb1                                          3459
  EVP_aes_128_wrap_pad                                           3500
  EVP_camellia_192_ecb                                           3500
  app_RAND_write                                                 3500
  ossl_store_cleanup_int                                         3500
  store_loader_cmp                                               3500
  EVP_camellia_128_cfb1                                          3541
  EVP_camellia_192_cbc                                           3541
  EVP_add_alg_module                                             3542
  EVP_chacha20_poly1305                                          3542
  init_thread_stop                                               3542
  ENGINE_set_flags                                               3583
  opt_set_unknown_name                                           3583
  BIO_meth_set_puts                                              3625
  EVP_CipherUpdate                                               3625
  EVP_camellia_128_cfb128                                        3625
  EVP_camellia_256_cfb128                                        3625
  OSSL_STORE_register_loader                                     3625
  free_medium                                                    3625
  ossl_comp_brotli_cleanup                                       3625
  ASN1_add_oid_module                                            3667
  EVP_camellia_128_cfb8                                          3708
  BIO_meth_set_ctrl                                              3750
  ERR_get_error_all                                              3750
  UI_method_set_opener                                           3750
  ASN1_add_stable_module                                         3792
  BIO_meth_set_gets                                              3792
  EVP_camellia_192_cfb128                                        3792
  engine_load_rdrand_int                                         3792
  EVP_CipherFinal_ex                                             3833
  evp_app_cleanup_int                                            3833
  ossl_prov_ctx_new                                              3833
  ossl_prov_ctx_set0_handle                                      3834
  BIO_meth_set_create                                            3875
  ERR_print_errors                                               3875
  core_get_libctx                                                3875
  ossl_comp_zlib_cleanup                                         3875
  EVP_camellia_128_ecb                                           3916
  ossl_lib_ctx_write_lock                                        3916
  ossl_prov_ctx_set0_libctx                                      3916
  ENGINE_set_cmd_defns                                           3959
  NCONF_get0_libctx                                              3959
  EVP_CIPHER_fetch                                               4000
  opt_check_rest_arg                                             4000
  BIO_meth_set_destroy                                           4041
  close                                                          4042
  dyld4::APIs::_tlv_exit()                                       4042
  CRYPTO_THREAD_get_current_id                                   4084
  EVP_PKEY_asn1_get_count                                        4125
  OSSL_LIB_CTX_free                                              4125
  ossl_method_lock_store                                         4125
  ossl_prov_ctx_get0_libctx                                      4125
  ENGINE_add_conf_module                                         4166
  EVP_CIPHER_get_iv_length                                       4167
  aes_192_gcm_get_params                                         4167
  aes_192_ofb_get_params                                         4167
  chacha20_get_params                                            4167
  ossl_method_unlock_store                                       4167
  ossl_stored_namemap_free                                       4167
  sm4_128_cbc_get_params                                         4208
  OSSL_STORE_unregister_loader                                   4250
  aes_128_ofb_get_params                                         4250
  aes_192_ctr_get_params                                         4250
  null_gettable_ctx_params                                       4250
  ossl_config_add_ssl_module                                     4250
  tiny_free_no_lock                                              4250
  aes_128_xts_get_params                                         4291
  aes_256_ctr_get_params                                         4291
  BIO_meth_set_write_ex                                          4292
  aes_192_cfb_get_params                                         4292
  aria_192_ctr_get_params                                        4292
  lsl::Lock::unlock()                                            4292
  ossl_child_prov_ctx_new                                        4292
  ossl_lib_ctx_is_default                                        4292
  aes_192_ccm_get_params                                         4333
  aes_192_wrap_get_params                                        4333
  aes_256_cbc_get_params                                         4333
  aes_256_ofb_get_params                                         4333
  aria_256_cfb_get_params                                        4333
  aria_256_ctr_get_params                                        4333
  CONF_imodule_get_value                                         4375
  ENGINE_set_ctrl_function                                       4375
  OSSL_CMP_log_close                                             4375
  aes_128_cbc_get_params                                         4375
  aes_128_ecb_get_params                                         4375
  aes_192_cbc_get_params                                         4375
  aes_256_ccm_get_params                                         4375
  aes_256_cfb_get_params                                         4375
  aes_v8_set_encrypt_key                                         4375
  ossl_cipher_generic_reset_ctx                                  4375
  aria_128_gcm_get_params                                        4416
  aria_128_ofb_get_params                                        4416
  ENGINE_set_init_function                                       4417
  EVP_sha256                                                     4417
  OSSL_ERR_STATE_new                                             4417
  aria_192_cbc_get_params                                        4417
  aria_192_cfb1_get_params                                       4417
  chacha20_gettable_ctx_params                                   4417
  EVP_aes_256_cbc_hmac_sha1                                      4458
  aes_128_cfb1_get_params                                        4458
  aes_128_ctr_get_params                                         4458
  aes_192_ecb_get_params                                         4458
  aes_256_siv_get_params                                         4458
  aria_128_cbc_get_params                                        4458
  aria_192_ecb_get_params                                        4458
  aes_128_ocb_get_params                                         4459
  aria_192_ofb_get_params                                        4459
  aria_256_ofb_get_params                                        4459
  aes_128_ccm_get_params                                         4500
  sm4_128_cfb128_get_params                                      4500
  tdes_ede2_ecb_get_params                                       4500
  tdes_ede3_cbc_get_params                                       4500
  ENGINE_set_finish_function                                     4541
  aes_192_cfb8_get_params                                        4541
  aes_192_siv_get_params                                         4542
  aria_256_cbc_get_params                                        4542
  OSSL_STORE_LOADER_set_eof                                      4583
  aes_128_gcm_get_params                                         4583
  aes_256_cfb8_get_params                                        4583
  aes_v8_ctr32_encrypt_blocks                                    4583
  ossl_bio_core_globals_free                                     4583
  sm4_128_ctr_get_params                                         4583
  tdes_ede2_cbc_get_params                                       4583
  BIO_meth_set_read_ex                                           4584
  aes_128_cfb_get_params                                         4584
  def_is_number                                                  4624
  EVP_aes_256_cbc_hmac_sha256                                    4625
  OSSL_STORE_LOADER_free                                         4625
  __sigaction                                                    4625
  aria_128_cfb1_get_params                                       4625
  sm4_128_ccm_get_params                                         4625
  sm4_128_ofb128_get_params                                      4625
  sm4_128_xts_get_params                                         4625
  tdes_wrap_get_params                                           4625
  OSSL_trace_set_channel                                         4667
  aes_128_cfb8_get_params                                        4667
  aria_128_cfb8_get_params                                       4667
  ossl_random_add_conf_module                                    4667
  tdes_ede3_cfb_get_params                                       4667
  BIO_free                                                       4708
  OSSL_STORE_LOADER_set_close                                    4708
  aes_128_wrap_get_params                                        4708
  aes_192_wrappad_get_params                                     4708
  aria_192_cfb8_get_params                                       4708
  aria_192_gcm_get_params                                        4708
  sm4_128_ecb_get_params                                         4708
  aes_cts_192_cbc_get_params                                     4709
  ossl_store_register_init                                       4709
  pthread_cond_destroy                                           4709
  tiny_try_realloc_in_place                                      4709
  EVP_aes_128_cbc_hmac_sha256                                    4750
  OSSL_STORE_LOADER_set_error                                    4750
  OSSL_STORE_LOADER_set_load                                     4750
  aes_192_ocb_get_params                                         4750
  aes_256_cfb1_get_params                                        4750
  aes_256_gcm_get_params                                         4750
  aes_256_xts_get_params                                         4750
  UI_method_set_prompt_constructor                               4791
  aria_256_cfb1_get_params                                       4791
  ossl_rand_cleanup_int                                          4791
  sm4_128_gcm_get_params                                         4791
  aes_cts_128_cbc_get_params                                     4792
  camellia_128_cfb_get_params                                    4792
  camellia_128_ctr_get_params                                    4792
  tdes_ede3_ofb_get_params                                       4792
  aes_128_siv_get_params                                         4833
  aes_128_wrapinv_get_params                                     4833
  aes_128_wrappad_get_params                                     4833
  aes_192_cfb1_get_params                                        4833
  aria_256_cfb8_get_params                                       4833
  camellia_256_ofb_get_params                                    4833
  aria_128_ecb_get_params                                        4834
  tdes_ede2_cfb_get_params                                       4834
  EVP_aes_128_cbc_hmac_sha1                                      4875
  OSSL_STORE_LOADER_set_open                                     4875
  aes_256_ecb_get_params                                         4875
  aria_128_cfb_get_params                                        4875
  aria_192_cfb_get_params                                        4875
  aria_256_ccm_get_params                                        4875
  camellia_256_cfb_get_params                                    4875
  engine_pkey_meths_free                                         4875
  ossl_property_match_count                                      4875
  ossl_prov_ctx_set0_core_bio_method                             4875
  tdes_ede2_ofb_get_params                                       4875
  tdes_ede3_cfb8_get_params                                      4875
  OPENSSL_cpuid_setup                                            4917
  camellia_128_ecb_get_params                                    4917
  tdes_ede3_cfb1_get_params                                      4917
  aes_192_wrapinv_get_params                                     4958
  aes_256_wrapinv_get_params                                     4958
  aria_256_gcm_get_params                                        4958
  camellia_192_cfb_get_params                                    4958
  ossl_self_test_set_callback_free                               4958
  ENGINE_load_builtin_engines                                    4959
  camellia_128_cbc_get_params                                    4959
  ossl_bio_core_globals_new                                      4959
  ossl_ctx_global_properties_new                                 4959
  ossl_prov_cipher_hw_aes_ctr                                    4959
  aes_256_ocb_get_params                                         5000
  aes_cts_256_cbc_get_params                                     5000
  camellia_192_cfb1_get_params                                   5000
  camellia_192_ofb_get_params                                    5000
  camellia_256_cfb1_get_params                                   5000
  camellia_256_ctr_get_params                                    5000
  ossl_property_has_optional                                     5000
  ossl_provider_add_conf_module                                  5000
  EVP_CIPHER_get_key_length                                      5041
  aes_256_wrappadinv_get_params                                  5041
  Diagnostics::clearError()                                      5042
  ENGINE_get_cipher_engine                                       5042
  aes_128_wrappadinv_get_params                                  5042
  aes_256_wrap_get_params                                        5042
  aes_256_wrappad_get_params                                     5042
  camellia_192_cfb8_get_params                                   5042
  camellia_192_ecb_get_params                                    5042
  ossl_indicator_set_callback_free                               5042
  aria_128_ctr_get_params                                        5083
  camellia_256_cbc_get_params                                    5084
  OSSL_STORE_LOADER_set_expect                                   5125
  aria_128_ccm_get_params                                        5125
  aria_192_ccm_get_params                                        5125
  aria_256_ecb_get_params                                        5125
  camellia_128_cfb1_get_params                                   5125
  camellia_128_cfb8_get_params                                   5125
  camellia_192_cbc_get_params                                    5125
  camellia_192_ctr_get_params                                    5125
  engine_remove_dynamic_id                                       5125
  tdes_ede3_ecb_get_params                                       5125
  camellia_128_ofb_get_params                                    5166
  camellia_256_ecb_get_params                                    5166
  ossl_init_thread_deregister                                    5167
  camellia_cts_192_cbc_get_params                                5208
  OPENSSL_sk_sort                                                5209
  aes_192_wrappadinv_get_params                                  5209
  camellia_256_cfb8_get_params                                   5250
  OSSL_PARAM_get_int                                             5292
  ossl_provider_unquery_operation                                5333
  ossl_free_compression_methods_int                              5334
  ossl_indicator_set_callback_new                                5334
  engine_pkey_asn1_meths_free                                    5375
  medium_region_for_ptr_no_lock                                  5458
  ossl_aes_256_gcm_siv_get_params                                5459
  __fcntl                                                        5500
  app_get0_libctx                                                5500
  ossl_prov_ctx_get0_core_bio_method                             5500
  chacha20_poly1305_gettable_ctx_params                          5542
  EVP_CIPHER_CTX_get_block_size                                  5584
  getegid                                                        5584
  camellia_cts_256_cbc_get_params                                5625
  getgid                                                         5667
  chacha20_poly1305_get_params                                   5708
  ossl_aes_128_gcm_siv_get_params                                5708
  ossl_aes_192_gcm_siv_get_params                                5708
  OSSL_LIB_CTX_set_conf_diagnostics                              5792
  memset                                                         5833
  ossl_prov_bio_from_dispatch                                    5834
  geteuid                                                        5959
  opt_arg                                                        5960
  BIO_set_data                                                   6084
  getuid                                                         6084
  free_small                                                     6125
  camellia_cts_128_cbc_get_params                                6167
  ossl_prov_seeding_from_dispatch                                6250
  lsl::Lock::lock()                                              6292
  ossl_self_test_set_callback_new                                6333
  EVP_CIPHER_get_mode                                            6417
  OSSL_PARAM_get_int32                                           6500
  EVP_RAND_CTX_free                                              6541
  dyld4::RuntimeState::notifyObjCPatching()                      6833
  __getrlimit                                                    6916
  dyld3::kdebug_trace_dyld_enabled(unsigned int)                 6916
  BIO_next                                                       7000
  medium_malloc_from_free_list                                   7000
  store_loader_hash                                              7168
  bio_open_default                                               7250
  EVP_CipherInit_ex                                              7292
  dyld4::handleFromLoader(dyld4::Loader const*, bool)             7375
  _platform_strnlen                                              7416
  _kernelrpc_mach_port_deallocate_trap                           7417
  dyld4::BumpAllocator::~BumpAllocator()                         7417
  ENGINE_register_EC                                             7457
  OPENSSL_sk_pop                                                 7541
  openssl_fopen                                                  7708
  dyld4::Loader::hiddenFromFlat(bool) const                      7750
  ENGINE_register_DH                                             7792
  _kernelrpc_mach_port_construct_trap                            7875
  dyld4::JustInTimeLoader::hiddenFromFlat(bool) const             7916
  file_ctrl                                                      7958
  BIO_copy_next_retry                                            8000
  lsl::EphemeralAllocator::reset()                               8083
  ENGINE_register_DSA                                            8084
  ENGINE_register_RAND                                           8125
  X509_get_default_cert_area                                     8125
  ENGINE_register_RSA                                            8126
  __sclose                                                       8126
  flsl                                                           8208
  err_unshelve_state                                             8666
  dyld4::Loader::beginInitializers(dyld4::RuntimeState&)             8792
  dyld4::RuntimeState::incDlRefCount(dyld4::Loader const*)             8875
  strlen                                                         8916
  ossl_lib_ctx_get_concrete                                      8917
  __sflags                                                       8959
  BIO_set_init                                                   9041
  lsl::Vector<dyld4::Loader const*>::reserveExact(unsigned long)             9041
  ENGINE_register_ciphers                                        9125
  ENGINE_register_digests                                        9167
  ossl_sa_new                                                    9291
  ossl_cipher_generic_einit                                      9375
  ossl_property_free                                             9542
  BIO_set_flags                                                  9584
  ENGINE_register_pkey_meths                                     9708
  DSO_METHOD_openssl                                             9709
  ossl_cipher_generic_set_ctx_params                             9958
  OSSL_LIB_CTX_get_conf_diagnostics                             10042
  dyld4::JustInTimeLoader::beginInitializers(dyld4::RuntimeState&)            10167
  CRYPTO_atomic_or                                              10209
  deflt_query                                                   10250
  lsl::Vector<lsl::MemoryManager::Buffer>::reserve(unsigned long)            10542
  ENGINE_register_pkey_asn1_meths                               10791
  ossl_lib_ctx_get_rcukey                                       11041
  tiny_malloc_from_free_list                                    11041
  engine_free_util                                              11375
  ossl_sa_doall_arg                                             11417
  OPENSSL_cleanse                                               11458
  NCONF_get_section                                             11500
  ossl_lib_ctx_get_ex_data_global                               11708
  aes_siv_gettable_ctx_params                                   11999
  fstat                                                         12125
  dyld4::RuntimeState::doSingletonPatching(dyld4::DyldCacheDataConstLazyScopedWriter&)            12250
  ossl_property_value                                           12501
  EVP_add_cipher                                                12542
  ossl_cipher_capable_aes_cbc_hmac_sha256                       12875
  ossl_cipher_capable_aes_cbc_hmac_sha1                         13042
  aes_cbc_cts_gettable_ctx_params                               13459
  cipher_ocb_gettable_ctx_params                                13500
  dyld4::Loader::loadDependents(Diagnostics&, dyld4::RuntimeState&, dyld4::Loader::LoadOptions const&)            13834
  dyld4::DyldCacheDataConstLazyScopedWriter::DyldCacheDataConstLazyScopedWriter(dyld4::RuntimeState&)            14125
  DSO_free                                                      14251
  BIO_clear_flags                                               14374
  sa_doall                                                      14417
  CRYPTO_atomic_add                                             14459
  dyld4::Loader::path() const                                   14667
  lsl::EphemeralAllocator::~EphemeralAllocator()                14667
  BIO_get_data                                                  14792
  _NSGetEnviron                                                 15001
  dyld4::JustInTimeLoader::loadDependents(Diagnostics&, dyld4::RuntimeState&, dyld4::Loader::LoadOptions const&)            15125
  camellia_cbc_cts_gettable_ctx_params                          15208
  ossl_aes_gcm_siv_gettable_ctx_params                          15458
  dyld3::MachOFile::is64() const                                15749
  __sflush                                                      15751
  file_new                                                      15959
  file_free                                                     16583
  ossl_prov_is_running                                          16583
  os_unfair_recursive_lock_unlock                               16792
  CRYPTO_THREAD_lock_free                                       17542
  pthread_mutex_destroy                                         17584
  __bzero                                                       17791
  FMT_istext                                                    17875
  _kernelrpc_mach_port_destruct_trap                            17917
  OPENSSL_LH_get_down_load                                      17958
  dyld4::JustInTimeLoader::path() const                         18209
  BIO_new                                                       18501
  invocation function for block in dyld4::Loader::forEachPath(Diagnostics&, dyld4::RuntimeState&, char const*, dyld4::Loader::Loa            19292
  kdebug_is_enabled                                             19293
  _kernelrpc_mach_vm_deallocate_trap                            19958
  pthread_cond_init                                             20125
  os_unfair_recursive_lock_lock_with_options                    20209
  dyld4::LibSystemHelpers::pthread_getspecific(unsigned long) const            20333
  property_free                                                 20334
  small_try_realloc_in_place                                    20500
  rack_region_insert                                            20626
  dyld4::Loader::matchesPath(char const*) const                 20918
  __chkstk_darwin_probe                                         21210
  lsl::EphemeralAllocator::deallocate_buffer(lsl::MemoryManager::Buffer)            21667
  small_size                                                    21833
  os_unfair_lock_assert_not_owner                               22083
  dyld4::ProcessConfig::DyldCache::indexOfPath(char const*, unsigned int&) const            22584
  ___chkstk_darwin                                              22750
  small_free_list_find_by_ptr                                   24416
  dyld4::Loader::loadAddress(dyld4::RuntimeState&) const            25207
  ossl_property_name                                            26498
  dyld3::ScopedTimer::endTimer()                                26583
  OPENSSL_strnlen                                               27333
  __findenv_locked                                              27627
  pthread_mutex_init                                            27791
  small_free_list_remove_ptr                                    27959
  lsl::MemoryManager::lockGuard()                               28250
  OPENSSL_sk_delete                                             28251
  dyld4::JustInTimeLoader::loadAddress(dyld4::RuntimeState&) const            28667
  __open                                                        31458
  tiny_free_list_remove_ptr                                     32084
  _pthread_mutex_check_init_slow                                32750
  mach_msg2_trap                                                33083
  lsl::AllocationMetadata::AllocationMetadata(lsl::Allocator*, unsigned long)            34000
  CRYPTO_new_ex_data                                            34500
  OPENSSL_LH_set_down_load                                      34958
  small_free_list_remove_ptr_no_clear                           35001
  __read_nocancel                                               36541
  szone_good_size                                               37459
  dyld4::LibSystemHelpers::os_unfair_recursive_lock_unlock(os_unfair_recursive_lock_s*) const            38833
  OPENSSL_sk_free                                               39831
  get_tiny_previous_free_msize                                  39875
  Diagnostics::hasError() const                                 39876
  dyld4::LibSystemHelpers::os_unfair_lock_unlock(os_unfair_lock_s*) const            41291
  ossl_rcu_write_lock                                           41541
  EVP_PKEY_asn1_get0                                            42625
  small_free_list_add_ptr                                       43499
  Diagnostics::noError() const                                  44376
  _kernelrpc_mach_vm_map_trap                                   44376
  ossl_rcu_write_unlock                                         44625
  ossl_tdes_gettable_ctx_params                                 46085
  pthread_setspecific                                           46541
  __write_nocancel                                              46958
  dyld3::MachOFile::read_uleb128(Diagnostics&, unsigned char const*&, unsigned char const*)            49376
  dyld4::RuntimeState::PermanentRanges::contains(unsigned long, unsigned long, unsigned char*, dyld4::Loader const**) const            50251
  small_malloc_from_free_list                                   50334
  _tiny_check_and_zero_inline_meta_from_freelist                50960
  dyld4::LibSystemHelpers::os_unfair_recursive_lock_lock_with_options(os_unfair_recursive_lock_s*, os_unfair_lock_options_t) cons            51750
  EVP_PKEY_asn1_get0_info                                       53416
  madvise                                                       54126
  szone_malloc                                                  54207
  pthread_cond_broadcast                                        54501
  tiny_size                                                     57999
  dyld4::LibSystemHelpers::os_unfair_lock_lock_with_options(os_unfair_lock_s*, os_unfair_lock_options_t) const            59750
  realloc                                                       61245
  set_tiny_meta_header_in_use                                   62960
  lsl::EphemeralAllocator::allocate_buffer(unsigned long, unsigned long, unsigned long)            63541
  tiny_free_list_add_ptr                                        63835
  _qsort                                                        64876
  _szone_free                                                   66499
  strcmp                                                        70335
  ossl_cipher_aead_gettable_ctx_params                          70458
  OPENSSL_sk_pop_free                                           70582
  szone_try_free_default                                        76000
  os_unfair_lock_assert_owner                                   77622
  __close_nocancel                                              78624
  invocation function for block in dyld3::MachOFile::getDylibInstallName(char const**, unsigned int*, unsigned int*) const            81083
  dyld3::kdebug_trace_dyld_duration_end(unsigned long long, unsigned int, dyld3::kt_arg, dyld3::kt_arg, dyld3::kt_arg)            81458
  rack_get_thread_index                                         82669
  property_hash                                                 84792
  dyld3::OverflowSafeArray<unsigned int, 4294967295ul>::verifySpace(unsigned long)            90583
  EVP_CIPHER_get_type                                           90834
  dyld4::Loader::contains(dyld4::RuntimeState&, void const*, void const**, unsigned long long*, unsigned char*) const            95333
  pthread_cond_signal                                          101916
  __open_nocancel                                              106833
  Diagnostics::assertNoError() const                           107666
  nanov2_size                                                  112083
  pthread_rwlock_init                                          114545
  pthread_rwlock_destroy                                       120084
  os_unfair_lock_unlock                                        130166
  Diagnostics::~Diagnostics()                                  140207
  Diagnostics::Diagnostics(bool)                               145958
  get_legacy_evp_names                                         160333
  ossl_ctype_check                                             168124
  os_unfair_lock_lock_with_options                             171045
  nanov2_pointer_size                                          194167
  EVP_MD_get_type                                              195205
  free                                                         202300
  invocation function for block in dyld3::MachOFile::getEntry(unsigned long long&, bool&) const           207459
  _Block_object_dispose                                        208876
  OPENSSL_hexchar2int                                          234416
  nanov2_allocate_from_block                                   241250
  ossl_sa_set                                                  247665
  strncmp                                                      267463
  trim_ws                                                      273330
  invocation function for block in dyld4::JustInTimeLoader::contains(dyld4::RuntimeState&, void const*, void const**, unsigned lo           297247
  BUF_MEM_new                                                  304423
  names_free                                                   312371
  OBJ_get0_data                                                328038
  OPENSSL_LH_doall                                             329001
  OPENSSL_LH_flush                                             331081
  OSSL_PARAM_set_uint                                          339208
  ossl_provider_ctx                                            340551
  EVP_CIPHER_get_nid                                           365339
  conf_value_cmp                                               376043
  ossl_lib_ctx_unlock                                          377045
  OSSL_PARAM_locate_const                                      397502
  invocation function for block in dyld3::MachOLoaded::findClosestSymbol(unsigned long long, char const**, unsigned long long*) c           399833
  ossl_lib_ctx_read_lock                                       422243
  OPENSSL_LH_set_thunks                                        426959
  property_defn_cmp                                            435461
  ossl_cipher_generic_gettable_ctx_params                      445623
  evp_cipher_up_ref                                            451501
  property_defn_hash                                           462077
  value_free_hash                                              468494
  ossl_provider_free                                           472792
  function_hash                                                475251
  BN_free                                                      482621
  ossl_provider_up_ref                                         485876
  CRYPTO_realloc                                               488919
  OSSL_PARAM_set_uint32                                        499127
  ASN1_OBJECT_free                                             503382
  eat_alpha_numeric                                            506540
  ossl_sa_get                                                  511457
  sa_free_node                                                 543538
  OSSL_PARAM_construct_end                                     545335
  EVP_CIPHER_get0_provider                                     559752
  OSSL_PARAM_construct_uint                                    561589
  evp_cipher_free                                              575888
  do_all_fn                                                    588578
  EVP_CIPHER_free                                              624674
  ossl_provider_libctx                                         800649
  invocation function for block in dyld3::MachOLoaded::getLinkEditLoadCommands(Diagnostics&, dyld3::MachOLoaded::LinkEditInfo&) c           824705
  internal_free_nop                                            857685
  _platform_strncmp                                            860086
  name_string_free                                             889721
  OPENSSL_LH_error                                             926618
  OSSL_PARAM_set_size_t                                       1116577
  BUF_MEM_grow                                                1118631
  invocation function for block in dyld3::MachOFile::forEachSegment(void (dyld3::MachOFile::SegmentInfo const&, bool&) block_poin          1122208
  pthread_getspecific                                         1141870
  sk_reserve                                                  1151910
  _os_once                                                    1225254
  CRYPTO_THREAD_get_local                                     1272861
  _platform_memchr                                            1337293
  ossl_rcu_assign_uptr                                        1406626
  OSSL_PARAM_set_uint64                                       1502624
  names_lh_free_doall                                         1517123
  ossl_lib_ctx_get_data                                       1593538
  OSSL_PARAM_set_int                                          1612540
  pthread_mutex_lock                                          1711090
  _platform_strchr                                            1713706
  OSSL_PARAM_construct_size_t                                 1799088
  pthread_mutex_unlock                                        1820650
  _nanov2_free                                                1872905
  OPENSSL_sk_push                                             1970567
  _pthread_mutex_lock_init_slow                               1977209
  OPENSSL_sk_num                                              2000112
  _pthread_mutex_unlock_init_slow                             2076212
  _pthread_mutex_firstfit_lock_slow                           2194299
  _pthread_mutex_firstfit_unlock_slow                         2276546
  OPENSSL_sk_value                                            2308209
  OSSL_PARAM_set_int32                                        2416494
  obj_name_cmp                                                2520446
  OPENSSL_LH_strhash                                          2701589
  OSSL_PARAM_construct_int                                    2719990
  _platform_memcmp                                            2738094
  pthread_once                                                2980074
  OBJ_nid2obj                                                 3164062
  CRYPTO_atomic_load                                          3265928
  pthread_rwlock_rdlock                                       3299881
  SortFnByName                                                3411757
  ossl_lh_strcasehash                                         3670044
  __error                                                     3723885
  cipher_compare                                              3962416
  ossl_isdigit                                                3995667
  fnv1a_hash                                                  4418920
  _platform_memmove                                           6448524
  pthread_rwlock_wrlock                                       6640037
  pthread_rwlock_unlock                                       9927241
  err_string_data_cmp                                        10836277
  CRYPTO_free                                                12225234
  malloc                                                     13296977
  doapr_outch                                                15130641
  err_string_data_hash                                       16509558
  nanov2_malloc                                              18370611
  _platform_strlen                                           23120460
  _platform_memset                                           25311281
  nanov2_try_free_default                                    25739069
  _platform_strcmp                                           27673484
  ossl_tolower                                               59951025
