
  sigaction                                                      1625
  EVP_md5                                                        1916
  pd_free                                                        1958
  EVP_bf_cbc                                                     2000
  EVP_rc4_40                                                     2000
  UI_OpenSSL                                                     2000
  EVP_bf_ofb                                                     2042
  EVP_des_ofb                                                    2083
  EVP_sha512                                                     2083
  EVP_des_ecb                                                    2125
  EVP_sha1                                                       2125
  EVP_des_ede                                                    2166
  EVP_idea_ofb                                                   2166
  EVP_sha224                                                     2166
  EVP_sm4_cbc                                                    2166
  EVP_sm4_ctr                                                    2167
  EVP_cast5_ofb                                                  2250
  EVP_idea_cbc                                                   2250
  EVP_rc4                                                        2250
  EVP_sm4_ofb                                                    2250
  opt_unknown                                                    2250
  EVP_rc2_cbc                                                    2292
  EVP_rc2_ofb                                                    2292
  EVP_sha3_224                                                   2292
  UI_null                                                        2292
  EVP_des_cfb8                                                   2333
  EVP_sha384                                                     2333
  EVP_md4                                                        2334
  EVP_des_ede3                                                   2375
  EVP_ripemd160                                                  2375
  app_get0_propq                                                 2375
  EVP_sha512_224                                                 2416
  EVP_md5_sha1                                                   2417
  EVP_sha3_384                                                   2417
  EVP_sha3_512                                                   2417
  EVP_sm3                                                        2417
  _cleanup                                                       2417
  EVP_des_cbc                                                    2458
  EVP_bf_cfb64                                                   2459
  EVP_sha512_256                                                 2459
  EVP_blake2s256                                                 2500
  EVP_cast5_cbc                                                  2500
  EVP_des_cfb1                                                   2500
  EVP_seed_cbc                                                   2500
  EVP_sha3_256                                                   2500
  EVP_shake256                                                   2500
  EVP_sm4_ecb                                                    2500
  opt_next                                                       2500
  EVP_rc2_cfb64                                                  2541
  EVP_rc2_ecb                                                    2541
  EVP_aes_192_cbc                                                2542
  EVP_aes_256_ctr                                                2542
  EVP_seed_ofb                                                   2542
  EVP_aes_256_cbc                                                2583
  EVP_aes_256_ofb                                                2583
  EVP_seed_ecb                                                   2583
  COMP_get_type                                                  2584
  EVP_aes_256_xts                                                2584
  EVP_aes_192_gcm                                                2625
  EVP_aes_256_ocb                                                2625
  EVP_aria_256_ctr                                               2625
  EVP_bf_ecb                                                     2625
  EVP_cast5_ecb                                                  2625
  EVP_idea_ecb                                                   2625
  EVP_mdc2                                                       2625
  release_engine                                                 2625
  strchr                                                         2625
  strrchr                                                        2625
  EVP_aes_128_xts                                                2666
  EVP_aria_192_ccm                                               2666
  EVP_des_ede_ofb                                                2666
  EVP_aes_192_ecb                                                2667
  EVP_aes_192_ofb                                                2667
  EVP_aria_192_gcm                                               2667
  EVP_shake128                                                   2667
  EVP_aes_128_cbc                                                2708
  EVP_aes_128_ctr                                                2708
  EVP_aria_256_ofb                                               2708
  EVP_desx_cbc                                                   2708
  EVP_aes_256_ccm                                                2709
  EVP_aes_256_wrap                                               2709
  def_to_int                                                     2709
  ENGINE_set_name                                                2750
  EVP_MD_free                                                    2750
  EVP_aes_128_cfb1                                               2750
  EVP_aes_128_ofb                                                2750
  EVP_aes_192_cfb8                                               2750
  EVP_aes_192_wrap                                               2750
  EVP_aes_256_cfb1                                               2750
  EVP_aes_256_cfb8                                               2750
  EVP_aes_256_gcm                                                2750
  EVP_aria_192_ctr                                               2750
  EVP_aria_192_ofb                                               2750
  EVP_aria_256_ccm                                               2750
  EVP_aria_256_gcm                                               2750
  EVP_sm4_cfb128                                                 2750
  NCONF_default                                                  2750
  ossl_trace_cleanup                                             2750
  EVP_rc2_64_cbc                                                 2791
  ENGINE_set_id                                                  2792
  EVP_des_ede_cbc                                                2792
  EVP_rc4_hmac_md5                                               2792
  EVP_whirlpool                                                  2792
  lh_FUNCTION_free                                               2792
  EVP_aes_192_ctr                                                2833
  EVP_aria_128_ofb                                               2833
  EVP_des_ede3_ofb                                               2833
  EVP_rc2_40_cbc                                                 2833
  EVP_aes_192_ccm                                                2834
  EVP_chacha20                                                   2834
  EVP_idea_cfb64                                                 2834
  EVP_aes_128_ccm                                                2875
  EVP_aria_128_ecb                                               2875
  EVP_aria_192_cbc                                               2875
  EVP_aria_256_cbc                                               2875
  EVP_aria_256_ecb                                               2875
  EVP_blake2b512                                                 2875
  BIO_f_cipher                                                   2916
  EVP_aria_128_ctr                                               2916
  EVP_aria_192_ecb                                               2916
  EVP_aes_128_gcm                                                2917
  EVP_aes_192_ocb                                                2917
  EVP_des_ede3_wrap                                              2917
  EVP_aes_128_cfb8                                               2958
  EVP_aes_128_wrap                                               2958
  EVP_aria_256_cfb8                                              2958
  signal                                                         2958
  EVP_aes_192_cfb1                                               2959
  EVP_aria_128_cbc                                               2959
  EVP_aria_256_cfb1                                              2959
  OBJ_obj2txt                                                    2959
  EVP_aes_256_ecb                                                3000
  EVP_aria_128_ccm                                               3000
  EVP_cast5_cfb64                                                3000
  EVP_seed_cfb128                                                3000
  def_init_default                                               3000
  query_hash                                                     3000
  EVP_aria_192_cfb8                                              3041
  property_cmp                                                   3041
  function_cmp                                                   3083
  EVP_aes_128_ocb                                                3084
  EVP_des_ede3_cfb8                                              3125
  __cxa_finalize                                                 3125
  getrlimit                                                      3125
  vm_deallocate                                                  3125
  EVP_aes_192_cfb128                                             3166
  EVP_aria_128_cfb8                                              3166
  EVP_aria_192_cfb128                                            3166
  EVP_camellia_128_ofb                                           3166
  EVP_camellia_192_cbc                                           3166
  OSSL_LIB_CTX_get_data                                          3166
  EVP_aes_256_wrap_pad                                           3167
  EVP_aria_192_cfb1                                              3167
  EVP_des_ede3_cbc                                               3167
  EVP_des_ede3_cfb1                                              3167
  EVP_camellia_256_ofb                                           3208
  EVP_des_ede_cfb64                                              3208
  COMP_zlib                                                      3209
  EVP_aes_128_ecb                                                3250
  EVP_camellia_192_ofb                                           3250
  EVP_des_cfb64                                                  3291
  EVP_aes_256_cfb128                                             3292
  EVP_aria_128_gcm                                               3292
  EVP_camellia_128_ctr                                           3292
  EVP_aes_128_cfb128                                             3333
  EVP_camellia_192_ctr                                           3333
  ossl_comp_zstd_cleanup                                         3333
  EVP_camellia_256_cbc                                           3334
  __smakebuf                                                     3334
  EVP_aes_192_wrap_pad                                           3375
  EVP_aria_128_cfb1                                              3375
  EVP_des_ede3_cfb64                                             3375
  UI_method_set_writer                                           3375
  opt_set_unknown_name                                           3375
  EVP_CIPHER_get_flags                                           3417
  EVP_camellia_128_cfb8                                          3417
  UI_method_set_reader                                           3458
  EVP_camellia_128_cbc                                           3459
  ENGINE_set_flags                                               3500
  EVP_add_alg_module                                             3500
  EVP_aria_128_cfb128                                            3500
  EVP_camellia_192_cfb8                                          3500
  EVP_camellia_256_cfb8                                          3500
  ossl_store_cleanup_int                                         3500
  EVP_camellia_128_cfb1                                          3541
  EVP_camellia_256_ecb                                           3541
  EVP_aes_128_wrap_pad                                           3542
  EVP_aria_256_cfb128                                            3542
  EVP_camellia_192_cfb1                                          3542
  EVP_chacha20_poly1305                                          3542
  UI_method_set_closer                                           3542
  ossl_comp_brotli_cleanup                                       3542
  OSSL_PARAM_modified                                            3583
  bio_sock_cleanup_int                                           3583
  ossl_prov_ctx_new                                              3583
  EVP_camellia_256_cfb1                                          3584
  EVP_camellia_256_ctr                                           3584
  OSSL_STORE_register_loader                                     3584
  ASN1_add_stable_module                                         3625
  UI_method_set_opener                                           3625
  app_RAND_write                                                 3625
  init_thread_stop                                               3625
  store_loader_cmp                                               3625
  EVP_camellia_192_ecb                                           3667
  ossl_prov_ctx_free                                             3667
  BIO_meth_set_puts                                              3708
  ossl_prov_ctx_set0_handle                                      3708
  BIO_meth_set_ctrl                                              3750
  engine_load_rdrand_int                                         3750
  ossl_comp_zlib_cleanup                                         3750
  ASN1_add_oid_module                                            3791
  EVP_camellia_128_cfb128                                        3792
  pthread_self                                                   3792
  free_medium                                                    3833
  opt_check_rest_arg                                             3833
  ossl_lib_ctx_write_lock                                        3833
  EVP_camellia_192_cfb128                                        3834
  BIO_meth_set_gets                                              3875
  EVP_camellia_128_ecb                                           3875
  core_get_libctx                                                3875
  EVP_CipherUpdate                                               3916
  EVP_CIPHER_fetch                                               3958
  EVP_CipherFinal_ex                                             3958
  evp_app_cleanup_int                                            3958
  ossl_child_prov_ctx_new                                        3958
  ERR_print_errors                                               4000
  EVP_camellia_256_cfb128                                        4000
  BIO_meth_set_destroy                                           4042
  BIO_meth_set_create                                            4083
  ENGINE_set_cmd_defns                                           4083
  OSSL_LIB_CTX_free                                              4084
  ossl_prov_ctx_set0_libctx                                      4125
  NCONF_get0_libctx                                              4167
  ERR_get_error_all                                              4209
  __sigaction                                                    4250
  ossl_method_lock_store                                         4250
  dyld4::APIs::_tlv_exit()                                       4291
  ossl_config_add_ssl_module                                     4291
  ossl_stored_namemap_free                                       4292
  EVP_CIPHER_get_iv_length                                       4333
  ossl_method_unlock_store                                       4334
  ENGINE_add_conf_module                                         4375
  aes_128_xts_get_params                                         4375
  OSSL_CMP_log_close                                             4416
  aes_256_cbc_get_params                                         4416
  null_gettable_ctx_params                                       4416
  ossl_bio_core_globals_new                                      4416
  OSSL_ERR_STATE_new                                             4417
  aes_v8_set_encrypt_key                                         4417
  ENGINE_set_ctrl_function                                       4458
  aes_192_ctr_get_params                                         4458
  BIO_meth_set_write_ex                                          4500
  CRYPTO_THREAD_get_current_id                                   4500
  EVP_PKEY_asn1_get_count                                        4500
  aes_128_ofb_get_params                                         4500
  aes_256_ctr_get_params                                         4500
  ossl_cipher_generic_reset_ctx                                  4500
  ossl_lib_ctx_is_default                                        4500
  ossl_prov_ctx_get0_libctx                                      4500
  sm4_128_ctr_get_params                                         4500
  tiny_free_no_lock                                              4500
  aes_128_cfb1_get_params                                        4541
  CONF_imodule_get_value                                         4542
  aes_192_ecb_get_params                                         4542
  close                                                          4542
  EVP_sha256                                                     4583
  OSSL_STORE_unregister_loader                                   4583
  aes_192_cbc_get_params                                         4583
  aes_192_siv_get_params                                         4583
  chacha20_get_params                                            4583
  BIO_meth_set_read_ex                                           4584
  ENGINE_set_init_function                                       4584
  aes_128_ecb_get_params                                         4584
  aes_128_ocb_get_params                                         4584
  aes_192_cfb_get_params                                         4584
  aes_192_ofb_get_params                                         4584
  EVP_aes_256_cbc_hmac_sha1                                      4625
  OSSL_STORE_LOADER_set_eof                                      4625
  aes_128_cfb_get_params                                         4625
  aes_128_siv_get_params                                         4625
  ossl_bio_core_globals_free                                     4625
  ossl_random_add_conf_module                                    4625
  aes_128_ctr_get_params                                         4666
  aes_192_cfb1_get_params                                        4666
  aes_192_cfb8_get_params                                        4666
  ENGINE_set_finish_function                                     4667
  UI_method_set_prompt_constructor                               4667
  chacha20_gettable_ctx_params                                   4667
  pthread_cond_destroy                                           4667
  sm4_128_cbc_get_params                                         4667
  sm4_128_gcm_get_params                                         4667
  tdes_ede2_ecb_get_params                                       4667
  aes_192_gcm_get_params                                         4708
  aes_256_xts_get_params                                         4708
  aria_256_ctr_get_params                                        4708
  ossl_ctx_global_properties_new                                 4708
  ossl_prov_ctx_set0_core_bio_method                             4709
  tdes_ede3_cbc_get_params                                       4709
  BIO_free                                                       4750
  OSSL_STORE_LOADER_set_close                                    4750
  aes_192_ocb_get_params                                         4750
  aes_256_cfb1_get_params                                        4750
  aes_256_cfb8_get_params                                        4750
  aria_128_cbc_get_params                                        4750
  aria_128_gcm_get_params                                        4750
  aria_192_ofb_get_params                                        4750
  aria_256_cfb1_get_params                                       4750
  aria_256_cfb_get_params                                        4750
  aria_256_ofb_get_params                                        4750
  aria_128_cfb1_get_params                                       4791
  OSSL_STORE_LOADER_set_error                                    4792
  aes_256_siv_get_params                                         4792
  aria_256_cbc_get_params                                        4792
  def_is_number                                                  4792
  lsl::Lock::unlock()                                            4792
  tdes_ede3_cfb_get_params                                       4792
  OSSL_STORE_LOADER_set_load                                     4833
  OSSL_trace_set_channel                                         4833
  aes_128_gcm_get_params                                         4833
  aria_128_cfb_get_params                                        4833
  aria_128_ofb_get_params                                        4833
  aria_192_ccm_get_params                                        4833
  ossl_rand_cleanup_int                                          4833
  aes_256_cfb_get_params                                         4834
  aes_256_ecb_get_params                                         4834
  aes_256_ocb_get_params                                         4834
  aes_v8_ctr32_encrypt_blocks                                    4834
  ossl_provider_add_conf_module                                  4834
  EVP_aes_128_cbc_hmac_sha256                                    4875
  aes_128_cfb8_get_params                                        4875
  aes_192_wrap_get_params                                        4875
  aes_256_ccm_get_params                                         4875
  aes_256_gcm_get_params                                         4875
  aria_192_cfb1_get_params                                       4875
  aria_192_ecb_get_params                                        4875
  aria_192_gcm_get_params                                        4875
  sm4_128_cfb128_get_params                                      4875
  sm4_128_ofb128_get_params                                      4875
  sm4_128_xts_get_params                                         4875
  tdes_ede3_cfb8_get_params                                      4875
  aes_128_cbc_get_params                                         4916
  engine_pkey_meths_free                                         4916
  OPENSSL_cpuid_setup                                            4917
  aes_cts_128_cbc_get_params                                     4917
  aria_192_cbc_get_params                                        4917
  aria_192_cfb8_get_params                                       4917
  tdes_ede2_cbc_get_params                                       4917
  tdes_wrap_get_params                                           4917
  aes_192_ccm_get_params                                         4958
  aria_128_ecb_get_params                                        4958
  aria_256_ecb_get_params                                        4958
  aes_192_wrapinv_get_params                                     4959
  aes_256_ofb_get_params                                         4959
  aria_128_cfb8_get_params                                       4959
  ENGINE_load_builtin_engines                                    5000
  aes_192_wrappad_get_params                                     5000
  aes_256_wrap_get_params                                        5000
  aes_cts_256_cbc_get_params                                     5000
  aria_192_cfb_get_params                                        5000
  tdes_ede2_cfb_get_params                                       5000
  tdes_ede3_ofb_get_params                                       5000
  EVP_aes_128_cbc_hmac_sha1                                      5042
  OSSL_STORE_LOADER_set_open                                     5042
  aes_128_wrap_get_params                                        5042
  aria_128_ctr_get_params                                        5042
  aria_192_ctr_get_params                                        5042
  aria_256_gcm_get_params                                        5042
  tdes_ede2_ofb_get_params                                       5042
  aes_128_ccm_get_params                                         5083
  aes_128_wrappad_get_params                                     5083
  aes_256_wrapinv_get_params                                     5083
  aria_256_cfb8_get_params                                       5083
  camellia_128_cbc_get_params                                    5083
  sm4_128_ccm_get_params                                         5083
  camellia_128_ctr_get_params                                    5084
  camellia_256_cbc_get_params                                    5084
  ossl_store_register_init                                       5084
  aria_128_ccm_get_params                                        5125
  camellia_128_cfb_get_params                                    5125
  ossl_indicator_set_callback_new                                5125
  ossl_prov_cipher_hw_aes_ctr                                    5125
  ossl_self_test_set_callback_new                                5125
  sm4_128_ecb_get_params                                         5125
  tdes_ede3_cfb1_get_params                                      5125
  EVP_CIPHER_get_key_length                                      5166
  aes_256_wrappad_get_params                                     5166
  aes_cts_192_cbc_get_params                                     5166
  OSSL_STORE_LOADER_set_expect                                   5167
  engine_remove_dynamic_id                                       5167
  OSSL_STORE_LOADER_free                                         5209
  aes_128_wrapinv_get_params                                     5209
  aria_256_ccm_get_params                                        5209
  camellia_128_ecb_get_params                                    5250
  camellia_192_ecb_get_params                                    5250
  camellia_256_cfb1_get_params                                   5250
  camellia_256_cfb_get_params                                    5250
  ossl_self_test_set_callback_free                               5250
  camellia_192_cfb8_get_params                                   5291
  aes_256_wrappadinv_get_params                                  5333
  camellia_128_ofb_get_params                                    5333
  camellia_192_cfb1_get_params                                   5333
  camellia_192_cfb_get_params                                    5333
  camellia_192_ctr_get_params                                    5333
  camellia_192_ofb_get_params                                    5333
  camellia_256_ofb_get_params                                    5333
  memset                                                         5333
  ossl_indicator_set_callback_free                               5333
  camellia_128_cfb1_get_params                                   5334
  camellia_256_ctr_get_params                                    5334
  ossl_free_compression_methods_int                              5334
  Diagnostics::clearError()                                      5375
  camellia_128_cfb8_get_params                                   5375
  aes_128_wrappadinv_get_params                                  5417
  camellia_256_cfb8_get_params                                   5417
  camellia_cts_192_cbc_get_params                                5417
  ossl_property_match_count                                      5458
  aes_192_wrappadinv_get_params                                  5500
  camellia_256_ecb_get_params                                    5500
  ossl_property_has_optional                                     5500
  engine_pkey_asn1_meths_free                                    5541
  ENGINE_get_cipher_engine                                       5542
  camellia_192_cbc_get_params                                    5542
  chacha20_poly1305_get_params                                   5542
  medium_region_for_ptr_no_lock                                  5542
  ossl_init_thread_deregister                                    5542
  OSSL_PARAM_get_int                                             5625
  ossl_provider_unquery_operation                                5667
  chacha20_poly1305_gettable_ctx_params                          5708
  tdes_ede3_ecb_get_params                                       5709
  getegid                                                        5749
  medium_malloc_from_free_list                                   5750
  camellia_cts_256_cbc_get_params                                5791
  EVP_CIPHER_CTX_get_block_size                                  5792
  geteuid                                                        5833
  opt_arg                                                        5833
  OPENSSL_sk_sort                                                5875
  OSSL_LIB_CTX_set_conf_diagnostics                              5875
  ossl_prov_ctx_get0_core_bio_method                             5875
  ossl_aes_256_gcm_siv_get_params                                5916
  ossl_aes_192_gcm_siv_get_params                                5958
  getgid                                                         5999
  ossl_prov_bio_from_dispatch                                    6042
  app_get0_libctx                                                6125
  camellia_cts_128_cbc_get_params                                6125
  getuid                                                         6125
  ossl_prov_seeding_from_dispatch                                6166
  ossl_aes_128_gcm_siv_get_params                                6167
  EVP_aes_256_cbc_hmac_sha256                                    6375
  BIO_set_data                                                   6542
  EVP_CIPHER_get_mode                                            6667
  EVP_RAND_CTX_free                                              6667
  dyld4::RuntimeState::notifyObjCPatching()                      6708
  dyld3::kdebug_trace_dyld_enabled(unsigned int)                 6875
  BIO_next                                                       6999
  OSSL_PARAM_get_int32                                           6999
  __getrlimit                                                    7042
  dyld4::Loader::hiddenFromFlat(bool) const                      7084
  dyld4::handleFromLoader(dyld4::Loader const*, bool)             7209
  _platform_strnlen                                              7250
  bio_open_default                                               7417
  store_loader_hash                                              7500
  EVP_CipherInit_ex                                              7541
  _kernelrpc_mach_port_construct_trap                            7583
  _kernelrpc_mach_port_deallocate_trap                           7625
  ENGINE_register_DH                                             7750
  ENGINE_register_EC                                             7750
  dyld4::BumpAllocator::~BumpAllocator()                         7791
  tiny_try_realloc_in_place                                      7792
  err_unshelve_state                                             7834
  flsl                                                           8000
  dyld4::JustInTimeLoader::hiddenFromFlat(bool) const             8042
  file_ctrl                                                      8165
  openssl_fopen                                                  8332
  OPENSSL_sk_pop                                                 8333
  lsl::Lock::lock()                                              8333
  ENGINE_register_DSA                                            8374
  __sclose                                                       8375
  ENGINE_register_RSA                                            8416
  X509_get_default_cert_area                                     8416
  BIO_copy_next_retry                                            8417
  ENGINE_register_RAND                                           8417
  ossl_lib_ctx_get_concrete                                      8583
  ossl_sa_new                                                    8583
  dyld4::Loader::beginInitializers(dyld4::RuntimeState&)             8625
  lsl::EphemeralAllocator::reset()                               8667
  dyld4::RuntimeState::incDlRefCount(dyld4::Loader const*)             8875
  ENGINE_register_digests                                        9209
  lsl::Vector<dyld4::Loader const*>::reserveExact(unsigned long)             9250
  __sflags                                                       9291
  BIO_set_init                                                   9332
  BIO_set_flags                                                  9375
  ENGINE_register_ciphers                                        9541
  ossl_cipher_generic_einit                                      9583
  dyld4::JustInTimeLoader::beginInitializers(dyld4::RuntimeState&)             9625
  strlen                                                         9625
  ENGINE_register_pkey_meths                                     9833
  ossl_property_free                                             9833
  DSO_METHOD_openssl                                             9917
  free_small                                                    10125
  lsl::Vector<lsl::MemoryManager::Buffer>::reserve(unsigned long)            10167
  OSSL_LIB_CTX_get_conf_diagnostics                             10249
  CRYPTO_atomic_or                                              10375
  ossl_cipher_generic_set_ctx_params                            10375
  tiny_malloc_from_free_list                                    10583
  ossl_lib_ctx_get_ex_data_global                               11083
  ENGINE_register_pkey_asn1_meths                               11250
  engine_free_util                                              11333
  deflt_query                                                   11375
  NCONF_get_section                                             11667
  ossl_lib_ctx_get_rcukey                                       11708
  OPENSSL_cleanse                                               11834
  __bzero                                                       12250
  dyld4::RuntimeState::doSingletonPatching(dyld4::DyldCacheDataConstLazyScopedWriter&)            12458
  ossl_sa_doall_arg                                             12458
  aes_siv_gettable_ctx_params                                   12667
  ossl_property_value                                           12750
  ossl_cipher_capable_aes_cbc_hmac_sha256                       12834
  fstat                                                         12916
  EVP_add_cipher                                                13125
  cipher_ocb_gettable_ctx_params                                13459
  aes_cbc_cts_gettable_ctx_params                               13667
  BIO_clear_flags                                               13876
  lsl::EphemeralAllocator::~EphemeralAllocator()                14249
  dyld4::Loader::loadDependents(Diagnostics&, dyld4::RuntimeState&, dyld4::Loader::LoadOptions const&)            14292
  dyld4::DyldCacheDataConstLazyScopedWriter::DyldCacheDataConstLazyScopedWriter(dyld4::RuntimeState&)            14375
  dyld4::Loader::path() const                                   14582
  small_try_realloc_in_place                                    14582
  _NSGetEnviron                                                 15126
  ossl_cipher_capable_aes_cbc_hmac_sha1                         15126
  DSO_free                                                      15166
  sa_doall                                                      15168
  BIO_get_data                                                  15207
  dyld3::MachOFile::is64() const                                15667
  CRYPTO_atomic_add                                             15917
  dyld4::JustInTimeLoader::loadDependents(Diagnostics&, dyld4::RuntimeState&, dyld4::Loader::LoadOptions const&)            16084
  camellia_cbc_cts_gettable_ctx_params                          16124
  ossl_aes_gcm_siv_gettable_ctx_params                          16124
  __sflush                                                      16125
  _kernelrpc_mach_port_destruct_trap                            16375
  _kernelrpc_mach_vm_deallocate_trap                            16542
  file_free                                                     16834
  file_new                                                      17290
  ossl_prov_is_running                                          17499
  FMT_istext                                                    17667
  dyld4::JustInTimeLoader::path() const                         17999
  pthread_mutex_destroy                                         18250
  kdebug_is_enabled                                             18457
  invocation function for block in dyld4::Loader::forEachPath(Diagnostics&, dyld4::RuntimeState&, char const*, dyld4::Loader::Loa            18667
  OPENSSL_LH_get_down_load                                      18791
  BIO_new                                                       18873
  CRYPTO_THREAD_lock_free                                       19125
  __fcntl                                                       19292
  pthread_cond_init                                             19376
  os_unfair_recursive_lock_unlock                               19584
  dyld4::LibSystemHelpers::pthread_getspecific(unsigned long) const            20293
  lsl::EphemeralAllocator::deallocate_buffer(lsl::MemoryManager::Buffer)            20584
  rack_region_insert                                            21126
  property_free                                                 21665
  os_unfair_recursive_lock_lock_with_options                    22000
  dyld4::Loader::matchesPath(char const*) const                 22083
  os_unfair_lock_assert_not_owner                               22374
  ___chkstk_darwin                                              22501
  __chkstk_darwin_probe                                         22709
  small_size                                                    23040
  mach_msg2_trap                                                23042
  dyld4::ProcessConfig::DyldCache::indexOfPath(char const*, unsigned int&) const            23208
  dyld4::Loader::loadAddress(dyld4::RuntimeState&) const            25292
  pthread_mutex_init                                            26042
  ossl_property_name                                            26126
  dyld3::ScopedTimer::endTimer()                                26458
  lsl::MemoryManager::lockGuard()                               27207
  OPENSSL_strnlen                                               27749
  __findenv_locked                                              27958
  dyld4::JustInTimeLoader::loadAddress(dyld4::RuntimeState&) const            28666
  OPENSSL_sk_delete                                             28918
  small_free_list_find_by_ptr                                   31250
  lsl::AllocationMetadata::AllocationMetadata(lsl::Allocator*, unsigned long)            33416
  _pthread_mutex_check_init_slow                                33874
  CRYPTO_new_ex_data                                            35041
  OPENSSL_LH_set_down_load                                      36335
  _tiny_check_and_zero_inline_meta_from_freelist                37499
  __read_nocancel                                               37541
  __open                                                        38041
  dyld4::LibSystemHelpers::os_unfair_recursive_lock_unlock(os_unfair_recursive_lock_s*) const            39083
  szone_good_size                                               39083
  small_free_list_remove_ptr                                    39750
  OPENSSL_sk_free                                               40791
  dyld4::LibSystemHelpers::os_unfair_lock_unlock(os_unfair_lock_s*) const            41417
  tiny_free_list_remove_ptr                                     42626
  EVP_PKEY_asn1_get0                                            43168
  ossl_rcu_write_lock                                           43374
  Diagnostics::noError() const                                  44332
  Diagnostics::hasError() const                                 45167
  small_malloc_from_free_list                                   45876
  ossl_rcu_write_unlock                                         46959
  pthread_setspecific                                           47000
  ossl_tdes_gettable_ctx_params                                 47666
  _kernelrpc_mach_vm_map_trap                                   48210
  small_free_list_remove_ptr_no_clear                           48958
  dyld4::RuntimeState::PermanentRanges::contains(unsigned long, unsigned long, unsigned char*, dyld4::Loader const**) const            50377
  small_free_list_add_ptr                                       51375
  get_tiny_previous_free_msize                                  52331
  dyld3::MachOFile::read_uleb128(Diagnostics&, unsigned char const*&, unsigned char const*)            54499
  madvise                                                       55374
  dyld4::LibSystemHelpers::os_unfair_recursive_lock_lock_with_options(os_unfair_recursive_lock_s*, os_unfair_lock_options_t) cons            56084
  pthread_cond_broadcast                                        56960
  szone_malloc                                                  57165
  EVP_PKEY_asn1_get0_info                                       58458
  tiny_size                                                     59459
  dyld4::LibSystemHelpers::os_unfair_lock_lock_with_options(os_unfair_lock_s*, os_unfair_lock_options_t) const            62250
  realloc                                                       62459
  set_tiny_meta_header_in_use                                   64249
  lsl::EphemeralAllocator::allocate_buffer(unsigned long, unsigned long, unsigned long)            65334
  tiny_free_list_add_ptr                                        67748
  __write_nocancel                                              68250
  _qsort                                                        68836
  strcmp                                                        72040
  os_unfair_lock_assert_owner                                   73085
  ossl_cipher_aead_gettable_ctx_params                          73459
  OPENSSL_sk_pop_free                                           74041
  _szone_free                                                   75251
  __close_nocancel                                              77292
  szone_try_free_default                                        80541
  dyld3::kdebug_trace_dyld_duration_end(unsigned long long, unsigned int, dyld3::kt_arg, dyld3::kt_arg, dyld3::kt_arg)            80834
  property_hash                                                 84165
  rack_get_thread_index                                         85167
  invocation function for block in dyld3::MachOFile::getDylibInstallName(char const**, unsigned int*, unsigned int*) const            86874
  EVP_CIPHER_get_type                                           90794
  dyld3::OverflowSafeArray<unsigned int, 4294967295ul>::verifySpace(unsigned long)            94331
  dyld4::Loader::contains(dyld4::RuntimeState&, void const*, void const**, unsigned long long*, unsigned char*) const            97417
  pthread_cond_signal                                          105913
  Diagnostics::assertNoError() const                           112290
  pthread_rwlock_init                                          113374
  nanov2_size                                                  114961
  __open_nocancel                                              115125
  pthread_rwlock_destroy                                       128044
  os_unfair_lock_unlock                                        132460
  Diagnostics::~Diagnostics()                                  142332
  Diagnostics::Diagnostics(bool)                               149038
  get_legacy_evp_names                                         159498
  ossl_ctype_check                                             170293
  os_unfair_lock_lock_with_options                             176252
  invocation function for block in dyld3::MachOFile::getEntry(unsigned long long&, bool&) const           194001
  nanov2_pointer_size                                          195752
  EVP_MD_get_type                                              197291
  free                                                         211001
  _Block_object_dispose                                        215035
  OPENSSL_hexchar2int                                          240626
  nanov2_allocate_from_block                                   251503
  ossl_sa_set                                                  257495
  trim_ws                                                      278716
  BUF_MEM_new                                                  308042
  invocation function for block in dyld4::JustInTimeLoader::contains(dyld4::RuntimeState&, void const*, void const**, unsigned lo           309585
  strncmp                                                      315439
  names_free                                                   323618
  OBJ_get0_data                                                332833
  OPENSSL_LH_doall                                             344587
  ossl_provider_ctx                                            350373
  OSSL_PARAM_set_uint                                          351457
  OPENSSL_LH_flush                                             353296
  EVP_CIPHER_get_nid                                           375622
  conf_value_cmp                                               377957
  ossl_lib_ctx_unlock                                          388374
  invocation function for block in dyld3::MachOLoaded::findClosestSymbol(unsigned long long, char const**, unsigned long long*) c           397543
  OSSL_PARAM_locate_const                                      407999
  ossl_lib_ctx_read_lock                                       437374
  OPENSSL_LH_set_thunks                                        440707
  property_defn_cmp                                            450375
  ossl_cipher_generic_gettable_ctx_params                      456917
  evp_cipher_up_ref                                            466241
  property_defn_hash                                           473047
  value_free_hash                                              478289
  ossl_provider_free                                           478414
  function_hash                                                485207
  BN_free                                                      488326
  CRYPTO_realloc                                               499080
  ossl_provider_up_ref                                         506380
  OSSL_PARAM_set_uint32                                        510626
  ASN1_OBJECT_free                                             515454
  eat_alpha_numeric                                            516293
  ossl_sa_get                                                  527326
  OSSL_PARAM_construct_end                                     561167
  sa_free_node                                                 562583
  EVP_CIPHER_get0_provider                                     571494
  OSSL_PARAM_construct_uint                                    581915
  do_all_fn                                                    582219
  evp_cipher_free                                              592416
  EVP_CIPHER_free                                              650960
  ossl_provider_libctx                                         820296
  invocation function for block in dyld3::MachOLoaded::getLinkEditLoadCommands(Diagnostics&, dyld3::MachOLoaded::LinkEditInfo&) c           825333
  _platform_strncmp                                            875756
  internal_free_nop                                            877661
  name_string_free                                             922955
  OPENSSL_LH_error                                             932872
  BUF_MEM_grow                                                1139552
  invocation function for block in dyld3::MachOFile::forEachSegment(void (dyld3::MachOFile::SegmentInfo const&, bool&) block_poin          1151251
  OSSL_PARAM_set_size_t                                       1166785
  pthread_getspecific                                         1180413
  sk_reserve                                                  1181086
  _os_once                                                    1224631
  CRYPTO_THREAD_get_local                                     1311966
  _platform_memchr                                            1363651
  ossl_rcu_assign_uptr                                        1432491
  OSSL_PARAM_set_uint64                                       1561648
  names_lh_free_doall                                         1577249
  ossl_lib_ctx_get_data                                       1637835
  OSSL_PARAM_set_int                                          1654923
  pthread_mutex_lock                                          1752129
  _platform_strchr                                            1766860
  pthread_mutex_unlock                                        1858290
  OSSL_PARAM_construct_size_t                                 1858292
  _nanov2_free                                                1923159
  OPENSSL_sk_push                                             1996451
  _pthread_mutex_lock_init_slow                               2014788
  OPENSSL_sk_num                                              2051719
  _pthread_mutex_unlock_init_slow                             2126500
  _pthread_mutex_firstfit_lock_slow                           2252034
  _pthread_mutex_firstfit_unlock_slow                         2332593
  OPENSSL_sk_value                                            2361048
  OSSL_PARAM_set_int32                                        2497175
  obj_name_cmp                                                2546497
  OPENSSL_LH_strhash                                          2743543
  OSSL_PARAM_construct_int                                    2800087
  _platform_memcmp                                            2803124
  pthread_once                                                3106868
  OBJ_nid2obj                                                 3170707
  CRYPTO_atomic_load                                          3342386
  pthread_rwlock_rdlock                                       3386415
  SortFnByName                                                3492375
  ossl_lh_strcasehash                                         3725617
  __error                                                     3820980
  cipher_compare                                              4048951
  ossl_isdigit                                                4059249
  fnv1a_hash                                                  4498328
  _platform_memmove                                           6611423
  pthread_rwlock_wrlock                                       6792119
  pthread_rwlock_unlock                                      10110272
  err_string_data_cmp                                        11092364
  CRYPTO_free                                                12667848
  malloc                                                     13561275
  doapr_outch                                                15348487
  err_string_data_hash                                       16926656
  nanov2_malloc                                              18794262
  _platform_strlen                                           23498537
  _platform_memset                                           26058950
  nanov2_try_free_default                                    26602807
  _platform_strcmp                                           28475717
  ossl_tolower                                               60885506
