
  EVP_md5                                                        1750
  sigaction                                                      1750
  pd_free                                                        1834
  EVP_mdc2                                                       1959
  EVP_sha1                                                       2042
  EVP_sha224                                                     2042
  EVP_bf_cbc                                                     2083
  UI_OpenSSL                                                     2083
  EVP_des_ecb                                                    2125
  EVP_des_ofb                                                    2125
  EVP_sha384                                                     2125
  EVP_sm4_ctr                                                    2125
  _cleanup                                                       2125
  opt_unknown                                                    2125
  UI_null                                                        2166
  EVP_bf_ofb                                                     2167
  EVP_md4                                                        2167
  EVP_sha512                                                     2167
  EVP_sm4_cbc                                                    2167
  EVP_des_cbc                                                    2208
  EVP_rc4_40                                                     2208
  EVP_sha3_512                                                   2208
  EVP_idea_ofb                                                   2209
  EVP_seed_cbc                                                   2209
  EVP_cast5_ofb                                                  2250
  EVP_idea_cbc                                                   2250
  EVP_des_ede                                                    2291
  EVP_des_cfb8                                                   2292
  EVP_rc2_ofb                                                    2292
  EVP_seed_ofb                                                   2292
  strchr                                                         2292
  EVP_sm3                                                        2333
  EVP_bf_cfb64                                                   2334
  EVP_rc4                                                        2375
  EVP_sha3_224                                                   2375
  app_get0_propq                                                 2375
  EVP_des_ede3                                                   2416
  EVP_md5_sha1                                                   2416
  EVP_rc2_ecb                                                    2416
  EVP_sm4_ecb                                                    2416
  EVP_rc2_cbc                                                    2417
  EVP_shake128                                                   2417
  EVP_sm4_ofb                                                    2417
  EVP_seed_ecb                                                   2458
  EVP_sha512_256                                                 2459
  EVP_rc2_64_cbc                                                 2500
  EVP_ripemd160                                                  2500
  opt_next                                                       2500
  release_engine                                                 2500
  EVP_aes_256_ccm                                                2541
  EVP_aria_256_gcm                                               2541
  EVP_cast5_cbc                                                  2541
  EVP_shake256                                                   2541
  lh_FUNCTION_free                                               2541
  EVP_sha3_256                                                   2542
  EVP_MD_free                                                    2583
  EVP_aes_128_cbc                                                2583
  EVP_aes_256_cbc                                                2583
  EVP_chacha20                                                   2583
  EVP_blake2s256                                                 2584
  EVP_aes_128_cfb1                                               2625
  EVP_aes_128_ctr                                                2625
  EVP_aes_192_cbc                                                2625
  EVP_aes_192_ccm                                                2625
  EVP_aes_192_cfb1                                               2625
  EVP_aes_192_cfb8                                               2625
  EVP_aes_256_ofb                                                2625
  EVP_bf_ecb                                                     2625
  EVP_des_ede_cbc                                                2625
  EVP_des_ede_ofb                                                2625
  EVP_sha3_384                                                   2625
  EVP_aes_256_gcm                                                2666
  EVP_blake2b512                                                 2666
  EVP_sha512_224                                                 2666
  EVP_aes_192_ocb                                                2667
  EVP_aes_256_ctr                                                2667
  EVP_aria_256_ctr                                               2667
  EVP_cast5_ecb                                                  2667
  EVP_des_cfb1                                                   2667
  EVP_desx_cbc                                                   2667
  EVP_idea_ecb                                                   2667
  COMP_get_type                                                  2708
  EVP_aes_256_cfb8                                               2708
  EVP_aria_128_ofb                                               2708
  EVP_aria_256_cbc                                               2708
  EVP_aria_256_ofb                                               2708
  EVP_rc2_cfb64                                                  2708
  EVP_whirlpool                                                  2708
  NCONF_default                                                  2708
  strrchr                                                        2708
  EVP_aes_128_ofb                                                2709
  EVP_aes_192_ecb                                                2709
  EVP_aria_192_gcm                                               2709
  EVP_cast5_cfb64                                                2709
  BIO_f_cipher                                                   2750
  EVP_aes_128_xts                                                2750
  EVP_aes_256_ocb                                                2750
  EVP_aria_256_ccm                                               2750
  ossl_trace_cleanup                                             2750
  EVP_aes_256_wrap                                               2791
  EVP_aria_128_ecb                                               2791
  EVP_aria_192_ecb                                               2791
  EVP_sm4_cfb128                                                 2791
  ENGINE_set_id                                                  2792
  EVP_aes_128_gcm                                                2792
  EVP_aes_128_wrap                                               2792
  EVP_aes_192_gcm                                                2792
  EVP_aria_192_cfb1                                              2792
  EVP_aria_256_ecb                                               2792
  EVP_des_ede3_ofb                                               2792
  EVP_aes_192_ofb                                                2833
  EVP_aes_256_cfb1                                               2833
  EVP_aria_192_ccm                                               2833
  EVP_aes_192_wrap                                               2834
  EVP_aria_192_ctr                                               2834
  EVP_aria_256_cfb8                                              2834
  EVP_idea_cfb64                                                 2834
  EVP_aria_128_cbc                                               2875
  EVP_aria_128_ccm                                               2875
  EVP_des_ede3_wrap                                              2875
  EVP_des_ede_cfb64                                              2875
  EVP_rc4_hmac_md5                                               2875
  EVP_seed_cfb128                                                2875
  OBJ_obj2txt                                                    2875
  def_to_int                                                     2875
  EVP_aes_128_ccm                                                2916
  EVP_aes_256_xts                                                2916
  ENGINE_set_name                                                2917
  EVP_aria_128_cfb8                                              2917
  EVP_aria_192_cfb8                                              2917
  EVP_des_ede3_cfb8                                              2917
  query_hash                                                     2917
  EVP_des_ede3_cfb1                                              2958
  EVP_aes_192_cfb128                                             2959
  EVP_aes_256_ecb                                                2959
  EVP_aria_128_ctr                                               2959
  EVP_aes_192_ctr                                                3000
  EVP_aria_192_ofb                                               3000
  EVP_aria_256_cfb1                                              3000
  EVP_rc2_40_cbc                                                 3000
  EVP_aes_128_cfb128                                             3042
  EVP_aria_256_cfb128                                            3042
  EVP_des_ede3_cbc                                               3042
  function_cmp                                                   3042
  property_cmp                                                   3042
  EVP_aes_128_cfb8                                               3083
  EVP_aria_128_cfb1                                              3083
  EVP_aria_128_cfb128                                            3083
  EVP_aria_192_cbc                                               3083
  EVP_aria_192_cfb128                                            3083
  EVP_aes_128_ocb                                                3084
  getrlimit                                                      3084
  EVP_aes_128_ecb                                                3125
  EVP_aria_128_gcm                                               3125
  UI_method_set_writer                                           3125
  __cxa_finalize                                                 3125
  vm_deallocate                                                  3125
  EVP_camellia_256_ofb                                           3166
  EVP_des_ede3_cfb64                                             3166
  def_init_default                                               3166
  EVP_camellia_192_ofb                                           3167
  EVP_aes_256_cfb128                                             3208
  EVP_camellia_128_cbc                                           3208
  OSSL_PARAM_modified                                            3208
  UI_method_set_closer                                           3208
  ossl_comp_zstd_cleanup                                         3208
  EVP_aes_192_wrap_pad                                           3250
  EVP_aes_256_wrap_pad                                           3250
  EVP_camellia_256_cbc                                           3250
  EVP_camellia_256_ecb                                           3250
  EVP_des_cfb64                                                  3250
  EVP_camellia_256_cfb1                                          3292
  OSSL_LIB_CTX_get_data                                          3292
  EVP_camellia_128_cfb8                                          3333
  EVP_camellia_192_cbc                                           3333
  ossl_store_cleanup_int                                         3333
  COMP_zlib                                                      3334
  EVP_camellia_128_ctr                                           3334
  EVP_camellia_192_cfb8                                          3375
  EVP_camellia_256_ctr                                           3375
  EVP_chacha20_poly1305                                          3375
  __smakebuf                                                     3375
  bio_sock_cleanup_int                                           3375
  EVP_camellia_128_ofb                                           3416
  EVP_camellia_192_ctr                                           3416
  opt_set_unknown_name                                           3416
  EVP_CIPHER_get_flags                                           3417
  EVP_camellia_192_cfb1                                          3417
  EVP_camellia_256_cfb8                                          3417
  app_RAND_write                                                 3417
  EVP_camellia_192_ecb                                           3458
  ossl_comp_zlib_cleanup                                         3459
  ENGINE_set_flags                                               3500
  UI_method_set_reader                                           3500
  init_thread_stop                                               3500
  ossl_prov_ctx_free                                             3500
  ossl_prov_ctx_new                                              3500
  signal                                                         3500
  engine_load_rdrand_int                                         3583
  EVP_camellia_128_cfb1                                          3584
  UI_method_set_opener                                           3584
  EVP_CipherUpdate                                               3625
  EVP_camellia_192_cfb128                                        3625
  store_loader_cmp                                               3625
  EVP_add_alg_module                                             3666
  EVP_aes_128_wrap_pad                                           3667
  OSSL_STORE_register_loader                                     3667
  BIO_meth_set_ctrl                                              3708
  NCONF_get0_libctx                                              3708
  ossl_comp_brotli_cleanup                                       3708
  ossl_prov_ctx_set0_handle                                      3708
  BIO_meth_set_gets                                              3750
  EVP_camellia_256_cfb128                                        3750
  core_get_libctx                                                3750
  ossl_lib_ctx_write_lock                                        3791
  ASN1_add_oid_module                                            3833
  ASN1_add_stable_module                                         3834
  BIO_meth_set_puts                                              3834
  EVP_CipherFinal_ex                                             3875
  EVP_camellia_128_ecb                                           3875
  evp_app_cleanup_int                                            3875
  free_medium                                                    3916
  ERR_get_error_all                                              3958
  EVP_CIPHER_fetch                                               3958
  EVP_camellia_128_cfb128                                        3958
  ossl_method_unlock_store                                       3958
  ENGINE_add_conf_module                                         3959
  opt_check_rest_arg                                             3959
  BIO_meth_set_destroy                                           4000
  null_gettable_ctx_params                                       4000
  ENGINE_set_cmd_defns                                           4041
  ossl_prov_ctx_set0_libctx                                      4041
  OSSL_LIB_CTX_free                                              4042
  ossl_prov_ctx_get0_libctx                                      4042
  aes_v8_set_encrypt_key                                         4083
  ossl_lib_ctx_is_default                                        4083
  CRYPTO_THREAD_get_current_id                                   4125
  BIO_meth_set_create                                            4166
  close                                                          4166
  EVP_CIPHER_get_iv_length                                       4167
  EVP_PKEY_asn1_get_count                                        4167
  ossl_child_prov_ctx_new                                        4167
  dyld4::APIs::_tlv_exit()                                       4208
  ossl_method_lock_store                                         4208
  chacha20_get_params                                            4250
  aes_128_ofb_get_params                                         4291
  OSSL_STORE_unregister_loader                                   4292
  sm4_128_cbc_get_params                                         4292
  BIO_meth_set_read_ex                                           4333
  aes_128_cbc_get_params                                         4333
  aes_128_xts_get_params                                         4333
  aes_192_cfb1_get_params                                        4333
  CONF_imodule_get_value                                         4334
  ossl_rand_cleanup_int                                          4334
  aes_128_cfb_get_params                                         4375
  aria_256_ofb_get_params                                        4375
  ossl_cipher_generic_reset_ctx                                  4375
  aes_192_cfb_get_params                                         4416
  ENGINE_set_ctrl_function                                       4417
  aes_192_ofb_get_params                                         4417
  aria_192_cbc_get_params                                        4417
  aria_192_cfb8_get_params                                       4417
  aria_192_ctr_get_params                                        4417
  aria_256_ctr_get_params                                        4417
  ossl_stored_namemap_free                                       4417
  aes_192_ctr_get_params                                         4458
  aes_192_ecb_get_params                                         4458
  ossl_random_add_conf_module                                    4458
  sm4_128_ctr_get_params                                         4458
  OSSL_ERR_STATE_new                                             4459
  aria_192_ecb_get_params                                        4459
  BIO_meth_set_write_ex                                          4500
  OSSL_CMP_log_close                                             4500
  OSSL_STORE_LOADER_set_eof                                      4500
  chacha20_gettable_ctx_params                                   4500
  sm4_128_gcm_get_params                                         4500
  tdes_ede3_cbc_get_params                                       4500
  EVP_aes_256_cbc_hmac_sha1                                      4541
  aes_192_ccm_get_params                                         4541
  aes_256_ofb_get_params                                         4541
  aria_128_cbc_get_params                                        4541
  aes_192_cbc_get_params                                         4542
  aes_256_ctr_get_params                                         4542
  aria_128_cfb8_get_params                                       4542
  aria_128_ecb_get_params                                        4542
  engine_pkey_meths_free                                         4542
  ossl_store_register_init                                       4542
  tdes_ede2_cbc_get_params                                       4542
  aes_192_ocb_get_params                                         4583
  aes_256_gcm_get_params                                         4583
  aria_192_cfb1_get_params                                       4583
  aria_256_cbc_get_params                                        4583
  aria_256_cfb1_get_params                                       4583
  ossl_provider_add_conf_module                                  4583
  UI_method_set_prompt_constructor                               4584
  aes_128_ctr_get_params                                         4584
  aria_128_cfb_get_params                                        4584
  ENGINE_set_init_function                                       4625
  OSSL_STORE_LOADER_set_load                                     4625
  aes_128_ecb_get_params                                         4625
  aes_192_siv_get_params                                         4625
  aes_256_cbc_get_params                                         4625
  aes_256_cfb1_get_params                                        4625
  aes_256_cfb_get_params                                         4625
  aria_128_ctr_get_params                                        4625
  aria_128_gcm_get_params                                        4625
  aes_192_wrap_get_params                                        4666
  aes_256_cfb8_get_params                                        4666
  aria_192_cfb_get_params                                        4666
  ossl_config_add_ssl_module                                     4666
  aes_v8_ctr32_encrypt_blocks                                    4667
  sm4_128_cfb128_get_params                                      4667
  ENGINE_set_finish_function                                     4708
  OSSL_trace_set_channel                                         4708
  aes_128_ocb_get_params                                         4708
  aes_128_wrap_get_params                                        4708
  aria_128_cfb1_get_params                                       4708
  aria_256_cfb_get_params                                        4708
  ossl_ctx_global_properties_new                                 4708
  sm4_128_ofb128_get_params                                      4708
  tdes_ede2_cfb_get_params                                       4708
  tdes_wrap_get_params                                           4708
  ossl_bio_core_globals_new                                      4709
  ossl_prov_ctx_set0_core_bio_method                             4709
  tdes_ede2_ecb_get_params                                       4709
  EVP_aes_256_cbc_hmac_sha256                                    4750
  aes_128_cfb8_get_params                                        4750
  aes_cts_192_cbc_get_params                                     4750
  aria_256_cfb8_get_params                                       4750
  BIO_free                                                       4751
  OSSL_STORE_LOADER_set_error                                    4791
  ENGINE_load_builtin_engines                                    4792
  aes_128_gcm_get_params                                         4792
  aes_256_ccm_get_params                                         4792
  aes_256_xts_get_params                                         4792
  pthread_cond_destroy                                           4792
  pthread_self                                                   4792
  OPENSSL_cpuid_setup                                            4833
  OSSL_STORE_LOADER_set_close                                    4833
  __sigaction                                                    4833
  aes_256_ecb_get_params                                         4833
  aes_cts_128_cbc_get_params                                     4833
  aes_cts_256_cbc_get_params                                     4833
  def_is_number                                                  4833
  ossl_prov_cipher_hw_aes_ctr                                    4833
  tdes_ede3_cfb8_get_params                                      4833
  OSSL_STORE_LOADER_free                                         4834
  aes_192_cfb8_get_params                                        4834
  aes_192_gcm_get_params                                         4834
  sm4_128_xts_get_params                                         4834
  EVP_aes_128_cbc_hmac_sha256                                    4875
  aes_128_cfb1_get_params                                        4875
  aes_256_ocb_get_params                                         4875
  aes_256_siv_get_params                                         4875
  aes_256_wrapinv_get_params                                     4875
  aria_192_gcm_get_params                                        4875
  aria_192_ofb_get_params                                        4875
  camellia_128_cfb_get_params                                    4875
  sm4_128_ecb_get_params                                         4875
  tdes_ede3_cfb_get_params                                       4875
  tdes_ede3_ofb_get_params                                       4875
  aria_128_ofb_get_params                                        4916
  lsl::Lock::unlock()                                            4916
  ossl_bio_core_globals_free                                     4916
  aria_128_ccm_get_params                                        4917
  EVP_aes_128_cbc_hmac_sha1                                      4958
  aes_192_wrapinv_get_params                                     4958
  camellia_256_cfb_get_params                                    4958
  ossl_property_match_count                                      4958
  EVP_sha256                                                     4959
  aes_128_wrappad_get_params                                     4959
  aes_256_wrap_get_params                                        4959
  aria_256_ccm_get_params                                        4959
  camellia_256_ofb_get_params                                    4959
  OSSL_STORE_LOADER_set_expect                                   5000
  aes_192_wrappad_get_params                                     5000
  aria_256_ecb_get_params                                        5000
  camellia_128_ecb_get_params                                    5000
  camellia_192_ofb_get_params                                    5000
  camellia_256_cfb1_get_params                                   5000
  sm4_128_ccm_get_params                                         5000
  camellia_128_ofb_get_params                                    5041
  camellia_192_ctr_get_params                                    5041
  tdes_ede2_ofb_get_params                                       5041
  tdes_ede3_cfb1_get_params                                      5041
  Diagnostics::clearError()                                      5042
  aes_128_siv_get_params                                         5042
  aria_256_gcm_get_params                                        5042
  camellia_192_ecb_get_params                                    5042
  engine_remove_dynamic_id                                       5042
  tdes_ede3_ecb_get_params                                       5042
  aes_128_ccm_get_params                                         5083
  camellia_192_cfb1_get_params                                   5083
  aes_128_wrapinv_get_params                                     5084
  aes_256_wrappad_get_params                                     5084
  camellia_192_cbc_get_params                                    5084
  OSSL_STORE_LOADER_set_open                                     5125
  aes_192_wrappadinv_get_params                                  5125
  aria_192_ccm_get_params                                        5125
  camellia_128_cfb1_get_params                                   5125
  camellia_128_cfb8_get_params                                   5125
  camellia_192_cfb_get_params                                    5125
  camellia_256_cfb8_get_params                                   5125
  camellia_256_ctr_get_params                                    5125
  ossl_init_thread_deregister                                    5125
  ossl_self_test_set_callback_free                               5125
  ENGINE_get_cipher_engine                                       5166
  camellia_128_ctr_get_params                                    5166
  camellia_256_cbc_get_params                                    5166
  EVP_CIPHER_get_key_length                                      5167
  camellia_128_cbc_get_params                                    5167
  aes_256_wrappadinv_get_params                                  5208
  engine_pkey_asn1_meths_free                                    5250
  aes_128_wrappadinv_get_params                                  5375
  camellia_cts_192_cbc_get_params                                5375
  ossl_property_has_optional                                     5375
  ossl_self_test_set_callback_new                                5375
  medium_region_for_ptr_no_lock                                  5417
  camellia_256_ecb_get_params                                    5458
  chacha20_poly1305_gettable_ctx_params                          5458
  EVP_CIPHER_CTX_get_block_size                                  5500
  app_get0_libctx                                                5500
  memset                                                         5500
  ossl_indicator_set_callback_free                               5500
  ossl_indicator_set_callback_new                                5500
  ossl_prov_ctx_get0_core_bio_method                             5500
  OSSL_PARAM_get_int                                             5501
  ossl_aes_256_gcm_siv_get_params                                5541
  OPENSSL_sk_sort                                                5583
  camellia_192_cfb8_get_params                                   5625
  ossl_aes_192_gcm_siv_get_params                                5625
  ossl_free_compression_methods_int                              5625
  __fcntl                                                        5666
  chacha20_poly1305_get_params                                   5708
  ossl_aes_128_gcm_siv_get_params                                5708
  camellia_cts_128_cbc_get_params                                5750
  OSSL_LIB_CTX_set_conf_diagnostics                              5791
  camellia_cts_256_cbc_get_params                                5792
  ossl_provider_unquery_operation                                5834
  getegid                                                        5875
  ossl_prov_bio_from_dispatch                                    5875
  BIO_set_data                                                   6000
  geteuid                                                        6042
  opt_arg                                                        6042
  ossl_prov_seeding_from_dispatch                                6125
  getgid                                                         6167
  medium_malloc_from_free_list                                   6209
  EVP_CIPHER_get_mode                                            6375
  OSSL_PARAM_get_int32                                           6542
  ERR_print_errors                                               6625
  EVP_RAND_CTX_free                                              6667
  __getrlimit                                                    6792
  dyld4::Loader::hiddenFromFlat(bool) const                      6792
  BIO_next                                                       6875
  dyld4::RuntimeState::notifyObjCPatching()                      7167
  _kernelrpc_mach_port_deallocate_trap                           7291
  store_loader_hash                                              7291
  EVP_CipherInit_ex                                              7292
  bio_open_default                                               7375
  dyld4::handleFromLoader(dyld4::Loader const*, bool)             7375
  dyld4::BumpAllocator::~BumpAllocator()                         7417
  _platform_strnlen                                              7458
  OPENSSL_sk_pop                                                 7501
  ENGINE_register_EC                                             7625
  dyld3::kdebug_trace_dyld_enabled(unsigned int)                 7708
  ENGINE_register_DH                                             7750
  openssl_fopen                                                  7750
  file_ctrl                                                      7792
  dyld4::JustInTimeLoader::hiddenFromFlat(bool) const             7833
  ENGINE_register_RSA                                            7875
  BIO_copy_next_retry                                            7958
  ENGINE_register_DSA                                            8000
  ENGINE_register_RAND                                           8042
  __sclose                                                       8083
  flsl                                                           8083
  lsl::EphemeralAllocator::reset()                               8125
  X509_get_default_cert_area                                     8250
  dyld4::Loader::beginInitializers(dyld4::RuntimeState&)             8333
  ossl_lib_ctx_get_concrete                                      8667
  free_small                                                     8749
  getuid                                                         8833
  __sflags                                                       8834
  ENGINE_register_ciphers                                        8875
  BIO_set_init                                                   8958
  ENGINE_register_digests                                        8959
  _kernelrpc_mach_port_construct_trap                            9000
  strlen                                                         9001
  ossl_sa_new                                                    9167
  tiny_try_realloc_in_place                                      9333
  ossl_cipher_generic_einit                                      9334
  ENGINE_register_pkey_meths                                     9542
  dyld4::RuntimeState::incDlRefCount(dyld4::Loader const*)             9583
  ossl_property_free                                             9625
  lsl::Vector<dyld4::Loader const*>::reserveExact(unsigned long)             9666
  BIO_set_flags                                                  9833
  DSO_METHOD_openssl                                             9916
  ossl_cipher_generic_set_ctx_params                             9917
  tiny_malloc_from_free_list                                    10166
  deflt_query                                                   10250
  lsl::Vector<lsl::MemoryManager::Buffer>::reserve(unsigned long)            10250
  OSSL_LIB_CTX_get_conf_diagnostics                             10251
  CRYPTO_atomic_or                                              10625
  lsl::Lock::lock()                                             10917
  ENGINE_register_pkey_asn1_meths                               11000
  ossl_lib_ctx_get_ex_data_global                               11167
  OPENSSL_cleanse                                               11333
  ossl_lib_ctx_get_rcukey                                       11333
  NCONF_get_section                                             11458
  ossl_sa_doall_arg                                             11458
  engine_free_util                                              11542
  aes_siv_gettable_ctx_params                                   11959
  dyld4::JustInTimeLoader::beginInitializers(dyld4::RuntimeState&)            12125
  ossl_property_value                                           12126
  fstat                                                         12375
  err_unshelve_state                                            12416
  EVP_add_cipher                                                12541
  ossl_cipher_capable_aes_cbc_hmac_sha1                         12667
  ossl_cipher_capable_aes_cbc_hmac_sha256                       12708
  dyld4::RuntimeState::doSingletonPatching(dyld4::DyldCacheDataConstLazyScopedWriter&)            13000
  aes_cbc_cts_gettable_ctx_params                               13583
  cipher_ocb_gettable_ctx_params                                13625
  __bzero                                                       13667
  BIO_clear_flags                                               14000
  dyld4::Loader::loadDependents(Diagnostics&, dyld4::RuntimeState&, dyld4::Loader::LoadOptions const&)            14000
  DSO_free                                                      14501
  dyld4::DyldCacheDataConstLazyScopedWriter::DyldCacheDataConstLazyScopedWriter(dyld4::RuntimeState&)            14625
  BIO_get_data                                                  14667
  CRYPTO_atomic_add                                             14708
  sa_doall                                                      14749
  lsl::EphemeralAllocator::~EphemeralAllocator()                15000
  dyld4::JustInTimeLoader::loadDependents(Diagnostics&, dyld4::RuntimeState&, dyld4::Loader::LoadOptions const&)            15458
  __sflush                                                      15500
  ossl_aes_gcm_siv_gettable_ctx_params                          15542
  _NSGetEnviron                                                 15792
  camellia_cbc_cts_gettable_ctx_params                          15792
  file_new                                                      16125
  os_unfair_recursive_lock_unlock                               16250
  file_free                                                     16543
  dyld3::MachOFile::is64() const                                16583
  ossl_prov_is_running                                          16666
  invocation function for block in dyld4::Loader::forEachPath(Diagnostics&, dyld4::RuntimeState&, char const*, dyld4::Loader::Loa            17500
  BIO_new                                                       17875
  CRYPTO_THREAD_lock_free                                       17917
  FMT_istext                                                    17998
  pthread_mutex_destroy                                         18124
  OPENSSL_LH_get_down_load                                      18334
  _kernelrpc_mach_port_destruct_trap                            18459
  dyld4::JustInTimeLoader::path() const                         19167
  small_try_realloc_in_place                                    19584
  dyld4::Loader::path() const                                   19666
  kdebug_is_enabled                                             19749
  pthread_cond_init                                             19793
  _kernelrpc_mach_vm_deallocate_trap                            20292
  os_unfair_recursive_lock_lock_with_options                    20417
  rack_region_insert                                            20459
  property_free                                                 20500
  __chkstk_darwin_probe                                         21042
  dyld4::Loader::matchesPath(char const*) const                 21208
  dyld4::LibSystemHelpers::pthread_getspecific(unsigned long) const            21334
  lsl::EphemeralAllocator::deallocate_buffer(lsl::MemoryManager::Buffer)            21708
  small_size                                                    22082
  dyld4::ProcessConfig::DyldCache::indexOfPath(char const*, unsigned int&) const            23459
  os_unfair_lock_assert_not_owner                               25333
  ___chkstk_darwin                                              25334
  pthread_mutex_init                                            26210
  ossl_property_name                                            27125
  __findenv_locked                                              27333
  dyld4::Loader::loadAddress(dyld4::RuntimeState&) const            27375
  dyld3::ScopedTimer::endTimer()                                27458
  OPENSSL_strnlen                                               27750
  OPENSSL_sk_delete                                             28124
  small_free_list_remove_ptr                                    28665
  small_free_list_find_by_ptr                                   30041
  lsl::MemoryManager::lockGuard()                               30332
  dyld4::JustInTimeLoader::loadAddress(dyld4::RuntimeState&) const            30417
  mach_msg2_trap                                                32750
  _pthread_mutex_check_init_slow                                33043
  lsl::AllocationMetadata::AllocationMetadata(lsl::Allocator*, unsigned long)            34001
  __open                                                        34500
  CRYPTO_new_ex_data                                            34833
  small_free_list_remove_ptr_no_clear                           35541
  OPENSSL_LH_set_down_load                                      35667
  small_free_list_add_ptr                                       35749
  szone_good_size                                               37710
  __read_nocancel                                               38041
  dyld4::LibSystemHelpers::os_unfair_recursive_lock_unlock(os_unfair_recursive_lock_s*) const            39375
  OPENSSL_sk_free                                               39706
  Diagnostics::hasError() const                                 40959
  dyld4::LibSystemHelpers::os_unfair_lock_unlock(os_unfair_lock_s*) const            41292
  _kernelrpc_mach_vm_map_trap                                   41749
  ossl_rcu_write_lock                                           42584
  EVP_PKEY_asn1_get0                                            42707
  __write_nocancel                                              42751
  ossl_rcu_write_unlock                                         45583
  ossl_tdes_gettable_ctx_params                                 46291
  tiny_free_list_remove_ptr                                     46292
  pthread_setspecific                                           47664
  Diagnostics::noError() const                                  48290
  dyld3::MachOFile::read_uleb128(Diagnostics&, unsigned char const*&, unsigned char const*)            49750
  _tiny_check_and_zero_inline_meta_from_freelist                51250
  dyld4::LibSystemHelpers::os_unfair_recursive_lock_lock_with_options(os_unfair_recursive_lock_s*, os_unfair_lock_options_t) cons            51667
  __close_nocancel                                              52458
  madvise                                                       53626
  EVP_PKEY_asn1_get0_info                                       53794
  szone_malloc                                                  53916
  small_malloc_from_free_list                                   54751
  pthread_cond_broadcast                                        54876
  dyld4::RuntimeState::PermanentRanges::contains(unsigned long, unsigned long, unsigned char*, dyld4::Loader const**) const            55209
  tiny_size                                                     58504
  dyld4::LibSystemHelpers::os_unfair_lock_lock_with_options(os_unfair_lock_s*, os_unfair_lock_options_t) const            59042
  get_tiny_previous_free_msize                                  59332
  realloc                                                       61415
  set_tiny_meta_header_in_use                                   63416
  lsl::EphemeralAllocator::allocate_buffer(unsigned long, unsigned long, unsigned long)            64709
  _qsort                                                        65290
  ossl_cipher_aead_gettable_ctx_params                          70584
  _szone_free                                                   70959
  OPENSSL_sk_pop_free                                           72958
  os_unfair_lock_assert_owner                                   73958
  strcmp                                                        75832
  szone_try_free_default                                        76417
  tiny_free_list_add_ptr                                        80621
  invocation function for block in dyld3::MachOFile::getDylibInstallName(char const**, unsigned int*, unsigned int*) const            82333
  dyld3::kdebug_trace_dyld_duration_end(unsigned long long, unsigned int, dyld3::kt_arg, dyld3::kt_arg, dyld3::kt_arg)            83500
  rack_get_thread_index                                         85999
  property_hash                                                 86126
  EVP_CIPHER_get_type                                           89917
  dyld3::OverflowSafeArray<unsigned int, 4294967295ul>::verifySpace(unsigned long)            91123
  dyld4::Loader::contains(dyld4::RuntimeState&, void const*, void const**, unsigned long long*, unsigned char*) const            98416
  pthread_cond_signal                                          103168
  nanov2_size                                                  112708
  Diagnostics::assertNoError() const                           116917
  pthread_rwlock_init                                          119960
  pthread_rwlock_destroy                                       121794
  os_unfair_lock_unlock                                        132416
  __open_nocancel                                              141416
  Diagnostics::~Diagnostics()                                  142747
  Diagnostics::Diagnostics(bool)                               149749
  get_legacy_evp_names                                         158749
  ossl_ctype_check                                             167455
  os_unfair_lock_lock_with_options                             177834
  nanov2_pointer_size                                          192416
  EVP_MD_get_type                                              193540
  invocation function for block in dyld3::MachOFile::getEntry(unsigned long long&, bool&) const           201709
  free                                                         210629
  _Block_object_dispose                                        220581
  OPENSSL_hexchar2int                                          233124
  ossl_sa_set                                                  249373
  nanov2_allocate_from_block                                   269584
  trim_ws                                                      271916
  strncmp                                                      273374
  invocation function for block in dyld4::JustInTimeLoader::contains(dyld4::RuntimeState&, void const*, void const**, unsigned lo           297165
  BUF_MEM_new                                                  303058
  names_free                                                   317251
  OPENSSL_LH_flush                                             329204
  OBJ_get0_data                                                330960
  OPENSSL_LH_doall                                             331295
  OSSL_PARAM_set_uint                                          340420
  ossl_provider_ctx                                            341170
  EVP_CIPHER_get_nid                                           364497
  ossl_lib_ctx_unlock                                          378709
  conf_value_cmp                                               382126
  OSSL_PARAM_locate_const                                      397495
  invocation function for block in dyld3::MachOLoaded::findClosestSymbol(unsigned long long, char const**, unsigned long long*) c           408502
  ossl_lib_ctx_read_lock                                       423802
  OPENSSL_LH_set_thunks                                        430832
  property_defn_cmp                                            436662
  ossl_cipher_generic_gettable_ctx_params                      444877
  evp_cipher_up_ref                                            448921
  property_defn_hash                                           461959
  value_free_hash                                              471244
  BN_free                                                      473381
  ossl_provider_free                                           475214
  function_hash                                                477164
  ossl_provider_up_ref                                         487582
  CRYPTO_realloc                                               490159
  ASN1_OBJECT_free                                             499378
  OSSL_PARAM_set_uint32                                        500745
  eat_alpha_numeric                                            508956
  ossl_sa_get                                                  509836
  OSSL_PARAM_construct_end                                     545202
  sa_free_node                                                 550370
  EVP_CIPHER_get0_provider                                     560838
  OSSL_PARAM_construct_uint                                    563208
  evp_cipher_free                                              572582
  do_all_fn                                                    575663
  EVP_CIPHER_free                                              637800
  ossl_provider_libctx                                         797959
  invocation function for block in dyld3::MachOLoaded::getLinkEditLoadCommands(Diagnostics&, dyld3::MachOLoaded::LinkEditInfo&) c           856961
  internal_free_nop                                            857888
  _platform_strncmp                                            868710
  name_string_free                                             885126
  OPENSSL_LH_error                                             924079
  OSSL_PARAM_set_size_t                                       1115135
  BUF_MEM_grow                                                1121576
  invocation function for block in dyld3::MachOFile::forEachSegment(void (dyld3::MachOFile::SegmentInfo const&, bool&) block_poin          1124913
  pthread_getspecific                                         1147118
  sk_reserve                                                  1152532
  _os_once                                                    1231957
  CRYPTO_THREAD_get_local                                     1282961
  _platform_memchr                                            1347599
  ossl_rcu_assign_uptr                                        1405252
  OSSL_PARAM_set_uint64                                       1502778
  names_lh_free_doall                                         1547674
  ossl_lib_ctx_get_data                                       1599210
  OSSL_PARAM_set_int                                          1617733
  _platform_strchr                                            1717759
  pthread_mutex_lock                                          1720086
  OSSL_PARAM_construct_size_t                                 1801293
  pthread_mutex_unlock                                        1829331
  _nanov2_free                                                1876544
  _pthread_mutex_lock_init_slow                               1978960
  OPENSSL_sk_num                                              1979496
  OPENSSL_sk_push                                             1980012
  _pthread_mutex_unlock_init_slow                             2082751
  _pthread_mutex_firstfit_lock_slow                           2198444
  _pthread_mutex_firstfit_unlock_slow                         2288945
  OPENSSL_sk_value                                            2309755
  OSSL_PARAM_set_int32                                        2437821
  obj_name_cmp                                                2479172
  OPENSSL_LH_strhash                                          2707345
  _platform_memcmp                                            2724777
  OSSL_PARAM_construct_int                                    2730543
  pthread_once                                                3054551
  OBJ_nid2obj                                                 3149022
  CRYPTO_atomic_load                                          3269010
  pthread_rwlock_rdlock                                       3303491
  SortFnByName                                                3367690
  ossl_lh_strcasehash                                         3689207
  __error                                                     3745072
  ossl_isdigit                                                3937304
  cipher_compare                                              3949916
  fnv1a_hash                                                  4375500
  _platform_memmove                                           6473140
  pthread_rwlock_wrlock                                       6641303
  pthread_rwlock_unlock                                       9950494
  err_string_data_cmp                                        10934075
  CRYPTO_free                                                12267417
  malloc                                                     13288915
  doapr_outch                                                14938006
  err_string_data_hash                                       16573359
  nanov2_malloc                                              18488495
  _platform_strlen                                           23065255
  _platform_memset                                           25512077
  nanov2_try_free_default                                    26094960
  _platform_strcmp                                           27949089
  ossl_tolower                                               60194499
