
  EVP_md5                                                        1750
  pd_free                                                        1792
  sigaction                                                      1833
  EVP_rc2_cbc                                                    1958
  EVP_des_ecb                                                    2000
  EVP_rc4_40                                                     2000
  EVP_sha1                                                       2041
  EVP_sm4_ctr                                                    2041
  EVP_des_cbc                                                    2042
  EVP_sha224                                                     2083
  EVP_sha384                                                     2083
  EVP_sha512                                                     2083
  EVP_sm4_cbc                                                    2083
  UI_OpenSSL                                                     2083
  EVP_des_ofb                                                    2084
  EVP_idea_ofb                                                   2084
  EVP_mdc2                                                       2084
  EVP_des_ede                                                    2125
  UI_null                                                        2166
  EVP_seed_cbc                                                   2167
  EVP_sm4_ofb                                                    2167
  EVP_des_cfb8                                                   2208
  EVP_rc4                                                        2208
  EVP_idea_cbc                                                   2250
  EVP_rc2_ofb                                                    2250
  EVP_sha3_224                                                   2250
  _cleanup                                                       2250
  EVP_sha3_512                                                   2291
  EVP_bf_ofb                                                     2292
  EVP_cast5_ofb                                                  2292
  EVP_md4                                                        2292
  EVP_shake256                                                   2292
  EVP_sm3                                                        2292
  EVP_bf_cbc                                                     2333
  EVP_seed_ofb                                                   2333
  EVP_sha3_384                                                   2333
  strchr                                                         2333
  EVP_des_ede3                                                   2375
  EVP_ripemd160                                                  2375
  EVP_shake128                                                   2375
  opt_unknown                                                    2375
  EVP_bf_cfb64                                                   2416
  EVP_chacha20                                                   2416
  EVP_md5_sha1                                                   2416
  EVP_sm4_ecb                                                    2417
  EVP_idea_ecb                                                   2458
  EVP_des_cfb1                                                   2459
  EVP_desx_cbc                                                   2459
  EVP_sha512_256                                                 2459
  opt_next                                                       2459
  EVP_aes_192_cbc                                                2500
  EVP_aes_192_ecb                                                2500
  EVP_cast5_cbc                                                  2500
  EVP_rc2_cfb64                                                  2500
  EVP_rc2_ecb                                                    2500
  EVP_seed_ecb                                                   2500
  EVP_sha512_224                                                 2500
  release_engine                                                 2500
  EVP_aes_256_ctr                                                2541
  EVP_aes_128_ccm                                                2542
  EVP_aes_256_gcm                                                2542
  EVP_aria_256_cbc                                               2542
  EVP_des_ede_cbc                                                2542
  EVP_sha3_256                                                   2542
  EVP_aes_192_ccm                                                2583
  EVP_aes_256_ccm                                                2583
  EVP_aes_256_xts                                                2583
  app_get0_propq                                                 2583
  COMP_get_type                                                  2625
  EVP_aes_192_cfb8                                               2625
  EVP_aes_256_cbc                                                2625
  EVP_aes_256_ocb                                                2625
  EVP_aria_128_ecb                                               2625
  EVP_bf_ecb                                                     2625
  EVP_blake2s256                                                 2625
  EVP_des_ede_ofb                                                2625
  EVP_idea_cfb64                                                 2625
  EVP_rc2_64_cbc                                                 2625
  EVP_aes_128_ctr                                                2666
  EVP_aes_192_gcm                                                2666
  EVP_aes_256_cfb8                                               2666
  EVP_aes_256_ecb                                                2666
  EVP_aes_256_wrap                                               2666
  EVP_aria_256_ecb                                               2666
  EVP_aes_128_ofb                                                2667
  EVP_aria_192_cbc                                               2667
  EVP_aria_256_ctr                                               2667
  EVP_rc2_40_cbc                                                 2667
  EVP_aes_128_wrap                                               2708
  EVP_aria_192_gcm                                               2708
  EVP_cast5_ecb                                                  2708
  EVP_des_ede3_cbc                                               2708
  lh_FUNCTION_free                                               2708
  BIO_f_cipher                                                   2709
  EVP_aes_256_ofb                                                2709
  EVP_aria_128_ctr                                               2709
  ENGINE_set_name                                                2750
  EVP_aes_128_cbc                                                2750
  EVP_aes_128_cfb1                                               2750
  EVP_aes_128_xts                                                2750
  EVP_aes_192_cfb1                                               2750
  EVP_aria_128_cbc                                               2750
  EVP_aria_128_ofb                                               2750
  EVP_aria_192_ctr                                               2750
  EVP_aria_256_ccm                                               2750
  EVP_cast5_cfb64                                                2750
  EVP_seed_cfb128                                                2750
  EVP_whirlpool                                                  2750
  def_to_int                                                     2750
  ossl_trace_cleanup                                             2750
  query_hash                                                     2750
  EVP_aes_192_ofb                                                2791
  EVP_aes_256_cfb1                                               2791
  EVP_aria_192_ofb                                               2791
  EVP_aes_192_wrap                                               2792
  EVP_des_ede3_cfb8                                              2792
  EVP_MD_free                                                    2833
  EVP_aes_192_ocb                                                2833
  EVP_des_ede3_ofb                                               2833
  EVP_sm4_cfb128                                                 2833
  EVP_aes_128_cfb8                                               2834
  EVP_blake2b512                                                 2834
  EVP_des_ede3_cfb1                                              2834
  EVP_aria_128_gcm                                               2875
  EVP_aria_192_ccm                                               2875
  EVP_aria_192_cfb1                                              2875
  EVP_aria_192_ecb                                               2875
  EVP_aria_256_cfb1                                              2875
  OBJ_obj2txt                                                    2875
  EVP_aria_256_gcm                                               2917
  NCONF_default                                                  2917
  EVP_rc4_hmac_md5                                               2958
  vm_deallocate                                                  2958
  EVP_aes_192_ctr                                                2959
  EVP_aria_256_cfb8                                              2959
  __cxa_finalize                                                 2959
  ENGINE_set_id                                                  3000
  EVP_aria_192_cfb8                                              3000
  EVP_aria_256_ofb                                               3000
  EVP_des_cfb64                                                  3000
  EVP_des_ede3_wrap                                              3000
  strrchr                                                        3000
  EVP_aes_128_gcm                                                3041
  EVP_aria_192_cfb128                                            3041
  function_cmp                                                   3041
  getrlimit                                                      3041
  EVP_aes_128_ocb                                                3042
  EVP_aes_192_wrap_pad                                           3042
  EVP_aes_256_cfb128                                             3042
  EVP_aria_128_cfb8                                              3042
  EVP_aria_256_cfb128                                            3042
  EVP_des_ede3_cfb64                                             3042
  def_init_default                                               3042
  EVP_aria_128_ccm                                               3083
  EVP_des_ede_cfb64                                              3083
  property_cmp                                                   3083
  EVP_aes_128_cfb128                                             3125
  EVP_aes_192_cfb128                                             3125
  EVP_camellia_192_ofb                                           3125
  EVP_camellia_256_cbc                                           3166
  EVP_aria_128_cfb128                                            3167
  EVP_aes_256_wrap_pad                                           3208
  EVP_camellia_192_ctr                                           3208
  EVP_camellia_256_ecb                                           3208
  EVP_camellia_256_ofb                                           3208
  EVP_aes_128_wrap_pad                                           3209
  OSSL_LIB_CTX_get_data                                          3209
  UI_method_set_writer                                           3209
  EVP_aria_128_cfb1                                              3250
  EVP_camellia_128_cbc                                           3250
  EVP_camellia_128_ctr                                           3250
  EVP_camellia_192_cbc                                           3250
  EVP_camellia_192_cfb1                                          3250
  EVP_camellia_128_cfb1                                          3292
  ossl_store_cleanup_int                                         3292
  signal                                                         3292
  EVP_camellia_128_cfb8                                          3333
  EVP_camellia_192_cfb8                                          3333
  EVP_camellia_256_cfb1                                          3333
  EVP_aes_128_ecb                                                3375
  EVP_camellia_192_ecb                                           3375
  UI_method_set_closer                                           3375
  UI_method_set_reader                                           3375
  ossl_comp_zstd_cleanup                                         3375
  ossl_prov_ctx_free                                             3375
  EVP_camellia_128_ofb                                           3416
  EVP_camellia_256_ctr                                           3416
  opt_set_unknown_name                                           3416
  store_loader_cmp                                               3417
  ENGINE_set_flags                                               3458
  EVP_camellia_256_cfb8                                          3458
  OSSL_PARAM_modified                                            3458
  EVP_CIPHER_get_flags                                           3459
  bio_sock_cleanup_int                                           3459
  app_RAND_write                                                 3500
  OSSL_STORE_register_loader                                     3542
  COMP_zlib                                                      3583
  ossl_prov_ctx_set0_handle                                      3583
  EVP_chacha20_poly1305                                          3625
  UI_method_set_opener                                           3625
  engine_load_rdrand_int                                         3625
  pthread_self                                                   3625
  EVP_CipherUpdate                                               3666
  EVP_add_alg_module                                             3666
  init_thread_stop                                               3666
  BIO_meth_set_ctrl                                              3667
  ossl_comp_brotli_cleanup                                       3667
  BIO_meth_set_puts                                              3708
  EVP_camellia_128_cfb128                                        3708
  EVP_camellia_128_ecb                                           3708
  EVP_camellia_256_cfb128                                        3708
  ossl_comp_zlib_cleanup                                         3708
  EVP_camellia_192_cfb128                                        3709
  evp_app_cleanup_int                                            3750
  ossl_prov_ctx_new                                              3750
  close                                                          3792
  ERR_print_errors                                               3834
  free_medium                                                    3834
  ossl_lib_ctx_write_lock                                        3834
  BIO_meth_set_gets                                              3875
  core_get_libctx                                                3875
  dyld4::APIs::_tlv_exit()                                       3875
  ENGINE_set_cmd_defns                                           3916
  ERR_get_error_all                                              3916
  EVP_CipherFinal_ex                                             3916
  ASN1_add_oid_module                                            3917
  BIO_meth_set_destroy                                           3958
  ossl_prov_ctx_set0_libctx                                      3958
  BIO_meth_set_create                                            4000
  EVP_PKEY_asn1_get_count                                        4000
  ASN1_add_stable_module                                         4041
  NCONF_get0_libctx                                              4042
  OSSL_LIB_CTX_free                                              4083
  ossl_prov_ctx_get0_libctx                                      4083
  __smakebuf                                                     4084
  aes_v8_set_encrypt_key                                         4125
  opt_check_rest_arg                                             4125
  tiny_free_no_lock                                              4125
  CRYPTO_THREAD_get_current_id                                   4166
  null_gettable_ctx_params                                       4167
  ossl_child_prov_ctx_new                                        4167
  OSSL_ERR_STATE_new                                             4208
  chacha20_get_params                                            4209
  ENGINE_add_conf_module                                         4250
  EVP_CIPHER_fetch                                               4250
  EVP_CIPHER_get_iv_length                                       4250
  OSSL_STORE_unregister_loader                                   4250
  ossl_method_unlock_store                                       4250
  ossl_config_add_ssl_module                                     4291
  aes_256_cbc_get_params                                         4292
  aes_256_ctr_get_params                                         4292
  ossl_lib_ctx_is_default                                        4292
  ENGINE_set_ctrl_function                                       4333
  aes_128_cfb1_get_params                                        4333
  aes_192_siv_get_params                                         4333
  aes_128_cfb_get_params                                         4334
  aria_128_ofb_get_params                                        4334
  aes_192_cfb1_get_params                                        4375
  aria_192_cfb8_get_params                                       4375
  aria_256_cbc_get_params                                        4375
  ossl_cipher_generic_reset_ctx                                  4375
  ossl_stored_namemap_free                                       4375
  sm4_128_ctr_get_params                                         4375
  tdes_wrap_get_params                                           4375
  BIO_meth_set_read_ex                                           4416
  BIO_meth_set_write_ex                                          4416
  sm4_128_cbc_get_params                                         4416
  aria_192_ofb_get_params                                        4417
  ossl_method_lock_store                                         4458
  aria_256_ofb_get_params                                        4459
  CONF_imodule_get_value                                         4500
  ENGINE_set_init_function                                       4500
  aes_128_cbc_get_params                                         4500
  aes_128_xts_get_params                                         4500
  aes_192_cfb8_get_params                                        4500
  aes_192_ofb_get_params                                         4500
  aes_256_cfb_get_params                                         4500
  aes_256_gcm_get_params                                         4500
  aria_192_cbc_get_params                                        4500
  aria_192_cfb1_get_params                                       4500
  aria_192_ctr_get_params                                        4500
  chacha20_gettable_ctx_params                                   4500
  ossl_bio_core_globals_new                                      4500
  pthread_cond_destroy                                           4500
  tdes_ede2_ecb_get_params                                       4500
  aes_128_ctr_get_params                                         4541
  aria_256_cfb_get_params                                        4541
  ossl_bio_core_globals_free                                     4541
  EVP_aes_256_cbc_hmac_sha1                                      4542
  aes_128_cfb8_get_params                                        4542
  aes_128_ocb_get_params                                         4542
  aes_256_siv_get_params                                         4542
  aria_192_ecb_get_params                                        4542
  ENGINE_set_finish_function                                     4583
  OSSL_STORE_LOADER_set_eof                                      4583
  UI_method_set_prompt_constructor                               4583
  aes_128_ecb_get_params                                         4583
  aes_192_cfb_get_params                                         4583
  aria_128_cbc_get_params                                        4583
  aria_128_ecb_get_params                                        4583
  tdes_ede2_ofb_get_params                                       4583
  tdes_ede3_cbc_get_params                                       4583
  OSSL_trace_set_channel                                         4584
  aes_192_wrap_get_params                                        4584
  aes_v8_ctr32_encrypt_blocks                                    4584
  sm4_128_ccm_get_params                                         4584
  sm4_128_cfb128_get_params                                      4584
  OSSL_STORE_LOADER_free                                         4625
  aes_128_ofb_get_params                                         4625
  aes_256_cfb8_get_params                                        4625
  aria_128_cfb1_get_params                                       4625
  aria_192_cfb_get_params                                        4625
  sm4_128_ecb_get_params                                         4625
  tdes_ede2_cfb_get_params                                       4625
  tdes_ede3_ofb_get_params                                       4625
  EVP_aes_256_cbc_hmac_sha256                                    4667
  EVP_sha256                                                     4667
  OSSL_CMP_log_close                                             4667
  aes_192_gcm_get_params                                         4667
  aria_128_cfb_get_params                                        4667
  aria_128_ctr_get_params                                        4667
  aria_256_ctr_get_params                                        4667
  sm4_128_ofb128_get_params                                      4667
  tdes_ede2_cbc_get_params                                       4667
  aes_192_cbc_get_params                                         4708
  aes_192_ctr_get_params                                         4708
  aria_128_gcm_get_params                                        4708
  aria_256_cfb1_get_params                                       4708
  ossl_prov_ctx_set0_core_bio_method                             4708
  ossl_store_register_init                                       4708
  OSSL_STORE_LOADER_set_error                                    4709
  aes_256_cfb1_get_params                                        4709
  aria_128_cfb8_get_params                                       4709
  lsl::Lock::unlock()                                            4709
  EVP_aes_128_cbc_hmac_sha256                                    4750
  OSSL_STORE_LOADER_set_close                                    4750
  OSSL_STORE_LOADER_set_load                                     4750
  aes_256_ccm_get_params                                         4750
  aes_256_xts_get_params                                         4750
  ossl_prov_cipher_hw_aes_ctr                                    4750
  ossl_rand_cleanup_int                                          4750
  ossl_random_add_conf_module                                    4750
  camellia_128_ecb_get_params                                    4791
  sm4_128_xts_get_params                                         4791
  aria_192_gcm_get_params                                        4792
  tdes_ede3_cfb1_get_params                                      4792
  aes_128_wrappad_get_params                                     4833
  aes_192_ccm_get_params                                         4833
  aria_256_ccm_get_params                                        4833
  tdes_ede3_cfb_get_params                                       4833
  ossl_ctx_global_properties_new                                 4834
  sm4_128_gcm_get_params                                         4834
  def_is_number                                                  4874
  OSSL_STORE_LOADER_set_open                                     4875
  aes_128_ccm_get_params                                         4875
  aes_128_gcm_get_params                                         4875
  aes_128_siv_get_params                                         4875
  aes_192_ecb_get_params                                         4875
  aes_256_ofb_get_params                                         4875
  aes_256_wrappad_get_params                                     4875
  aes_cts_256_cbc_get_params                                     4875
  BIO_free                                                       4876
  Diagnostics::clearError()                                      4916
  camellia_256_ofb_get_params                                    4916
  ENGINE_load_builtin_engines                                    4917
  EVP_aes_128_cbc_hmac_sha1                                      4917
  __fcntl                                                        4917
  aes_128_wrap_get_params                                        4917
  aes_256_wrapinv_get_params                                     4917
  ossl_property_match_count                                      4917
  camellia_256_cfb_get_params                                    4958
  engine_pkey_meths_free                                         4958
  aes_192_ocb_get_params                                         4959
  aes_192_wrapinv_get_params                                     4959
  aes_192_wrappad_get_params                                     4959
  aes_cts_128_cbc_get_params                                     4959
  ossl_provider_add_conf_module                                  4959
  aes_256_wrap_get_params                                        5000
  aria_256_cfb8_get_params                                       5000
  camellia_128_cbc_get_params                                    5000
  camellia_128_cfb_get_params                                    5000
  camellia_192_cfb8_get_params                                   5000
  camellia_192_ofb_get_params                                    5000
  engine_remove_dynamic_id                                       5041
  aes_cts_192_cbc_get_params                                     5042
  aria_256_gcm_get_params                                        5042
  camellia_128_ctr_get_params                                    5042
  camellia_192_cbc_get_params                                    5042
  camellia_256_ctr_get_params                                    5042
  tdes_ede3_cfb8_get_params                                      5042
  OPENSSL_cpuid_setup                                            5083
  camellia_192_cfb_get_params                                    5083
  ossl_self_test_set_callback_free                               5083
  OSSL_STORE_LOADER_set_expect                                   5084
  aria_256_ecb_get_params                                        5084
  EVP_CIPHER_get_key_length                                      5125
  aes_256_wrappadinv_get_params                                  5125
  camellia_192_ctr_get_params                                    5125
  camellia_192_ecb_get_params                                    5125
  ossl_indicator_set_callback_free                               5125
  tdes_ede3_ecb_get_params                                       5125
  camellia_256_cbc_get_params                                    5166
  aes_128_wrapinv_get_params                                     5167
  aes_128_wrappadinv_get_params                                  5167
  aes_192_wrappadinv_get_params                                  5167
  aes_256_ecb_get_params                                         5167
  aria_192_ccm_get_params                                        5167
  camellia_192_cfb1_get_params                                   5167
  camellia_128_cfb1_get_params                                   5208
  camellia_128_ofb_get_params                                    5208
  ENGINE_get_cipher_engine                                       5250
  camellia_256_cfb8_get_params                                   5250
  engine_pkey_asn1_meths_free                                    5250
  ossl_init_thread_deregister                                    5250
  ossl_property_has_optional                                     5250
  aes_256_ocb_get_params                                         5291
  camellia_256_cfb1_get_params                                   5291
  medium_region_for_ptr_no_lock                                  5292
  camellia_128_cfb8_get_params                                   5333
  camellia_cts_192_cbc_get_params                                5334
  ossl_self_test_set_callback_new                                5375
  OPENSSL_sk_sort                                                5417
  ossl_free_compression_methods_int                              5417
  OSSL_PARAM_get_int                                             5458
  ossl_provider_unquery_operation                                5458
  tiny_malloc_from_free_list                                     5500
  EVP_CIPHER_CTX_get_block_size                                  5541
  ossl_prov_ctx_get0_core_bio_method                             5541
  getegid                                                        5582
  ossl_indicator_set_callback_new                                5583
  chacha20_poly1305_get_params                                   5584
  camellia_256_ecb_get_params                                    5625
  camellia_cts_256_cbc_get_params                                5667
  app_get0_libctx                                                5708
  ossl_aes_128_gcm_siv_get_params                                5708
  chacha20_poly1305_gettable_ctx_params                          5750
  memset                                                         5750
  ossl_aes_192_gcm_siv_get_params                                5750
  OSSL_LIB_CTX_set_conf_diagnostics                              5791
  camellia_cts_128_cbc_get_params                                5917
  BIO_set_data                                                   5999
  medium_malloc_from_free_list                                   6000
  EVP_CIPHER_get_mode                                            6042
  ossl_prov_seeding_from_dispatch                                6042
  opt_arg                                                        6125
  ossl_prov_bio_from_dispatch                                    6208
  aria_128_ccm_get_params                                        6250
  free_small                                                     6292
  __getrlimit                                                    6416
  ossl_aes_256_gcm_siv_get_params                                6416
  EVP_RAND_CTX_free                                              6417
  geteuid                                                        6417
  getgid                                                         6459
  dyld4::RuntimeState::notifyObjCPatching()                      6500
  OSSL_PARAM_get_int32                                           6542
  dyld4::Loader::hiddenFromFlat(bool) const                      6667
  getuid                                                         6667
  dyld3::kdebug_trace_dyld_enabled(unsigned int)                 6959
  BIO_next                                                       7083
  dyld4::handleFromLoader(dyld4::Loader const*, bool)             7083
  store_loader_hash                                              7125
  _kernelrpc_mach_port_deallocate_trap                           7292
  dyld4::BumpAllocator::~BumpAllocator()                         7333
  EVP_CipherInit_ex                                              7375
  bio_open_default                                               7417
  ENGINE_register_EC                                             7542
  err_unshelve_state                                             7624
  lsl::Lock::lock()                                              7625
  _platform_strnlen                                              7709
  OPENSSL_sk_pop                                                 7792
  ENGINE_register_DH                                             7833
  BIO_copy_next_retry                                            7875
  dyld4::JustInTimeLoader::hiddenFromFlat(bool) const             7875
  _kernelrpc_mach_port_construct_trap                            7916
  lsl::EphemeralAllocator::reset()                               7958
  file_ctrl                                                      8000
  openssl_fopen                                                  8000
  __sigaction                                                    8041
  ENGINE_register_RSA                                            8083
  ENGINE_register_RAND                                           8167
  __sclose                                                       8208
  ENGINE_register_DSA                                            8209
  ossl_lib_ctx_get_concrete                                      8457
  dyld4::Loader::beginInitializers(dyld4::RuntimeState&)             8500
  flsl                                                           8541
  dyld4::RuntimeState::incDlRefCount(dyld4::Loader const*)             8750
  strlen                                                         8834
  X509_get_default_cert_area                                     8874
  lsl::Vector<dyld4::Loader const*>::reserveExact(unsigned long)             9000
  ENGINE_register_digests                                        9041
  BIO_set_init                                                   9042
  ossl_sa_new                                                    9124
  ENGINE_register_ciphers                                        9166
  __sflags                                                       9334
  ossl_cipher_generic_einit                                      9416
  ossl_property_free                                             9417
  dyld4::JustInTimeLoader::beginInitializers(dyld4::RuntimeState&)             9667
  DSO_METHOD_openssl                                             9708
  tiny_try_realloc_in_place                                      9709
  ENGINE_register_pkey_meths                                     9791
  ossl_cipher_generic_set_ctx_params                             9958
  BIO_set_flags                                                 10333
  OSSL_LIB_CTX_get_conf_diagnostics                             10333
  CRYPTO_atomic_or                                              10583
  lsl::Vector<lsl::MemoryManager::Buffer>::reserve(unsigned long)            10750
  deflt_query                                                   10791
  ENGINE_register_pkey_asn1_meths                               11000
  ossl_lib_ctx_get_rcukey                                       11000
  ossl_lib_ctx_get_ex_data_global                               11166
  NCONF_get_section                                             11458
  ossl_sa_doall_arg                                             11541
  engine_free_util                                              11582
  OPENSSL_cleanse                                               12000
  aes_siv_gettable_ctx_params                                   12000
  dyld4::RuntimeState::doSingletonPatching(dyld4::DyldCacheDataConstLazyScopedWriter&)            12084
  rack_region_insert                                            12500
  ossl_property_value                                           12750
  ossl_cipher_capable_aes_cbc_hmac_sha256                       12833
  ossl_cipher_capable_aes_cbc_hmac_sha1                         12875
  cipher_ocb_gettable_ctx_params                                13375
  dyld4::Loader::loadDependents(Diagnostics&, dyld4::RuntimeState&, dyld4::Loader::LoadOptions const&)            13792
  EVP_add_cipher                                                13833
  aes_cbc_cts_gettable_ctx_params                               13833
  __bzero                                                       13875
  dyld4::DyldCacheDataConstLazyScopedWriter::DyldCacheDataConstLazyScopedWriter(dyld4::RuntimeState&)            14000
  _kernelrpc_mach_vm_deallocate_trap                            14125
  DSO_free                                                      14334
  dyld4::Loader::path() const                                   14374
  BIO_clear_flags                                               14458
  lsl::EphemeralAllocator::~EphemeralAllocator()                14542
  sa_doall                                                      14625
  BIO_get_data                                                  14749
  CRYPTO_atomic_add                                             14874
  _NSGetEnviron                                                 15375
  dyld4::JustInTimeLoader::loadDependents(Diagnostics&, dyld4::RuntimeState&, dyld4::Loader::LoadOptions const&)            15416
  camellia_cbc_cts_gettable_ctx_params                          15542
  ossl_aes_gcm_siv_gettable_ctx_params                          15583
  dyld3::MachOFile::is64() const                                15791
  __sflush                                                      15915
  fstat                                                         16000
  os_unfair_recursive_lock_unlock                               16084
  ossl_prov_is_running                                          16792
  _kernelrpc_mach_port_destruct_trap                            16833
  file_new                                                      17208
  file_free                                                     17209
  CRYPTO_THREAD_lock_free                                       17584
  invocation function for block in dyld4::Loader::forEachPath(Diagnostics&, dyld4::RuntimeState&, char const*, dyld4::Loader::Loa            17708
  OPENSSL_LH_get_down_load                                      17833
  dyld4::JustInTimeLoader::path() const                         18083
  FMT_istext                                                    18375
  BIO_new                                                       18459
  pthread_mutex_destroy                                         18499
  kdebug_is_enabled                                             18540
  pthread_cond_init                                             19792
  small_try_realloc_in_place                                    19875
  dyld4::LibSystemHelpers::pthread_getspecific(unsigned long) const            20083
  os_unfair_recursive_lock_lock_with_options                    20291
  property_free                                                 20502
  dyld4::Loader::matchesPath(char const*) const                 20834
  __chkstk_darwin_probe                                         21209
  lsl::EphemeralAllocator::deallocate_buffer(lsl::MemoryManager::Buffer)            21750
  mach_msg2_trap                                                21917
  small_size                                                    22210
  ___chkstk_darwin                                              22501
  dyld4::ProcessConfig::DyldCache::indexOfPath(char const*, unsigned int&) const            22542
  os_unfair_lock_assert_not_owner                               22749
  _kernelrpc_mach_vm_map_trap                                   24041
  small_free_list_find_by_ptr                                   24334
  dyld4::Loader::loadAddress(dyld4::RuntimeState&) const            25042
  dyld3::ScopedTimer::endTimer()                                26166
  pthread_mutex_init                                            26417
  ossl_property_name                                            26834
  lsl::MemoryManager::lockGuard()                               27291
  OPENSSL_strnlen                                               27418
  OPENSSL_sk_delete                                             28209
  small_free_list_remove_ptr                                    28250
  __findenv_locked                                              29291
  __open                                                        31542
  _pthread_mutex_check_init_slow                                32876
  lsl::AllocationMetadata::AllocationMetadata(lsl::Allocator*, unsigned long)            33250
  OPENSSL_LH_set_down_load                                      34958
  CRYPTO_new_ex_data                                            34959
  small_free_list_remove_ptr_no_clear                           35126
  tiny_free_list_remove_ptr                                     36749
  szone_good_size                                               37459
  dyld4::LibSystemHelpers::os_unfair_recursive_lock_unlock(os_unfair_recursive_lock_s*) const            37959
  __read_nocancel                                               38876
  Diagnostics::hasError() const                                 39834
  OPENSSL_sk_free                                               39916
  dyld4::LibSystemHelpers::os_unfair_lock_unlock(os_unfair_lock_s*) const            40415
  ossl_rcu_write_lock                                           41959
  EVP_PKEY_asn1_get0                                            42289
  dyld4::JustInTimeLoader::loadAddress(dyld4::RuntimeState&) const            43416
  small_free_list_add_ptr                                       43790
  Diagnostics::noError() const                                  44084
  ossl_rcu_write_unlock                                         44961
  madvise                                                       45290
  ossl_tdes_gettable_ctx_params                                 45958
  pthread_setspecific                                           46247
  __write_nocancel                                              47166
  small_malloc_from_free_list                                   48875
  dyld4::RuntimeState::PermanentRanges::contains(unsigned long, unsigned long, unsigned char*, dyld4::Loader const**) const            50209
  dyld3::MachOFile::read_uleb128(Diagnostics&, unsigned char const*&, unsigned char const*)            50749
  _tiny_check_and_zero_inline_meta_from_freelist                51208
  dyld4::LibSystemHelpers::os_unfair_recursive_lock_lock_with_options(os_unfair_recursive_lock_s*, os_unfair_lock_options_t) cons            51542
  EVP_PKEY_asn1_get0_info                                       53586
  szone_malloc                                                  53996
  pthread_cond_broadcast                                        55125
  dyld4::LibSystemHelpers::os_unfair_lock_lock_with_options(os_unfair_lock_s*, os_unfair_lock_options_t) const            58793
  tiny_size                                                     59751
  get_tiny_previous_free_msize                                  60336
  realloc                                                       61035
  set_tiny_meta_header_in_use                                   63332
  lsl::EphemeralAllocator::allocate_buffer(unsigned long, unsigned long, unsigned long)            63460
  tiny_free_list_add_ptr                                        68581
  _qsort                                                        68875
  OPENSSL_sk_pop_free                                           70459
  ossl_cipher_aead_gettable_ctx_params                          70876
  strcmp                                                        71375
  _szone_free                                                   71502
  __close_nocancel                                              72457
  os_unfair_lock_assert_owner                                   72750
  szone_try_free_default                                        76787
  invocation function for block in dyld3::MachOFile::getDylibInstallName(char const**, unsigned int*, unsigned int*) const            80667
  dyld3::kdebug_trace_dyld_duration_end(unsigned long long, unsigned int, dyld3::kt_arg, dyld3::kt_arg, dyld3::kt_arg)            80833
  rack_get_thread_index                                         85707
  property_hash                                                 88625
  dyld3::OverflowSafeArray<unsigned int, 4294967295ul>::verifySpace(unsigned long)            90042
  EVP_CIPHER_get_type                                           91750
  dyld4::Loader::contains(dyld4::RuntimeState&, void const*, void const**, unsigned long long*, unsigned char*) const            94500
  pthread_cond_signal                                          101754
  Diagnostics::assertNoError() const                           106836
  nanov2_size                                                  111914
  pthread_rwlock_init                                          114669
  pthread_rwlock_destroy                                       119876
  os_unfair_lock_unlock                                        127751
  __open_nocancel                                              136542
  Diagnostics::~Diagnostics()                                  137496
  Diagnostics::Diagnostics(bool)                               145956
  get_legacy_evp_names                                         160585
  ossl_ctype_check                                             169209
  os_unfair_lock_lock_with_options                             173707
  invocation function for block in dyld3::MachOFile::getEntry(unsigned long long&, bool&) const           186914
  nanov2_pointer_size                                          194292
  EVP_MD_get_type                                              196501
  free                                                         205211
  _Block_object_dispose                                        206542
  nanov2_allocate_from_block                                   222334
  OPENSSL_hexchar2int                                          232415
  ossl_sa_set                                                  246618
  strncmp                                                      264037
  trim_ws                                                      278839
  invocation function for block in dyld4::JustInTimeLoader::contains(dyld4::RuntimeState&, void const*, void const**, unsigned lo           291874
  BUF_MEM_new                                                  302455
  names_free                                                   314538
  OBJ_get0_data                                                326078
  OPENSSL_LH_doall                                             328253
  OPENSSL_LH_flush                                             330839
  OSSL_PARAM_set_uint                                          338632
  ossl_provider_ctx                                            342213
  EVP_CIPHER_get_nid                                           366381
  ossl_lib_ctx_unlock                                          377165
  conf_value_cmp                                               377709
  invocation function for block in dyld3::MachOLoaded::findClosestSymbol(unsigned long long, char const**, unsigned long long*) c           394166
  OSSL_PARAM_locate_const                                      397588
  ossl_lib_ctx_read_lock                                       422497
  OPENSSL_LH_set_thunks                                        430630
  property_defn_cmp                                            437338
  ossl_cipher_generic_gettable_ctx_params                      446082
  property_defn_hash                                           461329
  ossl_provider_free                                           462085
  evp_cipher_up_ref                                            468660
  value_free_hash                                              470591
  function_hash                                                482878
  ossl_provider_up_ref                                         487041
  BN_free                                                      487746
  CRYPTO_realloc                                               489868
  OSSL_PARAM_set_uint32                                        499582
  ASN1_OBJECT_free                                             506168
  ossl_sa_get                                                  514381
  eat_alpha_numeric                                            516246
  sa_free_node                                                 543236
  OSSL_PARAM_construct_end                                     543713
  EVP_CIPHER_get0_provider                                     557423
  OSSL_PARAM_construct_uint                                    563206
  evp_cipher_free                                              573926
  do_all_fn                                                    597209
  EVP_CIPHER_free                                              625416
  ossl_provider_libctx                                         813624
  invocation function for block in dyld3::MachOLoaded::getLinkEditLoadCommands(Diagnostics&, dyld3::MachOLoaded::LinkEditInfo&) c           822334
  internal_free_nop                                            858866
  _platform_strncmp                                            874710
  name_string_free                                             887837
  OPENSSL_LH_error                                             915090
  invocation function for block in dyld3::MachOFile::forEachSegment(void (dyld3::MachOFile::SegmentInfo const&, bool&) block_poin          1098707
  OSSL_PARAM_set_size_t                                       1119944
  BUF_MEM_grow                                                1131999
  pthread_getspecific                                         1143718
  sk_reserve                                                  1159415
  _os_once                                                    1200581
  CRYPTO_THREAD_get_local                                     1277749
  _platform_memchr                                            1357252
  ossl_rcu_assign_uptr                                        1420614
  names_lh_free_doall                                         1510128
  OSSL_PARAM_set_uint64                                       1512541
  ossl_lib_ctx_get_data                                       1595799
  OSSL_PARAM_set_int                                          1608445
  _platform_strchr                                            1713848
  OSSL_PARAM_construct_size_t                                 1804337
  pthread_mutex_lock                                          1813657
  pthread_mutex_unlock                                        1838707
  _nanov2_free                                                1860945
  OPENSSL_sk_push                                             1974597
  OPENSSL_sk_num                                              2001847
  _pthread_mutex_lock_init_slow                               2004534
  _pthread_mutex_unlock_init_slow                             2115247
  _pthread_mutex_firstfit_lock_slow                           2222158
  _pthread_mutex_firstfit_unlock_slow                         2305089
  OPENSSL_sk_value                                            2324417
  OSSL_PARAM_set_int32                                        2426946
  obj_name_cmp                                                2495970
  OPENSSL_LH_strhash                                          2716222
  OSSL_PARAM_construct_int                                    2731384
  _platform_memcmp                                            2751401
  pthread_once                                                3016627
  OBJ_nid2obj                                                 3162074
  CRYPTO_atomic_load                                          3278383
  pthread_rwlock_rdlock                                       3304031
  SortFnByName                                                3380348
  ossl_lh_strcasehash                                         3643185
  __error                                                     3784666
  cipher_compare                                              3999201
  ossl_isdigit                                                4015162
  fnv1a_hash                                                  4425940
  _platform_memmove                                           6516393
  pthread_rwlock_wrlock                                       6625574
  pthread_rwlock_unlock                                       9943803
  err_string_data_cmp                                        10835421
  CRYPTO_free                                                12226559
  malloc                                                     13376357
  doapr_outch                                                15210214
  err_string_data_hash                                       16555721
  nanov2_malloc                                              18439673
  _platform_strlen                                           23266529
  _platform_memset                                           25280784
  nanov2_try_free_default                                    25614663
  _platform_strcmp                                           27845263
  ossl_tolower                                               59633872
