
  pd_free                                                        1791
  sigaction                                                      1916
  EVP_md5                                                        1958
  EVP_des_ecb                                                    2041
  EVP_rc2_cbc                                                    2084
  EVP_sha384                                                     2084
  UI_OpenSSL                                                     2084
  EVP_des_ede                                                    2125
  EVP_idea_ofb                                                   2125
  EVP_rc2_ofb                                                    2125
  EVP_rc4_40                                                     2125
  EVP_sha1                                                       2125
  EVP_sm4_ctr                                                    2125
  opt_unknown                                                    2125
  EVP_sha224                                                     2166
  EVP_bf_cbc                                                     2167
  EVP_mdc2                                                       2167
  EVP_sm4_cbc                                                    2208
  EVP_sm4_ofb                                                    2208
  UI_null                                                        2208
  strchr                                                         2209
  EVP_sha3_224                                                   2250
  EVP_sm3                                                        2250
  _cleanup                                                       2250
  EVP_bf_ofb                                                     2291
  EVP_sha3_512                                                   2291
  EVP_cast5_ofb                                                  2292
  EVP_seed_cbc                                                   2292
  EVP_shake256                                                   2292
  EVP_sha3_384                                                   2333
  EVP_md4                                                        2334
  EVP_rc4                                                        2334
  EVP_seed_ofb                                                   2334
  EVP_idea_cbc                                                   2375
  EVP_sm4_ecb                                                    2375
  EVP_des_cbc                                                    2417
  EVP_rc2_cfb64                                                  2417
  EVP_md5_sha1                                                   2458
  EVP_sha512                                                     2458
  COMP_get_type                                                  2459
  EVP_des_ede3                                                   2459
  EVP_rc2_64_cbc                                                 2459
  EVP_sha512_256                                                 2459
  EVP_bf_cfb64                                                   2500
  EVP_blake2s256                                                 2500
  EVP_rc2_ecb                                                    2500
  EVP_sha512_224                                                 2500
  app_get0_propq                                                 2500
  EVP_aes_192_ccm                                                2541
  EVP_aes_256_ctr                                                2541
  EVP_chacha20                                                   2541
  EVP_aes_192_cbc                                                2542
  EVP_aes_256_ofb                                                2542
  EVP_ripemd160                                                  2542
  EVP_aes_128_ctr                                                2583
  EVP_aes_256_gcm                                                2583
  opt_next                                                       2583
  vm_deallocate                                                  2583
  EVP_bf_ecb                                                     2584
  EVP_des_ofb                                                    2584
  release_engine                                                 2584
  EVP_aes_256_ocb                                                2625
  EVP_des_cfb1                                                   2625
  EVP_des_cfb8                                                   2625
  EVP_idea_ecb                                                   2625
  EVP_sha3_256                                                   2625
  EVP_shake128                                                   2625
  lh_FUNCTION_free                                               2625
  EVP_aes_128_xts                                                2666
  EVP_aes_256_cfb1                                               2666
  EVP_aria_256_cbc                                               2666
  EVP_aes_128_cfb1                                               2667
  EVP_aes_192_cfb1                                               2667
  EVP_aes_192_ecb                                                2667
  EVP_aes_256_ecb                                                2667
  EVP_aria_256_ccm                                               2667
  EVP_aes_128_cbc                                                2708
  EVP_aes_256_xts                                                2708
  EVP_blake2b512                                                 2708
  EVP_cast5_cfb64                                                2708
  EVP_rc2_40_cbc                                                 2708
  EVP_aria_256_ofb                                               2709
  EVP_aes_192_cfb8                                               2750
  EVP_aes_192_ofb                                                2750
  EVP_aes_256_cbc                                                2750
  EVP_aria_128_cbc                                               2750
  EVP_aria_256_ecb                                               2750
  EVP_aria_256_gcm                                               2750
  EVP_idea_cfb64                                                 2750
  NCONF_default                                                  2750
  EVP_aes_192_ctr                                                2791
  EVP_aria_192_ecb                                               2791
  def_to_int                                                     2791
  signal                                                         2791
  ENGINE_set_name                                                2792
  EVP_aes_128_ccm                                                2792
  EVP_aes_192_wrap                                               2792
  EVP_aes_256_ccm                                                2792
  EVP_aria_128_ctr                                               2792
  EVP_aria_128_ofb                                               2792
  EVP_aria_192_ccm                                               2792
  EVP_aria_192_cfb1                                              2792
  EVP_aria_192_cfb8                                              2792
  EVP_aria_192_ofb                                               2792
  EVP_aria_256_cfb1                                              2792
  EVP_cast5_cbc                                                  2792
  BIO_f_cipher                                                   2833
  EVP_MD_free                                                    2833
  EVP_aes_128_ofb                                                2833
  EVP_aes_192_gcm                                                2833
  EVP_aria_192_cbc                                               2833
  EVP_aria_256_ctr                                               2833
  EVP_des_ede_cbc                                                2833
  EVP_desx_cbc                                                   2833
  EVP_whirlpool                                                  2834
  EVP_aes_192_ocb                                                2875
  EVP_aes_256_wrap                                               2875
  EVP_aria_192_gcm                                               2875
  EVP_des_ede3_cbc                                               2875
  EVP_seed_ecb                                                   2875
  OBJ_obj2txt                                                    2875
  ossl_trace_cleanup                                             2875
  EVP_aes_128_wrap                                               2916
  ENGINE_set_id                                                  2917
  EVP_aria_192_ctr                                               2917
  EVP_sm4_cfb128                                                 2917
  EVP_aes_128_cfb8                                               2958
  EVP_aes_256_cfb8                                               2958
  EVP_aria_128_cfb8                                              2958
  EVP_des_cfb64                                                  2958
  EVP_des_ede3_cfb1                                              2958
  EVP_des_ede_ofb                                                2958
  EVP_rc4_hmac_md5                                               2959
  strrchr                                                        2959
  EVP_aria_128_ecb                                               3000
  EVP_aria_192_cfb128                                            3000
  EVP_aria_256_cfb8                                              3000
  EVP_cast5_ecb                                                  3000
  EVP_seed_cfb128                                                3000
  __cxa_finalize                                                 3000
  __smakebuf                                                     3000
  property_cmp                                                   3000
  EVP_aes_128_cfb128                                             3041
  EVP_aria_256_cfb128                                            3041
  EVP_aria_128_cfb128                                            3083
  EVP_des_ede3_cfb8                                              3083
  def_init_default                                               3083
  query_hash                                                     3083
  EVP_aria_128_ccm                                               3125
  EVP_aria_128_gcm                                               3125
  EVP_camellia_192_ofb                                           3125
  EVP_des_ede3_wrap                                              3125
  UI_method_set_writer                                           3125
  EVP_aes_128_ocb                                                3166
  COMP_zlib                                                      3167
  EVP_aes_128_gcm                                                3167
  EVP_aes_192_cfb128                                             3167
  EVP_camellia_128_cbc                                           3167
  EVP_camellia_192_ctr                                           3167
  EVP_CIPHER_get_flags                                           3208
  EVP_camellia_128_ctr                                           3208
  EVP_des_ede_cfb64                                              3208
  EVP_camellia_256_ofb                                           3209
  getrlimit                                                      3209
  EVP_aes_128_wrap_pad                                           3250
  EVP_aes_256_cfb128                                             3250
  EVP_camellia_256_cfb1                                          3250
  EVP_des_ede3_ofb                                               3250
  EVP_camellia_192_cfb8                                          3291
  EVP_aes_192_wrap_pad                                           3292
  EVP_camellia_256_cfb8                                          3292
  EVP_camellia_256_ctr                                           3292
  UI_method_set_closer                                           3292
  EVP_aria_128_cfb1                                              3333
  EVP_camellia_128_cfb1                                          3333
  EVP_camellia_256_cbc                                           3333
  EVP_camellia_256_ecb                                           3333
  opt_set_unknown_name                                           3333
  ossl_comp_zstd_cleanup                                         3333
  EVP_aes_256_wrap_pad                                           3334
  ossl_store_cleanup_int                                         3334
  EVP_aes_128_ecb                                                3375
  EVP_camellia_192_cbc                                           3375
  EVP_des_ede3_cfb64                                             3375
  OSSL_PARAM_modified                                            3375
  UI_method_set_reader                                           3375
  ossl_prov_ctx_free                                             3375
  pthread_self                                                   3375
  EVP_camellia_128_ofb                                           3416
  UI_method_set_opener                                           3416
  bio_sock_cleanup_int                                           3416
  EVP_camellia_192_cfb1                                          3417
  OSSL_LIB_CTX_get_data                                          3417
  ossl_prov_ctx_new                                              3417
  EVP_add_alg_module                                             3458
  ENGINE_set_flags                                               3459
  free_medium                                                    3500
  OSSL_STORE_register_loader                                     3541
  store_loader_cmp                                               3542
  EVP_chacha20_poly1305                                          3583
  ossl_comp_zlib_cleanup                                         3583
  ASN1_add_stable_module                                         3625
  EVP_camellia_192_ecb                                           3625
  EVP_camellia_256_cfb128                                        3625
  EVP_camellia_128_cfb8                                          3667
  init_thread_stop                                               3667
  ossl_comp_brotli_cleanup                                       3667
  ERR_get_error_all                                              3708
  EVP_camellia_128_cfb128                                        3708
  BIO_meth_set_ctrl                                              3750
  app_RAND_write                                                 3750
  evp_app_cleanup_int                                            3750
  BIO_meth_set_gets                                              3791
  ASN1_add_oid_module                                            3792
  ERR_print_errors                                               3792
  EVP_CipherUpdate                                               3792
  ossl_prov_ctx_set0_handle                                      3792
  engine_load_rdrand_int                                         3833
  opt_check_rest_arg                                             3834
  OSSL_LIB_CTX_free                                              3875
  dyld4::APIs::_tlv_exit()                                       3875
  EVP_camellia_192_cfb128                                        3917
  core_get_libctx                                                3958
  ossl_lib_ctx_write_lock                                        3958
  BIO_meth_set_create                                            3959
  BIO_meth_set_puts                                              3959
  EVP_camellia_128_ecb                                           3959
  BIO_meth_set_destroy                                           4000
  ENGINE_set_cmd_defns                                           4000
  EVP_CipherFinal_ex                                             4000
  CRYPTO_THREAD_get_current_id                                   4083
  EVP_CIPHER_fetch                                               4083
  NCONF_get0_libctx                                              4083
  ossl_prov_ctx_set0_libctx                                      4125
  chacha20_get_params                                            4166
  ossl_prov_ctx_get0_libctx                                      4167
  null_gettable_ctx_params                                       4250
  ossl_child_prov_ctx_new                                        4250
  ossl_method_lock_store                                         4250
  ossl_method_unlock_store                                       4250
  aria_192_ofb_get_params                                        4291
  ENGINE_add_conf_module                                         4292
  EVP_CIPHER_get_iv_length                                       4292
  EVP_PKEY_asn1_get_count                                        4292
  close                                                          4292
  aes_192_cfb1_get_params                                        4333
  aes_192_cfb_get_params                                         4333
  ossl_bio_core_globals_free                                     4333
  sm4_128_cbc_get_params                                         4333
  CONF_imodule_get_value                                         4334
  aes_256_cfb_get_params                                         4334
  OSSL_ERR_STATE_new                                             4375
  aes_128_cbc_get_params                                         4375
  aes_128_ofb_get_params                                         4375
  aes_256_ctr_get_params                                         4375
  aria_192_ecb_get_params                                        4375
  aria_256_ctr_get_params                                        4375
  ossl_lib_ctx_is_default                                        4375
  aes_192_gcm_get_params                                         4416
  ossl_random_add_conf_module                                    4416
  BIO_meth_set_read_ex                                           4417
  OSSL_STORE_unregister_loader                                   4417
  aes_192_ccm_get_params                                         4417
  aes_192_ecb_get_params                                         4417
  ossl_config_add_ssl_module                                     4417
  tdes_wrap_get_params                                           4417
  EVP_aes_256_cbc_hmac_sha1                                      4458
  aes_256_ofb_get_params                                         4458
  aria_128_cfb1_get_params                                       4458
  aria_256_cfb_get_params                                        4458
  OPENSSL_cpuid_setup                                            4459
  aes_128_xts_get_params                                         4459
  aes_192_cbc_get_params                                         4459
  ossl_bio_core_globals_new                                      4459
  aes_128_cfb_get_params                                         4500
  aes_192_ctr_get_params                                         4500
  aria_128_cfb8_get_params                                       4500
  ossl_stored_namemap_free                                       4500
  sm4_128_ctr_get_params                                         4500
  tdes_ede3_cbc_get_params                                       4500
  EVP_sha256                                                     4541
  OSSL_STORE_LOADER_set_eof                                      4541
  aes_192_siv_get_params                                         4541
  aria_128_ofb_get_params                                        4541
  ossl_cipher_generic_reset_ctx                                  4541
  BIO_meth_set_write_ex                                          4542
  ENGINE_set_ctrl_function                                       4542
  __sigaction                                                    4542
  aes_128_cfb8_get_params                                        4542
  aes_128_ctr_get_params                                         4542
  aes_192_cfb8_get_params                                        4542
  aes_192_ofb_get_params                                         4542
  aes_256_siv_get_params                                         4542
  aes_v8_ctr32_encrypt_blocks                                    4542
  aria_128_ecb_get_params                                        4542
  aria_192_gcm_get_params                                        4542
  chacha20_gettable_ctx_params                                   4542
  aes_128_gcm_get_params                                         4583
  aes_256_cfb1_get_params                                        4583
  aria_128_gcm_get_params                                        4583
  tiny_try_realloc_in_place                                      4583
  def_is_number                                                  4584
  OSSL_CMP_log_close                                             4625
  OSSL_STORE_LOADER_free                                         4625
  OSSL_trace_set_channel                                         4625
  aes_256_ccm_get_params                                         4625
  aria_128_cbc_get_params                                        4625
  aria_128_cfb_get_params                                        4625
  aria_192_cbc_get_params                                        4625
  aria_192_cfb8_get_params                                       4625
  ossl_store_register_init                                       4625
  sm4_128_xts_get_params                                         4625
  EVP_aes_256_cbc_hmac_sha256                                    4666
  UI_method_set_prompt_constructor                               4666
  function_cmp                                                   4666
  aes_192_wrap_get_params                                        4667
  aes_256_cbc_get_params                                         4667
  aes_v8_set_encrypt_key                                         4667
  aria_128_ctr_get_params                                        4667
  aria_192_ccm_get_params                                        4667
  aria_192_cfb1_get_params                                       4667
  aria_192_ctr_get_params                                        4667
  ENGINE_set_finish_function                                     4708
  aes_128_ccm_get_params                                         4708
  aes_256_cfb8_get_params                                        4708
  aria_256_ofb_get_params                                        4708
  pthread_cond_destroy                                           4708
  sm4_128_cfb128_get_params                                      4709
  ENGINE_set_init_function                                       4750
  OSSL_STORE_LOADER_set_load                                     4750
  aes_128_cfb1_get_params                                        4750
  aes_128_ocb_get_params                                         4750
  aes_192_wrappad_get_params                                     4750
  aes_cts_128_cbc_get_params                                     4750
  ossl_rand_cleanup_int                                          4750
  sm4_128_gcm_get_params                                         4750
  sm4_128_ofb128_get_params                                      4750
  tdes_ede2_cbc_get_params                                       4750
  tdes_ede3_cfb1_get_params                                      4750
  OSSL_STORE_LOADER_set_error                                    4791
  aria_256_cbc_get_params                                        4791
  tdes_ede2_ecb_get_params                                       4791
  aes_256_ocb_get_params                                         4792
  aria_192_cfb_get_params                                        4792
  ossl_prov_ctx_set0_core_bio_method                             4792
  sm4_128_ccm_get_params                                         4792
  tdes_ede3_cfb8_get_params                                      4792
  EVP_CIPHER_get_key_length                                      4833
  aes_128_wrap_get_params                                        4833
  aes_256_wrappad_get_params                                     4833
  ossl_ctx_global_properties_new                                 4833
  EVP_aes_128_cbc_hmac_sha256                                    4834
  OSSL_STORE_LOADER_set_close                                    4834
  aes_cts_192_cbc_get_params                                     4834
  camellia_128_ecb_get_params                                    4834
  ossl_prov_cipher_hw_aes_ctr                                    4834
  ENGINE_load_builtin_engines                                    4875
  EVP_aes_128_cbc_hmac_sha1                                      4875
  aes_128_wrappad_get_params                                     4875
  aes_256_wrap_get_params                                        4875
  aes_256_xts_get_params                                         4875
  aria_256_cfb8_get_params                                       4875
  camellia_128_cfb_get_params                                    4875
  engine_pkey_meths_free                                         4875
  ossl_provider_add_conf_module                                  4875
  aes_256_gcm_get_params                                         4916
  tdes_ede3_cfb_get_params                                       4916
  aes_192_ocb_get_params                                         4917
  aes_256_ecb_get_params                                         4917
  aes_256_wrapinv_get_params                                     4917
  aria_128_ccm_get_params                                        4917
  camellia_128_cbc_get_params                                    4917
  ossl_property_match_count                                      4917
  tdes_ede3_ofb_get_params                                       4917
  aes_128_siv_get_params                                         4958
  camellia_192_cfb_get_params                                    4958
  camellia_256_cfb_get_params                                    4958
  sm4_128_ecb_get_params                                         4958
  tdes_ede2_ofb_get_params                                       4959
  BIO_free                                                       5000
  OSSL_STORE_LOADER_set_open                                     5000
  aes_128_ecb_get_params                                         5000
  aes_192_wrappadinv_get_params                                  5000
  aria_256_ccm_get_params                                        5000
  aria_256_cfb1_get_params                                       5000
  camellia_192_ofb_get_params                                    5000
  camellia_256_cbc_get_params                                    5000
  aria_256_gcm_get_params                                        5041
  ENGINE_get_cipher_engine                                       5042
  OSSL_STORE_LOADER_set_expect                                   5042
  camellia_192_ecb_get_params                                    5042
  engine_remove_dynamic_id                                       5042
  ossl_self_test_set_callback_free                               5042
  Diagnostics::clearError()                                      5083
  camellia_192_cfb1_get_params                                   5083
  aes_192_wrapinv_get_params                                     5084
  aes_cts_256_cbc_get_params                                     5084
  camellia_192_ctr_get_params                                    5084
  ossl_indicator_set_callback_free                               5084
  ossl_property_has_optional                                     5084
  aria_256_ecb_get_params                                        5125
  camellia_128_cfb1_get_params                                   5125
  camellia_128_cfb8_get_params                                   5125
  camellia_256_ecb_get_params                                    5125
  tdes_ede2_cfb_get_params                                       5125
  aes_128_wrappadinv_get_params                                  5166
  camellia_192_cbc_get_params                                    5166
  lsl::Lock::unlock()                                            5166
  camellia_256_cfb1_get_params                                   5167
  camellia_256_ofb_get_params                                    5167
  camellia_128_ctr_get_params                                    5208
  tdes_ede3_ecb_get_params                                       5208
  camellia_256_cfb8_get_params                                   5209
  engine_pkey_asn1_meths_free                                    5209
  ossl_indicator_set_callback_new                                5209
  aes_128_wrapinv_get_params                                     5250
  camellia_256_ctr_get_params                                    5250
  ossl_free_compression_methods_int                              5250
  OPENSSL_sk_sort                                                5292
  OSSL_PARAM_get_int                                             5292
  camellia_128_ofb_get_params                                    5292
  camellia_cts_192_cbc_get_params                                5292
  camellia_192_cfb8_get_params                                   5333
  aes_256_wrappadinv_get_params                                  5375
  ossl_init_thread_deregister                                    5375
  ossl_provider_unquery_operation                                5375
  ossl_self_test_set_callback_new                                5375
  __fcntl                                                        5416
  ossl_prov_ctx_get0_core_bio_method                             5417
  app_get0_libctx                                                5459
  chacha20_poly1305_gettable_ctx_params                          5459
  medium_region_for_ptr_no_lock                                  5459
  tiny_malloc_from_free_list                                     5459
  chacha20_poly1305_get_params                                   5542
  memset                                                         5542
  getegid                                                        5584
  ossl_aes_192_gcm_siv_get_params                                5625
  getgid                                                         5708
  ossl_aes_256_gcm_siv_get_params                                5709
  EVP_CIPHER_CTX_get_block_size                                  5750
  camellia_cts_128_cbc_get_params                                5750
  camellia_cts_256_cbc_get_params                                5750
  ossl_aes_128_gcm_siv_get_params                                5792
  OSSL_LIB_CTX_set_conf_diagnostics                              5833
  medium_malloc_from_free_list                                   6041
  opt_arg                                                        6041
  geteuid                                                        6042
  ossl_prov_seeding_from_dispatch                                6125
  free_small                                                     6167
  BIO_set_data                                                   6209
  EVP_RAND_CTX_free                                              6209
  ossl_prov_bio_from_dispatch                                    6334
  getuid                                                         6458
  EVP_CIPHER_get_mode                                            6459
  OSSL_PARAM_get_int32                                           6583
  __getrlimit                                                    6667
  dyld3::kdebug_trace_dyld_enabled(unsigned int)                 6875
  BIO_next                                                       6958
  dyld4::Loader::hiddenFromFlat(bool) const                      7000
  dyld4::RuntimeState::notifyObjCPatching()                      7000
  dyld4::BumpAllocator::~BumpAllocator()                         7083
  store_loader_hash                                              7168
  EVP_CipherInit_ex                                              7208
  bio_open_default                                               7208
  _kernelrpc_mach_port_deallocate_trap                           7334
  dyld4::handleFromLoader(dyld4::Loader const*, bool)             7500
  ENGINE_register_EC                                             7541
  _platform_strnlen                                              7583
  _kernelrpc_mach_port_construct_trap                            7667
  ENGINE_register_DH                                             7708
  OPENSSL_sk_pop                                                 7750
  err_unshelve_state                                             8000
  openssl_fopen                                                  8000
  file_ctrl                                                      8001
  ENGINE_register_RSA                                            8041
  __sclose                                                       8041
  lsl::EphemeralAllocator::reset()                               8209
  ENGINE_register_RAND                                           8249
  dyld4::JustInTimeLoader::hiddenFromFlat(bool) const             8250
  rack_region_insert                                             8250
  BIO_copy_next_retry                                            8292
  ENGINE_register_DSA                                            8416
  X509_get_default_cert_area                                     8458
  __sflags                                                       8499
  flsl                                                           8500
  ossl_lib_ctx_get_concrete                                      8500
  dyld4::Loader::beginInitializers(dyld4::RuntimeState&)             8709
  BIO_set_init                                                   8791
  ossl_sa_new                                                    8875
  strlen                                                         9125
  ossl_cipher_generic_einit                                      9209
  dyld4::RuntimeState::incDlRefCount(dyld4::Loader const*)             9250
  ENGINE_register_digests                                        9333
  BIO_set_flags                                                  9375
  ENGINE_register_ciphers                                        9376
  lsl::Vector<dyld4::Loader const*>::reserveExact(unsigned long)             9417
  ossl_property_free                                             9458
  ENGINE_register_pkey_meths                                     9583
  DSO_METHOD_openssl                                             9707
  deflt_query                                                    9875
  ossl_cipher_generic_set_ctx_params                             9916
  dyld4::JustInTimeLoader::beginInitializers(dyld4::RuntimeState&)             9958
  OSSL_LIB_CTX_get_conf_diagnostics                             10042
  CRYPTO_atomic_or                                              10374
  ossl_lib_ctx_get_ex_data_global                               10375
  lsl::Vector<lsl::MemoryManager::Buffer>::reserve(unsigned long)            10500
  ENGINE_register_pkey_asn1_meths                               10958
  engine_free_util                                              10959
  ossl_lib_ctx_get_rcukey                                       11042
  NCONF_get_section                                             11499
  OPENSSL_cleanse                                               11501
  ossl_sa_doall_arg                                             11750
  ossl_property_value                                           12167
  aes_siv_gettable_ctx_params                                   12251
  EVP_add_cipher                                                12583
  dyld4::RuntimeState::doSingletonPatching(dyld4::DyldCacheDataConstLazyScopedWriter&)            12583
  ossl_cipher_capable_aes_cbc_hmac_sha256                       12626
  ossl_cipher_capable_aes_cbc_hmac_sha1                         12834
  __bzero                                                       13250
  cipher_ocb_gettable_ctx_params                                13417
  aes_cbc_cts_gettable_ctx_params                               13625
  BIO_clear_flags                                               13791
  DSO_free                                                      14208
  small_try_realloc_in_place                                    14291
  _kernelrpc_mach_vm_deallocate_trap                            14541
  sa_doall                                                      14543
  CRYPTO_atomic_add                                             14667
  _NSGetEnviron                                                 14709
  dyld4::DyldCacheDataConstLazyScopedWriter::DyldCacheDataConstLazyScopedWriter(dyld4::RuntimeState&)            14709
  BIO_get_data                                                  14793
  dyld4::Loader::path() const                                   14876
  lsl::EphemeralAllocator::~EphemeralAllocator()                14917
  fstat                                                         15167
  ossl_aes_gcm_siv_gettable_ctx_params                          15416
  camellia_cbc_cts_gettable_ctx_params                          15583
  _kernelrpc_mach_port_destruct_trap                            15625
  dyld4::JustInTimeLoader::loadDependents(Diagnostics&, dyld4::RuntimeState&, dyld4::Loader::LoadOptions const&)            15709
  _kernelrpc_mach_vm_map_trap                                   15791
  __sflush                                                      15833
  dyld3::MachOFile::is64() const                                16125
  dyld4::Loader::loadDependents(Diagnostics&, dyld4::RuntimeState&, dyld4::Loader::LoadOptions const&)            16209
  file_new                                                      16291
  ossl_prov_is_running                                          16584
  os_unfair_recursive_lock_unlock                               16667
  file_free                                                     17126
  CRYPTO_THREAD_lock_free                                       17500
  pthread_mutex_destroy                                         17832
  FMT_istext                                                    17833
  OPENSSL_LH_get_down_load                                      18083
  BIO_new                                                       18417
  dyld4::JustInTimeLoader::path() const                         18542
  invocation function for block in dyld4::Loader::forEachPath(Diagnostics&, dyld4::RuntimeState&, char const*, dyld4::Loader::Loa            18916
  pthread_cond_init                                             19333
  property_free                                                 20584
  os_unfair_recursive_lock_lock_with_options                    20751
  dyld4::LibSystemHelpers::pthread_getspecific(unsigned long) const            20792
  __chkstk_darwin_probe                                         21042
  mach_msg2_trap                                                21250
  lsl::EphemeralAllocator::deallocate_buffer(lsl::MemoryManager::Buffer)            21416
  small_size                                                    21666
  ___chkstk_darwin                                              22375
  os_unfair_lock_assert_not_owner                               22917
  kdebug_is_enabled                                             23168
  dyld4::ProcessConfig::DyldCache::indexOfPath(char const*, unsigned int&) const            23375
  dyld4::Loader::matchesPath(char const*) const                 23418
  dyld4::Loader::loadAddress(dyld4::RuntimeState&) const            25458
  pthread_mutex_init                                            26043
  dyld3::ScopedTimer::endTimer()                                26833
  ossl_property_name                                            27168
  __findenv_locked                                              27500
  OPENSSL_strnlen                                               27502
  OPENSSL_sk_delete                                             28249
  dyld4::JustInTimeLoader::loadAddress(dyld4::RuntimeState&) const            29376
  lsl::MemoryManager::lockGuard()                               32250
  _pthread_mutex_check_init_slow                                32541
  lsl::AllocationMetadata::AllocationMetadata(lsl::Allocator*, unsigned long)            33375
  CRYPTO_new_ex_data                                            34501
  OPENSSL_LH_set_down_load                                      35042
  __read_nocancel                                               37291
  szone_good_size                                               37376
  __open                                                        38291
  small_malloc_from_free_list                                   38792
  small_free_list_find_by_ptr                                   39249
  OPENSSL_sk_free                                               39416
  dyld4::LibSystemHelpers::os_unfair_recursive_lock_unlock(os_unfair_recursive_lock_s*) const            41043
  __write_nocancel                                              41250
  ossl_rcu_write_lock                                           42332
  EVP_PKEY_asn1_get0                                            42624
  Diagnostics::hasError() const                                 43333
  ossl_rcu_write_unlock                                         44958
  tiny_free_list_remove_ptr                                     45668
  ossl_tdes_gettable_ctx_params                                 46084
  dyld4::LibSystemHelpers::os_unfair_lock_unlock(os_unfair_lock_s*) const            46416
  small_free_list_remove_ptr                                    46833
  pthread_setspecific                                           47208
  Diagnostics::noError() const                                  47706
  dyld3::MachOFile::read_uleb128(Diagnostics&, unsigned char const*&, unsigned char const*)            51750
  dyld4::RuntimeState::PermanentRanges::contains(unsigned long, unsigned long, unsigned char*, dyld4::Loader const**) const            52042
  EVP_PKEY_asn1_get0_info                                       53332
  small_free_list_add_ptr                                       53667
  szone_malloc                                                  54499
  get_tiny_previous_free_msize                                  55042
  pthread_cond_broadcast                                        55042
  dyld4::LibSystemHelpers::os_unfair_recursive_lock_lock_with_options(os_unfair_recursive_lock_s*, os_unfair_lock_options_t) cons            56833
  madvise                                                       57335
  _tiny_check_and_zero_inline_meta_from_freelist                57834
  small_free_list_remove_ptr_no_clear                           57999
  tiny_size                                                     58290
  __close_nocancel                                              60626
  realloc                                                       60668
  lsl::EphemeralAllocator::allocate_buffer(unsigned long, unsigned long, unsigned long)            62709
  set_tiny_meta_header_in_use                                   63041
  _qsort                                                        65749
  dyld4::LibSystemHelpers::os_unfair_lock_lock_with_options(os_unfair_lock_s*, os_unfair_lock_options_t) const            66209
  lsl::Lock::lock()                                             67166
  _szone_free                                                   67331
  OPENSSL_sk_pop_free                                           70460
  ossl_cipher_aead_gettable_ctx_params                          70668
  strcmp                                                        71167
  os_unfair_lock_assert_owner                                   73794
  tiny_free_list_add_ptr                                        76376
  szone_try_free_default                                        76838
  dyld3::kdebug_trace_dyld_duration_end(unsigned long long, unsigned int, dyld3::kt_arg, dyld3::kt_arg, dyld3::kt_arg)            82667
  rack_get_thread_index                                         83208
  property_hash                                                 85750
  invocation function for block in dyld3::MachOFile::getDylibInstallName(char const**, unsigned int*, unsigned int*) const            88417
  dyld3::OverflowSafeArray<unsigned int, 4294967295ul>::verifySpace(unsigned long)            91250
  EVP_CIPHER_get_type                                           91500
  dyld4::Loader::contains(dyld4::RuntimeState&, void const*, void const**, unsigned long long*, unsigned char*) const            96207
  pthread_cond_signal                                          102372
  pthread_rwlock_init                                          112963
  nanov2_size                                                  113205
  Diagnostics::assertNoError() const                           118415
  pthread_rwlock_destroy                                       120290
  os_unfair_lock_unlock                                        127501
  __open_nocancel                                              128250
  Diagnostics::~Diagnostics()                                  140374
  Diagnostics::Diagnostics(bool)                               147169
  get_legacy_evp_names                                         160124
  ossl_ctype_check                                             169415
  os_unfair_lock_lock_with_options                             173624
  invocation function for block in dyld3::MachOFile::getEntry(unsigned long long&, bool&) const           188417
  nanov2_pointer_size                                          194085
  EVP_MD_get_type                                              196293
  free                                                         202426
  nanov2_allocate_from_block                                   211500
  _Block_object_dispose                                        214417
  OPENSSL_hexchar2int                                          231585
  ossl_sa_set                                                  247257
  trim_ws                                                      277294
  invocation function for block in dyld4::JustInTimeLoader::contains(dyld4::RuntimeState&, void const*, void const**, unsigned lo           297042
  BUF_MEM_new                                                  303956
  strncmp                                                      311159
  names_free                                                   312998
  OBJ_get0_data                                                327579
  OPENSSL_LH_doall                                             328088
  OPENSSL_LH_flush                                             330999
  OSSL_PARAM_set_uint                                          339498
  ossl_provider_ctx                                            343291
  EVP_CIPHER_get_nid                                           366164
  ossl_lib_ctx_unlock                                          378080
  conf_value_cmp                                               378952
  OSSL_PARAM_locate_const                                      398834
  invocation function for block in dyld3::MachOLoaded::findClosestSymbol(unsigned long long, char const**, unsigned long long*) c           407376
  ossl_lib_ctx_read_lock                                       423791
  OPENSSL_LH_set_thunks                                        428327
  property_defn_cmp                                            436916
  ossl_cipher_generic_gettable_ctx_params                      446375
  evp_cipher_up_ref                                            452501
  property_defn_hash                                           463410
  ossl_provider_free                                           464374
  function_hash                                                472247
  value_free_hash                                              474377
  BN_free                                                      479829
  ossl_provider_up_ref                                         488625
  CRYPTO_realloc                                               492120
  OSSL_PARAM_set_uint32                                        498499
  ASN1_OBJECT_free                                             503668
  ossl_sa_get                                                  510826
  eat_alpha_numeric                                            512825
  OSSL_PARAM_construct_end                                     545412
  sa_free_node                                                 548627
  EVP_CIPHER_get0_provider                                     559878
  OSSL_PARAM_construct_uint                                    563537
  evp_cipher_free                                              575623
  do_all_fn                                                    586242
  EVP_CIPHER_free                                              624456
  ossl_provider_libctx                                         802734
  invocation function for block in dyld3::MachOLoaded::getLinkEditLoadCommands(Diagnostics&, dyld3::MachOLoaded::LinkEditInfo&) c           833798
  internal_free_nop                                            856777
  _platform_strncmp                                            871340
  name_string_free                                             887327
  OPENSSL_LH_error                                             923247
  OSSL_PARAM_set_size_t                                       1116552
  BUF_MEM_grow                                                1125836
  pthread_getspecific                                         1147247
  invocation function for block in dyld3::MachOFile::forEachSegment(void (dyld3::MachOFile::SegmentInfo const&, bool&) block_poin          1147415
  sk_reserve                                                  1157460
  _os_once                                                    1182878
  CRYPTO_THREAD_get_local                                     1275575
  _platform_memchr                                            1348615
  ossl_rcu_assign_uptr                                        1416965
  OSSL_PARAM_set_uint64                                       1504534
  names_lh_free_doall                                         1512840
  ossl_lib_ctx_get_data                                       1599826
  OSSL_PARAM_set_int                                          1618170
  _platform_strchr                                            1713918
  pthread_mutex_lock                                          1732090
  OSSL_PARAM_construct_size_t                                 1799121
  pthread_mutex_unlock                                        1835501
  _nanov2_free                                                1879909
  OPENSSL_sk_push                                             1980504
  _pthread_mutex_lock_init_slow                               1985294
  OPENSSL_sk_num                                              2000620
  _pthread_mutex_unlock_init_slow                             2102094
  _pthread_mutex_firstfit_lock_slow                           2202302
  _pthread_mutex_firstfit_unlock_slow                         2299539
  OPENSSL_sk_value                                            2318127
  OSSL_PARAM_set_int32                                        2421801
  obj_name_cmp                                                2495924
  OPENSSL_LH_strhash                                          2708170
  OSSL_PARAM_construct_int                                    2727070
  _platform_memcmp                                            2747051
  pthread_once                                                3041078
  OBJ_nid2obj                                                 3169836
  CRYPTO_atomic_load                                          3282494
  pthread_rwlock_rdlock                                       3299959
  SortFnByName                                                3419789
  ossl_lh_strcasehash                                         3692135
  __error                                                     3782461
  ossl_isdigit                                                4000499
  cipher_compare                                              4002860
  fnv1a_hash                                                  4428927
  _platform_memmove                                           6471444
  pthread_rwlock_wrlock                                       6635297
  pthread_rwlock_unlock                                       9936163
  err_string_data_cmp                                        10847334
  CRYPTO_free                                                12214298
  malloc                                                     13409734
  doapr_outch                                                15211364
  err_string_data_hash                                       16538132
  nanov2_malloc                                              18416767
  _platform_strlen                                           23181045
  _platform_memset                                           25398431
  nanov2_try_free_default                                    25772996
  _platform_strcmp                                           27784327
  ossl_tolower                                               59700187
