
  EVP_md5                                                        1792
  sigaction                                                      1792
  pd_free                                                        1833
  EVP_rc4_40                                                     1959
  EVP_sha224                                                     2000
  EVP_rc4                                                        2042
  UI_OpenSSL                                                     2042
  EVP_sha1                                                       2084
  EVP_bf_cbc                                                     2125
  EVP_bf_ofb                                                     2125
  EVP_des_ecb                                                    2125
  EVP_des_ede                                                    2125
  EVP_sha384                                                     2125
  EVP_sha512                                                     2125
  EVP_sm3                                                        2166
  EVP_sm4_ofb                                                    2167
  EVP_des_ofb                                                    2208
  EVP_idea_ofb                                                   2208
  UI_null                                                        2208
  EVP_rc2_ofb                                                    2209
  EVP_idea_cbc                                                   2250
  EVP_md4                                                        2250
  opt_unknown                                                    2250
  strchr                                                         2250
  EVP_md5_sha1                                                   2291
  EVP_des_cfb8                                                   2292
  EVP_rc2_cbc                                                    2292
  EVP_seed_cbc                                                   2333
  EVP_sha3_224                                                   2333
  EVP_sm4_cbc                                                    2333
  EVP_seed_ofb                                                   2334
  EVP_bf_ecb                                                     2375
  EVP_sha3_512                                                   2375
  EVP_des_cbc                                                    2416
  EVP_shake256                                                   2416
  EVP_chacha20                                                   2458
  EVP_des_cfb1                                                   2459
  EVP_sha512_256                                                 2459
  app_get0_propq                                                 2459
  EVP_aes_256_ofb                                                2500
  EVP_blake2s256                                                 2500
  EVP_mdc2                                                       2500
  EVP_ripemd160                                                  2500
  COMP_get_type                                                  2541
  EVP_aes_256_ctr                                                2541
  EVP_sm4_ctr                                                    2541
  EVP_MD_free                                                    2542
  EVP_aes_128_ccm                                                2542
  EVP_aes_128_xts                                                2542
  EVP_des_ede3                                                   2542
  EVP_rc2_ecb                                                    2542
  EVP_sha3_256                                                   2542
  EVP_sha3_384                                                   2542
  EVP_shake128                                                   2542
  EVP_sm4_ecb                                                    2542
  _cleanup                                                       2542
  EVP_des_ede_ofb                                                2583
  EVP_sha512_224                                                 2583
  EVP_bf_cfb64                                                   2584
  EVP_rc2_64_cbc                                                 2584
  EVP_aes_192_gcm                                                2625
  EVP_aes_256_cbc                                                2625
  EVP_aes_256_gcm                                                2625
  EVP_aes_256_xts                                                2625
  EVP_cast5_ofb                                                  2625
  EVP_whirlpool                                                  2625
  opt_next                                                       2625
  EVP_aes_192_cbc                                                2666
  EVP_aes_192_ecb                                                2666
  EVP_aria_192_ctr                                               2666
  EVP_aes_192_ccm                                                2667
  EVP_rc2_cfb64                                                  2667
  EVP_aes_128_cbc                                                2708
  EVP_idea_ecb                                                   2708
  EVP_rc2_40_cbc                                                 2708
  EVP_aes_192_cfb8                                               2709
  EVP_aes_192_ocb                                                2709
  EVP_aes_256_ocb                                                2709
  release_engine                                                 2709
  EVP_aes_192_cfb1                                               2750
  EVP_aes_256_wrap                                               2750
  EVP_aria_256_ctr                                               2750
  EVP_cast5_cbc                                                  2750
  EVP_cast5_cfb64                                                2750
  EVP_cast5_ecb                                                  2750
  EVP_des_cfb64                                                  2750
  lh_FUNCTION_free                                               2750
  EVP_aria_256_ecb                                               2791
  EVP_aes_256_ccm                                                2792
  EVP_aria_128_ecb                                               2792
  EVP_aria_192_ccm                                               2792
  EVP_aria_256_ccm                                               2792
  EVP_idea_cfb64                                                 2792
  EVP_aes_128_wrap                                               2833
  EVP_aes_192_ctr                                                2833
  EVP_aria_192_ofb                                               2833
  EVP_seed_cfb128                                                2833
  vm_deallocate                                                  2833
  EVP_aes_128_ofb                                                2834
  EVP_aes_256_cfb1                                               2834
  EVP_aes_256_ecb                                                2834
  EVP_aria_256_cbc                                               2834
  EVP_des_ede3_ofb                                               2834
  EVP_des_ede_cbc                                                2834
  ENGINE_set_id                                                  2875
  EVP_aes_128_ctr                                                2875
  EVP_aria_128_cbc                                               2875
  EVP_aria_192_cfb1                                              2875
  EVP_aria_256_ofb                                               2875
  EVP_des_ede3_cfb8                                              2875
  EVP_des_ede3_wrap                                              2875
  EVP_rc4_hmac_md5                                               2875
  ossl_trace_cleanup                                             2875
  query_hash                                                     2875
  EVP_blake2b512                                                 2916
  ENGINE_set_name                                                2917
  EVP_aria_128_ctr                                               2917
  EVP_aria_128_ofb                                               2917
  EVP_aria_192_cbc                                               2917
  EVP_des_ede3_cfb1                                              2917
  EVP_desx_cbc                                                   2917
  EVP_des_ede3_cbc                                               2958
  def_to_int                                                     2958
  EVP_aes_256_cfb8                                               2959
  BIO_f_cipher                                                   3000
  EVP_aes_128_gcm                                                3000
  EVP_aes_192_wrap                                               3000
  EVP_aes_256_cfb128                                             3000
  EVP_aria_192_cfb128                                            3000
  EVP_aria_192_gcm                                               3000
  EVP_aria_256_gcm                                               3000
  strrchr                                                        3000
  EVP_aria_192_ecb                                               3041
  EVP_aes_128_cfb8                                               3042
  EVP_aria_192_cfb8                                              3042
  EVP_aes_128_cfb1                                               3083
  EVP_aria_128_cfb8                                              3083
  EVP_des_ede3_cfb64                                             3083
  EVP_sm4_cfb128                                                 3083
  EVP_aria_256_cfb1                                              3084
  EVP_seed_ecb                                                   3084
  function_cmp                                                   3084
  EVP_aes_192_ofb                                                3125
  EVP_aria_128_ccm                                               3125
  EVP_aria_256_cfb8                                              3125
  EVP_camellia_192_cbc                                           3125
  EVP_des_ede_cfb64                                              3125
  OBJ_obj2txt                                                    3125
  NCONF_default                                                  3166
  EVP_aes_192_cfb128                                             3167
  EVP_aria_128_cfb128                                            3167
  getrlimit                                                      3167
  property_cmp                                                   3167
  signal                                                         3208
  EVP_aes_128_cfb128                                             3209
  EVP_aes_128_ocb                                                3250
  EVP_aes_256_wrap_pad                                           3250
  EVP_camellia_128_ofb                                           3250
  EVP_camellia_192_cfb8                                          3250
  EVP_camellia_256_cfb8                                          3250
  OSSL_LIB_CTX_get_data                                          3250
  UI_method_set_writer                                           3250
  __cxa_finalize                                                 3250
  EVP_aria_128_cfb1                                              3291
  EVP_camellia_256_ctr                                           3291
  EVP_aria_128_gcm                                               3292
  EVP_camellia_256_ofb                                           3292
  EVP_add_alg_module                                             3333
  EVP_camellia_128_cbc                                           3333
  EVP_camellia_128_ctr                                           3333
  ossl_comp_zstd_cleanup                                         3333
  COMP_zlib                                                      3334
  EVP_CIPHER_get_flags                                           3334
  EVP_camellia_192_ctr                                           3334
  EVP_aes_128_ecb                                                3375
  EVP_aes_128_wrap_pad                                           3375
  EVP_camellia_192_ecb                                           3375
  EVP_camellia_192_ofb                                           3375
  def_init_default                                               3375
  UI_method_set_closer                                           3416
  opt_set_unknown_name                                           3416
  EVP_camellia_192_cfb1                                          3417
  OSSL_PARAM_modified                                            3417
  UI_method_set_reader                                           3417
  ossl_store_cleanup_int                                         3417
  EVP_camellia_256_ecb                                           3458
  EVP_camellia_256_cbc                                           3459
  EVP_aria_256_cfb128                                            3500
  EVP_camellia_128_cfb8                                          3500
  EVP_camellia_256_cfb1                                          3500
  EVP_chacha20_poly1305                                          3500
  ENGINE_set_flags                                               3541
  UI_method_set_opener                                           3542
  __smakebuf                                                     3542
  bio_sock_cleanup_int                                           3542
  ossl_prov_ctx_free                                             3542
  OSSL_STORE_register_loader                                     3584
  init_thread_stop                                               3584
  EVP_aes_192_wrap_pad                                           3625
  EVP_camellia_192_cfb128                                        3625
  store_loader_cmp                                               3667
  EVP_camellia_128_cfb1                                          3709
  app_RAND_write                                                 3709
  ossl_prov_ctx_set0_handle                                      3709
  engine_load_rdrand_int                                         3750
  ossl_comp_brotli_cleanup                                       3750
  ossl_comp_zlib_cleanup                                         3750
  ASN1_add_oid_module                                            3792
  ASN1_add_stable_module                                         3792
  opt_check_rest_arg                                             3792
  pthread_self                                                   3792
  BIO_meth_set_ctrl                                              3833
  EVP_CipherUpdate                                               3833
  ossl_lib_ctx_write_lock                                        3833
  BIO_meth_set_gets                                              3875
  ENGINE_add_conf_module                                         3875
  EVP_CipherFinal_ex                                             3875
  EVP_camellia_128_ecb                                           3875
  free_medium                                                    3875
  dyld4::APIs::_tlv_exit()                                       3916
  BIO_meth_set_create                                            3958
  ERR_print_errors                                               3958
  EVP_CIPHER_fetch                                               3958
  EVP_camellia_128_cfb128                                        3958
  core_get_libctx                                                3958
  ossl_prov_ctx_set0_libctx                                      4000
  __getrlimit                                                    4041
  BIO_meth_set_puts                                              4042
  ossl_child_prov_ctx_new                                        4042
  ERR_get_error_all                                              4083
  EVP_camellia_256_cfb128                                        4083
  OSSL_LIB_CTX_free                                              4083
  evp_app_cleanup_int                                            4083
  NCONF_get0_libctx                                              4084
  BIO_meth_set_destroy                                           4166
  ENGINE_set_cmd_defns                                           4166
  ossl_stored_namemap_free                                       4166
  ossl_prov_ctx_new                                              4167
  null_gettable_ctx_params                                       4250
  EVP_CIPHER_get_iv_length                                       4334
  aes_v8_set_encrypt_key                                         4334
  CONF_imodule_get_value                                         4375
  CRYPTO_THREAD_get_current_id                                   4375
  close                                                          4375
  ossl_method_unlock_store                                       4375
  BIO_meth_set_read_ex                                           4416
  OSSL_CMP_log_close                                             4416
  __sigaction                                                    4417
  chacha20_gettable_ctx_params                                   4458
  ENGINE_set_ctrl_function                                       4459
  ossl_config_add_ssl_module                                     4459
  OSSL_ERR_STATE_new                                             4500
  OSSL_STORE_unregister_loader                                   4500
  aes_128_cfb_get_params                                         4500
  aes_192_cbc_get_params                                         4500
  chacha20_get_params                                            4500
  ossl_prov_ctx_get0_libctx                                      4500
  tiny_free_no_lock                                              4500
  aes_128_ofb_get_params                                         4541
  EVP_sha256                                                     4542
  aes_192_cfb_get_params                                         4542
  aes_192_ecb_get_params                                         4542
  aes_192_ofb_get_params                                         4542
  ossl_random_add_conf_module                                    4542
  EVP_PKEY_asn1_get_count                                        4583
  aes_256_ctr_get_params                                         4583
  ossl_lib_ctx_is_default                                        4583
  ossl_method_lock_store                                         4583
  aes_192_ctr_get_params                                         4584
  EVP_aes_256_cbc_hmac_sha1                                      4625
  aes_256_cbc_get_params                                         4625
  aes_256_siv_get_params                                         4625
  aes_v8_ctr32_encrypt_blocks                                    4625
  sm4_128_cbc_get_params                                         4625
  aria_256_ofb_get_params                                        4666
  BIO_meth_set_write_ex                                          4667
  aes_192_siv_get_params                                         4667
  aria_256_ctr_get_params                                        4667
  aes_128_cfb1_get_params                                        4708
  aes_128_cfb8_get_params                                        4708
  aes_128_xts_get_params                                         4708
  ossl_rand_cleanup_int                                          4708
  UI_method_set_prompt_constructor                               4709
  aes_128_ecb_get_params                                         4709
  aes_128_ocb_get_params                                         4709
  def_is_number                                                  4709
  tdes_ede3_cfb_get_params                                       4709
  BIO_free                                                       4750
  ENGINE_set_finish_function                                     4750
  OSSL_STORE_LOADER_set_eof                                      4750
  OSSL_trace_set_channel                                         4750
  aria_128_ofb_get_params                                        4750
  aria_256_cfb_get_params                                        4750
  ossl_bio_core_globals_free                                     4750
  ossl_bio_core_globals_new                                      4750
  sm4_128_ctr_get_params                                         4750
  aes_256_cfb_get_params                                         4791
  aria_192_cbc_get_params                                        4791
  aria_192_ctr_get_params                                        4791
  aria_192_ofb_get_params                                        4791
  aes_128_cbc_get_params                                         4792
  aes_192_cfb1_get_params                                        4792
  aria_128_cfb8_get_params                                       4792
  aria_128_gcm_get_params                                        4792
  aria_256_cbc_get_params                                        4792
  aria_256_cfb1_get_params                                       4792
  ossl_cipher_generic_reset_ctx                                  4792
  OSSL_STORE_LOADER_set_close                                    4833
  OSSL_STORE_LOADER_set_error                                    4833
  aes_128_ccm_get_params                                         4833
  aes_128_ctr_get_params                                         4833
  aes_128_gcm_get_params                                         4833
  aes_256_ofb_get_params                                         4833
  aria_128_cfb_get_params                                        4833
  aria_192_cfb1_get_params                                       4833
  tdes_ede2_cbc_get_params                                       4833
  aes_192_gcm_get_params                                         4834
  ENGINE_set_init_function                                       4875
  EVP_aes_256_cbc_hmac_sha256                                    4875
  aes_256_ccm_get_params                                         4875
  aes_256_gcm_get_params                                         4875
  aria_256_cfb8_get_params                                       4875
  ossl_ctx_global_properties_new                                 4875
  ossl_prov_ctx_set0_core_bio_method                             4875
  sm4_128_ofb128_get_params                                      4875
  tdes_ede2_ecb_get_params                                       4875
  aes_192_cfb8_get_params                                        4916
  aes_192_ocb_get_params                                         4916
  aes_cts_192_cbc_get_params                                     4916
  aria_128_ecb_get_params                                        4916
  aria_192_ecb_get_params                                        4916
  sm4_128_cfb128_get_params                                      4916
  aes_256_cfb1_get_params                                        4917
  aria_128_cbc_get_params                                        4917
  aria_128_ccm_get_params                                        4917
  aria_128_cfb1_get_params                                       4917
  aria_192_cfb_get_params                                        4917
  pthread_cond_destroy                                           4917
  OSSL_STORE_LOADER_set_load                                     4958
  aes_256_cfb8_get_params                                        4958
  sm4_128_ecb_get_params                                         4958
  ENGINE_load_builtin_engines                                    4959
  OSSL_STORE_LOADER_set_open                                     4959
  aria_192_gcm_get_params                                        4959
  aes_128_siv_get_params                                         5000
  aes_128_wrap_get_params                                        5000
  aes_256_wrap_get_params                                        5000
  aes_256_xts_get_params                                         5000
  aes_cts_128_cbc_get_params                                     5000
  ossl_prov_cipher_hw_aes_ctr                                    5000
  ossl_provider_add_conf_module                                  5000
  ossl_store_register_init                                       5000
  sm4_128_xts_get_params                                         5000
  tdes_ede3_cbc_get_params                                       5000
  aes_192_ccm_get_params                                         5041
  Diagnostics::clearError()                                      5042
  aria_192_ccm_get_params                                        5042
  aria_192_cfb8_get_params                                       5042
  aria_256_ecb_get_params                                        5042
  engine_pkey_meths_free                                         5042
  sm4_128_gcm_get_params                                         5042
  tdes_ede3_cfb1_get_params                                      5042
  EVP_aes_128_cbc_hmac_sha1                                      5083
  aes_128_wrappad_get_params                                     5083
  ossl_property_match_count                                      5083
  ossl_self_test_set_callback_new                                5083
  sm4_128_ccm_get_params                                         5083
  tdes_wrap_get_params                                           5083
  aria_256_gcm_get_params                                        5084
  aes_256_ocb_get_params                                         5125
  aes_256_wrappad_get_params                                     5125
  OSSL_STORE_LOADER_free                                         5166
  EVP_CIPHER_get_key_length                                      5167
  aes_192_wrap_get_params                                        5167
  aes_192_wrappad_get_params                                     5167
  aes_cts_256_cbc_get_params                                     5167
  tdes_ede2_ofb_get_params                                       5167
  tdes_ede3_ofb_get_params                                       5167
  ENGINE_get_cipher_engine                                       5208
  aria_256_ccm_get_params                                        5208
  camellia_128_cfb_get_params                                    5208
  camellia_256_ctr_get_params                                    5208
  engine_remove_dynamic_id                                       5208
  aria_128_ctr_get_params                                        5209
  camellia_192_ctr_get_params                                    5209
  memset                                                         5209
  tdes_ede3_cfb8_get_params                                      5209
  OSSL_STORE_LOADER_set_expect                                   5250
  __fcntl                                                        5250
  aes_192_wrapinv_get_params                                     5250
  aes_256_ecb_get_params                                         5250
  aes_256_wrapinv_get_params                                     5250
  camellia_128_cbc_get_params                                    5250
  camellia_128_ecb_get_params                                    5250
  EVP_aes_128_cbc_hmac_sha256                                    5291
  ossl_indicator_set_callback_new                                5292
  tdes_ede2_cfb_get_params                                       5292
  camellia_192_cfb1_get_params                                   5333
  camellia_192_ofb_get_params                                    5333
  camellia_256_cfb1_get_params                                   5333
  aes_128_wrappadinv_get_params                                  5334
  camellia_256_cbc_get_params                                    5334
  camellia_256_ofb_get_params                                    5334
  ossl_free_compression_methods_int                              5334
  aes_192_wrappadinv_get_params                                  5375
  aes_256_wrappadinv_get_params                                  5375
  camellia_128_cfb1_get_params                                   5375
  camellia_128_ctr_get_params                                    5375
  camellia_256_cfb_get_params                                    5375
  ossl_indicator_set_callback_free                               5375
  ossl_property_has_optional                                     5375
  ossl_self_test_set_callback_free                               5416
  camellia_192_cfb8_get_params                                   5458
  ossl_init_thread_deregister                                    5458
  OSSL_PARAM_get_int                                             5459
  aes_128_wrapinv_get_params                                     5459
  camellia_128_cfb8_get_params                                   5500
  camellia_192_cfb_get_params                                    5500
  camellia_192_ecb_get_params                                    5500
  camellia_cts_192_cbc_get_params                                5500
  medium_region_for_ptr_no_lock                                  5500
  camellia_128_ofb_get_params                                    5542
  camellia_192_cbc_get_params                                    5542
  camellia_256_cfb8_get_params                                   5583
  chacha20_poly1305_get_params                                   5625
  ossl_provider_unquery_operation                                5625
  camellia_256_ecb_get_params                                    5708
  lsl::Lock::unlock()                                            5708
  tdes_ede3_ecb_get_params                                       5708
  tiny_malloc_from_free_list                                     5708
  engine_pkey_asn1_meths_free                                    5709
  getegid                                                        5750
  camellia_cts_256_cbc_get_params                                5792
  chacha20_poly1305_gettable_ctx_params                          5833
  OSSL_LIB_CTX_set_conf_diagnostics                              5834
  ossl_aes_256_gcm_siv_get_params                                5834
  EVP_CIPHER_CTX_get_block_size                                  5875
  opt_arg                                                        5875
  OPENSSL_sk_sort                                                5958
  medium_malloc_from_free_list                                   6000
  ossl_prov_ctx_get0_core_bio_method                             6000
  ossl_aes_192_gcm_siv_get_params                                6041
  camellia_cts_128_cbc_get_params                                6083
  OPENSSL_cpuid_setup                                            6084
  BIO_set_data                                                   6208
  ossl_aes_128_gcm_siv_get_params                                6250
  app_get0_libctx                                                6333
  ossl_prov_bio_from_dispatch                                    6375
  ossl_prov_seeding_from_dispatch                                6417
  EVP_RAND_CTX_free                                              6459
  EVP_CIPHER_get_mode                                            6541
  getuid                                                         6624
  dyld4::RuntimeState::notifyObjCPatching()                      6625
  geteuid                                                        6625
  dyld3::kdebug_trace_dyld_enabled(unsigned int)                 6708
  OSSL_PARAM_get_int32                                           6750
  dyld4::Loader::hiddenFromFlat(bool) const                      6750
  BIO_next                                                       7167
  _kernelrpc_mach_port_deallocate_trap                           7250
  bio_open_default                                               7374
  _platform_strnlen                                              7416
  dyld4::handleFromLoader(dyld4::Loader const*, bool)             7416
  EVP_CipherInit_ex                                              7417
  getgid                                                         7417
  _kernelrpc_mach_port_construct_trap                            7667
  ENGINE_register_EC                                             7749
  dyld4::BumpAllocator::~BumpAllocator()                         7792
  ENGINE_register_DH                                             7875
  dyld4::JustInTimeLoader::hiddenFromFlat(bool) const             7958
  OPENSSL_sk_pop                                                 8001
  store_loader_hash                                              8001
  err_unshelve_state                                             8083
  openssl_fopen                                                  8083
  file_ctrl                                                      8209
  ENGINE_register_RSA                                            8250
  BIO_copy_next_retry                                            8292
  ENGINE_register_RAND                                           8375
  __sclose                                                       8375
  dyld4::Loader::beginInitializers(dyld4::RuntimeState&)             8416
  lsl::EphemeralAllocator::reset()                               8541
  X509_get_default_cert_area                                     8625
  dyld4::RuntimeState::incDlRefCount(dyld4::Loader const*)             8833
  strlen                                                         8917
  ossl_lib_ctx_get_concrete                                      8958
  flsl                                                           8959
  lsl::Vector<dyld4::Loader const*>::reserveExact(unsigned long)             9084
  BIO_set_init                                                   9208
  ENGINE_register_digests                                        9292
  ENGINE_register_ciphers                                        9375
  __sflags                                                       9416
  BIO_set_flags                                                  9458
  ossl_sa_new                                                    9541
  DSO_METHOD_openssl                                             9584
  dyld4::JustInTimeLoader::beginInitializers(dyld4::RuntimeState&)             9625
  ossl_cipher_generic_einit                                      9709
  ENGINE_register_pkey_meths                                     9959
  ossl_property_free                                            10125
  ENGINE_register_DSA                                           10166
  OSSL_LIB_CTX_get_conf_diagnostics                             10459
  CRYPTO_atomic_or                                              10541
  ossl_cipher_generic_set_ctx_params                            10584
  lsl::Vector<lsl::MemoryManager::Buffer>::reserve(unsigned long)            10709
  ENGINE_register_pkey_asn1_meths                               11042
  NCONF_get_section                                             11291
  ossl_lib_ctx_get_ex_data_global                               11458
  ossl_lib_ctx_get_rcukey                                       11708
  engine_free_util                                              11709
  OPENSSL_cleanse                                               11916
  fstat                                                         12125
  free_small                                                    12166
  ossl_sa_doall_arg                                             12168
  dyld4::RuntimeState::doSingletonPatching(dyld4::DyldCacheDataConstLazyScopedWriter&)            12250
  ossl_property_value                                           12333
  aes_siv_gettable_ctx_params                                   12417
  ossl_cipher_capable_aes_cbc_hmac_sha256                       13001
  EVP_add_cipher                                                13126
  _kernelrpc_mach_vm_deallocate_trap                            13292
  __bzero                                                       13625
  cipher_ocb_gettable_ctx_params                                13834
  dyld4::DyldCacheDataConstLazyScopedWriter::DyldCacheDataConstLazyScopedWriter(dyld4::RuntimeState&)            13959
  dyld4::Loader::loadDependents(Diagnostics&, dyld4::RuntimeState&, dyld4::Loader::LoadOptions const&)            14000
  aes_cbc_cts_gettable_ctx_params                               14124
  BIO_clear_flags                                               14250
  small_free_list_remove_ptr                                    14709
  dyld4::Loader::path() const                                   14916
  lsl::EphemeralAllocator::~EphemeralAllocator()                14959
  DSO_free                                                      14999
  BIO_get_data                                                  15208
  _NSGetEnviron                                                 15208
  ossl_cipher_capable_aes_cbc_hmac_sha1                         15250
  dyld4::JustInTimeLoader::loadDependents(Diagnostics&, dyld4::RuntimeState&, dyld4::Loader::LoadOptions const&)            15291
  sa_doall                                                      15500
  small_free_list_find_by_ptr                                   15750
  CRYPTO_atomic_add                                             16042
  camellia_cbc_cts_gettable_ctx_params                          16083
  ossl_aes_gcm_siv_gettable_ctx_params                          16085
  __sflush                                                      16166
  _kernelrpc_mach_port_destruct_trap                            16334
  file_new                                                      16541
  os_unfair_recursive_lock_unlock                               16791
  dyld3::MachOFile::is64() const                                16875
  file_free                                                     16916
  ossl_prov_is_running                                          17208
  rack_region_insert                                            17251
  invocation function for block in dyld4::Loader::forEachPath(Diagnostics&, dyld4::RuntimeState&, char const*, dyld4::Loader::Loa            17541
  lsl::Lock::lock()                                             17625
  dyld4::JustInTimeLoader::path() const                         18125
  pthread_mutex_destroy                                         18167
  small_free_list_remove_ptr_no_clear                           18208
  OPENSSL_LH_get_down_load                                      18292
  kdebug_is_enabled                                             18874
  CRYPTO_THREAD_lock_free                                       18959
  small_try_realloc_in_place                                    20209
  mach_msg2_trap                                                20584
  BIO_new                                                       20625
  pthread_cond_init                                             20667
  __chkstk_darwin_probe                                         20791
  dyld4::LibSystemHelpers::pthread_getspecific(unsigned long) const            20792
  os_unfair_recursive_lock_lock_with_options                    20834
  property_free                                                 21083
  dyld4::Loader::matchesPath(char const*) const                 21209
  os_unfair_lock_assert_not_owner                               21835
  lsl::EphemeralAllocator::deallocate_buffer(lsl::MemoryManager::Buffer)            22124
  small_size                                                    22291
  ___chkstk_darwin                                              22332
  dyld4::ProcessConfig::DyldCache::indexOfPath(char const*, unsigned int&) const            23250
  dyld4::Loader::loadAddress(dyld4::RuntimeState&) const            25500
  FMT_istext                                                    26333
  pthread_mutex_init                                            26377
  ossl_property_name                                            26875
  __findenv_locked                                              27251
  dyld3::ScopedTimer::endTimer()                                27708
  lsl::MemoryManager::lockGuard()                               27791
  OPENSSL_strnlen                                               29000
  dyld4::JustInTimeLoader::loadAddress(dyld4::RuntimeState&) const            29125
  OPENSSL_sk_delete                                             29251
  small_free_list_add_ptr                                       33416
  lsl::AllocationMetadata::AllocationMetadata(lsl::Allocator*, unsigned long)            34874
  OPENSSL_LH_set_down_load                                      35831
  __open                                                        37083
  _pthread_mutex_check_init_slow                                37291
  CRYPTO_new_ex_data                                            38041
  _kernelrpc_mach_vm_map_trap                                   39375
  dyld4::LibSystemHelpers::os_unfair_recursive_lock_unlock(os_unfair_recursive_lock_s*) const            39583
  szone_good_size                                               39791
  Diagnostics::hasError() const                                 40583
  OPENSSL_sk_free                                               40751
  dyld4::LibSystemHelpers::os_unfair_lock_unlock(os_unfair_lock_s*) const            41166
  __read_nocancel                                               42750
  ossl_rcu_write_lock                                           43584
  Diagnostics::noError() const                                  44458
  EVP_PKEY_asn1_get0                                            44542
  ossl_rcu_write_unlock                                         46498
  pthread_setspecific                                           47539
  ossl_tdes_gettable_ctx_params                                 48126
  tiny_free_list_remove_ptr                                     48291
  dyld4::RuntimeState::PermanentRanges::contains(unsigned long, unsigned long, unsigned char*, dyld4::Loader const**) const            51000
  small_malloc_from_free_list                                   51416
  dyld3::MachOFile::read_uleb128(Diagnostics&, unsigned char const*&, unsigned char const*)            51833
  dyld4::LibSystemHelpers::os_unfair_recursive_lock_lock_with_options(os_unfair_recursive_lock_s*, os_unfair_lock_options_t) cons            52374
  __write_nocancel                                              52624
  get_tiny_previous_free_msize                                  53376
  EVP_PKEY_asn1_get0_info                                       56081
  szone_malloc                                                  56377
  pthread_cond_broadcast                                        57711
  tiny_size                                                     60417
  madvise                                                       60831
  dyld4::LibSystemHelpers::os_unfair_lock_lock_with_options(os_unfair_lock_s*, os_unfair_lock_options_t) const            60834
  _tiny_check_and_zero_inline_meta_from_freelist                61166
  realloc                                                       61830
  lsl::EphemeralAllocator::allocate_buffer(unsigned long, unsigned long, unsigned long)            65375
  _qsort                                                        66001
  set_tiny_meta_header_in_use                                   66915
  _szone_free                                                   70207
  __close_nocancel                                              72376
  OPENSSL_sk_pop_free                                           73375
  ossl_cipher_aead_gettable_ctx_params                          73624
  deflt_query                                                   74584
  tiny_free_list_add_ptr                                        75209
  strcmp                                                        76128
  szone_try_free_default                                        79749
  rack_get_thread_index                                         80624
  invocation function for block in dyld3::MachOFile::getDylibInstallName(char const**, unsigned int*, unsigned int*) const            80875
  os_unfair_lock_assert_owner                                   82125
  dyld3::kdebug_trace_dyld_duration_end(unsigned long long, unsigned int, dyld3::kt_arg, dyld3::kt_arg, dyld3::kt_arg)            84167
  property_hash                                                 85084
  EVP_CIPHER_get_type                                           91916
  dyld3::OverflowSafeArray<unsigned int, 4294967295ul>::verifySpace(unsigned long)            92042
  dyld4::Loader::contains(dyld4::RuntimeState&, void const*, void const**, unsigned long long*, unsigned char*) const            95458
  pthread_cond_signal                                          107753
  Diagnostics::assertNoError() const                           112127
  nanov2_size                                                  114623
  pthread_rwlock_init                                          123751
  pthread_rwlock_destroy                                       129919
  os_unfair_lock_unlock                                        132416
  Diagnostics::Diagnostics(bool)                               146956
  Diagnostics::~Diagnostics()                                  154503
  __open_nocancel                                              163000
  get_legacy_evp_names                                         164006
  ossl_ctype_check                                             174625
  os_unfair_lock_lock_with_options                             176336
  invocation function for block in dyld3::MachOFile::getEntry(unsigned long long&, bool&) const           194377
  nanov2_pointer_size                                          196959
  EVP_MD_get_type                                              200581
  free                                                         207043
  _Block_object_dispose                                        215127
  OPENSSL_hexchar2int                                          239667
  ossl_sa_set                                                  256499
  strncmp                                                      265519
  nanov2_allocate_from_block                                   272999
  trim_ws                                                      277661
  invocation function for block in dyld4::JustInTimeLoader::contains(dyld4::RuntimeState&, void const*, void const**, unsigned lo           290834
  BUF_MEM_new                                                  305796
  names_free                                                   321628
  OBJ_get0_data                                                337958
  OPENSSL_LH_flush                                             341620
  OPENSSL_LH_doall                                             342088
  OSSL_PARAM_set_uint                                          351707
  ossl_provider_ctx                                            357087
  EVP_CIPHER_get_nid                                           378125
  conf_value_cmp                                               382328
  ossl_lib_ctx_unlock                                          390383
  invocation function for block in dyld3::MachOLoaded::findClosestSymbol(unsigned long long, char const**, unsigned long long*) c           403539
  OSSL_PARAM_locate_const                                      412294
  ossl_lib_ctx_read_lock                                       438623
  OPENSSL_LH_set_thunks                                        444577
  property_defn_cmp                                            457246
  ossl_cipher_generic_gettable_ctx_params                      461503
  evp_cipher_up_ref                                            466205
  function_hash                                                475258
  property_defn_hash                                           475713
  ossl_provider_free                                           480874
  value_free_hash                                              488173
  BN_free                                                      489630
  CRYPTO_realloc                                               493125
  ossl_provider_up_ref                                         508630
  OSSL_PARAM_set_uint32                                        517336
  ASN1_OBJECT_free                                             519341
  eat_alpha_numeric                                            523255
  ossl_sa_get                                                  530118
  sa_free_node                                                 563580
  OSSL_PARAM_construct_end                                     566208
  EVP_CIPHER_get0_provider                                     575336
  OSSL_PARAM_construct_uint                                    584208
  do_all_fn                                                    597043
  evp_cipher_free                                              597779
  EVP_CIPHER_free                                              684002
  invocation function for block in dyld3::MachOLoaded::getLinkEditLoadCommands(Diagnostics&, dyld3::MachOLoaded::LinkEditInfo&) c           824917
  ossl_provider_libctx                                         828574
  internal_free_nop                                            874835
  _platform_strncmp                                            880790
  _os_once                                                     919952
  name_string_free                                             921038
  OPENSSL_LH_error                                             939074
  invocation function for block in dyld3::MachOFile::forEachSegment(void (dyld3::MachOFile::SegmentInfo const&, bool&) block_poin          1107004
  BUF_MEM_grow                                                1164387
  OSSL_PARAM_set_size_t                                       1167638
  pthread_getspecific                                         1186249
  sk_reserve                                                  1188341
  CRYPTO_THREAD_get_local                                     1320988
  _platform_memchr                                            1373839
  ossl_rcu_assign_uptr                                        1450954
  OSSL_PARAM_set_uint64                                       1566126
  names_lh_free_doall                                         1568096
  ossl_lib_ctx_get_data                                       1652153
  OSSL_PARAM_set_int                                          1667579
  pthread_mutex_lock                                          1759589
  _platform_strchr                                            1775368
  OSSL_PARAM_construct_size_t                                 1864591
  pthread_mutex_unlock                                        1879831
  _nanov2_free                                                1953214
  _pthread_mutex_lock_init_slow                               2029079
  OPENSSL_sk_push                                             2047850
  OPENSSL_sk_num                                              2059847
  _pthread_mutex_unlock_init_slow                             2156538
  _pthread_mutex_firstfit_lock_slow                           2247918
  _pthread_mutex_firstfit_unlock_slow                         2336751
  OPENSSL_sk_value                                            2377524
  OSSL_PARAM_set_int32                                        2525350
  obj_name_cmp                                                2552795
  OPENSSL_LH_strhash                                          2733668
  _platform_memcmp                                            2835420
  OSSL_PARAM_construct_int                                    2842587
  SortFnByName                                                3371835
  CRYPTO_atomic_load                                          3396633
  pthread_rwlock_rdlock                                       3411127
  pthread_once                                                3504791
  OBJ_nid2obj                                                 3532381
  ossl_lh_strcasehash                                         3771284
  __error                                                     3874601
  ossl_isdigit                                                4092635
  cipher_compare                                              4106486
  fnv1a_hash                                                  4550335
  _platform_memmove                                           6650390
  pthread_rwlock_wrlock                                       6836344
  pthread_rwlock_unlock                                      10217024
  err_string_data_cmp                                        10975795
  CRYPTO_free                                                12544309
  malloc                                                     13607074
  doapr_outch                                                15489193
  err_string_data_hash                                       16755115
  nanov2_malloc                                              18868142
  _platform_strlen                                           23683192
  _platform_memset                                           26096600
  nanov2_try_free_default                                    26620220
  _platform_strcmp                                           28703027
  ossl_tolower                                               61379916
