
  EVP_md5                                                        1750
  pd_free                                                        1750
  sigaction                                                      1833
  EVP_bf_ofb                                                     1917
  EVP_des_ecb                                                    1958
  UI_OpenSSL                                                     2000
  EVP_idea_ofb                                                   2041
  EVP_sha1                                                       2041
  EVP_md4                                                        2042
  EVP_rc4_40                                                     2042
  EVP_rc4                                                        2083
  EVP_sha224                                                     2083
  EVP_des_ofb                                                    2084
  EVP_rc2_ofb                                                    2125
  EVP_sha384                                                     2125
  EVP_sm3                                                        2125
  EVP_sm4_cbc                                                    2125
  EVP_seed_ofb                                                   2166
  EVP_des_ede                                                    2167
  opt_unknown                                                    2167
  EVP_sm4_ecb                                                    2208
  EVP_sm4_ofb                                                    2208
  EVP_rc2_cbc                                                    2209
  UI_null                                                        2209
  EVP_bf_cbc                                                     2250
  EVP_des_cbc                                                    2250
  EVP_cast5_ofb                                                  2292
  EVP_des_cfb8                                                   2292
  EVP_idea_cbc                                                   2292
  EVP_sha3_224                                                   2292
  EVP_sha3_512                                                   2292
  strchr                                                         2292
  _cleanup                                                       2333
  EVP_seed_cbc                                                   2375
  EVP_sha512                                                     2375
  EVP_sha512_224                                                 2416
  EVP_cast5_cbc                                                  2417
  EVP_des_ede3                                                   2417
  EVP_md5_sha1                                                   2417
  EVP_mdc2                                                       2458
  EVP_sha512_256                                                 2459
  EVP_shake256                                                   2459
  EVP_aes_128_cbc                                                2500
  EVP_aes_192_ccm                                                2500
  EVP_aes_256_xts                                                2500
  EVP_rc2_64_cbc                                                 2500
  EVP_sha3_384                                                   2500
  EVP_aes_192_gcm                                                2541
  EVP_aria_192_cbc                                               2541
  EVP_desx_cbc                                                   2541
  COMP_get_type                                                  2542
  EVP_aes_192_cbc                                                2542
  EVP_aes_192_ocb                                                2542
  EVP_aes_256_cbc                                                2542
  EVP_aes_256_ofb                                                2542
  EVP_bf_ecb                                                     2542
  EVP_chacha20                                                   2542
  EVP_des_cfb1                                                   2542
  EVP_des_ede_ofb                                                2542
  EVP_idea_ecb                                                   2542
  EVP_rc2_ecb                                                    2542
  EVP_shake128                                                   2542
  EVP_sm4_ctr                                                    2542
  release_engine                                                 2542
  EVP_aes_128_ctr                                                2583
  EVP_aes_192_ecb                                                2583
  EVP_bf_cfb64                                                   2583
  EVP_des_ede_cbc                                                2583
  app_get0_propq                                                 2583
  opt_next                                                       2583
  EVP_MD_free                                                    2584
  EVP_aria_256_gcm                                               2584
  EVP_rc2_40_cbc                                                 2584
  EVP_aes_256_cfb1                                               2625
  EVP_aes_256_gcm                                                2625
  EVP_aria_256_cbc                                               2625
  EVP_aria_256_ccm                                               2625
  EVP_des_ede3_ofb                                               2625
  EVP_ripemd160                                                  2625
  EVP_aes_128_cfb1                                               2666
  EVP_aes_192_ofb                                                2666
  ENGINE_set_id                                                  2667
  EVP_aes_256_ctr                                                2667
  EVP_aes_256_ocb                                                2667
  EVP_aria_256_ctr                                               2667
  EVP_rc2_cfb64                                                  2667
  EVP_sha3_256                                                   2667
  vm_deallocate                                                  2667
  EVP_aes_128_ccm                                                2708
  EVP_aes_192_cfb1                                               2708
  EVP_aes_256_ccm                                                2708
  EVP_aes_256_wrap                                               2708
  EVP_aria_256_ofb                                               2708
  EVP_aria_192_ctr                                               2709
  EVP_aria_256_ecb                                               2709
  EVP_blake2s256                                                 2709
  EVP_seed_ecb                                                   2709
  ENGINE_set_name                                                2750
  EVP_aes_128_xts                                                2750
  EVP_aes_192_cfb8                                               2750
  EVP_aria_128_ctr                                               2750
  EVP_aria_128_ofb                                               2750
  EVP_aria_192_gcm                                               2750
  EVP_aria_256_cfb8                                              2791
  EVP_aes_128_ofb                                                2792
  EVP_aes_192_wrap                                               2792
  EVP_aria_192_ofb                                               2792
  EVP_blake2b512                                                 2792
  EVP_des_ede3_cbc                                               2792
  EVP_whirlpool                                                  2792
  EVP_aes_256_ecb                                                2833
  EVP_aria_128_cbc                                               2833
  EVP_aria_192_ccm                                               2833
  EVP_aria_256_cfb1                                              2833
  signal                                                         2833
  EVP_aes_128_wrap                                               2834
  EVP_idea_cfb64                                                 2834
  NCONF_default                                                  2834
  def_to_int                                                     2834
  EVP_aria_128_ecb                                               2875
  EVP_cast5_cfb64                                                2875
  EVP_cast5_ecb                                                  2875
  EVP_des_ede3_cfb1                                              2875
  EVP_des_ede3_cfb8                                              2875
  EVP_rc4_hmac_md5                                               2875
  lh_FUNCTION_free                                               2875
  ossl_trace_cleanup                                             2875
  strrchr                                                        2875
  EVP_aes_128_gcm                                                2916
  EVP_des_ede3_wrap                                              2916
  EVP_aes_128_ocb                                                2917
  EVP_aria_192_cfb1                                              2917
  EVP_aria_192_cfb8                                              2917
  EVP_sm4_cfb128                                                 2917
  OBJ_obj2txt                                                    2917
  EVP_aria_128_ccm                                               2958
  EVP_aria_256_cfb128                                            2958
  EVP_seed_cfb128                                                2958
  getrlimit                                                      2958
  query_hash                                                     2958
  BIO_f_cipher                                                   3000
  EVP_aes_128_cfb128                                             3000
  EVP_aes_192_ctr                                                3000
  EVP_des_ede_cfb64                                              3000
  property_cmp                                                   3041
  EVP_aria_128_cfb1                                              3042
  EVP_aria_192_ecb                                               3042
  def_init_default                                               3042
  EVP_aes_128_cfb8                                               3083
  EVP_aes_128_ecb                                                3083
  EVP_aes_192_cfb128                                             3083
  EVP_camellia_192_ctr                                           3083
  EVP_aes_256_cfb128                                             3125
  EVP_aria_128_cfb8                                              3125
  EVP_camellia_128_ofb                                           3125
  EVP_camellia_256_cbc                                           3125
  EVP_des_cfb64                                                  3125
  function_cmp                                                   3125
  EVP_camellia_128_ctr                                           3166
  EVP_aes_256_cfb8                                               3167
  EVP_camellia_192_cbc                                           3167
  EVP_camellia_256_ecb                                           3167
  EVP_camellia_256_ofb                                           3208
  UI_method_set_writer                                           3208
  __cxa_finalize                                                 3208
  ossl_comp_zstd_cleanup                                         3208
  EVP_aria_128_cfb128                                            3250
  EVP_aria_192_cfb128                                            3250
  EVP_camellia_192_cfb8                                          3250
  EVP_aes_256_wrap_pad                                           3291
  EVP_add_alg_module                                             3292
  EVP_camellia_192_cfb1                                          3292
  EVP_camellia_192_ofb                                           3292
  EVP_camellia_256_cfb8                                          3292
  OSSL_PARAM_modified                                            3292
  EVP_camellia_256_cfb1                                          3333
  OSSL_LIB_CTX_get_data                                          3333
  bio_sock_cleanup_int                                           3333
  ossl_store_cleanup_int                                         3334
  EVP_aes_128_wrap_pad                                           3375
  EVP_aria_128_gcm                                               3375
  UI_method_set_opener                                           3416
  EVP_camellia_128_cfb8                                          3417
  EVP_camellia_192_ecb                                           3417
  __smakebuf                                                     3417
  EVP_aes_192_wrap_pad                                           3458
  EVP_camellia_128_cbc                                           3458
  EVP_chacha20_poly1305                                          3458
  UI_method_set_closer                                           3458
  UI_method_set_reader                                           3458
  ENGINE_set_flags                                               3500
  EVP_des_ede3_cfb64                                             3500
  ossl_prov_ctx_free                                             3500
  ossl_comp_brotli_cleanup                                       3541
  OSSL_STORE_register_loader                                     3542
  opt_set_unknown_name                                           3542
  EVP_camellia_128_cfb1                                          3583
  app_RAND_write                                                 3583
  init_thread_stop                                               3583
  ASN1_add_stable_module                                         3584
  tiny_free_no_lock                                              3625
  EVP_CipherUpdate                                               3666
  EVP_camellia_256_cfb128                                        3666
  EVP_camellia_256_ctr                                           3666
  free_medium                                                    3666
  ossl_lib_ctx_write_lock                                        3666
  store_loader_cmp                                               3666
  ASN1_add_oid_module                                            3667
  BIO_meth_set_gets                                              3708
  ossl_comp_zlib_cleanup                                         3708
  BIO_meth_set_ctrl                                              3709
  ERR_print_errors                                               3709
  evp_app_cleanup_int                                            3709
  EVP_camellia_128_cfb128                                        3750
  EVP_camellia_192_cfb128                                        3750
  ossl_method_unlock_store                                       3750
  NCONF_get0_libctx                                              3792
  ossl_prov_ctx_set0_handle                                      3792
  pthread_self                                                   3792
  BIO_meth_set_create                                            3833
  ERR_get_error_all                                              3833
  EVP_CipherFinal_ex                                             3833
  EVP_camellia_128_ecb                                           3833
  ossl_prov_ctx_new                                              3833
  opt_check_rest_arg                                             3834
  EVP_CIPHER_fetch                                               3875
  EVP_CIPHER_get_flags                                           3875
  core_get_libctx                                                3875
  engine_load_rdrand_int                                         3875
  BIO_meth_set_puts                                              3917
  ENGINE_set_cmd_defns                                           3958
  ossl_prov_ctx_get0_libctx                                      4000
  COMP_zlib                                                      4041
  ENGINE_add_conf_module                                         4042
  BIO_meth_set_destroy                                           4083
  CRYPTO_THREAD_get_current_id                                   4083
  ossl_config_add_ssl_module                                     4083
  ossl_child_prov_ctx_new                                        4084
  dyld4::APIs::_tlv_exit()                                       4125
  OSSL_LIB_CTX_free                                              4166
  ossl_stored_namemap_free                                       4167
  null_gettable_ctx_params                                       4208
  ossl_prov_ctx_set0_libctx                                      4208
  BIO_meth_set_read_ex                                           4250
  EVP_CIPHER_get_iv_length                                       4250
  aes_128_cbc_get_params                                         4250
  aes_192_cfb_get_params                                         4291
  aes_192_ecb_get_params                                         4292
  aes_v8_set_encrypt_key                                         4292
  OSSL_CMP_log_close                                             4333
  aes_256_cbc_get_params                                         4333
  close                                                          4333
  ossl_cipher_generic_reset_ctx                                  4333
  ossl_lib_ctx_is_default                                        4333
  CONF_imodule_get_value                                         4375
  aes_128_ocb_get_params                                         4375
  aes_256_cfb_get_params                                         4375
  ossl_method_lock_store                                         4375
  ENGINE_set_ctrl_function                                       4416
  EVP_PKEY_asn1_get_count                                        4417
  aes_128_ctr_get_params                                         4417
  aes_256_ctr_get_params                                         4417
  chacha20_get_params                                            4417
  ENGINE_set_init_function                                       4458
  aes_128_cfb_get_params                                         4458
  aes_128_ofb_get_params                                         4458
  aes_256_ofb_get_params                                         4458
  aria_128_ecb_get_params                                        4458
  aria_192_cbc_get_params                                        4458
  aria_192_ctr_get_params                                        4459
  aria_256_ctr_get_params                                        4459
  OSSL_ERR_STATE_new                                             4500
  OSSL_STORE_LOADER_set_eof                                      4500
  aria_256_ofb_get_params                                        4500
  ossl_bio_core_globals_free                                     4500
  EVP_sha256                                                     4501
  BIO_free                                                       4541
  aes_128_cfb1_get_params                                        4541
  aes_192_cfb1_get_params                                        4541
  EVP_aes_256_cbc_hmac_sha1                                      4542
  OSSL_STORE_unregister_loader                                   4542
  aes_128_gcm_get_params                                         4542
  aes_192_ctr_get_params                                         4542
  aes_256_ccm_get_params                                         4542
  aria_192_ecb_get_params                                        4542
  aria_256_cbc_get_params                                        4542
  chacha20_gettable_ctx_params                                   4542
  BIO_meth_set_write_ex                                          4583
  aes_192_cfb8_get_params                                        4583
  aes_192_gcm_get_params                                         4583
  aes_192_siv_get_params                                         4583
  aes_256_siv_get_params                                         4583
  aes_v8_ctr32_encrypt_blocks                                    4583
  ossl_bio_core_globals_new                                      4583
  ossl_rand_cleanup_int                                          4583
  tdes_ede3_cbc_get_params                                       4583
  aria_256_ecb_get_params                                        4584
  ossl_random_add_conf_module                                    4584
  sm4_128_ctr_get_params                                         4584
  tdes_wrap_get_params                                           4584
  ENGINE_set_finish_function                                     4625
  OPENSSL_cpuid_setup                                            4625
  __sigaction                                                    4625
  aria_128_ctr_get_params                                        4625
  aria_128_ofb_get_params                                        4625
  aria_192_ofb_get_params                                        4625
  ossl_provider_add_conf_module                                  4625
  sm4_128_gcm_get_params                                         4625
  tdes_ede2_ecb_get_params                                       4625
  aes_128_ecb_get_params                                         4666
  aes_128_xts_get_params                                         4666
  aes_192_ofb_get_params                                         4666
  aria_256_cfb1_get_params                                       4666
  UI_method_set_prompt_constructor                               4667
  aes_128_ccm_get_params                                         4667
  aes_192_cbc_get_params                                         4667
  aes_192_ocb_get_params                                         4667
  aria_256_cfb_get_params                                        4667
  aria_256_gcm_get_params                                        4667
  OSSL_STORE_LOADER_set_load                                     4708
  aes_192_ccm_get_params                                         4708
  aes_256_ecb_get_params                                         4708
  aria_128_cfb1_get_params                                       4708
  aria_192_cfb8_get_params                                       4708
  engine_pkey_meths_free                                         4708
  pthread_cond_destroy                                           4708
  sm4_128_xts_get_params                                         4708
  aes_256_gcm_get_params                                         4709
  aria_192_cfb1_get_params                                       4709
  tdes_ede2_cbc_get_params                                       4709
  tdes_ede3_cfb_get_params                                       4709
  OSSL_STORE_LOADER_set_close                                    4750
  OSSL_STORE_LOADER_set_error                                    4750
  aes_128_cfb8_get_params                                        4750
  aes_256_cfb8_get_params                                        4750
  aria_128_cfb_get_params                                        4750
  aria_192_cfb_get_params                                        4750
  aria_256_cfb8_get_params                                       4750
  lsl::Lock::unlock()                                            4750
  ossl_ctx_global_properties_new                                 4750
  sm4_128_ccm_get_params                                         4750
  aes_cts_256_cbc_get_params                                     4791
  ossl_prov_ctx_set0_core_bio_method                             4791
  aria_128_cfb8_get_params                                       4792
  aria_192_ccm_get_params                                        4792
  def_is_number                                                  4792
  sm4_128_cbc_get_params                                         4792
  OSSL_trace_set_channel                                         4833
  EVP_aes_256_cbc_hmac_sha256                                    4834
  aria_128_gcm_get_params                                        4834
  ENGINE_load_builtin_engines                                    4875
  EVP_CIPHER_get_key_length                                      4875
  OSSL_STORE_LOADER_free                                         4875
  aes_256_cfb1_get_params                                        4875
  aes_cts_192_cbc_get_params                                     4875
  aria_128_ccm_get_params                                        4875
  aes_128_wrap_get_params                                        4916
  aes_256_ocb_get_params                                         4916
  aes_cts_128_cbc_get_params                                     4916
  sm4_128_cfb128_get_params                                      4916
  tdes_ede2_cfb_get_params                                       4916
  sm4_128_ofb128_get_params                                      4917
  EVP_aes_128_cbc_hmac_sha1                                      4958
  aes_256_wrap_get_params                                        4958
  tdes_ede2_ofb_get_params                                       4958
  ossl_prov_cipher_hw_aes_ctr                                    4959
  OSSL_STORE_LOADER_set_expect                                   5000
  aes_192_wrappad_get_params                                     5000
  ossl_self_test_set_callback_free                               5000
  ossl_store_register_init                                       5000
  tdes_ede3_cfb8_get_params                                      5000
  aria_192_gcm_get_params                                        5041
  sm4_128_ecb_get_params                                         5041
  Diagnostics::clearError()                                      5042
  EVP_aes_128_cbc_hmac_sha256                                    5042
  aria_128_cbc_get_params                                        5042
  camellia_128_ctr_get_params                                    5042
  ossl_self_test_set_callback_new                                5042
  aes_128_siv_get_params                                         5083
  camellia_128_ecb_get_params                                    5083
  camellia_192_ofb_get_params                                    5083
  aes_192_wrapinv_get_params                                     5084
  camellia_128_cfb_get_params                                    5084
  camellia_192_ctr_get_params                                    5084
  aes_128_wrappad_get_params                                     5125
  aes_192_wrap_get_params                                        5125
  camellia_128_cfb1_get_params                                   5125
  camellia_192_cbc_get_params                                    5125
  camellia_256_cfb8_get_params                                   5125
  engine_remove_dynamic_id                                       5125
  ossl_free_compression_methods_int                              5125
  ossl_property_match_count                                      5125
  tdes_ede3_ofb_get_params                                       5125
  camellia_256_cbc_get_params                                    5166
  OSSL_STORE_LOADER_set_open                                     5167
  __fcntl                                                        5167
  camellia_128_cbc_get_params                                    5167
  camellia_192_cfb8_get_params                                   5167
  camellia_192_ecb_get_params                                    5167
  memset                                                         5167
  ossl_indicator_set_callback_new                                5167
  aes_256_wrapinv_get_params                                     5208
  aes_256_wrappad_get_params                                     5208
  camellia_192_cfb1_get_params                                   5208
  camellia_256_cfb_get_params                                    5208
  camellia_256_ofb_get_params                                    5208
  ossl_indicator_set_callback_free                               5208
  aria_256_ccm_get_params                                        5250
  camellia_128_cfb8_get_params                                   5250
  ossl_property_has_optional                                     5250
  tdes_ede3_ecb_get_params                                       5250
  camellia_256_ctr_get_params                                    5291
  engine_pkey_asn1_meths_free                                    5291
  ossl_prov_ctx_get0_core_bio_method                             5291
  ENGINE_get_cipher_engine                                       5292
  ossl_init_thread_deregister                                    5292
  tdes_ede3_cfb1_get_params                                      5292
  OSSL_PARAM_get_int                                             5333
  camellia_128_ofb_get_params                                    5333
  camellia_192_cfb_get_params                                    5333
  camellia_256_cfb1_get_params                                   5333
  chacha20_poly1305_gettable_ctx_params                          5333
  camellia_cts_192_cbc_get_params                                5334
  camellia_256_ecb_get_params                                    5416
  aes_128_wrapinv_get_params                                     5417
  aes_128_wrappadinv_get_params                                  5417
  medium_region_for_ptr_no_lock                                  5417
  OPENSSL_sk_sort                                                5458
  aes_192_wrappadinv_get_params                                  5500
  ossl_provider_unquery_operation                                5542
  EVP_CIPHER_CTX_get_block_size                                  5583
  chacha20_poly1305_get_params                                   5625
  ossl_aes_256_gcm_siv_get_params                                5625
  getegid                                                        5750
  ossl_aes_192_gcm_siv_get_params                                5750
  camellia_cts_128_cbc_get_params                                5792
  aes_256_wrappadinv_get_params                                  5834
  medium_malloc_from_free_list                                   5834
  OSSL_LIB_CTX_set_conf_diagnostics                              5875
  camellia_cts_256_cbc_get_params                                5917
  app_get0_libctx                                                5999
  ossl_aes_128_gcm_siv_get_params                                6083
  ossl_prov_seeding_from_dispatch                                6083
  geteuid                                                        6125
  getuid                                                         6166
  BIO_set_data                                                   6167
  opt_arg                                                        6207
  getgid                                                         6250
  ossl_prov_bio_from_dispatch                                    6250
  aes_256_xts_get_params                                         6292
  __getrlimit                                                    6459
  OSSL_PARAM_get_int32                                           6500
  EVP_CIPHER_get_mode                                            6542
  EVP_RAND_CTX_free                                              6542
  dyld4::RuntimeState::notifyObjCPatching()                      6750
  BIO_next                                                       6833
  dyld3::kdebug_trace_dyld_enabled(unsigned int)                 6834
  dyld4::Loader::hiddenFromFlat(bool) const                      6916
  dyld4::BumpAllocator::~BumpAllocator()                         7166
  dyld4::handleFromLoader(dyld4::Loader const*, bool)             7167
  EVP_CipherInit_ex                                              7209
  bio_open_default                                               7333
  _platform_strnlen                                              7375
  _kernelrpc_mach_port_construct_trap                            7458
  store_loader_hash                                              7459
  ENGINE_register_EC                                             7625
  OPENSSL_sk_pop                                                 7667
  err_unshelve_state                                             7708
  ENGINE_register_DH                                             7750
  _kernelrpc_mach_port_deallocate_trap                           7792
  BIO_copy_next_retry                                            7874
  dyld4::JustInTimeLoader::hiddenFromFlat(bool) const             7916
  file_ctrl                                                      8041
  ENGINE_register_DSA                                            8042
  openssl_fopen                                                  8083
  X509_get_default_cert_area                                     8208
  ENGINE_register_RAND                                           8291
  ossl_lib_ctx_get_concrete                                      8291
  ENGINE_register_RSA                                            8292
  flsl                                                           8377
  dyld4::Loader::beginInitializers(dyld4::RuntimeState&)             8417
  lsl::Lock::lock()                                              8459
  __sclose                                                       8583
  dyld4::RuntimeState::incDlRefCount(dyld4::Loader const*)             8917
  BIO_set_init                                                   9000
  __sflags                                                       9041
  ossl_property_free                                             9041
  ENGINE_register_digests                                        9083
  ENGINE_register_ciphers                                        9208
  strlen                                                         9208
  lsl::Vector<dyld4::Loader const*>::reserveExact(unsigned long)             9292
  ossl_cipher_generic_einit                                      9292
  free_small                                                     9333
  BIO_set_flags                                                  9458
  DSO_METHOD_openssl                                             9459
  ossl_sa_new                                                    9542
  ENGINE_register_pkey_meths                                     9584
  dyld4::JustInTimeLoader::beginInitializers(dyld4::RuntimeState&)             9709
  tiny_try_realloc_in_place                                     10084
  ossl_cipher_generic_set_ctx_params                            10167
  CRYPTO_atomic_or                                              10292
  OSSL_LIB_CTX_get_conf_diagnostics                             10416
  lsl::Vector<lsl::MemoryManager::Buffer>::reserve(unsigned long)            10417
  tiny_malloc_from_free_list                                    10417
  ENGINE_register_pkey_asn1_meths                               11042
  NCONF_get_section                                             11208
  engine_free_util                                              11333
  deflt_query                                                   11375
  ossl_sa_doall_arg                                             11376
  lsl::EphemeralAllocator::reset()                              11459
  ossl_lib_ctx_get_ex_data_global                               11541
  ossl_lib_ctx_get_rcukey                                       11541
  OPENSSL_cleanse                                               11917
  dyld4::RuntimeState::doSingletonPatching(dyld4::DyldCacheDataConstLazyScopedWriter&)            12167
  aes_siv_gettable_ctx_params                                   12250
  __bzero                                                       12458
  fstat                                                         12708
  ossl_cipher_capable_aes_cbc_hmac_sha256                       12792
  ossl_cipher_capable_aes_cbc_hmac_sha1                         12834
  EVP_add_cipher                                                12875
  cipher_ocb_gettable_ctx_params                                13542
  aes_cbc_cts_gettable_ctx_params                               13626
  BIO_clear_flags                                               13875
  dyld4::DyldCacheDataConstLazyScopedWriter::DyldCacheDataConstLazyScopedWriter(dyld4::RuntimeState&)            13958
  dyld4::Loader::loadDependents(Diagnostics&, dyld4::RuntimeState&, dyld4::Loader::LoadOptions const&)            14000
  lsl::EphemeralAllocator::~EphemeralAllocator()                14250
  DSO_free                                                      14501
  dyld4::Loader::path() const                                   14584
  sa_doall                                                      14793
  ossl_property_value                                           15042
  BIO_get_data                                                  15084
  _NSGetEnviron                                                 15208
  CRYPTO_atomic_add                                             15250
  dyld4::JustInTimeLoader::loadDependents(Diagnostics&, dyld4::RuntimeState&, dyld4::Loader::LoadOptions const&)            15250
  __sflush                                                      15499
  ossl_aes_gcm_siv_gettable_ctx_params                          15542
  camellia_cbc_cts_gettable_ctx_params                          15624
  dyld3::MachOFile::is64() const                                15626
  file_new                                                      15833
  os_unfair_recursive_lock_unlock                               16042
  file_free                                                     16334
  ossl_prov_is_running                                          16625
  _kernelrpc_mach_port_destruct_trap                            16792
  pthread_mutex_destroy                                         17291
  CRYPTO_THREAD_lock_free                                       17501
  invocation function for block in dyld4::Loader::forEachPath(Diagnostics&, dyld4::RuntimeState&, char const*, dyld4::Loader::Loa            17625
  dyld4::JustInTimeLoader::path() const                         17833
  FMT_istext                                                    17917
  OPENSSL_LH_get_down_load                                      18082
  BIO_new                                                       18207
  kdebug_is_enabled                                             18502
  _kernelrpc_mach_vm_deallocate_trap                            18541
  pthread_cond_init                                             19667
  small_try_realloc_in_place                                    19916
  os_unfair_recursive_lock_lock_with_options                    20166
  small_free_list_find_by_ptr                                   20209
  __chkstk_darwin_probe                                         20500
  property_free                                                 20542
  rack_region_insert                                            20666
  dyld4::LibSystemHelpers::pthread_getspecific(unsigned long) const            20875
  dyld4::Loader::matchesPath(char const*) const                 21125
  os_unfair_lock_assert_not_owner                               21458
  mach_msg2_trap                                                21625
  ___chkstk_darwin                                              21833
  small_size                                                    21877
  dyld4::ProcessConfig::DyldCache::indexOfPath(char const*, unsigned int&) const            22749
  lsl::EphemeralAllocator::deallocate_buffer(lsl::MemoryManager::Buffer)            23459
  small_free_list_remove_ptr                                    23666
  pthread_mutex_init                                            25124
  dyld4::Loader::loadAddress(dyld4::RuntimeState&) const            25125
  __findenv_locked                                              25250
  dyld3::ScopedTimer::endTimer()                                26249
  __open                                                        26416
  OPENSSL_strnlen                                               27166
  ossl_property_name                                            27460
  dyld4::JustInTimeLoader::loadAddress(dyld4::RuntimeState&) const            28374
  OPENSSL_sk_delete                                             28708
  small_free_list_remove_ptr_no_clear                           29167
  lsl::MemoryManager::lockGuard()                               29375
  lsl::AllocationMetadata::AllocationMetadata(lsl::Allocator*, unsigned long)            33083
  _pthread_mutex_check_init_slow                                33290
  tiny_free_list_remove_ptr                                     33625
  CRYPTO_new_ex_data                                            34377
  __read_nocancel                                               34749
  OPENSSL_LH_set_down_load                                      35167
  dyld4::LibSystemHelpers::os_unfair_recursive_lock_unlock(os_unfair_recursive_lock_s*) const            38042
  szone_good_size                                               39082
  Diagnostics::hasError() const                                 39627
  small_free_list_add_ptr                                       39708
  OPENSSL_sk_free                                               39791
  dyld4::LibSystemHelpers::os_unfair_lock_unlock(os_unfair_lock_s*) const            40667
  ossl_rcu_write_lock                                           42416
  _kernelrpc_mach_vm_map_trap                                   42999
  EVP_PKEY_asn1_get0                                            43000
  Diagnostics::noError() const                                  43998
  ossl_rcu_write_unlock                                         44959
  madvise                                                       45251
  _tiny_check_and_zero_inline_meta_from_freelist                45835
  pthread_setspecific                                           46291
  ossl_tdes_gettable_ctx_params                                 46542
  __write_nocancel                                              49209
  small_malloc_from_free_list                                   49584
  dyld4::RuntimeState::PermanentRanges::contains(unsigned long, unsigned long, unsigned char*, dyld4::Loader const**) const            49918
  dyld3::MachOFile::read_uleb128(Diagnostics&, unsigned char const*&, unsigned char const*)            50166
  get_tiny_previous_free_msize                                  51625
  dyld4::LibSystemHelpers::os_unfair_recursive_lock_lock_with_options(os_unfair_recursive_lock_s*, os_unfair_lock_options_t) cons            51667
  szone_malloc                                                  54627
  EVP_PKEY_asn1_get0_info                                       55623
  pthread_cond_broadcast                                        56123
  dyld4::LibSystemHelpers::os_unfair_lock_lock_with_options(os_unfair_lock_s*, os_unfair_lock_options_t) const            59042
  tiny_size                                                     59209
  realloc                                                       61543
  set_tiny_meta_header_in_use                                   64041
  lsl::EphemeralAllocator::allocate_buffer(unsigned long, unsigned long, unsigned long)            64751
  _qsort                                                        65124
  tiny_free_list_add_ptr                                        65206
  os_unfair_lock_assert_owner                                   68209
  strcmp                                                        69750
  OPENSSL_sk_pop_free                                           70335
  ossl_cipher_aead_gettable_ctx_params                          70918
  _szone_free                                                   71209
  __close_nocancel                                              75333
  szone_try_free_default                                        76707
  dyld3::kdebug_trace_dyld_duration_end(unsigned long long, unsigned int, dyld3::kt_arg, dyld3::kt_arg, dyld3::kt_arg)            79708
  invocation function for block in dyld3::MachOFile::getDylibInstallName(char const**, unsigned int*, unsigned int*) const            81166
  rack_get_thread_index                                         85331
  dyld3::OverflowSafeArray<unsigned int, 4294967295ul>::verifySpace(unsigned long)            90126
  EVP_CIPHER_get_type                                           91376
  dyld4::Loader::contains(dyld4::RuntimeState&, void const*, void const**, unsigned long long*, unsigned char*) const            94874
  property_hash                                                101788
  pthread_cond_signal                                          102998
  Diagnostics::assertNoError() const                           106875
  nanov2_size                                                  113543
  pthread_rwlock_init                                          115959
  pthread_rwlock_destroy                                       121543
  os_unfair_lock_unlock                                        127164
  Diagnostics::~Diagnostics()                                  138084
  Diagnostics::Diagnostics(bool)                               144085
  __open_nocancel                                              144459
  get_legacy_evp_names                                         167036
  ossl_ctype_check                                             168957
  os_unfair_lock_lock_with_options                             171044
  EVP_MD_get_type                                              193748
  nanov2_pointer_size                                          195665
  invocation function for block in dyld3::MachOFile::getEntry(unsigned long long&, bool&) const           197874
  _Block_object_dispose                                        207414
  free                                                         208035
  OPENSSL_hexchar2int                                          235297
  ossl_sa_set                                                  246588
  nanov2_allocate_from_block                                   249959
  strncmp                                                      276830
  trim_ws                                                      277713
  invocation function for block in dyld4::JustInTimeLoader::contains(dyld4::RuntimeState&, void const*, void const**, unsigned lo           289626
  BUF_MEM_new                                                  304502
  names_free                                                   309709
  OPENSSL_LH_doall                                             327169
  OPENSSL_LH_flush                                             329252
  OBJ_get0_data                                                334041
  OSSL_PARAM_set_uint                                          338947
  ossl_provider_ctx                                            345085
  EVP_CIPHER_get_nid                                           364958
  ossl_lib_ctx_unlock                                          375252
  conf_value_cmp                                               376830
  invocation function for block in dyld3::MachOLoaded::findClosestSymbol(unsigned long long, char const**, unsigned long long*) c           391168
  OSSL_PARAM_locate_const                                      398581
  ossl_lib_ctx_read_lock                                       422583
  OPENSSL_LH_set_thunks                                        432419
  property_defn_cmp                                            440040
  ossl_cipher_generic_gettable_ctx_params                      445127
  evp_cipher_up_ref                                            453952
  property_defn_hash                                           463288
  ossl_provider_free                                           468121
  value_free_hash                                              474956
  function_hash                                                478120
  BN_free                                                      484380
  CRYPTO_realloc                                               488332
  ossl_provider_up_ref                                         490084
  OSSL_PARAM_set_uint32                                        502387
  ASN1_OBJECT_free                                             509710
  eat_alpha_numeric                                            511331
  ossl_sa_get                                                  513295
  sa_free_node                                                 543201
  OSSL_PARAM_construct_end                                     549169
  EVP_CIPHER_get0_provider                                     556664
  OSSL_PARAM_construct_uint                                    567461
  evp_cipher_free                                              572168
  do_all_fn                                                    582871
  EVP_CIPHER_free                                              636287
  ossl_provider_libctx                                         797002
  invocation function for block in dyld3::MachOLoaded::getLinkEditLoadCommands(Diagnostics&, dyld3::MachOLoaded::LinkEditInfo&) c           818000
  internal_free_nop                                            853211
  _platform_strncmp                                            877332
  name_string_free                                             887172
  OPENSSL_LH_error                                             924082
  invocation function for block in dyld3::MachOFile::forEachSegment(void (dyld3::MachOFile::SegmentInfo const&, bool&) block_poin          1089876
  BUF_MEM_grow                                                1125036
  OSSL_PARAM_set_size_t                                       1128498
  pthread_getspecific                                         1152175
  sk_reserve                                                  1168344
  _os_once                                                    1214988
  CRYPTO_THREAD_get_local                                     1283806
  _platform_memchr                                            1353841
  ossl_rcu_assign_uptr                                        1416630
  OSSL_PARAM_set_uint64                                       1508372
  names_lh_free_doall                                         1514988
  ossl_lib_ctx_get_data                                       1596892
  OSSL_PARAM_set_int                                          1613490
  _platform_strchr                                            1720351
  pthread_mutex_lock                                          1731550
  OSSL_PARAM_construct_size_t                                 1802424
  pthread_mutex_unlock                                        1836550
  _nanov2_free                                                1904283
  OPENSSL_sk_push                                             1980582
  _pthread_mutex_lock_init_slow                               1982452
  OPENSSL_sk_num                                              2002996
  _pthread_mutex_unlock_init_slow                             2108960
  _pthread_mutex_firstfit_lock_slow                           2208380
  _pthread_mutex_firstfit_unlock_slow                         2299261
  OPENSSL_sk_value                                            2318910
  OSSL_PARAM_set_int32                                        2445166
  obj_name_cmp                                                2503713
  OPENSSL_LH_strhash                                          2701769
  OSSL_PARAM_construct_int                                    2749042
  _platform_memcmp                                            2756844
  pthread_once                                                3041890
  OBJ_nid2obj                                                 3169376
  CRYPTO_atomic_load                                          3300917
  pthread_rwlock_rdlock                                       3339415
  SortFnByName                                                3376903
  ossl_lh_strcasehash                                         3670042
  __error                                                     3769879
  cipher_compare                                              4008514
  ossl_isdigit                                                4015891
  fnv1a_hash                                                  4418577
  _platform_memmove                                           6507997
  pthread_rwlock_wrlock                                       6679417
  pthread_rwlock_unlock                                       9978528
  err_string_data_cmp                                        10910141
  CRYPTO_free                                                12175192
  malloc                                                     13382818
  doapr_outch                                                15253076
  err_string_data_hash                                       16627566
  nanov2_malloc                                              18510368
  _platform_strlen                                           23302391
  _platform_memset                                           25493045
  nanov2_try_free_default                                    25900044
  _platform_strcmp                                           27924205
  ossl_tolower                                               60204437
