
  EVP_md5                                                        1875
  pd_free                                                        1875
  sigaction                                                      1917
  EVP_rc4_40                                                     1958
  EVP_sha1                                                       1958
  EVP_sha224                                                     2000
  EVP_rc2_cbc                                                    2041
  EVP_des_ofb                                                    2042
  UI_OpenSSL                                                     2042
  EVP_rc4                                                        2083
  EVP_sm4_ctr                                                    2084
  EVP_idea_ofb                                                   2125
  EVP_mdc2                                                       2125
  EVP_des_ecb                                                    2166
  EVP_sha384                                                     2166
  EVP_bf_cbc                                                     2167
  EVP_des_cfb8                                                   2167
  EVP_des_ede                                                    2208
  EVP_md4                                                        2208
  UI_null                                                        2208
  _cleanup                                                       2209
  EVP_bf_ofb                                                     2250
  EVP_md5_sha1                                                   2250
  EVP_sha512                                                     2250
  EVP_shake256                                                   2250
  EVP_sm3                                                        2250
  EVP_sm4_cbc                                                    2250
  opt_unknown                                                    2250
  EVP_shake128                                                   2291
  EVP_cast5_ofb                                                  2292
  EVP_des_ede3                                                   2292
  EVP_rc2_ofb                                                    2292
  EVP_seed_ofb                                                   2292
  EVP_sha3_512                                                   2292
  strchr                                                         2292
  EVP_bf_cfb64                                                   2333
  EVP_idea_cbc                                                   2375
  EVP_rc2_cfb64                                                  2375
  EVP_ripemd160                                                  2375
  EVP_sha512_256                                                 2375
  EVP_des_cfb1                                                   2417
  EVP_idea_ecb                                                   2417
  EVP_sha3_384                                                   2417
  EVP_sm4_ofb                                                    2458
  app_get0_propq                                                 2459
  EVP_MD_free                                                    2500
  EVP_blake2s256                                                 2500
  EVP_des_cbc                                                    2500
  EVP_seed_cbc                                                   2500
  EVP_sm4_ecb                                                    2500
  opt_next                                                       2500
  EVP_aes_256_gcm                                                2541
  EVP_aes_256_xts                                                2541
  EVP_bf_ecb                                                     2541
  EVP_rc2_ecb                                                    2541
  EVP_sha3_224                                                   2542
  lh_FUNCTION_free                                               2542
  release_engine                                                 2542
  EVP_aes_256_ccm                                                2583
  EVP_aes_256_ctr                                                2583
  EVP_cast5_ecb                                                  2584
  COMP_get_type                                                  2625
  EVP_aes_128_ctr                                                2625
  EVP_aes_192_cbc                                                2625
  EVP_aes_256_cbc                                                2625
  EVP_aes_256_ofb                                                2625
  EVP_seed_ecb                                                   2625
  EVP_aria_256_ofb                                               2666
  EVP_des_ede_ofb                                                2666
  EVP_aes_128_xts                                                2667
  EVP_aes_192_ecb                                                2667
  EVP_aes_256_cfb1                                               2667
  EVP_aes_256_ocb                                                2667
  EVP_aria_192_cbc                                               2667
  EVP_aria_192_ecb                                               2667
  EVP_aria_256_cbc                                               2667
  EVP_aria_256_ctr                                               2667
  EVP_desx_cbc                                                   2667
  BIO_f_cipher                                                   2708
  ENGINE_set_name                                                2708
  EVP_aes_128_ccm                                                2708
  EVP_aes_192_ocb                                                2708
  EVP_aes_256_wrap                                               2708
  EVP_chacha20                                                   2708
  EVP_aria_128_ecb                                               2709
  EVP_aes_128_ofb                                                2750
  EVP_aes_192_cfb1                                               2750
  EVP_aes_192_cfb8                                               2750
  EVP_aes_256_cfb8                                               2750
  EVP_aria_192_ctr                                               2750
  EVP_aria_256_ecb                                               2750
  EVP_cast5_cbc                                                  2750
  EVP_idea_cfb64                                                 2750
  EVP_sha512_224                                                 2750
  EVP_whirlpool                                                  2750
  EVP_aes_192_ccm                                                2791
  EVP_aria_256_ccm                                               2791
  EVP_rc2_40_cbc                                                 2791
  EVP_sha3_256                                                   2791
  EVP_aes_192_ofb                                                2792
  EVP_aria_128_ctr                                               2792
  EVP_aria_128_ofb                                               2792
  EVP_aria_256_cfb1                                              2792
  EVP_blake2b512                                                 2792
  EVP_des_ede3_ofb                                               2792
  EVP_sm4_cfb128                                                 2792
  ossl_trace_cleanup                                             2792
  vm_deallocate                                                  2792
  ENGINE_set_id                                                  2833
  EVP_aes_128_cbc                                                2833
  EVP_aes_192_ctr                                                2833
  EVP_aria_128_cbc                                               2833
  EVP_aria_192_gcm                                               2833
  EVP_des_ede_cbc                                                2833
  query_hash                                                     2833
  signal                                                         2833
  EVP_aria_192_ccm                                               2834
  EVP_aes_128_gcm                                                2875
  EVP_aes_192_gcm                                                2875
  EVP_aes_192_wrap                                               2875
  EVP_aria_192_cfb8                                              2875
  EVP_cast5_cfb64                                                2875
  EVP_des_ede3_cbc                                               2875
  EVP_des_ede3_wrap                                              2875
  EVP_rc4_hmac_md5                                               2875
  EVP_seed_cfb128                                                2875
  EVP_aria_192_cfb1                                              2916
  EVP_des_ede3_cfb1                                              2916
  EVP_rc2_64_cbc                                                 2916
  EVP_aes_128_cfb1                                               2917
  NCONF_default                                                  2917
  def_to_int                                                     2917
  EVP_aes_128_cfb8                                               2958
  EVP_aria_128_cfb8                                              2958
  EVP_aria_256_cfb8                                              2958
  EVP_des_ede3_cfb8                                              2958
  EVP_aria_192_ofb                                               2959
  EVP_aes_128_ocb                                                3000
  EVP_aes_128_wrap                                               3000
  EVP_aes_256_ecb                                                3000
  EVP_aria_128_cfb1                                              3000
  EVP_aria_256_cfb128                                            3000
  EVP_aria_256_gcm                                               3000
  EVP_aes_192_cfb128                                             3041
  __cxa_finalize                                                 3042
  property_cmp                                                   3042
  EVP_aria_192_cfb128                                            3083
  function_cmp                                                   3083
  strrchr                                                        3083
  EVP_aes_256_cfb128                                             3084
  EVP_aes_256_wrap_pad                                           3125
  EVP_aria_128_gcm                                               3125
  EVP_camellia_192_ctr                                           3125
  EVP_des_ede3_cfb64                                             3125
  OBJ_obj2txt                                                    3125
  def_init_default                                               3125
  UI_method_set_writer                                           3166
  EVP_aria_128_ccm                                               3167
  EVP_camellia_128_cbc                                           3167
  EVP_camellia_192_ofb                                           3167
  EVP_camellia_256_ofb                                           3167
  EVP_des_cfb64                                                  3167
  EVP_CIPHER_get_flags                                           3208
  EVP_aes_192_wrap_pad                                           3208
  getrlimit                                                      3208
  EVP_aes_128_cfb128                                             3209
  EVP_aria_128_cfb128                                            3250
  EVP_camellia_128_ctr                                           3250
  EVP_camellia_256_cbc                                           3250
  EVP_des_ede_cfb64                                              3250
  OSSL_PARAM_modified                                            3250
  EVP_camellia_192_cbc                                           3291
  OSSL_LIB_CTX_get_data                                          3333
  ossl_prov_ctx_free                                             3333
  COMP_zlib                                                      3375
  EVP_aes_128_ecb                                                3375
  EVP_camellia_256_cfb8                                          3375
  __smakebuf                                                     3375
  ossl_comp_zstd_cleanup                                         3375
  EVP_camellia_192_cfb8                                          3416
  UI_method_set_closer                                           3416
  UI_method_set_reader                                           3416
  EVP_camellia_128_cfb1                                          3417
  EVP_camellia_192_cfb1                                          3417
  EVP_camellia_128_cfb8                                          3458
  EVP_camellia_192_ecb                                           3458
  ENGINE_set_flags                                               3500
  EVP_camellia_256_ctr                                           3500
  ossl_comp_zlib_cleanup                                         3500
  ossl_store_cleanup_int                                         3500
  EVP_add_alg_module                                             3542
  EVP_aes_128_wrap_pad                                           3542
  OSSL_STORE_register_loader                                     3542
  app_RAND_write                                                 3542
  EVP_camellia_256_cfb128                                        3583
  EVP_camellia_256_ecb                                           3583
  bio_sock_cleanup_int                                           3583
  opt_set_unknown_name                                           3583
  ossl_prov_ctx_new                                              3583
  store_loader_cmp                                               3583
  EVP_camellia_128_cfb128                                        3625
  evp_app_cleanup_int                                            3625
  ossl_comp_brotli_cleanup                                       3625
  engine_load_rdrand_int                                         3667
  ASN1_add_oid_module                                            3708
  ERR_print_errors                                               3708
  EVP_camellia_192_cfb128                                        3708
  EVP_camellia_128_ofb                                           3709
  UI_method_set_opener                                           3709
  init_thread_stop                                               3709
  ossl_prov_ctx_set0_handle                                      3709
  EVP_CipherFinal_ex                                             3750
  EVP_camellia_256_cfb1                                          3750
  ossl_lib_ctx_write_lock                                        3750
  BIO_meth_set_ctrl                                              3792
  EVP_CipherUpdate                                               3792
  EVP_chacha20_poly1305                                          3792
  free_medium                                                    3792
  BIO_meth_set_gets                                              3833
  pthread_self                                                   3834
  BIO_meth_set_puts                                              3875
  core_get_libctx                                                3875
  opt_check_rest_arg                                             3875
  BIO_meth_set_create                                            3916
  NCONF_get0_libctx                                              3917
  __getrlimit                                                    3917
  ENGINE_add_conf_module                                         3958
  ASN1_add_stable_module                                         3959
  EVP_camellia_128_ecb                                           3959
  ENGINE_set_cmd_defns                                           4000
  ERR_get_error_all                                              4000
  EVP_CIPHER_fetch                                               4000
  aes_v8_set_encrypt_key                                         4000
  dyld4::APIs::_tlv_exit()                                       4000
  ossl_prov_ctx_set0_libctx                                      4000
  CRYPTO_THREAD_get_current_id                                   4083
  EVP_CIPHER_get_iv_length                                       4083
  ossl_child_prov_ctx_new                                        4083
  BIO_meth_set_destroy                                           4084
  EVP_PKEY_asn1_get_count                                        4125
  null_gettable_ctx_params                                       4125
  ossl_prov_ctx_get0_libctx                                      4125
  OSSL_LIB_CTX_free                                              4167
  OSSL_ERR_STATE_new                                             4208
  chacha20_gettable_ctx_params                                   4208
  ossl_method_unlock_store                                       4208
  aes_192_cfb_get_params                                         4250
  ossl_config_add_ssl_module                                     4250
  ossl_lib_ctx_is_default                                        4250
  ossl_method_lock_store                                         4250
  chacha20_get_params                                            4291
  sm4_128_cbc_get_params                                         4291
  aes_128_ofb_get_params                                         4292
  OSSL_CMP_log_close                                             4333
  OSSL_STORE_unregister_loader                                   4333
  CONF_imodule_get_value                                         4375
  aes_192_cbc_get_params                                         4375
  aes_192_ofb_get_params                                         4375
  aes_256_ctr_get_params                                         4375
  ossl_bio_core_globals_new                                      4375
  ossl_store_register_init                                       4375
  BIO_meth_set_read_ex                                           4416
  __sigaction                                                    4416
  aria_192_cbc_get_params                                        4416
  aes_128_cbc_get_params                                         4417
  aria_128_cfb1_get_params                                       4417
  ossl_cipher_generic_reset_ctx                                  4417
  ossl_stored_namemap_free                                       4417
  aes_128_cfb_get_params                                         4458
  aes_256_cbc_get_params                                         4458
  tdes_ede2_cbc_get_params                                       4458
  tdes_ede2_ecb_get_params                                       4458
  ENGINE_set_ctrl_function                                       4500
  EVP_sha256                                                     4500
  OSSL_STORE_LOADER_set_eof                                      4500
  aes_128_cfb1_get_params                                        4500
  aes_128_xts_get_params                                         4500
  aria_192_ofb_get_params                                        4500
  aria_256_ofb_get_params                                        4500
  lsl::Lock::unlock()                                            4500
  sm4_128_gcm_get_params                                         4500
  tdes_ede3_cbc_get_params                                       4500
  ENGINE_set_init_function                                       4541
  sm4_128_ctr_get_params                                         4541
  aes_128_ctr_get_params                                         4542
  ossl_rand_cleanup_int                                          4542
  BIO_meth_set_write_ex                                          4583
  aes_128_ocb_get_params                                         4583
  aria_192_cfb1_get_params                                       4583
  aria_256_ctr_get_params                                        4583
  pthread_cond_destroy                                           4583
  aria_256_cfb_get_params                                        4584
  aes_128_ecb_get_params                                         4625
  aes_192_ccm_get_params                                         4625
  aes_192_ctr_get_params                                         4625
  aes_256_gcm_get_params                                         4625
  aes_256_ofb_get_params                                         4625
  aria_192_ctr_get_params                                        4625
  aria_192_ecb_get_params                                        4625
  aes_128_ccm_get_params                                         4666
  aes_256_siv_get_params                                         4666
  aria_128_ecb_get_params                                        4666
  OSSL_STORE_LOADER_set_load                                     4667
  aes_192_cfb8_get_params                                        4667
  aes_192_siv_get_params                                         4667
  aes_256_ccm_get_params                                         4667
  aria_256_cfb1_get_params                                       4667
  tdes_ede2_ofb_get_params                                       4667
  ENGINE_set_finish_function                                     4708
  OSSL_trace_set_channel                                         4708
  aes_192_wrap_get_params                                        4708
  aria_128_gcm_get_params                                        4708
  aria_192_cfb8_get_params                                       4708
  ossl_bio_core_globals_free                                     4708
  tdes_wrap_get_params                                           4708
  OSSL_STORE_LOADER_set_error                                    4709
  aes_128_cfb8_get_params                                        4709
  aes_192_gcm_get_params                                         4709
  aria_128_cfb8_get_params                                       4709
  aria_128_ofb_get_params                                        4709
  def_is_number                                                  4749
  EVP_CIPHER_get_key_length                                      4750
  EVP_aes_256_cbc_hmac_sha1                                      4750
  OSSL_STORE_LOADER_free                                         4750
  OSSL_STORE_LOADER_set_close                                    4750
  aes_128_gcm_get_params                                         4750
  aes_128_wrap_get_params                                        4750
  aes_256_cfb1_get_params                                        4750
  aes_256_xts_get_params                                         4750
  aria_128_cbc_get_params                                        4750
  ossl_random_add_conf_module                                    4750
  sm4_128_ofb128_get_params                                      4750
  tdes_ede3_cfb8_get_params                                      4750
  tiny_try_realloc_in_place                                      4750
  aes_192_ecb_get_params                                         4791
  BIO_free                                                       4792
  aes_192_cfb1_get_params                                        4792
  aes_cts_128_cbc_get_params                                     4792
  aria_192_gcm_get_params                                        4792
  sm4_128_cfb128_get_params                                      4792
  tdes_ede3_cfb_get_params                                       4792
  OPENSSL_cpuid_setup                                            4833
  aes_256_cfb8_get_params                                        4833
  aria_128_ccm_get_params                                        4833
  aria_128_ctr_get_params                                        4833
  aria_256_cbc_get_params                                        4833
  aria_256_cfb8_get_params                                       4833
  aria_256_gcm_get_params                                        4833
  engine_remove_dynamic_id                                       4833
  ossl_prov_ctx_set0_core_bio_method                             4833
  ossl_provider_add_conf_module                                  4833
  sm4_128_ccm_get_params                                         4833
  aes_cts_192_cbc_get_params                                     4834
  aes_256_wrapinv_get_params                                     4875
  aria_256_ecb_get_params                                        4875
  camellia_128_cbc_get_params                                    4875
  camellia_256_ofb_get_params                                    4875
  close                                                          4875
  sm4_128_xts_get_params                                         4875
  tdes_ede2_cfb_get_params                                       4875
  tdes_ede3_ofb_get_params                                       4875
  camellia_128_ctr_get_params                                    4916
  camellia_256_ctr_get_params                                    4916
  sm4_128_ecb_get_params                                         4916
  ENGINE_load_builtin_engines                                    4917
  UI_method_set_prompt_constructor                               4917
  aes_192_ocb_get_params                                         4917
  aes_256_cfb_get_params                                         4917
  aes_v8_ctr32_encrypt_blocks                                    4917
  camellia_192_cfb_get_params                                    4917
  engine_pkey_meths_free                                         4917
  ossl_property_match_count                                      4917
  EVP_aes_256_cbc_hmac_sha256                                    4958
  aes_128_siv_get_params                                         4958
  aes_128_wrappadinv_get_params                                  4958
  aes_256_ecb_get_params                                         4958
  aes_256_wrap_get_params                                        4958
  aes_cts_256_cbc_get_params                                     4958
  camellia_128_cfb_get_params                                    4958
  camellia_128_ecb_get_params                                    4958
  camellia_256_cfb1_get_params                                   4958
  tdes_ede3_cfb1_get_params                                      4958
  aria_128_cfb_get_params                                        4959
  aria_192_cfb_get_params                                        4959
  ossl_ctx_global_properties_new                                 4959
  Diagnostics::clearError()                                      5000
  aes_192_wrapinv_get_params                                     5000
  aes_192_wrappadinv_get_params                                  5000
  aes_256_wrappad_get_params                                     5000
  aes_256_wrappadinv_get_params                                  5000
  aria_256_ccm_get_params                                        5000
  camellia_192_ecb_get_params                                    5000
  aria_192_ccm_get_params                                        5041
  ENGINE_get_cipher_engine                                       5042
  EVP_aes_128_cbc_hmac_sha256                                    5042
  camellia_256_cbc_get_params                                    5042
  aes_128_wrappad_get_params                                     5083
  camellia_192_cfb1_get_params                                   5083
  camellia_192_cfb8_get_params                                   5083
  camellia_256_ecb_get_params                                    5084
  ossl_property_has_optional                                     5084
  camellia_128_cfb8_get_params                                   5125
  camellia_128_ofb_get_params                                    5125
  camellia_192_ctr_get_params                                    5125
  camellia_192_ofb_get_params                                    5125
  ossl_prov_cipher_hw_aes_ctr                                    5125
  OSSL_STORE_LOADER_set_expect                                   5167
  aes_192_wrappad_get_params                                     5167
  camellia_256_cfb_get_params                                    5167
  OSSL_STORE_LOADER_set_open                                     5208
  camellia_192_cbc_get_params                                    5209
  ossl_init_thread_deregister                                    5209
  camellia_128_cfb1_get_params                                   5250
  memset                                                         5250
  ossl_indicator_set_callback_free                               5250
  ossl_self_test_set_callback_free                               5250
  ossl_aes_256_gcm_siv_get_params                                5291
  EVP_aes_128_cbc_hmac_sha1                                      5292
  OPENSSL_sk_sort                                                5292
  aes_128_wrapinv_get_params                                     5292
  camellia_cts_192_cbc_get_params                                5292
  engine_pkey_asn1_meths_free                                    5292
  tdes_ede3_ecb_get_params                                       5292
  aes_256_ocb_get_params                                         5333
  ossl_self_test_set_callback_new                                5333
  camellia_cts_256_cbc_get_params                                5375
  chacha20_poly1305_get_params                                   5375
  medium_region_for_ptr_no_lock                                  5375
  ossl_free_compression_methods_int                              5375
  camellia_256_cfb8_get_params                                   5416
  ossl_indicator_set_callback_new                                5417
  OSSL_PARAM_get_int                                             5458
  ossl_provider_unquery_operation                                5458
  app_get0_libctx                                                5542
  chacha20_poly1305_gettable_ctx_params                          5542
  EVP_CIPHER_CTX_get_block_size                                  5666
  ossl_aes_192_gcm_siv_get_params                                5709
  __fcntl                                                        5750
  getegid                                                        5750
  ossl_aes_128_gcm_siv_get_params                                5792
  opt_arg                                                        5834
  OSSL_LIB_CTX_set_conf_diagnostics                              5875
  ossl_prov_ctx_get0_core_bio_method                             5875
  camellia_cts_128_cbc_get_params                                5917
  ossl_prov_seeding_from_dispatch                                5959
  geteuid                                                        6041
  BIO_set_data                                                   6042
  medium_malloc_from_free_list                                   6166
  getgid                                                         6167
  ossl_prov_bio_from_dispatch                                    6209
  EVP_RAND_CTX_free                                              6542
  EVP_CIPHER_get_mode                                            6625
  getuid                                                         6666
  OSSL_PARAM_get_int32                                           6667
  lsl::Lock::lock()                                              6833
  BIO_next                                                       6874
  dyld4::Loader::hiddenFromFlat(bool) const                      6916
  dyld3::kdebug_trace_dyld_enabled(unsigned int)                 6917
  dyld4::RuntimeState::notifyObjCPatching()                      7167
  store_loader_hash                                              7167
  dyld4::handleFromLoader(dyld4::Loader const*, bool)             7209
  dyld4::BumpAllocator::~BumpAllocator()                         7292
  _platform_strnlen                                              7333
  _kernelrpc_mach_port_construct_trap                            7416
  _kernelrpc_mach_port_deallocate_trap                           7416
  EVP_CipherInit_ex                                              7417
  bio_open_default                                               7457
  OPENSSL_sk_pop                                                 7542
  ENGINE_register_EC                                             7750
  file_ctrl                                                      7875
  ENGINE_register_DH                                             8000
  BIO_copy_next_retry                                            8041
  openssl_fopen                                                  8042
  dyld4::JustInTimeLoader::hiddenFromFlat(bool) const             8083
  err_unshelve_state                                             8084
  X509_get_default_cert_area                                     8208
  __sclose                                                       8291
  __sflags                                                       8291
  ENGINE_register_DSA                                            8375
  ENGINE_register_RAND                                           8376
  ENGINE_register_RSA                                            8500
  lsl::EphemeralAllocator::reset()                               8625
  dyld4::Loader::beginInitializers(dyld4::RuntimeState&)             8666
  flsl                                                           8666
  free_small                                                     8667
  ossl_lib_ctx_get_concrete                                      8917
  strlen                                                         8918
  BIO_set_init                                                   8958
  ENGINE_register_digests                                        9167
  ossl_cipher_generic_einit                                      9417
  dyld4::RuntimeState::incDlRefCount(dyld4::Loader const*)             9500
  DSO_METHOD_openssl                                             9541
  ENGINE_register_ciphers                                        9541
  ossl_sa_new                                                    9583
  BIO_set_flags                                                  9709
  dyld4::JustInTimeLoader::beginInitializers(dyld4::RuntimeState&)             9709
  lsl::Vector<dyld4::Loader const*>::reserveExact(unsigned long)             9875
  ossl_property_free                                             9875
  ossl_cipher_generic_set_ctx_params                             9916
  ENGINE_register_pkey_meths                                     9958
  deflt_query                                                   10292
  tiny_malloc_from_free_list                                    10292
  OSSL_LIB_CTX_get_conf_diagnostics                             10541
  CRYPTO_atomic_or                                              10626
  ENGINE_register_pkey_asn1_meths                               11041
  ossl_lib_ctx_get_rcukey                                       11042
  OPENSSL_cleanse                                               11292
  engine_free_util                                              11417
  NCONF_get_section                                             11541
  ossl_lib_ctx_get_ex_data_global                               11541
  ossl_sa_doall_arg                                             11790
  aes_siv_gettable_ctx_params                                   11833
  lsl::Vector<lsl::MemoryManager::Buffer>::reserve(unsigned long)            11916
  ossl_cipher_capable_aes_cbc_hmac_sha256                       12541
  ossl_property_value                                           12708
  ossl_cipher_capable_aes_cbc_hmac_sha1                         12875
  dyld4::RuntimeState::doSingletonPatching(dyld4::DyldCacheDataConstLazyScopedWriter&)            12917
  fstat                                                         12958
  EVP_add_cipher                                                13168
  cipher_ocb_gettable_ctx_params                                13249
  __bzero                                                       13500
  aes_cbc_cts_gettable_ctx_params                               13541
  BIO_clear_flags                                               14084
  _kernelrpc_mach_vm_deallocate_trap                            14125
  dyld4::Loader::loadDependents(Diagnostics&, dyld4::RuntimeState&, dyld4::Loader::LoadOptions const&)            14417
  DSO_free                                                      14749
  sa_doall                                                      14750
  BIO_get_data                                                  14834
  _NSGetEnviron                                                 14834
  lsl::EphemeralAllocator::~EphemeralAllocator()                14875
  CRYPTO_atomic_add                                             15001
  dyld4::DyldCacheDataConstLazyScopedWriter::DyldCacheDataConstLazyScopedWriter(dyld4::RuntimeState&)            15167
  dyld4::Loader::path() const                                   15209
  ossl_aes_gcm_siv_gettable_ctx_params                          15375
  camellia_cbc_cts_gettable_ctx_params                          15542
  dyld4::JustInTimeLoader::loadDependents(Diagnostics&, dyld4::RuntimeState&, dyld4::Loader::LoadOptions const&)            15708
  dyld3::MachOFile::is64() const                                15833
  __sflush                                                      16084
  ossl_prov_is_running                                          16375
  file_new                                                      16456
  os_unfair_recursive_lock_unlock                               16667
  file_free                                                     17125
  CRYPTO_THREAD_lock_free                                       17585
  _kernelrpc_mach_port_destruct_trap                            17666
  pthread_mutex_destroy                                         17708
  invocation function for block in dyld4::Loader::forEachPath(Diagnostics&, dyld4::RuntimeState&, char const*, dyld4::Loader::Loa            17750
  OPENSSL_LH_get_down_load                                      17874
  FMT_istext                                                    18334
  BIO_new                                                       18708
  dyld4::JustInTimeLoader::path() const                         19000
  kdebug_is_enabled                                             19000
  small_free_list_remove_ptr                                    19125
  small_try_realloc_in_place                                    19459
  pthread_cond_init                                             19917
  dyld4::LibSystemHelpers::pthread_getspecific(unsigned long) const            20125
  small_free_list_find_by_ptr                                   20375
  os_unfair_recursive_lock_lock_with_options                    20625
  property_free                                                 20751
  dyld4::Loader::matchesPath(char const*) const                 21374
  __chkstk_darwin_probe                                         21460
  small_size                                                    21875
  rack_region_insert                                            21876
  lsl::EphemeralAllocator::deallocate_buffer(lsl::MemoryManager::Buffer)            22542
  ___chkstk_darwin                                              22959
  dyld4::ProcessConfig::DyldCache::indexOfPath(char const*, unsigned int&) const            23208
  small_free_list_remove_ptr_no_clear                           23792
  os_unfair_lock_assert_not_owner                               24001
  dyld4::Loader::loadAddress(dyld4::RuntimeState&) const            25500
  pthread_mutex_init                                            25501
  __findenv_locked                                              26750
  ossl_property_name                                            27042
  OPENSSL_strnlen                                               27583
  OPENSSL_sk_delete                                             28041
  dyld3::ScopedTimer::endTimer()                                28124
  lsl::MemoryManager::lockGuard()                               29166
  dyld4::JustInTimeLoader::loadAddress(dyld4::RuntimeState&) const            31292
  _pthread_mutex_check_init_slow                                32834
  mach_msg2_trap                                                33042
  __open                                                        33291
  lsl::AllocationMetadata::AllocationMetadata(lsl::Allocator*, unsigned long)            33833
  CRYPTO_new_ex_data                                            34458
  OPENSSL_LH_set_down_load                                      35041
  small_free_list_add_ptr                                       36249
  szone_good_size                                               39290
  OPENSSL_sk_free                                               39543
  dyld4::LibSystemHelpers::os_unfair_recursive_lock_unlock(os_unfair_recursive_lock_s*) const            39667
  __read_nocancel                                               39751
  get_tiny_previous_free_msize                                  41167
  EVP_PKEY_asn1_get0                                            42335
  dyld4::LibSystemHelpers::os_unfair_lock_unlock(os_unfair_lock_s*) const            42541
  ossl_rcu_write_lock                                           42749
  Diagnostics::hasError() const                                 43501
  _kernelrpc_mach_vm_map_trap                                   44832
  ossl_rcu_write_unlock                                         45416
  Diagnostics::noError() const                                  45707
  ossl_tdes_gettable_ctx_params                                 46041
  tiny_free_list_remove_ptr                                     46083
  pthread_setspecific                                           46374
  _tiny_check_and_zero_inline_meta_from_freelist                51208
  dyld4::LibSystemHelpers::os_unfair_recursive_lock_lock_with_options(os_unfair_recursive_lock_s*, os_unfair_lock_options_t) cons            52334
  dyld4::RuntimeState::PermanentRanges::contains(unsigned long, unsigned long, unsigned char*, dyld4::Loader const**) const            53166
  madvise                                                       53669
  dyld3::MachOFile::read_uleb128(Diagnostics&, unsigned char const*&, unsigned char const*)            54208
  small_malloc_from_free_list                                   54625
  szone_malloc                                                  54833
  pthread_cond_broadcast                                        56001
  EVP_PKEY_asn1_get0_info                                       56250
  tiny_size                                                     58878
  realloc                                                       60998
  dyld4::LibSystemHelpers::os_unfair_lock_lock_with_options(os_unfair_lock_s*, os_unfair_lock_options_t) const            63667
  set_tiny_meta_header_in_use                                   63708
  lsl::EphemeralAllocator::allocate_buffer(unsigned long, unsigned long, unsigned long)            64334
  __write_nocancel                                              64458
  _qsort                                                        67293
  _szone_free                                                   69249
  strcmp                                                        69791
  ossl_cipher_aead_gettable_ctx_params                          70334
  OPENSSL_sk_pop_free                                           70417
  os_unfair_lock_assert_owner                                   74625
  szone_try_free_default                                        76958
  tiny_free_list_add_ptr                                        77040
  invocation function for block in dyld3::MachOFile::getDylibInstallName(char const**, unsigned int*, unsigned int*) const            80916
  __close_nocancel                                              81709
  rack_get_thread_index                                         82627
  dyld3::kdebug_trace_dyld_duration_end(unsigned long long, unsigned int, dyld3::kt_arg, dyld3::kt_arg, dyld3::kt_arg)            82790
  property_hash                                                 86501
  EVP_CIPHER_get_type                                           91044
  dyld3::OverflowSafeArray<unsigned int, 4294967295ul>::verifySpace(unsigned long)            94543
  dyld4::Loader::contains(dyld4::RuntimeState&, void const*, void const**, unsigned long long*, unsigned char*) const            96249
  pthread_cond_signal                                          102710
  Diagnostics::assertNoError() const                           109666
  nanov2_size                                                  111628
  pthread_rwlock_init                                          114792
  pthread_rwlock_destroy                                       120917
  os_unfair_lock_unlock                                        128085
  __open_nocancel                                              133876
  Diagnostics::~Diagnostics()                                  144917
  Diagnostics::Diagnostics(bool)                               149126
  get_legacy_evp_names                                         159666
  ossl_ctype_check                                             169213
  os_unfair_lock_lock_with_options                             174874
  EVP_MD_get_type                                              193418
  invocation function for block in dyld3::MachOFile::getEntry(unsigned long long&, bool&) const           193793
  nanov2_pointer_size                                          194289
  free                                                         202629
  _Block_object_dispose                                        219667
  OPENSSL_hexchar2int                                          233540
  ossl_sa_set                                                  246875
  strncmp                                                      267786
  nanov2_allocate_from_block                                   275995
  trim_ws                                                      276205
  invocation function for block in dyld4::JustInTimeLoader::contains(dyld4::RuntimeState&, void const*, void const**, unsigned lo           299293
  BUF_MEM_new                                                  302629
  names_free                                                   315328
  OBJ_get0_data                                                327251
  OPENSSL_LH_doall                                             329037
  OPENSSL_LH_flush                                             330659
  OSSL_PARAM_set_uint                                          338906
  ossl_provider_ctx                                            340874
  EVP_CIPHER_get_nid                                           364832
  ossl_lib_ctx_unlock                                          375831
  conf_value_cmp                                               384917
  invocation function for block in dyld3::MachOLoaded::findClosestSymbol(unsigned long long, char const**, unsigned long long*) c           393750
  OSSL_PARAM_locate_const                                      397832
  ossl_lib_ctx_read_lock                                       422505
  OPENSSL_LH_set_thunks                                        426747
  property_defn_cmp                                            439914
  ossl_cipher_generic_gettable_ctx_params                      445957
  evp_cipher_up_ref                                            454292
  ossl_provider_free                                           466295
  property_defn_hash                                           466540
  function_hash                                                475125
  value_free_hash                                              478247
  BN_free                                                      482423
  CRYPTO_realloc                                               487707
  ossl_provider_up_ref                                         490586
  OSSL_PARAM_set_uint32                                        502835
  ASN1_OBJECT_free                                             503300
  eat_alpha_numeric                                            510626
  ossl_sa_get                                                  512338
  sa_free_node                                                 547201
  OSSL_PARAM_construct_end                                     548292
  EVP_CIPHER_get0_provider                                     562953
  OSSL_PARAM_construct_uint                                    565964
  evp_cipher_free                                              576214
  do_all_fn                                                    584959
  EVP_CIPHER_free                                              625298
  ossl_provider_libctx                                         799245
  invocation function for block in dyld3::MachOLoaded::getLinkEditLoadCommands(Diagnostics&, dyld3::MachOLoaded::LinkEditInfo&) c           836918
  internal_free_nop                                            849862
  _platform_strncmp                                            867997
  name_string_free                                             895136
  OPENSSL_LH_error                                             926754
  OSSL_PARAM_set_size_t                                       1115300
  BUF_MEM_grow                                                1124364
  invocation function for block in dyld3::MachOFile::forEachSegment(void (dyld3::MachOFile::SegmentInfo const&, bool&) block_poin          1134704
  pthread_getspecific                                         1151041
  sk_reserve                                                  1163493
  _os_once                                                    1222281
  CRYPTO_THREAD_get_local                                     1282034
  _platform_memchr                                            1346789
  ossl_rcu_assign_uptr                                        1421793
  OSSL_PARAM_set_uint64                                       1511783
  names_lh_free_doall                                         1523234
  ossl_lib_ctx_get_data                                       1604299
  OSSL_PARAM_set_int                                          1612211
  _platform_strchr                                            1726425
  pthread_mutex_lock                                          1727269
  OSSL_PARAM_construct_size_t                                 1805586
  pthread_mutex_unlock                                        1833161
  _nanov2_free                                                1888762
  OPENSSL_sk_push                                             1965500
  _pthread_mutex_lock_init_slow                               1983422
  OPENSSL_sk_num                                              1999242
  _pthread_mutex_unlock_init_slow                             2083174
  _pthread_mutex_firstfit_lock_slow                           2201293
  _pthread_mutex_firstfit_unlock_slow                         2288790
  OPENSSL_sk_value                                            2330292
  OSSL_PARAM_set_int32                                        2427798
  obj_name_cmp                                                2502256
  OPENSSL_LH_strhash                                          2717698
  OSSL_PARAM_construct_int                                    2734469
  _platform_memcmp                                            2760298
  pthread_once                                                3027899
  OBJ_nid2obj                                                 3172679
  CRYPTO_atomic_load                                          3276830
  pthread_rwlock_rdlock                                       3326506
  SortFnByName                                                3363992
  ossl_lh_strcasehash                                         3669711
  __error                                                     3776541
  ossl_isdigit                                                3986665
  cipher_compare                                              4028057
  fnv1a_hash                                                  4444113
  _platform_memmove                                           6476055
  pthread_rwlock_wrlock                                       6683213
  pthread_rwlock_unlock                                      10003876
  err_string_data_cmp                                        10895649
  CRYPTO_free                                                12262148
  malloc                                                     13501843
  doapr_outch                                                15124734
  err_string_data_hash                                       16626031
  nanov2_malloc                                              18545594
  _platform_strlen                                           23195219
  _platform_memset                                           25416597
  nanov2_try_free_default                                    25865671
  _platform_strcmp                                           27990542
  ossl_tolower                                               59691972
