
  pd_free                                                        1750
  EVP_md5                                                        1834
  sigaction                                                      1917
  UI_OpenSSL                                                     1958
  EVP_des_ecb                                                    2084
  EVP_des_ede                                                    2125
  EVP_des_ofb                                                    2125
  EVP_mdc2                                                       2125
  EVP_rc4_40                                                     2125
  _cleanup                                                       2125
  EVP_sha1                                                       2166
  EVP_sha224                                                     2166
  EVP_sm4_ctr                                                    2166
  EVP_bf_ofb                                                     2167
  opt_unknown                                                    2167
  EVP_rc2_cbc                                                    2208
  EVP_seed_cbc                                                   2209
  EVP_sha512                                                     2209
  EVP_cast5_ofb                                                  2250
  EVP_sha384                                                     2250
  EVP_sm4_cbc                                                    2250
  UI_null                                                        2250
  EVP_md4                                                        2291
  EVP_sha3_224                                                   2291
  EVP_rc2_ofb                                                    2292
  EVP_rc4                                                        2292
  EVP_sm4_ofb                                                    2292
  EVP_idea_ofb                                                   2333
  EVP_shake128                                                   2333
  strchr                                                         2333
  EVP_sha3_512                                                   2334
  EVP_bf_cfb64                                                   2375
  EVP_sm4_ecb                                                    2416
  EVP_des_cbc                                                    2417
  EVP_des_ede3                                                   2417
  EVP_idea_cbc                                                   2417
  EVP_md5_sha1                                                   2417
  EVP_seed_ofb                                                   2417
  EVP_aes_192_gcm                                                2458
  EVP_sm3                                                        2458
  opt_next                                                       2458
  EVP_bf_cbc                                                     2459
  EVP_shake256                                                   2459
  EVP_rc2_ecb                                                    2500
  app_get0_propq                                                 2500
  EVP_MD_free                                                    2542
  EVP_des_cfb8                                                   2542
  EVP_des_ede_cbc                                                2542
  EVP_ripemd160                                                  2542
  EVP_seed_ecb                                                   2542
  EVP_sha3_384                                                   2542
  EVP_aes_192_ocb                                                2583
  EVP_blake2s256                                                 2583
  EVP_cast5_cbc                                                  2583
  EVP_des_cfb1                                                   2583
  EVP_aes_192_ccm                                                2584
  EVP_aes_128_cbc                                                2625
  EVP_aes_128_ctr                                                2625
  EVP_aes_256_xts                                                2625
  EVP_aria_128_ecb                                               2625
  EVP_idea_ecb                                                   2625
  EVP_aes_256_ocb                                                2666
  EVP_aes_256_cbc                                                2667
  EVP_des_ede_ofb                                                2667
  EVP_sha3_256                                                   2667
  vm_deallocate                                                  2667
  EVP_aes_128_ofb                                                2708
  EVP_aes_256_ctr                                                2708
  EVP_aes_256_gcm                                                2708
  EVP_aria_192_ctr                                               2708
  EVP_aria_256_cbc                                               2708
  EVP_aria_256_ofb                                               2708
  EVP_chacha20                                                   2708
  EVP_des_ede3_cbc                                               2708
  EVP_sha512_256                                                 2708
  EVP_aes_256_ecb                                                2709
  EVP_aria_256_ctr                                               2709
  EVP_sha512_224                                                 2709
  ENGINE_set_name                                                2750
  EVP_aes_128_cfb1                                               2750
  EVP_aria_128_ofb                                               2750
  EVP_aria_192_cbc                                               2750
  EVP_aria_256_gcm                                               2750
  EVP_bf_ecb                                                     2750
  EVP_des_ede3_ofb                                               2750
  EVP_desx_cbc                                                   2750
  EVP_sm4_cfb128                                                 2750
  EVP_whirlpool                                                  2750
  EVP_aes_192_cbc                                                2791
  EVP_blake2b512                                                 2791
  EVP_rc2_cfb64                                                  2791
  EVP_aes_128_ccm                                                2792
  EVP_aes_256_ccm                                                2792
  EVP_aes_256_ofb                                                2792
  EVP_aria_128_cbc                                               2792
  EVP_aria_192_ofb                                               2792
  EVP_aria_256_ecb                                               2792
  NCONF_default                                                  2792
  def_to_int                                                     2792
  EVP_aes_192_cfb1                                               2833
  EVP_aes_192_ctr                                                2833
  EVP_aes_256_cfb1                                               2833
  EVP_rc2_64_cbc                                                 2833
  lh_FUNCTION_free                                               2833
  EVP_aes_192_cfb8                                               2834
  EVP_rc2_40_cbc                                                 2834
  ossl_trace_cleanup                                             2834
  EVP_aes_192_wrap                                               2875
  EVP_aes_256_wrap                                               2875
  EVP_aria_192_ccm                                               2875
  EVP_aria_256_cfb1                                              2875
  EVP_rc4_hmac_md5                                               2875
  query_hash                                                     2875
  release_engine                                                 2875
  strrchr                                                        2875
  EVP_aria_192_cfb8                                              2917
  EVP_cast5_ecb                                                  2917
  EVP_idea_cfb64                                                 2917
  function_cmp                                                   2917
  BIO_f_cipher                                                   2958
  EVP_aes_128_xts                                                2958
  EVP_aes_192_ecb                                                2958
  EVP_aes_256_cfb8                                               2958
  EVP_aria_256_ccm                                               2958
  EVP_aria_256_cfb8                                              2958
  EVP_cast5_cfb64                                                2958
  OBJ_obj2txt                                                    2958
  EVP_aes_192_ofb                                                2959
  EVP_aria_192_cfb1                                              2959
  EVP_aria_192_gcm                                               2959
  EVP_aes_128_gcm                                                3000
  EVP_aes_128_wrap                                               3000
  property_cmp                                                   3000
  EVP_aes_128_cfb8                                               3041
  EVP_aes_128_ocb                                                3041
  EVP_aria_128_ctr                                               3041
  getrlimit                                                      3041
  COMP_get_type                                                  3042
  EVP_aria_128_ccm                                               3042
  EVP_aria_192_ecb                                               3042
  EVP_aria_128_gcm                                               3083
  EVP_aria_256_cfb128                                            3083
  EVP_des_ede3_cfb8                                              3083
  EVP_aria_128_cfb1                                              3084
  EVP_seed_cfb128                                                3084
  EVP_aria_128_cfb8                                              3125
  EVP_camellia_128_ctr                                           3125
  EVP_des_ede3_cfb1                                              3125
  EVP_des_ede_cfb64                                              3125
  signal                                                         3125
  ENGINE_set_id                                                  3167
  EVP_aes_192_wrap_pad                                           3167
  EVP_CIPHER_get_flags                                           3208
  OSSL_LIB_CTX_get_data                                          3208
  UI_method_set_writer                                           3208
  def_init_default                                               3208
  EVP_aes_128_ecb                                                3209
  EVP_aes_128_cfb128                                             3250
  EVP_aes_192_cfb128                                             3250
  EVP_aria_128_cfb128                                            3250
  EVP_aria_192_cfb128                                            3250
  EVP_camellia_256_cbc                                           3250
  EVP_camellia_256_ofb                                           3250
  EVP_des_ede3_cfb64                                             3250
  UI_method_set_closer                                           3250
  EVP_camellia_192_ctr                                           3291
  EVP_des_cfb64                                                  3291
  bio_sock_cleanup_int                                           3291
  EVP_aes_256_cfb128                                             3292
  EVP_camellia_128_cbc                                           3334
  EVP_camellia_128_ofb                                           3334
  UI_method_set_reader                                           3334
  EVP_add_alg_module                                             3375
  EVP_des_ede3_wrap                                              3375
  EVP_aes_128_wrap_pad                                           3417
  EVP_aes_256_wrap_pad                                           3417
  EVP_camellia_192_ofb                                           3417
  UI_method_set_opener                                           3417
  ossl_prov_ctx_free                                             3417
  EVP_camellia_128_cfb1                                          3458
  EVP_camellia_192_cbc                                           3458
  __cxa_finalize                                                 3458
  ossl_comp_zstd_cleanup                                         3458
  ossl_prov_ctx_new                                              3458
  ossl_store_cleanup_int                                         3458
  ENGINE_set_flags                                               3459
  EVP_camellia_192_cfb1                                          3459
  EVP_camellia_192_cfb8                                          3459
  EVP_camellia_256_cfb1                                          3459
  OSSL_PARAM_modified                                            3459
  EVP_camellia_256_ctr                                           3500
  __smakebuf                                                     3500
  opt_set_unknown_name                                           3500
  EVP_camellia_256_cfb8                                          3541
  EVP_camellia_256_ecb                                           3541
  EVP_camellia_128_cfb8                                          3542
  store_loader_cmp                                               3542
  init_thread_stop                                               3584
  ASN1_add_oid_module                                            3625
  EVP_chacha20_poly1305                                          3625
  close                                                          3625
  app_RAND_write                                                 3666
  ossl_lib_ctx_write_lock                                        3666
  ossl_comp_zlib_cleanup                                         3667
  ossl_comp_brotli_cleanup                                       3708
  ossl_prov_ctx_set0_handle                                      3708
  EVP_camellia_192_ecb                                           3709
  ASN1_add_stable_module                                         3750
  BIO_meth_set_ctrl                                              3750
  EVP_CipherFinal_ex                                             3750
  EVP_CipherUpdate                                               3750
  OSSL_STORE_register_loader                                     3750
  core_get_libctx                                                3750
  engine_load_rdrand_int                                         3750
  ERR_print_errors                                               3834
  BIO_meth_set_gets                                              3875
  BIO_meth_set_puts                                              3875
  COMP_zlib                                                      3875
  ENGINE_set_cmd_defns                                           3875
  ERR_get_error_all                                              3875
  EVP_CIPHER_fetch                                               3875
  EVP_camellia_128_cfb128                                        3875
  EVP_camellia_192_cfb128                                        3875
  NCONF_get0_libctx                                              3875
  evp_app_cleanup_int                                            3875
  BIO_meth_set_create                                            3917
  __getrlimit                                                    3917
  EVP_camellia_256_cfb128                                        4000
  opt_check_rest_arg                                             4000
  BIO_meth_set_destroy                                           4042
  ossl_prov_ctx_set0_libctx                                      4042
  null_gettable_ctx_params                                       4125
  aes_192_ofb_get_params                                         4167
  ossl_method_lock_store                                         4167
  BIO_meth_set_read_ex                                           4208
  CONF_imodule_get_value                                         4208
  CRYPTO_THREAD_get_current_id                                   4208
  EVP_camellia_128_ecb                                           4208
  OSSL_LIB_CTX_free                                              4208
  EVP_CIPHER_get_iv_length                                       4250
  EVP_PKEY_asn1_get_count                                        4250
  ossl_stored_namemap_free                                       4250
  ENGINE_add_conf_module                                         4292
  OSSL_CMP_log_close                                             4292
  OSSL_ERR_STATE_new                                             4292
  aes_v8_set_encrypt_key                                         4292
  ossl_config_add_ssl_module                                     4292
  ENGINE_set_ctrl_function                                       4333
  aes_128_cfb_get_params                                         4333
  aes_192_cfb_get_params                                         4333
  aes_192_ecb_get_params                                         4333
  sm4_128_cbc_get_params                                         4333
  aes_192_ctr_get_params                                         4334
  aes_128_ofb_get_params                                         4375
  aes_128_xts_get_params                                         4375
  aes_256_cbc_get_params                                         4375
  aes_256_ctr_get_params                                         4375
  aes_128_ccm_get_params                                         4416
  aes_128_ecb_get_params                                         4416
  dyld4::APIs::_tlv_exit()                                       4416
  ossl_lib_ctx_is_default                                        4416
  BIO_meth_set_write_ex                                          4417
  ossl_child_prov_ctx_new                                        4417
  aes_192_cfb8_get_params                                        4459
  aes_192_siv_get_params                                         4459
  OSSL_STORE_LOADER_set_eof                                      4500
  aes_128_cbc_get_params                                         4500
  aes_192_cbc_get_params                                         4500
  aes_192_cfb1_get_params                                        4500
  aes_256_cfb_get_params                                         4500
  aes_256_ofb_get_params                                         4500
  aria_256_ctr_get_params                                        4500
  chacha20_gettable_ctx_params                                   4500
  ossl_method_unlock_store                                       4500
  ossl_random_add_conf_module                                    4500
  tdes_wrap_get_params                                           4500
  ENGINE_set_init_function                                       4541
  aes_192_ccm_get_params                                         4542
  aes_256_ccm_get_params                                         4542
  aria_192_ctr_get_params                                        4542
  chacha20_get_params                                            4542
  EVP_aes_256_cbc_hmac_sha1                                      4583
  aes_128_cfb8_get_params                                        4583
  aes_128_ctr_get_params                                         4583
  aes_256_siv_get_params                                         4583
  aria_128_ecb_get_params                                        4583
  sm4_128_gcm_get_params                                         4583
  tdes_ede3_cbc_get_params                                       4583
  aria_192_cbc_get_params                                        4584
  aria_256_cbc_get_params                                        4584
  ENGINE_set_finish_function                                     4625
  UI_method_set_prompt_constructor                               4625
  aes_128_cfb1_get_params                                        4625
  aes_128_siv_get_params                                         4625
  aria_128_ofb_get_params                                        4625
  aria_192_ofb_get_params                                        4625
  aria_256_cfb1_get_params                                       4625
  OSSL_STORE_unregister_loader                                   4666
  aes_256_gcm_get_params                                         4666
  aria_128_cfb1_get_params                                       4666
  EVP_sha256                                                     4667
  aes_128_ocb_get_params                                         4667
  aes_192_gcm_get_params                                         4667
  aria_128_cbc_get_params                                        4667
  aria_192_cfb8_get_params                                       4667
  engine_pkey_meths_free                                         4667
  ossl_bio_core_globals_free                                     4667
  ossl_cipher_generic_reset_ctx                                  4667
  ossl_rand_cleanup_int                                          4667
  OSSL_STORE_LOADER_set_load                                     4708
  aes_256_wrap_get_params                                        4708
  aria_256_cfb_get_params                                        4708
  ossl_prov_ctx_get0_libctx                                      4708
  ossl_provider_add_conf_module                                  4708
  pthread_cond_destroy                                           4708
  OSSL_trace_set_channel                                         4709
  aes_192_wrap_get_params                                        4709
  aria_192_ecb_get_params                                        4709
  aria_256_ofb_get_params                                        4709
  OSSL_STORE_LOADER_set_error                                    4750
  aes_256_cfb8_get_params                                        4750
  aes_256_xts_get_params                                         4750
  aes_cts_192_cbc_get_params                                     4750
  aes_v8_ctr32_encrypt_blocks                                    4750
  aria_192_cfb1_get_params                                       4750
  lsl::Lock::unlock()                                            4750
  ossl_bio_core_globals_new                                      4750
  sm4_128_ctr_get_params                                         4750
  sm4_128_xts_get_params                                         4750
  tdes_ede3_cfb8_get_params                                      4750
  OSSL_STORE_LOADER_set_close                                    4792
  aes_256_cfb1_get_params                                        4792
  aria_128_cfb_get_params                                        4792
  aria_192_cfb_get_params                                        4792
  tdes_ede2_cbc_get_params                                       4792
  aes_cts_256_cbc_get_params                                     4833
  aria_192_gcm_get_params                                        4833
  ossl_prov_ctx_set0_core_bio_method                             4833
  sm4_128_cfb128_get_params                                      4833
  tdes_ede2_ecb_get_params                                       4833
  tdes_ede3_ofb_get_params                                       4833
  aes_192_ocb_get_params                                         4834
  aria_128_cfb8_get_params                                       4834
  pthread_self                                                   4834
  EVP_aes_256_cbc_hmac_sha256                                    4875
  aria_256_cfb8_get_params                                       4875
  ENGINE_load_builtin_engines                                    4916
  aria_128_ctr_get_params                                        4916
  def_is_number                                                  4916
  BIO_free                                                       4917
  EVP_aes_128_cbc_hmac_sha256                                    4917
  aria_128_ccm_get_params                                        4917
  aes_256_wrapinv_get_params                                     4958
  aes_cts_128_cbc_get_params                                     4959
  sm4_128_ccm_get_params                                         4959
  sm4_128_ofb128_get_params                                      4959
  tdes_ede3_cfb_get_params                                       4959
  OSSL_STORE_LOADER_free                                         5000
  OSSL_STORE_LOADER_set_expect                                   5000
  aria_128_gcm_get_params                                        5000
  camellia_128_ecb_get_params                                    5000
  camellia_192_ecb_get_params                                    5000
  ossl_ctx_global_properties_new                                 5000
  tdes_ede3_cfb1_get_params                                      5000
  camellia_128_cbc_get_params                                    5041
  camellia_256_ctr_get_params                                    5041
  aes_256_ecb_get_params                                         5042
  ossl_property_match_count                                      5042
  tdes_ede2_cfb_get_params                                       5042
  aes_128_gcm_get_params                                         5083
  aes_128_wrap_get_params                                        5083
  EVP_CIPHER_get_key_length                                      5084
  OPENSSL_cpuid_setup                                            5084
  OSSL_STORE_LOADER_set_open                                     5125
  __sigaction                                                    5125
  aes_256_ocb_get_params                                         5125
  aria_192_ccm_get_params                                        5125
  camellia_128_cfb8_get_params                                   5125
  camellia_192_ctr_get_params                                    5125
  camellia_256_cbc_get_params                                    5125
  ossl_property_has_optional                                     5125
  ossl_prov_cipher_hw_aes_ctr                                    5125
  sm4_128_ecb_get_params                                         5166
  aes_128_wrappad_get_params                                     5167
  aes_192_wrapinv_get_params                                     5167
  camellia_128_ctr_get_params                                    5167
  camellia_192_cbc_get_params                                    5167
  ossl_indicator_set_callback_free                               5167
  tdes_ede2_ofb_get_params                                       5167
  ossl_free_compression_methods_int                              5208
  EVP_aes_128_cbc_hmac_sha1                                      5209
  ossl_init_thread_deregister                                    5209
  camellia_256_cfb1_get_params                                   5250
  engine_remove_dynamic_id                                       5291
  ossl_self_test_set_callback_free                               5291
  Diagnostics::clearError()                                      5292
  ENGINE_get_cipher_engine                                       5292
  aria_256_ccm_get_params                                        5292
  aria_256_gcm_get_params                                        5292
  medium_region_for_ptr_no_lock                                  5292
  ossl_store_register_init                                       5292
  camellia_128_cfb1_get_params                                   5333
  camellia_128_cfb_get_params                                    5333
  camellia_192_cfb8_get_params                                   5333
  camellia_256_ofb_get_params                                    5333
  aria_256_ecb_get_params                                        5375
  camellia_256_cfb_get_params                                    5375
  engine_pkey_asn1_meths_free                                    5375
  aes_256_wrappad_get_params                                     5416
  camellia_256_ecb_get_params                                    5416
  camellia_192_cfb1_get_params                                   5417
  tdes_ede3_ecb_get_params                                       5417
  __fcntl                                                        5500
  chacha20_poly1305_get_params                                   5500
  aes_192_wrappad_get_params                                     5541
  camellia_256_cfb8_get_params                                   5541
  camellia_cts_192_cbc_get_params                                5542
  ossl_prov_ctx_get0_core_bio_method                             5542
  aes_256_wrappadinv_get_params                                  5583
  getegid                                                        5583
  ossl_aes_256_gcm_siv_get_params                                5583
  camellia_192_cfb_get_params                                    5584
  memset                                                         5584
  OSSL_PARAM_get_int                                             5624
  aes_128_wrapinv_get_params                                     5625
  camellia_192_ofb_get_params                                    5625
  EVP_CIPHER_CTX_get_block_size                                  5667
  OPENSSL_sk_sort                                                5667
  camellia_128_ofb_get_params                                    5667
  ossl_provider_unquery_operation                                5667
  chacha20_poly1305_gettable_ctx_params                          5708
  ossl_self_test_set_callback_new                                5708
  camellia_cts_256_cbc_get_params                                5750
  free_medium                                                    5750
  geteuid                                                        5750
  getgid                                                         5750
  aes_128_wrappadinv_get_params                                  5791
  OSSL_LIB_CTX_set_conf_diagnostics                              5792
  aes_192_wrappadinv_get_params                                  5792
  ossl_aes_192_gcm_siv_get_params                                5792
  opt_arg                                                        5832
  medium_malloc_from_free_list                                   5917
  ossl_aes_128_gcm_siv_get_params                                5958
  camellia_cts_128_cbc_get_params                                6000
  ossl_prov_seeding_from_dispatch                                6000
  app_get0_libctx                                                6083
  ossl_indicator_set_callback_new                                6167
  getuid                                                         6208
  BIO_set_data                                                   6333
  ossl_prov_bio_from_dispatch                                    6333
  EVP_CIPHER_get_mode                                            6543
  EVP_RAND_CTX_free                                              6833
  dyld3::kdebug_trace_dyld_enabled(unsigned int)                 6833
  OSSL_PARAM_get_int32                                           6875
  dyld4::RuntimeState::notifyObjCPatching()                      6917
  BIO_next                                                       7084
  dyld4::Loader::hiddenFromFlat(bool) const                      7166
  bio_open_default                                               7208
  store_loader_hash                                              7374
  ENGINE_register_EC                                             7375
  _platform_strnlen                                              7375
  EVP_CipherInit_ex                                              7500
  dyld4::BumpAllocator::~BumpAllocator()                         7500
  _kernelrpc_mach_port_deallocate_trap                           7542
  ENGINE_register_DH                                             7583
  dyld4::handleFromLoader(dyld4::Loader const*, bool)             7791
  OPENSSL_sk_pop                                                 7793
  tiny_free_no_lock                                              8042
  dyld4::JustInTimeLoader::hiddenFromFlat(bool) const             8125
  ENGINE_register_DSA                                            8126
  ENGINE_register_RAND                                           8126
  BIO_copy_next_retry                                            8166
  err_unshelve_state                                             8166
  file_ctrl                                                      8167
  ENGINE_register_RSA                                            8209
  X509_get_default_cert_area                                     8292
  lsl::Lock::lock()                                              8334
  openssl_fopen                                                  8375
  flsl                                                           8417
  __sclose                                                       8458
  lsl::EphemeralAllocator::reset()                               8459
  ossl_lib_ctx_get_concrete                                      8666
  _kernelrpc_mach_port_construct_trap                            8709
  __sflags                                                       8792
  dyld4::Loader::beginInitializers(dyld4::RuntimeState&)             8875
  ENGINE_register_digests                                        8916
  strlen                                                         8916
  ENGINE_register_ciphers                                        9208
  free_small                                                     9208
  dyld4::RuntimeState::incDlRefCount(dyld4::Loader const*)             9250
  BIO_set_init                                                   9333
  ossl_cipher_generic_einit                                      9334
  ossl_sa_new                                                    9416
  ENGINE_register_pkey_meths                                     9500
  lsl::Vector<dyld4::Loader const*>::reserveExact(unsigned long)             9584
  DSO_METHOD_openssl                                            10082
  ossl_property_free                                            10124
  CRYPTO_atomic_or                                              10292
  BIO_set_flags                                                 10334
  OSSL_LIB_CTX_get_conf_diagnostics                             10375
  ossl_cipher_generic_set_ctx_params                            10417
  dyld4::JustInTimeLoader::beginInitializers(dyld4::RuntimeState&)            10458
  tiny_malloc_from_free_list                                    10583
  ENGINE_register_pkey_asn1_meths                               10917
  ossl_lib_ctx_get_ex_data_global                               11208
  engine_free_util                                              11249
  ossl_lib_ctx_get_rcukey                                       11375
  NCONF_get_section                                             11584
  lsl::Vector<lsl::MemoryManager::Buffer>::reserve(unsigned long)            11708
  fstat                                                         11874
  ossl_sa_doall_arg                                             11959
  aes_siv_gettable_ctx_params                                   12000
  dyld4::RuntimeState::doSingletonPatching(dyld4::DyldCacheDataConstLazyScopedWriter&)            12500
  ossl_cipher_capable_aes_cbc_hmac_sha256                       12541
  OPENSSL_cleanse                                               12543
  ossl_property_value                                           12709
  __bzero                                                       12750
  EVP_add_cipher                                                12834
  ossl_cipher_capable_aes_cbc_hmac_sha1                         13125
  cipher_ocb_gettable_ctx_params                                13251
  aes_cbc_cts_gettable_ctx_params                               13625
  dyld4::Loader::loadDependents(Diagnostics&, dyld4::RuntimeState&, dyld4::Loader::LoadOptions const&)            14333
  BIO_clear_flags                                               14417
  dyld4::DyldCacheDataConstLazyScopedWriter::DyldCacheDataConstLazyScopedWriter(dyld4::RuntimeState&)            14500
  small_try_realloc_in_place                                    14583
  DSO_free                                                      14710
  sa_doall                                                      14832
  BIO_get_data                                                  15001
  lsl::EphemeralAllocator::~EphemeralAllocator()                15041
  _NSGetEnviron                                                 15083
  dyld4::Loader::path() const                                   15417
  CRYPTO_atomic_add                                             15459
  ossl_aes_gcm_siv_gettable_ctx_params                          15583
  dyld4::JustInTimeLoader::loadDependents(Diagnostics&, dyld4::RuntimeState&, dyld4::Loader::LoadOptions const&)            15834
  __sflush                                                      15916
  camellia_cbc_cts_gettable_ctx_params                          16082
  dyld3::MachOFile::is64() const                                16499
  os_unfair_recursive_lock_unlock                               16500
  ossl_prov_is_running                                          16791
  file_new                                                      17209
  CRYPTO_THREAD_lock_free                                       17624
  OPENSSL_LH_get_down_load                                      17667
  file_free                                                     17918
  _kernelrpc_mach_port_destruct_trap                            18250
  BIO_new                                                       18458
  dyld4::JustInTimeLoader::path() const                         18916
  FMT_istext                                                    19250
  pthread_cond_init                                             19376
  pthread_mutex_destroy                                         19583
  kdebug_is_enabled                                             19960
  property_free                                                 20541
  invocation function for block in dyld4::Loader::forEachPath(Diagnostics&, dyld4::RuntimeState&, char const*, dyld4::Loader::Loa            20542
  rack_region_insert                                            20666
  os_unfair_recursive_lock_lock_with_options                    20958
  dyld4::LibSystemHelpers::pthread_getspecific(unsigned long) const            21208
  __chkstk_darwin_probe                                         21458
  dyld4::Loader::matchesPath(char const*) const                 21750
  lsl::EphemeralAllocator::deallocate_buffer(lsl::MemoryManager::Buffer)            22334
  os_unfair_lock_assert_not_owner                               22459
  _kernelrpc_mach_vm_deallocate_trap                            22750
  small_size                                                    22877
  ___chkstk_darwin                                              22959
  dyld4::ProcessConfig::DyldCache::indexOfPath(char const*, unsigned int&) const            23417
  pthread_mutex_init                                            24833
  dyld4::Loader::loadAddress(dyld4::RuntimeState&) const            26042
  __findenv_locked                                              27376
  dyld3::ScopedTimer::endTimer()                                27666
  ossl_property_name                                            28001
  OPENSSL_strnlen                                               28750
  OPENSSL_sk_delete                                             28834
  lsl::MemoryManager::lockGuard()                               29376
  dyld4::JustInTimeLoader::loadAddress(dyld4::RuntimeState&) const            29958
  __close_nocancel                                              30125
  small_free_list_find_by_ptr                                   30333
  _pthread_mutex_check_init_slow                                32709
  __open                                                        33291
  lsl::AllocationMetadata::AllocationMetadata(lsl::Allocator*, unsigned long)            33958
  OPENSSL_LH_set_down_load                                      34709
  CRYPTO_new_ex_data                                            35959
  tiny_free_list_remove_ptr                                     37248
  small_free_list_remove_ptr                                    38415
  szone_good_size                                               38459
  dyld4::LibSystemHelpers::os_unfair_recursive_lock_unlock(os_unfair_recursive_lock_s*) const            39541
  OPENSSL_sk_free                                               40249
  small_malloc_from_free_list                                   41001
  Diagnostics::hasError() const                                 41416
  get_tiny_previous_free_msize                                  41417
  ossl_rcu_write_lock                                           41999
  dyld4::LibSystemHelpers::os_unfair_lock_unlock(os_unfair_lock_s*) const            42583
  EVP_PKEY_asn1_get0                                            42624
  _kernelrpc_mach_vm_map_trap                                   42833
  __write_nocancel                                              44249
  ossl_rcu_write_unlock                                         45123
  pthread_setspecific                                           47417
  small_free_list_remove_ptr_no_clear                           47708
  ossl_tdes_gettable_ctx_params                                 47917
  madvise                                                       48208
  Diagnostics::noError() const                                  48710
  small_free_list_add_ptr                                       48835
  dyld3::MachOFile::read_uleb128(Diagnostics&, unsigned char const*&, unsigned char const*)            50334
  dyld4::RuntimeState::PermanentRanges::contains(unsigned long, unsigned long, unsigned char*, dyld4::Loader const**) const            52042
  _tiny_check_and_zero_inline_meta_from_freelist                52125
  EVP_PKEY_asn1_get0_info                                       53541
  dyld4::LibSystemHelpers::os_unfair_recursive_lock_lock_with_options(os_unfair_recursive_lock_s*, os_unfair_lock_options_t) cons            54042
  szone_malloc                                                  54374
  pthread_cond_broadcast                                        55291
  tiny_size                                                     59127
  dyld4::LibSystemHelpers::os_unfair_lock_lock_with_options(os_unfair_lock_s*, os_unfair_lock_options_t) const            61585
  realloc                                                       62462
  set_tiny_meta_header_in_use                                   63874
  _qsort                                                        63959
  tiny_free_list_add_ptr                                        64832
  lsl::EphemeralAllocator::allocate_buffer(unsigned long, unsigned long, unsigned long)            64918
  _szone_free                                                   65626
  OPENSSL_sk_pop_free                                           71711
  mach_msg2_trap                                                72458
  ossl_cipher_aead_gettable_ctx_params                          73122
  strcmp                                                        73542
  szone_try_free_default                                        78418
  os_unfair_lock_assert_owner                                   78957
  rack_get_thread_index                                         80167
  dyld3::kdebug_trace_dyld_duration_end(unsigned long long, unsigned int, dyld3::kt_arg, dyld3::kt_arg, dyld3::kt_arg)            83167
  invocation function for block in dyld3::MachOFile::getDylibInstallName(char const**, unsigned int*, unsigned int*) const            83584
  property_hash                                                 88830
  EVP_CIPHER_get_type                                           89417
  dyld3::OverflowSafeArray<unsigned int, 4294967295ul>::verifySpace(unsigned long)            91959
  dyld4::Loader::contains(dyld4::RuntimeState&, void const*, void const**, unsigned long long*, unsigned char*) const            96832
  pthread_cond_signal                                          101998
  Diagnostics::assertNoError() const                           109667
  nanov2_size                                                  111920
  pthread_rwlock_init                                          116376
  pthread_rwlock_destroy                                       123417
  os_unfair_lock_unlock                                        129541
  __open_nocancel                                              136959
  deflt_query                                                  137541
  Diagnostics::~Diagnostics()                                  142581
  Diagnostics::Diagnostics(bool)                               150874
  get_legacy_evp_names                                         157791
  ossl_ctype_check                                             167541
  os_unfair_lock_lock_with_options                             182789
  EVP_MD_get_type                                              191203
  __read_nocancel                                              192458
  nanov2_pointer_size                                          195669
  invocation function for block in dyld3::MachOFile::getEntry(unsigned long long&, bool&) const           196876
  free                                                         206497
  _Block_object_dispose                                        220667
  OPENSSL_hexchar2int                                          236210
  nanov2_allocate_from_block                                   250417
  ossl_sa_set                                                  255211
  strncmp                                                      269793
  trim_ws                                                      275705
  invocation function for block in dyld4::JustInTimeLoader::contains(dyld4::RuntimeState&, void const*, void const**, unsigned lo           298542
  BUF_MEM_new                                                  302883
  names_free                                                   318377
  OBJ_get0_data                                                325468
  OPENSSL_LH_doall                                             339962
  OPENSSL_LH_flush                                             346377
  OSSL_PARAM_set_uint                                          349575
  ossl_provider_ctx                                            351579
  conf_value_cmp                                               374081
  EVP_CIPHER_get_nid                                           375748
  ossl_lib_ctx_unlock                                          388960
  OSSL_PARAM_locate_const                                      411043
  invocation function for block in dyld3::MachOLoaded::findClosestSymbol(unsigned long long, char const**, unsigned long long*) c           411335
  ossl_lib_ctx_read_lock                                       437253
  OPENSSL_LH_set_thunks                                        442829
  property_defn_cmp                                            445369
  ossl_cipher_generic_gettable_ctx_params                      460834
  evp_cipher_up_ref                                            461167
  value_free_hash                                              465787
  function_hash                                                471421
  BN_free                                                      471621
  property_defn_hash                                           471800
  ossl_provider_free                                           472587
  CRYPTO_realloc                                               486458
  ASN1_OBJECT_free                                             497112
  ossl_provider_up_ref                                         497454
  eat_alpha_numeric                                            508665
  OSSL_PARAM_set_uint32                                        509251
  ossl_sa_get                                                  528959
  OSSL_PARAM_construct_end                                     556343
  sa_free_node                                                 564963
  EVP_CIPHER_get0_provider                                     570372
  do_all_fn                                                    574118
  OSSL_PARAM_construct_uint                                    575083
  evp_cipher_free                                              590074
  EVP_CIPHER_free                                              646050
  ossl_provider_libctx                                         821998
  _platform_strncmp                                            859717
  invocation function for block in dyld3::MachOLoaded::getLinkEditLoadCommands(Diagnostics&, dyld3::MachOLoaded::LinkEditInfo&) c           862501
  internal_free_nop                                            873408
  name_string_free                                             907300
  _os_once                                                     940583
  OPENSSL_LH_error                                             941503
  BUF_MEM_grow                                                1114468
  invocation function for block in dyld3::MachOFile::forEachSegment(void (dyld3::MachOFile::SegmentInfo const&, bool&) block_poin          1118416
  sk_reserve                                                  1146982
  OSSL_PARAM_set_size_t                                       1153887
  pthread_getspecific                                         1169909
  CRYPTO_THREAD_get_local                                     1299580
  _platform_memchr                                            1337763
  ossl_rcu_assign_uptr                                        1397328
  names_lh_free_doall                                         1533423
  OSSL_PARAM_set_uint64                                       1541415
  ossl_lib_ctx_get_data                                       1627912
  OSSL_PARAM_set_int                                          1663718
  pthread_mutex_lock                                          1717957
  _platform_strchr                                            1745084
  pthread_mutex_unlock                                        1821497
  OSSL_PARAM_construct_size_t                                 1840550
  _nanov2_free                                                1883157
  _pthread_mutex_lock_init_slow                               1975578
  OPENSSL_sk_push                                             1991857
  OPENSSL_sk_num                                              2053578
  _pthread_mutex_unlock_init_slow                             2081243
  _pthread_mutex_firstfit_lock_slow                           2191822
  _pthread_mutex_firstfit_unlock_slow                         2280730
  OPENSSL_sk_value                                            2325081
  OSSL_PARAM_set_int32                                        2468423
  obj_name_cmp                                                2492531
  OPENSSL_LH_strhash                                          2722374
  _platform_memcmp                                            2741865
  OSSL_PARAM_construct_int                                    2782810
  CRYPTO_atomic_load                                          3271862
  pthread_rwlock_rdlock                                       3332615
  SortFnByName                                                3355921
  pthread_once                                                3357831
  OBJ_nid2obj                                                 3396677
  ossl_lh_strcasehash                                         3720129
  __error                                                     3724692
  ossl_isdigit                                                3933092
  cipher_compare                                              3967793
  fnv1a_hash                                                  4402251
  _platform_memmove                                           6466721
  pthread_rwlock_wrlock                                       6661293
  pthread_rwlock_unlock                                       9980199
  err_string_data_cmp                                        10911730
  CRYPTO_free                                                12416818
  malloc                                                     13452337
  doapr_outch                                                14888555
  err_string_data_hash                                       16705010
  nanov2_malloc                                              18539254
  _platform_strlen                                           22936448
  _platform_memset                                           25425282
  nanov2_try_free_default                                    25876139
  _platform_strcmp                                           28231474
  ossl_tolower                                               59568435
