
  pd_free                                                        1625
  sigaction                                                      1708
  EVP_md5                                                        1750
  EVP_sha1                                                       1875
  EVP_rc4_40                                                     1958
  EVP_sha224                                                     1959
  EVP_bf_cbc                                                     2000
  UI_OpenSSL                                                     2000
  EVP_sha512                                                     2041
  EVP_bf_ofb                                                     2083
  EVP_rc2_cbc                                                    2083
  EVP_mdc2                                                       2125
  EVP_rc2_ofb                                                    2125
  EVP_rc4                                                        2125
  EVP_seed_cbc                                                   2125
  EVP_sm4_cbc                                                    2125
  EVP_sm4_ofb                                                    2166
  EVP_des_ecb                                                    2167
  EVP_idea_ofb                                                   2167
  EVP_md4                                                        2167
  EVP_sha384                                                     2167
  EVP_sha3_224                                                   2167
  _cleanup                                                       2167
  EVP_idea_cbc                                                   2208
  EVP_sha3_512                                                   2208
  opt_unknown                                                    2208
  EVP_cast5_ofb                                                  2250
  EVP_des_cbc                                                    2250
  UI_null                                                        2250
  strchr                                                         2250
  EVP_des_ede3                                                   2291
  EVP_shake256                                                   2291
  EVP_seed_ofb                                                   2292
  EVP_shake128                                                   2292
  EVP_sm4_ecb                                                    2292
  EVP_chacha20                                                   2333
  EVP_rc2_cfb64                                                  2333
  EVP_des_cfb8                                                   2375
  EVP_md5_sha1                                                   2375
  EVP_aes_256_gcm                                                2416
  EVP_des_cfb1                                                   2416
  EVP_aes_192_cbc                                                2417
  EVP_rc2_64_cbc                                                 2417
  EVP_sm3                                                        2417
  EVP_sm4_ctr                                                    2417
  EVP_aes_256_cbc                                                2458
  EVP_aes_256_ccm                                                2458
  EVP_blake2s256                                                 2458
  EVP_sha512_256                                                 2458
  EVP_aes_192_gcm                                                2459
  EVP_aes_256_cfb1                                               2500
  EVP_aes_256_ofb                                                2500
  EVP_cast5_cbc                                                  2500
  EVP_ripemd160                                                  2500
  EVP_sha3_256                                                   2500
  app_get0_propq                                                 2500
  EVP_aes_192_cfb8                                               2541
  EVP_des_ede                                                    2541
  EVP_bf_ecb                                                     2542
  EVP_aes_192_ccm                                                2583
  EVP_aria_192_ctr                                               2583
  EVP_cast5_ecb                                                  2583
  EVP_idea_ecb                                                   2583
  EVP_sha3_384                                                   2583
  release_engine                                                 2583
  EVP_aes_192_ocb                                                2584
  EVP_aes_256_ctr                                                2584
  EVP_aes_128_ofb                                                2625
  EVP_aes_192_cfb1                                               2625
  EVP_aes_256_wrap                                               2625
  EVP_aes_256_xts                                                2625
  EVP_aria_128_ctr                                               2625
  EVP_bf_cfb64                                                   2625
  EVP_des_ofb                                                    2625
  EVP_seed_ecb                                                   2625
  EVP_sha512_224                                                 2625
  EVP_whirlpool                                                  2625
  EVP_aria_256_ccm                                               2666
  EVP_MD_free                                                    2667
  EVP_aes_192_ecb                                                2667
  EVP_aes_192_ofb                                                2667
  EVP_aria_256_ctr                                               2667
  EVP_aria_256_ofb                                               2667
  EVP_desx_cbc                                                   2667
  EVP_rc2_ecb                                                    2667
  EVP_seed_cfb128                                                2667
  COMP_get_type                                                  2708
  EVP_aes_128_cbc                                                2708
  EVP_aes_128_ccm                                                2708
  EVP_aria_256_ecb                                               2708
  EVP_rc2_40_cbc                                                 2708
  EVP_sm4_cfb128                                                 2708
  lh_FUNCTION_free                                               2708
  opt_next                                                       2708
  ossl_trace_cleanup                                             2708
  ENGINE_set_id                                                  2709
  EVP_aes_256_ocb                                                2709
  EVP_aria_192_gcm                                               2709
  ENGINE_set_name                                                2750
  EVP_aes_128_wrap                                               2750
  EVP_aria_192_cbc                                               2750
  EVP_blake2b512                                                 2750
  EVP_des_ede_cbc                                                2750
  EVP_idea_cfb64                                                 2750
  vm_deallocate                                                  2750
  EVP_aes_256_cfb8                                               2791
  EVP_aria_128_ofb                                               2791
  EVP_cast5_cfb64                                                2791
  EVP_rc4_hmac_md5                                               2791
  def_to_int                                                     2791
  EVP_aes_128_cfb8                                               2792
  EVP_aes_128_ctr                                                2792
  EVP_aes_256_ecb                                                2792
  EVP_aria_256_cbc                                               2792
  query_hash                                                     2792
  strrchr                                                        2792
  EVP_aes_128_cfb1                                               2833
  EVP_aes_128_xts                                                2833
  EVP_aes_192_ctr                                                2833
  EVP_aes_256_cfb128                                             2833
  EVP_aria_256_cfb1                                              2833
  EVP_des_ede3_ofb                                               2833
  EVP_aria_128_cbc                                               2875
  EVP_aria_192_ofb                                               2875
  EVP_des_ede3_cbc                                               2875
  EVP_des_ede3_cfb8                                              2875
  EVP_des_ede3_wrap                                              2875
  EVP_des_ede_ofb                                                2875
  property_cmp                                                   2875
  EVP_aria_128_ecb                                               2916
  EVP_aria_192_ccm                                               2916
  getrlimit                                                      2916
  EVP_aria_192_cfb1                                              2917
  EVP_des_ede_cfb64                                              2917
  BIO_f_cipher                                                   2958
  EVP_aes_192_wrap                                               2958
  EVP_aria_192_cfb8                                              2958
  OBJ_obj2txt                                                    2958
  EVP_aria_128_cfb8                                              3000
  EVP_aria_192_cfb128                                            3000
  EVP_aria_192_ecb                                               3000
  EVP_aes_128_cfb128                                             3042
  EVP_aes_256_wrap_pad                                           3042
  EVP_aria_128_cfb1                                              3042
  EVP_des_ede3_cfb1                                              3042
  NCONF_default                                                  3042
  def_init_default                                               3042
  EVP_aria_256_cfb8                                              3083
  function_cmp                                                   3083
  signal                                                         3083
  EVP_aria_256_cfb128                                            3084
  EVP_camellia_256_ctr                                           3084
  ossl_store_cleanup_int                                         3084
  EVP_aria_128_cfb128                                            3125
  EVP_camellia_128_ofb                                           3125
  EVP_camellia_192_cbc                                           3125
  EVP_aria_256_gcm                                               3166
  __cxa_finalize                                                 3166
  EVP_aes_128_wrap_pad                                           3167
  EVP_aria_128_ccm                                               3167
  EVP_camellia_256_ofb                                           3167
  EVP_des_cfb64                                                  3167
  EVP_CIPHER_get_flags                                           3208
  EVP_aes_128_ecb                                                3208
  EVP_aes_192_cfb128                                             3208
  EVP_aes_192_wrap_pad                                           3208
  EVP_des_ede3_cfb64                                             3208
  UI_method_set_writer                                           3208
  OSSL_LIB_CTX_get_data                                          3209
  EVP_aes_128_gcm                                                3250
  EVP_aria_128_gcm                                               3250
  EVP_camellia_192_ctr                                           3250
  EVP_camellia_192_ofb                                           3250
  ossl_prov_ctx_new                                              3250
  EVP_camellia_128_cbc                                           3333
  EVP_camellia_256_cfb8                                          3333
  EVP_chacha20_poly1305                                          3333
  UI_method_set_closer                                           3333
  EVP_camellia_128_ctr                                           3334
  EVP_aes_128_ocb                                                3375
  EVP_camellia_128_cfb8                                          3375
  OSSL_PARAM_modified                                            3375
  __smakebuf                                                     3375
  ossl_comp_zstd_cleanup                                         3375
  bio_sock_cleanup_int                                           3416
  EVP_add_alg_module                                             3417
  UI_method_set_reader                                           3417
  app_RAND_write                                                 3417
  ENGINE_set_flags                                               3458
  EVP_camellia_192_cfb1                                          3458
  EVP_camellia_192_cfb8                                          3458
  EVP_camellia_256_cbc                                           3458
  EVP_camellia_256_ecb                                           3458
  init_thread_stop                                               3458
  COMP_zlib                                                      3500
  EVP_camellia_192_ecb                                           3500
  EVP_camellia_256_cfb1                                          3500
  OSSL_STORE_register_loader                                     3500
  store_loader_cmp                                               3500
  BIO_meth_set_puts                                              3583
  EVP_camellia_192_cfb128                                        3583
  ossl_comp_zlib_cleanup                                         3583
  ossl_comp_brotli_cleanup                                       3584
  EVP_CipherUpdate                                               3625
  EVP_camellia_128_cfb1                                          3625
  EVP_camellia_128_cfb128                                        3625
  EVP_camellia_256_cfb128                                        3625
  UI_method_set_opener                                           3625
  free_medium                                                    3625
  opt_set_unknown_name                                           3625
  NCONF_get0_libctx                                              3666
  EVP_camellia_128_ecb                                           3667
  __getrlimit                                                    3667
  engine_load_rdrand_int                                         3667
  core_get_libctx                                                3708
  BIO_meth_set_ctrl                                              3750
  evp_app_cleanup_int                                            3750
  BIO_meth_set_gets                                              3791
  EVP_CipherFinal_ex                                             3791
  ossl_prov_ctx_free                                             3792
  ossl_prov_ctx_set0_handle                                      3792
  ASN1_add_stable_module                                         3834
  BIO_meth_set_create                                            3875
  ERR_print_errors                                               3875
  opt_check_rest_arg                                             3875
  ossl_child_prov_ctx_new                                        3875
  ASN1_add_oid_module                                            3916
  ossl_lib_ctx_write_lock                                        3916
  dyld4::APIs::_tlv_exit()                                       3917
  ENGINE_set_cmd_defns                                           3958
  ERR_get_error_all                                              4000
  EVP_CIPHER_fetch                                               4000
  BIO_meth_set_destroy                                           4041
  CRYPTO_THREAD_get_current_id                                   4041
  close                                                          4042
  ossl_stored_namemap_free                                       4042
  null_gettable_ctx_params                                       4083
  ossl_prov_ctx_set0_libctx                                      4125
  EVP_PKEY_asn1_get_count                                        4166
  OSSL_LIB_CTX_free                                              4167
  aes_v8_set_encrypt_key                                         4167
  ENGINE_add_conf_module                                         4208
  EVP_CIPHER_get_iv_length                                       4208
  __sigaction                                                    4208
  aes_128_gcm_get_params                                         4208
  chacha20_gettable_ctx_params                                   4208
  OSSL_ERR_STATE_new                                             4250
  ossl_lib_ctx_is_default                                        4250
  ossl_method_unlock_store                                       4291
  CONF_imodule_get_value                                         4292
  aes_192_cfb_get_params                                         4292
  ossl_config_add_ssl_module                                     4333
  chacha20_get_params                                            4334
  ossl_method_lock_store                                         4334
  ossl_prov_ctx_get0_libctx                                      4334
  sm4_128_cbc_get_params                                         4334
  BIO_meth_set_read_ex                                           4375
  ENGINE_set_ctrl_function                                       4375
  aes_256_ctr_get_params                                         4375
  OSSL_CMP_log_close                                             4416
  aes_192_ecb_get_params                                         4416
  aes_192_siv_get_params                                         4416
  aes_128_cbc_get_params                                         4417
  aes_128_ctr_get_params                                         4417
  aes_192_ctr_get_params                                         4417
  sm4_128_ctr_get_params                                         4417
  aes_128_cfb1_get_params                                        4458
  aes_256_siv_get_params                                         4458
  aria_192_cbc_get_params                                        4458
  aria_192_cfb1_get_params                                       4458
  aes_256_ofb_get_params                                         4459
  aria_256_ofb_get_params                                        4459
  ossl_bio_core_globals_new                                      4459
  BIO_meth_set_write_ex                                          4500
  OSSL_STORE_LOADER_set_eof                                      4500
  aes_128_ecb_get_params                                         4500
  aes_128_ofb_get_params                                         4500
  aes_192_cfb8_get_params                                        4500
  aes_256_ccm_get_params                                         4500
  aes_v8_ctr32_encrypt_blocks                                    4500
  aria_192_cfb8_get_params                                       4500
  aria_192_ecb_get_params                                        4500
  ossl_cipher_generic_reset_ctx                                  4500
  tiny_free_no_lock                                              4500
  aes_128_cfb_get_params                                         4541
  aes_192_ocb_get_params                                         4541
  aes_256_cbc_get_params                                         4541
  aria_256_cbc_get_params                                        4541
  EVP_aes_256_cbc_hmac_sha1                                      4542
  aes_128_ocb_get_params                                         4542
  aria_128_cfb_get_params                                        4542
  aria_192_ofb_get_params                                        4542
  ossl_ctx_global_properties_new                                 4542
  tdes_ede2_cbc_get_params                                       4542
  aria_256_cfb8_get_params                                       4583
  ossl_bio_core_globals_free                                     4583
  tiny_try_realloc_in_place                                      4583
  ENGINE_set_init_function                                       4584
  aes_192_cbc_get_params                                         4584
  ENGINE_set_finish_function                                     4625
  OPENSSL_cpuid_setup                                            4625
  OSSL_trace_set_channel                                         4625
  aes_128_cfb8_get_params                                        4625
  aes_128_xts_get_params                                         4625
  aes_192_ofb_get_params                                         4625
  aes_256_cfb8_get_params                                        4625
  aes_256_cfb_get_params                                         4625
  aria_128_ecb_get_params                                        4625
  aria_256_cfb_get_params                                        4625
  aria_256_ecb_get_params                                        4625
  def_is_number                                                  4625
  ossl_rand_cleanup_int                                          4625
  aes_128_ccm_get_params                                         4666
  aria_128_ctr_get_params                                        4666
  aria_256_cfb1_get_params                                       4666
  aria_256_ctr_get_params                                        4666
  tdes_ede3_cbc_get_params                                       4666
  aes_192_ccm_get_params                                         4667
  aria_128_cfb8_get_params                                       4667
  tdes_ede2_ecb_get_params                                       4667
  EVP_aes_256_cbc_hmac_sha256                                    4708
  OSSL_STORE_LOADER_set_close                                    4708
  OSSL_STORE_LOADER_set_error                                    4708
  OSSL_STORE_unregister_loader                                   4708
  aes_128_siv_get_params                                         4708
  aes_192_gcm_get_params                                         4708
  aes_cts_192_cbc_get_params                                     4708
  aria_128_gcm_get_params                                        4708
  aria_192_ctr_get_params                                        4708
  ossl_random_add_conf_module                                    4708
  aes_cts_128_cbc_get_params                                     4709
  engine_pkey_meths_free                                         4709
  ossl_provider_add_conf_module                                  4709
  aes_128_wrappad_get_params                                     4750
  aes_192_wrapinv_get_params                                     4750
  BIO_free                                                       4791
  sm4_128_xts_get_params                                         4791
  tdes_ede3_cfb8_get_params                                      4791
  aes_192_cfb1_get_params                                        4792
  aria_128_cfb1_get_params                                       4792
  aria_192_cfb_get_params                                        4792
  lsl::Lock::unlock()                                            4792
  ossl_prov_ctx_set0_core_bio_method                             4792
  sm4_128_cfb128_get_params                                      4792
  OSSL_STORE_LOADER_set_load                                     4833
  aes_128_wrap_get_params                                        4833
  aes_256_gcm_get_params                                         4833
  aria_128_ccm_get_params                                        4833
  aria_192_gcm_get_params                                        4833
  tdes_wrap_get_params                                           4833
  aria_128_cbc_get_params                                        4834
  sm4_128_ofb128_get_params                                      4834
  tdes_ede2_cfb_get_params                                       4834
  EVP_aes_128_cbc_hmac_sha1                                      4875
  aes_192_wrap_get_params                                        4875
  aes_256_ecb_get_params                                         4875
  aes_256_ocb_get_params                                         4875
  aes_256_wrapinv_get_params                                     4875
  aes_256_xts_get_params                                         4875
  aria_256_gcm_get_params                                        4875
  camellia_192_cbc_get_params                                    4875
  memset                                                         4875
  ossl_prov_cipher_hw_aes_ctr                                    4875
  sm4_128_ccm_get_params                                         4875
  sm4_128_ecb_get_params                                         4875
  EVP_sha256                                                     4916
  OSSL_STORE_LOADER_free                                         4916
  pthread_cond_destroy                                           4916
  aes_256_wrap_get_params                                        4917
  camellia_128_ctr_get_params                                    4917
  sm4_128_gcm_get_params                                         4917
  ENGINE_load_builtin_engines                                    4958
  camellia_192_cfb_get_params                                    4958
  ossl_self_test_set_callback_new                                4958
  tdes_ede3_cfb_get_params                                       4958
  tdes_ede3_ofb_get_params                                       4959
  UI_method_set_prompt_constructor                               5000
  aes_192_wrappad_get_params                                     5000
  aes_256_wrappad_get_params                                     5000
  camellia_256_cbc_get_params                                    5000
  engine_remove_dynamic_id                                       5000
  ossl_indicator_set_callback_new                                5000
  ossl_property_match_count                                      5000
  ossl_store_register_init                                       5000
  tdes_ede2_ofb_get_params                                       5000
  camellia_256_cfb_get_params                                    5041
  OSSL_STORE_LOADER_set_open                                     5042
  aes_cts_256_cbc_get_params                                     5042
  camellia_192_ctr_get_params                                    5042
  camellia_256_ctr_get_params                                    5042
  ENGINE_get_cipher_engine                                       5083
  EVP_aes_128_cbc_hmac_sha256                                    5083
  aes_256_cfb1_get_params                                        5083
  aria_192_ccm_get_params                                        5083
  camellia_256_cfb1_get_params                                   5083
  Diagnostics::clearError()                                      5125
  aes_192_wrappadinv_get_params                                  5125
  camellia_128_cfb_get_params                                    5125
  camellia_128_ecb_get_params                                    5125
  EVP_CIPHER_get_key_length                                      5166
  aria_128_ofb_get_params                                        5166
  camellia_128_cbc_get_params                                    5167
  camellia_128_cfb8_get_params                                   5167
  OSSL_STORE_LOADER_set_expect                                   5208
  aria_256_ccm_get_params                                        5208
  camellia_192_cfb8_get_params                                   5209
  aes_128_wrappadinv_get_params                                  5250
  camellia_256_cfb8_get_params                                   5250
  camellia_256_ofb_get_params                                    5250
  camellia_128_cfb1_get_params                                   5291
  medium_region_for_ptr_no_lock                                  5292
  ossl_self_test_set_callback_free                               5292
  aes_128_wrapinv_get_params                                     5333
  camellia_128_ofb_get_params                                    5333
  camellia_192_ofb_get_params                                    5333
  engine_pkey_asn1_meths_free                                    5333
  aes_256_wrappadinv_get_params                                  5334
  tdes_ede3_cfb1_get_params                                      5334
  OSSL_PARAM_get_int                                             5375
  ossl_free_compression_methods_int                              5375
  ossl_indicator_set_callback_free                               5375
  camellia_cts_192_cbc_get_params                                5458
  ossl_aes_256_gcm_siv_get_params                                5458
  ossl_property_has_optional                                     5500
  ossl_provider_unquery_operation                                5500
  camellia_cts_256_cbc_get_params                                5541
  __fcntl                                                        5542
  camellia_192_ecb_get_params                                    5583
  chacha20_poly1305_get_params                                   5583
  ossl_prov_ctx_get0_core_bio_method                             5583
  getegid                                                        5624
  pthread_self                                                   5625
  tdes_ede3_ecb_get_params                                       5625
  EVP_CIPHER_CTX_get_block_size                                  5666
  chacha20_poly1305_gettable_ctx_params                          5667
  camellia_256_ecb_get_params                                    5708
  ossl_aes_128_gcm_siv_get_params                                5791
  OSSL_LIB_CTX_set_conf_diagnostics                              5833
  camellia_192_cfb1_get_params                                   5833
  camellia_cts_128_cbc_get_params                                5833
  medium_malloc_from_free_list                                   5875
  ossl_init_thread_deregister                                    5875
  ossl_prov_bio_from_dispatch                                    5875
  OPENSSL_sk_sort                                                5958
  geteuid                                                        5958
  getuid                                                         5959
  ossl_aes_192_gcm_siv_get_params                                6000
  getgid                                                         6041
  opt_arg                                                        6042
  ossl_prov_seeding_from_dispatch                                6125
  BIO_set_data                                                   6167
  app_get0_libctx                                                6208
  free_small                                                     6208
  EVP_CIPHER_get_mode                                            6250
  OSSL_PARAM_get_int32                                           6501
  dyld4::Loader::hiddenFromFlat(bool) const                      6667
  dyld4::RuntimeState::notifyObjCPatching()                      6667
  BIO_next                                                       7125
  EVP_RAND_CTX_free                                              7167
  dyld4::BumpAllocator::~BumpAllocator()                         7167
  EVP_CipherInit_ex                                              7250
  _kernelrpc_mach_port_deallocate_trap                           7250
  dyld4::handleFromLoader(dyld4::Loader const*, bool)             7250
  _platform_strnlen                                              7293
  dyld3::kdebug_trace_dyld_enabled(unsigned int)                 7333
  store_loader_hash                                              7458
  bio_open_default                                               7459
  OPENSSL_sk_pop                                                 7500
  BIO_copy_next_retry                                            7666
  ENGINE_register_EC                                             7708
  dyld4::JustInTimeLoader::hiddenFromFlat(bool) const             7875
  err_unshelve_state                                             7917
  ENGINE_register_DH                                             7958
  openssl_fopen                                                  8043
  file_ctrl                                                      8083
  X509_get_default_cert_area                                     8166
  ENGINE_register_RSA                                            8167
  _kernelrpc_mach_port_construct_trap                            8250
  dyld4::Loader::beginInitializers(dyld4::RuntimeState&)             8291
  ENGINE_register_RAND                                           8292
  ENGINE_register_DSA                                            8459
  __sclose                                                       8459
  lsl::EphemeralAllocator::reset()                               8584
  flsl                                                           8625
  ossl_lib_ctx_get_concrete                                      8708
  BIO_set_init                                                   8917
  dyld4::RuntimeState::incDlRefCount(dyld4::Loader const*)             9000
  strlen                                                         9042
  ENGINE_register_digests                                        9083
  __sflags                                                       9083
  lsl::Lock::lock()                                              9083
  lsl::Vector<dyld4::Loader const*>::reserveExact(unsigned long)             9083
  ossl_sa_new                                                    9167
  ENGINE_register_ciphers                                        9250
  ossl_cipher_generic_einit                                      9376
  ENGINE_register_pkey_meths                                     9500
  BIO_set_flags                                                  9583
  dyld4::JustInTimeLoader::beginInitializers(dyld4::RuntimeState&)             9583
  DSO_METHOD_openssl                                             9665
  ossl_property_free                                             9751
  ossl_cipher_generic_set_ctx_params                            10084
  CRYPTO_atomic_or                                              10208
  OSSL_LIB_CTX_get_conf_diagnostics                             10292
  tiny_malloc_from_free_list                                    10334
  ENGINE_register_pkey_asn1_meths                               10959
  engine_free_util                                              11209
  NCONF_get_section                                             11291
  ossl_lib_ctx_get_rcukey                                       11291
  OPENSSL_cleanse                                               11500
  ossl_lib_ctx_get_ex_data_global                               11542
  ossl_sa_doall_arg                                             11666
  deflt_query                                                   11667
  lsl::Vector<lsl::MemoryManager::Buffer>::reserve(unsigned long)            11667
  aes_siv_gettable_ctx_params                                   12083
  dyld4::RuntimeState::doSingletonPatching(dyld4::DyldCacheDataConstLazyScopedWriter&)            12167
  ossl_cipher_capable_aes_cbc_hmac_sha256                       12583
  __bzero                                                       12584
  ossl_property_value                                           12584
  ossl_cipher_capable_aes_cbc_hmac_sha1                         12874
  EVP_add_cipher                                                12875
  cipher_ocb_gettable_ctx_params                                13166
  _kernelrpc_mach_vm_deallocate_trap                            13417
  aes_cbc_cts_gettable_ctx_params                               13709
  BIO_clear_flags                                               13833
  dyld4::Loader::loadDependents(Diagnostics&, dyld4::RuntimeState&, dyld4::Loader::LoadOptions const&)            13959
  dyld4::DyldCacheDataConstLazyScopedWriter::DyldCacheDataConstLazyScopedWriter(dyld4::RuntimeState&)            14125
  lsl::EphemeralAllocator::~EphemeralAllocator()                14291
  fstat                                                         14583
  dyld4::Loader::path() const                                   14709
  BIO_get_data                                                  14749
  DSO_free                                                      15000
  sa_doall                                                      15001
  dyld4::JustInTimeLoader::loadDependents(Diagnostics&, dyld4::RuntimeState&, dyld4::Loader::LoadOptions const&)            15458
  CRYPTO_atomic_add                                             15542
  _NSGetEnviron                                                 15542
  ossl_aes_gcm_siv_gettable_ctx_params                          15626
  camellia_cbc_cts_gettable_ctx_params                          15667
  __sflush                                                      15751
  file_free                                                     15959
  dyld3::MachOFile::is64() const                                16209
  os_unfair_recursive_lock_unlock                               16292
  file_new                                                      16626
  ossl_prov_is_running                                          16707
  CRYPTO_THREAD_lock_free                                       17667
  pthread_mutex_destroy                                         17793
  OPENSSL_LH_get_down_load                                      17834
  invocation function for block in dyld4::Loader::forEachPath(Diagnostics&, dyld4::RuntimeState&, char const*, dyld4::Loader::Loa            17875
  _kernelrpc_mach_port_destruct_trap                            18125
  dyld4::JustInTimeLoader::path() const                         18166
  FMT_istext                                                    18208
  kdebug_is_enabled                                             18458
  BIO_new                                                       19043
  small_try_realloc_in_place                                    19333
  pthread_cond_init                                             19501
  rack_region_insert                                            19957
  __chkstk_darwin_probe                                         20291
  property_free                                                 20499
  os_unfair_recursive_lock_lock_with_options                    20583
  lsl::EphemeralAllocator::deallocate_buffer(lsl::MemoryManager::Buffer)            20917
  dyld4::Loader::matchesPath(char const*) const                 20999
  dyld4::LibSystemHelpers::pthread_getspecific(unsigned long) const            21291
  small_size                                                    21333
  ___chkstk_darwin                                              21833
  os_unfair_lock_assert_not_owner                               22165
  dyld4::ProcessConfig::DyldCache::indexOfPath(char const*, unsigned int&) const            23709
  small_free_list_find_by_ptr                                   24666
  pthread_mutex_init                                            24958
  dyld4::Loader::loadAddress(dyld4::RuntimeState&) const            25417
  ossl_property_name                                            26458
  lsl::MemoryManager::lockGuard()                               26750
  dyld3::ScopedTimer::endTimer()                                26751
  __findenv_locked                                              26916
  mach_msg2_trap                                                27083
  OPENSSL_strnlen                                               27832
  OPENSSL_sk_delete                                             28209
  small_free_list_remove_ptr                                    28335
  dyld4::JustInTimeLoader::loadAddress(dyld4::RuntimeState&) const            28835
  __open                                                        29208
  tiny_free_list_remove_ptr                                     32416
  _pthread_mutex_check_init_slow                                32833
  lsl::AllocationMetadata::AllocationMetadata(lsl::Allocator*, unsigned long)            33583
  small_free_list_remove_ptr_no_clear                           34667
  CRYPTO_new_ex_data                                            34709
  OPENSSL_LH_set_down_load                                      34876
  _kernelrpc_mach_vm_map_trap                                   36292
  __read_nocancel                                               37084
  szone_good_size                                               38041
  dyld4::LibSystemHelpers::os_unfair_recursive_lock_unlock(os_unfair_recursive_lock_s*) const            38376
  OPENSSL_sk_free                                               39291
  Diagnostics::hasError() const                                 40207
  dyld4::LibSystemHelpers::os_unfair_lock_unlock(os_unfair_lock_s*) const            40583
  get_tiny_previous_free_msize                                  40750
  ossl_rcu_write_lock                                           42374
  EVP_PKEY_asn1_get0                                            42624
  small_free_list_add_ptr                                       44750
  ossl_rcu_write_unlock                                         45334
  pthread_setspecific                                           46084
  ossl_tdes_gettable_ctx_params                                 46624
  __write_nocancel                                              47500
  Diagnostics::noError() const                                  47583
  small_malloc_from_free_list                                   48584
  dyld3::MachOFile::read_uleb128(Diagnostics&, unsigned char const*&, unsigned char const*)            50042
  dyld4::RuntimeState::PermanentRanges::contains(unsigned long, unsigned long, unsigned char*, dyld4::Loader const**) const            50501
  _tiny_check_and_zero_inline_meta_from_freelist                52210
  dyld4::LibSystemHelpers::os_unfair_recursive_lock_lock_with_options(os_unfair_recursive_lock_s*, os_unfair_lock_options_t) cons            52833
  EVP_PKEY_asn1_get0_info                                       53705
  szone_malloc                                                  55544
  pthread_cond_broadcast                                        55627
  tiny_size                                                     57915
  dyld4::LibSystemHelpers::os_unfair_lock_lock_with_options(os_unfair_lock_s*, os_unfair_lock_options_t) const            58791
  madvise                                                       60706
  realloc                                                       60835
  lsl::EphemeralAllocator::allocate_buffer(unsigned long, unsigned long, unsigned long)            63043
  set_tiny_meta_header_in_use                                   63167
  tiny_free_list_add_ptr                                        64539
  _qsort                                                        65373
  _szone_free                                                   69170
  ossl_cipher_aead_gettable_ctx_params                          70793
  strcmp                                                        73251
  OPENSSL_sk_pop_free                                           74126
  __close_nocancel                                              74417
  szone_try_free_default                                        77707
  os_unfair_lock_assert_owner                                   77958
  dyld3::kdebug_trace_dyld_duration_end(unsigned long long, unsigned int, dyld3::kt_arg, dyld3::kt_arg, dyld3::kt_arg)            81458
  rack_get_thread_index                                         81834
  invocation function for block in dyld3::MachOFile::getDylibInstallName(char const**, unsigned int*, unsigned int*) const            83541
  property_hash                                                 85709
  EVP_CIPHER_get_type                                           90458
  dyld3::OverflowSafeArray<unsigned int, 4294967295ul>::verifySpace(unsigned long)            91375
  dyld4::Loader::contains(dyld4::RuntimeState&, void const*, void const**, unsigned long long*, unsigned char*) const            95624
  pthread_cond_signal                                          103834
  Diagnostics::assertNoError() const                           109291
  nanov2_size                                                  112622
  pthread_rwlock_init                                          112709
  pthread_rwlock_destroy                                       122079
  os_unfair_lock_unlock                                        125666
  __open_nocancel                                              137874
  Diagnostics::~Diagnostics()                                  141623
  Diagnostics::Diagnostics(bool)                               150002
  get_legacy_evp_names                                         161166
  ossl_ctype_check                                             169128
  os_unfair_lock_lock_with_options                             170254
  invocation function for block in dyld3::MachOFile::getEntry(unsigned long long&, bool&) const           187501
  nanov2_pointer_size                                          194374
  EVP_MD_get_type                                              195959
  free                                                         203741
  _Block_object_dispose                                        216165
  nanov2_allocate_from_block                                   240627
  OPENSSL_hexchar2int                                          242458
  ossl_sa_set                                                  246753
  strncmp                                                      267999
  trim_ws                                                      276631
  invocation function for block in dyld4::JustInTimeLoader::contains(dyld4::RuntimeState&, void const*, void const**, unsigned lo           300042
  BUF_MEM_new                                                  303503
  names_free                                                   313163
  OPENSSL_LH_flush                                             329294
  OPENSSL_LH_doall                                             329744
  OBJ_get0_data                                                330074
  OSSL_PARAM_set_uint                                          340670
  ossl_provider_ctx                                            344040
  EVP_CIPHER_get_nid                                           364753
  conf_value_cmp                                               374545
  ossl_lib_ctx_unlock                                          376202
  OSSL_PARAM_locate_const                                      397543
  invocation function for block in dyld3::MachOLoaded::findClosestSymbol(unsigned long long, char const**, unsigned long long*) c           401877
  ossl_lib_ctx_read_lock                                       422005
  OPENSSL_LH_set_thunks                                        430375
  property_defn_cmp                                            441625
  ossl_cipher_generic_gettable_ctx_params                      445250
  evp_cipher_up_ref                                            453959
  property_defn_hash                                           462086
  ossl_provider_free                                           462454
  value_free_hash                                              469377
  function_hash                                                476916
  BN_free                                                      481700
  CRYPTO_realloc                                               485342
  ossl_provider_up_ref                                         488964
  OSSL_PARAM_set_uint32                                        501384
  eat_alpha_numeric                                            507123
  ASN1_OBJECT_free                                             510794
  ossl_sa_get                                                  513747
  OSSL_PARAM_construct_end                                     546915
  EVP_CIPHER_get0_provider                                     556964
  sa_free_node                                                 558160
  OSSL_PARAM_construct_uint                                    565127
  evp_cipher_free                                              571505
  do_all_fn                                                    584951
  EVP_CIPHER_free                                              637665
  ossl_provider_libctx                                         800866
  invocation function for block in dyld3::MachOLoaded::getLinkEditLoadCommands(Diagnostics&, dyld3::MachOLoaded::LinkEditInfo&) c           835250
  internal_free_nop                                            864415
  _platform_strncmp                                            866585
  name_string_free                                             893205
  OPENSSL_LH_error                                             920958
  invocation function for block in dyld3::MachOFile::forEachSegment(void (dyld3::MachOFile::SegmentInfo const&, bool&) block_poin          1118958
  BUF_MEM_grow                                                1120422
  OSSL_PARAM_set_size_t                                       1127337
  sk_reserve                                                  1155424
  pthread_getspecific                                         1156122
  _os_once                                                    1210806
  CRYPTO_THREAD_get_local                                     1280700
  _platform_memchr                                            1349363
  ossl_rcu_assign_uptr                                        1411379
  OSSL_PARAM_set_uint64                                       1512799
  names_lh_free_doall                                         1517335
  ossl_lib_ctx_get_data                                       1597584
  OSSL_PARAM_set_int                                          1613011
  _platform_strchr                                            1720412
  pthread_mutex_lock                                          1722996
  OSSL_PARAM_construct_size_t                                 1803179
  pthread_mutex_unlock                                        1828036
  _nanov2_free                                                1885337
  OPENSSL_sk_push                                             1974160
  _pthread_mutex_lock_init_slow                               1976549
  OPENSSL_sk_num                                              2002338
  _pthread_mutex_unlock_init_slow                             2103374
  _pthread_mutex_firstfit_lock_slow                           2200873
  _pthread_mutex_firstfit_unlock_slow                         2293198
  OPENSSL_sk_value                                            2309728
  OSSL_PARAM_set_int32                                        2444538
  obj_name_cmp                                                2490890
  OPENSSL_LH_strhash                                          2694922
  OSSL_PARAM_construct_int                                    2746361
  _platform_memcmp                                            2750208
  pthread_once                                                3027913
  OBJ_nid2obj                                                 3135550
  CRYPTO_atomic_load                                          3307316
  pthread_rwlock_rdlock                                       3311127
  SortFnByName                                                3369132
  ossl_lh_strcasehash                                         3661910
  __error                                                     3816665
  cipher_compare                                              3992579
  ossl_isdigit                                                4001988
  fnv1a_hash                                                  4410181
  _platform_memmove                                           6475161
  pthread_rwlock_wrlock                                       6661405
  pthread_rwlock_unlock                                       9936636
  err_string_data_cmp                                        10809525
  CRYPTO_free                                                12173972
  malloc                                                     13324815
  doapr_outch                                                15185117
  err_string_data_hash                                       16531555
  nanov2_malloc                                              18510362
  _platform_strlen                                           23145104
  _platform_memset                                           25270569
  nanov2_try_free_default                                    25723502
  _platform_strcmp                                           27963978
  ossl_tolower                                               59743190
