
  pd_free                                                        1667
  EVP_md5                                                        1750
  sigaction                                                      1792
  EVP_rc4                                                        1958
  UI_OpenSSL                                                     1958
  EVP_bf_cbc                                                     2000
  EVP_sm3                                                        2000
  EVP_bf_ofb                                                     2042
  EVP_sha384                                                     2042
  UI_null                                                        2083
  EVP_des_ofb                                                    2084
  EVP_md4                                                        2084
  EVP_rc2_cbc                                                    2084
  EVP_rc4_40                                                     2084
  EVP_sm4_cbc                                                    2084
  EVP_rc2_ofb                                                    2125
  EVP_sha1                                                       2125
  EVP_sha224                                                     2125
  EVP_des_ecb                                                    2166
  EVP_seed_cbc                                                   2166
  EVP_des_ede                                                    2167
  EVP_mdc2                                                       2167
  EVP_idea_cbc                                                   2250
  EVP_idea_ofb                                                   2250
  EVP_sha512                                                     2250
  EVP_sm4_ofb                                                    2250
  _cleanup                                                       2250
  opt_unknown                                                    2250
  EVP_cast5_ofb                                                  2291
  EVP_seed_ofb                                                   2291
  EVP_sha3_224                                                   2291
  EVP_des_cbc                                                    2292
  EVP_md5_sha1                                                   2292
  strchr                                                         2292
  EVP_shake256                                                   2333
  EVP_des_cfb8                                                   2334
  EVP_chacha20                                                   2375
  EVP_des_ede3                                                   2375
  EVP_sm4_ctr                                                    2375
  app_get0_propq                                                 2375
  release_engine                                                 2375
  EVP_sha3_384                                                   2416
  EVP_des_cfb1                                                   2417
  COMP_get_type                                                  2458
  EVP_sha512_224                                                 2458
  EVP_shake128                                                   2458
  EVP_ripemd160                                                  2459
  EVP_sha512_256                                                 2459
  EVP_aes_128_cbc                                                2500
  EVP_aes_192_cbc                                                2500
  EVP_aes_256_gcm                                                2500
  EVP_blake2s256                                                 2500
  EVP_rc2_40_cbc                                                 2500
  EVP_sm4_ecb                                                    2500
  EVP_aes_256_cbc                                                2542
  EVP_aes_256_ctr                                                2542
  EVP_seed_ecb                                                   2542
  lh_FUNCTION_free                                               2542
  EVP_aes_256_ccm                                                2583
  EVP_aes_256_ocb                                                2583
  EVP_aes_256_ofb                                                2583
  EVP_bf_ecb                                                     2583
  EVP_desx_cbc                                                   2583
  EVP_idea_ecb                                                   2583
  EVP_rc2_cfb64                                                  2583
  EVP_sha3_256                                                   2583
  opt_next                                                       2583
  EVP_aes_192_ocb                                                2584
  EVP_aria_256_ctr                                               2584
  EVP_MD_free                                                    2625
  EVP_aes_128_ctr                                                2625
  EVP_aes_192_ccm                                                2625
  EVP_aes_192_cfb8                                               2625
  EVP_aes_192_ecb                                                2625
  EVP_aes_192_gcm                                                2625
  EVP_aes_256_cfb1                                               2625
  EVP_aria_192_cbc                                               2625
  EVP_aria_192_ccm                                               2625
  EVP_aria_256_ecb                                               2625
  EVP_bf_cfb64                                                   2625
  EVP_des_ede_cbc                                                2625
  EVP_rc2_64_cbc                                                 2625
  EVP_rc2_ecb                                                    2625
  EVP_sha3_512                                                   2625
  EVP_aria_256_ofb                                               2666
  EVP_des_ede_ofb                                                2666
  EVP_aes_192_ofb                                                2667
  EVP_aes_256_ecb                                                2667
  EVP_aria_192_cfb1                                              2667
  EVP_aria_256_cbc                                               2667
  EVP_cast5_cbc                                                  2667
  EVP_aes_128_ccm                                                2708
  EVP_aes_128_ofb                                                2708
  EVP_aes_256_wrap                                               2708
  EVP_aria_192_ctr                                               2708
  EVP_aria_192_gcm                                               2708
  EVP_aria_192_ofb                                               2708
  EVP_aria_256_gcm                                               2708
  EVP_cast5_cfb64                                                2708
  EVP_whirlpool                                                  2708
  vm_deallocate                                                  2708
  EVP_aria_256_ccm                                               2709
  ENGINE_set_id                                                  2750
  EVP_aes_128_cfb1                                               2750
  EVP_aes_256_cfb8                                               2750
  EVP_aria_128_cbc                                               2750
  EVP_aria_128_ctr                                               2750
  EVP_aria_128_ecb                                               2750
  EVP_aria_128_ofb                                               2750
  EVP_blake2b512                                                 2750
  EVP_cast5_ecb                                                  2750
  EVP_rc4_hmac_md5                                               2750
  def_to_int                                                     2750
  EVP_des_ede3_cfb8                                              2791
  EVP_aes_192_wrap                                               2792
  EVP_aes_256_xts                                                2792
  EVP_idea_cfb64                                                 2792
  strrchr                                                        2792
  ENGINE_set_name                                                2833
  EVP_aria_256_cfb1                                              2833
  EVP_des_ede3_ofb                                               2833
  EVP_des_ede3_wrap                                              2833
  EVP_sm4_cfb128                                                 2833
  ossl_trace_cleanup                                             2833
  EVP_aes_128_xts                                                2834
  EVP_seed_cfb128                                                2834
  signal                                                         2834
  BIO_f_cipher                                                   2875
  EVP_aes_192_cfb1                                               2875
  EVP_aes_192_ctr                                                2875
  EVP_des_ede3_cfb1                                              2875
  OBJ_obj2txt                                                    2875
  query_hash                                                     2875
  EVP_aria_192_cfb8                                              2917
  EVP_aria_192_ecb                                               2958
  EVP_aria_256_cfb8                                              2958
  getrlimit                                                      2958
  __cxa_finalize                                                 2959
  EVP_aes_128_wrap                                               3000
  EVP_aria_192_cfb128                                            3000
  EVP_des_cfb64                                                  3000
  EVP_des_ede3_cbc                                               3000
  EVP_des_ede_cfb64                                              3000
  NCONF_default                                                  3000
  def_init_default                                               3000
  property_cmp                                                   3000
  EVP_aria_128_cfb128                                            3041
  EVP_aria_256_cfb128                                            3041
  EVP_aes_128_cfb8                                               3042
  EVP_aes_256_cfb128                                             3042
  EVP_aria_128_cfb8                                              3042
  EVP_aes_128_cfb128                                             3083
  EVP_camellia_192_ofb                                           3083
  EVP_aes_128_gcm                                                3084
  EVP_aes_192_cfb128                                             3125
  EVP_aria_128_gcm                                               3125
  EVP_camellia_256_ofb                                           3125
  OSSL_LIB_CTX_get_data                                          3125
  EVP_camellia_192_cbc                                           3166
  EVP_aes_128_ocb                                                3167
  EVP_aes_256_wrap_pad                                           3167
  UI_method_set_writer                                           3167
  EVP_aria_128_ccm                                               3208
  function_cmp                                                   3208
  EVP_camellia_192_ctr                                           3209
  EVP_camellia_256_cbc                                           3209
  ossl_store_cleanup_int                                         3209
  EVP_aes_128_ecb                                                3250
  EVP_aes_128_wrap_pad                                           3250
  EVP_aes_192_wrap_pad                                           3250
  EVP_camellia_128_ofb                                           3250
  EVP_camellia_192_cfb1                                          3250
  EVP_des_ede3_cfb64                                             3250
  EVP_camellia_128_ctr                                           3291
  EVP_camellia_192_cfb8                                          3291
  EVP_camellia_128_cbc                                           3292
  __smakebuf                                                     3292
  ossl_prov_ctx_free                                             3292
  EVP_camellia_128_cfb1                                          3333
  EVP_camellia_256_cfb8                                          3333
  ossl_comp_zstd_cleanup                                         3334
  COMP_zlib                                                      3375
  EVP_aria_128_cfb1                                              3375
  EVP_camellia_128_cfb8                                          3375
  UI_method_set_closer                                           3375
  EVP_add_alg_module                                             3416
  EVP_camellia_256_ctr                                           3416
  bio_sock_cleanup_int                                           3417
  ENGINE_set_flags                                               3458
  EVP_camellia_256_cfb1                                          3458
  EVP_chacha20_poly1305                                          3458
  OSSL_PARAM_modified                                            3458
  opt_set_unknown_name                                           3458
  EVP_CIPHER_get_flags                                           3500
  engine_load_rdrand_int                                         3500
  UI_method_set_reader                                           3541
  EVP_camellia_256_ecb                                           3542
  OSSL_STORE_register_loader                                     3542
  EVP_camellia_256_cfb128                                        3584
  store_loader_cmp                                               3584
  EVP_camellia_192_ecb                                           3625
  free_medium                                                    3625
  init_thread_stop                                               3625
  ossl_comp_brotli_cleanup                                       3625
  ossl_prov_ctx_new                                              3625
  __getrlimit                                                    3666
  EVP_camellia_128_ecb                                           3667
  UI_method_set_opener                                           3667
  app_RAND_write                                                 3667
  ossl_prov_ctx_set0_handle                                      3667
  ASN1_add_oid_module                                            3708
  EVP_CipherUpdate                                               3708
  EVP_camellia_128_cfb128                                        3708
  ossl_lib_ctx_write_lock                                        3708
  ossl_comp_zlib_cleanup                                         3709
  ASN1_add_stable_module                                         3750
  BIO_meth_set_gets                                              3750
  BIO_meth_set_puts                                              3750
  NCONF_get0_libctx                                              3750
  evp_app_cleanup_int                                            3750
  EVP_camellia_192_cfb128                                        3791
  dyld4::APIs::_tlv_exit()                                       3792
  opt_check_rest_arg                                             3792
  ERR_get_error_all                                              3833
  BIO_meth_set_ctrl                                              3834
  EVP_CipherFinal_ex                                             3875
  core_get_libctx                                                3917
  ossl_method_unlock_store                                       3917
  ossl_prov_ctx_get0_libctx                                      3917
  BIO_meth_set_create                                            3958
  BIO_meth_set_destroy                                           3958
  ENGINE_set_cmd_defns                                           4000
  ERR_print_errors                                               4000
  EVP_CIPHER_get_iv_length                                       4000
  pthread_self                                                   4000
  EVP_CIPHER_fetch                                               4042
  ossl_prov_ctx_set0_libctx                                      4042
  ENGINE_add_conf_module                                         4083
  EVP_PKEY_asn1_get_count                                        4083
  aes_v8_set_encrypt_key                                         4083
  ossl_config_add_ssl_module                                     4125
  CRYPTO_THREAD_get_current_id                                   4166
  OSSL_ERR_STATE_new                                             4166
  aes_192_cfb_get_params                                         4209
  chacha20_get_params                                            4250
  ossl_child_prov_ctx_new                                        4292
  CONF_imodule_get_value                                         4333
  OSSL_LIB_CTX_free                                              4333
  ossl_lib_ctx_is_default                                        4333
  chacha20_gettable_ctx_params                                   4334
  ossl_method_lock_store                                         4334
  BIO_meth_set_read_ex                                           4375
  OSSL_CMP_log_close                                             4375
  OSSL_STORE_unregister_loader                                   4375
  aes_128_cbc_get_params                                         4375
  aes_192_ctr_get_params                                         4375
  aria_256_cfb8_get_params                                       4375
  close                                                          4375
  null_gettable_ctx_params                                       4375
  ossl_cipher_generic_reset_ctx                                  4375
  ENGINE_set_ctrl_function                                       4416
  aes_128_ofb_get_params                                         4416
  aes_256_cfb_get_params                                         4416
  lsl::Lock::unlock()                                            4417
  sm4_128_ctr_get_params                                         4417
  OSSL_STORE_LOADER_set_eof                                      4458
  aes_192_cbc_get_params                                         4458
  aria_192_ctr_get_params                                        4458
  __sigaction                                                    4459
  tiny_free_no_lock                                              4459
  EVP_aes_256_cbc_hmac_sha1                                      4500
  aes_128_cfb1_get_params                                        4500
  aes_128_cfb_get_params                                         4500
  aes_128_ocb_get_params                                         4500
  aes_128_xts_get_params                                         4500
  aria_192_ofb_get_params                                        4500
  def_is_number                                                  4500
  tiny_try_realloc_in_place                                      4500
  aes_256_siv_get_params                                         4541
  aria_128_ofb_get_params                                        4541
  tdes_ede2_ecb_get_params                                       4541
  EVP_sha256                                                     4542
  aes_192_ecb_get_params                                         4542
  aes_192_siv_get_params                                         4542
  aes_192_wrap_get_params                                        4542
  aes_256_ctr_get_params                                         4542
  aria_128_ecb_get_params                                        4542
  aria_192_cfb8_get_params                                       4542
  aria_256_cfb_get_params                                        4542
  ossl_bio_core_globals_new                                      4542
  ossl_rand_cleanup_int                                          4542
  sm4_128_ccm_get_params                                         4542
  sm4_128_xts_get_params                                         4542
  tdes_ede3_cbc_get_params                                       4542
  tdes_wrap_get_params                                           4542
  aes_128_ctr_get_params                                         4583
  aes_256_cfb8_get_params                                        4583
  aria_192_cbc_get_params                                        4583
  BIO_meth_set_write_ex                                          4584
  aria_128_cfb_get_params                                        4584
  sm4_128_cbc_get_params                                         4584
  ENGINE_set_finish_function                                     4625
  ENGINE_set_init_function                                       4625
  aes_192_cfb8_get_params                                        4625
  aes_192_ocb_get_params                                         4625
  aes_256_cbc_get_params                                         4625
  aes_256_gcm_get_params                                         4625
  aes_256_ofb_get_params                                         4625
  aes_v8_ctr32_encrypt_blocks                                    4625
  aria_256_ofb_get_params                                        4625
  sm4_128_cfb128_get_params                                      4625
  aes_128_ecb_get_params                                         4666
  aria_192_gcm_get_params                                        4666
  BIO_free                                                       4667
  OSSL_STORE_LOADER_free                                         4667
  aes_256_ccm_get_params                                         4667
  ossl_store_register_init                                       4667
  OSSL_STORE_LOADER_set_error                                    4708
  aes_192_ccm_get_params                                         4708
  aes_192_gcm_get_params                                         4708
  aes_cts_192_cbc_get_params                                     4708
  aria_128_ctr_get_params                                        4708
  ossl_prov_ctx_set0_core_bio_method                             4708
  ossl_random_add_conf_module                                    4708
  aria_128_cfb1_get_params                                       4709
  aria_128_cfb8_get_params                                       4709
  ossl_prov_cipher_hw_aes_ctr                                    4709
  ossl_stored_namemap_free                                       4709
  OSSL_STORE_LOADER_set_close                                    4750
  OSSL_trace_set_channel                                         4750
  UI_method_set_prompt_constructor                               4750
  aes_128_gcm_get_params                                         4750
  aes_128_siv_get_params                                         4750
  aes_192_ofb_get_params                                         4750
  aria_128_gcm_get_params                                        4750
  aria_192_ecb_get_params                                        4750
  aria_256_cfb1_get_params                                       4750
  aria_256_ctr_get_params                                        4750
  sm4_128_ofb128_get_params                                      4750
  tdes_ede2_cfb_get_params                                       4750
  tdes_ede3_ofb_get_params                                       4750
  aria_192_cfb1_get_params                                       4791
  EVP_aes_256_cbc_hmac_sha256                                    4792
  aes_256_cfb1_get_params                                        4792
  aes_cts_128_cbc_get_params                                     4792
  pthread_cond_destroy                                           4792
  sm4_128_ecb_get_params                                         4792
  tdes_ede2_ofb_get_params                                       4792
  tdes_ede3_cfb1_get_params                                      4792
  aes_128_wrappad_get_params                                     4833
  aes_256_ocb_get_params                                         4833
  aria_256_ecb_get_params                                        4833
  camellia_256_ofb_get_params                                    4833
  ossl_bio_core_globals_free                                     4833
  sm4_128_gcm_get_params                                         4833
  tdes_ede3_cfb_get_params                                       4833
  aria_128_ccm_get_params                                        4834
  OSSL_STORE_LOADER_set_open                                     4875
  aes_192_wrapinv_get_params                                     4875
  aes_256_xts_get_params                                         4875
  aria_128_cbc_get_params                                        4875
  ossl_ctx_global_properties_new                                 4875
  tdes_ede2_cbc_get_params                                       4875
  camellia_128_ecb_get_params                                    4916
  camellia_128_ctr_get_params                                    4917
  camellia_192_cfb_get_params                                    4917
  camellia_192_ecb_get_params                                    4917
  ENGINE_load_builtin_engines                                    4958
  aes_256_ecb_get_params                                         4958
  aria_192_cfb_get_params                                        4958
  Diagnostics::clearError()                                      5000
  aes_128_cfb8_get_params                                        5000
  aes_192_wrappad_get_params                                     5000
  aes_256_wrappad_get_params                                     5000
  aria_256_cbc_get_params                                        5000
  engine_pkey_meths_free                                         5000
  ENGINE_get_cipher_engine                                       5041
  camellia_128_cbc_get_params                                    5041
  camellia_256_cfb_get_params                                    5041
  ossl_provider_add_conf_module                                  5041
  EVP_aes_128_cbc_hmac_sha1                                      5042
  OSSL_STORE_LOADER_set_load                                     5042
  aes_256_wrapinv_get_params                                     5042
  tdes_ede3_cfb8_get_params                                      5042
  OPENSSL_cpuid_setup                                            5083
  OSSL_STORE_LOADER_set_expect                                   5083
  aes_cts_256_cbc_get_params                                     5083
  camellia_256_ctr_get_params                                    5083
  ossl_indicator_set_callback_free                               5083
  ossl_property_match_count                                      5083
  aes_128_wrap_get_params                                        5084
  camellia_128_cfb_get_params                                    5084
  camellia_192_cfb8_get_params                                   5084
  aes_256_wrap_get_params                                        5125
  aria_256_gcm_get_params                                        5125
  camellia_128_cfb1_get_params                                   5125
  camellia_192_ctr_get_params                                    5125
  camellia_256_cfb1_get_params                                   5125
  memset                                                         5125
  aes_192_wrappadinv_get_params                                  5166
  camellia_192_ofb_get_params                                    5166
  ossl_free_compression_methods_int                              5166
  ossl_self_test_set_callback_free                               5166
  EVP_CIPHER_get_key_length                                      5167
  EVP_aes_128_cbc_hmac_sha256                                    5208
  OPENSSL_sk_sort                                                5208
  camellia_192_cbc_get_params                                    5208
  engine_pkey_asn1_meths_free                                    5208
  engine_remove_dynamic_id                                       5208
  tdes_ede3_ecb_get_params                                       5208
  aes_128_wrappadinv_get_params                                  5209
  camellia_128_cfb8_get_params                                   5250
  app_get0_libctx                                                5291
  camellia_256_ecb_get_params                                    5291
  ossl_property_has_optional                                     5291
  camellia_192_cfb1_get_params                                   5292
  camellia_256_cfb8_get_params                                   5292
  OSSL_PARAM_get_int                                             5333
  aes_256_wrappadinv_get_params                                  5333
  camellia_cts_192_cbc_get_params                                5333
  camellia_256_cbc_get_params                                    5334
  aes_128_ccm_get_params                                         5375
  ossl_indicator_set_callback_new                                5416
  medium_region_for_ptr_no_lock                                  5417
  ossl_init_thread_deregister                                    5417
  ossl_provider_unquery_operation                                5458
  chacha20_poly1305_gettable_ctx_params                          5459
  ossl_self_test_set_callback_new                                5459
  aes_128_wrapinv_get_params                                     5500
  camellia_cts_256_cbc_get_params                                5500
  chacha20_poly1305_get_params                                   5500
  aes_192_cfb1_get_params                                        5541
  ossl_aes_256_gcm_siv_get_params                                5542
  ossl_prov_ctx_get0_core_bio_method                             5583
  getegid                                                        5584
  EVP_CIPHER_CTX_get_block_size                                  5667
  ossl_aes_128_gcm_siv_get_params                                5667
  ossl_aes_192_gcm_siv_get_params                                5667
  camellia_cts_128_cbc_get_params                                5709
  camellia_128_ofb_get_params                                    5792
  aria_192_ccm_get_params                                        5834
  geteuid                                                        5874
  opt_arg                                                        5959
  BIO_set_data                                                   6000
  OSSL_LIB_CTX_set_conf_diagnostics                              6000
  free_small                                                     6125
  medium_malloc_from_free_list                                   6125
  getuid                                                         6166
  getgid                                                         6208
  ossl_prov_bio_from_dispatch                                    6250
  ossl_prov_seeding_from_dispatch                                6250
  EVP_CIPHER_get_mode                                            6333
  EVP_RAND_CTX_free                                              6584
  OSSL_PARAM_get_int32                                           6625
  dyld4::Loader::hiddenFromFlat(bool) const                      6958
  dyld3::kdebug_trace_dyld_enabled(unsigned int)                 7041
  aria_256_ccm_get_params                                        7042
  BIO_next                                                       7208
  _kernelrpc_mach_port_deallocate_trap                           7208
  lsl::Lock::lock()                                              7208
  dyld4::RuntimeState::notifyObjCPatching()                      7250
  _kernelrpc_mach_port_construct_trap                            7416
  dyld4::BumpAllocator::~BumpAllocator()                         7416
  OPENSSL_sk_pop                                                 7499
  EVP_CipherInit_ex                                              7500
  _platform_strnlen                                              7541
  bio_open_default                                               7542
  ENGINE_register_EC                                             7625
  openssl_fopen                                                  7749
  store_loader_hash                                              7750
  dyld4::JustInTimeLoader::hiddenFromFlat(bool) const             7792
  err_unshelve_state                                             7792
  ENGINE_register_DH                                             7874
  dyld4::handleFromLoader(dyld4::Loader const*, bool)             7875
  BIO_copy_next_retry                                            7958
  ENGINE_register_RSA                                            7958
  __sclose                                                       7959
  file_ctrl                                                      8043
  ENGINE_register_DSA                                            8124
  flsl                                                           8208
  ENGINE_register_RAND                                           8250
  X509_get_default_cert_area                                     8292
  ossl_lib_ctx_get_concrete                                      8833
  BIO_set_init                                                   8916
  dyld4::Loader::beginInitializers(dyld4::RuntimeState&)             8917
  lsl::EphemeralAllocator::reset()                               8958
  strlen                                                         9000
  __sflags                                                       9083
  ENGINE_register_digests                                        9084
  ossl_sa_new                                                    9250
  ENGINE_register_ciphers                                        9333
  lsl::Vector<dyld4::Loader const*>::reserveExact(unsigned long)             9417
  ossl_property_free                                             9457
  ossl_cipher_generic_einit                                      9458
  BIO_set_flags                                                  9459
  dyld4::RuntimeState::incDlRefCount(dyld4::Loader const*)             9708
  ENGINE_register_pkey_meths                                     9791
  __fcntl                                                        9875
  deflt_query                                                    9959
  ossl_cipher_generic_set_ctx_params                            10041
  DSO_METHOD_openssl                                            10083
  OSSL_LIB_CTX_get_conf_diagnostics                             10083
  tiny_malloc_from_free_list                                    10207
  CRYPTO_atomic_or                                              10376
  dyld4::JustInTimeLoader::beginInitializers(dyld4::RuntimeState&)            10667
  ossl_lib_ctx_get_rcukey                                       10874
  ENGINE_register_pkey_asn1_meths                               10876
  lsl::Vector<lsl::MemoryManager::Buffer>::reserve(unsigned long)            10959
  ossl_lib_ctx_get_ex_data_global                               11250
  engine_free_util                                              11332
  NCONF_get_section                                             11417
  OPENSSL_cleanse                                               11458
  ossl_sa_doall_arg                                             11751
  aes_siv_gettable_ctx_params                                   12041
  ossl_property_value                                           12376
  ossl_cipher_capable_aes_cbc_hmac_sha256                       12583
  EVP_add_cipher                                                12626
  ossl_cipher_capable_aes_cbc_hmac_sha1                         12791
  dyld4::RuntimeState::doSingletonPatching(dyld4::DyldCacheDataConstLazyScopedWriter&)            13125
  cipher_ocb_gettable_ctx_params                                13334
  aes_cbc_cts_gettable_ctx_params                               13667
  BIO_clear_flags                                               13708
  dyld4::Loader::loadDependents(Diagnostics&, dyld4::RuntimeState&, dyld4::Loader::LoadOptions const&)            13916
  __bzero                                                       14000
  _kernelrpc_mach_vm_deallocate_trap                            14208
  fstat                                                         14542
  lsl::EphemeralAllocator::~EphemeralAllocator()                14583
  sa_doall                                                      14665
  BIO_get_data                                                  14750
  CRYPTO_atomic_add                                             14791
  dyld4::DyldCacheDataConstLazyScopedWriter::DyldCacheDataConstLazyScopedWriter(dyld4::RuntimeState&)            14833
  _NSGetEnviron                                                 14999
  DSO_free                                                      15082
  ossl_aes_gcm_siv_gettable_ctx_params                          15332
  dyld4::JustInTimeLoader::loadDependents(Diagnostics&, dyld4::RuntimeState&, dyld4::Loader::LoadOptions const&)            15333
  camellia_cbc_cts_gettable_ctx_params                          15667
  file_new                                                      15709
  __sflush                                                      15875
  dyld3::MachOFile::is64() const                                16041
  file_free                                                     16084
  os_unfair_recursive_lock_unlock                               16334
  dyld4::Loader::path() const                                   16418
  ossl_prov_is_running                                          16666
  pthread_mutex_destroy                                         17375
  CRYPTO_THREAD_lock_free                                       17417
  invocation function for block in dyld4::Loader::forEachPath(Diagnostics&, dyld4::RuntimeState&, char const*, dyld4::Loader::Loa            17708
  FMT_istext                                                    17790
  BIO_new                                                       17958
  OPENSSL_LH_get_down_load                                      17999
  _kernelrpc_mach_port_destruct_trap                            18041
  dyld4::JustInTimeLoader::path() const                         18291
  kdebug_is_enabled                                             18459
  pthread_cond_init                                             19458
  small_try_realloc_in_place                                    19543
  property_free                                                 20458
  rack_region_insert                                            20584
  os_unfair_recursive_lock_lock_with_options                    20875
  dyld4::Loader::matchesPath(char const*) const                 20959
  dyld4::LibSystemHelpers::pthread_getspecific(unsigned long) const            21000
  lsl::EphemeralAllocator::deallocate_buffer(lsl::MemoryManager::Buffer)            21166
  small_size                                                    21541
  __chkstk_darwin_probe                                         21625
  ___chkstk_darwin                                              21917
  os_unfair_lock_assert_not_owner                               22375
  dyld4::ProcessConfig::DyldCache::indexOfPath(char const*, unsigned int&) const            22917
  small_free_list_find_by_ptr                                   24459
  pthread_mutex_init                                            25125
  dyld4::Loader::loadAddress(dyld4::RuntimeState&) const            25417
  __findenv_locked                                              26167
  dyld3::ScopedTimer::endTimer()                                26333
  OPENSSL_strnlen                                               27376
  lsl::MemoryManager::lockGuard()                               27543
  ossl_property_name                                            27667
  OPENSSL_sk_delete                                             28541
  small_free_list_remove_ptr                                    28542
  dyld4::JustInTimeLoader::loadAddress(dyld4::RuntimeState&) const            28876
  tiny_free_list_remove_ptr                                     32542
  _pthread_mutex_check_init_slow                                33334
  lsl::AllocationMetadata::AllocationMetadata(lsl::Allocator*, unsigned long)            33916
  CRYPTO_new_ex_data                                            34581
  small_free_list_remove_ptr_no_clear                           34834
  OPENSSL_LH_set_down_load                                      35042
  __read_nocancel                                               35708
  __open                                                        37542
  szone_good_size                                               37668
  mach_msg2_trap                                                37875
  _kernelrpc_mach_vm_map_trap                                   38792
  dyld4::LibSystemHelpers::os_unfair_recursive_lock_unlock(os_unfair_recursive_lock_s*) const            39083
  OPENSSL_sk_free                                               39166
  __write_nocancel                                              39374
  Diagnostics::hasError() const                                 39917
  get_tiny_previous_free_msize                                  40377
  ossl_rcu_write_lock                                           42041
  EVP_PKEY_asn1_get0                                            42497
  dyld4::LibSystemHelpers::os_unfair_lock_unlock(os_unfair_lock_s*) const            42916
  small_free_list_add_ptr                                       44541
  ossl_rcu_write_unlock                                         45167
  Diagnostics::noError() const                                  45790
  pthread_setspecific                                           45958
  ossl_tdes_gettable_ctx_params                                 46418
  small_malloc_from_free_list                                   48332
  dyld3::MachOFile::read_uleb128(Diagnostics&, unsigned char const*&, unsigned char const*)            49291
  dyld4::RuntimeState::PermanentRanges::contains(unsigned long, unsigned long, unsigned char*, dyld4::Loader const**) const            50792
  _tiny_check_and_zero_inline_meta_from_freelist                51333
  dyld4::LibSystemHelpers::os_unfair_recursive_lock_lock_with_options(os_unfair_recursive_lock_s*, os_unfair_lock_options_t) cons            52375
  __close_nocancel                                              53709
  EVP_PKEY_asn1_get0_info                                       54084
  szone_malloc                                                  54956
  madvise                                                       55415
  pthread_cond_broadcast                                        56251
  tiny_size                                                     57750
  realloc                                                       60292
  dyld4::LibSystemHelpers::os_unfair_lock_lock_with_options(os_unfair_lock_s*, os_unfair_lock_options_t) const            61582
  lsl::EphemeralAllocator::allocate_buffer(unsigned long, unsigned long, unsigned long)            62083
  set_tiny_meta_header_in_use                                   62250
  tiny_free_list_add_ptr                                        63958
  _qsort                                                        64997
  _szone_free                                                   68919
  strcmp                                                        70374
  OPENSSL_sk_pop_free                                           70499
  ossl_cipher_aead_gettable_ctx_params                          70501
  szone_try_free_default                                        76875
  os_unfair_lock_assert_owner                                   78915
  invocation function for block in dyld3::MachOFile::getDylibInstallName(char const**, unsigned int*, unsigned int*) const            81167
  rack_get_thread_index                                         81288
  dyld3::kdebug_trace_dyld_duration_end(unsigned long long, unsigned int, dyld3::kt_arg, dyld3::kt_arg, dyld3::kt_arg)            86334
  property_hash                                                 87040
  EVP_CIPHER_get_type                                           90043
  dyld3::OverflowSafeArray<unsigned int, 4294967295ul>::verifySpace(unsigned long)            90376
  dyld4::Loader::contains(dyld4::RuntimeState&, void const*, void const**, unsigned long long*, unsigned char*) const           100208
  pthread_cond_signal                                          104502
  nanov2_size                                                  111625
  pthread_rwlock_init                                          114085
  Diagnostics::assertNoError() const                           114960
  __open_nocancel                                              120042
  pthread_rwlock_destroy                                       120835
  os_unfair_lock_unlock                                        130751
  Diagnostics::~Diagnostics()                                  141746
  Diagnostics::Diagnostics(bool)                               145749
  get_legacy_evp_names                                         160627
  ossl_ctype_check                                             168708
  os_unfair_lock_lock_with_options                             177209
  nanov2_pointer_size                                          192831
  EVP_MD_get_type                                              193206
  free                                                         201374
  invocation function for block in dyld3::MachOFile::getEntry(unsigned long long&, bool&) const           205667
  _Block_object_dispose                                        211417
  OPENSSL_hexchar2int                                          233957
  nanov2_allocate_from_block                                   241912
  ossl_sa_set                                                  252914
  strncmp                                                      266539
  trim_ws                                                      273373
  invocation function for block in dyld4::JustInTimeLoader::contains(dyld4::RuntimeState&, void const*, void const**, unsigned lo           296498
  BUF_MEM_new                                                  300954
  names_free                                                   314254
  OBJ_get0_data                                                331914
  OPENSSL_LH_doall                                             336089
  OPENSSL_LH_flush                                             337368
  OSSL_PARAM_set_uint                                          340626
  ossl_provider_ctx                                            344003
  EVP_CIPHER_get_nid                                           365421
  conf_value_cmp                                               374791
  ossl_lib_ctx_unlock                                          377876
  invocation function for block in dyld3::MachOLoaded::findClosestSymbol(unsigned long long, char const**, unsigned long long*) c           391750
  OSSL_PARAM_locate_const                                      397255
  ossl_lib_ctx_read_lock                                       424165
  OPENSSL_LH_set_thunks                                        428380
  property_defn_cmp                                            438337
  ossl_cipher_generic_gettable_ctx_params                      444919
  evp_cipher_up_ref                                            451670
  property_defn_hash                                           460044
  value_free_hash                                              470415
  function_hash                                                476411
  BN_free                                                      476881
  ossl_provider_free                                           479378
  ossl_provider_up_ref                                         486503
  CRYPTO_realloc                                               486621
  OSSL_PARAM_set_uint32                                        499629
  ASN1_OBJECT_free                                             506039
  eat_alpha_numeric                                            506628
  ossl_sa_get                                                  511704
  sa_free_node                                                 545714
  OSSL_PARAM_construct_end                                     546381
  EVP_CIPHER_get0_provider                                     554500
  OSSL_PARAM_construct_uint                                    565504
  evp_cipher_free                                              579005
  do_all_fn                                                    579539
  EVP_CIPHER_free                                              644759
  ossl_provider_libctx                                         798580
  invocation function for block in dyld3::MachOLoaded::getLinkEditLoadCommands(Diagnostics&, dyld3::MachOLoaded::LinkEditInfo&) c           842334
  internal_free_nop                                            864082
  _platform_strncmp                                            865287
  name_string_free                                             897638
  OPENSSL_LH_error                                             916671
  invocation function for block in dyld3::MachOFile::forEachSegment(void (dyld3::MachOFile::SegmentInfo const&, bool&) block_poin          1108334
  BUF_MEM_grow                                                1123512
  OSSL_PARAM_set_size_t                                       1125554
  pthread_getspecific                                         1147547
  sk_reserve                                                  1156710
  _os_once                                                    1213464
  CRYPTO_THREAD_get_local                                     1280574
  _platform_memchr                                            1344628
  ossl_rcu_assign_uptr                                        1408783
  OSSL_PARAM_set_uint64                                       1505409
  names_lh_free_doall                                         1514665
  ossl_lib_ctx_get_data                                       1591702
  OSSL_PARAM_set_int                                          1611401
  _platform_strchr                                            1711984
  pthread_mutex_lock                                          1730129
  OSSL_PARAM_construct_size_t                                 1797117
  pthread_mutex_unlock                                        1827799
  _nanov2_free                                                1900955
  _pthread_mutex_lock_init_slow                               1976997
  OPENSSL_sk_push                                             1978373
  OPENSSL_sk_num                                              1999221
  _pthread_mutex_unlock_init_slow                             2096572
  _pthread_mutex_firstfit_lock_slow                           2198825
  _pthread_mutex_firstfit_unlock_slow                         2292744
  OPENSSL_sk_value                                            2304337
  OSSL_PARAM_set_int32                                        2430011
  obj_name_cmp                                                2476386
  OPENSSL_LH_strhash                                          2695829
  _platform_memcmp                                            2727128
  OSSL_PARAM_construct_int                                    2736056
  pthread_once                                                3024456
  OBJ_nid2obj                                                 3114300
  CRYPTO_atomic_load                                          3288199
  pthread_rwlock_rdlock                                       3307752
  SortFnByName                                                3456304
  ossl_lh_strcasehash                                         3660785
  __error                                                     3739751
  ossl_isdigit                                                3962540
  cipher_compare                                              3990796
  fnv1a_hash                                                  4384990
  _platform_memmove                                           6446418
  pthread_rwlock_wrlock                                       6633696
  pthread_rwlock_unlock                                       9892711
  err_string_data_cmp                                        10913759
  CRYPTO_free                                                12236689
  malloc                                                     13326961
  doapr_outch                                                15012214
  err_string_data_hash                                       16636937
  nanov2_malloc                                              18442127
  _platform_strlen                                           23009445
  _platform_memset                                           25459151
  nanov2_try_free_default                                    26039459
  _platform_strcmp                                           27804957
  ossl_tolower                                               59537995
