
  EVP_md5                                                        1708
  sigaction                                                      1792
  EVP_sha224                                                     1833
  pd_free                                                        1875
  EVP_rc4_40                                                     1916
  EVP_sha1                                                       1958
  EVP_sm4_cbc                                                    2000
  UI_OpenSSL                                                     2000
  EVP_des_ecb                                                    2041
  EVP_sha384                                                     2041
  EVP_sm3                                                        2041
  EVP_bf_cbc                                                     2083
  EVP_des_ofb                                                    2084
  EVP_md4                                                        2084
  EVP_mdc2                                                       2084
  EVP_rc2_cbc                                                    2125
  EVP_rc2_ofb                                                    2125
  EVP_rc4                                                        2125
  EVP_seed_cbc                                                   2125
  EVP_bf_ofb                                                     2167
  EVP_sm4_ofb                                                    2167
  EVP_des_cbc                                                    2208
  EVP_idea_ofb                                                   2208
  EVP_des_ede                                                    2250
  EVP_seed_ofb                                                   2250
  opt_unknown                                                    2250
  EVP_bf_ecb                                                     2291
  EVP_des_cfb8                                                   2291
  EVP_sha3_224                                                   2292
  EVP_cast5_ofb                                                  2333
  EVP_ripemd160                                                  2333
  UI_null                                                        2333
  EVP_chacha20                                                   2334
  EVP_md5_sha1                                                   2375
  EVP_rc2_cfb64                                                  2375
  EVP_sha3_384                                                   2375
  EVP_sm4_ctr                                                    2375
  EVP_aes_192_ccm                                                2416
  EVP_rc2_64_cbc                                                 2416
  EVP_aes_128_cbc                                                2417
  EVP_cast5_cbc                                                  2417
  EVP_des_ede3                                                   2417
  EVP_idea_cbc                                                   2417
  EVP_rc2_ecb                                                    2417
  app_get0_propq                                                 2417
  EVP_aes_192_gcm                                                2458
  EVP_des_cfb1                                                   2458
  EVP_sha3_256                                                   2458
  EVP_aes_256_ofb                                                2500
  EVP_blake2s256                                                 2500
  EVP_sha3_512                                                   2500
  EVP_sha512_224                                                 2500
  EVP_sha512_256                                                 2500
  EVP_shake256                                                   2500
  EVP_whirlpool                                                  2500
  _cleanup                                                       2500
  opt_next                                                       2500
  strchr                                                         2500
  EVP_desx_cbc                                                   2541
  EVP_sha512                                                     2541
  EVP_aes_256_xts                                                2542
  EVP_seed_ecb                                                   2542
  EVP_sm4_ecb                                                    2542
  release_engine                                                 2542
  EVP_aes_128_ccm                                                2583
  EVP_aes_192_ofb                                                2583
  EVP_aes_256_ccm                                                2583
  EVP_aes_256_ctr                                                2583
  EVP_aes_256_wrap                                               2583
  EVP_des_ede_cbc                                                2583
  EVP_idea_ecb                                                   2583
  EVP_aria_256_ctr                                               2584
  EVP_shake128                                                   2584
  EVP_aes_128_ctr                                                2625
  EVP_aes_192_cfb8                                               2625
  EVP_aes_256_cfb1                                               2625
  EVP_aes_256_gcm                                                2625
  EVP_aes_256_ocb                                                2625
  EVP_aria_256_cbc                                               2625
  EVP_cast5_cfb64                                                2625
  EVP_des_ede_ofb                                                2625
  EVP_rc2_40_cbc                                                 2625
  vm_deallocate                                                  2625
  ENGINE_set_name                                                2666
  EVP_aes_128_ofb                                                2667
  EVP_aes_192_cbc                                                2667
  EVP_aes_256_cbc                                                2667
  EVP_aria_192_cbc                                               2667
  EVP_aria_256_ofb                                               2667
  EVP_aria_192_ctr                                               2708
  EVP_aria_192_gcm                                               2708
  EVP_aria_256_ecb                                               2708
  EVP_aria_256_gcm                                               2708
  EVP_bf_cfb64                                                   2708
  COMP_get_type                                                  2709
  EVP_cast5_ecb                                                  2709
  BIO_f_cipher                                                   2750
  EVP_aes_192_cfb1                                               2750
  EVP_aria_128_ofb                                               2750
  EVP_aria_192_ccm                                               2750
  EVP_aria_192_cfb8                                              2750
  EVP_aria_256_cfb8                                              2750
  EVP_seed_cfb128                                                2750
  EVP_aes_128_ocb                                                2791
  EVP_aria_128_ecb                                               2791
  EVP_aes_128_gcm                                                2792
  EVP_aes_192_wrap                                               2792
  EVP_aes_256_ecb                                                2792
  EVP_aria_128_ctr                                               2792
  EVP_aria_192_cfb1                                              2792
  EVP_aria_192_ofb                                               2792
  EVP_blake2b512                                                 2792
  EVP_idea_cfb64                                                 2792
  lh_FUNCTION_free                                               2792
  ossl_trace_cleanup                                             2792
  EVP_MD_free                                                    2833
  EVP_aes_128_wrap                                               2833
  EVP_aes_256_cfb8                                               2833
  EVP_aria_128_cbc                                               2833
  EVP_aria_256_ccm                                               2833
  EVP_des_ede3_ofb                                               2833
  EVP_sm4_cfb128                                                 2833
  OBJ_obj2txt                                                    2833
  EVP_aes_192_ocb                                                2834
  EVP_aes_128_xts                                                2875
  EVP_aria_256_cfb1                                              2875
  strrchr                                                        2875
  EVP_aes_192_cfb128                                             2916
  EVP_des_ede3_cbc                                               2916
  EVP_des_ede3_cfb1                                              2916
  NCONF_default                                                  2916
  EVP_aes_128_cfb1                                               2917
  EVP_aes_192_ecb                                                2917
  EVP_des_ede3_cfb8                                              2917
  def_to_int                                                     2917
  getrlimit                                                      2917
  signal                                                         2917
  EVP_aes_128_cfb8                                               2958
  ENGINE_set_id                                                  2959
  EVP_aria_128_cfb1                                              2959
  EVP_des_ede3_wrap                                              2959
  def_init_default                                               2959
  EVP_aria_128_cfb8                                              3000
  EVP_aria_128_gcm                                               3000
  EVP_aria_192_cfb128                                            3000
  property_cmp                                                   3000
  EVP_aes_192_ctr                                                3041
  EVP_des_cfb64                                                  3041
  EVP_aes_128_cfb128                                             3042
  EVP_aes_256_cfb128                                             3042
  EVP_camellia_256_ofb                                           3042
  EVP_rc4_hmac_md5                                               3042
  query_hash                                                     3042
  EVP_aes_192_wrap_pad                                           3083
  EVP_aria_128_ccm                                               3083
  EVP_aria_256_cfb128                                            3083
  EVP_camellia_128_ctr                                           3083
  EVP_des_ede_cfb64                                              3083
  EVP_aes_128_wrap_pad                                           3084
  EVP_aria_192_ecb                                               3084
  EVP_aria_128_cfb128                                            3125
  EVP_chacha20_poly1305                                          3125
  function_cmp                                                   3125
  EVP_camellia_128_ofb                                           3166
  EVP_camellia_192_ofb                                           3166
  UI_method_set_writer                                           3166
  EVP_aes_256_wrap_pad                                           3167
  EVP_camellia_192_cfb1                                          3167
  EVP_camellia_256_cbc                                           3167
  EVP_camellia_128_cbc                                           3208
  EVP_camellia_192_cbc                                           3208
  UI_method_set_closer                                           3208
  EVP_camellia_192_ctr                                           3209
  EVP_camellia_256_cfb8                                          3250
  EVP_camellia_256_ctr                                           3250
  OSSL_LIB_CTX_get_data                                          3250
  UI_method_set_reader                                           3250
  __cxa_finalize                                                 3250
  EVP_aes_128_ecb                                                3291
  EVP_camellia_128_cfb8                                          3333
  bio_sock_cleanup_int                                           3333
  opt_set_unknown_name                                           3333
  ossl_comp_zstd_cleanup                                         3333
  ossl_store_cleanup_int                                         3334
  EVP_add_alg_module                                             3375
  EVP_camellia_128_cfb1                                          3375
  EVP_des_ede3_cfb64                                             3375
  EVP_camellia_256_ecb                                           3417
  __smakebuf                                                     3417
  store_loader_cmp                                               3417
  EVP_camellia_256_cfb1                                          3458
  UI_method_set_opener                                           3458
  ENGINE_set_flags                                               3500
  EVP_camellia_128_ecb                                           3500
  OSSL_PARAM_modified                                            3500
  init_thread_stop                                               3500
  ASN1_add_stable_module                                         3542
  ossl_comp_brotli_cleanup                                       3542
  ossl_prov_ctx_free                                             3542
  BIO_meth_set_ctrl                                              3625
  OSSL_STORE_register_loader                                     3625
  app_RAND_write                                                 3625
  engine_load_rdrand_int                                         3625
  ASN1_add_oid_module                                            3666
  EVP_camellia_192_ecb                                           3666
  evp_app_cleanup_int                                            3666
  __getrlimit                                                    3667
  EVP_CipherUpdate                                               3708
  EVP_camellia_192_cfb8                                          3708
  BIO_meth_set_gets                                              3709
  EVP_camellia_128_cfb128                                        3709
  EVP_camellia_192_cfb128                                        3750
  free_medium                                                    3791
  BIO_meth_set_create                                            3792
  EVP_CIPHER_get_flags                                           3792
  EVP_camellia_256_cfb128                                        3792
  ossl_prov_ctx_set0_handle                                      3792
  BIO_meth_set_destroy                                           3833
  NCONF_get0_libctx                                              3833
  ossl_comp_zlib_cleanup                                         3833
  ossl_lib_ctx_write_lock                                        3833
  pthread_self                                                   3834
  BIO_meth_set_puts                                              3875
  core_get_libctx                                                3875
  dyld4::APIs::_tlv_exit()                                       3875
  ERR_get_error_all                                              3917
  EVP_CipherFinal_ex                                             3917
  EVP_CIPHER_fetch                                               3958
  opt_check_rest_arg                                             4000
  ossl_child_prov_ctx_new                                        4000
  ossl_method_unlock_store                                       4000
  ossl_prov_ctx_set0_libctx                                      4000
  ERR_print_errors                                               4042
  EVP_PKEY_asn1_get_count                                        4083
  ossl_prov_ctx_new                                              4084
  ENGINE_set_cmd_defns                                           4125
  OSSL_LIB_CTX_free                                              4125
  ENGINE_add_conf_module                                         4167
  close                                                          4167
  aes_128_ecb_get_params                                         4208
  aes_192_ecb_get_params                                         4208
  ossl_stored_namemap_free                                       4250
  BIO_meth_set_read_ex                                           4292
  EVP_CIPHER_get_iv_length                                       4292
  ossl_lib_ctx_is_default                                        4292
  aes_v8_set_encrypt_key                                         4333
  aria_256_ctr_get_params                                        4333
  aes_128_ofb_get_params                                         4334
  aes_192_cbc_get_params                                         4334
  ENGINE_set_ctrl_function                                       4375
  OSSL_CMP_log_close                                             4375
  OSSL_ERR_STATE_new                                             4375
  OSSL_STORE_unregister_loader                                   4375
  aes_192_cfb_get_params                                         4375
  aria_128_gcm_get_params                                        4375
  chacha20_gettable_ctx_params                                   4375
  ossl_config_add_ssl_module                                     4375
  CRYPTO_THREAD_get_current_id                                   4416
  aes_192_ofb_get_params                                         4416
  aes_256_cfb8_get_params                                        4416
  rack_region_insert                                             4416
  aes_192_ctr_get_params                                         4417
  aes_256_siv_get_params                                         4417
  chacha20_get_params                                            4417
  null_gettable_ctx_params                                       4417
  ossl_bio_core_globals_new                                      4417
  ossl_method_lock_store                                         4417
  ossl_prov_ctx_get0_libctx                                      4417
  EVP_aes_256_cbc_hmac_sha1                                      4458
  aes_192_cfb1_get_params                                        4458
  aes_256_cbc_get_params                                         4458
  aes_v8_ctr32_encrypt_blocks                                    4458
  aes_192_gcm_get_params                                         4459
  aria_256_cfb_get_params                                        4459
  OSSL_STORE_LOADER_set_eof                                      4500
  aes_128_cbc_get_params                                         4500
  aes_128_ccm_get_params                                         4500
  aes_128_cfb_get_params                                         4500
  aes_128_xts_get_params                                         4500
  aes_256_cfb1_get_params                                        4500
  aes_256_cfb_get_params                                         4500
  sm4_128_cbc_get_params                                         4500
  sm4_128_xts_get_params                                         4500
  tdes_ede2_ecb_get_params                                       4500
  tdes_ede3_cbc_get_params                                       4500
  BIO_meth_set_write_ex                                          4541
  CONF_imodule_get_value                                         4541
  aes_256_ofb_get_params                                         4541
  aria_192_ofb_get_params                                        4542
  tiny_try_realloc_in_place                                      4542
  OSSL_trace_set_channel                                         4583
  UI_method_set_prompt_constructor                               4583
  aes_128_ctr_get_params                                         4583
  aes_256_ctr_get_params                                         4583
  aria_192_cbc_get_params                                        4583
  ossl_bio_core_globals_free                                     4583
  tdes_wrap_get_params                                           4583
  ENGINE_set_init_function                                       4584
  aria_192_cfb8_get_params                                       4584
  ossl_prov_cipher_hw_aes_ctr                                    4584
  OPENSSL_cpuid_setup                                            4625
  __sigaction                                                    4625
  aes_128_cfb8_get_params                                        4625
  aes_192_siv_get_params                                         4625
  aes_256_ccm_get_params                                         4625
  aes_cts_192_cbc_get_params                                     4625
  aria_128_cfb1_get_params                                       4625
  aria_192_cfb1_get_params                                       4625
  aria_192_gcm_get_params                                        4625
  ossl_cipher_generic_reset_ctx                                  4625
  ossl_random_add_conf_module                                    4625
  tdes_ede2_cbc_get_params                                       4625
  aes_128_cfb1_get_params                                        4666
  aria_128_cfb_get_params                                        4666
  aria_192_ctr_get_params                                        4666
  ENGINE_set_finish_function                                     4667
  aes_128_ocb_get_params                                         4667
  aria_128_cfb8_get_params                                       4667
  aria_256_ofb_get_params                                        4667
  sm4_128_gcm_get_params                                         4667
  BIO_free                                                       4708
  EVP_aes_256_cbc_hmac_sha256                                    4708
  tdes_ede3_ofb_get_params                                       4708
  aes_cts_128_cbc_get_params                                     4709
  lsl::Lock::unlock()                                            4709
  sm4_128_cfb128_get_params                                      4709
  EVP_sha256                                                     4750
  OSSL_STORE_LOADER_set_close                                    4750
  aes_256_ocb_get_params                                         4750
  aria_128_ctr_get_params                                        4750
  aria_128_ofb_get_params                                        4750
  aria_256_cbc_get_params                                        4750
  ossl_ctx_global_properties_new                                 4750
  ossl_prov_ctx_set0_core_bio_method                             4750
  pthread_cond_destroy                                           4750
  sm4_128_ccm_get_params                                         4750
  sm4_128_ctr_get_params                                         4750
  tdes_ede2_ofb_get_params                                       4750
  tdes_ede3_cfb8_get_params                                      4750
  tdes_ede3_cfb_get_params                                       4750
  aes_128_gcm_get_params                                         4791
  engine_pkey_meths_free                                         4791
  sm4_128_ofb128_get_params                                      4791
  OSSL_STORE_LOADER_set_error                                    4792
  aes_192_cfb8_get_params                                        4792
  aes_192_ocb_get_params                                         4792
  aes_192_wrap_get_params                                        4792
  aes_256_gcm_get_params                                         4792
  aria_192_ccm_get_params                                        4792
  aria_192_cfb_get_params                                        4792
  aria_256_cfb8_get_params                                       4792
  def_is_number                                                  4792
  ossl_provider_add_conf_module                                  4792
  tdes_ede2_cfb_get_params                                       4792
  aes_192_ccm_get_params                                         4833
  aria_192_ecb_get_params                                        4833
  ossl_self_test_set_callback_free                               4833
  camellia_128_ecb_get_params                                    4834
  aes_256_ecb_get_params                                         4875
  aria_256_ccm_get_params                                        4875
  camellia_192_ctr_get_params                                    4875
  ossl_rand_cleanup_int                                          4875
  sm4_128_ecb_get_params                                         4875
  OSSL_STORE_LOADER_set_open                                     4916
  aes_192_wrapinv_get_params                                     4916
  aria_128_ecb_get_params                                        4917
  aria_256_cfb1_get_params                                       4917
  EVP_aes_128_cbc_hmac_sha256                                    4958
  OSSL_STORE_LOADER_set_load                                     4958
  aes_128_wrappad_get_params                                     4958
  camellia_256_cbc_get_params                                    4958
  camellia_256_ofb_get_params                                    4958
  ENGINE_load_builtin_engines                                    4959
  OSSL_STORE_LOADER_free                                         4959
  COMP_zlib                                                      5000
  aes_cts_256_cbc_get_params                                     5000
  camellia_128_cfb_get_params                                    5000
  camellia_256_cfb_get_params                                    5000
  camellia_256_ctr_get_params                                    5041
  aes_128_wrappadinv_get_params                                  5042
  aria_256_ecb_get_params                                        5042
  camellia_192_cfb_get_params                                    5042
  camellia_192_ecb_get_params                                    5042
  ossl_store_register_init                                       5042
  tdes_ede3_cfb1_get_params                                      5042
  Diagnostics::clearError()                                      5083
  aes_192_wrappad_get_params                                     5083
  aria_128_cbc_get_params                                        5083
  aria_256_gcm_get_params                                        5083
  camellia_128_ctr_get_params                                    5084
  OSSL_STORE_LOADER_set_expect                                   5125
  __fcntl                                                        5125
  aes_128_siv_get_params                                         5125
  aes_256_wrap_get_params                                        5125
  aes_256_xts_get_params                                         5125
  camellia_192_ofb_get_params                                    5125
  ossl_property_match_count                                      5125
  camellia_128_cbc_get_params                                    5166
  EVP_aes_128_cbc_hmac_sha1                                      5167
  aes_128_wrap_get_params                                        5167
  aes_128_wrapinv_get_params                                     5167
  camellia_128_cfb8_get_params                                   5208
  camellia_256_cfb1_get_params                                   5208
  engine_remove_dynamic_id                                       5208
  ossl_indicator_set_callback_free                               5208
  ossl_property_has_optional                                     5208
  camellia_192_cfb8_get_params                                   5209
  EVP_CIPHER_get_key_length                                      5250
  aes_192_wrappadinv_get_params                                  5250
  aes_256_wrappadinv_get_params                                  5250
  OSSL_PARAM_get_int                                             5291
  aes_256_wrappad_get_params                                     5291
  chacha20_poly1305_gettable_ctx_params                          5292
  aria_128_ccm_get_params                                        5333
  ossl_prov_ctx_get0_core_bio_method                             5333
  ossl_provider_unquery_operation                                5333
  camellia_256_ecb_get_params                                    5334
  medium_region_for_ptr_no_lock                                  5334
  camellia_128_ofb_get_params                                    5375
  engine_pkey_asn1_meths_free                                    5375
  ossl_indicator_set_callback_new                                5375
  ossl_init_thread_deregister                                    5375
  ossl_self_test_set_callback_new                                5375
  ENGINE_get_cipher_engine                                       5416
  ossl_free_compression_methods_int                              5416
  camellia_192_cfb1_get_params                                   5417
  tdes_ede3_ecb_get_params                                       5417
  camellia_128_cfb1_get_params                                   5458
  camellia_cts_192_cbc_get_params                                5459
  camellia_192_cbc_get_params                                    5500
  chacha20_poly1305_get_params                                   5541
  OPENSSL_sk_sort                                                5542
  ossl_aes_128_gcm_siv_get_params                                5542
  ossl_aes_256_gcm_siv_get_params                                5542
  aes_256_wrapinv_get_params                                     5583
  getegid                                                        5625
  EVP_CIPHER_CTX_get_block_size                                  5667
  camellia_cts_128_cbc_get_params                                5667
  camellia_cts_256_cbc_get_params                                5708
  app_get0_libctx                                                5792
  ossl_aes_192_gcm_siv_get_params                                5792
  OSSL_LIB_CTX_set_conf_diagnostics                              5916
  getuid                                                         5917
  medium_malloc_from_free_list                                   5917
  geteuid                                                        6000
  getgid                                                         6000
  BIO_set_data                                                   6042
  EVP_CIPHER_get_mode                                            6126
  memset                                                         6167
  opt_arg                                                        6167
  ossl_prov_seeding_from_dispatch                                6250
  EVP_RAND_CTX_free                                              6375
  camellia_256_cfb8_get_params                                   6375
  OSSL_PARAM_get_int32                                           6500
  ossl_prov_bio_from_dispatch                                    6584
  dyld4::RuntimeState::notifyObjCPatching()                      6625
  free_small                                                     6626
  dyld4::Loader::hiddenFromFlat(bool) const                      6875
  dyld4::handleFromLoader(dyld4::Loader const*, bool)             7083
  _kernelrpc_mach_port_deallocate_trap                           7125
  BIO_next                                                       7126
  bio_open_default                                               7168
  dyld3::kdebug_trace_dyld_enabled(unsigned int)                 7250
  EVP_CipherInit_ex                                              7333
  dyld4::BumpAllocator::~BumpAllocator()                         7333
  _platform_strnlen                                              7499
  _kernelrpc_mach_port_construct_trap                            7500
  ENGINE_register_EC                                             7625
  err_unshelve_state                                             7625
  store_loader_hash                                              7833
  openssl_fopen                                                  7834
  ENGINE_register_DH                                             7917
  BIO_copy_next_retry                                            8041
  lsl::Lock::lock()                                              8042
  X509_get_default_cert_area                                     8043
  OPENSSL_sk_pop                                                 8083
  dyld4::JustInTimeLoader::hiddenFromFlat(bool) const             8125
  ENGINE_register_DSA                                            8167
  ENGINE_register_RAND                                           8167
  ENGINE_register_RSA                                            8167
  file_ctrl                                                      8209
  flsl                                                           8499
  dyld4::Loader::beginInitializers(dyld4::RuntimeState&)             8541
  __sclose                                                       8542
  _kernelrpc_mach_vm_map_trap                                    8666
  ossl_lib_ctx_get_concrete                                      8666
  BIO_set_init                                                   8750
  dyld4::RuntimeState::incDlRefCount(dyld4::Loader const*)             8750
  __sflags                                                       9001
  ENGINE_register_digests                                        9042
  ossl_property_free                                             9083
  strlen                                                         9167
  ossl_cipher_generic_einit                                      9251
  lsl::EphemeralAllocator::reset()                               9292
  ENGINE_register_ciphers                                        9374
  ossl_sa_new                                                    9458
  DSO_METHOD_openssl                                             9499
  BIO_set_flags                                                  9667
  dyld4::JustInTimeLoader::beginInitializers(dyld4::RuntimeState&)             9708
  ENGINE_register_pkey_meths                                     9750
  lsl::Vector<dyld4::Loader const*>::reserveExact(unsigned long)             9750
  deflt_query                                                    9958
  ossl_cipher_generic_set_ctx_params                             9958
  OSSL_LIB_CTX_get_conf_diagnostics                             10166
  CRYPTO_atomic_or                                              10417
  lsl::Vector<lsl::MemoryManager::Buffer>::reserve(unsigned long)            10750
  ossl_lib_ctx_get_ex_data_global                               10999
  ENGINE_register_pkey_asn1_meths                               11041
  ossl_lib_ctx_get_rcukey                                       11333
  NCONF_get_section                                             11334
  ossl_sa_doall_arg                                             11626
  engine_free_util                                              11667
  OPENSSL_cleanse                                               11749
  aes_siv_gettable_ctx_params                                   12126
  dyld4::RuntimeState::doSingletonPatching(dyld4::DyldCacheDataConstLazyScopedWriter&)            12250
  ossl_cipher_capable_aes_cbc_hmac_sha1                         12542
  fstat                                                         12583
  ossl_property_value                                           12583
  __bzero                                                       12625
  ossl_cipher_capable_aes_cbc_hmac_sha256                       12708
  EVP_add_cipher                                                12876
  aes_cbc_cts_gettable_ctx_params                               13499
  cipher_ocb_gettable_ctx_params                                13543
  BIO_clear_flags                                               13709
  lsl::EphemeralAllocator::~EphemeralAllocator()                14375
  DSO_free                                                      14584
  dyld4::Loader::path() const                                   14584
  small_try_realloc_in_place                                    14667
  sa_doall                                                      14751
  BIO_get_data                                                  14791
  dyld4::DyldCacheDataConstLazyScopedWriter::DyldCacheDataConstLazyScopedWriter(dyld4::RuntimeState&)            14875
  dyld4::Loader::loadDependents(Diagnostics&, dyld4::RuntimeState&, dyld4::Loader::LoadOptions const&)            14958
  CRYPTO_atomic_add                                             15083
  _NSGetEnviron                                                 15372
  ossl_aes_gcm_siv_gettable_ctx_params                          15499
  camellia_cbc_cts_gettable_ctx_params                          15542
  dyld3::MachOFile::is64() const                                15666
  __sflush                                                      15668
  os_unfair_recursive_lock_unlock                               15918
  _kernelrpc_mach_port_destruct_trap                            16250
  file_free                                                     16541
  file_new                                                      16541
  dyld4::JustInTimeLoader::loadDependents(Diagnostics&, dyld4::RuntimeState&, dyld4::Loader::LoadOptions const&)            16542
  ossl_prov_is_running                                          17167
  CRYPTO_THREAD_lock_free                                       17332
  pthread_mutex_destroy                                         17583
  invocation function for block in dyld4::Loader::forEachPath(Diagnostics&, dyld4::RuntimeState&, char const*, dyld4::Loader::Loa            17667
  OPENSSL_LH_get_down_load                                      17915
  dyld4::JustInTimeLoader::path() const                         18000
  kdebug_is_enabled                                             18416
  FMT_istext                                                    18459
  BIO_new                                                       18708
  pthread_cond_init                                             19125
  os_unfair_recursive_lock_lock_with_options                    20209
  property_free                                                 20542
  __chkstk_darwin_probe                                         21000
  dyld4::LibSystemHelpers::pthread_getspecific(unsigned long) const            21084
  lsl::EphemeralAllocator::deallocate_buffer(lsl::MemoryManager::Buffer)            21084
  dyld4::Loader::matchesPath(char const*) const                 21542
  os_unfair_lock_assert_not_owner                               21666
  small_size                                                    21956
  ___chkstk_darwin                                              22166
  dyld4::ProcessConfig::DyldCache::indexOfPath(char const*, unsigned int&) const            22709
  _kernelrpc_mach_vm_deallocate_trap                            23167
  dyld4::Loader::loadAddress(dyld4::RuntimeState&) const            24957
  pthread_mutex_init                                            25041
  __findenv_locked                                              25875
  dyld3::ScopedTimer::endTimer()                                26374
  __open                                                        26666
  ossl_property_name                                            26917
  OPENSSL_strnlen                                               27250
  lsl::MemoryManager::lockGuard()                               27460
  OPENSSL_sk_delete                                             28500
  dyld4::JustInTimeLoader::loadAddress(dyld4::RuntimeState&) const            28500
  mach_msg2_trap                                                30125
  _pthread_mutex_check_init_slow                                32375
  lsl::AllocationMetadata::AllocationMetadata(lsl::Allocator*, unsigned long)            33959
  CRYPTO_new_ex_data                                            35125
  OPENSSL_LH_set_down_load                                      35126
  __read_nocancel                                               35499
  szone_good_size                                               37957
  dyld4::LibSystemHelpers::os_unfair_recursive_lock_unlock(os_unfair_recursive_lock_s*) const            37958
  small_malloc_from_free_list                                   38834
  small_free_list_find_by_ptr                                   39624
  OPENSSL_sk_free                                               39791
  Diagnostics::hasError() const                                 40085
  dyld4::LibSystemHelpers::os_unfair_lock_unlock(os_unfair_lock_s*) const            40626
  ossl_rcu_write_lock                                           42041
  EVP_PKEY_asn1_get0                                            42502
  Diagnostics::noError() const                                  44541
  ossl_rcu_write_unlock                                         45292
  __write_nocancel                                              45917
  pthread_setspecific                                           46124
  ossl_tdes_gettable_ctx_params                                 46459
  small_free_list_remove_ptr                                    47125
  tiny_free_list_remove_ptr                                     48167
  dyld4::RuntimeState::PermanentRanges::contains(unsigned long, unsigned long, unsigned char*, dyld4::Loader const**) const            49833
  dyld3::MachOFile::read_uleb128(Diagnostics&, unsigned char const*&, unsigned char const*)            49918
  dyld4::LibSystemHelpers::os_unfair_recursive_lock_lock_with_options(os_unfair_recursive_lock_s*, os_unfair_lock_options_t) cons            51542
  EVP_PKEY_asn1_get0_info                                       53918
  szone_malloc                                                  54834
  pthread_cond_broadcast                                        55960
  madvise                                                       57166
  small_free_list_add_ptr                                       57415
  tiny_size                                                     57416
  small_free_list_remove_ptr_no_clear                           57874
  dyld4::LibSystemHelpers::os_unfair_lock_lock_with_options(os_unfair_lock_s*, os_unfair_lock_options_t) const            59000
  realloc                                                       60959
  get_tiny_previous_free_msize                                  61456
  lsl::EphemeralAllocator::allocate_buffer(unsigned long, unsigned long, unsigned long)            63625
  set_tiny_meta_header_in_use                                   64123
  _tiny_check_and_zero_inline_meta_from_freelist                66667
  _qsort                                                        68624
  _szone_free                                                   69460
  OPENSSL_sk_pop_free                                           70166
  ossl_cipher_aead_gettable_ctx_params                          70750
  strcmp                                                        71498
  os_unfair_lock_assert_owner                                   73045
  szone_try_free_default                                        77584
  tiny_free_list_add_ptr                                        78083
  __close_nocancel                                              78291
  dyld3::kdebug_trace_dyld_duration_end(unsigned long long, unsigned int, dyld3::kt_arg, dyld3::kt_arg, dyld3::kt_arg)            79668
  rack_get_thread_index                                         81792
  invocation function for block in dyld3::MachOFile::getDylibInstallName(char const**, unsigned int*, unsigned int*) const            83748
  property_hash                                                 89751
  EVP_CIPHER_get_type                                           90375
  dyld3::OverflowSafeArray<unsigned int, 4294967295ul>::verifySpace(unsigned long)            90958
  dyld4::Loader::contains(dyld4::RuntimeState&, void const*, void const**, unsigned long long*, unsigned char*) const            93417
  pthread_cond_signal                                          103000
  Diagnostics::assertNoError() const                           106876
  nanov2_size                                                  112582
  __open_nocancel                                              113125
  pthread_rwlock_init                                          116081
  pthread_rwlock_destroy                                       121083
  os_unfair_lock_unlock                                        127041
  Diagnostics::~Diagnostics()                                  138626
  Diagnostics::Diagnostics(bool)                               145292
  get_legacy_evp_names                                         161668
  nanov2_allocate_from_block                                   167917
  ossl_ctype_check                                             170001
  os_unfair_lock_lock_with_options                             171703
  nanov2_pointer_size                                          194330
  EVP_MD_get_type                                              195502
  invocation function for block in dyld3::MachOFile::getEntry(unsigned long long&, bool&) const           195958
  free                                                         201043
  _Block_object_dispose                                        208209
  OPENSSL_hexchar2int                                          235084
  ossl_sa_set                                                  247916
  strncmp                                                      271075
  trim_ws                                                      278535
  invocation function for block in dyld4::JustInTimeLoader::contains(dyld4::RuntimeState&, void const*, void const**, unsigned lo           291417
  BUF_MEM_new                                                  305368
  names_free                                                   313741
  OPENSSL_LH_flush                                             329756
  OPENSSL_LH_doall                                             329922
  OBJ_get0_data                                                333796
  OSSL_PARAM_set_uint                                          340209
  ossl_provider_ctx                                            345500
  EVP_CIPHER_get_nid                                           367092
  ossl_lib_ctx_unlock                                          377333
  conf_value_cmp                                               377624
  invocation function for block in dyld3::MachOLoaded::findClosestSymbol(unsigned long long, char const**, unsigned long long*) c           398169
  OSSL_PARAM_locate_const                                      398209
  ossl_lib_ctx_read_lock                                       424130
  OPENSSL_LH_set_thunks                                        431704
  property_defn_cmp                                            439126
  ossl_cipher_generic_gettable_ctx_params                      446165
  evp_cipher_up_ref                                            452242
  property_defn_hash                                           461417
  ossl_provider_free                                           466788
  value_free_hash                                              474290
  function_hash                                                475875
  BN_free                                                      483036
  CRYPTO_realloc                                               487531
  ossl_provider_up_ref                                         488246
  OSSL_PARAM_set_uint32                                        503624
  ASN1_OBJECT_free                                             508161
  eat_alpha_numeric                                            510163
  ossl_sa_get                                                  513709
  sa_free_node                                                 545577
  OSSL_PARAM_construct_end                                     547125
  EVP_CIPHER_get0_provider                                     553295
  OSSL_PARAM_construct_uint                                    563793
  evp_cipher_free                                              573834
  do_all_fn                                                    584002
  EVP_CIPHER_free                                              636909
  ossl_provider_libctx                                         799208
  invocation function for block in dyld3::MachOLoaded::getLinkEditLoadCommands(Diagnostics&, dyld3::MachOLoaded::LinkEditInfo&) c           816041
  internal_free_nop                                            844888
  _platform_strncmp                                            873590
  name_string_free                                             890887
  OPENSSL_LH_error                                             927965
  invocation function for block in dyld3::MachOFile::forEachSegment(void (dyld3::MachOFile::SegmentInfo const&, bool&) block_poin          1096584
  BUF_MEM_grow                                                1126161
  OSSL_PARAM_set_size_t                                       1128798
  pthread_getspecific                                         1152831
  sk_reserve                                                  1159204
  _os_once                                                    1237607
  CRYPTO_THREAD_get_local                                     1284420
  _platform_memchr                                            1353186
  ossl_rcu_assign_uptr                                        1415468
  OSSL_PARAM_set_uint64                                       1512154
  names_lh_free_doall                                         1515794
  ossl_lib_ctx_get_data                                       1599489
  OSSL_PARAM_set_int                                          1611984
  _platform_strchr                                            1719738
  pthread_mutex_lock                                          1723830
  OSSL_PARAM_construct_size_t                                 1799958
  pthread_mutex_unlock                                        1834752
  _nanov2_free                                                1892793
  OPENSSL_sk_push                                             1976839
  _pthread_mutex_lock_init_slow                               1981256
  OPENSSL_sk_num                                              2002946
  _pthread_mutex_unlock_init_slow                             2106156
  _pthread_mutex_firstfit_lock_slow                           2205829
  _pthread_mutex_firstfit_unlock_slow                         2299941
  OPENSSL_sk_value                                            2309255
  OSSL_PARAM_set_int32                                        2430916
  obj_name_cmp                                                2493751
  OPENSSL_LH_strhash                                          2697965
  OSSL_PARAM_construct_int                                    2741884
  _platform_memcmp                                            2757924
  pthread_once                                                3017867
  OBJ_nid2obj                                                 3148910
  CRYPTO_atomic_load                                          3295047
  pthread_rwlock_rdlock                                       3331427
  SortFnByName                                                3380364
  ossl_lh_strcasehash                                         3665145
  __error                                                     3772508
  ossl_isdigit                                                3999943
  cipher_compare                                              4034392
  fnv1a_hash                                                  4397993
  _platform_memmove                                           6492958
  pthread_rwlock_wrlock                                       6668915
  pthread_rwlock_unlock                                       9941094
  err_string_data_cmp                                        10913218
  CRYPTO_free                                                12177475
  malloc                                                     13303390
  doapr_outch                                                15121374
  err_string_data_hash                                       16653825
  nanov2_malloc                                              18493122
  _platform_strlen                                           23190061
  _platform_memset                                           25373667
  nanov2_try_free_default                                    25838756
  _platform_strcmp                                           27886942
  ossl_tolower                                               59919442
