
  sigaction                                                      1750
  EVP_md5                                                        1792
  pd_free                                                        1834
  EVP_sha1                                                       1958
  UI_OpenSSL                                                     2000
  EVP_rc4                                                        2042
  EVP_bf_ofb                                                     2083
  UI_null                                                        2083
  EVP_rc4_40                                                     2166
  EVP_rc2_cbc                                                    2208
  EVP_sm4_cbc                                                    2208
  EVP_idea_ofb                                                   2209
  EVP_mdc2                                                       2209
  EVP_bf_cbc                                                     2250
  EVP_des_ofb                                                    2250
  EVP_md4                                                        2250
  EVP_seed_cbc                                                   2250
  EVP_sha224                                                     2250
  EVP_sha512                                                     2250
  strchr                                                         2250
  EVP_des_cfb8                                                   2292
  EVP_sha3_512                                                   2292
  EVP_sm4_ctr                                                    2292
  EVP_idea_cbc                                                   2333
  EVP_sha384                                                     2333
  EVP_des_cbc                                                    2334
  EVP_des_ede                                                    2334
  _cleanup                                                       2334
  opt_unknown                                                    2334
  EVP_rc2_ofb                                                    2375
  EVP_sm4_ofb                                                    2375
  EVP_cast5_cbc                                                  2416
  EVP_rc2_cfb64                                                  2416
  EVP_des_ecb                                                    2458
  EVP_sha512_256                                                 2458
  EVP_shake128                                                   2458
  EVP_sm3                                                        2458
  EVP_sm4_ecb                                                    2458
  EVP_md5_sha1                                                   2459
  app_get0_propq                                                 2459
  EVP_chacha20                                                   2500
  EVP_des_cfb1                                                   2500
  EVP_des_ede_ofb                                                2500
  EVP_idea_ecb                                                   2500
  EVP_ripemd160                                                  2500
  EVP_seed_ecb                                                   2500
  EVP_sha3_224                                                   2500
  EVP_sha3_384                                                   2500
  EVP_aes_128_cbc                                                2541
  EVP_seed_ofb                                                   2541
  EVP_sha3_256                                                   2541
  EVP_bf_ecb                                                     2542
  EVP_blake2s256                                                 2542
  EVP_cast5_ofb                                                  2542
  EVP_shake256                                                   2542
  EVP_aes_256_gcm                                                2583
  EVP_desx_cbc                                                   2583
  opt_next                                                       2584
  release_engine                                                 2584
  EVP_aes_192_gcm                                                2625
  EVP_aes_256_ctr                                                2625
  EVP_rc2_64_cbc                                                 2625
  EVP_sha512_224                                                 2625
  EVP_des_ede3                                                   2666
  lh_FUNCTION_free                                               2666
  EVP_MD_free                                                    2667
  EVP_aes_128_ofb                                                2667
  EVP_aes_192_ofb                                                2667
  EVP_aes_256_cbc                                                2667
  EVP_aes_256_ofb                                                2667
  EVP_aes_256_xts                                                2667
  EVP_bf_cfb64                                                   2667
  EVP_aes_192_ecb                                                2708
  EVP_aes_192_ocb                                                2708
  EVP_aria_256_gcm                                               2708
  EVP_aria_256_ofb                                               2708
  EVP_des_ede_cbc                                                2708
  EVP_rc2_40_cbc                                                 2708
  ENGINE_set_id                                                  2709
  EVP_aes_192_cbc                                                2709
  strrchr                                                        2709
  COMP_get_type                                                  2750
  EVP_aes_128_ctr                                                2750
  EVP_aes_192_cfb1                                               2750
  EVP_aes_256_cfb8                                               2750
  EVP_aes_256_wrap                                               2750
  EVP_aria_128_cbc                                               2750
  EVP_aria_192_ofb                                               2750
  EVP_des_ede3_ofb                                               2750
  EVP_rc2_ecb                                                    2750
  query_hash                                                     2750
  EVP_aes_256_cfb1                                               2791
  EVP_aes_128_cfb1                                               2792
  EVP_aes_256_ccm                                                2792
  EVP_aria_256_ccm                                               2792
  EVP_aria_256_cfb1                                              2792
  EVP_aria_256_ctr                                               2792
  EVP_aria_256_ecb                                               2792
  EVP_des_ede3_cbc                                               2792
  EVP_aes_192_ccm                                                2833
  EVP_aria_128_ctr                                               2833
  def_to_int                                                     2833
  ossl_trace_cleanup                                             2833
  EVP_aes_256_ocb                                                2834
  EVP_aria_192_ccm                                               2834
  EVP_seed_cfb128                                                2834
  EVP_sm4_cfb128                                                 2834
  EVP_aes_128_ccm                                                2875
  EVP_aes_128_gcm                                                2875
  EVP_aes_192_ctr                                                2875
  EVP_aria_192_ecb                                               2875
  EVP_aria_192_gcm                                               2875
  EVP_cast5_ecb                                                  2875
  NCONF_default                                                  2875
  EVP_aria_192_cbc                                               2916
  EVP_whirlpool                                                  2916
  EVP_aes_128_cfb8                                               2917
  EVP_aes_128_ocb                                                2917
  EVP_aes_256_ecb                                                2917
  BIO_f_cipher                                                   2958
  ENGINE_set_name                                                2958
  EVP_aes_192_wrap                                               2958
  EVP_aria_128_cfb1                                              2958
  EVP_des_ede3_cfb8                                              2958
  EVP_rc4_hmac_md5                                               2958
  EVP_aria_192_ctr                                               2959
  EVP_idea_cfb64                                                 2959
  EVP_aria_128_ecb                                               3000
  EVP_aria_192_cfb8                                              3000
  EVP_aria_256_cbc                                               3000
  EVP_des_ede3_wrap                                              3000
  OBJ_obj2txt                                                    3000
  property_cmp                                                   3000
  vm_deallocate                                                  3000
  EVP_aes_128_wrap                                               3042
  EVP_aria_192_cfb1                                              3042
  EVP_aes_192_cfb8                                               3083
  def_init_default                                               3083
  EVP_aria_128_cfb8                                              3084
  EVP_CIPHER_get_flags                                           3125
  EVP_aes_128_cfb128                                             3125
  EVP_aria_128_ofb                                               3125
  EVP_blake2b512                                                 3125
  EVP_cast5_cfb64                                                3125
  OSSL_LIB_CTX_get_data                                          3125
  __cxa_finalize                                                 3125
  function_cmp                                                   3125
  signal                                                         3125
  EVP_des_cfb64                                                  3166
  EVP_des_ede3_cfb1                                              3166
  UI_method_set_closer                                           3166
  EVP_aes_128_ecb                                                3208
  EVP_aria_128_gcm                                               3208
  EVP_aria_192_cfb128                                            3208
  UI_method_set_writer                                           3208
  getrlimit                                                      3208
  EVP_aes_128_xts                                                3209
  EVP_aria_128_cfb128                                            3209
  EVP_aes_192_cfb128                                             3250
  EVP_aria_256_cfb8                                              3250
  EVP_camellia_256_ofb                                           3250
  EVP_des_ede_cfb64                                              3250
  ossl_store_cleanup_int                                         3250
  EVP_aes_256_wrap_pad                                           3291
  EVP_aria_256_cfb128                                            3291
  EVP_aes_256_cfb128                                             3292
  EVP_aria_128_ccm                                               3292
  EVP_camellia_192_ofb                                           3292
  EVP_camellia_256_cbc                                           3292
  OSSL_PARAM_modified                                            3292
  EVP_aes_192_wrap_pad                                           3333
  COMP_zlib                                                      3375
  EVP_aes_128_wrap_pad                                           3375
  EVP_camellia_128_ofb                                           3375
  EVP_camellia_192_cfb8                                          3375
  EVP_camellia_256_cfb8                                          3375
  UI_method_set_reader                                           3417
  ossl_comp_zstd_cleanup                                         3417
  pthread_self                                                   3417
  EVP_add_alg_module                                             3458
  EVP_camellia_128_cbc                                           3458
  EVP_camellia_128_cfb1                                          3458
  bio_sock_cleanup_int                                           3458
  EVP_chacha20_poly1305                                          3459
  EVP_camellia_128_ctr                                           3500
  EVP_camellia_192_ctr                                           3500
  EVP_camellia_256_ctr                                           3500
  opt_set_unknown_name                                           3500
  EVP_camellia_192_cfb1                                          3541
  UI_method_set_opener                                           3541
  ENGINE_set_flags                                               3542
  EVP_camellia_256_ecb                                           3542
  free_medium                                                    3583
  store_loader_cmp                                               3583
  init_thread_stop                                               3584
  EVP_CipherUpdate                                               3625
  EVP_camellia_192_cbc                                           3625
  EVP_des_ede3_cfb64                                             3625
  engine_load_rdrand_int                                         3625
  ossl_lib_ctx_write_lock                                        3625
  ossl_comp_brotli_cleanup                                       3666
  BIO_meth_set_ctrl                                              3667
  EVP_camellia_192_ecb                                           3667
  __smakebuf                                                     3667
  ossl_prov_ctx_free                                             3667
  app_RAND_write                                                 3708
  BIO_meth_set_puts                                              3750
  EVP_camellia_128_cfb8                                          3750
  OSSL_STORE_register_loader                                     3750
  EVP_camellia_256_cfb128                                        3791
  evp_app_cleanup_int                                            3791
  BIO_meth_set_gets                                              3792
  EVP_CipherFinal_ex                                             3792
  EVP_camellia_256_cfb1                                          3792
  ossl_comp_zlib_cleanup                                         3792
  ASN1_add_stable_module                                         3833
  EVP_camellia_128_cfb128                                        3833
  EVP_camellia_128_ecb                                           3833
  ossl_prov_ctx_set0_handle                                      3834
  ASN1_add_oid_module                                            3875
  opt_check_rest_arg                                             3916
  NCONF_get0_libctx                                              3917
  dyld4::APIs::_tlv_exit()                                       3958
  BIO_meth_set_create                                            4000
  EVP_camellia_192_cfb128                                        4000
  core_get_libctx                                                4000
  ossl_prov_ctx_new                                              4000
  ENGINE_set_cmd_defns                                           4041
  ossl_prov_ctx_get0_libctx                                      4041
  ERR_print_errors                                               4042
  EVP_CIPHER_get_iv_length                                       4042
  ossl_method_unlock_store                                       4042
  BIO_meth_set_destroy                                           4083
  EVP_CIPHER_fetch                                               4083
  OSSL_LIB_CTX_free                                              4083
  ossl_prov_ctx_set0_libctx                                      4083
  ERR_get_error_all                                              4084
  chacha20_get_params                                            4125
  EVP_PKEY_asn1_get_count                                        4166
  __getrlimit                                                    4166
  ENGINE_add_conf_module                                         4167
  ossl_config_add_ssl_module                                     4167
  close                                                          4250
  null_gettable_ctx_params                                       4250
  ossl_stored_namemap_free                                       4250
  OSSL_ERR_STATE_new                                             4292
  aes_192_ctr_get_params                                         4292
  CRYPTO_THREAD_get_current_id                                   4333
  aes_192_ecb_get_params                                         4333
  aes_192_gcm_get_params                                         4333
  aes_128_ofb_get_params                                         4334
  aes_v8_set_encrypt_key                                         4334
  OSSL_STORE_unregister_loader                                   4375
  ossl_lib_ctx_is_default                                        4375
  ossl_method_lock_store                                         4375
  sm4_128_cbc_get_params                                         4375
  aes_192_cfb_get_params                                         4416
  aes_192_ofb_get_params                                         4416
  CONF_imodule_get_value                                         4417
  aes_128_cbc_get_params                                         4458
  aes_128_xts_get_params                                         4458
  aes_256_ctr_get_params                                         4458
  aria_256_cfb_get_params                                        4458
  ENGINE_set_ctrl_function                                       4500
  ENGINE_set_init_function                                       4500
  __sigaction                                                    4500
  aes_128_ecb_get_params                                         4500
  aria_128_ofb_get_params                                        4500
  aria_192_cfb1_get_params                                       4500
  aria_192_ofb_get_params                                        4500
  ossl_bio_core_globals_free                                     4500
  ossl_cipher_generic_reset_ctx                                  4500
  pthread_cond_destroy                                           4500
  sm4_128_ctr_get_params                                         4500
  tdes_ede2_cbc_get_params                                       4500
  sm4_128_ccm_get_params                                         4541
  sm4_128_xts_get_params                                         4541
  aria_192_ctr_get_params                                        4542
  aria_256_ctr_get_params                                        4542
  tdes_ede2_ecb_get_params                                       4542
  BIO_meth_set_read_ex                                           4583
  aes_192_cfb1_get_params                                        4583
  aes_v8_ctr32_encrypt_blocks                                    4583
  aria_128_cfb_get_params                                        4583
  chacha20_gettable_ctx_params                                   4583
  tiny_try_realloc_in_place                                      4583
  EVP_sha256                                                     4584
  aria_128_cbc_get_params                                        4584
  OSSL_CMP_log_close                                             4625
  aes_256_cbc_get_params                                         4625
  aes_256_cfb_get_params                                         4625
  aria_192_gcm_get_params                                        4625
  aria_256_ofb_get_params                                        4625
  lsl::Lock::unlock()                                            4625
  ossl_child_prov_ctx_new                                        4625
  tdes_ede3_cbc_get_params                                       4625
  OSSL_STORE_LOADER_set_eof                                      4666
  aria_128_cfb1_get_params                                       4666
  ossl_rand_cleanup_int                                          4666
  BIO_free                                                       4667
  UI_method_set_prompt_constructor                               4667
  aria_256_cbc_get_params                                        4667
  ENGINE_set_finish_function                                     4708
  OPENSSL_cpuid_setup                                            4708
  aes_128_cfb_get_params                                         4708
  aes_192_wrap_get_params                                        4708
  aes_256_gcm_get_params                                         4708
  aes_256_xts_get_params                                         4708
  aria_192_ecb_get_params                                        4708
  ossl_prov_ctx_set0_core_bio_method                             4708
  ossl_store_register_init                                       4708
  sm4_128_cfb128_get_params                                      4708
  tdes_ede3_ofb_get_params                                       4708
  OSSL_trace_set_channel                                         4709
  aes_256_cfb1_get_params                                        4709
  tdes_ede2_ofb_get_params                                       4709
  aes_128_gcm_get_params                                         4750
  aes_192_siv_get_params                                         4750
  aes_cts_128_cbc_get_params                                     4750
  engine_pkey_meths_free                                         4750
  ossl_prov_cipher_hw_aes_ctr                                    4750
  ossl_random_add_conf_module                                    4750
  sm4_128_ecb_get_params                                         4750
  sm4_128_gcm_get_params                                         4750
  sm4_128_ofb128_get_params                                      4750
  tdes_ede2_cfb_get_params                                       4750
  aes_192_cfb8_get_params                                        4792
  aes_256_ofb_get_params                                         4792
  aria_128_ecb_get_params                                        4792
  aria_192_cfb8_get_params                                       4792
  BIO_meth_set_write_ex                                          4833
  EVP_aes_256_cbc_hmac_sha256                                    4833
  aes_128_ocb_get_params                                         4833
  aes_128_wrappad_get_params                                     4833
  aes_192_wrappad_get_params                                     4833
  aes_cts_192_cbc_get_params                                     4833
  tdes_ede3_cfb1_get_params                                      4833
  tdes_wrap_get_params                                           4833
  aria_192_ccm_get_params                                        4834
  aria_256_cfb1_get_params                                       4834
  OSSL_STORE_LOADER_free                                         4875
  OSSL_STORE_LOADER_set_close                                    4875
  OSSL_STORE_LOADER_set_error                                    4875
  OSSL_STORE_LOADER_set_load                                     4875
  aes_192_cbc_get_params                                         4875
  aes_192_ccm_get_params                                         4875
  aes_192_ocb_get_params                                         4875
  aria_256_ccm_get_params                                        4875
  ossl_provider_add_conf_module                                  4875
  aes_256_ocb_get_params                                         4916
  ENGINE_load_builtin_engines                                    4917
  OSSL_STORE_LOADER_set_open                                     4917
  aes_128_cfb8_get_params                                        4917
  aes_192_wrapinv_get_params                                     4917
  aes_256_ecb_get_params                                         4917
  aria_128_gcm_get_params                                        4917
  def_is_number                                                  4917
  EVP_aes_128_cbc_hmac_sha256                                    4958
  aria_128_cfb8_get_params                                       4958
  aria_192_cbc_get_params                                        4958
  aes_256_wrap_get_params                                        4959
  aria_128_ctr_get_params                                        4959
  camellia_128_ctr_get_params                                    4959
  camellia_256_ofb_get_params                                    4959
  tdes_ede3_cfb_get_params                                       4959
  aes_cts_256_cbc_get_params                                     5000
  aria_128_ccm_get_params                                        5000
  camellia_128_cfb_get_params                                    5000
  camellia_192_cfb_get_params                                    5000
  camellia_192_ctr_get_params                                    5000
  ossl_self_test_set_callback_free                               5000
  aes_128_ccm_get_params                                         5041
  aes_256_siv_get_params                                         5041
  aes_256_wrapinv_get_params                                     5041
  camellia_192_cfb8_get_params                                   5041
  camellia_192_ofb_get_params                                    5041
  engine_remove_dynamic_id                                       5041
  ossl_property_match_count                                      5041
  ENGINE_get_cipher_engine                                       5042
  EVP_aes_256_cbc_hmac_sha1                                      5042
  camellia_256_cbc_get_params                                    5042
  tdes_ede3_cfb8_get_params                                      5042
  OPENSSL_sk_sort                                                5083
  OSSL_STORE_LOADER_set_expect                                   5083
  aes_128_cfb1_get_params                                        5083
  aes_128_siv_get_params                                         5083
  aes_256_cfb8_get_params                                        5083
  aria_192_cfb_get_params                                        5083
  ossl_bio_core_globals_new                                      5083
  camellia_128_ofb_get_params                                    5084
  Diagnostics::clearError()                                      5125
  EVP_CIPHER_get_key_length                                      5125
  aes_128_ctr_get_params                                         5125
  camellia_128_ecb_get_params                                    5125
  camellia_192_cfb1_get_params                                   5125
  camellia_192_ecb_get_params                                    5125
  aria_256_cfb8_get_params                                       5166
  camellia_128_cfb1_get_params                                   5166
  camellia_128_cfb8_get_params                                   5167
  camellia_192_cbc_get_params                                    5167
  camellia_256_ctr_get_params                                    5167
  ossl_ctx_global_properties_new                                 5167
  aes_256_ccm_get_params                                         5208
  aes_192_wrappadinv_get_params                                  5209
  ossl_indicator_set_callback_free                               5209
  tdes_ede3_ecb_get_params                                       5209
  aes_128_wrap_get_params                                        5250
  aes_256_wrappad_get_params                                     5250
  camellia_256_cfb8_get_params                                   5250
  camellia_256_cfb_get_params                                    5250
  engine_pkey_asn1_meths_free                                    5250
  ossl_property_has_optional                                     5250
  camellia_256_cfb1_get_params                                   5291
  aria_256_gcm_get_params                                        5292
  camellia_256_ecb_get_params                                    5292
  camellia_cts_192_cbc_get_params                                5292
  aes_256_wrappadinv_get_params                                  5333
  ossl_free_compression_methods_int                              5333
  OSSL_PARAM_get_int                                             5375
  aes_128_wrappadinv_get_params                                  5375
  medium_region_for_ptr_no_lock                                  5375
  EVP_aes_128_cbc_hmac_sha1                                      5417
  camellia_128_cbc_get_params                                    5417
  getegid                                                        5417
  chacha20_poly1305_get_params                                   5458
  ossl_init_thread_deregister                                    5458
  ossl_provider_unquery_operation                                5459
  __fcntl                                                        5500
  EVP_CIPHER_CTX_get_block_size                                  5542
  chacha20_poly1305_gettable_ctx_params                          5542
  aes_128_wrapinv_get_params                                     5583
  ossl_aes_256_gcm_siv_get_params                                5625
  camellia_cts_256_cbc_get_params                                5667
  ossl_indicator_set_callback_new                                5667
  app_get0_libctx                                                5709
  ossl_aes_128_gcm_siv_get_params                                5792
  OSSL_LIB_CTX_set_conf_diagnostics                              5833
  ossl_prov_ctx_get0_core_bio_method                             5833
  camellia_cts_128_cbc_get_params                                5834
  aria_256_ecb_get_params                                        5875
  ossl_aes_192_gcm_siv_get_params                                5875
  opt_arg                                                        5876
  geteuid                                                        5917
  getuid                                                         5959
  BIO_set_data                                                   6000
  ossl_self_test_set_callback_new                                6000
  medium_malloc_from_free_list                                   6084
  getgid                                                         6125
  ossl_prov_bio_from_dispatch                                    6208
  ossl_prov_seeding_from_dispatch                                6209
  EVP_CIPHER_get_mode                                            6250
  memset                                                         6500
  OSSL_PARAM_get_int32                                           6541
  dyld4::Loader::hiddenFromFlat(bool) const                      6708
  EVP_RAND_CTX_free                                              6750
  free_small                                                     6875
  dyld4::RuntimeState::notifyObjCPatching()                      6959
  BIO_next                                                       7000
  dyld3::kdebug_trace_dyld_enabled(unsigned int)                 7083
  _kernelrpc_mach_port_deallocate_trap                           7167
  EVP_CipherInit_ex                                              7291
  bio_open_default                                               7334
  _platform_strnlen                                              7375
  store_loader_hash                                              7417
  dyld4::handleFromLoader(dyld4::Loader const*, bool)             7625
  ENGINE_register_EC                                             7750
  err_unshelve_state                                             7792
  dyld4::JustInTimeLoader::hiddenFromFlat(bool) const             7875
  file_ctrl                                                      7916
  ENGINE_register_DH                                             7917
  _kernelrpc_mach_port_construct_trap                            7917
  BIO_copy_next_retry                                            8125
  ENGINE_register_RSA                                            8125
  OPENSSL_sk_pop                                                 8208
  __sclose                                                       8208
  ENGINE_register_RAND                                           8249
  openssl_fopen                                                  8250
  ENGINE_register_DSA                                            8376
  X509_get_default_cert_area                                     8416
  flsl                                                           8500
  lsl::EphemeralAllocator::reset()                               8541
  ossl_lib_ctx_get_concrete                                      8584
  dyld4::Loader::beginInitializers(dyld4::RuntimeState&)             8708
  __sflags                                                       8959
  strlen                                                         9000
  BIO_set_init                                                   9042
  ossl_property_free                                             9167
  ENGINE_register_digests                                        9208
  dyld4::RuntimeState::incDlRefCount(dyld4::Loader const*)             9208
  ENGINE_register_ciphers                                        9250
  lsl::Vector<dyld4::Loader const*>::reserveExact(unsigned long)             9458
  BIO_set_flags                                                  9459
  ossl_cipher_generic_einit                                      9500
  ossl_cipher_generic_set_ctx_params                             9833
  ossl_sa_new                                                    9875
  DSO_METHOD_openssl                                             9916
  ENGINE_register_pkey_meths                                     9958
  dyld4::JustInTimeLoader::beginInitializers(dyld4::RuntimeState&)            10125
  tiny_malloc_from_free_list                                    10126
  OSSL_LIB_CTX_get_conf_diagnostics                             10500
  CRYPTO_atomic_or                                              10624
  dyld4::BumpAllocator::~BumpAllocator()                        10792
  deflt_query                                                   10959
  ENGINE_register_pkey_asn1_meths                               11125
  lsl::Lock::lock()                                             11292
  ossl_lib_ctx_get_ex_data_global                               11334
  ossl_lib_ctx_get_rcukey                                       11541
  OPENSSL_cleanse                                               11709
  NCONF_get_section                                             11749
  engine_free_util                                              11791
  aes_siv_gettable_ctx_params                                   11958
  ossl_sa_doall_arg                                             12043
  dyld4::RuntimeState::doSingletonPatching(dyld4::DyldCacheDataConstLazyScopedWriter&)            12500
  ossl_property_value                                           12583
  ossl_cipher_capable_aes_cbc_hmac_sha1                         12667
  ossl_cipher_capable_aes_cbc_hmac_sha256                       12709
  EVP_add_cipher                                                13375
  cipher_ocb_gettable_ctx_params                                13417
  BIO_clear_flags                                               13666
  aes_cbc_cts_gettable_ctx_params                               13668
  fstat                                                         13833
  dyld4::Loader::loadDependents(Diagnostics&, dyld4::RuntimeState&, dyld4::Loader::LoadOptions const&)            13834
  __bzero                                                       14209
  dyld4::Loader::path() const                                   14500
  dyld4::DyldCacheDataConstLazyScopedWriter::DyldCacheDataConstLazyScopedWriter(dyld4::RuntimeState&)            14625
  CRYPTO_atomic_add                                             14709
  BIO_get_data                                                  14791
  lsl::EphemeralAllocator::~EphemeralAllocator()                15167
  DSO_free                                                      15248
  dyld4::JustInTimeLoader::loadDependents(Diagnostics&, dyld4::RuntimeState&, dyld4::Loader::LoadOptions const&)            15291
  _NSGetEnviron                                                 15418
  ossl_aes_gcm_siv_gettable_ctx_params                          15583
  camellia_cbc_cts_gettable_ctx_params                          15625
  sa_doall                                                      15668
  __sflush                                                      16208
  dyld3::MachOFile::is64() const                                16292
  _kernelrpc_mach_port_destruct_trap                            16333
  _kernelrpc_mach_vm_deallocate_trap                            16333
  file_new                                                      16457
  ossl_prov_is_running                                          16502
  rack_region_insert                                            16876
  file_free                                                     17125
  CRYPTO_THREAD_lock_free                                       17710
  FMT_istext                                                    17751
  invocation function for block in dyld4::Loader::forEachPath(Diagnostics&, dyld4::RuntimeState&, char const*, dyld4::Loader::Loa            17792
  pthread_mutex_destroy                                         17834
  dyld4::JustInTimeLoader::path() const                         17959
  OPENSSL_LH_get_down_load                                      18291
  BIO_new                                                       18793
  os_unfair_recursive_lock_unlock                               19334
  small_try_realloc_in_place                                    20001
  property_free                                                 20334
  dyld4::LibSystemHelpers::pthread_getspecific(unsigned long) const            20500
  dyld4::Loader::matchesPath(char const*) const                 21001
  os_unfair_recursive_lock_lock_with_options                    21125
  kdebug_is_enabled                                             21333
  pthread_cond_init                                             21458
  __chkstk_darwin_probe                                         22001
  lsl::EphemeralAllocator::deallocate_buffer(lsl::MemoryManager::Buffer)            22375
  os_unfair_lock_assert_not_owner                               22500
  small_size                                                    22666
  ___chkstk_darwin                                              22791
  small_free_list_find_by_ptr                                   24667
  dyld4::Loader::loadAddress(dyld4::RuntimeState&) const            25249
  dyld4::ProcessConfig::DyldCache::indexOfPath(char const*, unsigned int&) const            25958
  dyld3::ScopedTimer::endTimer()                                26584
  __findenv_locked                                              26625
  mach_msg2_trap                                                26875
  pthread_mutex_init                                            27125
  OPENSSL_strnlen                                               27542
  ossl_property_name                                            28124
  OPENSSL_sk_delete                                             28126
  lsl::MemoryManager::lockGuard()                               28541
  dyld4::JustInTimeLoader::loadAddress(dyld4::RuntimeState&) const            28583
  small_free_list_remove_ptr                                    28958
  lsl::Vector<lsl::MemoryManager::Buffer>::reserve(unsigned long)            29375
  _kernelrpc_mach_vm_map_trap                                   32292
  _pthread_mutex_check_init_slow                                33167
  small_free_list_remove_ptr_no_clear                           35376
  OPENSSL_LH_set_down_load                                      35709
  lsl::AllocationMetadata::AllocationMetadata(lsl::Allocator*, unsigned long)            35833
  __read_nocancel                                               37292
  CRYPTO_new_ex_data                                            37500
  __open                                                        37708
  szone_good_size                                               38001
  OPENSSL_sk_free                                               40086
  get_tiny_previous_free_msize                                  41333
  dyld4::LibSystemHelpers::os_unfair_recursive_lock_unlock(os_unfair_recursive_lock_s*) const            42416
  EVP_PKEY_asn1_get0                                            42623
  ossl_rcu_write_lock                                           42959
  Diagnostics::hasError() const                                 43291
  dyld4::LibSystemHelpers::os_unfair_lock_unlock(os_unfair_lock_s*) const            44291
  small_free_list_add_ptr                                       44584
  __write_nocancel                                              45334
  ossl_tdes_gettable_ctx_params                                 46000
  ossl_rcu_write_unlock                                         46292
  pthread_setspecific                                           46708
  tiny_free_list_remove_ptr                                     46918
  Diagnostics::noError() const                                  47294
  small_malloc_from_free_list                                   49500
  dyld4::RuntimeState::PermanentRanges::contains(unsigned long, unsigned long, unsigned char*, dyld4::Loader const**) const            50166
  _tiny_check_and_zero_inline_meta_from_freelist                53042
  dyld4::LibSystemHelpers::os_unfair_recursive_lock_lock_with_options(os_unfair_recursive_lock_s*, os_unfair_lock_options_t) cons            53459
  dyld3::MachOFile::read_uleb128(Diagnostics&, unsigned char const*&, unsigned char const*)            53874
  EVP_PKEY_asn1_get0_info                                       54584
  szone_malloc                                                  55962
  pthread_cond_broadcast                                        56208
  madvise                                                       57709
  tiny_size                                                     59166
  realloc                                                       62044
  dyld4::LibSystemHelpers::os_unfair_lock_lock_with_options(os_unfair_lock_s*, os_unfair_lock_options_t) const            63625
  set_tiny_meta_header_in_use                                   63708
  _qsort                                                        66542
  strcmp                                                        69459
  _szone_free                                                   69793
  ossl_cipher_aead_gettable_ctx_params                          70541
  OPENSSL_sk_pop_free                                           70750
  lsl::EphemeralAllocator::allocate_buffer(unsigned long, unsigned long, unsigned long)            70750
  __close_nocancel                                              76000
  szone_try_free_default                                        77084
  tiny_free_list_add_ptr                                        77794
  os_unfair_lock_assert_owner                                   79289
  invocation function for block in dyld3::MachOFile::getDylibInstallName(char const**, unsigned int*, unsigned int*) const            81000
  rack_get_thread_index                                         82835
  dyld3::kdebug_trace_dyld_duration_end(unsigned long long, unsigned int, dyld3::kt_arg, dyld3::kt_arg, dyld3::kt_arg)            84543
  property_hash                                                 85210
  EVP_CIPHER_get_type                                           91084
  dyld3::OverflowSafeArray<unsigned int, 4294967295ul>::verifySpace(unsigned long)            92624
  dyld4::Loader::contains(dyld4::RuntimeState&, void const*, void const**, unsigned long long*, unsigned char*) const            94040
  pthread_cond_signal                                          104957
  Diagnostics::assertNoError() const                           108333
  nanov2_size                                                  118082
  pthread_rwlock_destroy                                       124878
  __open_nocancel                                              126750
  pthread_rwlock_init                                          128667
  os_unfair_lock_unlock                                        137041
  Diagnostics::~Diagnostics()                                  140457
  Diagnostics::Diagnostics(bool)                               148662
  get_legacy_evp_names                                         159836
  ossl_ctype_check                                             170540
  os_unfair_lock_lock_with_options                             175585
  EVP_MD_get_type                                              195829
  nanov2_pointer_size                                          196041
  invocation function for block in dyld3::MachOFile::getEntry(unsigned long long&, bool&) const           200627
  free                                                         207925
  _Block_object_dispose                                        213960
  OPENSSL_hexchar2int                                          240078
  ossl_sa_set                                                  246624
  nanov2_allocate_from_block                                   265255
  strncmp                                                      279257
  trim_ws                                                      283326
  invocation function for block in dyld4::JustInTimeLoader::contains(dyld4::RuntimeState&, void const*, void const**, unsigned lo           292836
  BUF_MEM_new                                                  309251
  names_free                                                   309834
  OBJ_get0_data                                                330120
  OPENSSL_LH_doall                                             330243
  OPENSSL_LH_flush                                             331457
  ossl_provider_ctx                                            340411
  OSSL_PARAM_set_uint                                          341337
  EVP_CIPHER_get_nid                                           364084
  ossl_lib_ctx_unlock                                          376295
  conf_value_cmp                                               384670
  OSSL_PARAM_locate_const                                      398702
  invocation function for block in dyld3::MachOLoaded::findClosestSymbol(unsigned long long, char const**, unsigned long long*) c           400375
  ossl_lib_ctx_read_lock                                       421707
  OPENSSL_LH_set_thunks                                        427876
  property_defn_cmp                                            439286
  ossl_cipher_generic_gettable_ctx_params                      444703
  evp_cipher_up_ref                                            457000
  property_defn_hash                                           464842
  ossl_provider_free                                           474580
  function_hash                                                482162
  BN_free                                                      483543
  value_free_hash                                              483963
  CRYPTO_realloc                                               490711
  ossl_provider_up_ref                                         492373
  OSSL_PARAM_set_uint32                                        502865
  ossl_sa_get                                                  508956
  ASN1_OBJECT_free                                             510206
  eat_alpha_numeric                                            521913
  sa_free_node                                                 546041
  OSSL_PARAM_construct_end                                     553913
  EVP_CIPHER_get0_provider                                     561456
  OSSL_PARAM_construct_uint                                    571299
  evp_cipher_free                                              573381
  do_all_fn                                                    582703
  EVP_CIPHER_free                                              627657
  ossl_provider_libctx                                         798457
  invocation function for block in dyld3::MachOLoaded::getLinkEditLoadCommands(Diagnostics&, dyld3::MachOLoaded::LinkEditInfo&) c           827749
  internal_free_nop                                            847842
  _platform_strncmp                                            884750
  name_string_free                                             885163
  OPENSSL_LH_error                                             939082
  invocation function for block in dyld3::MachOFile::forEachSegment(void (dyld3::MachOFile::SegmentInfo const&, bool&) block_poin          1090000
  OSSL_PARAM_set_size_t                                       1118131
  BUF_MEM_grow                                                1156345
  pthread_getspecific                                         1157489
  sk_reserve                                                  1166363
  _os_once                                                    1228962
  CRYPTO_THREAD_get_local                                     1280206
  _platform_memchr                                            1376798
  ossl_rcu_assign_uptr                                        1431044
  OSSL_PARAM_set_uint64                                       1506042
  names_lh_free_doall                                         1523822
  ossl_lib_ctx_get_data                                       1603705
  OSSL_PARAM_set_int                                          1612055
  _platform_strchr                                            1732007
  pthread_mutex_lock                                          1764990
  OSSL_PARAM_construct_size_t                                 1803880
  pthread_mutex_unlock                                        1871883
  _nanov2_free                                                1894836
  OPENSSL_sk_push                                             1972718
  OPENSSL_sk_num                                              2000714
  _pthread_mutex_lock_init_slow                               2027083
  _pthread_mutex_unlock_init_slow                             2137797
  _pthread_mutex_firstfit_lock_slow                           2265150
  OPENSSL_sk_value                                            2329747
  _pthread_mutex_firstfit_unlock_slow                         2345578
  OSSL_PARAM_set_int32                                        2450127
  obj_name_cmp                                                2519358
  OSSL_PARAM_construct_int                                    2743575
  _platform_memcmp                                            2753050
  OPENSSL_LH_strhash                                          2758626
  pthread_once                                                3051903
  OBJ_nid2obj                                                 3166052
  CRYPTO_atomic_load                                          3289585
  pthread_rwlock_rdlock                                       3334239
  SortFnByName                                                3472631
  ossl_lh_strcasehash                                         3672458
  __error                                                     3869091
  ossl_isdigit                                                4030743
  cipher_compare                                              4098955
  fnv1a_hash                                                  4434118
  _platform_memmove                                           6559704
  pthread_rwlock_wrlock                                       6737672
  pthread_rwlock_unlock                                       9986353
  err_string_data_cmp                                        11095165
  CRYPTO_free                                                12384102
  malloc                                                     13470971
  doapr_outch                                                15254012
  err_string_data_hash                                       16937929
  nanov2_malloc                                              18646973
  _platform_strlen                                           23437716
  _platform_memset                                           25740713
  nanov2_try_free_default                                    26363391
  _platform_strcmp                                           27978189
  ossl_tolower                                               60438048
