
  pd_free                                                        1625
  sigaction                                                      1750
  EVP_md5                                                        1917
  UI_OpenSSL                                                     2000
  EVP_sm4_cbc                                                    2083
  EVP_rc2_cbc                                                    2084
  EVP_rc2_ofb                                                    2125
  EVP_sha1                                                       2125
  EVP_sha512                                                     2125
  EVP_sm4_ctr                                                    2125
  EVP_idea_cbc                                                   2166
  EVP_seed_cbc                                                   2167
  EVP_sha224                                                     2167
  EVP_des_ede                                                    2208
  EVP_sha384                                                     2208
  EVP_shake128                                                   2208
  EVP_bf_ofb                                                     2209
  EVP_mdc2                                                       2209
  EVP_rc4_40                                                     2250
  _cleanup                                                       2250
  opt_unknown                                                    2250
  EVP_sm4_ofb                                                    2291
  UI_null                                                        2291
  EVP_des_cfb8                                                   2292
  strchr                                                         2292
  EVP_des_ecb                                                    2333
  EVP_des_ofb                                                    2333
  EVP_rc4                                                        2333
  EVP_sha3_512                                                   2333
  EVP_bf_cbc                                                     2334
  EVP_idea_ofb                                                   2334
  EVP_seed_ofb                                                   2375
  EVP_shake256                                                   2375
  EVP_sm3                                                        2375
  EVP_bf_ecb                                                     2416
  EVP_sha512_224                                                 2416
  EVP_cast5_ofb                                                  2417
  EVP_sha3_384                                                   2417
  EVP_cast5_cbc                                                  2458
  EVP_des_cfb1                                                   2458
  EVP_MD_free                                                    2459
  EVP_md4                                                        2459
  EVP_aes_128_ofb                                                2500
  EVP_chacha20                                                   2500
  EVP_des_ede3                                                   2500
  app_get0_propq                                                 2500
  EVP_bf_cfb64                                                   2541
  COMP_get_type                                                  2542
  EVP_sha512_256                                                 2542
  opt_next                                                       2542
  EVP_rc2_ecb                                                    2583
  EVP_ripemd160                                                  2583
  EVP_des_cbc                                                    2584
  release_engine                                                 2584
  EVP_aes_256_ofb                                                2625
  EVP_blake2s256                                                 2625
  EVP_des_ede_cbc                                                2625
  EVP_rc2_cfb64                                                  2625
  EVP_sm4_ecb                                                    2625
  EVP_aes_128_ctr                                                2666
  EVP_aria_256_ccm                                               2666
  EVP_aes_256_gcm                                                2667
  EVP_seed_ecb                                                   2667
  ossl_trace_cleanup                                             2667
  EVP_aes_192_ocb                                                2708
  EVP_aria_256_cbc                                               2708
  EVP_md5_sha1                                                   2708
  EVP_rc2_40_cbc                                                 2708
  def_to_int                                                     2708
  EVP_aes_192_cbc                                                2709
  EVP_aes_192_ecb                                                2709
  EVP_sha3_224                                                   2709
  NCONF_default                                                  2709
  EVP_aes_128_cbc                                                2750
  EVP_aes_128_xts                                                2750
  EVP_aes_192_ccm                                                2750
  EVP_aes_192_gcm                                                2750
  EVP_aria_192_ofb                                               2750
  EVP_desx_cbc                                                   2750
  EVP_idea_ecb                                                   2750
  EVP_rc2_64_cbc                                                 2750
  ENGINE_set_name                                                2791
  EVP_aes_192_cfb8                                               2791
  EVP_aes_192_ctr                                                2791
  EVP_cast5_cfb64                                                2791
  EVP_sm4_cfb128                                                 2791
  lh_FUNCTION_free                                               2791
  EVP_aria_192_cfb1                                              2792
  EVP_aes_128_gcm                                                2833
  EVP_aes_192_ofb                                                2833
  EVP_aes_256_cfb1                                               2833
  EVP_aes_256_ocb                                                2833
  EVP_cast5_ecb                                                  2833
  signal                                                         2833
  strrchr                                                        2833
  EVP_aes_256_ccm                                                2834
  EVP_aes_256_ctr                                                2834
  EVP_aria_192_cbc                                               2834
  vm_deallocate                                                  2834
  BIO_f_cipher                                                   2875
  EVP_aes_128_ccm                                                2875
  EVP_aes_128_cfb1                                               2875
  EVP_aes_192_wrap                                               2875
  EVP_aes_256_cbc                                                2875
  EVP_aria_128_ccm                                               2875
  EVP_aria_128_ctr                                               2875
  EVP_aria_192_ctr                                               2875
  EVP_aria_256_gcm                                               2875
  EVP_aria_256_ofb                                               2875
  EVP_des_ede3_cfb8                                              2875
  EVP_sha3_256                                                   2875
  query_hash                                                     2875
  EVP_aria_128_ecb                                               2916
  EVP_aria_128_ofb                                               2916
  EVP_blake2b512                                                 2916
  EVP_aes_128_cfb8                                               2917
  EVP_aes_192_cfb1                                               2917
  EVP_idea_cfb64                                                 2917
  EVP_rc4_hmac_md5                                               2917
  EVP_aria_192_gcm                                               2958
  EVP_des_ede3_wrap                                              2958
  EVP_whirlpool                                                  2958
  ENGINE_set_id                                                  2959
  EVP_aes_128_wrap                                               2959
  EVP_aes_256_cfb8                                               2959
  EVP_aria_128_cfb8                                              2959
  EVP_aria_128_cbc                                               3000
  EVP_aria_256_cfb1                                              3000
  EVP_aria_256_cfb8                                              3000
  EVP_aria_256_ctr                                               3000
  EVP_seed_cfb128                                                3000
  EVP_aes_128_ocb                                                3041
  EVP_aria_192_cfb128                                            3042
  OBJ_obj2txt                                                    3042
  def_init_default                                               3042
  function_cmp                                                   3042
  property_cmp                                                   3042
  EVP_aria_256_ecb                                               3083
  EVP_des_ede3_cbc                                               3083
  EVP_des_cfb64                                                  3084
  OSSL_LIB_CTX_get_data                                          3084
  EVP_CIPHER_get_flags                                           3125
  EVP_aes_256_wrap                                               3125
  EVP_aes_256_xts                                                3125
  EVP_des_ede3_cfb1                                              3125
  __cxa_finalize                                                 3125
  getrlimit                                                      3125
  EVP_camellia_128_ofb                                           3166
  EVP_aes_256_cfb128                                             3167
  EVP_aria_128_cfb1                                              3167
  EVP_aria_192_ccm                                               3167
  EVP_aria_256_cfb128                                            3167
  EVP_camellia_192_ofb                                           3167
  EVP_camellia_256_ctr                                           3167
  COMP_zlib                                                      3208
  EVP_aes_128_cfb128                                             3208
  EVP_des_ede3_ofb                                               3208
  EVP_des_ede_ofb                                                3208
  UI_method_set_closer                                           3208
  UI_method_set_writer                                           3209
  EVP_aes_192_wrap_pad                                           3250
  EVP_aria_128_cfb128                                            3250
  EVP_aria_128_gcm                                               3250
  EVP_camellia_128_ctr                                           3250
  EVP_camellia_192_cbc                                           3250
  EVP_camellia_256_cbc                                           3250
  EVP_camellia_256_ofb                                           3250
  EVP_des_ede_cfb64                                              3250
  EVP_aes_128_ecb                                                3291
  EVP_camellia_192_cfb8                                          3292
  ossl_comp_zstd_cleanup                                         3292
  EVP_aes_192_cfb128                                             3333
  EVP_aes_256_ecb                                                3333
  EVP_aria_192_ecb                                               3333
  EVP_camellia_192_cfb1                                          3333
  bio_sock_cleanup_int                                           3333
  ossl_store_cleanup_int                                         3333
  EVP_chacha20_poly1305                                          3334
  EVP_aria_192_cfb8                                              3375
  EVP_camellia_256_cfb8                                          3375
  OSSL_PARAM_modified                                            3375
  EVP_camellia_128_cfb8                                          3416
  EVP_des_ede3_cfb64                                             3417
  EVP_add_alg_module                                             3458
  EVP_aes_256_wrap_pad                                           3458
  EVP_camellia_128_cbc                                           3458
  ENGINE_set_flags                                               3459
  __smakebuf                                                     3459
  EVP_camellia_128_cfb1                                          3500
  EVP_camellia_256_cfb1                                          3500
  UI_method_set_reader                                           3500
  opt_set_unknown_name                                           3500
  EVP_camellia_192_ctr                                           3541
  EVP_camellia_256_ecb                                           3542
  init_thread_stop                                               3542
  UI_method_set_opener                                           3583
  engine_load_rdrand_int                                         3583
  pthread_self                                                   3583
  EVP_CipherUpdate                                               3625
  ossl_comp_zlib_cleanup                                         3625
  ossl_prov_ctx_free                                             3666
  OSSL_STORE_register_loader                                     3667
  store_loader_cmp                                               3667
  ossl_prov_ctx_set0_handle                                      3708
  ASN1_add_stable_module                                         3709
  BIO_meth_set_ctrl                                              3750
  EVP_aes_128_wrap_pad                                           3750
  EVP_camellia_192_ecb                                           3750
  EVP_camellia_256_cfb128                                        3750
  app_RAND_write                                                 3750
  ERR_get_error_all                                              3791
  EVP_camellia_192_cfb128                                        3791
  ossl_prov_ctx_new                                              3791
  ASN1_add_oid_module                                            3792
  free_medium                                                    3792
  ERR_print_errors                                               3833
  evp_app_cleanup_int                                            3833
  ossl_comp_brotli_cleanup                                       3833
  EVP_CIPHER_fetch                                               3834
  BIO_meth_set_puts                                              3875
  EVP_CipherFinal_ex                                             3875
  ossl_lib_ctx_write_lock                                        3875
  ossl_prov_ctx_set0_libctx                                      3875
  BIO_meth_set_gets                                              3916
  core_get_libctx                                                3917
  dyld4::APIs::_tlv_exit()                                       3917
  opt_check_rest_arg                                             3917
  ENGINE_set_cmd_defns                                           3958
  EVP_camellia_128_ecb                                           3958
  NCONF_get0_libctx                                              3958
  ossl_method_unlock_store                                       3958
  ossl_prov_ctx_get0_libctx                                      3958
  BIO_meth_set_destroy                                           4000
  EVP_CIPHER_get_iv_length                                       4041
  ENGINE_add_conf_module                                         4042
  EVP_camellia_128_cfb128                                        4042
  aes_v8_set_encrypt_key                                         4125
  ossl_lib_ctx_is_default                                        4125
  OSSL_LIB_CTX_free                                              4166
  chacha20_get_params                                            4167
  ossl_stored_namemap_free                                       4167
  CRYPTO_THREAD_get_current_id                                   4250
  ossl_child_prov_ctx_new                                        4250
  BIO_meth_set_create                                            4291
  ENGINE_set_ctrl_function                                       4291
  __sigaction                                                    4292
  aes_128_ofb_get_params                                         4292
  aes_192_ecb_get_params                                         4292
  ossl_config_add_ssl_module                                     4333
  tiny_free_no_lock                                              4333
  aes_192_cfb_get_params                                         4334
  BIO_meth_set_read_ex                                           4375
  aes_128_xts_get_params                                         4375
  null_gettable_ctx_params                                       4375
  aes_256_ccm_get_params                                         4416
  EVP_PKEY_asn1_get_count                                        4417
  OSSL_CMP_log_close                                             4417
  aes_128_cfb_get_params                                         4417
  aes_256_ofb_get_params                                         4417
  aria_256_ofb_get_params                                        4417
  ossl_cipher_generic_reset_ctx                                  4417
  ossl_method_lock_store                                         4417
  CONF_imodule_get_value                                         4458
  aes_128_cfb1_get_params                                        4458
  aes_192_gcm_get_params                                         4458
  ossl_bio_core_globals_free                                     4458
  OSSL_STORE_LOADER_set_eof                                      4500
  aes_192_cbc_get_params                                         4500
  aes_192_ctr_get_params                                         4500
  aes_192_ofb_get_params                                         4500
  aes_192_siv_get_params                                         4500
  aria_128_cfb1_get_params                                       4500
  aria_128_cfb_get_params                                        4500
  aria_128_ecb_get_params                                        4500
  close                                                          4500
  ossl_provider_add_conf_module                                  4500
  tdes_wrap_get_params                                           4500
  sm4_128_cfb128_get_params                                      4541
  tdes_ede2_ofb_get_params                                       4541
  BIO_meth_set_write_ex                                          4542
  ENGINE_set_init_function                                       4542
  OSSL_STORE_unregister_loader                                   4542
  aes_128_ecb_get_params                                         4542
  aria_192_cfb1_get_params                                       4542
  aria_256_ctr_get_params                                        4542
  chacha20_gettable_ctx_params                                   4542
  sm4_128_ctr_get_params                                         4542
  sm4_128_ecb_get_params                                         4542
  ENGINE_set_finish_function                                     4583
  OSSL_ERR_STATE_new                                             4583
  UI_method_set_prompt_constructor                               4583
  aes_192_ocb_get_params                                         4583
  aes_v8_ctr32_encrypt_blocks                                    4583
  aria_128_cfb8_get_params                                       4583
  aria_192_ecb_get_params                                        4583
  ossl_bio_core_globals_new                                      4583
  tdes_ede2_cbc_get_params                                       4583
  aes_128_ccm_get_params                                         4584
  aes_192_wrap_get_params                                        4584
  aes_256_cfb_get_params                                         4584
  aes_128_cbc_get_params                                         4625
  aes_128_ctr_get_params                                         4625
  aes_256_ctr_get_params                                         4625
  aes_cts_192_cbc_get_params                                     4625
  aria_128_cbc_get_params                                        4625
  aria_128_ctr_get_params                                        4625
  aria_256_cfb1_get_params                                       4625
  ossl_rand_cleanup_int                                          4625
  sm4_128_cbc_get_params                                         4625
  EVP_sha256                                                     4666
  aes_192_cfb1_get_params                                        4666
  aria_192_ctr_get_params                                        4666
  ossl_random_add_conf_module                                    4666
  aria_128_ofb_get_params                                        4667
  aria_192_ofb_get_params                                        4667
  aria_256_cfb8_get_params                                       4667
  OSSL_STORE_LOADER_set_error                                    4708
  aes_128_gcm_get_params                                         4708
  sm4_128_ofb128_get_params                                      4708
  tdes_ede3_cfb8_get_params                                      4708
  tdes_ede3_cfb_get_params                                       4708
  OSSL_STORE_LOADER_set_load                                     4709
  aes_256_cbc_get_params                                         4709
  aria_192_gcm_get_params                                        4709
  aria_256_cfb_get_params                                        4709
  def_is_number                                                  4709
  engine_pkey_meths_free                                         4709
  tdes_ede3_cbc_get_params                                       4709
  tiny_try_realloc_in_place                                      4709
  ENGINE_load_builtin_engines                                    4750
  OSSL_STORE_LOADER_set_close                                    4750
  aes_128_ocb_get_params                                         4750
  aes_256_cfb1_get_params                                        4750
  aria_192_cfb8_get_params                                       4750
  ossl_store_register_init                                       4750
  sm4_128_xts_get_params                                         4750
  tdes_ede2_ecb_get_params                                       4750
  EVP_aes_256_cbc_hmac_sha1                                      4791
  OPENSSL_cpuid_setup                                            4791
  aes_256_cfb8_get_params                                        4791
  aes_256_siv_get_params                                         4791
  aes_256_wrap_get_params                                        4791
  ossl_ctx_global_properties_new                                 4791
  aes_256_ocb_get_params                                         4792
  aes_256_xts_get_params                                         4792
  sm4_128_gcm_get_params                                         4792
  tdes_ede2_cfb_get_params                                       4792
  aes_256_gcm_get_params                                         4833
  aria_192_cbc_get_params                                        4833
  aria_256_ccm_get_params                                        4833
  camellia_256_ctr_get_params                                    4833
  pthread_cond_destroy                                           4833
  aes_192_ccm_get_params                                         4834
  tdes_ede3_ofb_get_params                                       4834
  aes_128_cfb8_get_params                                        4875
  aes_128_wrappad_get_params                                     4875
  aes_cts_256_cbc_get_params                                     4875
  aria_128_ccm_get_params                                        4875
  aria_128_gcm_get_params                                        4875
  aria_256_cbc_get_params                                        4875
  camellia_128_cfb_get_params                                    4875
  camellia_192_ecb_get_params                                    4875
  ossl_prov_cipher_hw_aes_ctr                                    4875
  BIO_free                                                       4876
  sm4_128_ccm_get_params                                         4916
  OSSL_STORE_LOADER_free                                         4917
  camellia_256_cfb_get_params                                    4917
  ossl_prov_ctx_set0_core_bio_method                             4917
  Diagnostics::clearError()                                      4958
  EVP_aes_256_cbc_hmac_sha256                                    4958
  aes_128_wrap_get_params                                        4958
  aes_256_ecb_get_params                                         4958
  aes_cts_128_cbc_get_params                                     4958
  aria_192_cfb_get_params                                        4958
  camellia_128_cbc_get_params                                    4958
  aes_128_siv_get_params                                         4959
  aes_256_wrapinv_get_params                                     4959
  camellia_128_ctr_get_params                                    4959
  aes_192_wrapinv_get_params                                     5000
  camellia_128_ecb_get_params                                    5000
  camellia_256_cbc_get_params                                    5000
  camellia_256_cfb1_get_params                                   5000
  EVP_CIPHER_get_key_length                                      5041
  camellia_192_cfb1_get_params                                   5041
  lsl::Lock::unlock()                                            5041
  aria_192_ccm_get_params                                        5042
  camellia_128_cfb1_get_params                                   5042
  camellia_192_cfb_get_params                                    5042
  ossl_property_match_count                                      5042
  ENGINE_get_cipher_engine                                       5083
  aria_256_ecb_get_params                                        5083
  camellia_128_cfb8_get_params                                   5083
  camellia_128_ofb_get_params                                    5083
  camellia_192_ctr_get_params                                    5083
  ossl_indicator_set_callback_new                                5084
  tdes_ede3_ecb_get_params                                       5084
  EVP_aes_128_cbc_hmac_sha1                                      5125
  OSSL_STORE_LOADER_set_expect                                   5125
  aria_256_gcm_get_params                                        5125
  camellia_192_ofb_get_params                                    5125
  ossl_indicator_set_callback_free                               5125
  camellia_192_cfb8_get_params                                   5166
  engine_remove_dynamic_id                                       5166
  tdes_ede3_cfb1_get_params                                      5166
  EVP_aes_128_cbc_hmac_sha256                                    5167
  camellia_192_cbc_get_params                                    5167
  ossl_init_thread_deregister                                    5167
  aes_192_wrappad_get_params                                     5208
  camellia_256_cfb8_get_params                                   5208
  ossl_property_has_optional                                     5208
  ossl_self_test_set_callback_free                               5208
  aes_192_cfb8_get_params                                        5209
  camellia_256_ofb_get_params                                    5209
  engine_pkey_asn1_meths_free                                    5209
  OSSL_STORE_LOADER_set_open                                     5250
  aes_128_wrapinv_get_params                                     5250
  aes_256_wrappadinv_get_params                                  5250
  medium_region_for_ptr_no_lock                                  5291
  memset                                                         5291
  ossl_self_test_set_callback_new                                5291
  aes_256_wrappad_get_params                                     5292
  aes_192_wrappadinv_get_params                                  5333
  OSSL_PARAM_get_int                                             5375
  __fcntl                                                        5375
  aes_128_wrappadinv_get_params                                  5375
  camellia_cts_192_cbc_get_params                                5417
  camellia_cts_256_cbc_get_params                                5417
  ossl_free_compression_methods_int                              5417
  OPENSSL_sk_sort                                                5500
  camellia_256_ecb_get_params                                    5500
  ossl_aes_192_gcm_siv_get_params                                5542
  ossl_provider_unquery_operation                                5542
  ossl_prov_ctx_get0_core_bio_method                             5583
  ossl_aes_256_gcm_siv_get_params                                5625
  chacha20_poly1305_get_params                                   5667
  chacha20_poly1305_gettable_ctx_params                          5709
  getegid                                                        5749
  OSSL_LIB_CTX_set_conf_diagnostics                              5750
  medium_malloc_from_free_list                                   5791
  EVP_CIPHER_CTX_get_block_size                                  5833
  getgid                                                         5833
  app_get0_libctx                                                5875
  camellia_cts_128_cbc_get_params                                5958
  opt_arg                                                        5959
  BIO_set_data                                                   6042
  geteuid                                                        6083
  ossl_prov_bio_from_dispatch                                    6083
  EVP_CIPHER_get_mode                                            6166
  ossl_prov_seeding_from_dispatch                                6167
  getuid                                                         6291
  ossl_aes_128_gcm_siv_get_params                                6292
  OSSL_trace_set_channel                                         6375
  __getrlimit                                                    6458
  EVP_RAND_CTX_free                                              6541
  OSSL_PARAM_get_int32                                           6624
  dyld4::RuntimeState::notifyObjCPatching()                      6625
  dyld4::Loader::hiddenFromFlat(bool) const                      6667
  BIO_next                                                       6832
  dyld3::kdebug_trace_dyld_enabled(unsigned int)                 6959
  _kernelrpc_mach_port_deallocate_trap                           7250
  _platform_strnlen                                              7292
  EVP_CipherInit_ex                                              7333
  dyld4::handleFromLoader(dyld4::Loader const*, bool)             7375
  bio_open_default                                               7416
  _kernelrpc_mach_port_construct_trap                            7417
  dyld4::BumpAllocator::~BumpAllocator()                         7500
  ENGINE_register_EC                                             7625
  store_loader_hash                                              7666
  ENGINE_register_DH                                             7667
  file_ctrl                                                      7833
  dyld4::JustInTimeLoader::hiddenFromFlat(bool) const             7875
  openssl_fopen                                                  7875
  OPENSSL_sk_pop                                                 7917
  lsl::EphemeralAllocator::reset()                               7917
  BIO_copy_next_retry                                            8000
  ENGINE_register_RAND                                           8001
  X509_get_default_cert_area                                     8042
  ENGINE_register_RSA                                            8084
  err_unshelve_state                                             8124
  ENGINE_register_DSA                                            8125
  lsl::Lock::lock()                                              8167
  flsl                                                           8293
  dyld4::Loader::beginInitializers(dyld4::RuntimeState&)             8333
  ossl_lib_ctx_get_concrete                                      8459
  __sclose                                                       8500
  ossl_sa_new                                                    8791
  dyld4::RuntimeState::incDlRefCount(dyld4::Loader const*)             8875
  free_small                                                     9041
  lsl::Vector<dyld4::Loader const*>::reserveExact(unsigned long)             9042
  ENGINE_register_digests                                        9083
  __sflags                                                       9083
  ENGINE_register_ciphers                                        9124
  BIO_set_init                                                   9209
  ossl_cipher_generic_einit                                      9375
  dyld4::JustInTimeLoader::beginInitializers(dyld4::RuntimeState&)             9417
  ossl_property_free                                             9417
  BIO_set_flags                                                  9500
  ENGINE_register_pkey_meths                                     9583
  DSO_METHOD_openssl                                             9625
  ossl_cipher_generic_set_ctx_params                            10083
  OSSL_LIB_CTX_get_conf_diagnostics                             10124
  deflt_query                                                   10208
  ossl_lib_ctx_get_ex_data_global                               10375
  CRYPTO_atomic_or                                              10458
  engine_free_util                                              10750
  ENGINE_register_pkey_asn1_meths                               10959
  lsl::Vector<lsl::MemoryManager::Buffer>::reserve(unsigned long)            11042
  ossl_lib_ctx_get_rcukey                                       11042
  tiny_malloc_from_free_list                                    11125
  NCONF_get_section                                             11333
  ossl_sa_doall_arg                                             11541
  OPENSSL_cleanse                                               11710
  aes_siv_gettable_ctx_params                                   11874
  dyld4::RuntimeState::doSingletonPatching(dyld4::DyldCacheDataConstLazyScopedWriter&)            12250
  ossl_cipher_capable_aes_cbc_hmac_sha1                         12625
  ossl_cipher_capable_aes_cbc_hmac_sha256                       12667
  ossl_property_value                                           12667
  __bzero                                                       12792
  fstat                                                         13125
  cipher_ocb_gettable_ctx_params                                13417
  EVP_add_cipher                                                13459
  aes_cbc_cts_gettable_ctx_params                               13500
  strlen                                                        13876
  dyld4::Loader::loadDependents(Diagnostics&, dyld4::RuntimeState&, dyld4::Loader::LoadOptions const&)            14000
  dyld4::DyldCacheDataConstLazyScopedWriter::DyldCacheDataConstLazyScopedWriter(dyld4::RuntimeState&)            14042
  BIO_clear_flags                                               14333
  DSO_free                                                      14333
  lsl::EphemeralAllocator::~EphemeralAllocator()                14333
  sa_doall                                                      14625
  dyld4::Loader::path() const                                   14750
  CRYPTO_atomic_add                                             14791
  BIO_get_data                                                  14875
  _NSGetEnviron                                                 14918
  _kernelrpc_mach_vm_deallocate_trap                            15375
  camellia_cbc_cts_gettable_ctx_params                          15417
  dyld4::JustInTimeLoader::loadDependents(Diagnostics&, dyld4::RuntimeState&, dyld4::Loader::LoadOptions const&)            15583
  ossl_aes_gcm_siv_gettable_ctx_params                          15583
  __sflush                                                      15624
  file_new                                                      15958
  dyld3::MachOFile::is64() const                                16625
  os_unfair_recursive_lock_unlock                               16792
  ossl_prov_is_running                                          16957
  file_free                                                     17123
  CRYPTO_THREAD_lock_free                                       17457
  _kernelrpc_mach_port_destruct_trap                            17459
  invocation function for block in dyld4::Loader::forEachPath(Diagnostics&, dyld4::RuntimeState&, char const*, dyld4::Loader::Loa            17625
  OPENSSL_LH_get_down_load                                      17876
  FMT_istext                                                    18041
  BIO_new                                                       18291
  pthread_mutex_destroy                                         18456
  dyld4::JustInTimeLoader::path() const                         18458
  kdebug_is_enabled                                             19000
  pthread_cond_init                                             19167
  small_try_realloc_in_place                                    19750
  os_unfair_recursive_lock_lock_with_options                    20375
  property_free                                                 20500
  __chkstk_darwin_probe                                         20875
  lsl::EphemeralAllocator::deallocate_buffer(lsl::MemoryManager::Buffer)            20875
  rack_region_insert                                            20959
  dyld4::Loader::matchesPath(char const*) const                 21209
  dyld4::LibSystemHelpers::pthread_getspecific(unsigned long) const            21709
  small_size                                                    22210
  os_unfair_lock_assert_not_owner                               22375
  dyld4::ProcessConfig::DyldCache::indexOfPath(char const*, unsigned int&) const            23875
  mach_msg2_trap                                                24083
  ___chkstk_darwin                                              24292
  dyld4::Loader::loadAddress(dyld4::RuntimeState&) const            25667
  pthread_mutex_init                                            26083
  ossl_property_name                                            26208
  dyld3::ScopedTimer::endTimer()                                26749
  __findenv_locked                                              26750
  OPENSSL_strnlen                                               27667
  lsl::MemoryManager::lockGuard()                               27875
  small_free_list_remove_ptr                                    28165
  OPENSSL_sk_delete                                             28917
  small_free_list_find_by_ptr                                   30042
  dyld4::JustInTimeLoader::loadAddress(dyld4::RuntimeState&) const            30626
  tiny_free_list_remove_ptr                                     32582
  _pthread_mutex_check_init_slow                                33793
  lsl::AllocationMetadata::AllocationMetadata(lsl::Allocator*, unsigned long)            34417
  CRYPTO_new_ex_data                                            34665
  OPENSSL_LH_set_down_load                                      35126
  small_free_list_remove_ptr_no_clear                           35374
  small_free_list_add_ptr                                       35375
  __open                                                        38000
  szone_good_size                                               38168
  dyld4::LibSystemHelpers::os_unfair_recursive_lock_unlock(os_unfair_recursive_lock_s*) const            39291
  OPENSSL_sk_free                                               39874
  __read_nocancel                                               40123
  Diagnostics::hasError() const                                 40542
  dyld4::LibSystemHelpers::os_unfair_lock_unlock(os_unfair_lock_s*) const            41125
  ossl_rcu_write_lock                                           42583
  _kernelrpc_mach_vm_map_trap                                   42875
  EVP_PKEY_asn1_get0                                            43123
  _tiny_check_and_zero_inline_meta_from_freelist                44166
  Diagnostics::noError() const                                  44707
  ossl_rcu_write_unlock                                         45167
  ossl_tdes_gettable_ctx_params                                 46000
  pthread_setspecific                                           47334
  madvise                                                       50042
  __write_nocancel                                              50666
  get_tiny_previous_free_msize                                  50669
  dyld3::MachOFile::read_uleb128(Diagnostics&, unsigned char const*&, unsigned char const*)            50749
  dyld4::RuntimeState::PermanentRanges::contains(unsigned long, unsigned long, unsigned char*, dyld4::Loader const**) const            50792
  dyld4::LibSystemHelpers::os_unfair_recursive_lock_lock_with_options(os_unfair_recursive_lock_s*, os_unfair_lock_options_t) cons            52375
  EVP_PKEY_asn1_get0_info                                       54250
  szone_malloc                                                  54791
  pthread_cond_broadcast                                        54999
  small_malloc_from_free_list                                   55832
  tiny_size                                                     59292
  tiny_free_list_add_ptr                                        60041
  dyld4::LibSystemHelpers::os_unfair_lock_lock_with_options(os_unfair_lock_s*, os_unfair_lock_options_t) const            60209
  realloc                                                       61913
  lsl::EphemeralAllocator::allocate_buffer(unsigned long, unsigned long, unsigned long)            64542
  set_tiny_meta_header_in_use                                   66790
  _szone_free                                                   68624
  os_unfair_lock_assert_owner                                   68794
  _qsort                                                        69541
  ossl_cipher_aead_gettable_ctx_params                          70667
  OPENSSL_sk_pop_free                                           70835
  __close_nocancel                                              72750
  strcmp                                                        74419
  szone_try_free_default                                        76710
  invocation function for block in dyld3::MachOFile::getDylibInstallName(char const**, unsigned int*, unsigned int*) const            81292
  dyld3::kdebug_trace_dyld_duration_end(unsigned long long, unsigned int, dyld3::kt_arg, dyld3::kt_arg, dyld3::kt_arg)            82125
  rack_get_thread_index                                         82247
  property_hash                                                 84248
  EVP_CIPHER_get_type                                           91876
  dyld3::OverflowSafeArray<unsigned int, 4294967295ul>::verifySpace(unsigned long)            92750
  dyld4::Loader::contains(dyld4::RuntimeState&, void const*, void const**, unsigned long long*, unsigned char*) const            95709
  pthread_cond_signal                                          102956
  nanov2_size                                                  112752
  pthread_rwlock_init                                          113128
  pthread_rwlock_destroy                                       121207
  Diagnostics::assertNoError() const                           122123
  os_unfair_lock_unlock                                        129335
  Diagnostics::~Diagnostics()                                  145251
  Diagnostics::Diagnostics(bool)                               149665
  __open_nocancel                                              151042
  get_legacy_evp_names                                         161712
  ossl_ctype_check                                             169376
  os_unfair_lock_lock_with_options                             171832
  invocation function for block in dyld3::MachOFile::getEntry(unsigned long long&, bool&) const           186830
  nanov2_pointer_size                                          193209
  EVP_MD_get_type                                              195166
  free                                                         210715
  _Block_object_dispose                                        219455
  OPENSSL_hexchar2int                                          241333
  ossl_sa_set                                                  251671
  nanov2_allocate_from_block                                   252169
  trim_ws                                                      271168
  invocation function for block in dyld4::JustInTimeLoader::contains(dyld4::RuntimeState&, void const*, void const**, unsigned lo           298499
  strncmp                                                      300124
  BUF_MEM_new                                                  303171
  names_free                                                   318332
  OPENSSL_LH_flush                                             329130
  OPENSSL_LH_doall                                             334087
  OSSL_PARAM_set_uint                                          339588
  ossl_provider_ctx                                            340714
  OBJ_get0_data                                                341299
  EVP_CIPHER_get_nid                                           363823
  conf_value_cmp                                               376165
  ossl_lib_ctx_unlock                                          378379
  OSSL_PARAM_locate_const                                      397500
  invocation function for block in dyld3::MachOLoaded::findClosestSymbol(unsigned long long, char const**, unsigned long long*) c           412457
  ossl_lib_ctx_read_lock                                       422952
  OPENSSL_LH_set_thunks                                        430655
  property_defn_cmp                                            441120
  ossl_cipher_generic_gettable_ctx_params                      445085
  evp_cipher_up_ref                                            451779
  property_defn_hash                                           466749
  ossl_provider_free                                           476328
  value_free_hash                                              478095
  BN_free                                                      478278
  function_hash                                                480625
  ossl_provider_up_ref                                         489544
  CRYPTO_realloc                                               490124
  OSSL_PARAM_set_uint32                                        502879
  eat_alpha_numeric                                            506578
  ASN1_OBJECT_free                                             507750
  ossl_sa_get                                                  510376
  sa_free_node                                                 543125
  OSSL_PARAM_construct_end                                     546239
  EVP_CIPHER_get0_provider                                     558333
  OSSL_PARAM_construct_uint                                    564622
  evp_cipher_free                                              574216
  do_all_fn                                                    586257
  EVP_CIPHER_free                                              635453
  ossl_provider_libctx                                         799044
  internal_free_nop                                            842463
  invocation function for block in dyld3::MachOLoaded::getLinkEditLoadCommands(Diagnostics&, dyld3::MachOLoaded::LinkEditInfo&) c           842709
  _platform_strncmp                                            865337
  name_string_free                                             885672
  OPENSSL_LH_error                                             943165
  _os_once                                                    1059921
  invocation function for block in dyld3::MachOFile::forEachSegment(void (dyld3::MachOFile::SegmentInfo const&, bool&) block_poin          1113872
  OSSL_PARAM_set_size_t                                       1114496
  BUF_MEM_grow                                                1121169
  pthread_getspecific                                         1148501
  sk_reserve                                                  1158952
  CRYPTO_THREAD_get_local                                     1282961
  _platform_memchr                                            1345851
  ossl_rcu_assign_uptr                                        1413669
  OSSL_PARAM_set_uint64                                       1507927
  names_lh_free_doall                                         1519046
  ossl_lib_ctx_get_data                                       1598049
  OSSL_PARAM_set_int                                          1618709
  pthread_mutex_lock                                          1703955
  _platform_strchr                                            1728041
  OSSL_PARAM_construct_size_t                                 1807870
  pthread_mutex_unlock                                        1818282
  _nanov2_free                                                1878670
  _pthread_mutex_lock_init_slow                               1970540
  OPENSSL_sk_push                                             1984417
  OPENSSL_sk_num                                              1986631
  _pthread_mutex_unlock_init_slow                             2076376
  _pthread_mutex_firstfit_lock_slow                           2192471
  _pthread_mutex_firstfit_unlock_slow                         2281912
  OPENSSL_sk_value                                            2315743
  OSSL_PARAM_set_int32                                        2441910
  obj_name_cmp                                                2511913
  OPENSSL_LH_strhash                                          2705686
  OSSL_PARAM_construct_int                                    2752668
  _platform_memcmp                                            2754291
  OBJ_nid2obj                                                 3219215
  CRYPTO_atomic_load                                          3302755
  pthread_once                                                3307284
  pthread_rwlock_rdlock                                       3335201
  SortFnByName                                                3438370
  ossl_lh_strcasehash                                         3683871
  __error                                                     3687896
  cipher_compare                                              3976564
  ossl_isdigit                                                3991177
  fnv1a_hash                                                  4422622
  _platform_memmove                                           6482283
  pthread_rwlock_wrlock                                       6712311
  pthread_rwlock_unlock                                      10023829
  err_string_data_cmp                                        10919659
  CRYPTO_free                                                12187025
  malloc                                                     13350953
  doapr_outch                                                15161900
  err_string_data_hash                                       16582118
  nanov2_malloc                                              18564492
  _platform_strlen                                           23196364
  _platform_memset                                           25265050
  nanov2_try_free_default                                    25769928
  _platform_strcmp                                           27955528
  ossl_tolower                                               60376586
