
  pd_free                                                        1666
  sigaction                                                      1750
  EVP_md5                                                        1792
  EVP_sha224                                                     1958
  UI_OpenSSL                                                     1958
  EVP_rc4_40                                                     1959
  EVP_sha384                                                     2000
  EVP_sm3                                                        2041
  EVP_bf_ofb                                                     2042
  EVP_des_ofb                                                    2042
  EVP_des_ede                                                    2125
  EVP_md4                                                        2125
  EVP_rc2_cbc                                                    2125
  EVP_sha1                                                       2125
  EVP_sm4_ctr                                                    2125
  _cleanup                                                       2125
  EVP_idea_ofb                                                   2166
  EVP_sm4_cbc                                                    2167
  EVP_sm4_ofb                                                    2167
  EVP_des_ecb                                                    2208
  EVP_mdc2                                                       2208
  EVP_sha512                                                     2208
  EVP_rc4                                                        2209
  EVP_sha3_224                                                   2209
  UI_null                                                        2209
  EVP_bf_cbc                                                     2250
  EVP_des_cbc                                                    2250
  EVP_des_cfb8                                                   2250
  opt_unknown                                                    2250
  EVP_cast5_ofb                                                  2292
  EVP_idea_cbc                                                   2292
  EVP_ripemd160                                                  2292
  EVP_seed_cbc                                                   2292
  strchr                                                         2333
  COMP_get_type                                                  2375
  EVP_md5_sha1                                                   2375
  EVP_seed_ofb                                                   2375
  EVP_bf_ecb                                                     2417
  EVP_sha512_256                                                 2417
  EVP_shake128                                                   2417
  EVP_des_cfb1                                                   2458
  EVP_des_ede3                                                   2458
  EVP_sha512_224                                                 2458
  EVP_shake256                                                   2458
  EVP_chacha20                                                   2459
  EVP_rc2_64_cbc                                                 2459
  EVP_sha3_512                                                   2459
  app_get0_propq                                                 2459
  EVP_blake2s256                                                 2500
  EVP_rc2_cfb64                                                  2500
  EVP_sm4_ecb                                                    2500
  EVP_sha3_256                                                   2541
  release_engine                                                 2541
  EVP_aes_128_cbc                                                2542
  EVP_aes_192_gcm                                                2542
  EVP_aes_256_xts                                                2542
  EVP_bf_cfb64                                                   2542
  EVP_des_ede_ofb                                                2542
  EVP_idea_ecb                                                   2542
  EVP_aes_192_cbc                                                2583
  EVP_aes_192_ccm                                                2583
  EVP_aes_256_ccm                                                2583
  EVP_aes_256_gcm                                                2583
  EVP_aes_256_ofb                                                2583
  EVP_aria_192_ctr                                               2583
  EVP_aria_192_ofb                                               2583
  EVP_cast5_cbc                                                  2583
  EVP_desx_cbc                                                   2583
  EVP_seed_ecb                                                   2583
  opt_next                                                       2583
  EVP_aes_128_ccm                                                2584
  EVP_aes_128_ctr                                                2584
  EVP_aes_192_cfb8                                               2625
  EVP_aes_256_ctr                                                2625
  EVP_aria_192_ccm                                               2625
  EVP_rc2_40_cbc                                                 2625
  EVP_rc2_ofb                                                    2625
  EVP_aes_192_ocb                                                2666
  EVP_aria_256_ccm                                               2666
  EVP_rc2_ecb                                                    2666
  EVP_sha3_384                                                   2666
  ENGINE_set_name                                                2667
  EVP_MD_free                                                    2667
  EVP_aes_256_ocb                                                2667
  EVP_aes_256_wrap                                               2667
  EVP_aria_256_ctr                                               2667
  EVP_aria_256_ecb                                               2667
  EVP_aes_128_ofb                                                2708
  EVP_aes_256_cfb1                                               2708
  EVP_aes_256_cfb8                                               2708
  EVP_aria_128_ecb                                               2708
  EVP_aes_192_ecb                                                2709
  EVP_aes_192_ofb                                                2709
  EVP_idea_cfb64                                                 2709
  EVP_aes_128_cfb1                                               2750
  EVP_aria_128_ctr                                               2750
  EVP_aria_192_cbc                                               2750
  EVP_aria_192_gcm                                               2750
  EVP_aria_256_cbc                                               2750
  EVP_aria_256_gcm                                               2750
  EVP_aria_256_ofb                                               2750
  EVP_des_ede_cbc                                                2750
  def_to_int                                                     2750
  EVP_aria_192_cfb1                                              2791
  EVP_aes_192_wrap                                               2792
  EVP_aes_256_cbc                                                2792
  EVP_aes_256_ecb                                                2792
  EVP_aria_128_ofb                                               2792
  EVP_blake2b512                                                 2792
  lh_FUNCTION_free                                               2792
  EVP_aes_128_wrap                                               2833
  EVP_aes_192_ctr                                                2833
  EVP_aria_256_cfb1                                              2833
  EVP_rc4_hmac_md5                                               2833
  EVP_aes_192_cfb1                                               2834
  EVP_aria_192_cfb8                                              2834
  EVP_des_ede3_cfb8                                              2834
  NCONF_default                                                  2834
  EVP_aria_256_cfb8                                              2875
  EVP_cast5_cfb64                                                2875
  EVP_cast5_ecb                                                  2875
  EVP_des_ede3_cbc                                               2875
  EVP_des_ede3_wrap                                              2875
  EVP_sm4_cfb128                                                 2875
  EVP_whirlpool                                                  2875
  ossl_trace_cleanup                                             2875
  query_hash                                                     2875
  ENGINE_set_id                                                  2917
  EVP_aria_128_cbc                                               2917
  __cxa_finalize                                                 2917
  strrchr                                                        2917
  EVP_aes_128_ocb                                                2958
  EVP_aes_128_xts                                                2958
  BIO_f_cipher                                                   3000
  EVP_aes_128_cfb8                                               3000
  EVP_aes_192_cfb128                                             3000
  EVP_des_cfb64                                                  3000
  EVP_des_ede3_ofb                                               3000
  OBJ_obj2txt                                                    3000
  property_cmp                                                   3000
  vm_deallocate                                                  3000
  EVP_aes_128_cfb128                                             3041
  EVP_aes_128_gcm                                                3042
  EVP_aria_128_cfb1                                              3042
  EVP_aria_128_cfb8                                              3042
  EVP_aria_192_cfb128                                            3042
  EVP_aria_256_cfb128                                            3042
  EVP_camellia_256_ofb                                           3042
  EVP_des_ede3_cfb1                                              3042
  EVP_aria_128_ccm                                               3083
  OSSL_LIB_CTX_get_data                                          3083
  def_init_default                                               3083
  function_cmp                                                   3083
  signal                                                         3083
  EVP_seed_cfb128                                                3084
  EVP_aes_192_wrap_pad                                           3125
  EVP_camellia_128_cbc                                           3125
  EVP_camellia_192_ofb                                           3125
  EVP_aria_128_cfb128                                            3166
  EVP_aria_192_ecb                                               3167
  EVP_camellia_192_cbc                                           3167
  EVP_camellia_192_ctr                                           3167
  getrlimit                                                      3167
  COMP_zlib                                                      3208
  EVP_aes_128_ecb                                                3208
  EVP_aes_256_wrap_pad                                           3208
  EVP_aria_128_gcm                                               3208
  EVP_camellia_128_cfb1                                          3208
  EVP_camellia_128_ctr                                           3250
  EVP_camellia_256_cbc                                           3250
  EVP_camellia_256_cfb8                                          3250
  EVP_des_ede_cfb64                                              3250
  UI_method_set_writer                                           3250
  ossl_comp_zstd_cleanup                                         3250
  EVP_CIPHER_get_flags                                           3291
  UI_method_set_reader                                           3291
  ossl_prov_ctx_free                                             3291
  EVP_camellia_192_cfb1                                          3292
  EVP_camellia_256_cfb1                                          3292
  UI_method_set_closer                                           3292
  EVP_aes_256_cfb128                                             3333
  EVP_des_ede3_cfb64                                             3333
  ossl_store_cleanup_int                                         3333
  EVP_camellia_256_ctr                                           3334
  EVP_camellia_256_ecb                                           3375
  EVP_chacha20_poly1305                                          3375
  OSSL_PARAM_modified                                            3375
  opt_set_unknown_name                                           3375
  EVP_camellia_192_cfb8                                          3416
  EVP_camellia_128_ofb                                           3458
  app_RAND_write                                                 3458
  EVP_add_alg_module                                             3500
  EVP_aes_128_wrap_pad                                           3500
  pthread_self                                                   3500
  EVP_camellia_256_cfb128                                        3541
  UI_method_set_opener                                           3541
  ENGINE_set_flags                                               3542
  EVP_camellia_192_ecb                                           3542
  bio_sock_cleanup_int                                           3583
  free_medium                                                    3583
  EVP_camellia_192_cfb128                                        3625
  OSSL_STORE_register_loader                                     3625
  init_thread_stop                                               3625
  ossl_comp_brotli_cleanup                                       3625
  store_loader_cmp                                               3625
  BIO_meth_set_ctrl                                              3667
  EVP_CipherUpdate                                               3667
  EVP_camellia_128_ecb                                           3667
  engine_load_rdrand_int                                         3667
  ossl_lib_ctx_write_lock                                        3667
  __smakebuf                                                     3709
  evp_app_cleanup_int                                            3709
  ASN1_add_oid_module                                            3750
  BIO_meth_set_puts                                              3750
  EVP_CipherFinal_ex                                             3750
  EVP_camellia_128_cfb128                                        3750
  EVP_camellia_128_cfb8                                          3750
  __getrlimit                                                    3750
  BIO_meth_set_gets                                              3791
  ERR_get_error_all                                              3791
  dyld4::APIs::_tlv_exit()                                       3792
  ossl_comp_zlib_cleanup                                         3792
  ossl_prov_ctx_new                                              3792
  ossl_prov_ctx_set0_handle                                      3833
  ERR_print_errors                                               3916
  ossl_prov_ctx_set0_libctx                                      3916
  ASN1_add_stable_module                                         3917
  ossl_prov_ctx_get0_libctx                                      3917
  ossl_method_unlock_store                                       3959
  BIO_meth_set_destroy                                           4000
  core_get_libctx                                                4000
  opt_check_rest_arg                                             4000
  ENGINE_set_cmd_defns                                           4042
  BIO_meth_set_create                                            4083
  EVP_PKEY_asn1_get_count                                        4083
  EVP_CIPHER_get_iv_length                                       4125
  ossl_child_prov_ctx_new                                        4125
  EVP_CIPHER_fetch                                               4166
  chacha20_get_params                                            4166
  OSSL_LIB_CTX_free                                              4167
  tiny_free_no_lock                                              4167
  NCONF_get0_libctx                                              4208
  aes_128_ofb_get_params                                         4208
  OSSL_STORE_unregister_loader                                   4209
  aes_192_cfb_get_params                                         4209
  aes_192_ctr_get_params                                         4250
  aes_192_ecb_get_params                                         4250
  aes_192_gcm_get_params                                         4250
  aes_256_cbc_get_params                                         4250
  aes_256_ctr_get_params                                         4250
  lsl::Lock::unlock()                                            4250
  aria_192_ctr_get_params                                        4291
  ENGINE_add_conf_module                                         4292
  OSSL_ERR_STATE_new                                             4292
  aes_192_cbc_get_params                                         4292
  aes_192_cfb1_get_params                                        4292
  ossl_stored_namemap_free                                       4292
  sm4_128_cbc_get_params                                         4292
  aes_192_ofb_get_params                                         4333
  aes_v8_set_encrypt_key                                         4333
  CONF_imodule_get_value                                         4334
  null_gettable_ctx_params                                       4334
  ossl_method_lock_store                                         4334
  CRYPTO_THREAD_get_current_id                                   4375
  aes_128_cfb_get_params                                         4375
  aes_256_ofb_get_params                                         4375
  aria_256_cfb_get_params                                        4375
  aria_256_ctr_get_params                                        4375
  ossl_bio_core_globals_new                                      4375
  ossl_cipher_generic_reset_ctx                                  4375
  ENGINE_set_ctrl_function                                       4416
  OPENSSL_cpuid_setup                                            4416
  aes_128_xts_get_params                                         4417
  aria_192_ofb_get_params                                        4417
  ossl_lib_ctx_is_default                                        4417
  aes_128_cbc_get_params                                         4458
  aes_128_ctr_get_params                                         4458
  aes_128_ecb_get_params                                         4458
  aes_192_ccm_get_params                                         4458
  aes_256_ccm_get_params                                         4458
  aria_192_gcm_get_params                                        4458
  BIO_meth_set_write_ex                                          4500
  EVP_aes_256_cbc_hmac_sha1                                      4500
  aes_128_cfb1_get_params                                        4500
  aria_128_cfb_get_params                                        4500
  aria_192_cbc_get_params                                        4500
  aria_192_cfb1_get_params                                       4500
  aria_192_ecb_get_params                                        4500
  aria_256_cbc_get_params                                        4500
  chacha20_gettable_ctx_params                                   4500
  ossl_config_add_ssl_module                                     4500
  sm4_128_cfb128_get_params                                      4500
  sm4_128_xts_get_params                                         4500
  tdes_ede3_cbc_get_params                                       4500
  OSSL_CMP_log_close                                             4541
  aes_128_gcm_get_params                                         4541
  aes_256_cfb8_get_params                                        4541
  ossl_store_register_init                                       4541
  aes_128_ccm_get_params                                         4542
  aes_256_cfb_get_params                                         4542
  aes_256_siv_get_params                                         4542
  tdes_wrap_get_params                                           4542
  ENGINE_set_init_function                                       4583
  EVP_sha256                                                     4583
  aes_128_ocb_get_params                                         4583
  aes_256_cfb1_get_params                                        4583
  aria_128_ofb_get_params                                        4583
  lsl::Lock::lock()                                              4583
  ossl_random_add_conf_module                                    4583
  BIO_meth_set_read_ex                                           4584
  aes_192_cfb8_get_params                                        4584
  aes_192_siv_get_params                                         4584
  aria_128_cfb1_get_params                                       4584
  tiny_try_realloc_in_place                                      4584
  __sigaction                                                    4625
  aria_128_cbc_get_params                                        4625
  aria_128_cfb8_get_params                                       4625
  aria_128_ctr_get_params                                        4625
  ossl_bio_core_globals_free                                     4625
  ossl_rand_cleanup_int                                          4625
  tdes_ede2_cbc_get_params                                       4625
  EVP_aes_256_cbc_hmac_sha256                                    4666
  sm4_128_ccm_get_params                                         4666
  sm4_128_ofb128_get_params                                      4666
  Diagnostics::clearError()                                      4667
  OSSL_STORE_LOADER_free                                         4667
  OSSL_STORE_LOADER_set_eof                                      4667
  aes_192_ocb_get_params                                         4667
  aes_256_gcm_get_params                                         4667
  aria_256_ofb_get_params                                        4667
  ossl_ctx_global_properties_new                                 4667
  tdes_ede3_ofb_get_params                                       4667
  ENGINE_set_finish_function                                     4708
  aes_192_wrap_get_params                                        4708
  aes_v8_ctr32_encrypt_blocks                                    4708
  sm4_128_ctr_get_params                                         4708
  OSSL_trace_set_channel                                         4709
  UI_method_set_prompt_constructor                               4709
  aes_128_siv_get_params                                         4709
  ossl_prov_ctx_set0_core_bio_method                             4709
  OSSL_STORE_LOADER_set_close                                    4750
  aes_128_cfb8_get_params                                        4750
  aes_cts_128_cbc_get_params                                     4750
  aes_cts_192_cbc_get_params                                     4750
  aria_256_cfb8_get_params                                       4750
  ossl_provider_add_conf_module                                  4750
  EVP_aes_128_cbc_hmac_sha1                                      4791
  OSSL_STORE_LOADER_set_error                                    4791
  sm4_128_ecb_get_params                                         4791
  OSSL_STORE_LOADER_set_open                                     4792
  aria_128_ecb_get_params                                        4792
  ossl_prov_cipher_hw_aes_ctr                                    4792
  pthread_cond_destroy                                           4792
  tdes_ede2_ecb_get_params                                       4833
  tdes_ede3_cfb1_get_params                                      4833
  tdes_ede3_cfb_get_params                                       4833
  aes_256_xts_get_params                                         4834
  aria_256_cfb1_get_params                                       4834
  sm4_128_gcm_get_params                                         4834
  BIO_free                                                       4875
  engine_pkey_meths_free                                         4875
  ossl_property_has_optional                                     4875
  tdes_ede2_ofb_get_params                                       4875
  EVP_CIPHER_get_key_length                                      4916
  EVP_aes_128_cbc_hmac_sha256                                    4916
  aes_128_wrappad_get_params                                     4917
  aes_256_ecb_get_params                                         4917
  aes_256_wrap_get_params                                        4917
  aes_cts_256_cbc_get_params                                     4917
  aria_192_cfb8_get_params                                       4917
  ENGINE_load_builtin_engines                                    4958
  aria_192_cfb_get_params                                        4958
  camellia_192_ecb_get_params                                    4958
  aria_128_ccm_get_params                                        4959
  aria_192_ccm_get_params                                        4959
  def_is_number                                                  4959
  engine_remove_dynamic_id                                       4959
  aes_192_wrappad_get_params                                     5000
  aes_256_wrapinv_get_params                                     5000
  aria_256_ecb_get_params                                        5000
  camellia_128_cfb_get_params                                    5000
  camellia_128_ctr_get_params                                    5000
  camellia_192_cfb_get_params                                    5000
  camellia_192_ctr_get_params                                    5000
  camellia_256_cfb_get_params                                    5000
  ossl_property_match_count                                      5000
  OSSL_STORE_LOADER_set_load                                     5041
  aes_256_ocb_get_params                                         5041
  aes_128_wrap_get_params                                        5042
  camellia_192_cfb1_get_params                                   5042
  ossl_indicator_set_callback_free                               5042
  ossl_self_test_set_callback_free                               5042
  OSSL_STORE_LOADER_set_expect                                   5083
  aes_256_wrappadinv_get_params                                  5083
  camellia_128_cfb8_get_params                                   5083
  camellia_256_cbc_get_params                                    5083
  camellia_128_ecb_get_params                                    5084
  aes_192_wrapinv_get_params                                     5125
  aria_256_ccm_get_params                                        5125
  camellia_128_cbc_get_params                                    5125
  camellia_256_ofb_get_params                                    5125
  ossl_self_test_set_callback_new                                5125
  tdes_ede2_cfb_get_params                                       5125
  tdes_ede3_ecb_get_params                                       5125
  aes_128_wrapinv_get_params                                     5166
  aes_128_wrappadinv_get_params                                  5166
  camellia_192_cbc_get_params                                    5166
  camellia_192_cfb8_get_params                                   5166
  camellia_cts_192_cbc_get_params                                5166
  camellia_256_cfb1_get_params                                   5208
  camellia_256_ctr_get_params                                    5208
  ossl_indicator_set_callback_new                                5208
  tdes_ede3_cfb8_get_params                                      5209
  ENGINE_get_cipher_engine                                       5250
  OSSL_PARAM_get_int                                             5250
  aes_192_wrappadinv_get_params                                  5250
  aria_256_gcm_get_params                                        5250
  camellia_256_cfb8_get_params                                   5250
  engine_pkey_asn1_meths_free                                    5250
  camellia_128_ofb_get_params                                    5292
  chacha20_poly1305_gettable_ctx_params                          5292
  ossl_init_thread_deregister                                    5333
  camellia_256_ecb_get_params                                    5334
  __fcntl                                                        5375
  camellia_128_cfb1_get_params                                   5375
  medium_region_for_ptr_no_lock                                  5375
  OPENSSL_sk_sort                                                5376
  ossl_free_compression_methods_int                              5416
  getegid                                                        5500
  EVP_CIPHER_CTX_get_block_size                                  5583
  aes_256_wrappad_get_params                                     5583
  ossl_provider_unquery_operation                                5583
  app_get0_libctx                                                5584
  camellia_cts_256_cbc_get_params                                5584
  chacha20_poly1305_get_params                                   5584
  ossl_aes_192_gcm_siv_get_params                                5584
  ossl_prov_ctx_get0_core_bio_method                             5584
  camellia_192_ofb_get_params                                    5667
  ossl_aes_256_gcm_siv_get_params                                5708
  OSSL_LIB_CTX_set_conf_diagnostics                              5750
  medium_malloc_from_free_list                                   5750
  opt_arg                                                        5915
  free_small                                                     5959
  getgid                                                         5959
  camellia_cts_128_cbc_get_params                                6042
  geteuid                                                        6042
  getuid                                                         6042
  ossl_aes_128_gcm_siv_get_params                                6042
  ossl_prov_bio_from_dispatch                                    6083
  BIO_set_data                                                   6250
  ossl_prov_seeding_from_dispatch                                6250
  close                                                          6375
  EVP_RAND_CTX_free                                              6417
  EVP_CIPHER_get_mode                                            6500
  dyld4::Loader::hiddenFromFlat(bool) const                      6583
  dyld4::RuntimeState::notifyObjCPatching()                      6583
  OSSL_PARAM_get_int32                                           6667
  aria_128_gcm_get_params                                        6833
  BIO_next                                                       6958
  dyld3::kdebug_trace_dyld_enabled(unsigned int)                 7083
  dyld4::handleFromLoader(dyld4::Loader const*, bool)             7250
  store_loader_hash                                              7333
  _kernelrpc_mach_port_deallocate_trap                           7334
  dyld4::BumpAllocator::~BumpAllocator()                         7375
  EVP_CipherInit_ex                                              7417
  bio_open_default                                               7417
  _kernelrpc_mach_port_construct_trap                            7458
  _platform_strnlen                                              7459
  ENGINE_register_EC                                             7542
  err_unshelve_state                                             7583
  OPENSSL_sk_pop                                                 7749
  memset                                                         7834
  file_ctrl                                                      7959
  openssl_fopen                                                  8000
  BIO_copy_next_retry                                            8166
  dyld4::JustInTimeLoader::hiddenFromFlat(bool) const             8166
  ENGINE_register_DH                                             8209
  ENGINE_register_RAND                                           8209
  __sclose                                                       8209
  ENGINE_register_DSA                                            8250
  ENGINE_register_RSA                                            8333
  X509_get_default_cert_area                                     8334
  ossl_lib_ctx_get_concrete                                      8417
  flsl                                                           8418
  __sflags                                                       8583
  dyld4::Loader::beginInitializers(dyld4::RuntimeState&)             8666
  lsl::EphemeralAllocator::reset()                               8666
  strlen                                                         8666
  BIO_set_init                                                   8958
  dyld4::RuntimeState::incDlRefCount(dyld4::Loader const*)             9041
  lsl::Vector<dyld4::Loader const*>::reserveExact(unsigned long)             9083
  ossl_sa_new                                                    9168
  ENGINE_register_digests                                        9250
  ossl_property_free                                             9335
  dyld4::JustInTimeLoader::beginInitializers(dyld4::RuntimeState&)             9417
  ossl_cipher_generic_einit                                      9458
  ENGINE_register_ciphers                                        9499
  DSO_METHOD_openssl                                             9541
  ENGINE_register_pkey_meths                                     9917
  ossl_cipher_generic_set_ctx_params                            10000
  OSSL_LIB_CTX_get_conf_diagnostics                             10125
  CRYPTO_atomic_or                                              10418
  tiny_malloc_from_free_list                                    10458
  ossl_lib_ctx_get_ex_data_global                               10791
  ossl_lib_ctx_get_rcukey                                       10875
  engine_free_util                                              11000
  ENGINE_register_pkey_asn1_meths                               11083
  deflt_query                                                   11083
  NCONF_get_section                                             11209
  lsl::Vector<lsl::MemoryManager::Buffer>::reserve(unsigned long)            11583
  ossl_sa_doall_arg                                             11583
  OPENSSL_cleanse                                               11792
  aes_siv_gettable_ctx_params                                   12000
  BIO_set_flags                                                 12042
  dyld4::RuntimeState::doSingletonPatching(dyld4::DyldCacheDataConstLazyScopedWriter&)            12166
  EVP_add_cipher                                                12416
  ossl_property_value                                           12417
  ossl_cipher_capable_aes_cbc_hmac_sha256                       12541
  fstat                                                         12708
  ossl_cipher_capable_aes_cbc_hmac_sha1                         12709
  aes_cbc_cts_gettable_ctx_params                               13292
  cipher_ocb_gettable_ctx_params                                13457
  dyld4::Loader::loadDependents(Diagnostics&, dyld4::RuntimeState&, dyld4::Loader::LoadOptions const&)            13834
  dyld4::DyldCacheDataConstLazyScopedWriter::DyldCacheDataConstLazyScopedWriter(dyld4::RuntimeState&)            14000
  DSO_free                                                      14043
  BIO_clear_flags                                               14084
  lsl::EphemeralAllocator::~EphemeralAllocator()                14250
  _NSGetEnviron                                                 14459
  BIO_get_data                                                  14666
  sa_doall                                                      14792
  CRYPTO_atomic_add                                             14793
  camellia_cbc_cts_gettable_ctx_params                          15292
  dyld4::JustInTimeLoader::loadDependents(Diagnostics&, dyld4::RuntimeState&, dyld4::Loader::LoadOptions const&)            15334
  ossl_aes_gcm_siv_gettable_ctx_params                          15374
  file_new                                                      15543
  dyld3::MachOFile::is64() const                                15833
  __sflush                                                      15957
  os_unfair_recursive_lock_unlock                               16292
  ossl_prov_is_running                                          16500
  _kernelrpc_mach_port_destruct_trap                            16541
  file_free                                                     16708
  dyld4::Loader::path() const                                   17083
  CRYPTO_THREAD_lock_free                                       17459
  pthread_mutex_destroy                                         17583
  invocation function for block in dyld4::Loader::forEachPath(Diagnostics&, dyld4::RuntimeState&, char const*, dyld4::Loader::Loa            17833
  dyld4::JustInTimeLoader::path() const                         17999
  OPENSSL_LH_get_down_load                                      18000
  BIO_new                                                       18251
  kdebug_is_enabled                                             18624
  pthread_cond_init                                             19416
  small_try_realloc_in_place                                    19502
  rack_region_insert                                            19542
  dyld4::LibSystemHelpers::pthread_getspecific(unsigned long) const            19999
  os_unfair_recursive_lock_lock_with_options                    20125
  property_free                                                 20414
  __chkstk_darwin_probe                                         20665
  FMT_istext                                                    21335
  dyld4::Loader::matchesPath(char const*) const                 21500
  os_unfair_lock_assert_not_owner                               21584
  small_size                                                    22000
  ___chkstk_darwin                                              22168
  dyld4::ProcessConfig::DyldCache::indexOfPath(char const*, unsigned int&) const            22416
  lsl::EphemeralAllocator::deallocate_buffer(lsl::MemoryManager::Buffer)            22416
  small_free_list_find_by_ptr                                   24210
  _kernelrpc_mach_vm_deallocate_trap                            24708
  dyld4::Loader::loadAddress(dyld4::RuntimeState&) const            25000
  pthread_mutex_init                                            25377
  ossl_property_name                                            26002
  dyld3::ScopedTimer::endTimer()                                26498
  OPENSSL_strnlen                                               26707
  __open                                                        27042
  mach_msg2_trap                                                27375
  __findenv_locked                                              28000
  small_free_list_remove_ptr                                    28418
  dyld4::JustInTimeLoader::loadAddress(dyld4::RuntimeState&) const            28458
  OPENSSL_sk_delete                                             28542
  tiny_free_list_remove_ptr                                     32041
  _pthread_mutex_check_init_slow                                32792
  lsl::AllocationMetadata::AllocationMetadata(lsl::Allocator*, unsigned long)            33790
  CRYPTO_new_ex_data                                            34375
  small_free_list_remove_ptr_no_clear                           34958
  OPENSSL_LH_set_down_load                                      35919
  __read_nocancel                                               36668
  szone_good_size                                               37377
  dyld4::LibSystemHelpers::os_unfair_recursive_lock_unlock(os_unfair_recursive_lock_s*) const            38875
  OPENSSL_sk_free                                               39667
  get_tiny_previous_free_msize                                  40417
  dyld4::LibSystemHelpers::os_unfair_lock_unlock(os_unfair_lock_s*) const            40583
  EVP_PKEY_asn1_get0                                            42334
  ossl_rcu_write_lock                                           42374
  Diagnostics::hasError() const                                 42414
  small_free_list_add_ptr                                       43667
  Diagnostics::noError() const                                  43918
  ossl_rcu_write_unlock                                         44915
  pthread_setspecific                                           45251
  _kernelrpc_mach_vm_map_trap                                   45500
  ossl_tdes_gettable_ctx_params                                 46083
  __bzero                                                       47250
  small_malloc_from_free_list                                   48290
  __write_nocancel                                              48707
  dyld4::RuntimeState::PermanentRanges::contains(unsigned long, unsigned long, unsigned char*, dyld4::Loader const**) const            49376
  dyld3::MachOFile::read_uleb128(Diagnostics&, unsigned char const*&, unsigned char const*)            49749
  _tiny_check_and_zero_inline_meta_from_freelist                50668
  dyld4::LibSystemHelpers::os_unfair_recursive_lock_lock_with_options(os_unfair_recursive_lock_s*, os_unfair_lock_options_t) cons            51584
  madvise                                                       51584
  szone_malloc                                                  53539
  EVP_PKEY_asn1_get0_info                                       53917
  pthread_cond_broadcast                                        55625
  tiny_size                                                     57585
  dyld4::LibSystemHelpers::os_unfair_lock_lock_with_options(os_unfair_lock_s*, os_unfair_lock_options_t) const            59751
  realloc                                                       61121
  set_tiny_meta_header_in_use                                   62752
  tiny_free_list_add_ptr                                        63960
  lsl::EphemeralAllocator::allocate_buffer(unsigned long, unsigned long, unsigned long)            64249
  _qsort                                                        66500
  _szone_free                                                   67546
  strcmp                                                        69544
  ossl_cipher_aead_gettable_ctx_params                          70500
  OPENSSL_sk_pop_free                                           70585
  __close_nocancel                                              76374
  szone_try_free_default                                        76750
  os_unfair_lock_assert_owner                                   77879
  dyld3::kdebug_trace_dyld_duration_end(unsigned long long, unsigned int, dyld3::kt_arg, dyld3::kt_arg, dyld3::kt_arg)            80124
  rack_get_thread_index                                         81293
  invocation function for block in dyld3::MachOFile::getDylibInstallName(char const**, unsigned int*, unsigned int*) const            82042
  property_hash                                                 84122
  lsl::MemoryManager::lockGuard()                               84833
  dyld3::OverflowSafeArray<unsigned int, 4294967295ul>::verifySpace(unsigned long)            90707
  EVP_CIPHER_get_type                                           90792
  dyld4::Loader::contains(dyld4::RuntimeState&, void const*, void const**, unsigned long long*, unsigned char*) const            94584
  pthread_cond_signal                                          102626
  Diagnostics::assertNoError() const                           106623
  nanov2_size                                                  110709
  pthread_rwlock_init                                          114503
  pthread_rwlock_destroy                                       121040
  __open_nocancel                                              122376
  os_unfair_lock_unlock                                        127044
  Diagnostics::~Diagnostics()                                  145748
  Diagnostics::Diagnostics(bool)                               146210
  get_legacy_evp_names                                         159625
  os_unfair_lock_lock_with_options                             169334
  ossl_ctype_check                                             169622
  nanov2_pointer_size                                          192540
  EVP_MD_get_type                                              195544
  invocation function for block in dyld3::MachOFile::getEntry(unsigned long long&, bool&) const           198041
  free                                                         201288
  _Block_object_dispose                                        208957
  OPENSSL_hexchar2int                                          233252
  ossl_sa_set                                                  247463
  nanov2_allocate_from_block                                   271038
  trim_ws                                                      273495
  strncmp                                                      275796
  invocation function for block in dyld4::JustInTimeLoader::contains(dyld4::RuntimeState&, void const*, void const**, unsigned lo           290789
  BUF_MEM_new                                                  298665
  names_free                                                   313192
  OBJ_get0_data                                                325702
  OPENSSL_LH_doall                                             327462
  OPENSSL_LH_flush                                             330046
  OSSL_PARAM_set_uint                                          339083
  ossl_provider_ctx                                            340879
  EVP_CIPHER_get_nid                                           364876
  ossl_lib_ctx_unlock                                          377414
  conf_value_cmp                                               381580
  invocation function for block in dyld3::MachOLoaded::findClosestSymbol(unsigned long long, char const**, unsigned long long*) c           390667
  OSSL_PARAM_locate_const                                      398543
  ossl_lib_ctx_read_lock                                       423166
  OPENSSL_LH_set_thunks                                        427417
  property_defn_cmp                                            444331
  ossl_cipher_generic_gettable_ctx_params                      446332
  evp_cipher_up_ref                                            456960
  property_defn_hash                                           465829
  ossl_provider_free                                           474661
  value_free_hash                                              476837
  function_hash                                                477993
  CRYPTO_realloc                                               483539
  BN_free                                                      487213
  ossl_provider_up_ref                                         490041
  ASN1_OBJECT_free                                             502911
  OSSL_PARAM_set_uint32                                        502998
  eat_alpha_numeric                                            507835
  ossl_sa_get                                                  510376
  OSSL_PARAM_construct_end                                     547417
  sa_free_node                                                 548255
  EVP_CIPHER_get0_provider                                     562048
  OSSL_PARAM_construct_uint                                    564838
  evp_cipher_free                                              576257
  do_all_fn                                                    589754
  EVP_CIPHER_free                                              624582
  ossl_provider_libctx                                         800707
  invocation function for block in dyld3::MachOLoaded::getLinkEditLoadCommands(Diagnostics&, dyld3::MachOLoaded::LinkEditInfo&) c           817584
  internal_free_nop                                            858827
  _platform_strncmp                                            862337
  name_string_free                                             887373
  OPENSSL_LH_error                                             910294
  invocation function for block in dyld3::MachOFile::forEachSegment(void (dyld3::MachOFile::SegmentInfo const&, bool&) block_poin          1096415
  BUF_MEM_grow                                                1111317
  OSSL_PARAM_set_size_t                                       1117656
  pthread_getspecific                                         1153499
  sk_reserve                                                  1154369
  _os_once                                                    1192130
  CRYPTO_THREAD_get_local                                     1277505
  _platform_memchr                                            1339620
  ossl_rcu_assign_uptr                                        1418007
  names_lh_free_doall                                         1510826
  OSSL_PARAM_set_uint64                                       1512546
  ossl_lib_ctx_get_data                                       1604507
  OSSL_PARAM_set_int                                          1609673
  _platform_strchr                                            1724737
  pthread_mutex_lock                                          1725588
  OSSL_PARAM_construct_size_t                                 1804424
  pthread_mutex_unlock                                        1826214
  _nanov2_free                                                1880321
  OPENSSL_sk_push                                             1965118
  _pthread_mutex_lock_init_slow                               1985503
  OPENSSL_sk_num                                              2003490
  _pthread_mutex_unlock_init_slow                             2099240
  _pthread_mutex_firstfit_lock_slow                           2195713
  _pthread_mutex_firstfit_unlock_slow                         2285953
  OPENSSL_sk_value                                            2329554
  OSSL_PARAM_set_int32                                        2434218
  obj_name_cmp                                                2496085
  OPENSSL_LH_strhash                                          2702427
  OSSL_PARAM_construct_int                                    2737457
  _platform_memcmp                                            2761001
  pthread_once                                                3020589
  OBJ_nid2obj                                                 3146590
  CRYPTO_atomic_load                                          3264879
  pthread_rwlock_rdlock                                       3309126
  SortFnByName                                                3478631
  ossl_lh_strcasehash                                         3652406
  __error                                                     3753113
  ossl_isdigit                                                3974877
  cipher_compare                                              4052982
  fnv1a_hash                                                  4428540
  _platform_memmove                                           6477605
  pthread_rwlock_wrlock                                       6629275
  pthread_rwlock_unlock                                       9919743
  err_string_data_cmp                                        10740138
  CRYPTO_free                                                12200536
  malloc                                                     13357387
  doapr_outch                                                15069999
  err_string_data_hash                                       16412255
  nanov2_malloc                                              18360893
  _platform_strlen                                           23114284
  _platform_memset                                           25371555
  nanov2_try_free_default                                    25740866
  _platform_strcmp                                           27917362
  ossl_tolower                                               59673730
