
  EVP_md5                                                        1667
  pd_free                                                        1792
  sigaction                                                      1792
  EVP_rc4_40                                                     1917
  EVP_mdc2                                                       2041
  EVP_sha1                                                       2041
  EVP_bf_ofb                                                     2083
  EVP_sha224                                                     2084
  EVP_des_ecb                                                    2125
  EVP_des_ofb                                                    2125
  UI_OpenSSL                                                     2125
  EVP_idea_ofb                                                   2166
  EVP_rc4                                                        2166
  EVP_bf_cbc                                                     2167
  EVP_seed_cbc                                                   2167
  EVP_sm4_ctr                                                    2167
  EVP_rc2_ofb                                                    2208
  UI_null                                                        2209
  EVP_sha512                                                     2250
  EVP_cast5_ofb                                                  2291
  EVP_sm4_cbc                                                    2291
  _cleanup                                                       2291
  EVP_sha384                                                     2292
  EVP_des_ede3                                                   2333
  opt_unknown                                                    2333
  EVP_des_cfb8                                                   2334
  EVP_sm4_ecb                                                    2334
  EVP_bf_cfb64                                                   2375
  EVP_des_ede                                                    2375
  EVP_idea_cbc                                                   2375
  EVP_rc2_cbc                                                    2375
  EVP_seed_ecb                                                   2375
  EVP_sha3_384                                                   2375
  EVP_sha3_512                                                   2375
  EVP_md4                                                        2416
  EVP_sha3_224                                                   2416
  EVP_sm4_ofb                                                    2416
  EVP_chacha20                                                   2417
  EVP_des_cbc                                                    2417
  EVP_desx_cbc                                                   2417
  app_get0_propq                                                 2417
  EVP_cast5_cbc                                                  2458
  EVP_idea_ecb                                                   2458
  EVP_rc2_64_cbc                                                 2459
  EVP_ripemd160                                                  2459
  EVP_bf_ecb                                                     2500
  EVP_des_cfb1                                                   2500
  EVP_sha512_224                                                 2500
  EVP_shake128                                                   2500
  EVP_shake256                                                   2500
  EVP_sm3                                                        2500
  release_engine                                                 2500
  EVP_sha512_256                                                 2541
  strchr                                                         2542
  EVP_aes_128_ctr                                                2583
  EVP_aes_192_cbc                                                2583
  EVP_blake2s256                                                 2583
  EVP_aes_256_gcm                                                2584
  EVP_md5_sha1                                                   2584
  EVP_aes_256_cbc                                                2625
  EVP_aes_256_ofb                                                2625
  EVP_des_ede_ofb                                                2625
  EVP_aes_256_ccm                                                2667
  EVP_aria_256_ctr                                               2708
  EVP_aria_256_gcm                                               2708
  EVP_des_ede_cbc                                                2708
  EVP_seed_ofb                                                   2708
  opt_next                                                       2708
  EVP_aes_128_cbc                                                2709
  EVP_aria_192_ctr                                               2709
  EVP_aria_256_cbc                                               2709
  EVP_des_ede3_ofb                                               2709
  EVP_rc2_40_cbc                                                 2709
  EVP_seed_cfb128                                                2709
  vm_deallocate                                                  2709
  EVP_MD_free                                                    2750
  EVP_aes_192_ccm                                                2750
  EVP_aes_192_ofb                                                2750
  EVP_aes_256_ctr                                                2750
  EVP_aes_256_xts                                                2750
  EVP_aria_192_ofb                                               2750
  EVP_blake2b512                                                 2750
  EVP_idea_cfb64                                                 2750
  EVP_rc4_hmac_md5                                               2750
  lh_FUNCTION_free                                               2750
  EVP_aes_256_ocb                                                2791
  EVP_aes_256_wrap                                               2791
  EVP_aria_192_gcm                                               2791
  EVP_rc2_cfb64                                                  2791
  EVP_aes_128_ccm                                                2792
  EVP_aes_192_cfb1                                               2792
  EVP_aes_192_gcm                                                2792
  EVP_aes_192_ocb                                                2792
  EVP_aria_128_ecb                                               2792
  EVP_aria_192_cfb1                                              2792
  EVP_cast5_cfb64                                                2792
  def_to_int                                                     2792
  ossl_trace_cleanup                                             2792
  COMP_get_type                                                  2833
  ENGINE_set_id                                                  2833
  ENGINE_set_name                                                2833
  EVP_aes_128_cfb1                                               2833
  EVP_aes_192_cfb8                                               2833
  EVP_aes_256_cfb1                                               2833
  EVP_aes_256_cfb8                                               2833
  EVP_aria_256_cfb8                                              2833
  EVP_des_ede3_cfb1                                              2833
  EVP_sha3_256                                                   2833
  EVP_sm4_cfb128                                                 2833
  query_hash                                                     2833
  EVP_aes_192_ecb                                                2834
  EVP_rc2_ecb                                                    2834
  EVP_aria_128_ofb                                               2875
  EVP_aria_256_ccm                                               2875
  EVP_aria_256_cfb1                                              2875
  EVP_cast5_ecb                                                  2875
  EVP_aria_192_cbc                                               2916
  EVP_des_ede3_cbc                                               2916
  EVP_whirlpool                                                  2916
  EVP_aes_128_xts                                                2917
  EVP_aes_192_ctr                                                2917
  EVP_aes_192_wrap                                               2917
  EVP_aria_128_cbc                                               2917
  EVP_aria_128_ctr                                               2917
  EVP_aria_192_ecb                                               2917
  NCONF_default                                                  2917
  OBJ_obj2txt                                                    2917
  EVP_aes_128_gcm                                                2958
  EVP_aes_128_ofb                                                2958
  EVP_aes_256_ecb                                                2958
  EVP_aria_256_ofb                                               2958
  signal                                                         2958
  EVP_aes_128_wrap                                               2959
  EVP_aria_128_cfb128                                            3000
  EVP_aria_192_ccm                                               3000
  EVP_des_cfb64                                                  3000
  EVP_des_ede3_cfb64                                             3000
  def_init_default                                               3000
  EVP_aria_128_cfb1                                              3041
  EVP_aria_128_cfb8                                              3041
  EVP_aes_128_cfb128                                             3042
  EVP_aria_192_cfb128                                            3042
  EVP_aria_256_ecb                                               3042
  EVP_des_ede3_cfb8                                              3042
  strrchr                                                        3083
  EVP_des_ede_cfb64                                              3084
  EVP_aria_128_ccm                                               3125
  EVP_aria_128_gcm                                               3125
  EVP_aria_256_cfb128                                            3125
  EVP_des_ede3_wrap                                              3125
  OSSL_LIB_CTX_get_data                                          3125
  function_cmp                                                   3125
  BIO_f_cipher                                                   3166
  property_cmp                                                   3166
  EVP_aria_192_cfb8                                              3167
  EVP_aes_128_cfb8                                               3208
  EVP_aes_256_cfb128                                             3208
  EVP_camellia_128_ofb                                           3208
  getrlimit                                                      3209
  EVP_aes_128_ecb                                                3250
  EVP_aes_192_wrap_pad                                           3250
  EVP_camellia_192_cbc                                           3250
  EVP_camellia_192_ctr                                           3250
  EVP_camellia_256_ofb                                           3250
  UI_method_set_writer                                           3250
  COMP_zlib                                                      3291
  EVP_aes_128_ocb                                                3291
  EVP_camellia_128_ctr                                           3291
  EVP_camellia_256_cfb1                                          3291
  EVP_CIPHER_get_flags                                           3292
  EVP_camellia_192_ofb                                           3292
  EVP_aes_256_wrap_pad                                           3333
  EVP_camellia_128_cbc                                           3333
  EVP_aes_192_cfb128                                             3334
  EVP_camellia_256_cfb8                                          3334
  EVP_camellia_192_cfb1                                          3375
  EVP_camellia_192_ecb                                           3375
  EVP_camellia_256_ctr                                           3375
  UI_method_set_closer                                           3375
  EVP_camellia_192_cfb8                                          3417
  UI_method_set_reader                                           3417
  EVP_aes_128_wrap_pad                                           3458
  EVP_camellia_128_cfb1                                          3458
  EVP_chacha20_poly1305                                          3458
  bio_sock_cleanup_int                                           3458
  EVP_camellia_256_cbc                                           3500
  EVP_camellia_256_ecb                                           3500
  engine_load_rdrand_int                                         3500
  __smakebuf                                                     3541
  pthread_self                                                   3541
  EVP_camellia_128_cfb8                                          3542
  opt_set_unknown_name                                           3542
  ossl_prov_ctx_free                                             3542
  ENGINE_set_flags                                               3584
  __cxa_finalize                                                 3584
  UI_method_set_opener                                           3625
  ossl_prov_ctx_new                                              3625
  ossl_store_cleanup_int                                         3625
  free_medium                                                    3666
  OSSL_STORE_register_loader                                     3667
  ossl_comp_zstd_cleanup                                         3667
  OSSL_PARAM_modified                                            3708
  __getrlimit                                                    3708
  ossl_lib_ctx_write_lock                                        3708
  ossl_prov_ctx_set0_handle                                      3708
  EVP_add_alg_module                                             3750
  evp_app_cleanup_int                                            3791
  EVP_camellia_128_cfb128                                        3792
  init_thread_stop                                               3792
  tiny_free_no_lock                                              3792
  BIO_meth_set_puts                                              3833
  store_loader_cmp                                               3833
  ASN1_add_stable_module                                         3875
  BIO_meth_set_ctrl                                              3875
  BIO_meth_set_gets                                              3875
  EVP_camellia_256_cfb128                                        3875
  app_RAND_write                                                 3916
  EVP_CipherUpdate                                               3917
  core_get_libctx                                                3917
  EVP_CIPHER_fetch                                               3958
  EVP_camellia_192_cfb128                                        3958
  EVP_camellia_128_ecb                                           3959
  BIO_meth_set_destroy                                           4000
  ENGINE_set_cmd_defns                                           4000
  ossl_comp_brotli_cleanup                                       4000
  ERR_print_errors                                               4041
  opt_check_rest_arg                                             4041
  ossl_prov_ctx_get0_libctx                                      4041
  EVP_CIPHER_get_iv_length                                       4042
  EVP_CipherFinal_ex                                             4042
  NCONF_get0_libctx                                              4042
  ossl_prov_ctx_set0_libctx                                      4042
  ENGINE_add_conf_module                                         4083
  ASN1_add_oid_module                                            4125
  EVP_PKEY_asn1_get_count                                        4125
  null_gettable_ctx_params                                       4125
  ossl_method_unlock_store                                       4125
  ossl_comp_zlib_cleanup                                         4166
  ERR_get_error_all                                              4167
  ossl_child_prov_ctx_new                                        4208
  ossl_stored_namemap_free                                       4208
  ossl_lib_ctx_is_default                                        4209
  BIO_meth_set_create                                            4291
  ossl_config_add_ssl_module                                     4291
  ossl_method_lock_store                                         4292
  BIO_meth_set_read_ex                                           4333
  aes_128_xts_get_params                                         4334
  aes_256_ofb_get_params                                         4334
  OSSL_CMP_log_close                                             4375
  aes_128_cbc_get_params                                         4375
  aes_192_ecb_get_params                                         4375
  aes_192_siv_get_params                                         4375
  aria_192_cbc_get_params                                        4375
  chacha20_gettable_ctx_params                                   4375
  OSSL_ERR_STATE_new                                             4416
  aes_128_ofb_get_params                                         4417
  aes_192_ctr_get_params                                         4417
  aes_256_cfb_get_params                                         4417
  aes_v8_set_encrypt_key                                         4417
  aria_128_ofb_get_params                                        4417
  CONF_imodule_get_value                                         4458
  CRYPTO_THREAD_get_current_id                                   4458
  ENGINE_set_ctrl_function                                       4458
  aes_256_ctr_get_params                                         4458
  aria_192_ctr_get_params                                        4458
  chacha20_get_params                                            4458
  aes_256_ccm_get_params                                         4459
  aria_192_cfb1_get_params                                       4459
  BIO_meth_set_write_ex                                          4500
  aes_128_cfb1_get_params                                        4500
  aes_192_cfb1_get_params                                        4500
  aes_256_cfb8_get_params                                        4500
  aes_v8_ctr32_encrypt_blocks                                    4500
  aria_192_cfb8_get_params                                       4500
  close                                                          4500
  ossl_bio_core_globals_new                                      4500
  ossl_cipher_generic_reset_ctx                                  4500
  tiny_try_realloc_in_place                                      4500
  aria_128_cfb1_get_params                                       4541
  aria_128_cfb8_get_params                                       4541
  sm4_128_ctr_get_params                                         4541
  tdes_ede3_cbc_get_params                                       4541
  OSSL_LIB_CTX_free                                              4542
  aes_128_ecb_get_params                                         4542
  aes_192_cfb_get_params                                         4542
  aes_192_ofb_get_params                                         4542
  sm4_128_cbc_get_params                                         4542
  OSSL_STORE_LOADER_set_eof                                      4583
  __sigaction                                                    4583
  aria_128_gcm_get_params                                        4583
  dyld4::APIs::_tlv_exit()                                       4584
  aes_128_ccm_get_params                                         4625
  aes_128_ocb_get_params                                         4625
  aria_128_ctr_get_params                                        4625
  aria_128_ecb_get_params                                        4625
  aria_192_cfb_get_params                                        4625
  aria_192_ofb_get_params                                        4625
  aria_256_cbc_get_params                                        4625
  aria_256_cfb1_get_params                                       4625
  aria_256_ofb_get_params                                        4625
  sm4_128_gcm_get_params                                         4625
  tdes_ede2_cbc_get_params                                       4625
  ENGINE_set_init_function                                       4666
  aes_128_ctr_get_params                                         4666
  tdes_wrap_get_params                                           4666
  OPENSSL_cpuid_setup                                            4667
  UI_method_set_prompt_constructor                               4667
  aes_192_cbc_get_params                                         4667
  aria_128_cfb_get_params                                        4667
  aria_192_ecb_get_params                                        4667
  aria_256_ctr_get_params                                        4667
  aes_128_cfb8_get_params                                        4708
  aes_256_gcm_get_params                                         4708
  aria_256_cfb8_get_params                                       4708
  aria_256_ecb_get_params                                        4708
  ossl_bio_core_globals_free                                     4708
  sm4_128_cfb128_get_params                                      4708
  EVP_sha256                                                     4709
  OSSL_trace_set_channel                                         4709
  aes_192_cfb8_get_params                                        4709
  aes_192_ocb_get_params                                         4709
  aes_192_wrap_get_params                                        4709
  aes_256_siv_get_params                                         4709
  lsl::Lock::unlock()                                            4709
  sm4_128_ecb_get_params                                         4709
  tdes_ede3_ofb_get_params                                       4709
  aes_192_ccm_get_params                                         4750
  ossl_prov_ctx_set0_core_bio_method                             4750
  sm4_128_ofb128_get_params                                      4750
  sm4_128_xts_get_params                                         4750
  tdes_ede2_ecb_get_params                                       4750
  ENGINE_set_finish_function                                     4791
  OSSL_STORE_LOADER_set_error                                    4791
  aes_256_cfb1_get_params                                        4791
  pthread_cond_destroy                                           4791
  sm4_128_ccm_get_params                                         4791
  ossl_provider_add_conf_module                                  4792
  OSSL_STORE_LOADER_set_close                                    4833
  aes_128_cfb_get_params                                         4833
  aes_cts_128_cbc_get_params                                     4833
  EVP_aes_256_cbc_hmac_sha1                                      4834
  aes_cts_192_cbc_get_params                                     4834
  BIO_free                                                       4875
  EVP_aes_128_cbc_hmac_sha256                                    4875
  EVP_aes_256_cbc_hmac_sha256                                    4875
  OSSL_STORE_unregister_loader                                   4875
  aes_128_gcm_get_params                                         4875
  aes_128_wrappad_get_params                                     4875
  aes_192_gcm_get_params                                         4875
  aes_192_wrapinv_get_params                                     4875
  aes_256_xts_get_params                                         4875
  aria_256_cfb_get_params                                        4875
  camellia_192_ctr_get_params                                    4875
  tdes_ede2_ofb_get_params                                       4875
  tdes_ede3_cfb8_get_params                                      4875
  def_is_number                                                  4876
  aria_256_ccm_get_params                                        4916
  tdes_ede2_cfb_get_params                                       4916
  tdes_ede3_cfb_get_params                                       4916
  camellia_128_ecb_get_params                                    4917
  camellia_192_ecb_get_params                                    4917
  camellia_256_cfb_get_params                                    4917
  aes_128_siv_get_params                                         4958
  aes_256_ecb_get_params                                         4958
  aes_cts_256_cbc_get_params                                     4958
  aria_128_ccm_get_params                                        4958
  camellia_256_cbc_get_params                                    4958
  ossl_random_add_conf_module                                    4958
  tdes_ede3_ecb_get_params                                       4958
  aes_192_wrappad_get_params                                     4959
  aria_192_gcm_get_params                                        5000
  camellia_192_cfb1_get_params                                   5000
  ossl_property_has_optional                                     5000
  ossl_property_match_count                                      5000
  OSSL_STORE_LOADER_set_expect                                   5041
  Diagnostics::clearError()                                      5042
  OSSL_STORE_LOADER_set_load                                     5042
  aes_256_cbc_get_params                                         5042
  aes_256_ocb_get_params                                         5042
  aria_128_cbc_get_params                                        5042
  aria_192_ccm_get_params                                        5042
  camellia_128_cfb8_get_params                                   5042
  camellia_256_ctr_get_params                                    5042
  ossl_rand_cleanup_int                                          5042
  aes_128_wrapinv_get_params                                     5083
  camellia_128_cfb_get_params                                    5083
  camellia_128_cfb1_get_params                                   5084
  camellia_128_ctr_get_params                                    5084
  ossl_ctx_global_properties_new                                 5084
  camellia_256_cfb8_get_params                                   5125
  camellia_256_ofb_get_params                                    5125
  ossl_indicator_set_callback_free                               5125
  ossl_prov_cipher_hw_aes_ctr                                    5125
  aes_128_wrappadinv_get_params                                  5166
  aria_256_gcm_get_params                                        5166
  camellia_128_cbc_get_params                                    5166
  camellia_256_cfb1_get_params                                   5166
  ossl_init_thread_deregister                                    5167
  ossl_self_test_set_callback_free                               5167
  EVP_aes_128_cbc_hmac_sha1                                      5208
  camellia_192_cfb8_get_params                                   5208
  engine_pkey_meths_free                                         5208
  ossl_free_compression_methods_int                              5208
  tdes_ede3_cfb1_get_params                                      5208
  ENGINE_load_builtin_engines                                    5209
  aes_256_wrap_get_params                                        5209
  camellia_128_ofb_get_params                                    5209
  OSSL_STORE_LOADER_set_open                                     5250
  aes_128_wrap_get_params                                        5250
  aes_192_wrappadinv_get_params                                  5250
  aes_256_wrapinv_get_params                                     5250
  camellia_192_cbc_get_params                                    5250
  camellia_192_cfb_get_params                                    5250
  camellia_192_ofb_get_params                                    5250
  ENGINE_get_cipher_engine                                       5292
  camellia_256_ecb_get_params                                    5333
  chacha20_poly1305_gettable_ctx_params                          5333
  OPENSSL_sk_sort                                                5374
  EVP_CIPHER_get_key_length                                      5375
  aes_256_wrappad_get_params                                     5375
  camellia_cts_192_cbc_get_params                                5375
  medium_region_for_ptr_no_lock                                  5375
  ossl_store_register_init                                       5375
  aes_256_wrappadinv_get_params                                  5417
  ossl_aes_256_gcm_siv_get_params                                5458
  OSSL_STORE_LOADER_free                                         5459
  __fcntl                                                        5500
  engine_remove_dynamic_id                                       5542
  ossl_self_test_set_callback_new                                5583
  OSSL_PARAM_get_int                                             5625
  engine_pkey_asn1_meths_free                                    5667
  ossl_provider_unquery_operation                                5667
  camellia_cts_128_cbc_get_params                                5708
  ossl_prov_ctx_get0_core_bio_method                             5708
  ossl_indicator_set_callback_new                                5750
  chacha20_poly1305_get_params                                   5791
  camellia_cts_256_cbc_get_params                                5833
  ossl_aes_192_gcm_siv_get_params                                5833
  getegid                                                        5834
  medium_malloc_from_free_list                                   5875
  memset                                                         5875
  ossl_prov_bio_from_dispatch                                    5958
  EVP_CIPHER_CTX_get_block_size                                  5959
  ossl_aes_128_gcm_siv_get_params                                5959
  OSSL_LIB_CTX_set_conf_diagnostics                              6000
  opt_arg                                                        6001
  geteuid                                                        6125
  ossl_prov_seeding_from_dispatch                                6125
  app_get0_libctx                                                6167
  getuid                                                         6334
  EVP_CIPHER_get_mode                                            6458
  BIO_set_data                                                   6500
  getgid                                                         6584
  EVP_RAND_CTX_free                                              6625
  dyld4::Loader::hiddenFromFlat(bool) const                      6792
  OSSL_PARAM_get_int32                                           6874
  dyld3::kdebug_trace_dyld_enabled(unsigned int)                 6875
  dyld4::RuntimeState::notifyObjCPatching()                      7000
  BIO_next                                                       7250
  dyld4::handleFromLoader(dyld4::Loader const*, bool)             7250
  _kernelrpc_mach_port_deallocate_trap                           7334
  bio_open_default                                               7334
  lsl::Lock::lock()                                              7375
  _platform_strnlen                                              7417
  EVP_CipherInit_ex                                              7666
  ENGINE_register_EC                                             7749
  err_unshelve_state                                             7749
  dyld4::JustInTimeLoader::hiddenFromFlat(bool) const             7833
  ENGINE_register_DH                                             7875
  openssl_fopen                                                  7917
  store_loader_hash                                              7959
  ENGINE_register_RAND                                           8000
  file_ctrl                                                      8083
  ENGINE_register_DSA                                            8209
  OPENSSL_sk_pop                                                 8250
  dyld4::BumpAllocator::~BumpAllocator()                         8291
  flsl                                                           8374
  BIO_copy_next_retry                                            8416
  lsl::EphemeralAllocator::reset()                               8417
  ossl_lib_ctx_get_concrete                                      8542
  dyld4::Loader::beginInitializers(dyld4::RuntimeState&)             8708
  dyld4::RuntimeState::incDlRefCount(dyld4::Loader const*)             8750
  __sclose                                                       8791
  X509_get_default_cert_area                                     8916
  ossl_property_free                                             9084
  lsl::Vector<dyld4::Loader const*>::reserveExact(unsigned long)             9125
  ossl_sa_new                                                    9209
  ENGINE_register_digests                                        9250
  BIO_set_init                                                   9291
  __sflags                                                       9333
  ENGINE_register_ciphers                                        9334
  strlen                                                         9375
  BIO_set_flags                                                  9418
  ENGINE_register_RSA                                            9583
  free_small                                                     9584
  DSO_METHOD_openssl                                             9666
  dyld4::JustInTimeLoader::beginInitializers(dyld4::RuntimeState&)             9708
  ossl_cipher_generic_einit                                      9709
  ENGINE_register_pkey_meths                                     9874
  tiny_malloc_from_free_list                                     9875
  ossl_cipher_generic_set_ctx_params                            10250
  OSSL_LIB_CTX_get_conf_diagnostics                             10291
  lsl::Vector<lsl::MemoryManager::Buffer>::reserve(unsigned long)            10375
  CRYPTO_atomic_or                                              10710
  ossl_lib_ctx_get_ex_data_global                               10834
  deflt_query                                                   10917
  ENGINE_register_pkey_asn1_meths                               11083
  engine_free_util                                              11458
  ossl_lib_ctx_get_rcukey                                       11500
  NCONF_get_section                                             11585
  ossl_sa_doall_arg                                             11876
  aes_siv_gettable_ctx_params                                   12124
  dyld4::RuntimeState::doSingletonPatching(dyld4::DyldCacheDataConstLazyScopedWriter&)            12125
  ossl_property_value                                           12458
  ossl_cipher_capable_aes_cbc_hmac_sha256                       12542
  OPENSSL_cleanse                                               12582
  ossl_cipher_capable_aes_cbc_hmac_sha1                         12792
  EVP_add_cipher                                                13082
  cipher_ocb_gettable_ctx_params                                13416
  aes_cbc_cts_gettable_ctx_params                               13501
  dyld4::Loader::loadDependents(Diagnostics&, dyld4::RuntimeState&, dyld4::Loader::LoadOptions const&)            13791
  __bzero                                                       14208
  dyld4::DyldCacheDataConstLazyScopedWriter::DyldCacheDataConstLazyScopedWriter(dyld4::RuntimeState&)            14208
  BIO_clear_flags                                               14334
  lsl::EphemeralAllocator::~EphemeralAllocator()                14334
  _kernelrpc_mach_vm_deallocate_trap                            14667
  sa_doall                                                      14750
  dyld4::Loader::path() const                                   14875
  DSO_free                                                      14958
  CRYPTO_atomic_add                                             15082
  _kernelrpc_mach_port_construct_trap                           15167
  camellia_cbc_cts_gettable_ctx_params                          15333
  ossl_aes_gcm_siv_gettable_ctx_params                          15333
  BIO_get_data                                                  15374
  dyld4::JustInTimeLoader::loadDependents(Diagnostics&, dyld4::RuntimeState&, dyld4::Loader::LoadOptions const&)            15583
  _NSGetEnviron                                                 15706
  __sflush                                                      15916
  dyld3::MachOFile::is64() const                                16000
  file_new                                                      16000
  fstat                                                         16000
  os_unfair_recursive_lock_unlock                               16292
  file_free                                                     17043
  _kernelrpc_mach_port_destruct_trap                            17500
  CRYPTO_THREAD_lock_free                                       17540
  invocation function for block in dyld4::Loader::forEachPath(Diagnostics&, dyld4::RuntimeState&, char const*, dyld4::Loader::Loa            17625
  ossl_prov_is_running                                          17625
  OPENSSL_LH_get_down_load                                      18000
  BIO_new                                                       18292
  pthread_mutex_destroy                                         18335
  kdebug_is_enabled                                             19083
  dyld4::JustInTimeLoader::path() const                         19208
  small_free_list_remove_ptr                                    19875
  small_try_realloc_in_place                                    20166
  pthread_cond_init                                             20291
  property_free                                                 20459
  os_unfair_recursive_lock_lock_with_options                    20750
  dyld4::Loader::matchesPath(char const*) const                 21207
  small_free_list_find_by_ptr                                   21208
  dyld4::LibSystemHelpers::pthread_getspecific(unsigned long) const            21292
  FMT_istext                                                    21333
  lsl::EphemeralAllocator::deallocate_buffer(lsl::MemoryManager::Buffer)            21334
  os_unfair_lock_assert_not_owner                               21917
  __chkstk_darwin_probe                                         21958
  small_size                                                    22415
  dyld4::ProcessConfig::DyldCache::indexOfPath(char const*, unsigned int&) const            22876
  rack_region_insert                                            23957
  small_free_list_remove_ptr_no_clear                           24831
  dyld4::Loader::loadAddress(dyld4::RuntimeState&) const            25417
  mach_msg2_trap                                                26500
  dyld3::ScopedTimer::endTimer()                                26959
  lsl::MemoryManager::lockGuard()                               27333
  ossl_property_name                                            27417
  pthread_mutex_init                                            27417
  get_tiny_previous_free_msize                                  27791
  OPENSSL_strnlen                                               28125
  __findenv_locked                                              28334
  dyld4::JustInTimeLoader::loadAddress(dyld4::RuntimeState&) const            28916
  OPENSSL_sk_delete                                             30583
  tiny_free_list_remove_ptr                                     33126
  lsl::AllocationMetadata::AllocationMetadata(lsl::Allocator*, unsigned long)            33250
  _pthread_mutex_check_init_slow                                33418
  ___chkstk_darwin                                              33459
  CRYPTO_new_ex_data                                            34457
  __open                                                        34458
  OPENSSL_LH_set_down_load                                      35043
  small_free_list_add_ptr                                       36834
  dyld4::LibSystemHelpers::os_unfair_recursive_lock_unlock(os_unfair_recursive_lock_s*) const            38542
  szone_good_size                                               38959
  Diagnostics::hasError() const                                 40499
  dyld4::LibSystemHelpers::os_unfair_lock_unlock(os_unfair_lock_s*) const            40666
  OPENSSL_sk_free                                               41541
  EVP_PKEY_asn1_get0                                            42918
  ossl_rcu_write_lock                                           43542
  Diagnostics::noError() const                                  44456
  __read_nocancel                                               44831
  ossl_tdes_gettable_ctx_params                                 45917
  ossl_rcu_write_unlock                                         46294
  _kernelrpc_mach_vm_map_trap                                   48667
  pthread_setspecific                                           48834
  dyld4::RuntimeState::PermanentRanges::contains(unsigned long, unsigned long, unsigned char*, dyld4::Loader const**) const            50376
  dyld3::MachOFile::read_uleb128(Diagnostics&, unsigned char const*&, unsigned char const*)            50625
  dyld4::LibSystemHelpers::os_unfair_recursive_lock_lock_with_options(os_unfair_recursive_lock_s*, os_unfair_lock_options_t) cons            51751
  EVP_PKEY_asn1_get0_info                                       53251
  szone_malloc                                                  55333
  small_malloc_from_free_list                                   55834
  pthread_cond_broadcast                                        56835
  dyld4::LibSystemHelpers::os_unfair_lock_lock_with_options(os_unfair_lock_s*, os_unfair_lock_options_t) const            59374
  _tiny_check_and_zero_inline_meta_from_freelist                59668
  tiny_size                                                     59960
  __write_nocancel                                              60041
  madvise                                                       60667
  realloc                                                       62918
  set_tiny_meta_header_in_use                                   65456
  _qsort                                                        68251
  tiny_free_list_add_ptr                                        69416
  lsl::EphemeralAllocator::allocate_buffer(unsigned long, unsigned long, unsigned long)            69500
  ossl_cipher_aead_gettable_ctx_params                          70459
  _szone_free                                                   70626
  OPENSSL_sk_pop_free                                           71126
  strcmp                                                        72960
  __close_nocancel                                              78333
  os_unfair_lock_assert_owner                                   78666
  szone_try_free_default                                        79043
  invocation function for block in dyld3::MachOFile::getDylibInstallName(char const**, unsigned int*, unsigned int*) const            81250
  dyld3::kdebug_trace_dyld_duration_end(unsigned long long, unsigned int, dyld3::kt_arg, dyld3::kt_arg, dyld3::kt_arg)            83125
  rack_get_thread_index                                         83586
  property_hash                                                 85542
  EVP_CIPHER_get_type                                           90709
  dyld3::OverflowSafeArray<unsigned int, 4294967295ul>::verifySpace(unsigned long)            92168
  dyld4::Loader::contains(dyld4::RuntimeState&, void const*, void const**, unsigned long long*, unsigned char*) const            95960
  pthread_cond_signal                                          105417
  Diagnostics::assertNoError() const                           107916
  nanov2_size                                                  115375
  pthread_rwlock_init                                          118293
  pthread_rwlock_destroy                                       124665
  os_unfair_lock_unlock                                        132041
  __open_nocancel                                              136541
  Diagnostics::~Diagnostics()                                  140834
  Diagnostics::Diagnostics(bool)                               150126
  get_legacy_evp_names                                         160796
  ossl_ctype_check                                             169374
  os_unfair_lock_lock_with_options                             173751
  EVP_MD_get_type                                              195743
  nanov2_pointer_size                                          195914
  invocation function for block in dyld3::MachOFile::getEntry(unsigned long long&, bool&) const           206335
  _Block_object_dispose                                        212164
  free                                                         217125
  OPENSSL_hexchar2int                                          234625
  ossl_sa_set                                                  257419
  trim_ws                                                      277838
  strncmp                                                      281874
  nanov2_allocate_from_block                                   285375
  invocation function for block in dyld4::JustInTimeLoader::contains(dyld4::RuntimeState&, void const*, void const**, unsigned lo           292875
  BUF_MEM_new                                                  310336
  names_free                                                   321173
  OBJ_get0_data                                                330121
  OPENSSL_LH_flush                                             335626
  OSSL_PARAM_set_uint                                          340038
  ossl_provider_ctx                                            341507
  OPENSSL_LH_doall                                             342835
  EVP_CIPHER_get_nid                                           362545
  conf_value_cmp                                               378290
  ossl_lib_ctx_unlock                                          379256
  invocation function for block in dyld3::MachOLoaded::findClosestSymbol(unsigned long long, char const**, unsigned long long*) c           392292
  OSSL_PARAM_locate_const                                      396457
  ossl_lib_ctx_read_lock                                       423999
  OPENSSL_LH_set_thunks                                        431954
  ossl_cipher_generic_gettable_ctx_params                      444384
  property_defn_cmp                                            445286
  evp_cipher_up_ref                                            454254
  property_defn_hash                                           469619
  ossl_provider_free                                           476786
  BN_free                                                      477580
  value_free_hash                                              482129
  function_hash                                                486584
  ossl_provider_up_ref                                         492292
  CRYPTO_realloc                                               495415
  OSSL_PARAM_set_uint32                                        504291
  ASN1_OBJECT_free                                             506080
  ossl_sa_get                                                  510995
  eat_alpha_numeric                                            515246
  sa_free_node                                                 547417
  OSSL_PARAM_construct_end                                     550289
  EVP_CIPHER_get0_provider                                     562794
  OSSL_PARAM_construct_uint                                    569584
  evp_cipher_free                                              581880
  do_all_fn                                                    585911
  EVP_CIPHER_free                                              642993
  ossl_provider_libctx                                         799829
  invocation function for block in dyld3::MachOLoaded::getLinkEditLoadCommands(Diagnostics&, dyld3::MachOLoaded::LinkEditInfo&) c           828500
  internal_free_nop                                            841792
  _platform_strncmp                                            884039
  name_string_free                                             901076
  OPENSSL_LH_error                                             958667
  invocation function for block in dyld3::MachOFile::forEachSegment(void (dyld3::MachOFile::SegmentInfo const&, bool&) block_poin          1097293
  OSSL_PARAM_set_size_t                                       1116588
  BUF_MEM_grow                                                1143239
  pthread_getspecific                                         1160089
  sk_reserve                                                  1170454
  _os_once                                                    1248697
  CRYPTO_THREAD_get_local                                     1289662
  _platform_memchr                                            1375543
  ossl_rcu_assign_uptr                                        1422663
  OSSL_PARAM_set_uint64                                       1517624
  names_lh_free_doall                                         1522445
  ossl_lib_ctx_get_data                                       1611875
  OSSL_PARAM_set_int                                          1615510
  _platform_strchr                                            1736550
  pthread_mutex_lock                                          1755131
  OSSL_PARAM_construct_size_t                                 1817466
  pthread_mutex_unlock                                        1870206
  _nanov2_free                                                1901801
  OPENSSL_sk_num                                              1987656
  OPENSSL_sk_push                                             1999951
  _pthread_mutex_lock_init_slow                               2024917
  _pthread_mutex_unlock_init_slow                             2132497
  _pthread_mutex_firstfit_lock_slow                           2247625
  OPENSSL_sk_value                                            2333058
  _pthread_mutex_firstfit_unlock_slow                         2347084
  OSSL_PARAM_set_int32                                        2454782
  obj_name_cmp                                                2501627
  OPENSSL_LH_strhash                                          2748170
  OSSL_PARAM_construct_int                                    2753449
  _platform_memcmp                                            2758337
  pthread_once                                                3079918
  OBJ_nid2obj                                                 3194335
  CRYPTO_atomic_load                                          3319251
  pthread_rwlock_rdlock                                       3340140
  SortFnByName                                                3454596
  ossl_lh_strcasehash                                         3697525
  __error                                                     3799438
  ossl_isdigit                                                4003572
  cipher_compare                                              4039490
  fnv1a_hash                                                  4457176
  _platform_memmove                                           6555290
  pthread_rwlock_wrlock                                       6692993
  pthread_rwlock_unlock                                      10034056
  err_string_data_cmp                                        11182440
  CRYPTO_free                                                12311458
  malloc                                                     13583283
  doapr_outch                                                15192924
  err_string_data_hash                                       17073926
  nanov2_malloc                                              18747473
  _platform_strlen                                           23349095
  _platform_memset                                           25560924
  nanov2_try_free_default                                    26030293
  _platform_strcmp                                           28202996
  ossl_tolower                                               60214315
