
  sigaction                                                      1709
  EVP_md5                                                        1750
  pd_free                                                        1833
  UI_OpenSSL                                                     1917
  EVP_rc4_40                                                     1958
  EVP_bf_cbc                                                     1959
  EVP_sha224                                                     2000
  EVP_bf_ofb                                                     2042
  EVP_sha512                                                     2042
  EVP_sm4_cbc                                                    2084
  EVP_des_ecb                                                    2125
  EVP_des_ede                                                    2125
  EVP_md4                                                        2167
  EVP_rc2_ofb                                                    2167
  EVP_rc4                                                        2167
  EVP_seed_cbc                                                   2167
  EVP_sm4_ofb                                                    2167
  UI_null                                                        2167
  EVP_idea_ofb                                                   2208
  EVP_rc2_cbc                                                    2209
  EVP_sha1                                                       2209
  EVP_cast5_ofb                                                  2250
  EVP_sha3_512                                                   2250
  EVP_sm3                                                        2250
  strchr                                                         2250
  EVP_idea_cbc                                                   2291
  EVP_mdc2                                                       2291
  EVP_sha384                                                     2291
  EVP_cast5_cbc                                                  2333
  EVP_seed_ofb                                                   2333
  _cleanup                                                       2333
  opt_unknown                                                    2333
  EVP_ripemd160                                                  2375
  EVP_sha3_256                                                   2375
  EVP_shake128                                                   2375
  EVP_rc2_64_cbc                                                 2416
  EVP_sha512_256                                                 2416
  app_get0_propq                                                 2416
  EVP_des_ofb                                                    2417
  EVP_md5_sha1                                                   2417
  COMP_get_type                                                  2458
  EVP_des_cbc                                                    2458
  EVP_sha3_224                                                   2458
  EVP_sha3_384                                                   2458
  EVP_sha512_224                                                 2458
  EVP_aes_192_cbc                                                2500
  EVP_aes_192_gcm                                                2500
  EVP_bf_ecb                                                     2500
  EVP_blake2s256                                                 2500
  EVP_MD_free                                                    2541
  EVP_aes_256_ccm                                                2541
  EVP_shake256                                                   2541
  EVP_aes_192_ccm                                                2542
  EVP_aes_256_cbc                                                2542
  EVP_aes_256_ctr                                                2542
  EVP_aes_256_xts                                                2542
  EVP_aria_256_cbc                                               2542
  EVP_sm4_ctr                                                    2542
  EVP_aes_192_ecb                                                2583
  EVP_aes_192_ofb                                                2583
  EVP_aes_256_gcm                                                2583
  EVP_bf_cfb64                                                   2583
  EVP_rc2_ecb                                                    2584
  EVP_aes_256_ofb                                                2625
  EVP_aria_192_ccm                                               2625
  EVP_aria_192_ctr                                               2625
  EVP_idea_ecb                                                   2625
  EVP_sm4_ecb                                                    2625
  opt_next                                                       2625
  release_engine                                                 2625
  EVP_aes_128_cbc                                                2666
  EVP_aria_256_ofb                                               2666
  EVP_des_ede3                                                   2666
  EVP_aes_128_ctr                                                2667
  EVP_aes_192_cfb1                                               2667
  EVP_aes_192_cfb8                                               2667
  EVP_aria_256_ctr                                               2667
  EVP_des_cfb8                                                   2667
  EVP_des_ede_ofb                                                2667
  vm_deallocate                                                  2667
  EVP_aes_256_ocb                                                2708
  EVP_aes_256_wrap                                               2708
  EVP_aria_256_gcm                                               2708
  EVP_cast5_ecb                                                  2708
  EVP_des_ede_cbc                                                2708
  EVP_seed_cfb128                                                2708
  EVP_aes_128_cfb1                                               2750
  EVP_aes_128_ofb                                                2750
  EVP_aes_192_ctr                                                2750
  EVP_aes_256_ecb                                                2750
  EVP_aria_192_ofb                                               2750
  EVP_aria_256_cfb1                                              2750
  EVP_chacha20                                                   2750
  EVP_seed_ecb                                                   2750
  getrlimit                                                      2750
  ENGINE_set_name                                                2791
  EVP_aes_256_cfb8                                               2791
  EVP_aria_128_ofb                                               2791
  EVP_aes_256_cfb1                                               2792
  EVP_aria_128_ecb                                               2792
  EVP_aria_256_ccm                                               2792
  EVP_rc4_hmac_md5                                               2792
  EVP_whirlpool                                                  2792
  def_to_int                                                     2792
  EVP_aes_192_ocb                                                2833
  strrchr                                                        2833
  EVP_aes_128_ccm                                                2834
  EVP_aria_128_cbc                                               2834
  EVP_aria_192_cbc                                               2834
  EVP_aria_192_cfb8                                              2834
  ENGINE_set_id                                                  2875
  EVP_aes_192_wrap                                               2875
  EVP_aria_128_ctr                                               2875
  EVP_aria_192_gcm                                               2875
  EVP_des_ede3_cbc                                               2875
  EVP_des_ede3_cfb8                                              2875
  EVP_rc2_cfb64                                                  2875
  EVP_sm4_cfb128                                                 2875
  EVP_cast5_cfb64                                                2916
  EVP_desx_cbc                                                   2916
  OBJ_obj2txt                                                    2916
  EVP_aes_128_xts                                                2917
  EVP_aria_128_cfb8                                              2917
  EVP_aria_192_cfb1                                              2917
  EVP_aria_192_ecb                                               2917
  EVP_blake2b512                                                 2917
  EVP_des_cfb1                                                   2917
  EVP_des_ede3_ofb                                               2917
  NCONF_default                                                  2917
  lh_FUNCTION_free                                               2917
  EVP_aria_128_ccm                                               2958
  EVP_aria_256_ecb                                               2958
  def_init_default                                               2958
  EVP_aes_128_cfb8                                               2959
  EVP_aria_256_cfb8                                              2959
  EVP_des_ede3_cfb1                                              3000
  query_hash                                                     3000
  EVP_aes_128_wrap                                               3042
  EVP_aria_256_cfb128                                            3042
  function_cmp                                                   3042
  BIO_f_cipher                                                   3083
  EVP_aria_128_cfb128                                            3083
  EVP_aria_128_gcm                                               3083
  EVP_aria_192_cfb128                                            3083
  signal                                                         3083
  EVP_aes_128_cfb128                                             3084
  EVP_aes_128_gcm                                                3084
  EVP_camellia_256_ofb                                           3084
  ossl_trace_cleanup                                             3084
  EVP_aes_128_ecb                                                3125
  EVP_rc2_40_cbc                                                 3125
  property_cmp                                                   3125
  EVP_aes_256_cfb128                                             3167
  EVP_camellia_192_cbc                                           3167
  EVP_camellia_192_ctr                                           3167
  EVP_camellia_192_ofb                                           3167
  EVP_camellia_128_ctr                                           3208
  UI_method_set_writer                                           3208
  EVP_aes_128_wrap_pad                                           3209
  EVP_aes_192_cfb128                                             3209
  EVP_camellia_256_cbc                                           3209
  EVP_aes_256_wrap_pad                                           3250
  EVP_camellia_256_ctr                                           3250
  EVP_des_cfb64                                                  3250
  OSSL_PARAM_modified                                            3250
  EVP_camellia_128_cfb1                                          3291
  EVP_des_ede_cfb64                                              3291
  __smakebuf                                                     3291
  EVP_aes_192_wrap_pad                                           3292
  EVP_aria_128_cfb1                                              3292
  EVP_camellia_256_cfb1                                          3292
  EVP_camellia_256_ecb                                           3292
  EVP_des_ede3_wrap                                              3292
  EVP_idea_cfb64                                                 3292
  __cxa_finalize                                                 3334
  UI_method_set_closer                                           3375
  COMP_zlib                                                      3416
  EVP_CIPHER_get_flags                                           3416
  EVP_add_alg_module                                             3417
  EVP_camellia_192_ecb                                           3417
  engine_load_rdrand_int                                         3417
  EVP_camellia_128_cbc                                           3458
  EVP_camellia_192_cfb8                                          3458
  OSSL_LIB_CTX_get_data                                          3458
  bio_sock_cleanup_int                                           3458
  ossl_store_cleanup_int                                         3458
  ENGINE_set_flags                                               3459
  ossl_prov_ctx_free                                             3459
  EVP_camellia_128_cfb8                                          3500
  EVP_camellia_256_cfb8                                          3500
  UI_method_set_reader                                           3500
  ossl_comp_zstd_cleanup                                         3500
  EVP_aes_128_ocb                                                3541
  BIO_meth_set_puts                                              3542
  EVP_camellia_192_cfb1                                          3583
  EVP_des_ede3_cfb64                                             3583
  __getrlimit                                                    3583
  opt_set_unknown_name                                           3584
  OSSL_STORE_register_loader                                     3625
  ASN1_add_stable_module                                         3666
  app_RAND_write                                                 3666
  EVP_camellia_128_ofb                                           3667
  BIO_meth_set_ctrl                                              3708
  init_thread_stop                                               3708
  ossl_comp_zlib_cleanup                                         3708
  ossl_prov_ctx_set0_handle                                      3708
  UI_method_set_opener                                           3709
  ossl_lib_ctx_write_lock                                        3709
  ASN1_add_oid_module                                            3750
  EVP_camellia_128_cfb128                                        3750
  EVP_camellia_256_cfb128                                        3750
  evp_app_cleanup_int                                            3750
  ossl_prov_ctx_new                                              3750
  store_loader_cmp                                               3750
  BIO_meth_set_gets                                              3791
  EVP_chacha20_poly1305                                          3792
  EVP_CIPHER_fetch                                               3833
  core_get_libctx                                                3833
  ossl_method_unlock_store                                       3833
  free_medium                                                    3834
  EVP_camellia_128_ecb                                           3875
  BIO_meth_set_create                                            3917
  ENGINE_set_cmd_defns                                           3917
  EVP_camellia_192_cfb128                                        3917
  NCONF_get0_libctx                                              3917
  ossl_child_prov_ctx_new                                        3958
  ossl_comp_brotli_cleanup                                       3958
  ossl_prov_ctx_get0_libctx                                      3959
  ENGINE_add_conf_module                                         4000
  ossl_stored_namemap_free                                       4041
  ERR_get_error_all                                              4042
  ossl_prov_ctx_set0_libctx                                      4083
  opt_check_rest_arg                                             4084
  BIO_meth_set_destroy                                           4125
  EVP_PKEY_asn1_get_count                                        4125
  pthread_self                                                   4125
  EVP_CipherUpdate                                               4166
  close                                                          4167
  dyld4::APIs::_tlv_exit()                                       4167
  OSSL_LIB_CTX_free                                              4209
  CRYPTO_THREAD_get_current_id                                   4291
  aes_192_cfb_get_params                                         4291
  ENGINE_set_ctrl_function                                       4292
  __sigaction                                                    4292
  ossl_bio_core_globals_new                                      4292
  ossl_config_add_ssl_module                                     4292
  aes_192_cbc_get_params                                         4333
  aes_v8_set_encrypt_key                                         4333
  chacha20_get_params                                            4333
  ossl_lib_ctx_is_default                                        4333
  CONF_imodule_get_value                                         4334
  EVP_CIPHER_get_iv_length                                       4375
  OSSL_ERR_STATE_new                                             4375
  ENGINE_set_init_function                                       4416
  aes_128_cbc_get_params                                         4416
  chacha20_gettable_ctx_params                                   4416
  aes_192_cfb1_get_params                                        4417
  aes_192_ctr_get_params                                         4417
  aes_256_ctr_get_params                                         4417
  lsl::Lock::unlock()                                            4417
  aes_128_ofb_get_params                                         4458
  null_gettable_ctx_params                                       4458
  ossl_cipher_generic_reset_ctx                                  4458
  BIO_meth_set_read_ex                                           4459
  EVP_CipherFinal_ex                                             4459
  aes_192_ecb_get_params                                         4459
  aes_192_siv_get_params                                         4459
  aria_128_cfb8_get_params                                       4500
  aes_128_cfb_get_params                                         4541
  aes_128_ctr_get_params                                         4541
  aes_128_ecb_get_params                                         4541
  aes_256_cbc_get_params                                         4541
  aes_256_siv_get_params                                         4541
  aria_256_cfb_get_params                                        4541
  sm4_128_ctr_get_params                                         4541
  EVP_sha256                                                     4542
  OPENSSL_cpuid_setup                                            4542
  OSSL_STORE_LOADER_set_eof                                      4542
  aes_192_ofb_get_params                                         4542
  aria_128_cfb_get_params                                        4542
  aria_256_ctr_get_params                                        4542
  ossl_ctx_global_properties_new                                 4542
  ENGINE_set_finish_function                                     4583
  aria_192_cfb1_get_params                                       4583
  aria_192_cfb8_get_params                                       4583
  aria_192_gcm_get_params                                        4583
  aria_256_cfb8_get_params                                       4583
  sm4_128_cbc_get_params                                         4583
  aes_256_cfb8_get_params                                        4584
  aria_192_ecb_get_params                                        4584
  def_is_number                                                  4584
  ossl_method_lock_store                                         4584
  ERR_print_errors                                               4625
  EVP_aes_256_cbc_hmac_sha1                                      4625
  aes_128_cfb1_get_params                                        4625
  aes_128_cfb8_get_params                                        4625
  aes_192_gcm_get_params                                         4625
  aria_128_ccm_get_params                                        4625
  aria_128_ecb_get_params                                        4625
  aria_192_cbc_get_params                                        4625
  aria_192_cfb_get_params                                        4625
  aria_256_ofb_get_params                                        4625
  tiny_free_no_lock                                              4625
  aes_192_wrap_get_params                                        4666
  aes_256_ofb_get_params                                         4666
  aria_128_cfb1_get_params                                       4666
  aria_128_gcm_get_params                                        4666
  BIO_meth_set_write_ex                                          4667
  aes_128_ccm_get_params                                         4667
  aes_192_ccm_get_params                                         4667
  aes_192_ocb_get_params                                         4667
  aes_256_cfb_get_params                                         4667
  aria_128_ofb_get_params                                        4667
  aria_256_cfb1_get_params                                       4667
  ossl_provider_add_conf_module                                  4667
  tdes_ede2_ecb_get_params                                       4667
  tdes_wrap_get_params                                           4667
  aes_128_ocb_get_params                                         4708
  aes_256_cfb1_get_params                                        4708
  aria_128_ctr_get_params                                        4708
  OSSL_STORE_unregister_loader                                   4709
  aria_256_cbc_get_params                                        4709
  EVP_aes_256_cbc_hmac_sha256                                    4750
  OSSL_STORE_LOADER_set_error                                    4750
  aes_128_gcm_get_params                                         4750
  aes_128_xts_get_params                                         4750
  aes_256_gcm_get_params                                         4750
  aes_256_wrap_get_params                                        4750
  aria_192_ctr_get_params                                        4750
  aria_192_ofb_get_params                                        4750
  tdes_ede2_cbc_get_params                                       4750
  aes_256_ccm_get_params                                         4791
  aes_256_ocb_get_params                                         4791
  OSSL_STORE_LOADER_set_close                                    4792
  OSSL_STORE_LOADER_set_load                                     4792
  UI_method_set_prompt_constructor                               4792
  ossl_prov_ctx_set0_core_bio_method                             4792
  sm4_128_xts_get_params                                         4792
  tdes_ede3_cbc_get_params                                       4792
  ENGINE_load_builtin_engines                                    4833
  OSSL_CMP_log_close                                             4833
  aes_256_ecb_get_params                                         4833
  sm4_128_ecb_get_params                                         4833
  sm4_128_gcm_get_params                                         4833
  tdes_ede3_ofb_get_params                                       4833
  aes_192_wrapinv_get_params                                     4834
  aes_cts_192_cbc_get_params                                     4834
  engine_pkey_meths_free                                         4834
  aes_192_wrappad_get_params                                     4875
  aes_256_wrappad_get_params                                     4875
  aes_cts_128_cbc_get_params                                     4875
  camellia_192_ecb_get_params                                    4875
  ossl_prov_cipher_hw_aes_ctr                                    4875
  tdes_ede2_cfb_get_params                                       4875
  tdes_ede3_cfb8_get_params                                      4875
  EVP_aes_128_cbc_hmac_sha1                                      4916
  ossl_bio_core_globals_free                                     4916
  ossl_rand_cleanup_int                                          4916
  aes_128_wrappad_get_params                                     4917
  aes_256_wrapinv_get_params                                     4917
  aes_256_xts_get_params                                         4917
  aria_128_cbc_get_params                                        4917
  aes_192_cfb8_get_params                                        4958
  camellia_128_ctr_get_params                                    4958
  camellia_256_cfb_get_params                                    4958
  pthread_cond_destroy                                           4958
  tdes_ede2_ofb_get_params                                       4958
  BIO_free                                                       5000
  OSSL_STORE_LOADER_set_expect                                   5000
  OSSL_STORE_LOADER_set_open                                     5000
  aes_128_wrapinv_get_params                                     5000
  aes_cts_256_cbc_get_params                                     5000
  sm4_128_cfb128_get_params                                      5000
  sm4_128_ofb128_get_params                                      5000
  aria_192_ccm_get_params                                        5042
  ossl_indicator_set_callback_free                               5042
  ossl_indicator_set_callback_new                                5042
  tdes_ede3_cfb_get_params                                       5042
  aes_128_siv_get_params                                         5083
  aes_128_wrappadinv_get_params                                  5083
  camellia_128_ecb_get_params                                    5083
  ossl_random_add_conf_module                                    5083
  aria_256_ccm_get_params                                        5084
  aria_256_ecb_get_params                                        5084
  aria_256_gcm_get_params                                        5084
  camellia_128_cbc_get_params                                    5084
  Diagnostics::clearError()                                      5125
  OSSL_STORE_LOADER_free                                         5125
  camellia_192_cfb_get_params                                    5125
  tdes_ede3_cfb1_get_params                                      5125
  aes_128_wrap_get_params                                        5166
  aes_v8_ctr32_encrypt_blocks                                    5166
  ossl_free_compression_methods_int                              5166
  OSSL_trace_set_channel                                         5167
  aes_256_wrappadinv_get_params                                  5167
  camellia_128_cfb_get_params                                    5167
  camellia_192_cbc_get_params                                    5167
  __fcntl                                                        5208
  aes_192_wrappadinv_get_params                                  5208
  camellia_128_cfb1_get_params                                   5208
  EVP_CIPHER_get_key_length                                      5250
  ossl_self_test_set_callback_free                               5250
  sm4_128_ccm_get_params                                         5250
  EVP_aes_128_cbc_hmac_sha256                                    5291
  medium_region_for_ptr_no_lock                                  5291
  ossl_self_test_set_callback_new                                5291
  camellia_128_cfb8_get_params                                   5333
  camellia_192_cfb1_get_params                                   5333
  camellia_256_ecb_get_params                                    5333
  camellia_256_ofb_get_params                                    5333
  camellia_256_cbc_get_params                                    5334
  camellia_192_ofb_get_params                                    5375
  camellia_256_cfb1_get_params                                   5375
  camellia_256_ctr_get_params                                    5375
  camellia_cts_192_cbc_get_params                                5375
  ENGINE_get_cipher_engine                                       5417
  camellia_128_ofb_get_params                                    5417
  engine_remove_dynamic_id                                       5417
  getegid                                                        5417
  memset                                                         5417
  ossl_store_register_init                                       5417
  camellia_192_ctr_get_params                                    5458
  chacha20_poly1305_get_params                                   5458
  ossl_prov_ctx_get0_core_bio_method                             5458
  tdes_ede3_ecb_get_params                                       5458
  camellia_256_cfb8_get_params                                   5541
  engine_pkey_asn1_meths_free                                    5541
  ossl_aes_192_gcm_siv_get_params                                5541
  OSSL_PARAM_get_int                                             5542
  ossl_property_match_count                                      5542
  ossl_provider_unquery_operation                                5542
  OPENSSL_sk_sort                                                5583
  chacha20_poly1305_gettable_ctx_params                          5583
  ossl_aes_256_gcm_siv_get_params                                5583
  ossl_init_thread_deregister                                    5583
  geteuid                                                        5667
  OSSL_LIB_CTX_set_conf_diagnostics                              5708
  camellia_192_cfb8_get_params                                   5708
  medium_malloc_from_free_list                                   5750
  ossl_aes_128_gcm_siv_get_params                                5750
  ossl_property_has_optional                                     5750
  getuid                                                         5791
  camellia_cts_256_cbc_get_params                                5833
  EVP_CIPHER_CTX_get_block_size                                  5875
  app_get0_libctx                                                5917
  opt_arg                                                        6001
  camellia_cts_128_cbc_get_params                                6083
  BIO_set_data                                                   6126
  getgid                                                         6208
  ossl_prov_seeding_from_dispatch                                6208
  ossl_prov_bio_from_dispatch                                    6209
  EVP_CIPHER_get_mode                                            6292
  EVP_RAND_CTX_free                                              6542
  OSSL_PARAM_get_int32                                           6543
  lsl::Lock::lock()                                              6709
  dyld3::kdebug_trace_dyld_enabled(unsigned int)                 6792
  dyld4::RuntimeState::notifyObjCPatching()                      7042
  dyld4::BumpAllocator::~BumpAllocator()                         7083
  BIO_next                                                       7208
  dyld4::Loader::hiddenFromFlat(bool) const                      7250
  _platform_strnlen                                              7334
  EVP_CipherInit_ex                                              7376
  _kernelrpc_mach_port_deallocate_trap                           7542
  ENGINE_register_EC                                             7583
  dyld4::handleFromLoader(dyld4::Loader const*, bool)             7625
  ENGINE_register_DH                                             7833
  store_loader_hash                                              7875
  bio_open_default                                               7958
  openssl_fopen                                                  7958
  _kernelrpc_mach_port_construct_trap                            7959
  ENGINE_register_DSA                                            8041
  OPENSSL_sk_pop                                                 8083
  ENGINE_register_RSA                                            8166
  X509_get_default_cert_area                                     8166
  BIO_copy_next_retry                                            8167
  file_ctrl                                                      8167
  ENGINE_register_RAND                                           8250
  err_unshelve_state                                             8250
  flsl                                                           8251
  dyld4::JustInTimeLoader::hiddenFromFlat(bool) const             8291
  lsl::EphemeralAllocator::reset()                               8333
  ossl_lib_ctx_get_concrete                                      8459
  __sclose                                                       8582
  dyld4::Loader::beginInitializers(dyld4::RuntimeState&)             8750
  strlen                                                         8875
  ossl_sa_new                                                    8960
  __sflags                                                       9042
  ENGINE_register_digests                                        9083
  BIO_set_init                                                   9124
  ENGINE_register_ciphers                                        9333
  tiny_try_realloc_in_place                                      9334
  free_small                                                     9376
  BIO_set_flags                                                  9417
  ENGINE_register_pkey_meths                                     9417
  lsl::Vector<dyld4::Loader const*>::reserveExact(unsigned long)             9500
  ossl_cipher_generic_einit                                      9541
  dyld4::RuntimeState::incDlRefCount(dyld4::Loader const*)             9584
  ossl_property_free                                             9792
  DSO_METHOD_openssl                                             9958
  OSSL_LIB_CTX_get_conf_diagnostics                             10207
  dyld4::JustInTimeLoader::beginInitializers(dyld4::RuntimeState&)            10292
  ossl_cipher_generic_set_ctx_params                            10292
  lsl::Vector<lsl::MemoryManager::Buffer>::reserve(unsigned long)            10334
  CRYPTO_atomic_or                                              10416
  deflt_query                                                   10833
  ENGINE_register_pkey_asn1_meths                               10917
  ossl_lib_ctx_get_ex_data_global                               11125
  tiny_malloc_from_free_list                                    11292
  NCONF_get_section                                             11332
  engine_free_util                                              11833
  ossl_lib_ctx_get_rcukey                                       11833
  OPENSSL_cleanse                                               11916
  ossl_sa_doall_arg                                             11959
  aes_siv_gettable_ctx_params                                   12207
  __bzero                                                       12250
  ossl_property_value                                           12374
  dyld4::RuntimeState::doSingletonPatching(dyld4::DyldCacheDataConstLazyScopedWriter&)            12708
  EVP_add_cipher                                                12709
  ossl_cipher_capable_aes_cbc_hmac_sha1                         12750
  ossl_cipher_capable_aes_cbc_hmac_sha256                       12793
  fstat                                                         12958
  _kernelrpc_mach_vm_deallocate_trap                            13458
  cipher_ocb_gettable_ctx_params                                13499
  aes_cbc_cts_gettable_ctx_params                               13584
  BIO_clear_flags                                               14334
  dyld4::Loader::loadDependents(Diagnostics&, dyld4::RuntimeState&, dyld4::Loader::LoadOptions const&)            14541
  dyld4::DyldCacheDataConstLazyScopedWriter::DyldCacheDataConstLazyScopedWriter(dyld4::RuntimeState&)            14750
  dyld4::Loader::path() const                                   14792
  _NSGetEnviron                                                 14916
  lsl::EphemeralAllocator::~EphemeralAllocator()                15042
  sa_doall                                                      15125
  ossl_aes_gcm_siv_gettable_ctx_params                          15292
  CRYPTO_atomic_add                                             15374
  BIO_get_data                                                  15500
  small_free_list_find_by_ptr                                   15500
  DSO_free                                                      15751
  dyld4::JustInTimeLoader::loadDependents(Diagnostics&, dyld4::RuntimeState&, dyld4::Loader::LoadOptions const&)            15833
  camellia_cbc_cts_gettable_ctx_params                          16042
  dyld3::MachOFile::is64() const                                16291
  file_new                                                      16832
  file_free                                                     16833
  ossl_prov_is_running                                          17249
  _kernelrpc_mach_port_destruct_trap                            17375
  os_unfair_recursive_lock_unlock                               17458
  pthread_mutex_destroy                                         17626
  CRYPTO_THREAD_lock_free                                       17916
  FMT_istext                                                    17958
  __sflush                                                      18166
  invocation function for block in dyld4::Loader::forEachPath(Diagnostics&, dyld4::RuntimeState&, char const*, dyld4::Loader::Loa            18292
  BIO_new                                                       18456
  OPENSSL_LH_get_down_load                                      18750
  dyld4::JustInTimeLoader::path() const                         18750
  kdebug_is_enabled                                             19082
  small_try_realloc_in_place                                    19876
  pthread_cond_init                                             20041
  small_free_list_remove_ptr                                    20082
  property_free                                                 20542
  os_unfair_recursive_lock_lock_with_options                    20916
  __chkstk_darwin_probe                                         21791
  small_size                                                    21791
  dyld4::LibSystemHelpers::pthread_getspecific(unsigned long) const            21792
  lsl::EphemeralAllocator::deallocate_buffer(lsl::MemoryManager::Buffer)            21959
  rack_region_insert                                            22290
  ___chkstk_darwin                                              22500
  os_unfair_lock_assert_not_owner                               22541
  dyld4::Loader::matchesPath(char const*) const                 22625
  dyld4::ProcessConfig::DyldCache::indexOfPath(char const*, unsigned int&) const            23167
  small_free_list_remove_ptr_no_clear                           24210
  mach_msg2_trap                                                24250
  pthread_mutex_init                                            25167
  __findenv_locked                                              25665
  __open                                                        25833
  dyld4::Loader::loadAddress(dyld4::RuntimeState&) const            26292
  ossl_property_name                                            26415
  dyld3::ScopedTimer::endTimer()                                27624
  OPENSSL_strnlen                                               28041
  lsl::MemoryManager::lockGuard()                               28500
  dyld4::JustInTimeLoader::loadAddress(dyld4::RuntimeState&) const            29332
  OPENSSL_sk_delete                                             30668
  tiny_free_list_remove_ptr                                     33625
  _pthread_mutex_check_init_slow                                34541
  lsl::AllocationMetadata::AllocationMetadata(lsl::Allocator*, unsigned long)            34583
  OPENSSL_LH_set_down_load                                      35457
  CRYPTO_new_ex_data                                            35540
  _tiny_check_and_zero_inline_meta_from_freelist                37084
  szone_good_size                                               38165
  OPENSSL_sk_free                                               40541
  dyld4::LibSystemHelpers::os_unfair_recursive_lock_unlock(os_unfair_recursive_lock_s*) const            40584
  _kernelrpc_mach_vm_map_trap                                   40667
  Diagnostics::hasError() const                                 40874
  small_free_list_add_ptr                                       41331
  __read_nocancel                                               42041
  dyld4::LibSystemHelpers::os_unfair_lock_unlock(os_unfair_lock_s*) const            42460
  EVP_PKEY_asn1_get0                                            42750
  ossl_rcu_write_lock                                           43499
  Diagnostics::noError() const                                  45083
  madvise                                                       45582
  ossl_rcu_write_unlock                                         45876
  ossl_tdes_gettable_ctx_params                                 47127
  pthread_setspecific                                           48374
  small_malloc_from_free_list                                   49917
  dyld3::MachOFile::read_uleb128(Diagnostics&, unsigned char const*&, unsigned char const*)            51001
  dyld4::RuntimeState::PermanentRanges::contains(unsigned long, unsigned long, unsigned char*, dyld4::Loader const**) const            52084
  EVP_PKEY_asn1_get0_info                                       53917
  dyld4::LibSystemHelpers::os_unfair_recursive_lock_lock_with_options(os_unfair_recursive_lock_s*, os_unfair_lock_options_t) cons            53959
  szone_malloc                                                  55835
  get_tiny_previous_free_msize                                  56834
  pthread_cond_broadcast                                        57750
  tiny_size                                                     57830
  __write_nocancel                                              57959
  realloc                                                       60912
  tiny_free_list_add_ptr                                        61250
  dyld4::LibSystemHelpers::os_unfair_lock_lock_with_options(os_unfair_lock_s*, os_unfair_lock_options_t) const            61667
  set_tiny_meta_header_in_use                                   63626
  _qsort                                                        65041
  os_unfair_lock_assert_owner                                   65209
  lsl::EphemeralAllocator::allocate_buffer(unsigned long, unsigned long, unsigned long)            66543
  OPENSSL_sk_pop_free                                           70832
  ossl_cipher_aead_gettable_ctx_params                          70999
  strcmp                                                        71331
  _szone_free                                                   73462
  __close_nocancel                                              75625
  szone_try_free_default                                        78666
  dyld3::kdebug_trace_dyld_duration_end(unsigned long long, unsigned int, dyld3::kt_arg, dyld3::kt_arg, dyld3::kt_arg)            83459
  property_hash                                                 85086
  rack_get_thread_index                                         85586
  invocation function for block in dyld3::MachOFile::getDylibInstallName(char const**, unsigned int*, unsigned int*) const            85666
  EVP_CIPHER_get_type                                           90499
  dyld3::OverflowSafeArray<unsigned int, 4294967295ul>::verifySpace(unsigned long)            92001
  dyld4::Loader::contains(dyld4::RuntimeState&, void const*, void const**, unsigned long long*, unsigned char*) const            96916
  pthread_cond_signal                                          105667
  nanov2_size                                                  112460
  pthread_rwlock_init                                          114206
  Diagnostics::assertNoError() const                           116419
  pthread_rwlock_destroy                                       123960
  os_unfair_lock_unlock                                        128835
  Diagnostics::~Diagnostics()                                  142042
  __open_nocancel                                              143583
  Diagnostics::Diagnostics(bool)                               152296
  get_legacy_evp_names                                         160374
  ossl_ctype_check                                             169127
  os_unfair_lock_lock_with_options                             173374
  invocation function for block in dyld3::MachOFile::getEntry(unsigned long long&, bool&) const           188003
  EVP_MD_get_type                                              194585
  nanov2_pointer_size                                          194880
  free                                                         205710
  _Block_object_dispose                                        213499
  OPENSSL_hexchar2int                                          240414
  nanov2_allocate_from_block                                   254295
  ossl_sa_set                                                  256417
  trim_ws                                                      272997
  strncmp                                                      275045
  invocation function for block in dyld4::JustInTimeLoader::contains(dyld4::RuntimeState&, void const*, void const**, unsigned lo           301083
  BUF_MEM_new                                                  303249
  names_free                                                   312918
  OBJ_get0_data                                                331574
  OPENSSL_LH_doall                                             338669
  OPENSSL_LH_flush                                             339832
  OSSL_PARAM_set_uint                                          341959
  ossl_provider_ctx                                            347130
  EVP_CIPHER_get_nid                                           368706
  conf_value_cmp                                               376086
  ossl_lib_ctx_unlock                                          379412
  OSSL_PARAM_locate_const                                      401292
  invocation function for block in dyld3::MachOLoaded::findClosestSymbol(unsigned long long, char const**, unsigned long long*) c           414501
  ossl_lib_ctx_read_lock                                       426958
  OPENSSL_LH_set_thunks                                        434368
  property_defn_cmp                                            447792
  ossl_cipher_generic_gettable_ctx_params                      448416
  evp_cipher_up_ref                                            464788
  property_defn_hash                                           469162
  value_free_hash                                              472954
  function_hash                                                474215
  BN_free                                                      480200
  ossl_provider_free                                           485751
  CRYPTO_realloc                                               490591
  ossl_provider_up_ref                                         492997
  ASN1_OBJECT_free                                             505589
  eat_alpha_numeric                                            505836
  OSSL_PARAM_set_uint32                                        507168
  ossl_sa_get                                                  519374
  sa_free_node                                                 547535
  OSSL_PARAM_construct_end                                     557042
  EVP_CIPHER_get0_provider                                     561288
  OSSL_PARAM_construct_uint                                    569834
  evp_cipher_free                                              585414
  do_all_fn                                                    586208
  EVP_CIPHER_free                                              647918
  ossl_provider_libctx                                         805879
  invocation function for block in dyld3::MachOLoaded::getLinkEditLoadCommands(Diagnostics&, dyld3::MachOLoaded::LinkEditInfo&) c           846291
  _platform_strncmp                                            868042
  internal_free_nop                                            876296
  name_string_free                                             896546
  OPENSSL_LH_error                                             924379
  invocation function for block in dyld3::MachOFile::forEachSegment(void (dyld3::MachOFile::SegmentInfo const&, bool&) block_poin          1114750
  BUF_MEM_grow                                                1116744
  OSSL_PARAM_set_size_t                                       1137157
  sk_reserve                                                  1160952
  pthread_getspecific                                         1172920
  _os_once                                                    1234549
  CRYPTO_THREAD_get_local                                     1299703
  _platform_memchr                                            1336535
  ossl_rcu_assign_uptr                                        1423210
  names_lh_free_doall                                         1530958
  OSSL_PARAM_set_uint64                                       1536161
  ossl_lib_ctx_get_data                                       1622535
  OSSL_PARAM_set_int                                          1628704
  pthread_mutex_lock                                          1717133
  _platform_strchr                                            1737166
  OSSL_PARAM_construct_size_t                                 1828542
  pthread_mutex_unlock                                        1829852
  _nanov2_free                                                1933121
  _pthread_mutex_lock_init_slow                               1975092
  OPENSSL_sk_push                                             1982071
  OPENSSL_sk_num                                              2013710
  _pthread_mutex_unlock_init_slow                             2096137
  _pthread_mutex_firstfit_lock_slow                           2200514
  _pthread_mutex_firstfit_unlock_slow                         2292263
  OPENSSL_sk_value                                            2324696
  OSSL_PARAM_set_int32                                        2479533
  obj_name_cmp                                                2508741
  OPENSSL_LH_strhash                                          2704611
  _platform_memcmp                                            2768473
  OSSL_PARAM_construct_int                                    2785292
  pthread_once                                                3051456
  OBJ_nid2obj                                                 3148494
  CRYPTO_atomic_load                                          3308085
  pthread_rwlock_rdlock                                       3343629
  SortFnByName                                                3445375
  ossl_lh_strcasehash                                         3705913
  __error                                                     3713489
  ossl_isdigit                                                3995563
  cipher_compare                                              4006283
  fnv1a_hash                                                  4436837
  _platform_memmove                                           6494616
  pthread_rwlock_wrlock                                       6699610
  pthread_rwlock_unlock                                       9995884
  err_string_data_cmp                                        10822895
  CRYPTO_free                                                12342912
  malloc                                                     13370453
  doapr_outch                                                15162089
  err_string_data_hash                                       16526262
  nanov2_malloc                                              18548455
  _platform_strlen                                           23155724
  _platform_memset                                           25883652
  nanov2_try_free_default                                    26399966
  _platform_strcmp                                           28202432
  ossl_tolower                                               60382089
