
  sigaction                                                      1667
  EVP_md5                                                        1792
  pd_free                                                        1875
  EVP_sha384                                                     1959
  EVP_bf_cbc                                                     2000
  EVP_sha1                                                       2000
  EVP_sha224                                                     2000
  UI_OpenSSL                                                     2000
  EVP_rc2_ofb                                                    2041
  EVP_bf_ofb                                                     2042
  EVP_des_cbc                                                    2083
  EVP_idea_cbc                                                   2083
  EVP_rc4_40                                                     2083
  EVP_sm4_cbc                                                    2083
  EVP_des_ofb                                                    2125
  EVP_seed_cbc                                                   2125
  _cleanup                                                       2125
  EVP_rc2_cbc                                                    2166
  EVP_des_ecb                                                    2167
  EVP_des_ede                                                    2167
  EVP_idea_ofb                                                   2167
  EVP_md4                                                        2167
  EVP_sha512                                                     2208
  EVP_shake256                                                   2208
  EVP_sm3                                                        2208
  EVP_des_cfb8                                                   2209
  EVP_sm4_ecb                                                    2209
  EVP_cast5_ofb                                                  2250
  EVP_mdc2                                                       2250
  EVP_seed_ofb                                                   2250
  EVP_sha3_224                                                   2250
  EVP_sm4_ofb                                                    2250
  app_get0_propq                                                 2250
  EVP_des_ede3                                                   2291
  EVP_rc4                                                        2291
  opt_unknown                                                    2291
  EVP_rc2_64_cbc                                                 2292
  UI_null                                                        2292
  strchr                                                         2292
  EVP_sha3_512                                                   2333
  EVP_sm4_ctr                                                    2334
  EVP_des_cfb1                                                   2375
  EVP_sha3_384                                                   2375
  EVP_shake128                                                   2375
  EVP_bf_ecb                                                     2417
  EVP_md5_sha1                                                   2417
  EVP_sha512_256                                                 2417
  EVP_rc2_cfb64                                                  2459
  EVP_sha3_256                                                   2459
  EVP_aes_192_cbc                                                2500
  EVP_aes_192_gcm                                                2500
  EVP_ripemd160                                                  2500
  EVP_aes_128_ccm                                                2541
  EVP_aes_192_ofb                                                2541
  EVP_blake2s256                                                 2541
  EVP_MD_free                                                    2542
  EVP_aes_192_ccm                                                2542
  EVP_aes_256_cbc                                                2542
  EVP_aes_256_ccm                                                2542
  EVP_aes_256_ctr                                                2542
  EVP_aes_256_gcm                                                2542
  EVP_bf_cfb64                                                   2542
  EVP_cast5_ecb                                                  2542
  EVP_chacha20                                                   2542
  EVP_seed_ecb                                                   2542
  vm_deallocate                                                  2542
  EVP_aes_128_cbc                                                2583
  EVP_aes_192_ocb                                                2583
  EVP_aes_256_ofb                                                2583
  EVP_aes_256_xts                                                2583
  EVP_cast5_cbc                                                  2583
  EVP_des_ede_cbc                                                2583
  EVP_desx_cbc                                                   2583
  opt_next                                                       2583
  EVP_idea_ecb                                                   2584
  EVP_aes_128_ofb                                                2625
  EVP_aes_192_ecb                                                2625
  EVP_aria_256_ofb                                               2625
  EVP_des_ede_ofb                                                2625
  EVP_rc4_hmac_md5                                               2625
  EVP_whirlpool                                                  2625
  lh_FUNCTION_free                                               2625
  release_engine                                                 2625
  EVP_aes_128_ctr                                                2666
  EVP_aria_192_ctr                                               2666
  COMP_get_type                                                  2667
  EVP_aes_192_cfb8                                               2667
  EVP_aes_256_cfb1                                               2667
  EVP_aes_256_cfb8                                               2667
  EVP_aes_256_ocb                                                2667
  EVP_aria_128_ecb                                               2667
  EVP_aria_192_ofb                                               2667
  EVP_aria_256_cfb1                                              2667
  EVP_des_ede3_cbc                                               2667
  ossl_trace_cleanup                                             2667
  EVP_aes_128_xts                                                2708
  EVP_aes_256_wrap                                               2708
  EVP_aria_192_cbc                                               2708
  EVP_aria_192_gcm                                               2708
  EVP_aria_256_ctr                                               2708
  EVP_aria_256_ecb                                               2708
  EVP_aria_256_gcm                                               2708
  EVP_blake2b512                                                 2708
  EVP_rc2_ecb                                                    2708
  EVP_sha512_224                                                 2708
  EVP_sm4_cfb128                                                 2709
  ENGINE_set_id                                                  2750
  ENGINE_set_name                                                2750
  EVP_aes_128_cfb1                                               2750
  EVP_aes_128_wrap                                               2750
  EVP_aes_192_ctr                                                2750
  EVP_aria_128_cbc                                               2750
  EVP_aria_192_ccm                                               2750
  EVP_aria_256_ccm                                               2750
  EVP_seed_cfb128                                                2750
  EVP_aria_128_ctr                                               2791
  EVP_aria_256_cbc                                               2792
  EVP_idea_cfb64                                                 2792
  query_hash                                                     2792
  EVP_aes_256_ecb                                                2833
  EVP_aria_128_cfb8                                              2833
  EVP_aria_128_ofb                                               2833
  EVP_des_ede3_cfb8                                              2833
  NCONF_default                                                  2833
  getrlimit                                                      2833
  OBJ_obj2txt                                                    2834
  EVP_aes_128_gcm                                                2875
  EVP_aes_192_cfb1                                               2875
  EVP_aes_192_cfb128                                             2875
  EVP_cast5_cfb64                                                2875
  EVP_des_ede3_cfb1                                              2875
  EVP_des_ede3_ofb                                               2875
  EVP_rc2_40_cbc                                                 2875
  strrchr                                                        2875
  EVP_aria_192_cfb8                                              2916
  def_to_int                                                     2916
  BIO_f_cipher                                                   2917
  EVP_aes_192_wrap                                               2917
  EVP_des_ede3_wrap                                              2917
  def_init_default                                               2917
  EVP_aria_256_cfb128                                            2958
  EVP_aes_128_cfb128                                             3000
  EVP_aes_128_cfb8                                               3000
  EVP_aes_256_cfb128                                             3000
  EVP_aria_128_cfb1                                              3000
  EVP_aria_128_cfb128                                            3000
  signal                                                         3000
  EVP_aria_128_gcm                                               3042
  EVP_aria_192_ecb                                               3042
  EVP_aria_256_cfb8                                              3042
  property_cmp                                                   3042
  EVP_aria_192_cfb128                                            3084
  EVP_des_cfb64                                                  3084
  function_cmp                                                   3125
  EVP_camellia_128_ctr                                           3166
  EVP_camellia_192_cbc                                           3166
  EVP_camellia_192_ctr                                           3166
  EVP_aes_128_ocb                                                3167
  EVP_aria_192_cfb1                                              3167
  EVP_CIPHER_get_flags                                           3208
  EVP_aes_192_wrap_pad                                           3208
  EVP_aria_128_ccm                                               3208
  ossl_comp_zstd_cleanup                                         3208
  ossl_store_cleanup_int                                         3208
  EVP_camellia_192_ofb                                           3209
  EVP_des_ede3_cfb64                                             3209
  EVP_des_ede_cfb64                                              3209
  __cxa_finalize                                                 3209
  EVP_add_alg_module                                             3250
  EVP_aes_128_ecb                                                3250
  EVP_camellia_256_cfb1                                          3250
  OSSL_LIB_CTX_get_data                                          3250
  UI_method_set_writer                                           3250
  EVP_aes_128_wrap_pad                                           3291
  EVP_camellia_192_cfb8                                          3292
  EVP_camellia_256_cfb8                                          3292
  EVP_camellia_256_ofb                                           3292
  EVP_camellia_128_cbc                                           3333
  EVP_camellia_128_cfb8                                          3333
  UI_method_set_closer                                           3333
  UI_method_set_reader                                           3333
  EVP_camellia_256_cbc                                           3334
  OSSL_PARAM_modified                                            3334
  EVP_aes_256_wrap_pad                                           3375
  EVP_camellia_128_ofb                                           3375
  EVP_camellia_192_ecb                                           3375
  EVP_camellia_256_ctr                                           3375
  opt_set_unknown_name                                           3375
  EVP_chacha20_poly1305                                          3417
  ENGINE_set_flags                                               3458
  EVP_camellia_128_cfb1                                          3458
  UI_method_set_opener                                           3458
  ossl_comp_zlib_cleanup                                         3458
  ossl_prov_ctx_free                                             3459
  COMP_zlib                                                      3500
  EVP_camellia_192_cfb1                                          3500
  EVP_camellia_256_ecb                                           3500
  bio_sock_cleanup_int                                           3500
  init_thread_stop                                               3500
  app_RAND_write                                                 3541
  OSSL_STORE_register_loader                                     3542
  ossl_comp_brotli_cleanup                                       3542
  ASN1_add_stable_module                                         3583
  ASN1_add_oid_module                                            3584
  engine_load_rdrand_int                                         3584
  store_loader_cmp                                               3584
  EVP_camellia_128_cfb128                                        3625
  EVP_camellia_128_ecb                                           3666
  free_medium                                                    3666
  EVP_camellia_256_cfb128                                        3667
  EVP_camellia_192_cfb128                                        3708
  __smakebuf                                                     3708
  BIO_meth_set_puts                                              3709
  BIO_meth_set_ctrl                                              3750
  NCONF_get0_libctx                                              3750
  __getrlimit                                                    3750
  evp_app_cleanup_int                                            3750
  ossl_prov_ctx_new                                              3791
  EVP_CipherFinal_ex                                             3792
  EVP_CipherUpdate                                               3792
  BIO_meth_set_gets                                              3833
  ossl_prov_ctx_set0_handle                                      3833
  tiny_free_no_lock                                              3833
  BIO_meth_set_create                                            3834
  OSSL_LIB_CTX_free                                              3875
  ENGINE_set_cmd_defns                                           3917
  core_get_libctx                                                3917
  dyld4::APIs::_tlv_exit()                                       3917
  opt_check_rest_arg                                             3917
  ERR_print_errors                                               3958
  ossl_prov_ctx_set0_libctx                                      3958
  EVP_CIPHER_fetch                                               3959
  ossl_child_prov_ctx_new                                        3959
  BIO_meth_set_destroy                                           4000
  ENGINE_add_conf_module                                         4000
  ERR_get_error_all                                              4000
  ossl_stored_namemap_free                                       4041
  aes_v8_set_encrypt_key                                         4125
  EVP_PKEY_asn1_get_count                                        4167
  ossl_bio_core_globals_new                                      4167
  ossl_lib_ctx_write_lock                                        4167
  ossl_method_unlock_store                                       4167
  CRYPTO_THREAD_get_current_id                                   4250
  EVP_CIPHER_get_iv_length                                       4250
  null_gettable_ctx_params                                       4250
  ossl_config_add_ssl_module                                     4250
  ossl_prov_ctx_get0_libctx                                      4292
  CONF_imodule_get_value                                         4333
  OSSL_CMP_log_close                                             4333
  chacha20_get_params                                            4333
  ENGINE_set_ctrl_function                                       4375
  sm4_128_cbc_get_params                                         4375
  sm4_128_ctr_get_params                                         4375
  EVP_aes_256_cbc_hmac_sha1                                      4417
  aes_192_cbc_get_params                                         4417
  ossl_cipher_generic_reset_ctx                                  4417
  aes_128_cfb_get_params                                         4458
  chacha20_gettable_ctx_params                                   4458
  ossl_method_lock_store                                         4458
  ENGINE_set_init_function                                       4500
  OSSL_ERR_STATE_new                                             4500
  aes_128_gcm_get_params                                         4500
  aes_128_xts_get_params                                         4500
  aes_192_ecb_get_params                                         4500
  aes_256_siv_get_params                                         4500
  aria_192_ctr_get_params                                        4500
  ossl_bio_core_globals_free                                     4500
  lsl::Lock::unlock()                                            4541
  OSSL_STORE_LOADER_set_eof                                      4542
  OSSL_trace_set_channel                                         4542
  __sigaction                                                    4542
  aes_128_ofb_get_params                                         4542
  aes_256_ctr_get_params                                         4542
  aes_v8_ctr32_encrypt_blocks                                    4542
  aria_128_ecb_get_params                                        4542
  ossl_ctx_global_properties_new                                 4542
  BIO_meth_set_write_ex                                          4583
  aes_192_ctr_get_params                                         4583
  aes_192_siv_get_params                                         4583
  aes_256_gcm_get_params                                         4583
  aria_192_cfb8_get_params                                       4583
  ossl_random_add_conf_module                                    4583
  OSSL_STORE_unregister_loader                                   4584
  aes_128_ctr_get_params                                         4584
  aes_256_ccm_get_params                                         4584
  aria_192_ecb_get_params                                        4584
  tiny_try_realloc_in_place                                      4584
  OPENSSL_cpuid_setup                                            4625
  aes_128_cbc_get_params                                         4625
  aes_128_ocb_get_params                                         4625
  aria_128_cfb1_get_params                                       4625
  aria_192_cbc_get_params                                        4625
  aria_256_ctr_get_params                                        4625
  aria_256_ofb_get_params                                        4625
  ossl_rand_cleanup_int                                          4625
  tdes_ede2_ecb_get_params                                       4625
  ENGINE_set_finish_function                                     4666
  EVP_sha256                                                     4666
  aria_192_cfb1_get_params                                       4666
  aria_256_cfb_get_params                                        4666
  aes_192_cfb1_get_params                                        4667
  aes_192_cfb8_get_params                                        4667
  aes_192_wrap_get_params                                        4667
  aes_256_cfb8_get_params                                        4667
  aria_256_cbc_get_params                                        4667
  ossl_lib_ctx_is_default                                        4667
  sm4_128_gcm_get_params                                         4667
  UI_method_set_prompt_constructor                               4708
  aes_128_cfb1_get_params                                        4708
  aria_128_cfb8_get_params                                       4709
  aria_192_ofb_get_params                                        4709
  ossl_prov_cipher_hw_aes_ctr                                    4709
  sm4_128_xts_get_params                                         4709
  def_is_number                                                  4749
  BIO_meth_set_read_ex                                           4750
  OSSL_STORE_LOADER_set_error                                    4750
  aes_192_cfb_get_params                                         4750
  aes_256_cfb1_get_params                                        4750
  aes_256_cfb_get_params                                         4750
  aria_256_cfb1_get_params                                       4750
  aria_256_cfb8_get_params                                       4750
  sm4_128_cfb128_get_params                                      4750
  tdes_ede2_cbc_get_params                                       4750
  tdes_ede2_ofb_get_params                                       4750
  BIO_free                                                       4791
  aes_192_ccm_get_params                                         4791
  aes_256_ecb_get_params                                         4791
  aes_256_wrapinv_get_params                                     4791
  aria_128_ctr_get_params                                        4791
  tdes_ede3_cfb8_get_params                                      4791
  EVP_aes_256_cbc_hmac_sha256                                    4792
  OSSL_STORE_LOADER_set_close                                    4792
  aes_192_ocb_get_params                                         4792
  aes_256_cbc_get_params                                         4792
  aes_cts_192_cbc_get_params                                     4792
  aria_128_gcm_get_params                                        4792
  camellia_128_cbc_get_params                                    4792
  engine_pkey_meths_free                                         4792
  ossl_provider_add_conf_module                                  4792
  tdes_ede3_cfb_get_params                                       4792
  tdes_wrap_get_params                                           4792
  ENGINE_load_builtin_engines                                    4833
  OSSL_STORE_LOADER_set_load                                     4833
  aes_128_cfb8_get_params                                        4833
  aes_256_wrap_get_params                                        4833
  pthread_cond_destroy                                           4833
  sm4_128_ecb_get_params                                         4833
  aes_192_ofb_get_params                                         4834
  aes_256_xts_get_params                                         4834
  aria_192_cfb_get_params                                        4875
  aria_192_gcm_get_params                                        4875
  aria_256_ecb_get_params                                        4875
  camellia_192_ecb_get_params                                    4875
  aes_192_gcm_get_params                                         4916
  aria_128_ccm_get_params                                        4916
  aria_256_gcm_get_params                                        4916
  ossl_property_match_count                                      4916
  EVP_aes_128_cbc_hmac_sha1                                      4917
  aes_128_ccm_get_params                                         4917
  aes_128_wrappad_get_params                                     4917
  aes_192_wrapinv_get_params                                     4917
  aes_cts_256_cbc_get_params                                     4917
  camellia_256_ofb_get_params                                    4917
  memset                                                         4917
  ossl_indicator_set_callback_new                                4917
  tdes_ede2_cfb_get_params                                       4917
  tdes_ede3_cbc_get_params                                       4917
  OSSL_STORE_LOADER_free                                         4958
  aes_128_ecb_get_params                                         4958
  aes_256_ocb_get_params                                         4958
  aria_128_cbc_get_params                                        4958
  aria_128_cfb_get_params                                        4958
  aria_192_ccm_get_params                                        4958
  camellia_192_ofb_get_params                                    4958
  sm4_128_ccm_get_params                                         4958
  aria_128_ofb_get_params                                        4959
  sm4_128_ofb128_get_params                                      4959
  Diagnostics::clearError()                                      5000
  OSSL_STORE_LOADER_set_open                                     5000
  aes_192_wrappad_get_params                                     5000
  aes_256_wrappad_get_params                                     5000
  camellia_192_cbc_get_params                                    5000
  camellia_256_cbc_get_params                                    5000
  ossl_self_test_set_callback_free                               5000
  tdes_ede3_ofb_get_params                                       5000
  camellia_128_cfb_get_params                                    5042
  camellia_128_ecb_get_params                                    5042
  aes_128_wrap_get_params                                        5083
  engine_remove_dynamic_id                                       5083
  ENGINE_get_cipher_engine                                       5084
  EVP_CIPHER_get_key_length                                      5084
  aes_128_wrappadinv_get_params                                  5084
  aes_256_ofb_get_params                                         5084
  aes_cts_128_cbc_get_params                                     5084
  camellia_256_cfb1_get_params                                   5084
  camellia_256_cfb8_get_params                                   5084
  ossl_store_register_init                                       5084
  camellia_128_cfb1_get_params                                   5125
  camellia_128_ofb_get_params                                    5125
  ossl_free_compression_methods_int                              5125
  ossl_prov_ctx_set0_core_bio_method                             5125
  tdes_ede3_ecb_get_params                                       5125
  EVP_aes_128_cbc_hmac_sha256                                    5166
  aes_192_wrappadinv_get_params                                  5166
  aria_256_ccm_get_params                                        5166
  aes_128_siv_get_params                                         5167
  camellia_192_cfb1_get_params                                   5167
  tdes_ede3_cfb1_get_params                                      5167
  OSSL_STORE_LOADER_set_expect                                   5209
  camellia_192_cfb8_get_params                                   5209
  camellia_192_cfb_get_params                                    5209
  ossl_indicator_set_callback_free                               5209
  OSSL_PARAM_get_int                                             5250
  camellia_256_ctr_get_params                                    5250
  camellia_cts_192_cbc_get_params                                5250
  ossl_prov_ctx_get0_core_bio_method                             5250
  ossl_self_test_set_callback_new                                5250
  camellia_128_ctr_get_params                                    5291
  ossl_init_thread_deregister                                    5291
  chacha20_poly1305_gettable_ctx_params                          5292
  camellia_256_cfb_get_params                                    5333
  pthread_self                                                   5333
  ossl_property_has_optional                                     5334
  camellia_128_cfb8_get_params                                   5375
  medium_region_for_ptr_no_lock                                  5375
  aes_256_wrappadinv_get_params                                  5417
  lsl::Lock::lock()                                              5417
  __fcntl                                                        5459
  ossl_provider_unquery_operation                                5459
  aes_128_wrapinv_get_params                                     5500
  camellia_192_ctr_get_params                                    5500
  camellia_256_ecb_get_params                                    5500
  chacha20_poly1305_get_params                                   5541
  ossl_aes_256_gcm_siv_get_params                                5583
  getegid                                                        5625
  medium_malloc_from_free_list                                   5625
  camellia_cts_256_cbc_get_params                                5667
  OSSL_LIB_CTX_set_conf_diagnostics                              5708
  ossl_aes_128_gcm_siv_get_params                                5708
  EVP_CIPHER_CTX_get_block_size                                  5750
  opt_arg                                                        5791
  geteuid                                                        5833
  ossl_aes_192_gcm_siv_get_params                                5833
  OPENSSL_sk_sort                                                5875
  app_get0_libctx                                                5917
  camellia_cts_128_cbc_get_params                                6000
  getuid                                                         6083
  BIO_set_data                                                   6208
  getgid                                                         6250
  ossl_prov_bio_from_dispatch                                    6375
  EVP_CIPHER_get_mode                                            6417
  EVP_RAND_CTX_free                                              6458
  ossl_prov_seeding_from_dispatch                                6459
  dyld3::kdebug_trace_dyld_enabled(unsigned int)                 6583
  dyld4::Loader::hiddenFromFlat(bool) const                      6625
  free_small                                                     6625
  OSSL_PARAM_get_int32                                           6626
  dyld4::RuntimeState::notifyObjCPatching()                      6708
  dyld4::BumpAllocator::~BumpAllocator()                         6875
  BIO_next                                                       6999
  _kernelrpc_mach_port_deallocate_trap                           7125
  dyld4::handleFromLoader(dyld4::Loader const*, bool)             7166
  EVP_CipherInit_ex                                              7250
  bio_open_default                                               7291
  _platform_strnlen                                              7376
  store_loader_hash                                              7501
  OPENSSL_sk_pop                                                 7542
  ENGINE_register_EC                                             7625
  _kernelrpc_mach_port_construct_trap                            7625
  engine_pkey_asn1_meths_free                                    7625
  err_unshelve_state                                             7626
  ENGINE_register_DH                                             7791
  BIO_copy_next_retry                                            7834
  file_ctrl                                                      7874
  dyld4::JustInTimeLoader::hiddenFromFlat(bool) const             7959
  openssl_fopen                                                  8041
  ENGINE_register_DSA                                            8166
  ENGINE_register_RAND                                           8167
  ENGINE_register_RSA                                            8250
  X509_get_default_cert_area                                     8334
  __sclose                                                       8417
  lsl::EphemeralAllocator::reset()                               8542
  ossl_lib_ctx_get_concrete                                      8542
  dyld4::Loader::beginInitializers(dyld4::RuntimeState&)             8583
  flsl                                                           8584
  ossl_sa_new                                                    8751
  strlen                                                         8791
  ENGINE_register_digests                                        8958
  dyld4::RuntimeState::incDlRefCount(dyld4::Loader const*)             8959
  lsl::Vector<dyld4::Loader const*>::reserveExact(unsigned long)             9083
  ossl_property_free                                             9166
  BIO_set_init                                                   9167
  ENGINE_register_ciphers                                        9249
  BIO_set_flags                                                  9375
  __sflags                                                       9417
  ossl_cipher_generic_einit                                      9417
  dyld4::JustInTimeLoader::beginInitializers(dyld4::RuntimeState&)             9583
  ENGINE_register_pkey_meths                                     9666
  ossl_cipher_generic_set_ctx_params                             9917
  OSSL_LIB_CTX_get_conf_diagnostics                             10041
  tiny_malloc_from_free_list                                    10083
  DSO_METHOD_openssl                                            10126
  CRYPTO_atomic_or                                              10417
  lsl::Vector<lsl::MemoryManager::Buffer>::reserve(unsigned long)            10500
  ossl_lib_ctx_get_ex_data_global                               10833
  ENGINE_register_pkey_asn1_meths                               11043
  NCONF_get_section                                             11251
  ossl_sa_doall_arg                                             11292
  engine_free_util                                              11335
  ossl_lib_ctx_get_rcukey                                       11458
  fstat                                                         11792
  OPENSSL_cleanse                                               11916
  dyld4::RuntimeState::doSingletonPatching(dyld4::DyldCacheDataConstLazyScopedWriter&)            12166
  aes_siv_gettable_ctx_params                                   12250
  ossl_property_value                                           12459
  EVP_add_cipher                                                12708
  ossl_cipher_capable_aes_cbc_hmac_sha256                       12959
  ossl_cipher_capable_aes_cbc_hmac_sha1                         13125
  cipher_ocb_gettable_ctx_params                                13376
  __bzero                                                       13458
  aes_cbc_cts_gettable_ctx_params                               13751
  dyld4::Loader::loadDependents(Diagnostics&, dyld4::RuntimeState&, dyld4::Loader::LoadOptions const&)            13875
  BIO_clear_flags                                               14043
  DSO_free                                                      14208
  lsl::EphemeralAllocator::~EphemeralAllocator()                14250
  close                                                         14292
  _NSGetEnviron                                                 14542
  BIO_get_data                                                  14707
  dyld4::Loader::path() const                                   14749
  sa_doall                                                      14790
  dyld4::DyldCacheDataConstLazyScopedWriter::DyldCacheDataConstLazyScopedWriter(dyld4::RuntimeState&)            14875
  __sflush                                                      15374
  dyld4::JustInTimeLoader::loadDependents(Diagnostics&, dyld4::RuntimeState&, dyld4::Loader::LoadOptions const&)            15375
  CRYPTO_atomic_add                                             15458
  ossl_aes_gcm_siv_gettable_ctx_params                          15542
  camellia_cbc_cts_gettable_ctx_params                          15709
  file_new                                                      15957
  dyld3::MachOFile::is64() const                                16000
  deflt_query                                                   16042
  os_unfair_recursive_lock_unlock                               16084
  _kernelrpc_mach_vm_deallocate_trap                            16666
  ossl_prov_is_running                                          16708
  file_free                                                     16752
  _kernelrpc_mach_port_destruct_trap                            17375
  CRYPTO_THREAD_lock_free                                       17417
  pthread_mutex_destroy                                         17457
  invocation function for block in dyld4::Loader::forEachPath(Diagnostics&, dyld4::RuntimeState&, char const*, dyld4::Loader::Loa            17708
  OPENSSL_LH_get_down_load                                      18000
  BIO_new                                                       18206
  dyld4::JustInTimeLoader::path() const                         18209
  kdebug_is_enabled                                             18415
  FMT_istext                                                    18667
  pthread_cond_init                                             19041
  rack_region_insert                                            19791
  small_try_realloc_in_place                                    19875
  property_free                                                 20418
  os_unfair_recursive_lock_lock_with_options                    20668
  __chkstk_darwin_probe                                         20748
  dyld4::Loader::matchesPath(char const*) const                 20792
  dyld4::LibSystemHelpers::pthread_getspecific(unsigned long) const            20958
  lsl::EphemeralAllocator::deallocate_buffer(lsl::MemoryManager::Buffer)            21083
  ___chkstk_darwin                                              21583
  os_unfair_lock_assert_not_owner                               21791
  small_size                                                    22166
  small_free_list_find_by_ptr                                   24377
  dyld4::ProcessConfig::DyldCache::indexOfPath(char const*, unsigned int&) const            24418
  pthread_mutex_init                                            24751
  __findenv_locked                                              25875
  mach_msg2_trap                                                25916
  dyld4::Loader::loadAddress(dyld4::RuntimeState&) const            26333
  dyld3::ScopedTimer::endTimer()                                26375
  ossl_property_name                                            26542
  OPENSSL_strnlen                                               27041
  OPENSSL_sk_delete                                             28333
  small_free_list_remove_ptr                                    28335
  __open                                                        28750
  dyld4::JustInTimeLoader::loadAddress(dyld4::RuntimeState&) const            28959
  _pthread_mutex_check_init_slow                                32791
  tiny_free_list_remove_ptr                                     32999
  lsl::AllocationMetadata::AllocationMetadata(lsl::Allocator*, unsigned long)            33667
  CRYPTO_new_ex_data                                            34252
  OPENSSL_LH_set_down_load                                      34792
  small_free_list_remove_ptr_no_clear                           34792
  dyld4::LibSystemHelpers::os_unfair_recursive_lock_unlock(os_unfair_recursive_lock_s*) const            38000
  __read_nocancel                                               38041
  szone_good_size                                               38834
  OPENSSL_sk_free                                               39753
  Diagnostics::hasError() const                                 39874
  dyld4::LibSystemHelpers::os_unfair_lock_unlock(os_unfair_lock_s*) const            40501
  get_tiny_previous_free_msize                                  40877
  _kernelrpc_mach_vm_map_trap                                   41209
  ossl_rcu_write_lock                                           42375
  EVP_PKEY_asn1_get0                                            42583
  small_free_list_add_ptr                                       44250
  Diagnostics::noError() const                                  45084
  ossl_rcu_write_unlock                                         45334
  ossl_tdes_gettable_ctx_params                                 46333
  pthread_setspecific                                           46667
  __write_nocancel                                              47666
  small_malloc_from_free_list                                   48709
  dyld3::MachOFile::read_uleb128(Diagnostics&, unsigned char const*&, unsigned char const*)            49916
  dyld4::LibSystemHelpers::os_unfair_recursive_lock_lock_with_options(os_unfair_recursive_lock_s*, os_unfair_lock_options_t) cons            52876
  dyld4::RuntimeState::PermanentRanges::contains(unsigned long, unsigned long, unsigned char*, dyld4::Loader const**) const            53084
  EVP_PKEY_asn1_get0_info                                       53583
  szone_malloc                                                  54415
  _tiny_check_and_zero_inline_meta_from_freelist                54458
  pthread_cond_broadcast                                        55959
  madvise                                                       56834
  tiny_size                                                     58417
  dyld4::LibSystemHelpers::os_unfair_lock_lock_with_options(os_unfair_lock_s*, os_unfair_lock_options_t) const            58833
  realloc                                                       60374
  set_tiny_meta_header_in_use                                   62791
  lsl::EphemeralAllocator::allocate_buffer(unsigned long, unsigned long, unsigned long)            63208
  tiny_free_list_add_ptr                                        65211
  _qsort                                                        65751
  OPENSSL_sk_pop_free                                           70415
  ossl_cipher_aead_gettable_ctx_params                          70626
  strcmp                                                        70838
  _szone_free                                                   70956
  __close_nocancel                                              74041
  szone_try_free_default                                        76750
  os_unfair_lock_assert_owner                                   78003
  dyld3::kdebug_trace_dyld_duration_end(unsigned long long, unsigned int, dyld3::kt_arg, dyld3::kt_arg, dyld3::kt_arg)            80667
  invocation function for block in dyld3::MachOFile::getDylibInstallName(char const**, unsigned int*, unsigned int*) const            81001
  rack_get_thread_index                                         81417
  lsl::MemoryManager::lockGuard()                               84585
  property_hash                                                 84875
  dyld3::OverflowSafeArray<unsigned int, 4294967295ul>::verifySpace(unsigned long)            91040
  EVP_CIPHER_get_type                                           91046
  dyld4::Loader::contains(dyld4::RuntimeState&, void const*, void const**, unsigned long long*, unsigned char*) const            98082
  pthread_cond_signal                                          102874
  __open_nocancel                                              107957
  Diagnostics::assertNoError() const                           110792
  pthread_rwlock_init                                          112209
  nanov2_size                                                  112420
  pthread_rwlock_destroy                                       120750
  os_unfair_lock_unlock                                        126834
  Diagnostics::~Diagnostics()                                  138376
  Diagnostics::Diagnostics(bool)                               146751
  get_legacy_evp_names                                         161292
  os_unfair_lock_lock_with_options                             170833
  ossl_ctype_check                                             170918
  invocation function for block in dyld3::MachOFile::getEntry(unsigned long long&, bool&) const           187458
  EVP_MD_get_type                                              193960
  nanov2_pointer_size                                          194498
  free                                                         203091
  _Block_object_dispose                                        216001
  OPENSSL_hexchar2int                                          235585
  nanov2_allocate_from_block                                   241836
  ossl_sa_set                                                  247043
  strncmp                                                      266418
  trim_ws                                                      275624
  invocation function for block in dyld4::JustInTimeLoader::contains(dyld4::RuntimeState&, void const*, void const**, unsigned lo           294581
  BUF_MEM_new                                                  302128
  names_free                                                   313456
  OBJ_get0_data                                                329248
  OPENSSL_LH_flush                                             329862
  OPENSSL_LH_doall                                             330125
  OSSL_PARAM_set_uint                                          340791
  ossl_provider_ctx                                            344128
  EVP_CIPHER_get_nid                                           365590
  conf_value_cmp                                               376666
  ossl_lib_ctx_unlock                                          377290
  OSSL_PARAM_locate_const                                      397417
  invocation function for block in dyld3::MachOLoaded::findClosestSymbol(unsigned long long, char const**, unsigned long long*) c           397914
  ossl_lib_ctx_read_lock                                       422959
  OPENSSL_LH_set_thunks                                        430496
  property_defn_cmp                                            439169
  ossl_cipher_generic_gettable_ctx_params                      446211
  evp_cipher_up_ref                                            452957
  ossl_provider_free                                           463338
  property_defn_hash                                           463792
  value_free_hash                                              471956
  function_hash                                                479419
  BN_free                                                      483962
  CRYPTO_realloc                                               487420
  ossl_provider_up_ref                                         488962
  OSSL_PARAM_set_uint32                                        500256
  eat_alpha_numeric                                            508955
  ASN1_OBJECT_free                                             509379
  ossl_sa_get                                                  513284
  sa_free_node                                                 543958
  OSSL_PARAM_construct_end                                     548170
  EVP_CIPHER_get0_provider                                     556966
  OSSL_PARAM_construct_uint                                    564577
  evp_cipher_free                                              573584
  do_all_fn                                                    587128
  EVP_CIPHER_free                                              634872
  ossl_provider_libctx                                         798717
  invocation function for block in dyld3::MachOLoaded::getLinkEditLoadCommands(Diagnostics&, dyld3::MachOLoaded::LinkEditInfo&) c           836748
  internal_free_nop                                            848782
  _platform_strncmp                                            867376
  name_string_free                                             890931
  OPENSSL_LH_error                                             917756
  invocation function for block in dyld3::MachOFile::forEachSegment(void (dyld3::MachOFile::SegmentInfo const&, bool&) block_poin          1112625
  BUF_MEM_grow                                                1121209
  OSSL_PARAM_set_size_t                                       1126879
  pthread_getspecific                                         1147876
  sk_reserve                                                  1167877
  _os_once                                                    1208416
  CRYPTO_THREAD_get_local                                     1282245
  _platform_memchr                                            1344536
  ossl_rcu_assign_uptr                                        1405828
  OSSL_PARAM_set_uint64                                       1510578
  names_lh_free_doall                                         1515275
  ossl_lib_ctx_get_data                                       1598210
  OSSL_PARAM_set_int                                          1611618
  _platform_strchr                                            1720654
  pthread_mutex_lock                                          1730006
  OSSL_PARAM_construct_size_t                                 1804756
  pthread_mutex_unlock                                        1837583
  _nanov2_free                                                1897487
  OPENSSL_sk_push                                             1970766
  _pthread_mutex_lock_init_slow                               1983832
  OPENSSL_sk_num                                              2004201
  _pthread_mutex_unlock_init_slow                             2102283
  _pthread_mutex_firstfit_lock_slow                           2205705
  _pthread_mutex_firstfit_unlock_slow                         2301043
  OPENSSL_sk_value                                            2314902
  OSSL_PARAM_set_int32                                        2439261
  obj_name_cmp                                                2484875
  OPENSSL_LH_strhash                                          2698094
  OSSL_PARAM_construct_int                                    2738954
  _platform_memcmp                                            2745955
  pthread_once                                                3037970
  OBJ_nid2obj                                                 3147282
  CRYPTO_atomic_load                                          3297339
  pthread_rwlock_rdlock                                       3325935
  SortFnByName                                                3469801
  ossl_lh_strcasehash                                         3673085
  __error                                                     3816416
  ossl_isdigit                                                4014505
  cipher_compare                                              4031334
  fnv1a_hash                                                  4432192
  _platform_memmove                                           6469985
  pthread_rwlock_wrlock                                       6654778
  pthread_rwlock_unlock                                       9949134
  err_string_data_cmp                                        10755473
  CRYPTO_free                                                12178471
  malloc                                                     13311417
  doapr_outch                                                15237425
  err_string_data_hash                                       16445167
  nanov2_malloc                                              18414272
  _platform_strlen                                           23250885
  _platform_memset                                           25386574
  nanov2_try_free_default                                    25779750
  _platform_strcmp                                           27939105
  ossl_tolower                                               59802991
