
  sigaction                                                      1708
  pd_free                                                        1750
  EVP_md5                                                        1833
  EVP_rc4_40                                                     1916
  EVP_bf_cbc                                                     1917
  EVP_mdc2                                                       2000
  EVP_sha224                                                     2000
  EVP_sha384                                                     2000
  UI_OpenSSL                                                     2000
  EVP_des_cbc                                                    2042
  EVP_rc2_ofb                                                    2042
  UI_null                                                        2083
  EVP_des_ecb                                                    2125
  EVP_des_ofb                                                    2125
  EVP_rc4                                                        2125
  EVP_sha1                                                       2125
  EVP_sm4_ofb                                                    2125
  EVP_sha512                                                     2166
  EVP_idea_ofb                                                   2167
  EVP_bf_ofb                                                     2208
  EVP_rc2_cbc                                                    2209
  EVP_sm3                                                        2209
  EVP_md5_sha1                                                   2250
  _cleanup                                                       2250
  EVP_sha3_224                                                   2292
  EVP_shake128                                                   2292
  EVP_sm4_cbc                                                    2292
  opt_unknown                                                    2292
  EVP_idea_cbc                                                   2333
  EVP_md4                                                        2333
  EVP_sha3_384                                                   2333
  EVP_sha3_512                                                   2333
  EVP_cast5_ofb                                                  2334
  EVP_seed_cbc                                                   2334
  EVP_des_ede3                                                   2375
  EVP_ripemd160                                                  2375
  EVP_seed_ofb                                                   2375
  strchr                                                         2375
  EVP_des_cfb8                                                   2416
  EVP_blake2s256                                                 2458
  EVP_des_cfb1                                                   2458
  EVP_rc2_64_cbc                                                 2458
  EVP_shake256                                                   2458
  EVP_bf_ecb                                                     2500
  EVP_des_ede                                                    2500
  EVP_sha512_224                                                 2500
  EVP_sha512_256                                                 2500
  app_get0_propq                                                 2500
  EVP_aes_256_gcm                                                2541
  EVP_seed_ecb                                                   2541
  EVP_desx_cbc                                                   2542
  EVP_sm4_ctr                                                    2542
  EVP_aria_128_ofb                                               2583
  EVP_bf_cfb64                                                   2583
  EVP_chacha20                                                   2583
  EVP_sha3_256                                                   2583
  opt_next                                                       2583
  EVP_idea_ecb                                                   2584
  EVP_aes_128_cbc                                                2625
  EVP_aes_192_ocb                                                2625
  EVP_aes_256_cbc                                                2625
  EVP_sm4_ecb                                                    2625
  release_engine                                                 2625
  lh_FUNCTION_free                                               2666
  EVP_aes_128_ctr                                                2667
  EVP_aria_192_ctr                                               2667
  EVP_aria_256_ecb                                               2667
  EVP_aria_256_gcm                                               2667
  EVP_cast5_cbc                                                  2667
  ossl_trace_cleanup                                             2667
  COMP_get_type                                                  2708
  EVP_MD_free                                                    2708
  EVP_aes_256_ccm                                                2708
  EVP_aes_256_ctr                                                2708
  EVP_aes_256_ofb                                                2708
  EVP_aria_192_ofb                                               2708
  EVP_des_ede_cbc                                                2708
  EVP_rc2_cfb64                                                  2708
  EVP_sm4_cfb128                                                 2708
  EVP_whirlpool                                                  2708
  EVP_des_ede_ofb                                                2709
  ENGINE_set_id                                                  2750
  EVP_aes_192_ccm                                                2750
  EVP_aes_192_cfb1                                               2750
  EVP_aes_192_gcm                                                2750
  EVP_aria_256_ofb                                               2750
  EVP_blake2b512                                                 2750
  EVP_cast5_cfb64                                                2750
  vm_deallocate                                                  2750
  EVP_aes_192_ofb                                                2791
  EVP_aria_192_cbc                                               2791
  EVP_aria_256_ctr                                               2791
  EVP_aes_128_cfb1                                               2792
  EVP_aes_256_wrap                                               2792
  EVP_cast5_ecb                                                  2792
  EVP_rc2_ecb                                                    2792
  EVP_seed_cfb128                                                2792
  EVP_aes_256_cfb1                                               2833
  EVP_aria_128_cfb8                                              2833
  EVP_aria_256_cfb1                                              2833
  EVP_des_ede3_cfb8                                              2833
  EVP_aes_128_ofb                                                2834
  EVP_aes_192_cbc                                                2834
  EVP_aria_256_cbc                                               2834
  EVP_aes_192_ecb                                                2875
  EVP_aria_128_ecb                                               2875
  EVP_aria_192_gcm                                               2875
  EVP_aria_256_cfb8                                              2875
  OBJ_obj2txt                                                    2875
  def_to_int                                                     2875
  EVP_aes_128_ccm                                                2916
  EVP_aes_256_cfb8                                               2916
  EVP_aes_192_ctr                                                2917
  EVP_rc4_hmac_md5                                               2917
  EVP_aes_256_xts                                                2958
  EVP_aria_128_cbc                                               2958
  EVP_aria_192_ccm                                               2958
  EVP_aria_192_cfb1                                              2958
  EVP_aria_256_ccm                                               2958
  signal                                                         2958
  ENGINE_set_name                                                3000
  EVP_aes_192_cfb8                                               3000
  EVP_aes_192_wrap                                               3000
  EVP_des_ede3_cbc                                               3000
  EVP_des_ede3_cfb1                                              3000
  EVP_rc2_40_cbc                                                 3000
  query_hash                                                     3041
  EVP_aes_192_cfb128                                             3042
  EVP_aes_256_ecb                                                3042
  EVP_aria_128_ctr                                               3042
  EVP_aria_256_cfb128                                            3042
  function_cmp                                                   3042
  property_cmp                                                   3042
  EVP_aes_128_xts                                                3083
  EVP_aria_192_cfb128                                            3083
  EVP_des_ede_cfb64                                              3083
  def_init_default                                               3083
  BIO_f_cipher                                                   3084
  EVP_aes_128_cfb8                                               3084
  EVP_des_ede3_wrap                                              3084
  EVP_aes_128_ecb                                                3125
  EVP_aes_128_ocb                                                3125
  EVP_aria_128_cfb128                                            3125
  EVP_aria_192_cfb8                                              3125
  EVP_des_ede3_ofb                                               3125
  strrchr                                                        3125
  EVP_des_cfb64                                                  3166
  getrlimit                                                      3166
  EVP_aes_128_cfb128                                             3167
  EVP_aes_128_wrap                                               3167
  EVP_des_ede3_cfb64                                             3167
  UI_method_set_writer                                           3167
  EVP_aes_256_cfb128                                             3208
  EVP_camellia_256_cbc                                           3208
  EVP_camellia_256_ctr                                           3208
  UI_method_set_reader                                           3208
  ossl_comp_zstd_cleanup                                         3208
  EVP_camellia_192_cbc                                           3209
  EVP_camellia_192_ofb                                           3209
  EVP_aes_256_ocb                                                3250
  EVP_aria_128_cfb1                                              3250
  EVP_aria_192_ecb                                               3250
  EVP_idea_cfb64                                                 3250
  NCONF_default                                                  3250
  EVP_camellia_128_ofb                                           3291
  EVP_chacha20_poly1305                                          3291
  EVP_camellia_192_ctr                                           3292
  OSSL_LIB_CTX_get_data                                          3292
  __cxa_finalize                                                 3292
  ossl_store_cleanup_int                                         3292
  EVP_aes_128_wrap_pad                                           3333
  EVP_aes_192_wrap_pad                                           3333
  EVP_camellia_256_cfb1                                          3333
  EVP_aes_128_gcm                                                3334
  EVP_CIPHER_get_flags                                           3375
  OSSL_PARAM_modified                                            3375
  bio_sock_cleanup_int                                           3375
  EVP_aes_256_wrap_pad                                           3416
  EVP_aria_128_gcm                                               3416
  EVP_camellia_128_cbc                                           3417
  EVP_camellia_192_cfb1                                          3417
  EVP_camellia_256_cfb8                                          3417
  EVP_camellia_256_ofb                                           3417
  ENGINE_set_flags                                               3458
  EVP_camellia_128_ctr                                           3458
  EVP_camellia_192_ecb                                           3458
  store_loader_cmp                                               3458
  ossl_prov_ctx_free                                             3459
  EVP_camellia_256_ecb                                           3500
  OSSL_STORE_register_loader                                     3500
  EVP_camellia_192_cfb8                                          3542
  UI_method_set_closer                                           3542
  __smakebuf                                                     3542
  EVP_camellia_128_cfb128                                        3583
  init_thread_stop                                               3583
  EVP_camellia_128_cfb1                                          3584
  EVP_add_alg_module                                             3625
  EVP_aria_128_ccm                                               3625
  EVP_camellia_256_cfb128                                        3625
  UI_method_set_opener                                           3625
  app_RAND_write                                                 3625
  engine_load_rdrand_int                                         3625
  ossl_comp_brotli_cleanup                                       3625
  opt_set_unknown_name                                           3667
  COMP_zlib                                                      3708
  EVP_camellia_128_cfb8                                          3708
  evp_app_cleanup_int                                            3708
  ossl_prov_ctx_set0_handle                                      3708
  ossl_comp_zlib_cleanup                                         3709
  BIO_meth_set_ctrl                                              3750
  EVP_CipherUpdate                                               3750
  ossl_prov_ctx_new                                              3750
  BIO_meth_set_puts                                              3792
  EVP_camellia_192_cfb128                                        3792
  ASN1_add_stable_module                                         3833
  ossl_prov_ctx_set0_libctx                                      3833
  ASN1_add_oid_module                                            3875
  BIO_meth_set_create                                            3875
  BIO_meth_set_gets                                              3875
  EVP_CipherFinal_ex                                             3875
  __getrlimit                                                    3875
  ERR_get_error_all                                              3917
  BIO_meth_set_destroy                                           3958
  ENGINE_set_cmd_defns                                           3958
  core_get_libctx                                                3958
  ERR_print_errors                                               3959
  EVP_CIPHER_fetch                                               4000
  EVP_camellia_128_ecb                                           4000
  NCONF_get0_libctx                                              4000
  close                                                          4000
  opt_check_rest_arg                                             4000
  ossl_lib_ctx_write_lock                                        4042
  ossl_prov_ctx_get0_libctx                                      4042
  EVP_CIPHER_get_iv_length                                       4083
  dyld4::APIs::_tlv_exit()                                       4083
  ossl_method_unlock_store                                       4084
  ENGINE_add_conf_module                                         4125
  ossl_child_prov_ctx_new                                        4125
  OSSL_LIB_CTX_free                                              4167
  free_medium                                                    4167
  ossl_config_add_ssl_module                                     4167
  OSSL_ERR_STATE_new                                             4208
  chacha20_get_params                                            4208
  ossl_lib_ctx_is_default                                        4208
  ossl_method_lock_store                                         4208
  aes_v8_set_encrypt_key                                         4209
  ossl_stored_namemap_free                                       4209
  EVP_PKEY_asn1_get_count                                        4250
  ossl_cipher_generic_reset_ctx                                  4250
  BIO_meth_set_read_ex                                           4291
  CRYPTO_THREAD_get_current_id                                   4291
  aes_128_ofb_get_params                                         4291
  aes_192_cbc_get_params                                         4292
  aes_192_ofb_get_params                                         4333
  ENGINE_set_ctrl_function                                       4375
  OSSL_STORE_unregister_loader                                   4375
  __sigaction                                                    4375
  aes_128_ecb_get_params                                         4375
  aes_256_cbc_get_params                                         4375
  tiny_free_no_lock                                              4375
  OSSL_CMP_log_close                                             4416
  aes_128_cbc_get_params                                         4416
  aes_128_ctr_get_params                                         4416
  aes_128_ccm_get_params                                         4417
  aes_128_cfb_get_params                                         4417
  chacha20_gettable_ctx_params                                   4417
  tdes_ede2_cfb_get_params                                       4417
  ENGINE_set_init_function                                       4458
  OSSL_STORE_LOADER_set_eof                                      4458
  aes_128_cfb1_get_params                                        4458
  ossl_bio_core_globals_new                                      4458
  tdes_ede3_cbc_get_params                                       4458
  CONF_imodule_get_value                                         4459
  aes_192_ctr_get_params                                         4459
  BIO_meth_set_write_ex                                          4500
  aes_192_ecb_get_params                                         4500
  aes_256_ccm_get_params                                         4500
  aria_128_ofb_get_params                                        4500
  aria_192_ofb_get_params                                        4500
  null_gettable_ctx_params                                       4500
  tdes_ede3_cfb_get_params                                       4500
  aes_192_ccm_get_params                                         4541
  aria_128_gcm_get_params                                        4541
  aria_256_cbc_get_params                                        4541
  sm4_128_xts_get_params                                         4541
  aes_256_ofb_get_params                                         4542
  aria_128_cbc_get_params                                        4542
  aria_256_cfb8_get_params                                       4542
  aria_256_ofb_get_params                                        4542
  ossl_rand_cleanup_int                                          4542
  sm4_128_ccm_get_params                                         4542
  sm4_128_ctr_get_params                                         4542
  tdes_ede2_ecb_get_params                                       4542
  aes_256_cfb1_get_params                                        4583
  aes_256_cfb8_get_params                                        4583
  aria_128_ecb_get_params                                        4583
  aes_128_xts_get_params                                         4584
  aria_192_cfb1_get_params                                       4584
  BIO_free                                                       4625
  ENGINE_set_finish_function                                     4625
  EVP_sha256                                                     4625
  OSSL_trace_set_channel                                         4625
  aes_128_gcm_get_params                                         4625
  aes_128_ocb_get_params                                         4625
  aes_192_ocb_get_params                                         4625
  aes_192_siv_get_params                                         4625
  aria_128_cfb1_get_params                                       4625
  ossl_random_add_conf_module                                    4625
  sm4_128_cbc_get_params                                         4625
  OSSL_STORE_LOADER_free                                         4666
  aes_256_cfb_get_params                                         4666
  aes_256_siv_get_params                                         4666
  aria_256_cfb_get_params                                        4666
  OPENSSL_cpuid_setup                                            4667
  aes_192_cfb_get_params                                         4667
  aria_192_ctr_get_params                                        4667
  def_is_number                                                  4667
  ossl_store_register_init                                       4667
  sm4_128_cfb128_get_params                                      4667
  tdes_ede3_cfb8_get_params                                      4667
  tdes_wrap_get_params                                           4667
  aes_128_cfb8_get_params                                        4708
  aes_256_wrap_get_params                                        4708
  aria_128_cfb8_get_params                                       4708
  aria_192_cbc_get_params                                        4708
  sm4_128_ofb128_get_params                                      4708
  OSSL_STORE_LOADER_set_close                                    4709
  OSSL_STORE_LOADER_set_error                                    4709
  aes_192_gcm_get_params                                         4709
  aria_256_ctr_get_params                                        4709
  ossl_bio_core_globals_free                                     4709
  tdes_ede2_cbc_get_params                                       4709
  EVP_aes_256_cbc_hmac_sha256                                    4750
  UI_method_set_prompt_constructor                               4750
  aes_cts_192_cbc_get_params                                     4750
  aria_192_ecb_get_params                                        4750
  engine_pkey_meths_free                                         4750
  aes_v8_ctr32_encrypt_blocks                                    4791
  ENGINE_load_builtin_engines                                    4792
  aes_256_gcm_get_params                                         4792
  aria_128_cfb_get_params                                        4792
  ossl_prov_cipher_hw_aes_ctr                                    4792
  ossl_prov_ctx_set0_core_bio_method                             4792
  aes_256_ctr_get_params                                         4833
  aria_192_cfb_get_params                                        4833
  tdes_ede2_ofb_get_params                                       4833
  aria_256_cfb1_get_params                                       4834
  pthread_cond_destroy                                           4834
  ENGINE_get_cipher_engine                                       4875
  aes_128_wrappad_get_params                                     4875
  aes_192_wrappad_get_params                                     4875
  aes_256_ecb_get_params                                         4875
  aria_128_ccm_get_params                                        4875
  aria_128_ctr_get_params                                        4875
  camellia_128_cbc_get_params                                    4875
  ossl_ctx_global_properties_new                                 4875
  ossl_provider_add_conf_module                                  4875
  tdes_ede3_cfb1_get_params                                      4875
  aes_192_cfb1_get_params                                        4916
  aria_192_gcm_get_params                                        4916
  camellia_128_cfb_get_params                                    4916
  camellia_128_ctr_get_params                                    4916
  ossl_property_match_count                                      4916
  tdes_ede3_ofb_get_params                                       4916
  aes_128_siv_get_params                                         4917
  aes_256_wrappad_get_params                                     4917
  aes_cts_128_cbc_get_params                                     4917
  camellia_256_cbc_get_params                                    4917
  memset                                                         4917
  sm4_128_gcm_get_params                                         4917
  OSSL_STORE_LOADER_set_load                                     4958
  aes_192_wrap_get_params                                        4958
  camellia_192_cbc_get_params                                    4958
  camellia_192_cfb1_get_params                                   4958
  camellia_256_ctr_get_params                                    4958
  sm4_128_ecb_get_params                                         4958
  aes_256_ocb_get_params                                         4959
  Diagnostics::clearError()                                      5000
  OSSL_STORE_LOADER_set_expect                                   5000
  aes_192_cfb8_get_params                                        5000
  aes_256_xts_get_params                                         5000
  aria_192_ccm_get_params                                        5000
  aria_192_cfb8_get_params                                       5000
  camellia_192_cfb_get_params                                    5000
  aria_256_gcm_get_params                                        5041
  camellia_192_cfb8_get_params                                   5041
  camellia_192_ofb_get_params                                    5041
  EVP_aes_256_cbc_hmac_sha1                                      5042
  aes_cts_256_cbc_get_params                                     5083
  camellia_192_ctr_get_params                                    5083
  camellia_256_cfb_get_params                                    5083
  camellia_128_ecb_get_params                                    5084
  EVP_CIPHER_get_key_length                                      5125
  aes_256_wrapinv_get_params                                     5125
  aria_256_ccm_get_params                                        5125
  aria_256_ecb_get_params                                        5125
  camellia_256_cfb1_get_params                                   5125
  ossl_indicator_set_callback_free                               5125
  engine_remove_dynamic_id                                       5166
  EVP_aes_128_cbc_hmac_sha256                                    5167
  OSSL_STORE_LOADER_set_open                                     5167
  aes_128_wrapinv_get_params                                     5167
  aes_192_wrapinv_get_params                                     5167
  tdes_ede3_ecb_get_params                                       5167
  OSSL_PARAM_get_int                                             5208
  camellia_192_ecb_get_params                                    5208
  aes_128_wrap_get_params                                        5209
  camellia_256_cfb8_get_params                                   5209
  camellia_256_ofb_get_params                                    5209
  EVP_aes_128_cbc_hmac_sha1                                      5250
  camellia_128_cfb8_get_params                                   5250
  camellia_128_ofb_get_params                                    5250
  engine_pkey_asn1_meths_free                                    5250
  ossl_free_compression_methods_int                              5250
  ossl_property_has_optional                                     5250
  ossl_self_test_set_callback_free                               5250
  OPENSSL_sk_sort                                                5292
  ossl_indicator_set_callback_new                                5292
  aes_128_wrappadinv_get_params                                  5333
  camellia_128_cfb1_get_params                                   5333
  ossl_provider_unquery_operation                                5333
  camellia_cts_192_cbc_get_params                                5375
  aes_256_wrappadinv_get_params                                  5416
  camellia_256_ecb_get_params                                    5416
  pthread_self                                                   5458
  __fcntl                                                        5500
  chacha20_poly1305_get_params                                   5500
  medium_region_for_ptr_no_lock                                  5500
  camellia_cts_256_cbc_get_params                                5542
  chacha20_poly1305_gettable_ctx_params                          5542
  getegid                                                        5542
  camellia_cts_128_cbc_get_params                                5583
  ossl_aes_256_gcm_siv_get_params                                5584
  ossl_self_test_set_callback_new                                5625
  ossl_init_thread_deregister                                    5667
  aes_192_wrappadinv_get_params                                  5708
  EVP_CIPHER_CTX_get_block_size                                  5709
  OSSL_LIB_CTX_set_conf_diagnostics                              5792
  ossl_aes_192_gcm_siv_get_params                                5833
  ossl_aes_128_gcm_siv_get_params                                5834
  app_get0_libctx                                                5874
  ossl_prov_ctx_get0_core_bio_method                             5875
  medium_malloc_from_free_list                                   5917
  EVP_CIPHER_get_mode                                            6042
  opt_arg                                                        6042
  BIO_set_data                                                   6166
  ossl_prov_bio_from_dispatch                                    6166
  lsl::Lock::unlock()                                            6209
  geteuid                                                        6250
  ossl_prov_seeding_from_dispatch                                6292
  EVP_RAND_CTX_free                                              6458
  OSSL_PARAM_get_int32                                           6542
  dyld4::RuntimeState::notifyObjCPatching()                      6583
  getgid                                                         6583
  BIO_next                                                       6916
  dyld4::Loader::hiddenFromFlat(bool) const                      6917
  EVP_CipherInit_ex                                              7250
  dyld3::kdebug_trace_dyld_enabled(unsigned int)                 7250
  dyld4::handleFromLoader(dyld4::Loader const*, bool)             7250
  _kernelrpc_mach_port_deallocate_trap                           7417
  bio_open_default                                               7417
  dyld4::BumpAllocator::~BumpAllocator()                         7458
  _platform_strnlen                                              7584
  _kernelrpc_mach_port_construct_trap                            7708
  ENGINE_register_DH                                             7750
  OPENSSL_sk_pop                                                 7792
  store_loader_hash                                              7792
  BIO_copy_next_retry                                            7917
  ENGINE_register_RSA                                            7958
  dyld4::JustInTimeLoader::hiddenFromFlat(bool) const             8000
  openssl_fopen                                                  8000
  err_unshelve_state                                             8084
  file_ctrl                                                      8125
  ENGINE_register_EC                                             8167
  ENGINE_register_DSA                                            8250
  X509_get_default_cert_area                                     8250
  ENGINE_register_RAND                                           8417
  __sclose                                                       8458
  flsl                                                           8584
  ossl_lib_ctx_get_concrete                                      8584
  dyld4::Loader::beginInitializers(dyld4::RuntimeState&)             8750
  __sflags                                                       8918
  free_small                                                     8918
  BIO_set_init                                                   8959
  ENGINE_register_digests                                        8999
  lsl::Vector<dyld4::Loader const*>::reserveExact(unsigned long)             9083
  dyld4::RuntimeState::incDlRefCount(dyld4::Loader const*)             9167
  ossl_property_free                                             9209
  ENGINE_register_ciphers                                        9291
  getuid                                                         9292
  strlen                                                         9376
  tiny_try_realloc_in_place                                      9459
  ossl_cipher_generic_einit                                      9583
  deflt_query                                                    9792
  ossl_sa_new                                                    9834
  BIO_set_flags                                                  9874
  dyld4::JustInTimeLoader::beginInitializers(dyld4::RuntimeState&)             9875
  DSO_METHOD_openssl                                             9958
  ENGINE_register_pkey_meths                                     9958
  tiny_malloc_from_free_list                                    10124
  ossl_cipher_generic_set_ctx_params                            10167
  OSSL_LIB_CTX_get_conf_diagnostics                             10208
  CRYPTO_atomic_or                                              10542
  lsl::Vector<lsl::MemoryManager::Buffer>::reserve(unsigned long)            10542
  ossl_lib_ctx_get_ex_data_global                               11041
  ENGINE_register_pkey_asn1_meths                               11083
  ossl_lib_ctx_get_rcukey                                       11084
  NCONF_get_section                                             11292
  engine_free_util                                              11417
  lsl::EphemeralAllocator::reset()                              11417
  ossl_sa_doall_arg                                             11501
  OPENSSL_cleanse                                               11666
  aes_siv_gettable_ctx_params                                   12084
  dyld4::RuntimeState::doSingletonPatching(dyld4::DyldCacheDataConstLazyScopedWriter&)            12125
  ossl_property_value                                           12501
  __bzero                                                       12667
  ossl_cipher_capable_aes_cbc_hmac_sha1                         12750
  ossl_cipher_capable_aes_cbc_hmac_sha256                       12792
  EVP_add_cipher                                                13124
  cipher_ocb_gettable_ctx_params                                13416
  aes_cbc_cts_gettable_ctx_params                               13500
  small_free_list_remove_ptr                                    14083
  BIO_clear_flags                                               14250
  lsl::EphemeralAllocator::~EphemeralAllocator()                14291
  small_free_list_find_by_ptr                                   14459
  dyld4::DyldCacheDataConstLazyScopedWriter::DyldCacheDataConstLazyScopedWriter(dyld4::RuntimeState&)            14709
  sa_doall                                                      14749
  dyld4::Loader::loadDependents(Diagnostics&, dyld4::RuntimeState&, dyld4::Loader::LoadOptions const&)            14792
  BIO_get_data                                                  14832
  CRYPTO_atomic_add                                             14958
  DSO_free                                                      15044
  _NSGetEnviron                                                 15084
  fstat                                                         15166
  dyld4::JustInTimeLoader::loadDependents(Diagnostics&, dyld4::RuntimeState&, dyld4::Loader::LoadOptions const&)            15375
  dyld4::Loader::path() const                                   15416
  ossl_aes_gcm_siv_gettable_ctx_params                          15460
  camellia_cbc_cts_gettable_ctx_params                          15625
  __sflush                                                      15749
  dyld3::MachOFile::is64() const                                16334
  os_unfair_recursive_lock_unlock                               16334
  ossl_prov_is_running                                          16500
  file_free                                                     16875
  pthread_mutex_destroy                                         17416
  small_free_list_remove_ptr_no_clear                           17417
  invocation function for block in dyld4::Loader::forEachPath(Diagnostics&, dyld4::RuntimeState&, char const*, dyld4::Loader::Loa            17625
  CRYPTO_THREAD_lock_free                                       17709
  OPENSSL_LH_get_down_load                                      17916
  FMT_istext                                                    17960
  file_new                                                      18000
  dyld4::JustInTimeLoader::path() const                         18500
  BIO_new                                                       18874
  _kernelrpc_mach_vm_deallocate_trap                            19166
  _kernelrpc_mach_port_destruct_trap                            19375
  kdebug_is_enabled                                             19416
  pthread_cond_init                                             19709
  small_try_realloc_in_place                                    19874
  rack_region_insert                                            20584
  os_unfair_recursive_lock_lock_with_options                    20666
  dyld4::LibSystemHelpers::pthread_getspecific(unsigned long) const            20708
  __chkstk_darwin_probe                                         20999
  dyld4::Loader::matchesPath(char const*) const                 21000
  property_free                                                 21332
  ___chkstk_darwin                                              21917
  os_unfair_lock_assert_not_owner                               22125
  small_size                                                    22332
  lsl::EphemeralAllocator::deallocate_buffer(lsl::MemoryManager::Buffer)            23250
  dyld4::ProcessConfig::DyldCache::indexOfPath(char const*, unsigned int&) const            23458
  pthread_mutex_init                                            25623
  ossl_property_name                                            27167
  __findenv_locked                                              27458
  dyld4::Loader::loadAddress(dyld4::RuntimeState&) const            27500
  lsl::MemoryManager::lockGuard()                               27749
  OPENSSL_sk_delete                                             28293
  OPENSSL_strnlen                                               28540
  dyld4::JustInTimeLoader::loadAddress(dyld4::RuntimeState&) const            29209
  mach_msg2_trap                                                30375
  dyld3::ScopedTimer::endTimer()                                32125
  _pthread_mutex_check_init_slow                                33458
  lsl::AllocationMetadata::AllocationMetadata(lsl::Allocator*, unsigned long)            33500
  __open                                                        34667
  OPENSSL_LH_set_down_load                                      34834
  CRYPTO_new_ex_data                                            35874
  _kernelrpc_mach_vm_map_trap                                   36959
  szone_good_size                                               38123
  small_free_list_add_ptr                                       38376
  dyld4::LibSystemHelpers::os_unfair_recursive_lock_unlock(os_unfair_recursive_lock_s*) const            38582
  OPENSSL_sk_free                                               40084
  Diagnostics::hasError() const                                 41165
  dyld4::LibSystemHelpers::os_unfair_lock_unlock(os_unfair_lock_s*) const            41832
  tiny_free_list_remove_ptr                                     42251
  EVP_PKEY_asn1_get0                                            42871
  __read_nocancel                                               43665
  ossl_rcu_write_lock                                           44373
  _tiny_check_and_zero_inline_meta_from_freelist                45126
  Diagnostics::noError() const                                  45460
  ossl_tdes_gettable_ctx_params                                 46418
  pthread_setspecific                                           47456
  ossl_rcu_write_unlock                                         49542
  get_tiny_previous_free_msize                                  50792
  dyld3::MachOFile::read_uleb128(Diagnostics&, unsigned char const*&, unsigned char const*)            51416
  dyld4::RuntimeState::PermanentRanges::contains(unsigned long, unsigned long, unsigned char*, dyld4::Loader const**) const            51417
  dyld4::LibSystemHelpers::os_unfair_recursive_lock_lock_with_options(os_unfair_recursive_lock_s*, os_unfair_lock_options_t) cons            52834
  madvise                                                       53501
  __close_nocancel                                              54041
  __write_nocancel                                              54167
  EVP_PKEY_asn1_get0_info                                       54251
  szone_malloc                                                  55084
  pthread_cond_broadcast                                        57167
  tiny_size                                                     58625
  small_malloc_from_free_list                                   58917
  dyld4::LibSystemHelpers::os_unfair_lock_lock_with_options(os_unfair_lock_s*, os_unfair_lock_options_t) const            60916
  realloc                                                       60962
  lsl::EphemeralAllocator::allocate_buffer(unsigned long, unsigned long, unsigned long)            62667
  lsl::Lock::lock()                                             63083
  set_tiny_meta_header_in_use                                   64001
  _qsort                                                        67459
  os_unfair_lock_assert_owner                                   69625
  OPENSSL_sk_pop_free                                           70623
  ossl_cipher_aead_gettable_ctx_params                          70625
  strcmp                                                        70708
  _szone_free                                                   71918
  tiny_free_list_add_ptr                                        74710
  szone_try_free_default                                        76959
  invocation function for block in dyld3::MachOFile::getDylibInstallName(char const**, unsigned int*, unsigned int*) const            82791
  rack_get_thread_index                                         84998
  property_hash                                                 88167
  EVP_CIPHER_get_type                                           90627
  dyld3::OverflowSafeArray<unsigned int, 4294967295ul>::verifySpace(unsigned long)            94082
  dyld3::kdebug_trace_dyld_duration_end(unsigned long long, unsigned int, dyld3::kt_arg, dyld3::kt_arg, dyld3::kt_arg)            96001
  dyld4::Loader::contains(dyld4::RuntimeState&, void const*, void const**, unsigned long long*, unsigned char*) const            96958
  pthread_cond_signal                                          108545
  Diagnostics::assertNoError() const                           109418
  nanov2_size                                                  113124
  pthread_rwlock_destroy                                       124662
  pthread_rwlock_init                                          126665
  os_unfair_lock_unlock                                        127081
  Diagnostics::~Diagnostics()                                  143165
  Diagnostics::Diagnostics(bool)                               149710
  __open_nocancel                                              156250
  get_legacy_evp_names                                         161162
  ossl_ctype_check                                             170040
  os_unfair_lock_lock_with_options                             176713
  EVP_MD_get_type                                              195084
  nanov2_pointer_size                                          195874
  invocation function for block in dyld3::MachOFile::getEntry(unsigned long long&, bool&) const           201417
  free                                                         202997
  _Block_object_dispose                                        217666
  OPENSSL_hexchar2int                                          235291
  ossl_sa_set                                                  250250
  nanov2_allocate_from_block                                   261589
  strncmp                                                      270881
  trim_ws                                                      276202
  invocation function for block in dyld4::JustInTimeLoader::contains(dyld4::RuntimeState&, void const*, void const**, unsigned lo           301834
  BUF_MEM_new                                                  307462
  names_free                                                   311299
  OBJ_get0_data                                                333043
  OPENSSL_LH_flush                                             333213
  OPENSSL_LH_doall                                             334299
  OSSL_PARAM_set_uint                                          339543
  ossl_provider_ctx                                            343458
  EVP_CIPHER_get_nid                                           364383
  ossl_lib_ctx_unlock                                          375790
  conf_value_cmp                                               382872
  OSSL_PARAM_locate_const                                      397548
  invocation function for block in dyld3::MachOLoaded::findClosestSymbol(unsigned long long, char const**, unsigned long long*) c           397874
  ossl_lib_ctx_read_lock                                       422417
  OPENSSL_LH_set_thunks                                        430041
  property_defn_cmp                                            443374
  ossl_cipher_generic_gettable_ctx_params                      444837
  evp_cipher_up_ref                                            452001
  property_defn_hash                                           462630
  value_free_hash                                              474383
  ossl_provider_free                                           476252
  function_hash                                                480030
  BN_free                                                      480114
  ossl_provider_up_ref                                         488827
  CRYPTO_realloc                                               489167
  OSSL_PARAM_set_uint32                                        502917
  eat_alpha_numeric                                            510089
  ossl_sa_get                                                  513452
  ASN1_OBJECT_free                                             513748
  sa_free_node                                                 544134
  OSSL_PARAM_construct_end                                     547793
  EVP_CIPHER_get0_provider                                     558160
  OSSL_PARAM_construct_uint                                    567417
  evp_cipher_free                                              577501
  do_all_fn                                                    583079
  EVP_CIPHER_free                                              640878
  ossl_provider_libctx                                         799005
  invocation function for block in dyld3::MachOLoaded::getLinkEditLoadCommands(Diagnostics&, dyld3::MachOLoaded::LinkEditInfo&) c           844294
  internal_free_nop                                            851383
  _platform_strncmp                                            874833
  name_string_free                                             888127
  OPENSSL_LH_error                                             936612
  invocation function for block in dyld3::MachOFile::forEachSegment(void (dyld3::MachOFile::SegmentInfo const&, bool&) block_poin          1117708
  OSSL_PARAM_set_size_t                                       1126035
  BUF_MEM_grow                                                1130919
  pthread_getspecific                                         1152292
  sk_reserve                                                  1162220
  _os_once                                                    1233686
  CRYPTO_THREAD_get_local                                     1285959
  _platform_memchr                                            1356832
  ossl_rcu_assign_uptr                                        1423469
  OSSL_PARAM_set_uint64                                       1514210
  names_lh_free_doall                                         1514765
  ossl_lib_ctx_get_data                                       1604212
  OSSL_PARAM_set_int                                          1608284
  _platform_strchr                                            1724788
  pthread_mutex_lock                                          1735469
  OSSL_PARAM_construct_size_t                                 1808671
  pthread_mutex_unlock                                        1848077
  _nanov2_free                                                1900621
  OPENSSL_sk_push                                             1975638
  _pthread_mutex_lock_init_slow                               1991336
  OPENSSL_sk_num                                              1999952
  _pthread_mutex_unlock_init_slow                             2113622
  _pthread_mutex_firstfit_lock_slow                           2220552
  _pthread_mutex_firstfit_unlock_slow                         2304860
  OPENSSL_sk_value                                            2317200
  OSSL_PARAM_set_int32                                        2445525
  obj_name_cmp                                                2496425
  OPENSSL_LH_strhash                                          2712666
  _platform_memcmp                                            2749325
  OSSL_PARAM_construct_int                                    2757496
  pthread_once                                                3064280
  OBJ_nid2obj                                                 3168925
  CRYPTO_atomic_load                                          3313084
  pthread_rwlock_rdlock                                       3327704
  SortFnByName                                                3406839
  ossl_lh_strcasehash                                         3691978
  __error                                                     3785728
  ossl_isdigit                                                4009837
  cipher_compare                                              4016741
  fnv1a_hash                                                  4440897
  _platform_memmove                                           6495335
  pthread_rwlock_wrlock                                       6703317
  pthread_rwlock_unlock                                      10027336
  err_string_data_cmp                                        11002162
  CRYPTO_free                                                12199026
  malloc                                                     13445258
  doapr_outch                                                15180080
  err_string_data_hash                                       16783066
  nanov2_malloc                                              18661536
  _platform_strlen                                           23231493
  _platform_memset                                           25494614
  nanov2_try_free_default                                    25908019
  _platform_strcmp                                           28020891
  ossl_tolower                                               60150938
