
  EVP_des_ofb                                                    1917
  sigaction                                                      1958
  EVP_rc4_40                                                     1959
  EVP_bf_cbc                                                     2000
  EVP_des_ecb                                                    2042
  EVP_sm4_cbc                                                    2042
  EVP_idea_ofb                                                   2083
  EVP_seed_cbc                                                   2083
  EVP_des_ede                                                    2084
  EVP_bf_ofb                                                     2125
  EVP_des_cbc                                                    2125
  EVP_rc2_cbc                                                    2125
  EVP_sm4_ctr                                                    2125
  EVP_sm4_ofb                                                    2166
  EVP_des_cfb8                                                   2167
  EVP_idea_cbc                                                   2208
  EVP_seed_ofb                                                   2208
  EVP_rc2_ofb                                                    2250
  EVP_rc4                                                        2250
  EVP_cast5_ofb                                                  2291
  vm_deallocate                                                  2292
  EVP_sm4_ecb                                                    2333
  strchr                                                         2333
  EVP_rc2_64_cbc                                                 2375
  EVP_aes_192_cbc                                                2416
  EVP_aes_128_ctr                                                2417
  EVP_aes_256_gcm                                                2417
  EVP_aes_256_ofb                                                2417
  EVP_aes_192_ccm                                                2458
  EVP_aes_256_xts                                                2458
  EVP_sm4_cfb128                                                 2458
  EVP_aes_128_cbc                                                2459
  EVP_aes_256_cbc                                                2459
  EVP_aes_256_ctr                                                2459
  EVP_aes_192_ocb                                                2500
  EVP_aes_256_ccm                                                2500
  EVP_des_cfb1                                                   2500
  EVP_idea_cfb64                                                 2500
  EVP_des_ede3                                                   2541
  EVP_idea_ecb                                                   2541
  EVP_rc2_ecb                                                    2541
  EVP_cast5_cbc                                                  2542
  EVP_aes_192_ctr                                                2583
  EVP_aes_192_gcm                                                2583
  EVP_aes_256_cfb1                                               2583
  EVP_aria_192_ctr                                               2583
  EVP_aria_192_cbc                                               2584
  EVP_aria_256_cbc                                               2584
  EVP_aria_256_ctr                                               2584
  EVP_aria_256_ecb                                               2584
  EVP_aes_192_ecb                                                2625
  EVP_aes_256_cfb8                                               2625
  EVP_aria_256_ofb                                               2625
  EVP_des_ede_ofb                                                2625
  EVP_rc2_cfb64                                                  2625
  EVP_aes_128_ofb                                                2666
  EVP_rc2_40_cbc                                                 2666
  EVP_aes_128_ccm                                                2667
  EVP_aes_128_cfb1                                               2667
  EVP_aes_256_wrap                                               2667
  EVP_aria_128_ofb                                               2667
  EVP_bf_cfb64                                                   2667
  EVP_aria_192_cfb1                                              2708
  EVP_bf_ecb                                                     2708
  EVP_desx_cbc                                                   2708
  EVP_seed_cfb128                                                2708
  EVP_aria_192_gcm                                               2709
  EVP_aria_256_cfb1                                              2709
  EVP_cast5_ecb                                                  2709
  COMP_get_type                                                  2750
  EVP_aes_128_xts                                                2750
  EVP_aes_192_cfb8                                               2750
  EVP_aes_192_ofb                                                2750
  EVP_aria_192_ccm                                               2750
  EVP_aria_256_ccm                                               2750
  EVP_des_ede_cbc                                                2750
  EVP_seed_ecb                                                   2750
  EVP_aes_256_ecb                                                2791
  EVP_aria_128_ecb                                               2791
  EVP_aes_256_ocb                                                2792
  EVP_aria_128_cfb8                                              2792
  EVP_aria_128_ctr                                               2792
  EVP_aria_256_cfb8                                              2792
  EVP_aria_256_gcm                                               2792
  EVP_des_ede3_wrap                                              2792
  EVP_aes_128_gcm                                                2833
  EVP_aria_192_cfb8                                              2833
  EVP_des_ede3_cbc                                               2833
  EVP_des_ede3_cfb1                                              2833
  EVP_des_ede3_cfb8                                              2833
  EVP_des_ede3_ofb                                               2833
  EVP_aes_192_wrap                                               2834
  EVP_cast5_cfb64                                                2875
  EVP_aria_128_cbc                                               2916
  EVP_aria_192_ecb                                               2916
  EVP_aria_192_ofb                                               2917
  EVP_aes_128_wrap                                               2958
  EVP_aria_128_cfb128                                            2958
  EVP_aria_192_cfb128                                            2958
  EVP_aria_256_cfb128                                            2958
  EVP_rc4_hmac_md5                                               2959
  EVP_aes_128_cfb128                                             3000
  EVP_aes_128_cfb8                                               3000
  EVP_aes_192_cfb128                                             3042
  EVP_aes_256_cfb128                                             3042
  EVP_des_cfb64                                                  3042
  EVP_aes_192_wrap_pad                                           3083
  EVP_aes_256_wrap_pad                                           3083
  EVP_camellia_128_ofb                                           3083
  EVP_camellia_192_cbc                                           3083
  EVP_aes_128_ocb                                                3125
  EVP_aria_128_ccm                                               3125
  EVP_camellia_192_ofb                                           3125
  EVP_des_ede_cfb64                                              3125
  EVP_aes_128_wrap_pad                                           3166
  EVP_aria_128_gcm                                               3166
  EVP_aes_192_cfb1                                               3167
  EVP_camellia_128_cbc                                           3167
  EVP_aes_128_ecb                                                3208
  EVP_camellia_192_cfb8                                          3292
  EVP_aria_128_cfb1                                              3375
  EVP_camellia_192_cfb1                                          3416
  EVP_camellia_192_ecb                                           3416
  EVP_camellia_128_cfb1                                          3458
  EVP_camellia_128_cfb8                                          3458
  EVP_des_ede3_cfb64                                             3458
  signal                                                         3458
  _NSGetEnviron                                                  3541
  COMP_zlib                                                      3709
  ossl_isdigit                                                   3709
  EVP_camellia_128_cfb128                                        3750
  EVP_camellia_192_cfb128                                        3792
  _szone_free                                                    3834
  EVP_camellia_128_ecb                                           3875
  _platform_strchr                                               4000
  close                                                          4000
  OPENSSL_strnlen                                                4041
  err_unshelve_state                                             4083
  pthread_mutex_unlock                                           4209
  ossl_child_prov_ctx_new                                        4292
  lsl::Lock::unlock()                                            4375
  szone_good_size                                                4375
  pthread_mutex_lock                                             4458
  EVP_aes_256_cbc_hmac_sha1                                      4459
  rack_region_insert                                             4459
  OPENSSL_cpuid_setup                                            4500
  ossl_lib_ctx_get_concrete                                      4584
  EVP_aes_256_cbc_hmac_sha256                                    4750
  lsl::Lock::lock()                                              4792
  __sigaction                                                    4875
  free                                                           4875
  ossl_bio_core_globals_new                                      4875
  ossl_ctx_global_properties_new                                 5000
  tiny_free_list_add_ptr                                         5000
  Diagnostics::clearError()                                      5084
  EVP_aes_128_cbc_hmac_sha1                                      5084
  EVP_aes_128_cbc_hmac_sha256                                    5084
  __fcntl                                                        5209
  realloc                                                        5376
  memset                                                         5459
  tiny_free_list_remove_ptr                                      5500
  ossl_self_test_set_callback_new                                5583
  tiny_size                                                      5584
  _pthread_mutex_firstfit_lock_slow                              5625
  _pthread_mutex_check_init_slow                                 5708
  ossl_indicator_set_callback_new                                5708
  file_free                                                      5750
  ossl_lib_ctx_get_ex_data_global                                5792
  medium_malloc_from_free_list                                   6375
  get_tiny_previous_free_msize                                   6416
  dyld4::RuntimeState::notifyObjCPatching()                      6625
  dyld4::Loader::hiddenFromFlat(bool) const                      6667
  small_malloc_from_free_list                                    7041
  dyld3::kdebug_trace_dyld_enabled(unsigned int)                 7125
  dyld4::handleFromLoader(dyld4::Loader const*, bool)             7250
  _kernelrpc_mach_port_deallocate_trap                           7291
  _kernelrpc_mach_port_construct_trap                            7417
  dyld4::BumpAllocator::~BumpAllocator()                         7625
  dyld4::JustInTimeLoader::hiddenFromFlat(bool) const             7917
  OPENSSL_sk_num                                                 7999
  pthread_setspecific                                            8041
  _tiny_check_and_zero_inline_meta_from_freelist                 8209
  ossl_property_value                                            8291
  dyld4::Loader::beginInitializers(dyld4::RuntimeState&)             8375
  file_new                                                       8542
  lsl::EphemeralAllocator::reset()                               8583
  BIO_new                                                        8666
  dyld4::RuntimeState::incDlRefCount(dyld4::Loader const*)             8958
  strlen                                                         8958
  nanov2_size                                                    9333
  ossl_sa_new                                                    9417
  __error                                                        9666
  lsl::Vector<dyld4::Loader const*>::reserveExact(unsigned long)             9666
  DSO_METHOD_openssl                                             9708
  dyld4::JustInTimeLoader::beginInitializers(dyld4::RuntimeState&)             9750
  szone_malloc                                                   9832
  BIO_set_flags                                                 10125
  CRYPTO_realloc                                                10251
  dyld4::LibSystemHelpers::pthread_getspecific(unsigned long) const            10375
  lsl::Vector<lsl::MemoryManager::Buffer>::reserve(unsigned long)            10667
  set_tiny_meta_header_in_use                                   10833
  _kernelrpc_mach_vm_map_trap                                   11667
  pthread_cond_init                                             11792
  CRYPTO_atomic_load                                            12042
  _kernelrpc_mach_vm_deallocate_trap                            12166
  CRYPTO_new_ex_data                                            12250
  dyld4::RuntimeState::doSingletonPatching(dyld4::DyldCacheDataConstLazyScopedWriter&)            12250
  EVP_add_cipher                                                12876
  FMT_istext                                                    13500
  dyld4::Loader::loadDependents(Diagnostics&, dyld4::RuntimeState&, dyld4::Loader::LoadOptions const&)            13791
  __bzero                                                       13833
  sk_reserve                                                    14082
  lsl::EphemeralAllocator::~EphemeralAllocator()                14292
  dyld4::DyldCacheDataConstLazyScopedWriter::DyldCacheDataConstLazyScopedWriter(dyld4::RuntimeState&)            14500
  rack_get_thread_index                                         14708
  dyld4::Loader::path() const                                   15042
  dyld4::JustInTimeLoader::loadDependents(Diagnostics&, dyld4::RuntimeState&, dyld4::Loader::LoadOptions const&)            15250
  os_unfair_recursive_lock_unlock                               15958
  dyld3::MachOFile::is64() const                                16125
  nanov2_pointer_size                                           16207
  pthread_mutex_init                                            16209
  _kernelrpc_mach_port_destruct_trap                            16417
  OPENSSL_LH_set_thunks                                         17334
  invocation function for block in dyld4::Loader::forEachPath(Diagnostics&, dyld4::RuntimeState&, char const*, dyld4::Loader::Loa            17750
  ___chkstk_darwin                                              18124
  CRYPTO_THREAD_get_local                                       18375
  dyld4::JustInTimeLoader::path() const                         18541
  kdebug_is_enabled                                             18875
  os_unfair_lock_assert_owner                                   19291
  pthread_getspecific                                           20167
  mach_msg2_trap                                                20333
  os_unfair_recursive_lock_lock_with_options                    20457
  __chkstk_darwin_probe                                         20833
  dyld4::Loader::matchesPath(char const*) const                 21084
  os_unfair_lock_assert_not_owner                               21792
  lsl::EphemeralAllocator::deallocate_buffer(lsl::MemoryManager::Buffer)            21917
  dyld4::ProcessConfig::DyldCache::indexOfPath(char const*, unsigned int&) const            22875
  OPENSSL_sk_push                                               23082
  ossl_property_name                                            23916
  dyld4::Loader::loadAddress(dyld4::RuntimeState&) const            25333
  dyld3::ScopedTimer::endTimer()                                26459
  dyld4::JustInTimeLoader::loadAddress(dyld4::RuntimeState&) const            29125
  lsl::AllocationMetadata::AllocationMetadata(lsl::Allocator*, unsigned long)            33251
  ossl_lib_ctx_get_data                                         34502
  nanov2_allocate_from_block                                    35041
  __open                                                        35875
  dyld4::LibSystemHelpers::os_unfair_recursive_lock_unlock(os_unfair_recursive_lock_s*) const            37999
  Diagnostics::hasError() const                                 40041
  dyld4::LibSystemHelpers::os_unfair_lock_unlock(os_unfair_lock_s*) const            40624
  Diagnostics::noError() const                                  44750
  _platform_strlen                                              47080
  pthread_rwlock_rdlock                                         47251
  pthread_once                                                  48874
  dyld3::MachOFile::read_uleb128(Diagnostics&, unsigned char const*&, unsigned char const*)            49625
  os_unfair_lock_unlock                                         49834
  dyld4::RuntimeState::PermanentRanges::contains(unsigned long, unsigned long, unsigned char*, dyld4::Loader const**) const            51000
  dyld4::LibSystemHelpers::os_unfair_recursive_lock_lock_with_options(os_unfair_recursive_lock_s*, os_unfair_lock_options_t) cons            51876
  _platform_memmove                                             52458
  dyld4::LibSystemHelpers::os_unfair_lock_lock_with_options(os_unfair_lock_s*, os_unfair_lock_options_t) const            58875
  lsl::EphemeralAllocator::allocate_buffer(unsigned long, unsigned long, unsigned long)            64291
  os_unfair_lock_lock_with_options                              68998
  strcmp                                                        71456
  lsl::MemoryManager::lockGuard()                               77250
  invocation function for block in dyld3::MachOFile::getDylibInstallName(char const**, unsigned int*, unsigned int*) const            81123
  property_hash                                                 82792
  dyld3::kdebug_trace_dyld_duration_end(unsigned long long, unsigned int, dyld3::kt_arg, dyld3::kt_arg, dyld3::kt_arg)            83876
  pthread_rwlock_init                                           88585
  dyld3::OverflowSafeArray<unsigned int, 4294967295ul>::verifySpace(unsigned long)            90416
  dyld4::Loader::contains(dyld4::RuntimeState&, void const*, void const**, unsigned long long*, unsigned char*) const            95999
  Diagnostics::assertNoError() const                           108584
  Diagnostics::~Diagnostics()                                  139540
  Diagnostics::Diagnostics(bool)                               146253
  doapr_outch                                                  174623
  invocation function for block in dyld3::MachOFile::getEntry(unsigned long long&, bool&) const           190542
  _Block_object_dispose                                        215418
  __findenv_locked                                             249083
  strncmp                                                      270418
  invocation function for block in dyld4::JustInTimeLoader::contains(dyld4::RuntimeState&, void const*, void const**, unsigned lo           291666
  CRYPTO_free                                                  291999
  OPENSSL_LH_strhash                                           338127
  invocation function for block in dyld3::MachOLoaded::findClosestSymbol(unsigned long long, char const**, unsigned long long*) c           397459
  obj_name_cmp                                                 398621
  OPENSSL_LH_error                                             581121
  nanov2_try_free_default                                      612708
  _os_once                                                     735829
  OBJ_nid2obj                                                  743120
  _platform_memset                                             797008
  invocation function for block in dyld3::MachOLoaded::getLinkEditLoadCommands(Diagnostics&, dyld3::MachOLoaded::LinkEditInfo&) c           840628
  ossl_lh_strcasehash                                          962161
  invocation function for block in dyld3::MachOFile::forEachSegment(void (dyld3::MachOFile::SegmentInfo const&, bool&) block_poin          1101291
  pthread_rwlock_wrlock                                       1234428
  malloc                                                      1240716
  pthread_rwlock_unlock                                       1279131
  nanov2_malloc                                               1745099
  ossl_tolower                                                9210967
