
  EVP_md5                                                        1833
  UI_OpenSSL                                                     1917
  pd_free                                                        1959
  EVP_sha224                                                     2000
  sigaction                                                      2000
  EVP_sha1                                                       2084
  EVP_rc2_ofb                                                    2125
  EVP_sha512                                                     2125
  opt_unknown                                                    2125
  EVP_mdc2                                                       2166
  EVP_sm4_cbc                                                    2166
  EVP_rc4_40                                                     2167
  EVP_sm4_ctr                                                    2167
  EVP_rc4                                                        2208
  EVP_des_ofb                                                    2209
  EVP_md4                                                        2250
  EVP_sha384                                                     2250
  EVP_sm4_ofb                                                    2250
  EVP_sha3_512                                                   2291
  app_get0_propq                                                 2291
  EVP_des_ecb                                                    2292
  EVP_cast5_ofb                                                  2333
  EVP_seed_cbc                                                   2333
  EVP_bf_ofb                                                     2334
  EVP_idea_ofb                                                   2334
  _cleanup                                                       2334
  EVP_des_cfb8                                                   2375
  EVP_des_ede3                                                   2375
  EVP_seed_ofb                                                   2375
  EVP_sha3_224                                                   2375
  EVP_des_cbc                                                    2416
  EVP_rc2_cfb64                                                  2416
  EVP_rc2_cbc                                                    2417
  UI_null                                                        2417
  release_engine                                                 2417
  EVP_des_ede                                                    2458
  EVP_ripemd160                                                  2458
  EVP_shake128                                                   2458
  opt_next                                                       2458
  EVP_idea_cbc                                                   2459
  strchr                                                         2459
  EVP_sha3_384                                                   2500
  EVP_sha512_224                                                 2500
  EVP_sm3                                                        2500
  EVP_sm4_ecb                                                    2500
  EVP_sha512_256                                                 2541
  EVP_bf_cbc                                                     2542
  EVP_blake2s256                                                 2542
  EVP_rc2_ecb                                                    2542
  EVP_shake256                                                   2542
  EVP_bf_ecb                                                     2583
  EVP_idea_ecb                                                   2584
  EVP_md5_sha1                                                   2584
  EVP_MD_free                                                    2625
  EVP_aes_128_cbc                                                2625
  EVP_aes_256_cbc                                                2667
  EVP_chacha20                                                   2667
  lh_FUNCTION_free                                               2667
  EVP_aes_256_ofb                                                2708
  COMP_get_type                                                  2709
  EVP_des_ede_cbc                                                2709
  EVP_aes_192_cbc                                                2750
  EVP_bf_cfb64                                                   2750
  EVP_des_cfb1                                                   2750
  EVP_des_ede_ofb                                                2750
  EVP_desx_cbc                                                   2750
  ossl_trace_cleanup                                             2750
  ENGINE_set_name                                                2791
  EVP_aes_256_ctr                                                2791
  EVP_aria_192_cbc                                               2791
  EVP_aria_256_ctr                                               2791
  EVP_sha3_256                                                   2791
  EVP_aes_128_ctr                                                2792
  EVP_aes_128_ofb                                                2792
  EVP_aes_256_ccm                                                2792
  EVP_aes_256_wrap                                               2792
  EVP_cast5_cbc                                                  2792
  EVP_aes_192_gcm                                                2833
  EVP_aria_256_ofb                                               2833
  EVP_rc2_40_cbc                                                 2833
  EVP_aria_256_ccm                                               2834
  EVP_blake2b512                                                 2834
  EVP_rc2_64_cbc                                                 2834
  BIO_f_cipher                                                   2875
  EVP_aes_192_ctr                                                2875
  EVP_aes_256_cfb1                                               2875
  EVP_aes_256_cfb8                                               2875
  EVP_aria_128_cbc                                               2875
  EVP_aria_128_ctr                                               2875
  EVP_aria_128_ecb                                               2875
  EVP_aria_192_ccm                                               2875
  EVP_aria_256_gcm                                               2875
  EVP_idea_cfb64                                                 2875
  EVP_rc4_hmac_md5                                               2875
  EVP_seed_ecb                                                   2875
  EVP_sm4_cfb128                                                 2875
  EVP_aes_128_cfb1                                               2916
  EVP_aes_256_ocb                                                2916
  EVP_aria_128_ofb                                               2916
  EVP_aria_256_cfb1                                              2916
  query_hash                                                     2916
  EVP_aes_192_cfb1                                               2917
  EVP_des_ede3_cfb1                                              2917
  EVP_des_ede3_ofb                                               2917
  OBJ_obj2txt                                                    2917
  strrchr                                                        2917
  EVP_aes_192_cfb8                                               2959
  EVP_aes_256_ecb                                                2959
  EVP_aes_256_gcm                                                2959
  EVP_aria_192_ctr                                               2959
  EVP_aria_192_gcm                                               2959
  EVP_cast5_ecb                                                  2959
  ENGINE_set_id                                                  3000
  EVP_aes_192_ccm                                                3000
  EVP_aes_192_ocb                                                3000
  EVP_aria_192_cfb1                                              3000
  def_to_int                                                     3000
  vm_deallocate                                                  3000
  EVP_aes_256_xts                                                3041
  EVP_aes_128_xts                                                3042
  EVP_aria_192_ofb                                               3042
  EVP_aria_256_cfb8                                              3042
  EVP_des_ede3_wrap                                              3042
  EVP_aes_128_wrap                                               3083
  EVP_aes_192_wrap                                               3083
  EVP_aria_192_cfb8                                              3083
  EVP_aria_256_ecb                                               3083
  EVP_des_ede3_cfb8                                              3083
  OSSL_LIB_CTX_get_data                                          3083
  getrlimit                                                      3083
  EVP_aria_128_cfb8                                              3084
  EVP_whirlpool                                                  3084
  NCONF_default                                                  3084
  EVP_aes_128_ccm                                                3125
  EVP_aes_128_cfb8                                               3125
  EVP_aria_192_cfb128                                            3125
  EVP_seed_cfb128                                                3125
  def_init_default                                               3125
  property_cmp                                                   3125
  EVP_aria_128_gcm                                               3166
  EVP_des_ede3_cbc                                               3166
  signal                                                         3166
  EVP_aes_192_ecb                                                3167
  EVP_aes_192_ofb                                                3167
  EVP_aria_256_cfb128                                            3167
  function_cmp                                                   3167
  EVP_aria_128_ccm                                               3208
  EVP_aria_128_cfb1                                              3208
  EVP_aria_192_ecb                                               3208
  EVP_aria_256_cbc                                               3208
  UI_method_set_writer                                           3208
  EVP_CIPHER_get_flags                                           3209
  EVP_aes_256_cfb128                                             3250
  EVP_camellia_256_cbc                                           3250
  EVP_des_ede3_cfb64                                             3250
  __cxa_finalize                                                 3250
  EVP_aes_128_cfb128                                             3291
  EVP_aes_128_gcm                                                3291
  ossl_store_cleanup_int                                         3291
  EVP_aria_128_cfb128                                            3292
  UI_method_set_closer                                           3292
  ossl_comp_zstd_cleanup                                         3292
  EVP_aes_192_wrap_pad                                           3333
  OSSL_PARAM_modified                                            3333
  EVP_camellia_192_ofb                                           3334
  EVP_aes_128_ocb                                                3375
  EVP_camellia_192_ctr                                           3375
  EVP_cast5_cfb64                                                3375
  EVP_camellia_128_ofb                                           3416
  EVP_des_ede_cfb64                                              3416
  EVP_aes_128_ecb                                                3417
  EVP_aes_192_cfb128                                             3417
  EVP_camellia_128_cbc                                           3417
  EVP_camellia_256_ofb                                           3417
  opt_set_unknown_name                                           3417
  EVP_camellia_128_cfb1                                          3458
  EVP_camellia_192_cfb1                                          3458
  EVP_camellia_256_cfb8                                          3458
  bio_sock_cleanup_int                                           3458
  EVP_camellia_128_ctr                                           3459
  EVP_des_cfb64                                                  3459
  EVP_aes_256_wrap_pad                                           3500
  EVP_camellia_192_cbc                                           3500
  EVP_camellia_192_cfb8                                          3500
  EVP_camellia_256_ctr                                           3500
  ENGINE_set_flags                                               3541
  EVP_camellia_256_cfb1                                          3542
  EVP_chacha20_poly1305                                          3542
  OSSL_STORE_register_loader                                     3542
  store_loader_cmp                                               3542
  COMP_zlib                                                      3583
  app_RAND_write                                                 3583
  init_thread_stop                                               3583
  ossl_prov_ctx_set0_handle                                      3583
  EVP_camellia_192_ecb                                           3584
  EVP_CipherUpdate                                               3625
  EVP_camellia_256_ecb                                           3625
  UI_method_set_opener                                           3625
  UI_method_set_reader                                           3625
  EVP_add_alg_module                                             3666
  BIO_meth_set_ctrl                                              3667
  ossl_comp_zlib_cleanup                                         3667
  ossl_comp_brotli_cleanup                                       3708
  EVP_camellia_256_cfb128                                        3750
  engine_load_rdrand_int                                         3750
  EVP_camellia_128_cfb8                                          3791
  ossl_lib_ctx_write_lock                                        3791
  BIO_meth_set_puts                                              3792
  ERR_get_error_all                                              3833
  dyld4::APIs::_tlv_exit()                                       3833
  ossl_prov_ctx_new                                              3833
  EVP_aes_128_wrap_pad                                           3834
  BIO_meth_set_create                                            3875
  BIO_meth_set_gets                                              3875
  ERR_print_errors                                               3875
  EVP_camellia_128_cfb128                                        3875
  __smakebuf                                                     3875
  evp_app_cleanup_int                                            3875
  ossl_prov_ctx_free                                             3875
  core_get_libctx                                                3916
  opt_check_rest_arg                                             3916
  ASN1_add_stable_module                                         3958
  EVP_CIPHER_fetch                                               3958
  BIO_meth_set_destroy                                           3959
  ossl_prov_ctx_set0_libctx                                      3959
  EVP_CipherFinal_ex                                             4000
  ossl_prov_ctx_get0_libctx                                      4000
  EVP_camellia_192_cfb128                                        4084
  EVP_camellia_128_ecb                                           4125
  CRYPTO_THREAD_get_current_id                                   4166
  ENGINE_set_cmd_defns                                           4166
  ASN1_add_oid_module                                            4167
  ossl_lib_ctx_is_default                                        4167
  NCONF_get0_libctx                                              4208
  __getrlimit                                                    4208
  ossl_method_unlock_store                                       4209
  EVP_CIPHER_get_iv_length                                       4250
  OSSL_LIB_CTX_free                                              4250
  chacha20_get_params                                            4250
  BIO_meth_set_write_ex                                          4292
  sm4_128_ctr_get_params                                         4292
  BIO_meth_set_read_ex                                           4333
  aes_v8_set_encrypt_key                                         4333
  null_gettable_ctx_params                                       4333
  ossl_method_lock_store                                         4333
  EVP_PKEY_asn1_get_count                                        4334
  ossl_stored_namemap_free                                       4375
  aes_256_cfb_get_params                                         4416
  OSSL_STORE_unregister_loader                                   4417
  aes_192_ctr_get_params                                         4417
  aria_192_ctr_get_params                                        4417
  lsl::Lock::unlock()                                            4417
  aes_192_cfb_get_params                                         4458
  aes_192_gcm_get_params                                         4458
  aes_v8_ctr32_encrypt_blocks                                    4458
  aria_192_ofb_get_params                                        4458
  sm4_128_cbc_get_params                                         4458
  tdes_wrap_get_params                                           4458
  OSSL_ERR_STATE_new                                             4459
  aes_128_cfb_get_params                                         4459
  aes_192_cfb1_get_params                                        4459
  aes_192_ecb_get_params                                         4459
  sm4_128_cfb128_get_params                                      4459
  ENGINE_set_ctrl_function                                       4500
  aes_128_ofb_get_params                                         4500
  tdes_ede2_ecb_get_params                                       4500
  tdes_ede2_cfb_get_params                                       4541
  aes_192_ofb_get_params                                         4542
  aria_256_cfb_get_params                                        4542
  ossl_child_prov_ctx_new                                        4542
  ossl_cipher_generic_reset_ctx                                  4542
  ossl_config_add_ssl_module                                     4542
  tiny_try_realloc_in_place                                      4542
  OSSL_STORE_LOADER_set_eof                                      4583
  aes_128_xts_get_params                                         4583
  aria_128_cfb1_get_params                                       4583
  aria_192_ecb_get_params                                        4583
  chacha20_gettable_ctx_params                                   4583
  lsl::Lock::lock()                                              4583
  sm4_128_gcm_get_params                                         4583
  tdes_ede3_cfb8_get_params                                      4583
  aes_192_cbc_get_params                                         4584
  aes_256_cfb8_get_params                                        4584
  sm4_128_xts_get_params                                         4584
  EVP_sha256                                                     4624
  CONF_imodule_get_value                                         4625
  ENGINE_set_init_function                                       4625
  OPENSSL_cpuid_setup                                            4625
  OSSL_CMP_log_close                                             4625
  OSSL_STORE_LOADER_free                                         4625
  UI_method_set_prompt_constructor                               4625
  aes_128_ctr_get_params                                         4625
  aes_128_ocb_get_params                                         4625
  aes_192_cfb8_get_params                                        4625
  aes_256_ctr_get_params                                         4625
  aria_128_cfb8_get_params                                       4625
  aria_128_ctr_get_params                                        4625
  aria_128_ecb_get_params                                        4625
  aria_192_cfb1_get_params                                       4625
  aria_256_ctr_get_params                                        4625
  aes_128_ccm_get_params                                         4666
  aes_192_ccm_get_params                                         4666
  aes_192_wrapinv_get_params                                     4666
  aria_128_gcm_get_params                                        4666
  aria_256_cbc_get_params                                        4666
  ENGINE_add_conf_module                                         4667
  aes_128_ecb_get_params                                         4667
  aes_192_siv_get_params                                         4667
  aes_192_wrap_get_params                                        4667
  aes_256_cbc_get_params                                         4667
  aes_256_siv_get_params                                         4667
  aria_128_ccm_get_params                                        4667
  aria_192_cfb8_get_params                                       4667
  sm4_128_ofb128_get_params                                      4667
  OSSL_STORE_LOADER_set_close                                    4708
  aes_128_cfb1_get_params                                        4708
  close                                                          4708
  ENGINE_set_finish_function                                     4709
  aes_128_cbc_get_params                                         4709
  aes_128_cfb8_get_params                                        4709
  aria_128_cfb_get_params                                        4709
  aria_192_gcm_get_params                                        4709
  aria_256_cfb1_get_params                                       4709
  OSSL_STORE_LOADER_set_load                                     4750
  aes_256_ccm_get_params                                         4750
  aes_cts_192_cbc_get_params                                     4750
  aria_256_ofb_get_params                                        4750
  camellia_128_ecb_get_params                                    4750
  ossl_bio_core_globals_new                                      4750
  sm4_128_ccm_get_params                                         4750
  tdes_ede2_ofb_get_params                                       4750
  tdes_ede3_cfb_get_params                                       4750
  tdes_ede3_ofb_get_params                                       4750
  BIO_free                                                       4751
  aes_192_ocb_get_params                                         4791
  aes_256_wrap_get_params                                        4791
  aes_256_xts_get_params                                         4791
  EVP_aes_256_cbc_hmac_sha256                                    4792
  aes_256_cfb1_get_params                                        4792
  aes_256_gcm_get_params                                         4792
  aria_128_ofb_get_params                                        4792
  tdes_ede3_cbc_get_params                                       4792
  OSSL_STORE_LOADER_set_error                                    4833
  OSSL_trace_set_channel                                         4833
  aes_cts_128_cbc_get_params                                     4833
  aria_192_cfb_get_params                                        4833
  camellia_128_cfb_get_params                                    4833
  camellia_256_ctr_get_params                                    4833
  def_is_number                                                  4833
  aes_256_ecb_get_params                                         4834
  aria_128_cbc_get_params                                        4834
  ossl_prov_cipher_hw_aes_ctr                                    4834
  aes_128_siv_get_params                                         4875
  aes_256_wrapinv_get_params                                     4875
  aria_256_cfb8_get_params                                       4875
  aria_256_gcm_get_params                                        4875
  camellia_192_cbc_get_params                                    4875
  engine_pkey_meths_free                                         4875
  ossl_prov_ctx_set0_core_bio_method                             4875
  ossl_rand_cleanup_int                                          4875
  tdes_ede3_cfb1_get_params                                      4875
  sm4_128_ecb_get_params                                         4916
  aes_cts_256_cbc_get_params                                     4917
  aria_256_ccm_get_params                                        4917
  ossl_property_match_count                                      4917
  pthread_cond_destroy                                           4917
  aria_192_cbc_get_params                                        4959
  aria_192_ccm_get_params                                        4959
  OSSL_STORE_LOADER_set_expect                                   5000
  OSSL_STORE_LOADER_set_open                                     5000
  aes_128_wrap_get_params                                        5000
  camellia_128_cfb8_get_params                                   5000
  ossl_property_has_optional                                     5000
  ossl_store_register_init                                       5000
  EVP_aes_128_cbc_hmac_sha256                                    5041
  camellia_192_ecb_get_params                                    5041
  ossl_bio_core_globals_free                                     5041
  ENGINE_get_cipher_engine                                       5042
  aes_128_wrappad_get_params                                     5042
  camellia_192_ofb_get_params                                    5042
  engine_remove_dynamic_id                                       5042
  ossl_provider_add_conf_module                                  5042
  tdes_ede2_cbc_get_params                                       5042
  aes_256_ofb_get_params                                         5083
  aes_256_wrappadinv_get_params                                  5083
  camellia_192_cfb8_get_params                                   5083
  camellia_256_cfb_get_params                                    5083
  ossl_random_add_conf_module                                    5083
  pthread_self                                                   5083
  ENGINE_load_builtin_engines                                    5084
  aes_192_wrappad_get_params                                     5084
  camellia_128_cfb1_get_params                                   5084
  camellia_256_cfb8_get_params                                   5084
  aes_128_wrappadinv_get_params                                  5125
  aes_192_wrappadinv_get_params                                  5125
  aes_256_wrappad_get_params                                     5125
  aria_256_ecb_get_params                                        5125
  camellia_192_cfb_get_params                                    5125
  camellia_256_cbc_get_params                                    5125
  aes_256_ocb_get_params                                         5166
  camellia_128_ofb_get_params                                    5166
  aes_128_gcm_get_params                                         5167
  camellia_256_ecb_get_params                                    5167
  camellia_256_ofb_get_params                                    5167
  ossl_ctx_global_properties_new                                 5167
  camellia_128_ctr_get_params                                    5209
  EVP_CIPHER_get_key_length                                      5250
  engine_pkey_asn1_meths_free                                    5250
  camellia_256_cfb1_get_params                                   5291
  EVP_aes_128_cbc_hmac_sha1                                      5292
  aes_128_wrapinv_get_params                                     5292
  camellia_cts_192_cbc_get_params                                5292
  camellia_128_cbc_get_params                                    5333
  OPENSSL_sk_sort                                                5375
  camellia_192_cfb1_get_params                                   5375
  ossl_provider_unquery_operation                                5375
  tdes_ede3_ecb_get_params                                       5375
  camellia_192_ctr_get_params                                    5417
  OSSL_PARAM_get_int                                             5457
  app_get0_libctx                                                5501
  chacha20_poly1305_gettable_ctx_params                          5541
  memset                                                         5543
  ossl_aes_256_gcm_siv_get_params                                5584
  ossl_free_compression_methods_int                              5584
  chacha20_poly1305_get_params                                   5666
  medium_region_for_ptr_no_lock                                  5666
  camellia_cts_256_cbc_get_params                                5667
  ossl_self_test_set_callback_new                                5709
  ossl_aes_128_gcm_siv_get_params                                5750
  ossl_aes_192_gcm_siv_get_params                                5750
  ossl_indicator_set_callback_free                               5750
  ossl_self_test_set_callback_free                               5792
  ossl_init_thread_deregister                                    5833
  EVP_CIPHER_CTX_get_block_size                                  5875
  ossl_prov_ctx_get0_core_bio_method                             5917
  medium_malloc_from_free_list                                   5958
  ossl_indicator_set_callback_new                                5958
  opt_arg                                                        5959
  ossl_prov_bio_from_dispatch                                    5959
  OSSL_LIB_CTX_set_conf_diagnostics                              6000
  camellia_cts_128_cbc_get_params                                6000
  getegid                                                        6042
  EVP_CIPHER_get_mode                                            6208
  BIO_set_data                                                   6209
  Diagnostics::clearError()                                      6292
  ossl_prov_seeding_from_dispatch                                6333
  EVP_RAND_CTX_free                                              6583
  getgid                                                         6584
  geteuid                                                        6625
  dyld3::kdebug_trace_dyld_enabled(unsigned int)                 6750
  OSSL_PARAM_get_int32                                           6792
  dyld4::RuntimeState::notifyObjCPatching()                      7000
  BIO_next                                                       7042
  store_loader_hash                                              7167
  _kernelrpc_mach_port_deallocate_trap                           7250
  bio_open_default                                               7334
  getuid                                                         7334
  EVP_CipherInit_ex                                              7417
  _platform_strnlen                                              7417
  dyld4::Loader::hiddenFromFlat(bool) const                      7458
  EVP_aes_256_cbc_hmac_sha1                                      7500
  __sigaction                                                    7541
  dyld4::BumpAllocator::~BumpAllocator()                         7584
  __fcntl                                                        7708
  ENGINE_register_EC                                             7750
  dyld4::handleFromLoader(dyld4::Loader const*, bool)             7750
  file_ctrl                                                      7917
  OPENSSL_sk_pop                                                 8000
  ENGINE_register_DH                                             8042
  ENGINE_register_RSA                                            8167
  ENGINE_register_DSA                                            8292
  BIO_copy_next_retry                                            8333
  ENGINE_register_RAND                                           8334
  openssl_fopen                                                  8376
  _kernelrpc_mach_port_construct_trap                            8416
  dyld4::JustInTimeLoader::hiddenFromFlat(bool) const             8458
  free_medium                                                    8500
  lsl::EphemeralAllocator::reset()                               8583
  flsl                                                           8624
  err_unshelve_state                                             8667
  dyld4::Loader::beginInitializers(dyld4::RuntimeState&)             8750
  ossl_lib_ctx_get_concrete                                      8792
  __sclose                                                       8875
  BIO_set_init                                                   8917
  X509_get_default_cert_area                                     9000
  __sflags                                                       9041
  dyld4::RuntimeState::incDlRefCount(dyld4::Loader const*)             9208
  ossl_cipher_generic_einit                                      9334
  strlen                                                         9375
  ENGINE_register_digests                                        9459
  ENGINE_register_ciphers                                        9501
  lsl::Vector<dyld4::Loader const*>::reserveExact(unsigned long)             9584
  ossl_sa_new                                                    9584
  ENGINE_register_pkey_meths                                     9874
  deflt_query                                                    9916
  ossl_cipher_generic_set_ctx_params                             9917
  DSO_METHOD_openssl                                            10082
  dyld4::JustInTimeLoader::beginInitializers(dyld4::RuntimeState&)            10125
  ossl_property_free                                            10250
  BIO_set_flags                                                 10417
  lsl::Vector<lsl::MemoryManager::Buffer>::reserve(unsigned long)            10417
  CRYPTO_atomic_or                                              11041
  ENGINE_register_pkey_asn1_meths                               11041
  ossl_lib_ctx_get_ex_data_global                               11125
  OSSL_LIB_CTX_get_conf_diagnostics                             11166
  tiny_malloc_from_free_list                                    11291
  engine_free_util                                              11374
  ossl_lib_ctx_get_rcukey                                       11457
  ossl_sa_doall_arg                                             11959
  free_small                                                    12042
  NCONF_get_section                                             12083
  aes_siv_gettable_ctx_params                                   12083
  OPENSSL_cleanse                                               12374
  dyld4::RuntimeState::doSingletonPatching(dyld4::DyldCacheDataConstLazyScopedWriter&)            12541
  ossl_cipher_capable_aes_cbc_hmac_sha256                       12709
  ossl_cipher_capable_aes_cbc_hmac_sha1                         12833
  EVP_add_cipher                                                13250
  cipher_ocb_gettable_ctx_params                                13500
  aes_cbc_cts_gettable_ctx_params                               13540
  fstat                                                         13542
  ossl_property_value                                           14000
  BIO_clear_flags                                               14209
  __bzero                                                       14375
  dyld4::DyldCacheDataConstLazyScopedWriter::DyldCacheDataConstLazyScopedWriter(dyld4::RuntimeState&)            14708
  dyld4::Loader::loadDependents(Diagnostics&, dyld4::RuntimeState&, dyld4::Loader::LoadOptions const&)            14916
  BIO_get_data                                                  15041
  CRYPTO_atomic_add                                             15042
  lsl::EphemeralAllocator::~EphemeralAllocator()                15083
  DSO_free                                                      15208
  camellia_cbc_cts_gettable_ctx_params                          15417
  sa_doall                                                      15459
  ossl_aes_gcm_siv_gettable_ctx_params                          15541
  dyld4::Loader::path() const                                   15875
  dyld4::JustInTimeLoader::loadDependents(Diagnostics&, dyld4::RuntimeState&, dyld4::Loader::LoadOptions const&)            16583
  _NSGetEnviron                                                 16792
  ossl_prov_is_running                                          16792
  os_unfair_recursive_lock_unlock                               16833
  __sflush                                                      16999
  _kernelrpc_mach_port_destruct_trap                            17084
  file_free                                                     17748
  dyld3::MachOFile::is64() const                                17875
  file_new                                                      17958
  CRYPTO_THREAD_lock_free                                       18292
  invocation function for block in dyld4::Loader::forEachPath(Diagnostics&, dyld4::RuntimeState&, char const*, dyld4::Loader::Loa            18792
  dyld4::JustInTimeLoader::path() const                         18874
  pthread_mutex_destroy                                         19000
  BIO_new                                                       19168
  kdebug_is_enabled                                             19834
  pthread_cond_init                                             20084
  property_free                                                 20667
  dyld4::LibSystemHelpers::pthread_getspecific(unsigned long) const            20834
  OPENSSL_LH_get_down_load                                      21041
  _kernelrpc_mach_vm_deallocate_trap                            21209
  FMT_istext                                                    21458
  os_unfair_recursive_lock_lock_with_options                    21666
  small_try_realloc_in_place                                    21707
  lsl::EphemeralAllocator::deallocate_buffer(lsl::MemoryManager::Buffer)            21750
  __chkstk_darwin_probe                                         21998
  dyld4::Loader::matchesPath(char const*) const                 22499
  rack_region_insert                                            22500
  small_size                                                    23084
  ___chkstk_darwin                                              23418
  dyld4::ProcessConfig::DyldCache::indexOfPath(char const*, unsigned int&) const            23499
  os_unfair_lock_assert_not_owner                               23499
  small_free_list_remove_ptr                                    24083
  small_free_list_find_by_ptr                                   25916
  dyld4::Loader::loadAddress(dyld4::RuntimeState&) const            26335
  get_tiny_previous_free_msize                                  26791
  pthread_mutex_init                                            27042
  lsl::MemoryManager::lockGuard()                               27709
  dyld3::ScopedTimer::endTimer()                                27791
  mach_msg2_trap                                                28041
  ossl_property_name                                            28126
  OPENSSL_strnlen                                               28250
  OPENSSL_sk_delete                                             28501
  tiny_free_list_remove_ptr                                     28665
  small_free_list_remove_ptr_no_clear                           29584
  dyld4::JustInTimeLoader::loadAddress(dyld4::RuntimeState&) const            29916
  __findenv_locked                                              31374
  small_free_list_add_ptr                                       32668
  lsl::AllocationMetadata::AllocationMetadata(lsl::Allocator*, unsigned long)            34333
  _pthread_mutex_check_init_slow                                34460
  OPENSSL_LH_set_down_load                                      36333
  dyld4::LibSystemHelpers::os_unfair_recursive_lock_unlock(os_unfair_recursive_lock_s*) const            39666
  szone_good_size                                               39752
  CRYPTO_new_ex_data                                            39959
  OPENSSL_sk_free                                               40584
  Diagnostics::hasError() const                                 42039
  EVP_PKEY_asn1_get0                                            42505
  ossl_rcu_write_lock                                           43167
  dyld4::LibSystemHelpers::os_unfair_lock_unlock(os_unfair_lock_s*) const            44166
  ossl_tdes_gettable_ctx_params                                 45750
  ossl_rcu_write_unlock                                         46372
  Diagnostics::noError() const                                  46375
  __write_nocancel                                              46375
  __open                                                        48709
  dyld3::MachOFile::read_uleb128(Diagnostics&, unsigned char const*&, unsigned char const*)            51209
  dyld4::RuntimeState::PermanentRanges::contains(unsigned long, unsigned long, unsigned char*, dyld4::Loader const**) const            51874
  pthread_setspecific                                           52456
  small_malloc_from_free_list                                   53540
  EVP_PKEY_asn1_get0_info                                       53579
  _tiny_check_and_zero_inline_meta_from_freelist                53750
  szone_malloc                                                  56000
  dyld4::LibSystemHelpers::os_unfair_recursive_lock_lock_with_options(os_unfair_recursive_lock_s*, os_unfair_lock_options_t) cons            56418
  pthread_cond_broadcast                                        56664
  __read_nocancel                                               56792
  _kernelrpc_mach_vm_map_trap                                   58792
  dyld4::LibSystemHelpers::os_unfair_lock_lock_with_options(os_unfair_lock_s*, os_unfair_lock_options_t) const            61583
  tiny_size                                                     61917
  tiny_free_list_add_ptr                                        63501
  _qsort                                                        64503
  realloc                                                       64584
  madvise                                                       64916
  lsl::EphemeralAllocator::allocate_buffer(unsigned long, unsigned long, unsigned long)            67499
  ossl_cipher_aead_gettable_ctx_params                          70374
  set_tiny_meta_header_in_use                                   70957
  _szone_free                                                   72668
  OPENSSL_sk_pop_free                                           73707
  __close_nocancel                                              76458
  strcmp                                                        79208
  szone_try_free_default                                        80290
  os_unfair_lock_assert_owner                                   82957
  dyld3::kdebug_trace_dyld_duration_end(unsigned long long, unsigned int, dyld3::kt_arg, dyld3::kt_arg, dyld3::kt_arg)            85668
  rack_get_thread_index                                         88416
  invocation function for block in dyld3::MachOFile::getDylibInstallName(char const**, unsigned int*, unsigned int*) const            89375
  EVP_CIPHER_get_type                                           91084
  property_hash                                                 91626
  dyld3::OverflowSafeArray<unsigned int, 4294967295ul>::verifySpace(unsigned long)            93583
  dyld4::Loader::contains(dyld4::RuntimeState&, void const*, void const**, unsigned long long*, unsigned char*) const            99251
  pthread_cond_signal                                          104830
  Diagnostics::assertNoError() const                           113083
  nanov2_size                                                  113961
  pthread_rwlock_init                                          120749
  pthread_rwlock_destroy                                       125915
  os_unfair_lock_unlock                                        138249
  Diagnostics::~Diagnostics()                                  145583
  Diagnostics::Diagnostics(bool)                               150749
  __open_nocancel                                              153876
  get_legacy_evp_names                                         158959
  ossl_ctype_check                                             168334
  os_unfair_lock_lock_with_options                             180086
  EVP_MD_get_type                                              195252
  invocation function for block in dyld3::MachOFile::getEntry(unsigned long long&, bool&) const           196328
  nanov2_pointer_size                                          198836
  free                                                         210296
  _Block_object_dispose                                        224118
  OPENSSL_hexchar2int                                          239250
  ossl_sa_set                                                  247830
  nanov2_allocate_from_block                                   250165
  trim_ws                                                      283670
  strncmp                                                      285004
  invocation function for block in dyld4::JustInTimeLoader::contains(dyld4::RuntimeState&, void const*, void const**, unsigned lo           300290
  BUF_MEM_new                                                  314170
  names_free                                                   315248
  OBJ_get0_data                                                327672
  OPENSSL_LH_flush                                             330590
  OPENSSL_LH_doall                                             331882
  OSSL_PARAM_set_uint                                          339657
  ossl_provider_ctx                                            342367
  EVP_CIPHER_get_nid                                           366373
  ossl_lib_ctx_unlock                                          378585
  conf_value_cmp                                               391625
  OSSL_PARAM_locate_const                                      398331
  invocation function for block in dyld3::MachOLoaded::findClosestSymbol(unsigned long long, char const**, unsigned long long*) c           415499
  ossl_lib_ctx_read_lock                                       423458
  OPENSSL_LH_set_thunks                                        428414
  property_defn_cmp                                            441211
  ossl_cipher_generic_gettable_ctx_params                      446626
  evp_cipher_up_ref                                            456671
  property_defn_hash                                           468590
  ossl_provider_free                                           469210
  function_hash                                                472083
  BN_free                                                      480714
  value_free_hash                                              487465
  ossl_provider_up_ref                                         492546
  ASN1_OBJECT_free                                             501631
  CRYPTO_realloc                                               504624
  OSSL_PARAM_set_uint32                                        505042
  ossl_sa_get                                                  513083
  eat_alpha_numeric                                            526037
  sa_free_node                                                 549584
  OSSL_PARAM_construct_end                                     550000
  EVP_CIPHER_get0_provider                                     566292
  OSSL_PARAM_construct_uint                                    571504
  evp_cipher_free                                              576219
  do_all_fn                                                    583374
  EVP_CIPHER_free                                              626711
  ossl_provider_libctx                                         800752
  invocation function for block in dyld3::MachOLoaded::getLinkEditLoadCommands(Diagnostics&, dyld3::MachOLoaded::LinkEditInfo&) c           866041
  internal_free_nop                                            870786
  _platform_strncmp                                            889625
  name_string_free                                             894543
  OPENSSL_LH_error                                             958039
  OSSL_PARAM_set_size_t                                       1119638
  invocation function for block in dyld3::MachOFile::forEachSegment(void (dyld3::MachOFile::SegmentInfo const&, bool&) block_poin          1153038
  sk_reserve                                                  1159453
  pthread_getspecific                                         1161801
  BUF_MEM_grow                                                1163333
  _os_once                                                    1273546
  CRYPTO_THREAD_get_local                                     1289790
  _platform_memchr                                            1379420
  ossl_rcu_assign_uptr                                        1401617
  OSSL_PARAM_set_uint64                                       1517876
  names_lh_free_doall                                         1556726
  ossl_lib_ctx_get_data                                       1617958
  OSSL_PARAM_set_int                                          1618250
  _platform_strchr                                            1733286
  pthread_mutex_lock                                          1776289
  OSSL_PARAM_construct_size_t                                 1812460
  pthread_mutex_unlock                                        1884513
  _nanov2_free                                                1889407
  OPENSSL_sk_push                                             1990964
  OPENSSL_sk_num                                              2008203
  _pthread_mutex_lock_init_slow                               2043928
  _pthread_mutex_unlock_init_slow                             2147087
  _pthread_mutex_firstfit_lock_slow                           2264837
  OPENSSL_sk_value                                            2337372
  _pthread_mutex_firstfit_unlock_slow                         2357250
  OSSL_PARAM_set_int32                                        2443162
  obj_name_cmp                                                2564918
  OSSL_PARAM_construct_int                                    2750375
  _platform_memcmp                                            2762844
  OPENSSL_LH_strhash                                          2775704
  pthread_once                                                3043723
  OBJ_nid2obj                                                 3191112
  CRYPTO_atomic_load                                          3273866
  SortFnByName                                                3329832
  pthread_rwlock_rdlock                                       3332206
  ossl_lh_strcasehash                                         3720801
  __error                                                     3919107
  ossl_isdigit                                                3971229
  cipher_compare                                              3994959
  fnv1a_hash                                                  4447632
  _platform_memmove                                           6570799
  pthread_rwlock_wrlock                                       6752998
  pthread_rwlock_unlock                                      10093394
  err_string_data_cmp                                        11172300
  CRYPTO_free                                                12341058
  malloc                                                     13668409
  doapr_outch                                                15050825
  err_string_data_hash                                       17052941
  nanov2_malloc                                              18733559
  _platform_strlen                                           23235973
  _platform_memset                                           25772431
  nanov2_try_free_default                                    26148009
  _platform_strcmp                                           28050473
  ossl_tolower                                               60810474
