
  pd_free                                                        1833
  EVP_md5                                                        1875
  EVP_sha224                                                     1958
  EVP_bf_ofb                                                     2000
  EVP_sha384                                                     2000
  EVP_sm4_ctr                                                    2000
  EVP_sha1                                                       2042
  EVP_sm4_ecb                                                    2042
  EVP_des_ofb                                                    2083
  EVP_rc2_ofb                                                    2083
  UI_OpenSSL                                                     2083
  EVP_idea_ofb                                                   2084
  EVP_sha512                                                     2125
  EVP_sm4_ofb                                                    2125
  _cleanup                                                       2125
  EVP_bf_cbc                                                     2167
  EVP_mdc2                                                       2167
  EVP_rc4                                                        2208
  opt_unknown                                                    2208
  EVP_des_ecb                                                    2209
  EVP_rc2_cbc                                                    2209
  EVP_sm4_cbc                                                    2209
  EVP_cast5_ofb                                                  2250
  EVP_des_cbc                                                    2250
  EVP_des_cfb8                                                   2250
  EVP_des_ede                                                    2250
  EVP_md4                                                        2250
  EVP_sha3_512                                                   2291
  EVP_rc4_40                                                     2292
  EVP_seed_cbc                                                   2292
  sigaction                                                      2292
  strchr                                                         2292
  EVP_des_ede3                                                   2333
  EVP_idea_cbc                                                   2333
  EVP_rc2_64_cbc                                                 2333
  EVP_seed_ofb                                                   2333
  EVP_sha512_256                                                 2333
  EVP_bf_cfb64                                                   2334
  EVP_shake128                                                   2334
  EVP_shake256                                                   2334
  EVP_md5_sha1                                                   2375
  EVP_sm3                                                        2375
  app_get0_propq                                                 2375
  EVP_rc2_ecb                                                    2416
  EVP_sha3_224                                                   2416
  EVP_blake2s256                                                 2417
  EVP_cast5_cbc                                                  2417
  EVP_sha3_384                                                   2417
  EVP_sha512_224                                                 2417
  EVP_aes_256_ctr                                                2458
  EVP_des_ede_cbc                                                2458
  EVP_rc2_40_cbc                                                 2458
  UI_null                                                        2458
  opt_next                                                       2458
  COMP_get_type                                                  2459
  EVP_aes_192_ccm                                                2500
  EVP_bf_ecb                                                     2500
  release_engine                                                 2500
  EVP_des_ede_ofb                                                2541
  EVP_seed_ecb                                                   2541
  EVP_aes_128_cbc                                                2542
  EVP_aes_192_cbc                                                2542
  EVP_aes_128_ctr                                                2583
  EVP_aria_128_ofb                                               2583
  EVP_rc2_cfb64                                                  2583
  EVP_aes_192_ocb                                                2584
  EVP_aes_256_xts                                                2584
  EVP_aria_256_cbc                                               2584
  EVP_cast5_cfb64                                                2584
  EVP_aes_192_cfb8                                               2625
  EVP_aes_256_cfb1                                               2625
  EVP_aes_256_cfb8                                               2625
  EVP_aes_256_ocb                                                2625
  EVP_des_ede3_ofb                                               2625
  EVP_ripemd160                                                  2625
  EVP_seed_cfb128                                                2625
  EVP_sha3_256                                                   2625
  EVP_sm4_cfb128                                                 2625
  EVP_aes_128_cfb1                                               2666
  EVP_aes_192_ctr                                                2666
  EVP_aes_256_cbc                                                2666
  EVP_whirlpool                                                  2666
  EVP_aes_192_cfb1                                               2667
  EVP_aria_128_ecb                                               2667
  EVP_aria_192_cfb1                                              2667
  EVP_aria_192_ctr                                               2667
  EVP_aria_256_ctr                                               2667
  EVP_blake2b512                                                 2667
  EVP_des_cfb1                                                   2667
  EVP_desx_cbc                                                   2667
  ENGINE_set_name                                                2708
  EVP_aes_128_ccm                                                2708
  EVP_aes_256_ccm                                                2708
  EVP_aria_256_gcm                                               2708
  EVP_chacha20                                                   2708
  EVP_idea_cfb64                                                 2708
  EVP_idea_ecb                                                   2708
  EVP_MD_free                                                    2709
  EVP_aes_128_ofb                                                2709
  EVP_aes_256_ofb                                                2709
  EVP_cast5_ecb                                                  2709
  EVP_rc4_hmac_md5                                               2709
  EVP_aria_192_cbc                                               2750
  EVP_aria_192_gcm                                               2750
  lh_FUNCTION_free                                               2750
  ossl_trace_cleanup                                             2750
  EVP_aes_256_gcm                                                2791
  EVP_aes_128_xts                                                2792
  EVP_aes_192_ecb                                                2792
  EVP_aes_192_gcm                                                2792
  EVP_aes_256_wrap                                               2792
  EVP_aria_256_ecb                                               2792
  EVP_aria_256_ofb                                               2792
  EVP_des_ede3_cbc                                               2792
  EVP_des_ede3_cfb8                                              2792
  EVP_aes_128_wrap                                               2833
  EVP_aria_128_ctr                                               2833
  EVP_aria_192_ccm                                               2833
  EVP_aria_256_cfb1                                              2833
  EVP_des_ede3_cfb1                                              2833
  vm_deallocate                                                  2833
  EVP_aes_192_ofb                                                2834
  EVP_aes_256_ecb                                                2834
  EVP_aria_256_ccm                                               2834
  EVP_aes_128_ocb                                                2875
  EVP_aes_192_wrap                                               2875
  EVP_aria_192_ecb                                               2875
  EVP_aria_192_ofb                                               2875
  EVP_aria_192_cfb8                                              2916
  EVP_des_ede3_wrap                                              2916
  def_to_int                                                     2916
  EVP_aes_128_gcm                                                2917
  OBJ_obj2txt                                                    2917
  EVP_aria_128_cfb8                                              2958
  query_hash                                                     2958
  BIO_f_cipher                                                   3000
  EVP_aria_192_cfb128                                            3000
  NCONF_default                                                  3000
  EVP_aes_128_cfb128                                             3041
  EVP_aes_128_cfb8                                               3041
  EVP_aria_256_cfb8                                              3041
  ENGINE_set_id                                                  3042
  EVP_aes_256_cfb128                                             3042
  EVP_aria_256_cfb128                                            3042
  EVP_des_ede_cfb64                                              3042
  property_cmp                                                   3042
  EVP_aes_192_cfb128                                             3083
  EVP_camellia_128_ctr                                           3083
  function_cmp                                                   3083
  getrlimit                                                      3083
  EVP_aria_128_ccm                                               3084
  EVP_des_cfb64                                                  3084
  UI_method_set_writer                                           3084
  strrchr                                                        3084
  EVP_camellia_192_ctr                                           3125
  EVP_camellia_256_cbc                                           3125
  EVP_des_ede3_cfb64                                             3125
  signal                                                         3125
  EVP_camellia_192_ofb                                           3166
  EVP_camellia_256_ofb                                           3166
  EVP_aria_128_cbc                                               3167
  bio_sock_cleanup_int                                           3167
  EVP_aes_192_wrap_pad                                           3209
  __cxa_finalize                                                 3209
  EVP_aes_128_ecb                                                3250
  EVP_aria_128_gcm                                               3250
  EVP_camellia_128_cbc                                           3250
  EVP_camellia_256_ctr                                           3250
  opt_set_unknown_name                                           3250
  ossl_comp_zstd_cleanup                                         3250
  EVP_CIPHER_get_flags                                           3291
  EVP_camellia_256_ecb                                           3291
  def_init_default                                               3291
  EVP_aes_256_wrap_pad                                           3292
  EVP_camellia_128_cfb1                                          3292
  EVP_camellia_256_cfb1                                          3292
  EVP_aes_128_wrap_pad                                           3333
  EVP_camellia_192_cfb1                                          3333
  UI_method_set_closer                                           3333
  EVP_aria_128_cfb1                                              3334
  EVP_aria_128_cfb128                                            3334
  EVP_camellia_128_cfb8                                          3334
  app_RAND_write                                                 3334
  EVP_camellia_256_cfb8                                          3375
  UI_method_set_reader                                           3375
  COMP_zlib                                                      3417
  EVP_add_alg_module                                             3417
  EVP_camellia_192_cfb8                                          3417
  OSSL_PARAM_modified                                            3417
  ossl_store_cleanup_int                                         3417
  ossl_prov_ctx_new                                              3458
  EVP_camellia_128_ofb                                           3459
  EVP_camellia_192_ecb                                           3459
  store_loader_cmp                                               3500
  OSSL_LIB_CTX_get_data                                          3541
  OSSL_STORE_register_loader                                     3542
  EVP_camellia_192_cbc                                           3583
  ossl_comp_brotli_cleanup                                       3583
  EVP_chacha20_poly1305                                          3625
  __smakebuf                                                     3625
  ossl_prov_ctx_free                                             3625
  free_medium                                                    3666
  BIO_meth_set_ctrl                                              3667
  EVP_camellia_128_cfb128                                        3667
  UI_method_set_opener                                           3667
  engine_load_rdrand_int                                         3667
  pthread_self                                                   3667
  ENGINE_set_flags                                               3708
  EVP_camellia_256_cfb128                                        3708
  evp_app_cleanup_int                                            3708
  init_thread_stop                                               3709
  ASN1_add_oid_module                                            3750
  EVP_CipherUpdate                                               3750
  ossl_comp_zlib_cleanup                                         3750
  EVP_camellia_128_ecb                                           3791
  ossl_lib_ctx_write_lock                                        3791
  ASN1_add_stable_module                                         3792
  BIO_meth_set_gets                                              3833
  EVP_camellia_192_cfb128                                        3833
  ossl_prov_ctx_set0_handle                                      3834
  BIO_meth_set_puts                                              3875
  ossl_child_prov_ctx_new                                        3875
  EVP_CipherFinal_ex                                             3916
  core_get_libctx                                                3916
  ERR_get_error_all                                              3917
  opt_check_rest_arg                                             3917
  ENGINE_add_conf_module                                         3958
  ERR_print_errors                                               3958
  dyld4::APIs::_tlv_exit()                                       3959
  BIO_meth_set_create                                            4000
  ossl_prov_ctx_get0_libctx                                      4000
  __getrlimit                                                    4083
  aes_v8_set_encrypt_key                                         4083
  BIO_meth_set_destroy                                           4084
  CRYPTO_THREAD_get_current_id                                   4125
  EVP_CIPHER_fetch                                               4125
  EVP_PKEY_asn1_get_count                                        4125
  OSSL_LIB_CTX_free                                              4125
  ossl_lib_ctx_is_default                                        4125
  ossl_method_unlock_store                                       4166
  OSSL_CMP_log_close                                             4167
  ossl_prov_ctx_set0_libctx                                      4167
  EVP_CIPHER_get_iv_length                                       4208
  lsl::Lock::unlock()                                            4209
  ENGINE_set_cmd_defns                                           4250
  ossl_method_lock_store                                         4250
  OSSL_STORE_unregister_loader                                   4291
  aes_192_cfb_get_params                                         4291
  aria_256_ctr_get_params                                        4291
  null_gettable_ctx_params                                       4291
  NCONF_get0_libctx                                              4292
  aes_192_ccm_get_params                                         4292
  aes_192_ctr_get_params                                         4292
  aes_256_ctr_get_params                                         4292
  chacha20_get_params                                            4292
  close                                                          4292
  aes_128_ctr_get_params                                         4333
  aria_192_ofb_get_params                                        4333
  ossl_bio_core_globals_new                                      4333
  OSSL_ERR_STATE_new                                             4334
  EVP_sha256                                                     4374
  CONF_imodule_get_value                                         4375
  aes_256_siv_get_params                                         4375
  BIO_meth_set_read_ex                                           4416
  ossl_cipher_generic_reset_ctx                                  4416
  ossl_stored_namemap_free                                       4416
  aes_256_cbc_get_params                                         4417
  rack_region_insert                                             4417
  aes_256_ofb_get_params                                         4458
  ossl_bio_core_globals_free                                     4458
  aes_128_ecb_get_params                                         4459
  aes_192_cfb8_get_params                                        4459
  BIO_meth_set_write_ex                                          4500
  OSSL_trace_set_channel                                         4500
  aes_128_xts_get_params                                         4500
  aes_256_cfb_get_params                                         4500
  aes_v8_ctr32_encrypt_blocks                                    4500
  aria_128_ccm_get_params                                        4500
  aria_192_ctr_get_params                                        4500
  ossl_config_add_ssl_module                                     4500
  ossl_ctx_global_properties_new                                 4500
  aes_128_cfb1_get_params                                        4541
  aes_128_cfb_get_params                                         4541
  aria_192_cfb8_get_params                                       4541
  aria_256_ofb_get_params                                        4541
  sm4_128_cbc_get_params                                         4541
  OPENSSL_cpuid_setup                                            4542
  aes_128_ocb_get_params                                         4542
  aes_192_ecb_get_params                                         4542
  aes_256_cfb8_get_params                                        4542
  ossl_prov_cipher_hw_aes_ctr                                    4542
  pthread_cond_destroy                                           4542
  tdes_ede3_cbc_get_params                                       4542
  tdes_wrap_get_params                                           4542
  EVP_aes_256_cbc_hmac_sha1                                      4583
  UI_method_set_prompt_constructor                               4583
  aes_128_cbc_get_params                                         4583
  aes_128_cfb8_get_params                                        4583
  aes_192_ofb_get_params                                         4583
  aria_128_cfb1_get_params                                       4583
  aria_128_ecb_get_params                                        4583
  aria_192_cbc_get_params                                        4583
  tiny_try_realloc_in_place                                      4583
  OSSL_STORE_LOADER_set_eof                                      4584
  ossl_rand_cleanup_int                                          4584
  tdes_ede2_ecb_get_params                                       4584
  aes_192_wrap_get_params                                        4625
  aes_256_cfb1_get_params                                        4625
  aes_256_xts_get_params                                         4625
  aria_128_cbc_get_params                                        4625
  aria_192_cfb1_get_params                                       4625
  aria_256_cfb_get_params                                        4625
  ossl_random_add_conf_module                                    4625
  sm4_128_ctr_get_params                                         4625
  sm4_128_xts_get_params                                         4625
  tdes_ede2_cbc_get_params                                       4625
  aria_192_ecb_get_params                                        4666
  chacha20_gettable_ctx_params                                   4666
  sm4_128_gcm_get_params                                         4666
  aes_192_cbc_get_params                                         4667
  aes_192_cfb1_get_params                                        4667
  aes_192_siv_get_params                                         4667
  aes_256_gcm_get_params                                         4667
  aria_128_cfb_get_params                                        4667
  aria_256_cbc_get_params                                        4667
  aria_256_cfb1_get_params                                       4667
  sm4_128_cfb128_get_params                                      4667
  OSSL_STORE_LOADER_set_load                                     4708
  aes_128_ccm_get_params                                         4708
  aes_256_wrap_get_params                                        4708
  aria_128_cfb8_get_params                                       4708
  ossl_prov_ctx_set0_core_bio_method                             4708
  aria_128_ctr_get_params                                        4709
  aria_128_ofb_get_params                                        4709
  EVP_aes_256_cbc_hmac_sha256                                    4750
  OSSL_STORE_LOADER_set_close                                    4750
  OSSL_STORE_LOADER_set_error                                    4750
  aes_128_siv_get_params                                         4750
  aes_192_gcm_get_params                                         4750
  aria_192_cfb_get_params                                        4750
  aria_192_gcm_get_params                                        4750
  sm4_128_ofb128_get_params                                      4750
  tdes_ede3_cfb8_get_params                                      4750
  ENGINE_set_ctrl_function                                       4791
  EVP_aes_128_cbc_hmac_sha256                                    4791
  aes_cts_192_cbc_get_params                                     4791
  BIO_free                                                       4792
  OSSL_STORE_LOADER_free                                         4792
  aes_128_ofb_get_params                                         4792
  aes_256_ccm_get_params                                         4792
  aes_256_wrapinv_get_params                                     4792
  aes_cts_128_cbc_get_params                                     4792
  aria_192_ccm_get_params                                        4792
  ossl_store_register_init                                       4792
  sm4_128_ccm_get_params                                         4792
  tdes_ede2_ofb_get_params                                       4792
  aria_256_cfb8_get_params                                       4833
  aria_256_ecb_get_params                                        4833
  camellia_128_ecb_get_params                                    4833
  camellia_192_ecb_get_params                                    4833
  def_is_number                                                  4833
  __sigaction                                                    4834
  EVP_aes_128_cbc_hmac_sha1                                      4875
  camellia_128_cbc_get_params                                    4875
  camellia_256_cfb_get_params                                    4875
  ENGINE_set_finish_function                                     4916
  aes_256_ecb_get_params                                         4916
  aes_192_wrappad_get_params                                     4917
  aes_cts_256_cbc_get_params                                     4917
  aria_256_gcm_get_params                                        4917
  camellia_128_cfb_get_params                                    4917
  camellia_256_cbc_get_params                                    4917
  engine_pkey_meths_free                                         4917
  tdes_ede3_cfb1_get_params                                      4917
  ENGINE_get_cipher_engine                                       4958
  aes_128_gcm_get_params                                         4958
  aes_128_wrap_get_params                                        4958
  memset                                                         4958
  ossl_self_test_set_callback_free                               4958
  sm4_128_ecb_get_params                                         4959
  EVP_CIPHER_get_key_length                                      5000
  aes_256_wrappadinv_get_params                                  5000
  camellia_192_cfb_get_params                                    5000
  camellia_192_ofb_get_params                                    5000
  camellia_256_ctr_get_params                                    5000
  camellia_256_ofb_get_params                                    5000
  tdes_ede2_cfb_get_params                                       5000
  tdes_ede3_ofb_get_params                                       5000
  ENGINE_load_builtin_engines                                    5041
  aes_192_ocb_get_params                                         5041
  engine_remove_dynamic_id                                       5041
  ossl_indicator_set_callback_new                                5041
  ossl_property_has_optional                                     5041
  ossl_provider_add_conf_module                                  5041
  aes_256_ocb_get_params                                         5042
  camellia_128_cfb8_get_params                                   5042
  camellia_256_cfb1_get_params                                   5042
  tdes_ede3_cfb_get_params                                       5042
  camellia_128_ctr_get_params                                    5083
  OSSL_STORE_LOADER_set_open                                     5084
  aria_128_gcm_get_params                                        5084
  aria_256_ccm_get_params                                        5084
  camellia_256_cfb8_get_params                                   5084
  aes_256_wrappad_get_params                                     5125
  camellia_128_cfb1_get_params                                   5125
  camellia_192_cfb8_get_params                                   5125
  camellia_192_ctr_get_params                                    5125
  aes_128_wrappad_get_params                                     5166
  aes_192_wrappadinv_get_params                                  5166
  camellia_192_cbc_get_params                                    5166
  ossl_self_test_set_callback_new                                5166
  camellia_128_ofb_get_params                                    5167
  camellia_cts_192_cbc_get_params                                5208
  ossl_property_match_count                                      5208
  tdes_ede3_ecb_get_params                                       5208
  aes_128_wrappadinv_get_params                                  5209
  camellia_256_ecb_get_params                                    5209
  OSSL_STORE_LOADER_set_expect                                   5250
  ossl_indicator_set_callback_free                               5250
  ossl_prov_ctx_get0_core_bio_method                             5250
  camellia_192_cfb1_get_params                                   5292
  ossl_free_compression_methods_int                              5292
  __fcntl                                                        5333
  ossl_init_thread_deregister                                    5333
  OPENSSL_sk_sort                                                5334
  OSSL_PARAM_get_int                                             5334
  engine_pkey_asn1_meths_free                                    5375
  ossl_aes_256_gcm_siv_get_params                                5375
  chacha20_poly1305_get_params                                   5458
  EVP_CIPHER_CTX_get_block_size                                  5500
  aes_128_wrapinv_get_params                                     5500
  ossl_aes_192_gcm_siv_get_params                                5500
  aes_192_wrapinv_get_params                                     5542
  getegid                                                        5542
  medium_region_for_ptr_no_lock                                  5625
  ossl_provider_unquery_operation                                5625
  camellia_cts_256_cbc_get_params                                5666
  app_get0_libctx                                                5708
  camellia_cts_128_cbc_get_params                                5792
  chacha20_poly1305_gettable_ctx_params                          5833
  medium_malloc_from_free_list                                   5833
  OSSL_LIB_CTX_set_conf_diagnostics                              5875
  getgid                                                         5958
  ossl_aes_128_gcm_siv_get_params                                5958
  BIO_set_data                                                   6000
  ossl_prov_seeding_from_dispatch                                6083
  opt_arg                                                        6165
  ossl_prov_bio_from_dispatch                                    6209
  free_small                                                     6292
  EVP_CIPHER_get_mode                                            6333
  getuid                                                         6459
  dyld3::kdebug_trace_dyld_enabled(unsigned int)                 6583
  geteuid                                                        6584
  EVP_RAND_CTX_free                                              6625
  OSSL_PARAM_get_int32                                           6666
  dyld4::RuntimeState::notifyObjCPatching()                      6708
  ENGINE_set_init_function                                       6709
  dyld4::Loader::hiddenFromFlat(bool) const                      6709
  lsl::Lock::lock()                                              6792
  BIO_next                                                       7000
  _kernelrpc_mach_port_deallocate_trap                           7000
  dyld4::handleFromLoader(dyld4::Loader const*, bool)             7083
  dyld4::BumpAllocator::~BumpAllocator()                         7250
  EVP_CipherInit_ex                                              7333
  Diagnostics::clearError()                                      7375
  store_loader_hash                                              7375
  OPENSSL_sk_pop                                                 7708
  _platform_strnlen                                              7750
  ENGINE_register_EC                                             7791
  _kernelrpc_mach_port_construct_trap                            7834
  ENGINE_register_DH                                             7875
  err_unshelve_state                                             7876
  dyld4::JustInTimeLoader::hiddenFromFlat(bool) const             7917
  file_ctrl                                                      7958
  lsl::EphemeralAllocator::reset()                               8042
  BIO_copy_next_retry                                            8125
  openssl_fopen                                                  8250
  bio_open_default                                               8333
  ENGINE_register_DSA                                            8375
  ENGINE_register_RAND                                           8375
  __sclose                                                       8375
  flsl                                                           8500
  ENGINE_register_RSA                                            8501
  dyld4::Loader::beginInitializers(dyld4::RuntimeState&)             8541
  ossl_sa_new                                                    8582
  X509_get_default_cert_area                                     8584
  ossl_lib_ctx_get_concrete                                      8666
  BIO_set_init                                                   8833
  _kernelrpc_mach_vm_map_trap                                    8875
  dyld4::RuntimeState::incDlRefCount(dyld4::Loader const*)             9000
  strlen                                                         9041
  lsl::Vector<dyld4::Loader const*>::reserveExact(unsigned long)             9125
  __sflags                                                       9167
  ossl_cipher_generic_einit                                      9334
  ENGINE_register_digests                                        9376
  ossl_property_free                                             9416
  ENGINE_register_ciphers                                        9542
  BIO_set_flags                                                  9625
  dyld4::JustInTimeLoader::beginInitializers(dyld4::RuntimeState&)             9667
  DSO_METHOD_openssl                                             9751
  ENGINE_register_pkey_meths                                    10001
  ossl_cipher_generic_set_ctx_params                            10084
  ossl_lib_ctx_get_ex_data_global                               10250
  OSSL_LIB_CTX_get_conf_diagnostics                             10583
  CRYPTO_atomic_or                                              10666
  lsl::Vector<lsl::MemoryManager::Buffer>::reserve(unsigned long)            11125
  ENGINE_register_pkey_asn1_meths                               11167
  OPENSSL_cleanse                                               11207
  ossl_lib_ctx_get_rcukey                                       11209
  ossl_sa_doall_arg                                             11460
  NCONF_get_section                                             11625
  engine_free_util                                              11750
  aes_siv_gettable_ctx_params                                   11958
  dyld4::RuntimeState::doSingletonPatching(dyld4::DyldCacheDataConstLazyScopedWriter&)            12291
  __bzero                                                       12416
  EVP_add_cipher                                                12624
  deflt_query                                                   12667
  ossl_property_value                                           12749
  ossl_cipher_capable_aes_cbc_hmac_sha256                       12792
  fstat                                                         12958
  ossl_cipher_capable_aes_cbc_hmac_sha1                         13124
  cipher_ocb_gettable_ctx_params                                13418
  aes_cbc_cts_gettable_ctx_params                               13500
  _kernelrpc_mach_vm_deallocate_trap                            13542
  BIO_clear_flags                                               13750
  dyld4::DyldCacheDataConstLazyScopedWriter::DyldCacheDataConstLazyScopedWriter(dyld4::RuntimeState&)            13833
  dyld4::Loader::loadDependents(Diagnostics&, dyld4::RuntimeState&, dyld4::Loader::LoadOptions const&)            13875
  DSO_free                                                      14416
  lsl::EphemeralAllocator::~EphemeralAllocator()                14458
  small_try_realloc_in_place                                    14458
  BIO_get_data                                                  14710
  sa_doall                                                      14875
  CRYPTO_atomic_add                                             14959
  dyld4::Loader::path() const                                   15001
  dyld4::JustInTimeLoader::loadDependents(Diagnostics&, dyld4::RuntimeState&, dyld4::Loader::LoadOptions const&)            15209
  ossl_aes_gcm_siv_gettable_ctx_params                          15292
  _NSGetEnviron                                                 15333
  camellia_cbc_cts_gettable_ctx_params                          15375
  __sflush                                                      15959
  file_new                                                      16000
  os_unfair_recursive_lock_unlock                               16041
  ossl_prov_is_running                                          16291
  dyld3::MachOFile::is64() const                                16374
  file_free                                                     17083
  CRYPTO_THREAD_lock_free                                       17500
  _kernelrpc_mach_port_destruct_trap                            17625
  OPENSSL_LH_get_down_load                                      17832
  invocation function for block in dyld4::Loader::forEachPath(Diagnostics&, dyld4::RuntimeState&, char const*, dyld4::Loader::Loa            17833
  pthread_mutex_destroy                                         17957
  FMT_istext                                                    18208
  BIO_new                                                       18210
  kdebug_is_enabled                                             18457
  dyld4::JustInTimeLoader::path() const                         18541
  pthread_cond_init                                             19209
  os_unfair_recursive_lock_lock_with_options                    20375
  property_free                                                 20583
  __chkstk_darwin_probe                                         20873
  lsl::EphemeralAllocator::deallocate_buffer(lsl::MemoryManager::Buffer)            20958
  dyld4::Loader::matchesPath(char const*) const                 21209
  os_unfair_lock_assert_not_owner                               21751
  small_size                                                    22000
  ___chkstk_darwin                                              22084
  dyld4::LibSystemHelpers::pthread_getspecific(unsigned long) const            22249
  dyld4::ProcessConfig::DyldCache::indexOfPath(char const*, unsigned int&) const            22667
  mach_msg2_trap                                                24000
  pthread_mutex_init                                            24166
  __open                                                        24458
  dyld4::Loader::loadAddress(dyld4::RuntimeState&) const            25334
  ossl_property_name                                            26290
  dyld3::ScopedTimer::endTimer()                                26376
  lsl::MemoryManager::lockGuard()                               27249
  __findenv_locked                                              27375
  OPENSSL_strnlen                                               27500
  OPENSSL_sk_delete                                             28376
  dyld4::JustInTimeLoader::loadAddress(dyld4::RuntimeState&) const            29084
  _pthread_mutex_check_init_slow                                32667
  lsl::AllocationMetadata::AllocationMetadata(lsl::Allocator*, unsigned long)            33291
  CRYPTO_new_ex_data                                            34876
  OPENSSL_LH_set_down_load                                      35207
  szone_good_size                                               37916
  __read_nocancel                                               37917
  dyld4::LibSystemHelpers::os_unfair_recursive_lock_unlock(os_unfair_recursive_lock_s*) const            37958
  small_malloc_from_free_list                                   38915
  small_free_list_find_by_ptr                                   39124
  OPENSSL_sk_free                                               39750
  dyld4::LibSystemHelpers::os_unfair_lock_unlock(os_unfair_lock_s*) const            41001
  Diagnostics::hasError() const                                 41333
  ossl_rcu_write_lock                                           41667
  EVP_PKEY_asn1_get0                                            42250
  Diagnostics::noError() const                                  45083
  ossl_rcu_write_unlock                                         45502
  __write_nocancel                                              45750
  tiny_free_list_remove_ptr                                     46041
  pthread_setspecific                                           46124
  ossl_tdes_gettable_ctx_params                                 46206
  small_free_list_remove_ptr                                    47210
  madvise                                                       49291
  dyld3::MachOFile::read_uleb128(Diagnostics&, unsigned char const*&, unsigned char const*)            50624
  dyld4::RuntimeState::PermanentRanges::contains(unsigned long, unsigned long, unsigned char*, dyld4::Loader const**) const            51542
  dyld4::LibSystemHelpers::os_unfair_recursive_lock_lock_with_options(os_unfair_recursive_lock_s*, os_unfair_lock_options_t) cons            51751
  EVP_PKEY_asn1_get0_info                                       53416
  small_free_list_add_ptr                                       54043
  szone_malloc                                                  54169
  pthread_cond_broadcast                                        55582
  tiny_size                                                     58624
  dyld4::LibSystemHelpers::os_unfair_lock_lock_with_options(os_unfair_lock_s*, os_unfair_lock_options_t) const            59333
  small_free_list_remove_ptr_no_clear                           59749
  realloc                                                       60291
  get_tiny_previous_free_msize                                  60501
  lsl::EphemeralAllocator::allocate_buffer(unsigned long, unsigned long, unsigned long)            62000
  set_tiny_meta_header_in_use                                   63334
  _tiny_check_and_zero_inline_meta_from_freelist                65459
  _szone_free                                                   68042
  _qsort                                                        68665
  OPENSSL_sk_pop_free                                           70000
  ossl_cipher_aead_gettable_ctx_params                          70667
  strcmp                                                        70789
  os_unfair_lock_assert_owner                                   73209
  tiny_free_list_add_ptr                                        76457
  __close_nocancel                                              76500
  szone_try_free_default                                        76959
  invocation function for block in dyld3::MachOFile::getDylibInstallName(char const**, unsigned int*, unsigned int*) const            81041
  rack_get_thread_index                                         81413
  dyld3::kdebug_trace_dyld_duration_end(unsigned long long, unsigned int, dyld3::kt_arg, dyld3::kt_arg, dyld3::kt_arg)            82415
  property_hash                                                 85083
  dyld3::OverflowSafeArray<unsigned int, 4294967295ul>::verifySpace(unsigned long)            91374
  EVP_CIPHER_get_type                                           91585
  dyld4::Loader::contains(dyld4::RuntimeState&, void const*, void const**, unsigned long long*, unsigned char*) const            94874
  pthread_cond_signal                                          103085
  Diagnostics::assertNoError() const                           108542
  pthread_rwlock_init                                          112836
  nanov2_size                                                  113622
  pthread_rwlock_destroy                                       121458
  os_unfair_lock_unlock                                        126837
  __open_nocancel                                              127293
  Diagnostics::~Diagnostics()                                  141917
  Diagnostics::Diagnostics(bool)                               147291
  get_legacy_evp_names                                         160827
  ossl_ctype_check                                             169542
  os_unfair_lock_lock_with_options                             170126
  invocation function for block in dyld3::MachOFile::getEntry(unsigned long long&, bool&) const           189500
  nanov2_pointer_size                                          194373
  EVP_MD_get_type                                              196918
  free                                                         202210
  nanov2_allocate_from_block                                   203749
  _Block_object_dispose                                        212417
  OPENSSL_hexchar2int                                          237543
  ossl_sa_set                                                  246878
  strncmp                                                      269423
  trim_ws                                                      278163
  invocation function for block in dyld4::JustInTimeLoader::contains(dyld4::RuntimeState&, void const*, void const**, unsigned lo           296250
  BUF_MEM_new                                                  296961
  names_free                                                   313789
  OBJ_get0_data                                                326956
  OPENSSL_LH_doall                                             329331
  OPENSSL_LH_flush                                             331130
  OSSL_PARAM_set_uint                                          339718
  ossl_provider_ctx                                            343716
  EVP_CIPHER_get_nid                                           366621
  ossl_lib_ctx_unlock                                          378128
  conf_value_cmp                                               388127
  OSSL_PARAM_locate_const                                      398003
  invocation function for block in dyld3::MachOLoaded::findClosestSymbol(unsigned long long, char const**, unsigned long long*) c           409749
  ossl_lib_ctx_read_lock                                       423628
  OPENSSL_LH_set_thunks                                        427073
  property_defn_cmp                                            440875
  ossl_cipher_generic_gettable_ctx_params                      445254
  evp_cipher_up_ref                                            458838
  property_defn_hash                                           465960
  ossl_provider_free                                           468041
  function_hash                                                480083
  CRYPTO_realloc                                               481246
  value_free_hash                                              486462
  BN_free                                                      490376
  ossl_provider_up_ref                                         492629
  OSSL_PARAM_set_uint32                                        504120
  ASN1_OBJECT_free                                             507122
  eat_alpha_numeric                                            512590
  ossl_sa_get                                                  514841
  sa_free_node                                                 545035
  OSSL_PARAM_construct_end                                     550833
  EVP_CIPHER_get0_provider                                     564120
  OSSL_PARAM_construct_uint                                    569876
  evp_cipher_free                                              575050
  do_all_fn                                                    591415
  EVP_CIPHER_free                                              623925
  ossl_provider_libctx                                         800041
  invocation function for block in dyld3::MachOLoaded::getLinkEditLoadCommands(Diagnostics&, dyld3::MachOLoaded::LinkEditInfo&) c           858753
  internal_free_nop                                            859787
  _platform_strncmp                                            868873
  name_string_free                                             889803
  OPENSSL_LH_error                                             922126
  invocation function for block in dyld3::MachOFile::forEachSegment(void (dyld3::MachOFile::SegmentInfo const&, bool&) block_poin          1102419
  OSSL_PARAM_set_size_t                                       1117837
  BUF_MEM_grow                                                1128209
  pthread_getspecific                                         1158164
  sk_reserve                                                  1165712
  _os_once                                                    1224164
  CRYPTO_THREAD_get_local                                     1288490
  _platform_memchr                                            1348656
  ossl_rcu_assign_uptr                                        1416456
  OSSL_PARAM_set_uint64                                       1518917
  names_lh_free_doall                                         1519455
  ossl_lib_ctx_get_data                                       1607790
  OSSL_PARAM_set_int                                          1618350
  _platform_strchr                                            1732380
  pthread_mutex_lock                                          1740908
  OSSL_PARAM_construct_size_t                                 1813547
  pthread_mutex_unlock                                        1836745
  _nanov2_free                                                1890390
  OPENSSL_sk_push                                             1975123
  _pthread_mutex_lock_init_slow                               1996413
  OPENSSL_sk_num                                              2005173
  _pthread_mutex_unlock_init_slow                             2093423
  _pthread_mutex_firstfit_lock_slow                           2205829
  _pthread_mutex_firstfit_unlock_slow                         2293750
  OPENSSL_sk_value                                            2331129
  OSSL_PARAM_set_int32                                        2438455
  obj_name_cmp                                                2512647
  OPENSSL_LH_strhash                                          2709698
  OSSL_PARAM_construct_int                                    2756588
  _platform_memcmp                                            2777479
  pthread_once                                                3037991
  OBJ_nid2obj                                                 3191819
  CRYPTO_atomic_load                                          3296341
  pthread_rwlock_rdlock                                       3325092
  SortFnByName                                                3384549
  ossl_lh_strcasehash                                         3671658
  __error                                                     3798896
  cipher_compare                                              4024170
  ossl_isdigit                                                4025577
  fnv1a_hash                                                  4463096
  _platform_memmove                                           6519179
  pthread_rwlock_wrlock                                       6669075
  pthread_rwlock_unlock                                      10001865
  err_string_data_cmp                                        10996632
  CRYPTO_free                                                12199498
  malloc                                                     13512433
  doapr_outch                                                15254728
  err_string_data_hash                                       16654535
  nanov2_malloc                                              18555562
  _platform_strlen                                           23348586
  _platform_memset                                           25513467
  nanov2_try_free_default                                    25897104
  _platform_strcmp                                           28134868
  ossl_tolower                                               60151412
