
  pd_free                                                        1708
  EVP_md5                                                        1792
  sigaction                                                      1834
  EVP_rc4                                                        1958
  EVP_sha1                                                       1958
  EVP_mdc2                                                       2000
  EVP_rc4_40                                                     2041
  EVP_sha384                                                     2042
  EVP_sha512                                                     2083
  UI_OpenSSL                                                     2083
  EVP_sha224                                                     2084
  EVP_sm4_cbc                                                    2084
  EVP_bf_ofb                                                     2125
  EVP_idea_cbc                                                   2166
  EVP_des_ofb                                                    2167
  EVP_rc2_ofb                                                    2167
  UI_null                                                        2167
  _cleanup                                                       2167
  opt_unknown                                                    2167
  EVP_idea_ofb                                                   2208
  EVP_rc2_cbc                                                    2208
  EVP_shake128                                                   2209
  EVP_sm4_ctr                                                    2209
  EVP_des_cfb8                                                   2250
  EVP_des_ede                                                    2291
  EVP_sha3_224                                                   2291
  EVP_seed_cbc                                                   2292
  EVP_seed_ofb                                                   2292
  EVP_sha3_384                                                   2292
  EVP_sm3                                                        2292
  EVP_md4                                                        2333
  EVP_md5_sha1                                                   2333
  strchr                                                         2333
  EVP_cast5_ofb                                                  2334
  EVP_des_cbc                                                    2334
  EVP_sm4_ofb                                                    2334
  EVP_bf_cbc                                                     2375
  EVP_ripemd160                                                  2375
  EVP_sha512_256                                                 2375
  app_get0_propq                                                 2375
  EVP_bf_cfb64                                                   2417
  EVP_bf_ecb                                                     2417
  EVP_des_ecb                                                    2417
  EVP_idea_ecb                                                   2417
  EVP_blake2s256                                                 2458
  EVP_sha3_512                                                   2458
  release_engine                                                 2458
  EVP_chacha20                                                   2459
  EVP_des_ede3                                                   2459
  EVP_aes_128_ctr                                                2500
  EVP_aes_192_gcm                                                2500
  EVP_sha512_224                                                 2500
  EVP_aes_128_cbc                                                2541
  EVP_aes_256_gcm                                                2541
  EVP_rc2_cfb64                                                  2541
  opt_next                                                       2541
  COMP_get_type                                                  2542
  EVP_shake256                                                   2542
  EVP_aes_192_ccm                                                2583
  EVP_aes_192_cfb8                                               2583
  EVP_aes_256_ofb                                                2583
  EVP_aes_256_xts                                                2583
  EVP_aes_192_cbc                                                2584
  EVP_aes_256_cbc                                                2584
  EVP_seed_ecb                                                   2584
  EVP_des_ede_ofb                                                2625
  EVP_rc2_64_cbc                                                 2625
  EVP_rc2_ecb                                                    2625
  EVP_sm4_ecb                                                    2625
  EVP_aes_256_cfb1                                               2666
  EVP_aria_192_ctr                                               2666
  vm_deallocate                                                  2666
  EVP_aria_256_ctr                                               2667
  EVP_cast5_cfb64                                                2667
  EVP_idea_cfb64                                                 2667
  EVP_MD_free                                                    2708
  EVP_aes_256_ocb                                                2708
  EVP_aria_192_ccm                                               2708
  EVP_aria_256_ofb                                               2708
  lh_FUNCTION_free                                               2708
  ossl_trace_cleanup                                             2708
  signal                                                         2708
  EVP_aria_192_ecb                                               2709
  EVP_aria_256_cbc                                               2709
  EVP_des_cfb1                                                   2709
  EVP_rc2_40_cbc                                                 2709
  EVP_aes_192_wrap                                               2750
  EVP_aes_256_ctr                                                2750
  EVP_aria_128_ctr                                               2750
  EVP_aria_192_gcm                                               2750
  EVP_aria_256_ecb                                               2750
  EVP_aria_256_gcm                                               2750
  EVP_des_ede_cbc                                                2750
  EVP_sha3_256                                                   2750
  EVP_aes_192_cfb1                                               2791
  EVP_aes_256_ecb                                                2791
  EVP_aria_192_ofb                                               2791
  EVP_aes_128_ofb                                                2792
  EVP_aes_192_ecb                                                2792
  EVP_aes_192_ofb                                                2792
  EVP_aria_128_ofb                                               2792
  EVP_cast5_cbc                                                  2792
  EVP_des_ede3_ofb                                               2792
  EVP_desx_cbc                                                   2792
  EVP_whirlpool                                                  2792
  NCONF_default                                                  2792
  EVP_aes_128_cfb1                                               2833
  EVP_aes_192_ctr                                                2833
  EVP_aes_256_cfb8                                               2833
  EVP_rc4_hmac_md5                                               2833
  BIO_f_cipher                                                   2834
  EVP_aes_128_ccm                                                2875
  EVP_aes_128_xts                                                2875
  EVP_aria_128_cbc                                               2875
  EVP_aria_128_cfb1                                              2875
  EVP_aria_192_cbc                                               2875
  EVP_aria_192_cfb8                                              2875
  EVP_aria_256_ccm                                               2875
  EVP_cast5_ecb                                                  2875
  EVP_des_ede3_wrap                                              2875
  OBJ_obj2txt                                                    2916
  def_to_int                                                     2916
  EVP_aes_128_wrap                                               2917
  EVP_aes_192_ocb                                                2917
  EVP_aes_256_wrap                                               2917
  EVP_aria_128_ecb                                               2917
  EVP_aria_192_cfb1                                              2917
  EVP_blake2b512                                                 2917
  EVP_sm4_cfb128                                                 2917
  EVP_aes_256_cfb128                                             2958
  EVP_aria_128_ccm                                               2958
  EVP_aria_256_cfb8                                              2958
  EVP_des_ede3_cfb8                                              2958
  EVP_aes_256_ccm                                                2959
  EVP_des_ede3_cfb1                                              3000
  EVP_seed_cfb128                                                3000
  def_init_default                                               3000
  ENGINE_set_name                                                3042
  EVP_aes_128_cfb8                                               3042
  EVP_aria_256_cfb1                                              3042
  function_cmp                                                   3042
  property_cmp                                                   3042
  query_hash                                                     3042
  EVP_aes_128_ocb                                                3083
  EVP_aes_192_cfb128                                             3083
  EVP_aes_128_cfb128                                             3125
  EVP_aes_192_wrap_pad                                           3125
  EVP_aria_192_cfb128                                            3125
  EVP_camellia_256_ofb                                           3125
  EVP_des_ede_cfb64                                              3125
  EVP_aria_128_cfb8                                              3166
  EVP_camellia_192_ctr                                           3166
  EVP_camellia_192_ofb                                           3166
  __cxa_finalize                                                 3166
  COMP_zlib                                                      3167
  ENGINE_set_id                                                  3167
  EVP_camellia_128_cbc                                           3167
  EVP_des_ede3_cbc                                               3167
  getrlimit                                                      3167
  EVP_aria_128_gcm                                               3208
  UI_method_set_writer                                           3208
  strrchr                                                        3208
  EVP_aria_256_cfb128                                            3209
  EVP_camellia_256_cbc                                           3209
  EVP_camellia_128_ctr                                           3250
  EVP_camellia_192_cbc                                           3250
  EVP_camellia_192_cfb8                                          3250
  ossl_store_cleanup_int                                         3250
  ossl_comp_zstd_cleanup                                         3291
  EVP_camellia_256_cfb1                                          3292
  OSSL_LIB_CTX_get_data                                          3292
  EVP_aes_128_gcm                                                3333
  EVP_aes_128_wrap_pad                                           3333
  EVP_aria_128_cfb128                                            3333
  EVP_camellia_192_cfb1                                          3333
  EVP_camellia_256_cfb8                                          3333
  UI_method_set_closer                                           3333
  EVP_camellia_128_ofb                                           3334
  UI_method_set_reader                                           3334
  EVP_CIPHER_get_flags                                           3375
  EVP_camellia_256_ctr                                           3375
  EVP_des_ede3_cfb64                                             3375
  EVP_chacha20_poly1305                                          3416
  EVP_aes_256_wrap_pad                                           3417
  EVP_camellia_192_ecb                                           3417
  opt_set_unknown_name                                           3417
  bio_sock_cleanup_int                                           3459
  EVP_add_alg_module                                             3500
  EVP_camellia_128_cfb8                                          3500
  EVP_camellia_192_cfb128                                        3500
  EVP_camellia_256_ecb                                           3500
  UI_method_set_opener                                           3500
  __smakebuf                                                     3500
  pthread_self                                                   3500
  store_loader_cmp                                               3500
  EVP_camellia_128_cfb1                                          3542
  OSSL_PARAM_modified                                            3542
  EVP_camellia_128_cfb128                                        3583
  ossl_prov_ctx_free                                             3583
  OSSL_STORE_register_loader                                     3625
  evp_app_cleanup_int                                            3625
  init_thread_stop                                               3625
  EVP_camellia_256_cfb128                                        3666
  BIO_meth_set_ctrl                                              3667
  EVP_aes_128_ecb                                                3667
  BIO_meth_set_puts                                              3708
  app_RAND_write                                                 3708
  EVP_CipherUpdate                                               3709
  ossl_prov_ctx_set0_handle                                      3709
  ENGINE_set_flags                                               3750
  EVP_des_cfb64                                                  3750
  free_medium                                                    3750
  ossl_lib_ctx_write_lock                                        3750
  __getrlimit                                                    3792
  core_get_libctx                                                3792
  ASN1_add_stable_module                                         3833
  ossl_comp_brotli_cleanup                                       3833
  ERR_print_errors                                               3875
  dyld4::APIs::_tlv_exit()                                       3875
  ossl_comp_zlib_cleanup                                         3875
  opt_check_rest_arg                                             3916
  BIO_meth_set_gets                                              3917
  engine_load_rdrand_int                                         3917
  ossl_prov_ctx_get0_libctx                                      3917
  ASN1_add_oid_module                                            3958
  ERR_get_error_all                                              3958
  EVP_camellia_128_ecb                                           3958
  ossl_prov_ctx_new                                              3958
  BIO_meth_set_create                                            3959
  BIO_meth_set_destroy                                           3959
  EVP_CipherFinal_ex                                             4041
  EVP_CIPHER_get_iv_length                                       4083
  ossl_prov_ctx_set0_libctx                                      4083
  ENGINE_set_cmd_defns                                           4125
  ossl_child_prov_ctx_new                                        4125
  ossl_lib_ctx_is_default                                        4125
  EVP_CIPHER_fetch                                               4209
  ossl_method_lock_store                                         4209
  ossl_method_unlock_store                                       4209
  ENGINE_add_conf_module                                         4250
  OSSL_LIB_CTX_free                                              4250
  __sigaction                                                    4250
  aes_256_ctr_get_params                                         4250
  aria_192_ctr_get_params                                        4250
  ossl_config_add_ssl_module                                     4291
  CRYPTO_THREAD_get_current_id                                   4292
  EVP_PKEY_asn1_get_count                                        4292
  aes_192_ofb_get_params                                         4292
  OSSL_STORE_unregister_loader                                   4333
  null_gettable_ctx_params                                       4334
  ossl_cipher_generic_reset_ctx                                  4334
  sm4_128_cbc_get_params                                         4334
  BIO_meth_set_read_ex                                           4375
  OPENSSL_cpuid_setup                                            4375
  OSSL_ERR_STATE_new                                             4375
  aria_256_ctr_get_params                                        4375
  chacha20_get_params                                            4375
  close                                                          4375
  aes_128_cfb_get_params                                         4416
  aes_192_ecb_get_params                                         4416
  aes_192_gcm_get_params                                         4416
  aria_128_ecb_get_params                                        4416
  ossl_stored_namemap_free                                       4416
  aes_v8_set_encrypt_key                                         4417
  ossl_bio_core_globals_new                                      4417
  EVP_aes_256_cbc_hmac_sha1                                      4458
  EVP_sha256                                                     4458
  aes_128_ofb_get_params                                         4458
  aes_192_cfb1_get_params                                        4458
  aes_256_cbc_get_params                                         4458
  aria_192_ofb_get_params                                        4458
  OSSL_CMP_log_close                                             4459
  aes_256_ofb_get_params                                         4459
  aria_192_ecb_get_params                                        4459
  aes_128_xts_get_params                                         4500
  aes_192_ccm_get_params                                         4500
  aria_128_cfb_get_params                                        4500
  aria_192_cfb1_get_params                                       4500
  aria_256_cfb_get_params                                        4500
  ossl_bio_core_globals_free                                     4500
  aria_256_cbc_get_params                                        4541
  sm4_128_ctr_get_params                                         4541
  aes_192_cbc_get_params                                         4542
  aes_192_cfb_get_params                                         4542
  aes_256_siv_get_params                                         4542
  aria_192_cbc_get_params                                        4542
  tdes_ede2_ecb_get_params                                       4542
  aes_128_ecb_get_params                                         4583
  aes_256_cfb8_get_params                                        4583
  aria_256_ofb_get_params                                        4583
  chacha20_gettable_ctx_params                                   4583
  aria_256_cfb1_get_params                                       4584
  tdes_ede3_cbc_get_params                                       4584
  OSSL_STORE_LOADER_set_eof                                      4625
  OSSL_trace_set_channel                                         4625
  aes_128_ccm_get_params                                         4625
  aria_128_cbc_get_params                                        4625
  aria_128_gcm_get_params                                        4625
  aes_256_cfb_get_params                                         4666
  pthread_cond_destroy                                           4666
  sm4_128_ecb_get_params                                         4666
  BIO_meth_set_write_ex                                          4667
  aes_128_cbc_get_params                                         4667
  aes_128_cfb8_get_params                                        4667
  aes_192_ocb_get_params                                         4667
  aes_256_ccm_get_params                                         4667
  aes_256_gcm_get_params                                         4667
  aes_cts_128_cbc_get_params                                     4667
  aes_v8_ctr32_encrypt_blocks                                    4667
  aria_128_ofb_get_params                                        4667
  aria_192_cfb8_get_params                                       4667
  tdes_ede2_cbc_get_params                                       4667
  EVP_aes_256_cbc_hmac_sha256                                    4708
  OSSL_STORE_LOADER_set_close                                    4708
  aria_128_ctr_get_params                                        4708
  aria_192_gcm_get_params                                        4708
  ossl_prov_cipher_hw_aes_ctr                                    4708
  ossl_rand_cleanup_int                                          4708
  ossl_store_register_init                                       4708
  sm4_128_ccm_get_params                                         4708
  sm4_128_gcm_get_params                                         4708
  tdes_wrap_get_params                                           4708
  lsl::Lock::unlock()                                            4709
  OSSL_STORE_LOADER_set_error                                    4750
  UI_method_set_prompt_constructor                               4750
  aes_128_ctr_get_params                                         4750
  aes_128_siv_get_params                                         4750
  aes_192_cfb8_get_params                                        4750
  aes_cts_192_cbc_get_params                                     4750
  ossl_ctx_global_properties_new                                 4750
  ossl_random_add_conf_module                                    4750
  sm4_128_xts_get_params                                         4750
  tdes_ede2_ofb_get_params                                       4750
  aes_192_wrap_get_params                                        4791
  ossl_prov_ctx_set0_core_bio_method                             4791
  OSSL_STORE_LOADER_free                                         4792
  aes_128_gcm_get_params                                         4792
  aes_128_ocb_get_params                                         4792
  aes_128_wrap_get_params                                        4792
  aes_192_ctr_get_params                                         4792
  aria_128_cfb1_get_params                                       4792
  def_is_number                                                  4792
  engine_pkey_meths_free                                         4792
  sm4_128_cfb128_get_params                                      4792
  OSSL_STORE_LOADER_set_open                                     4833
  aes_192_wrappad_get_params                                     4833
  aria_256_gcm_get_params                                        4833
  aes_256_xts_get_params                                         4834
  aria_128_ccm_get_params                                        4834
  tdes_ede3_ofb_get_params                                       4834
  BIO_free                                                       4874
  aes_128_cfb1_get_params                                        4875
  aria_192_ccm_get_params                                        4875
  camellia_128_cfb_get_params                                    4875
  camellia_128_ecb_get_params                                    4875
  sm4_128_ofb128_get_params                                      4875
  tdes_ede3_cfb1_get_params                                      4875
  tdes_ede3_cfb_get_params                                       4875
  ENGINE_set_ctrl_function                                       4916
  aes_192_siv_get_params                                         4917
  aes_256_wrap_get_params                                        4917
  aes_256_wrapinv_get_params                                     4917
  aria_256_ccm_get_params                                        4917
  aria_256_ecb_get_params                                        4917
  camellia_256_cbc_get_params                                    4917
  tdes_ede3_cfb8_get_params                                      4917
  CONF_imodule_get_value                                         4958
  EVP_aes_128_cbc_hmac_sha256                                    4958
  aes_256_wrappad_get_params                                     4958
  aria_192_cfb_get_params                                        4958
  camellia_256_cfb1_get_params                                   4958
  camellia_256_ofb_get_params                                    4958
  ossl_property_has_optional                                     4958
  aes_cts_256_cbc_get_params                                     4959
  ENGINE_set_finish_function                                     5000
  OSSL_STORE_LOADER_set_load                                     5000
  aes_256_cfb1_get_params                                        5000
  camellia_128_cbc_get_params                                    5000
  camellia_192_cfb1_get_params                                   5000
  camellia_256_cfb_get_params                                    5000
  engine_remove_dynamic_id                                       5000
  ossl_provider_add_conf_module                                  5000
  tdes_ede2_cfb_get_params                                       5000
  camellia_192_cbc_get_params                                    5041
  ENGINE_load_builtin_engines                                    5042
  OSSL_STORE_LOADER_set_expect                                   5042
  aes_256_ecb_get_params                                         5042
  camellia_128_ctr_get_params                                    5042
  camellia_192_cfb_get_params                                    5042
  EVP_CIPHER_get_key_length                                      5083
  aes_192_wrapinv_get_params                                     5083
  camellia_128_ofb_get_params                                    5083
  camellia_256_ctr_get_params                                    5083
  EVP_aes_128_cbc_hmac_sha1                                      5084
  camellia_128_cfb8_get_params                                   5084
  camellia_192_cfb8_get_params                                   5084
  ossl_property_match_count                                      5084
  aria_256_cfb8_get_params                                       5125
  camellia_192_ecb_get_params                                    5125
  ossl_indicator_set_callback_new                                5125
  ossl_self_test_set_callback_free                               5125
  aes_128_wrappadinv_get_params                                  5167
  aes_256_ocb_get_params                                         5167
  camellia_128_cfb1_get_params                                   5167
  ENGINE_get_cipher_engine                                       5208
  aes_128_wrapinv_get_params                                     5208
  aes_128_wrappad_get_params                                     5208
  camellia_192_ofb_get_params                                    5208
  camellia_cts_192_cbc_get_params                                5208
  engine_pkey_asn1_meths_free                                    5209
  ossl_indicator_set_callback_free                               5209
  ossl_init_thread_deregister                                    5209
  aes_192_wrappadinv_get_params                                  5250
  camellia_192_ctr_get_params                                    5250
  camellia_256_cfb8_get_params                                   5250
  OPENSSL_sk_sort                                                5291
  tdes_ede3_ecb_get_params                                       5291
  aes_256_wrappadinv_get_params                                  5375
  camellia_256_ecb_get_params                                    5375
  ossl_self_test_set_callback_new                                5375
  OSSL_PARAM_get_int                                             5376
  ossl_free_compression_methods_int                              5417
  Diagnostics::clearError()                                      5458
  medium_region_for_ptr_no_lock                                  5458
  ossl_provider_unquery_operation                                5458
  camellia_cts_256_cbc_get_params                                5541
  app_get0_libctx                                                5542
  ossl_aes_256_gcm_siv_get_params                                5542
  __fcntl                                                        5584
  chacha20_poly1305_get_params                                   5584
  chacha20_poly1305_gettable_ctx_params                          5625
  camellia_cts_128_cbc_get_params                                5792
  aria_128_cfb8_get_params                                       5833
  opt_arg                                                        5833
  ossl_prov_ctx_get0_core_bio_method                             5833
  getegid                                                        5834
  EVP_CIPHER_CTX_get_block_size                                  5875
  OSSL_LIB_CTX_set_conf_diagnostics                              5875
  ossl_aes_192_gcm_siv_get_params                                5875
  BIO_set_data                                                   5917
  medium_malloc_from_free_list                                   5917
  ossl_aes_128_gcm_siv_get_params                                6041
  ossl_prov_bio_from_dispatch                                    6167
  ossl_prov_seeding_from_dispatch                                6167
  EVP_CIPHER_get_mode                                            6168
  memset                                                         6209
  EVP_RAND_CTX_free                                              6500
  geteuid                                                        6500
  OSSL_PARAM_get_int32                                           6583
  getgid                                                         6959
  BIO_next                                                       6999
  dyld3::kdebug_trace_dyld_enabled(unsigned int)                 7083
  dyld4::BumpAllocator::~BumpAllocator()                         7083
  bio_open_default                                               7208
  EVP_CipherInit_ex                                              7250
  NCONF_get0_libctx                                              7250
  dyld4::handleFromLoader(dyld4::Loader const*, bool)             7375
  dyld4::Loader::hiddenFromFlat(bool) const                      7416
  dyld4::RuntimeState::notifyObjCPatching()                      7417
  _kernelrpc_mach_port_deallocate_trap                           7458
  getuid                                                         7458
  ENGINE_register_EC                                             7542
  store_loader_hash                                              7542
  _platform_strnlen                                              7667
  file_ctrl                                                      7793
  ENGINE_register_DH                                             7833
  err_unshelve_state                                             7958
  lsl::EphemeralAllocator::reset()                               8042
  openssl_fopen                                                  8043
  BIO_copy_next_retry                                            8250
  OPENSSL_sk_pop                                                 8250
  ENGINE_register_DSA                                            8332
  ENGINE_register_RSA                                            8416
  __sflags                                                       8458
  __sclose                                                       8500
  dyld4::Loader::beginInitializers(dyld4::RuntimeState&)             8500
  ENGINE_set_init_function                                       8541
  dyld4::JustInTimeLoader::hiddenFromFlat(bool) const             8625
  ossl_lib_ctx_get_concrete                                      8625
  ossl_sa_new                                                    8666
  _kernelrpc_mach_port_construct_trap                            8667
  flsl                                                           8750
  lsl::Lock::lock()                                              8833
  ENGINE_register_RAND                                           8874
  X509_get_default_cert_area                                     8916
  BIO_set_init                                                   9042
  ENGINE_register_digests                                        9083
  free_small                                                     9166
  BIO_set_flags                                                  9375
  ossl_cipher_generic_einit                                      9376
  strlen                                                         9376
  ENGINE_register_ciphers                                        9417
  lsl::Vector<dyld4::Loader const*>::reserveExact(unsigned long)             9542
  dyld4::JustInTimeLoader::beginInitializers(dyld4::RuntimeState&)             9708
  ossl_property_free                                             9708
  DSO_METHOD_openssl                                             9750
  dyld4::RuntimeState::incDlRefCount(dyld4::Loader const*)             9792
  ENGINE_register_pkey_meths                                     9875
  ossl_cipher_generic_set_ctx_params                             9958
  tiny_try_realloc_in_place                                     10000
  CRYPTO_atomic_or                                              10250
  deflt_query                                                   10291
  lsl::Vector<lsl::MemoryManager::Buffer>::reserve(unsigned long)            10542
  tiny_malloc_from_free_list                                    10833
  ENGINE_register_pkey_asn1_meths                               10958
  OSSL_LIB_CTX_get_conf_diagnostics                             10958
  ossl_lib_ctx_get_ex_data_global                               11125
  engine_free_util                                              11249
  ossl_lib_ctx_get_rcukey                                       11584
  NCONF_get_section                                             11876
  ossl_sa_doall_arg                                             11916
  fstat                                                         11959
  aes_siv_gettable_ctx_params                                   11999
  OPENSSL_cleanse                                               12125
  dyld4::RuntimeState::doSingletonPatching(dyld4::DyldCacheDataConstLazyScopedWriter&)            12167
  ossl_property_value                                           12626
  EVP_add_cipher                                                12708
  __bzero                                                       12833
  ossl_cipher_capable_aes_cbc_hmac_sha1                         12833
  ossl_cipher_capable_aes_cbc_hmac_sha256                       12874
  cipher_ocb_gettable_ctx_params                                13250
  aes_cbc_cts_gettable_ctx_params                               13500
  _kernelrpc_mach_vm_deallocate_trap                            14375
  BIO_clear_flags                                               14416
  lsl::EphemeralAllocator::~EphemeralAllocator()                14417
  DSO_free                                                      14708
  _NSGetEnviron                                                 14750
  CRYPTO_atomic_add                                             14791
  dyld4::Loader::path() const                                   14791
  BIO_get_data                                                  14832
  dyld4::Loader::loadDependents(Diagnostics&, dyld4::RuntimeState&, dyld4::Loader::LoadOptions const&)            14875
  sa_doall                                                      15251
  camellia_cbc_cts_gettable_ctx_params                          15500
  ossl_aes_gcm_siv_gettable_ctx_params                          15500
  dyld3::MachOFile::is64() const                                15874
  file_new                                                      16167
  __sflush                                                      16540
  ossl_prov_is_running                                          16626
  dyld4::JustInTimeLoader::loadDependents(Diagnostics&, dyld4::RuntimeState&, dyld4::Loader::LoadOptions const&)            16667
  rack_region_insert                                            16667
  os_unfair_recursive_lock_unlock                               16916
  file_free                                                     17042
  _kernelrpc_mach_port_destruct_trap                            17667
  CRYPTO_THREAD_lock_free                                       17791
  OPENSSL_LH_get_down_load                                      18082
  pthread_mutex_destroy                                         18167
  FMT_istext                                                    18251
  dyld4::JustInTimeLoader::path() const                         18333
  BIO_new                                                       18543
  kdebug_is_enabled                                             18582
  invocation function for block in dyld4::Loader::forEachPath(Diagnostics&, dyld4::RuntimeState&, char const*, dyld4::Loader::Loa            18958
  small_try_realloc_in_place                                    19292
  dyld4::DyldCacheDataConstLazyScopedWriter::DyldCacheDataConstLazyScopedWriter(dyld4::RuntimeState&)            19459
  pthread_cond_init                                             19667
  dyld4::LibSystemHelpers::pthread_getspecific(unsigned long) const            20249
  property_free                                                 20500
  os_unfair_recursive_lock_lock_with_options                    20792
  __chkstk_darwin_probe                                         21333
  small_size                                                    22333
  lsl::EphemeralAllocator::deallocate_buffer(lsl::MemoryManager::Buffer)            22500
  os_unfair_lock_assert_not_owner                               22833
  mach_msg2_trap                                                22834
  dyld4::ProcessConfig::DyldCache::indexOfPath(char const*, unsigned int&) const            22916
  ___chkstk_darwin                                              23291
  small_free_list_remove_ptr                                    23874
  pthread_mutex_init                                            24792
  small_free_list_find_by_ptr                                   24875
  dyld4::Loader::loadAddress(dyld4::RuntimeState&) const            25418
  ossl_property_name                                            26416
  dyld3::ScopedTimer::endTimer()                                26543
  OPENSSL_strnlen                                               27082
  __open                                                        27291
  lsl::MemoryManager::lockGuard()                               27458
  __findenv_locked                                              27626
  OPENSSL_sk_delete                                             28209
  dyld4::JustInTimeLoader::loadAddress(dyld4::RuntimeState&) const            28833
  dyld4::Loader::matchesPath(char const*) const                 29167
  small_free_list_remove_ptr_no_clear                           29292
  _kernelrpc_mach_vm_map_trap                                   32125
  _pthread_mutex_check_init_slow                                33583
  lsl::AllocationMetadata::AllocationMetadata(lsl::Allocator*, unsigned long)            34375
  small_free_list_add_ptr                                       35125
  CRYPTO_new_ex_data                                            35501
  OPENSSL_LH_set_down_load                                      35584
  __read_nocancel                                               37625
  szone_good_size                                               38333
  dyld4::LibSystemHelpers::os_unfair_recursive_lock_unlock(os_unfair_recursive_lock_s*) const            39584
  OPENSSL_sk_free                                               39835
  Diagnostics::hasError() const                                 41164
  dyld4::LibSystemHelpers::os_unfair_lock_unlock(os_unfair_lock_s*) const            41750
  EVP_PKEY_asn1_get0                                            42293
  ossl_rcu_write_lock                                           42500
  ossl_rcu_write_unlock                                         45416
  Diagnostics::noError() const                                  45877
  ossl_tdes_gettable_ctx_params                                 46001
  tiny_free_list_remove_ptr                                     46624
  pthread_setspecific                                           49000
  small_malloc_from_free_list                                   49584
  madvise                                                       50626
  dyld3::MachOFile::read_uleb128(Diagnostics&, unsigned char const*&, unsigned char const*)            50751
  dyld4::RuntimeState::PermanentRanges::contains(unsigned long, unsigned long, unsigned char*, dyld4::Loader const**) const            50917
  get_tiny_previous_free_msize                                  51211
  _tiny_check_and_zero_inline_meta_from_freelist                52418
  dyld4::LibSystemHelpers::os_unfair_recursive_lock_lock_with_options(os_unfair_recursive_lock_s*, os_unfair_lock_options_t) cons            52708
  szone_malloc                                                  54000
  EVP_PKEY_asn1_get0_info                                       54209
  pthread_cond_broadcast                                        57417
  tiny_size                                                     59292
  realloc                                                       61216
  dyld4::LibSystemHelpers::os_unfair_lock_lock_with_options(os_unfair_lock_s*, os_unfair_lock_options_t) const            62584
  set_tiny_meta_header_in_use                                   63708
  _qsort                                                        66042
  lsl::EphemeralAllocator::allocate_buffer(unsigned long, unsigned long, unsigned long)            66623
  __write_nocancel                                              67458
  ossl_cipher_aead_gettable_ctx_params                          70626
  OPENSSL_sk_pop_free                                           70915
  _szone_free                                                   72084
  os_unfair_lock_assert_owner                                   74210
  strcmp                                                        76958
  __close_nocancel                                              77582
  szone_try_free_default                                        77835
  dyld3::kdebug_trace_dyld_duration_end(unsigned long long, unsigned int, dyld3::kt_arg, dyld3::kt_arg, dyld3::kt_arg)            80250
  tiny_free_list_add_ptr                                        82208
  property_hash                                                 84333
  rack_get_thread_index                                         87333
  invocation function for block in dyld3::MachOFile::getDylibInstallName(char const**, unsigned int*, unsigned int*) const            89791
  EVP_CIPHER_get_type                                           91792
  dyld3::OverflowSafeArray<unsigned int, 4294967295ul>::verifySpace(unsigned long)            92458
  dyld4::Loader::contains(dyld4::RuntimeState&, void const*, void const**, unsigned long long*, unsigned char*) const            96583
  pthread_cond_signal                                          106666
  nanov2_size                                                  112001
  Diagnostics::assertNoError() const                           112289
  pthread_rwlock_init                                          113165
  __open_nocancel                                              116582
  pthread_rwlock_destroy                                       122546
  os_unfair_lock_unlock                                        128792
  Diagnostics::Diagnostics(bool)                               148171
  Diagnostics::~Diagnostics()                                  159375
  get_legacy_evp_names                                         160500
  ossl_ctype_check                                             169083
  os_unfair_lock_lock_with_options                             173082
  invocation function for block in dyld3::MachOFile::getEntry(unsigned long long&, bool&) const           187330
  EVP_MD_get_type                                              193625
  nanov2_pointer_size                                          194378
  free                                                         204085
  _Block_object_dispose                                        217456
  OPENSSL_hexchar2int                                          233001
  ossl_sa_set                                                  250584
  nanov2_allocate_from_block                                   265963
  trim_ws                                                      278381
  invocation function for block in dyld4::JustInTimeLoader::contains(dyld4::RuntimeState&, void const*, void const**, unsigned lo           299500
  BUF_MEM_new                                                  300956
  strncmp                                                      309832
  names_free                                                   314505
  OBJ_get0_data                                                329286
  OPENSSL_LH_doall                                             332383
  OPENSSL_LH_flush                                             333289
  ossl_provider_ctx                                            341378
  OSSL_PARAM_set_uint                                          345214
  EVP_CIPHER_get_nid                                           366378
  ossl_lib_ctx_unlock                                          377169
  conf_value_cmp                                               383999
  invocation function for block in dyld3::MachOLoaded::findClosestSymbol(unsigned long long, char const**, unsigned long long*) c           396795
  OSSL_PARAM_locate_const                                      397962
  ossl_lib_ctx_read_lock                                       422591
  OPENSSL_LH_set_thunks                                        426327
  property_defn_cmp                                            438127
  ossl_cipher_generic_gettable_ctx_params                      446334
  evp_cipher_up_ref                                            453660
  property_defn_hash                                           468916
  ossl_provider_free                                           470040
  function_hash                                                475716
  value_free_hash                                              477618
  BN_free                                                      482921
  ossl_provider_up_ref                                         489001
  CRYPTO_realloc                                               489174
  OSSL_PARAM_set_uint32                                        502413
  ASN1_OBJECT_free                                             507249
  ossl_sa_get                                                  512460
  eat_alpha_numeric                                            514330
  sa_free_node                                                 544420
  OSSL_PARAM_construct_end                                     547584
  EVP_CIPHER_get0_provider                                     559169
  OSSL_PARAM_construct_uint                                    564626
  evp_cipher_free                                              579035
  do_all_fn                                                    585373
  EVP_CIPHER_free                                              628746
  ossl_provider_libctx                                         799257
  invocation function for block in dyld3::MachOLoaded::getLinkEditLoadCommands(Diagnostics&, dyld3::MachOLoaded::LinkEditInfo&) c           836166
  internal_free_nop                                            861809
  _platform_strncmp                                            876659
  name_string_free                                             895088
  OPENSSL_LH_error                                             932706
  OSSL_PARAM_set_size_t                                       1114495
  invocation function for block in dyld3::MachOFile::forEachSegment(void (dyld3::MachOFile::SegmentInfo const&, bool&) block_poin          1122336
  BUF_MEM_grow                                                1144872
  pthread_getspecific                                         1152055
  sk_reserve                                                  1161507
  _os_once                                                    1225545
  CRYPTO_THREAD_get_local                                     1277716
  _platform_memchr                                            1355547
  ossl_rcu_assign_uptr                                        1406500
  OSSL_PARAM_set_uint64                                       1506963
  names_lh_free_doall                                         1513334
  ossl_lib_ctx_get_data                                       1601473
  OSSL_PARAM_set_int                                          1612996
  _platform_strchr                                            1724584
  pthread_mutex_lock                                          1742867
  OSSL_PARAM_construct_size_t                                 1803709
  pthread_mutex_unlock                                        1850995
  _nanov2_free                                                1900500
  OPENSSL_sk_push                                             1976079
  OPENSSL_sk_num                                              2006040
  _pthread_mutex_lock_init_slow                               2006670
  _pthread_mutex_unlock_init_slow                             2103048
  _pthread_mutex_firstfit_lock_slow                           2223215
  _pthread_mutex_firstfit_unlock_slow                         2313670
  OPENSSL_sk_value                                            2327162
  OSSL_PARAM_set_int32                                        2427622
  obj_name_cmp                                                2500290
  OPENSSL_LH_strhash                                          2708783
  OSSL_PARAM_construct_int                                    2730949
  _platform_memcmp                                            2752416
  pthread_once                                                3019046
  OBJ_nid2obj                                                 3173833
  CRYPTO_atomic_load                                          3275215
  pthread_rwlock_rdlock                                       3317193
  SortFnByName                                                3380034
  ossl_lh_strcasehash                                         3671043
  __error                                                     3821880
  cipher_compare                                              4014956
  ossl_isdigit                                                4020427
  fnv1a_hash                                                  4438452
  _platform_memmove                                           6527701
  pthread_rwlock_wrlock                                       6642121
  pthread_rwlock_unlock                                       9947908
  err_string_data_cmp                                        10791104
  CRYPTO_free                                                12239600
  malloc                                                     13444750
  doapr_outch                                                15171294
  err_string_data_hash                                       16481356
  nanov2_malloc                                              18473323
  _platform_strlen                                           23308574
  _platform_memset                                           25566270
  nanov2_try_free_default                                    25959836
  _platform_strcmp                                           27899754
  ossl_tolower                                               59873351
