
  pd_free                                                        1667
  sigaction                                                      1792
  EVP_md5                                                        1875
  EVP_bf_ofb                                                     1917
  EVP_rc4_40                                                     1958
  UI_OpenSSL                                                     2041
  EVP_des_ecb                                                    2083
  EVP_mdc2                                                       2083
  EVP_des_ofb                                                    2084
  EVP_sha1                                                       2125
  EVP_sha224                                                     2166
  EVP_idea_ofb                                                   2167
  EVP_rc2_ofb                                                    2167
  EVP_sm4_cbc                                                    2167
  _cleanup                                                       2167
  EVP_des_cbc                                                    2208
  EVP_rc4                                                        2208
  EVP_seed_cbc                                                   2208
  EVP_sha384                                                     2208
  EVP_des_cfb8                                                   2250
  EVP_idea_cbc                                                   2250
  EVP_sm4_ctr                                                    2250
  EVP_cast5_ofb                                                  2292
  EVP_des_ede                                                    2292
  EVP_sha512                                                     2292
  EVP_shake128                                                   2292
  EVP_bf_cfb64                                                   2333
  EVP_blake2s256                                                 2333
  EVP_rc2_cbc                                                    2333
  EVP_sm3                                                        2333
  opt_unknown                                                    2333
  strchr                                                         2333
  EVP_bf_ecb                                                     2334
  EVP_sha3_224                                                   2334
  EVP_bf_cbc                                                     2375
  EVP_md4                                                        2375
  EVP_seed_ofb                                                   2375
  EVP_sha3_384                                                   2375
  UI_null                                                        2375
  EVP_cast5_cbc                                                  2417
  EVP_sm4_ofb                                                    2417
  EVP_des_ede3                                                   2458
  EVP_rc2_cfb64                                                  2458
  EVP_sha3_512                                                   2458
  EVP_sha512_224                                                 2458
  EVP_sm4_ecb                                                    2458
  EVP_shake256                                                   2459
  opt_next                                                       2459
  EVP_aes_192_ccm                                                2500
  EVP_aes_192_ocb                                                2500
  EVP_aes_256_ccm                                                2500
  EVP_seed_ecb                                                   2500
  lh_FUNCTION_free                                               2541
  BIO_f_cipher                                                   2542
  EVP_aes_256_ctr                                                2542
  EVP_desx_cbc                                                   2542
  ENGINE_set_name                                                2583
  EVP_aes_192_ctr                                                2583
  EVP_aes_192_ecb                                                2583
  EVP_des_cfb1                                                   2583
  EVP_rc2_64_cbc                                                 2583
  COMP_get_type                                                  2625
  EVP_aes_256_cbc                                                2625
  EVP_aes_256_gcm                                                2625
  EVP_aes_256_ofb                                                2625
  EVP_chacha20                                                   2625
  EVP_idea_ecb                                                   2625
  EVP_ripemd160                                                  2625
  EVP_sha512_256                                                 2625
  EVP_sm4_cfb128                                                 2625
  EVP_aria_128_ecb                                               2666
  EVP_aria_256_gcm                                               2666
  EVP_aes_128_cfb1                                               2667
  EVP_aes_128_ctr                                                2667
  EVP_aes_192_cfb1                                               2667
  EVP_aes_192_cfb8                                               2667
  EVP_aes_192_gcm                                                2708
  EVP_aes_192_ofb                                                2708
  EVP_des_ede3_ofb                                               2708
  EVP_des_ede_ofb                                                2708
  EVP_md5_sha1                                                   2708
  app_get0_propq                                                 2708
  release_engine                                                 2708
  vm_deallocate                                                  2708
  EVP_aes_256_xts                                                2709
  EVP_aria_256_ofb                                               2709
  EVP_MD_free                                                    2750
  EVP_aes_128_wrap                                               2750
  EVP_aes_192_cbc                                                2750
  EVP_aria_128_ctr                                               2750
  EVP_aria_192_ofb                                               2750
  EVP_rc2_ecb                                                    2750
  EVP_seed_cfb128                                                2750
  EVP_sha3_256                                                   2750
  def_to_int                                                     2750
  EVP_aes_256_wrap                                               2791
  EVP_aria_256_ecb                                               2791
  EVP_aes_256_cfb1                                               2792
  EVP_aria_192_cbc                                               2792
  EVP_cast5_cfb64                                                2792
  EVP_idea_cfb64                                                 2792
  ossl_trace_cleanup                                             2792
  EVP_aes_128_cbc                                                2833
  EVP_aria_128_cbc                                               2833
  EVP_aria_192_gcm                                               2833
  EVP_blake2b512                                                 2833
  EVP_cast5_ecb                                                  2833
  EVP_aria_128_ofb                                               2834
  EVP_rc2_40_cbc                                                 2834
  EVP_rc4_hmac_md5                                               2834
  EVP_aes_128_ccm                                                2875
  EVP_aes_128_gcm                                                2875
  EVP_aes_128_ofb                                                2875
  EVP_aes_256_cfb8                                               2875
  EVP_aria_256_ctr                                               2875
  EVP_aria_256_ccm                                               2916
  EVP_des_cfb64                                                  2916
  NCONF_default                                                  2916
  EVP_aria_192_ecb                                               2917
  EVP_des_ede3_wrap                                              2917
  EVP_des_ede_cbc                                                2917
  EVP_aes_128_ocb                                                2958
  EVP_aes_256_ocb                                                2958
  EVP_aria_192_cfb8                                              2958
  EVP_whirlpool                                                  2958
  ENGINE_set_id                                                  2959
  EVP_aes_192_wrap                                               2959
  EVP_aria_128_cfb8                                              2959
  EVP_aes_256_ecb                                                3000
  EVP_aria_128_ccm                                               3000
  EVP_aria_256_cfb1                                              3000
  EVP_des_ede3_cfb8                                              3000
  OBJ_obj2txt                                                    3000
  def_init_default                                               3000
  query_hash                                                     3000
  EVP_aria_192_cfb1                                              3041
  EVP_aria_256_cbc                                               3041
  EVP_aria_128_cfb1                                              3042
  EVP_aria_192_ccm                                               3042
  function_cmp                                                   3042
  EVP_des_ede3_cbc                                               3083
  strrchr                                                        3083
  EVP_aria_192_ctr                                               3084
  signal                                                         3084
  EVP_aes_128_xts                                                3125
  EVP_aes_192_wrap_pad                                           3125
  EVP_aes_256_cfb128                                             3125
  EVP_aria_128_cfb128                                            3125
  EVP_camellia_128_ofb                                           3125
  property_cmp                                                   3125
  __cxa_finalize                                                 3166
  EVP_aes_128_cfb128                                             3167
  EVP_aria_256_cfb8                                              3167
  EVP_des_ede3_cfb1                                              3167
  EVP_des_ede3_cfb64                                             3167
  OSSL_LIB_CTX_get_data                                          3167
  EVP_aria_128_gcm                                               3208
  EVP_aria_192_cfb128                                            3208
  EVP_camellia_256_cbc                                           3208
  EVP_camellia_192_ofb                                           3209
  EVP_camellia_256_ofb                                           3209
  EVP_CIPHER_get_flags                                           3250
  EVP_aes_128_cfb8                                               3250
  EVP_aes_128_wrap_pad                                           3250
  UI_method_set_writer                                           3250
  __smakebuf                                                     3250
  ossl_store_cleanup_int                                         3250
  EVP_aes_128_ecb                                                3291
  EVP_camellia_192_ctr                                           3291
  EVP_aes_192_cfb128                                             3292
  EVP_aria_256_cfb128                                            3292
  EVP_camellia_128_cfb8                                          3292
  EVP_des_ede_cfb64                                              3292
  getrlimit                                                      3292
  EVP_camellia_128_cbc                                           3333
  opt_set_unknown_name                                           3333
  ossl_comp_zstd_cleanup                                         3333
  EVP_camellia_192_cfb8                                          3334
  EVP_camellia_192_ecb                                           3334
  EVP_camellia_256_ecb                                           3334
  EVP_chacha20_poly1305                                          3334
  UI_method_set_closer                                           3334
  EVP_camellia_128_ctr                                           3375
  EVP_camellia_192_cbc                                           3375
  EVP_camellia_192_cfb1                                          3375
  EVP_camellia_256_ctr                                           3375
  UI_method_set_reader                                           3375
  bio_sock_cleanup_int                                           3416
  EVP_aes_256_wrap_pad                                           3417
  EVP_camellia_128_cfb1                                          3417
  EVP_camellia_256_cfb8                                          3417
  app_RAND_write                                                 3459
  COMP_zlib                                                      3500
  ENGINE_set_flags                                               3500
  OSSL_PARAM_modified                                            3500
  ossl_comp_zlib_cleanup                                         3500
  EVP_add_alg_module                                             3542
  engine_load_rdrand_int                                         3542
  init_thread_stop                                               3542
  ossl_prov_ctx_free                                             3542
  store_loader_cmp                                               3542
  OSSL_STORE_register_loader                                     3583
  EVP_camellia_256_cfb1                                          3625
  ossl_prov_ctx_new                                              3666
  evp_app_cleanup_int                                            3667
  EVP_CipherUpdate                                               3708
  BIO_meth_set_ctrl                                              3750
  BIO_meth_set_puts                                              3750
  EVP_camellia_256_cfb128                                        3750
  ossl_comp_brotli_cleanup                                       3750
  __getrlimit                                                    3791
  BIO_meth_set_gets                                              3792
  free_medium                                                    3792
  ossl_prov_ctx_set0_handle                                      3792
  UI_method_set_opener                                           3833
  dyld4::APIs::_tlv_exit()                                       3833
  ossl_lib_ctx_write_lock                                        3833
  EVP_camellia_128_ecb                                           3834
  ENGINE_set_cmd_defns                                           3875
  core_get_libctx                                                3875
  ASN1_add_oid_module                                            3917
  EVP_CIPHER_fetch                                               3917
  opt_check_rest_arg                                             3917
  NCONF_get0_libctx                                              3958
  OSSL_LIB_CTX_free                                              3958
  ossl_prov_ctx_get0_libctx                                      3958
  ASN1_add_stable_module                                         4000
  ERR_print_errors                                               4000
  EVP_PKEY_asn1_get_count                                        4000
  ossl_method_unlock_store                                       4000
  ossl_prov_ctx_set0_libctx                                      4000
  ENGINE_add_conf_module                                         4042
  BIO_meth_set_destroy                                           4084
  EVP_camellia_128_cfb128                                        4084
  BIO_meth_set_create                                            4125
  ERR_get_error_all                                              4125
  tiny_free_no_lock                                              4125
  EVP_CipherFinal_ex                                             4167
  chacha20_get_params                                            4167
  ossl_child_prov_ctx_new                                        4208
  ossl_lib_ctx_is_default                                        4208
  ossl_method_lock_store                                         4208
  BIO_meth_set_read_ex                                           4209
  EVP_CIPHER_get_iv_length                                       4250
  aes_192_ctr_get_params                                         4250
  aes_v8_set_encrypt_key                                         4250
  OSSL_ERR_STATE_new                                             4291
  aes_192_ecb_get_params                                         4291
  ossl_config_add_ssl_module                                     4291
  CRYPTO_THREAD_get_current_id                                   4292
  EVP_camellia_192_cfb128                                        4292
  null_gettable_ctx_params                                       4292
  aes_128_ofb_get_params                                         4333
  aes_192_siv_get_params                                         4334
  aes_256_cfb_get_params                                         4334
  CONF_imodule_get_value                                         4375
  ENGINE_set_ctrl_function                                       4375
  aes_128_ecb_get_params                                         4375
  aes_192_cfb1_get_params                                        4375
  aes_192_cfb_get_params                                         4375
  aes_v8_ctr32_encrypt_blocks                                    4375
  aria_192_cfb1_get_params                                       4375
  aria_192_cfb8_get_params                                       4375
  aria_256_cbc_get_params                                        4375
  lsl::Lock::unlock()                                            4375
  ossl_cipher_generic_reset_ctx                                  4375
  aes_192_ofb_get_params                                         4416
  aria_256_cfb8_get_params                                       4416
  aes_256_ofb_get_params                                         4417
  aria_256_ctr_get_params                                        4417
  ossl_bio_core_globals_new                                      4417
  ossl_stored_namemap_free                                       4417
  BIO_meth_set_write_ex                                          4458
  ENGINE_set_init_function                                       4458
  aes_128_cfb_get_params                                         4458
  chacha20_gettable_ctx_params                                   4458
  ossl_rand_cleanup_int                                          4458
  OSSL_STORE_unregister_loader                                   4459
  aria_128_ecb_get_params                                        4459
  aria_128_ofb_get_params                                        4459
  aria_192_ctr_get_params                                        4459
  aria_192_ecb_get_params                                        4459
  sm4_128_cbc_get_params                                         4459
  OSSL_CMP_log_close                                             4500
  OSSL_STORE_LOADER_set_eof                                      4500
  aes_128_cbc_get_params                                         4500
  aes_256_ctr_get_params                                         4500
  aes_256_siv_get_params                                         4500
  aria_128_cfb8_get_params                                       4500
  aria_256_cfb_get_params                                        4500
  ossl_bio_core_globals_free                                     4500
  aes_256_cbc_get_params                                         4542
  aes_256_ccm_get_params                                         4542
  aes_256_cfb1_get_params                                        4542
  aria_128_cfb1_get_params                                       4542
  aria_256_cfb1_get_params                                       4542
  aes_128_ctr_get_params                                         4583
  aes_192_cfb8_get_params                                        4583
  aes_192_gcm_get_params                                         4583
  aes_192_ocb_get_params                                         4583
  aria_128_cfb_get_params                                        4583
  ossl_store_register_init                                       4583
  sm4_128_gcm_get_params                                         4583
  tdes_ede2_ofb_get_params                                       4583
  aria_192_cfb_get_params                                        4584
  aria_192_ofb_get_params                                        4584
  def_is_number                                                  4624
  ENGINE_set_finish_function                                     4625
  OSSL_STORE_LOADER_free                                         4625
  aes_128_cfb1_get_params                                        4625
  aes_128_cfb8_get_params                                        4625
  aes_128_xts_get_params                                         4625
  aes_256_gcm_get_params                                         4625
  aria_128_ctr_get_params                                        4625
  engine_pkey_meths_free                                         4625
  aes_192_cbc_get_params                                         4666
  sm4_128_ccm_get_params                                         4666
  OSSL_trace_set_channel                                         4667
  aes_128_ccm_get_params                                         4667
  aes_128_gcm_get_params                                         4667
  aria_128_cbc_get_params                                        4667
  aria_128_gcm_get_params                                        4667
  sm4_128_ecb_get_params                                         4667
  sm4_128_xts_get_params                                         4667
  tdes_ede2_ecb_get_params                                       4667
  tdes_ede3_cbc_get_params                                       4667
  tdes_ede3_cfb_get_params                                       4667
  aria_128_ccm_get_params                                        4708
  aria_192_gcm_get_params                                        4708
  ossl_random_add_conf_module                                    4708
  tdes_ede2_cbc_get_params                                       4708
  tdes_wrap_get_params                                           4708
  tiny_try_realloc_in_place                                      4708
  aes_192_wrap_get_params                                        4709
  EVP_aes_256_cbc_hmac_sha1                                      4750
  EVP_aes_256_cbc_hmac_sha256                                    4750
  OSSL_STORE_LOADER_set_close                                    4750
  OSSL_STORE_LOADER_set_error                                    4750
  aes_256_cfb8_get_params                                        4750
  aria_256_ccm_get_params                                        4750
  ossl_ctx_global_properties_new                                 4750
  ossl_provider_add_conf_module                                  4750
  sm4_128_cfb128_get_params                                      4750
  sm4_128_ctr_get_params                                         4750
  tdes_ede2_cfb_get_params                                       4750
  EVP_sha256                                                     4751
  UI_method_set_prompt_constructor                               4791
  aria_256_ofb_get_params                                        4791
  OSSL_STORE_LOADER_set_load                                     4792
  aes_192_wrapinv_get_params                                     4792
  tdes_ede3_cfb8_get_params                                      4792
  aes_128_siv_get_params                                         4833
  aes_128_wrap_get_params                                        4833
  BIO_free                                                       4834
  aes_cts_192_cbc_get_params                                     4834
  ossl_prov_ctx_set0_core_bio_method                             4834
  OSSL_STORE_LOADER_set_open                                     4875
  aes_128_ocb_get_params                                         4875
  aes_cts_128_cbc_get_params                                     4875
  camellia_256_ofb_get_params                                    4875
  pthread_cond_destroy                                           4875
  sm4_128_ofb128_get_params                                      4916
  tdes_ede3_ofb_get_params                                       4916
  ENGINE_load_builtin_engines                                    4917
  aes_128_wrappad_get_params                                     4917
  aes_256_xts_get_params                                         4917
  aria_192_cbc_get_params                                        4917
  aria_256_ecb_get_params                                        4917
  camellia_128_ecb_get_params                                    4917
  pthread_self                                                   4917
  aes_cts_256_cbc_get_params                                     4958
  camellia_128_cbc_get_params                                    4958
  camellia_128_cfb8_get_params                                   4958
  camellia_128_cfb_get_params                                    4958
  camellia_192_cfb_get_params                                    4958
  camellia_192_ctr_get_params                                    4958
  camellia_256_ctr_get_params                                    4958
  ossl_prov_cipher_hw_aes_ctr                                    4958
  tdes_ede3_ecb_get_params                                       4959
  Diagnostics::clearError()                                      5000
  EVP_aes_128_cbc_hmac_sha1                                      5000
  aes_256_ocb_get_params                                         5000
  aria_256_gcm_get_params                                        5000
  camellia_192_cbc_get_params                                    5000
  camellia_192_cfb8_get_params                                   5000
  camellia_192_ecb_get_params                                    5000
  camellia_256_cfb_get_params                                    5000
  ossl_property_has_optional                                     5000
  OPENSSL_cpuid_setup                                            5041
  OSSL_STORE_LOADER_set_expect                                   5041
  aes_192_wrappad_get_params                                     5041
  camellia_128_cfb1_get_params                                   5041
  camellia_256_cfb8_get_params                                   5041
  camellia_256_ecb_get_params                                    5041
  tdes_ede3_cfb1_get_params                                      5041
  aes_256_ecb_get_params                                         5042
  camellia_256_cfb1_get_params                                   5042
  ossl_property_match_count                                      5042
  ENGINE_get_cipher_engine                                       5083
  camellia_128_ofb_get_params                                    5083
  engine_remove_dynamic_id                                       5083
  EVP_aes_128_cbc_hmac_sha256                                    5084
  camellia_192_ofb_get_params                                    5084
  ossl_indicator_set_callback_free                               5084
  aes_256_wrapinv_get_params                                     5125
  aes_256_wrappad_get_params                                     5125
  aes_256_wrappadinv_get_params                                  5125
  camellia_128_ctr_get_params                                    5125
  camellia_256_cbc_get_params                                    5125
  ossl_self_test_set_callback_free                               5125
  aes_256_wrap_get_params                                        5166
  ossl_init_thread_deregister                                    5166
  aes_192_ccm_get_params                                         5167
  camellia_192_cfb1_get_params                                   5167
  medium_region_for_ptr_no_lock                                  5167
  aes_128_wrapinv_get_params                                     5208
  EVP_CIPHER_get_key_length                                      5250
  aes_192_wrappadinv_get_params                                  5250
  engine_pkey_asn1_meths_free                                    5250
  ossl_free_compression_methods_int                              5292
  camellia_cts_192_cbc_get_params                                5333
  OSSL_PARAM_get_int                                             5375
  __fcntl                                                        5375
  aes_128_wrappadinv_get_params                                  5375
  aria_192_ccm_get_params                                        5375
  memset                                                         5375
  ossl_indicator_set_callback_new                                5375
  ossl_provider_unquery_operation                                5375
  OPENSSL_sk_sort                                                5417
  tiny_malloc_from_free_list                                     5417
  chacha20_poly1305_gettable_ctx_params                          5500
  getegid                                                        5542
  chacha20_poly1305_get_params                                   5583
  camellia_cts_128_cbc_get_params                                5584
  ossl_aes_256_gcm_siv_get_params                                5667
  EVP_CIPHER_CTX_get_block_size                                  5708
  app_get0_libctx                                                5708
  camellia_cts_256_cbc_get_params                                5708
  ossl_aes_192_gcm_siv_get_params                                5750
  ossl_prov_bio_from_dispatch                                    5750
  OSSL_LIB_CTX_set_conf_diagnostics                              5833
  ossl_aes_128_gcm_siv_get_params                                5833
  ossl_self_test_set_callback_new                                5833
  getgid                                                         5959
  opt_arg                                                        6084
  EVP_CIPHER_get_mode                                            6125
  medium_malloc_from_free_list                                   6125
  ossl_prov_ctx_get0_core_bio_method                             6125
  BIO_set_data                                                   6208
  getuid                                                         6208
  ossl_prov_seeding_from_dispatch                                6209
  geteuid                                                        6250
  OSSL_PARAM_get_int32                                           6457
  EVP_RAND_CTX_free                                              6500
  dyld3::kdebug_trace_dyld_enabled(unsigned int)                 6583
  dyld4::Loader::hiddenFromFlat(bool) const                      6666
  lsl::Lock::lock()                                              6667
  BIO_next                                                       6875
  _kernelrpc_mach_port_deallocate_trap                           6958
  close                                                          7125
  dyld4::RuntimeState::notifyObjCPatching()                      7125
  store_loader_hash                                              7166
  _platform_strnlen                                              7209
  bio_open_default                                               7209
  dyld4::BumpAllocator::~BumpAllocator()                         7292
  EVP_CipherInit_ex                                              7459
  ENGINE_register_EC                                             7584
  dyld4::handleFromLoader(dyld4::Loader const*, bool)             7667
  OPENSSL_sk_pop                                                 7750
  __sigaction                                                    7791
  _kernelrpc_mach_port_construct_trap                            7833
  ENGINE_register_DSA                                            7875
  dyld4::JustInTimeLoader::hiddenFromFlat(bool) const             7875
  openssl_fopen                                                  7875
  file_ctrl                                                      7917
  ENGINE_register_RSA                                            8000
  ENGINE_register_DH                                             8001
  ENGINE_register_RAND                                           8042
  __sclose                                                       8125
  BIO_copy_next_retry                                            8167
  X509_get_default_cert_area                                     8249
  lsl::EphemeralAllocator::reset()                               8250
  err_unshelve_state                                             8291
  free_small                                                     8499
  flsl                                                           8501
  ossl_lib_ctx_get_concrete                                      8583
  dyld4::Loader::beginInitializers(dyld4::RuntimeState&)             8709
  BIO_set_init                                                   8958
  ENGINE_register_digests                                        9083
  __sflags                                                       9166
  ossl_property_free                                             9167
  ossl_cipher_generic_einit                                      9291
  ossl_sa_new                                                    9332
  strlen                                                         9374
  ENGINE_register_ciphers                                        9375
  lsl::Vector<dyld4::Loader const*>::reserveExact(unsigned long)             9375
  DSO_METHOD_openssl                                             9750
  ENGINE_register_pkey_meths                                     9792
  ossl_cipher_generic_set_ctx_params                             9917
  dyld4::JustInTimeLoader::beginInitializers(dyld4::RuntimeState&)            10084
  OSSL_LIB_CTX_get_conf_diagnostics                             10333
  CRYPTO_atomic_or                                              10625
  ossl_lib_ctx_get_rcukey                                       10791
  ossl_lib_ctx_get_ex_data_global                               10792
  dyld4::RuntimeState::incDlRefCount(dyld4::Loader const*)            10916
  ENGINE_register_pkey_asn1_meths                               10959
  lsl::Vector<lsl::MemoryManager::Buffer>::reserve(unsigned long)            10959
  engine_free_util                                              11041
  fstat                                                         11459
  ossl_sa_doall_arg                                             11459
  NCONF_get_section                                             11500
  OPENSSL_cleanse                                               11541
  BIO_set_flags                                                 11707
  __bzero                                                       11792
  aes_siv_gettable_ctx_params                                   12084
  dyld4::RuntimeState::doSingletonPatching(dyld4::DyldCacheDataConstLazyScopedWriter&)            12500
  ossl_cipher_capable_aes_cbc_hmac_sha256                       12667
  ossl_property_value                                           12667
  ossl_cipher_capable_aes_cbc_hmac_sha1                         12709
  EVP_add_cipher                                                12876
  cipher_ocb_gettable_ctx_params                                13458
  aes_cbc_cts_gettable_ctx_params                               13541
  BIO_clear_flags                                               13666
  dyld4::Loader::loadDependents(Diagnostics&, dyld4::RuntimeState&, dyld4::Loader::LoadOptions const&)            13875
  dyld4::DyldCacheDataConstLazyScopedWriter::DyldCacheDataConstLazyScopedWriter(dyld4::RuntimeState&)            14500
  sa_doall                                                      14500
  DSO_free                                                      14583
  BIO_get_data                                                  14709
  CRYPTO_atomic_add                                             14791
  lsl::EphemeralAllocator::~EphemeralAllocator()                14792
  small_try_realloc_in_place                                    14792
  dyld4::Loader::path() const                                   14875
  ossl_aes_gcm_siv_gettable_ctx_params                          15125
  dyld4::JustInTimeLoader::loadDependents(Diagnostics&, dyld4::RuntimeState&, dyld4::Loader::LoadOptions const&)            15208
  __sflush                                                      15332
  camellia_cbc_cts_gettable_ctx_params                          15542
  _NSGetEnviron                                                 15750
  rack_region_insert                                            16584
  os_unfair_recursive_lock_unlock                               16667
  ossl_prov_is_running                                          16667
  dyld3::MachOFile::is64() const                                16958
  _kernelrpc_mach_port_destruct_trap                            17000
  file_free                                                     17165
  CRYPTO_THREAD_lock_free                                       17708
  pthread_mutex_destroy                                         17751
  OPENSSL_LH_get_down_load                                      18292
  file_new                                                      18417
  invocation function for block in dyld4::Loader::forEachPath(Diagnostics&, dyld4::RuntimeState&, char const*, dyld4::Loader::Loa            18791
  kdebug_is_enabled                                             18876
  dyld4::JustInTimeLoader::path() const                         19250
  BIO_new                                                       19292
  pthread_cond_init                                             19875
  FMT_istext                                                    19876
  property_free                                                 20499
  dyld4::LibSystemHelpers::pthread_getspecific(unsigned long) const            20875
  __chkstk_darwin_probe                                         21458
  dyld4::Loader::matchesPath(char const*) const                 21750
  ___chkstk_darwin                                              22209
  small_size                                                    22249
  os_unfair_lock_assert_not_owner                               22292
  lsl::EphemeralAllocator::deallocate_buffer(lsl::MemoryManager::Buffer)            22750
  _kernelrpc_mach_vm_deallocate_trap                            22792
  dyld4::ProcessConfig::DyldCache::indexOfPath(char const*, unsigned int&) const            23292
  pthread_mutex_init                                            26042
  os_unfair_recursive_lock_lock_with_options                    26083
  dyld4::Loader::loadAddress(dyld4::RuntimeState&) const            26751
  dyld3::ScopedTimer::endTimer()                                27084
  ossl_property_name                                            27500
  mach_msg2_trap                                                27958
  OPENSSL_strnlen                                               28374
  OPENSSL_sk_delete                                             28751
  __close_nocancel                                              29207
  dyld4::JustInTimeLoader::loadAddress(dyld4::RuntimeState&) const            29334
  lsl::MemoryManager::lockGuard()                               30666
  __findenv_locked                                              31209
  tiny_free_list_remove_ptr                                     32042
  _pthread_mutex_check_init_slow                                33500
  lsl::AllocationMetadata::AllocationMetadata(lsl::Allocator*, unsigned long)            33791
  __read_nocancel                                               34000
  CRYPTO_new_ex_data                                            34959
  small_free_list_find_by_ptr                                   35003
  OPENSSL_LH_set_down_load                                      35208
  szone_good_size                                               37748
  __open                                                        37875
  small_free_list_remove_ptr                                    37958
  OPENSSL_sk_free                                               40167
  dyld4::LibSystemHelpers::os_unfair_recursive_lock_unlock(os_unfair_recursive_lock_s*) const            40375
  Diagnostics::hasError() const                                 41124
  ossl_rcu_write_lock                                           42541
  _kernelrpc_mach_vm_map_trap                                   43126
  EVP_PKEY_asn1_get0                                            43417
  small_free_list_add_ptr                                       43708
  dyld4::LibSystemHelpers::os_unfair_lock_unlock(os_unfair_lock_s*) const            43792
  small_malloc_from_free_list                                   44960
  ossl_rcu_write_unlock                                         45250
  ossl_tdes_gettable_ctx_params                                 46082
  Diagnostics::noError() const                                  46375
  small_free_list_remove_ptr_no_clear                           48792
  pthread_setspecific                                           49875
  dyld3::MachOFile::read_uleb128(Diagnostics&, unsigned char const*&, unsigned char const*)            50458
  dyld4::RuntimeState::PermanentRanges::contains(unsigned long, unsigned long, unsigned char*, dyld4::Loader const**) const            51000
  EVP_PKEY_asn1_get0_info                                       53417
  dyld4::LibSystemHelpers::os_unfair_recursive_lock_lock_with_options(os_unfair_recursive_lock_s*, os_unfair_lock_options_t) cons            53916
  szone_malloc                                                  54622
  pthread_cond_broadcast                                        54624
  get_tiny_previous_free_msize                                  55586
  _tiny_check_and_zero_inline_meta_from_freelist                58374
  tiny_size                                                     59043
  __write_nocancel                                              61666
  realloc                                                       61913
  dyld4::LibSystemHelpers::os_unfair_lock_lock_with_options(os_unfair_lock_s*, os_unfair_lock_options_t) const            62418
  lsl::EphemeralAllocator::allocate_buffer(unsigned long, unsigned long, unsigned long)            63749
  tiny_free_list_add_ptr                                        63792
  set_tiny_meta_header_in_use                                   64000
  madvise                                                       64248
  _qsort                                                        64251
  _szone_free                                                   67960
  ossl_cipher_aead_gettable_ctx_params                          70540
  OPENSSL_sk_pop_free                                           70667
  szone_try_free_default                                        76458
  strcmp                                                        78459
  os_unfair_lock_assert_owner                                   78836
  invocation function for block in dyld3::MachOFile::getDylibInstallName(char const**, unsigned int*, unsigned int*) const            81124
  dyld3::kdebug_trace_dyld_duration_end(unsigned long long, unsigned int, dyld3::kt_arg, dyld3::kt_arg, dyld3::kt_arg)            81834
  rack_get_thread_index                                         83332
  property_hash                                                 88748
  EVP_CIPHER_get_type                                           89837
  dyld3::OverflowSafeArray<unsigned int, 4294967295ul>::verifySpace(unsigned long)            91874
  deflt_query                                                   93791
  dyld4::Loader::contains(dyld4::RuntimeState&, void const*, void const**, unsigned long long*, unsigned char*) const            97166
  __open_nocancel                                               98917
  pthread_cond_signal                                          102833
  Diagnostics::assertNoError() const                           110207
  nanov2_size                                                  112664
  pthread_rwlock_init                                          116627
  pthread_rwlock_destroy                                       120792
  os_unfair_lock_unlock                                        130205
  Diagnostics::~Diagnostics()                                  146668
  Diagnostics::Diagnostics(bool)                               152711
  get_legacy_evp_names                                         158713
  ossl_ctype_check                                             168666
  os_unfair_lock_lock_with_options                             174124
  invocation function for block in dyld3::MachOFile::getEntry(unsigned long long&, bool&) const           187249
  nanov2_pointer_size                                          192082
  EVP_MD_get_type                                              193666
  free                                                         209496
  nanov2_allocate_from_block                                   214334
  _Block_object_dispose                                        219206
  OPENSSL_hexchar2int                                          231669
  ossl_sa_set                                                  251708
  trim_ws                                                      273541
  strncmp                                                      279167
  BUF_MEM_new                                                  303749
  invocation function for block in dyld4::JustInTimeLoader::contains(dyld4::RuntimeState&, void const*, void const**, unsigned lo           305629
  names_free                                                   318295
  OBJ_get0_data                                                330426
  OPENSSL_LH_flush                                             331422
  OPENSSL_LH_doall                                             334249
  OSSL_PARAM_set_uint                                          340461
  ossl_provider_ctx                                            342833
  EVP_CIPHER_get_nid                                           364040
  conf_value_cmp                                               376421
  ossl_lib_ctx_unlock                                          380457
  OSSL_PARAM_locate_const                                      398006
  invocation function for block in dyld3::MachOLoaded::findClosestSymbol(unsigned long long, char const**, unsigned long long*) c           420003
  ossl_lib_ctx_read_lock                                       424125
  OPENSSL_LH_set_thunks                                        433201
  property_defn_cmp                                            436205
  ossl_cipher_generic_gettable_ctx_params                      445874
  evp_cipher_up_ref                                            448882
  property_defn_hash                                           463379
  value_free_hash                                              471460
  function_hash                                                473159
  BN_free                                                      475162
  ossl_provider_free                                           476664
  ossl_provider_up_ref                                         488833
  CRYPTO_realloc                                               488999
  ASN1_OBJECT_free                                             498667
  OSSL_PARAM_set_uint32                                        503075
  eat_alpha_numeric                                            506337
  ossl_sa_get                                                  511044
  sa_free_node                                                 544172
  OSSL_PARAM_construct_end                                     547085
  EVP_CIPHER_get0_provider                                     560710
  OSSL_PARAM_construct_uint                                    565290
  evp_cipher_free                                              573542
  do_all_fn                                                    580539
  EVP_CIPHER_free                                              634674
  ossl_provider_libctx                                         800419
  internal_free_nop                                            842081
  invocation function for block in dyld3::MachOLoaded::getLinkEditLoadCommands(Diagnostics&, dyld3::MachOLoaded::LinkEditInfo&) c           860831
  _platform_strncmp                                            872385
  name_string_free                                             888715
  _os_once                                                     924282
  OPENSSL_LH_error                                             927879
  OSSL_PARAM_set_size_t                                       1121448
  BUF_MEM_grow                                                1124636
  pthread_getspecific                                         1151628
  sk_reserve                                                  1153627
  invocation function for block in dyld3::MachOFile::forEachSegment(void (dyld3::MachOFile::SegmentInfo const&, bool&) block_poin          1156085
  CRYPTO_THREAD_get_local                                     1277379
  _platform_memchr                                            1355049
  ossl_rcu_assign_uptr                                        1406454
  OSSL_PARAM_set_uint64                                       1506838
  names_lh_free_doall                                         1521256
  ossl_lib_ctx_get_data                                       1605494
  OSSL_PARAM_set_int                                          1624351
  pthread_mutex_lock                                          1716329
  _platform_strchr                                            1720389
  OSSL_PARAM_construct_size_t                                 1809545
  pthread_mutex_unlock                                        1830751
  _nanov2_free                                                1883431
  OPENSSL_sk_num                                              1983876
  OPENSSL_sk_push                                             1985603
  _pthread_mutex_lock_init_slow                               1986838
  _pthread_mutex_unlock_init_slow                             2085873
  _pthread_mutex_firstfit_lock_slow                           2197491
  _pthread_mutex_firstfit_unlock_slow                         2291694
  OPENSSL_sk_value                                            2307120
  OSSL_PARAM_set_int32                                        2432995
  obj_name_cmp                                                2483788
  OPENSSL_LH_strhash                                          2703755
  _platform_memcmp                                            2729022
  OSSL_PARAM_construct_int                                    2736249
  CRYPTO_atomic_load                                          3275170
  pthread_rwlock_rdlock                                       3302335
  SortFnByName                                                3344429
  pthread_once                                                3396490
  OBJ_nid2obj                                                 3431790
  ossl_lh_strcasehash                                         3678027
  __error                                                     3742668
  ossl_isdigit                                                3946887
  cipher_compare                                              3955425
  fnv1a_hash                                                  4385101
  _platform_memmove                                           6475013
  pthread_rwlock_wrlock                                       6642438
  pthread_rwlock_unlock                                       9943903
  err_string_data_cmp                                        11043713
  CRYPTO_free                                                12198902
  malloc                                                     13329548
  doapr_outch                                                14964069
  err_string_data_hash                                       16778354
  nanov2_malloc                                              18535040
  _platform_strlen                                           23048003
  _platform_memset                                           25299549
  nanov2_try_free_default                                    25829770
  _platform_strcmp                                           27851279
  ossl_tolower                                               60048058
