
  sigaction                                                      1750
  pd_free                                                        1792
  EVP_md5                                                        1917
  EVP_sha224                                                     1959
  EVP_des_ecb                                                    2041
  opt_unknown                                                    2042
  EVP_sha1                                                       2083
  EVP_sha512                                                     2083
  EVP_sm4_cbc                                                    2083
  UI_OpenSSL                                                     2084
  EVP_bf_cbc                                                     2125
  EVP_rc2_cbc                                                    2125
  EVP_rc2_ofb                                                    2125
  EVP_idea_ofb                                                   2167
  EVP_md4                                                        2167
  EVP_rc4_40                                                     2167
  EVP_seed_cbc                                                   2167
  EVP_bf_ofb                                                     2208
  EVP_mdc2                                                       2208
  EVP_sm4_ofb                                                    2208
  EVP_sm4_ctr                                                    2209
  EVP_cast5_ofb                                                  2250
  EVP_sha384                                                     2250
  UI_null                                                        2250
  EVP_des_cbc                                                    2291
  EVP_idea_cbc                                                   2291
  EVP_sha3_224                                                   2291
  _cleanup                                                       2291
  EVP_des_ede                                                    2292
  EVP_des_ofb                                                    2292
  EVP_sha3_512                                                   2292
  EVP_des_cfb8                                                   2333
  EVP_sha512_224                                                 2333
  EVP_sm3                                                        2333
  strchr                                                         2333
  EVP_seed_ofb                                                   2334
  EVP_rc2_ecb                                                    2375
  EVP_shake128                                                   2375
  EVP_sm4_ecb                                                    2375
  EVP_bf_cfb64                                                   2417
  EVP_chacha20                                                   2417
  EVP_des_ede3                                                   2417
  EVP_rc4                                                        2417
  EVP_rc2_cfb64                                                  2458
  EVP_sha3_384                                                   2458
  EVP_rc2_64_cbc                                                 2500
  EVP_ripemd160                                                  2500
  EVP_sha512_256                                                 2500
  EVP_aes_256_ccm                                                2541
  lh_FUNCTION_free                                               2541
  EVP_aes_192_ocb                                                2542
  EVP_seed_ecb                                                   2542
  EVP_shake256                                                   2542
  release_engine                                                 2542
  EVP_aes_192_ccm                                                2583
  EVP_aes_256_cbc                                                2583
  EVP_aria_256_ctr                                               2583
  EVP_idea_cfb64                                                 2583
  EVP_des_ede_ofb                                                2584
  EVP_rc2_40_cbc                                                 2584
  opt_next                                                       2584
  vm_deallocate                                                  2584
  EVP_aes_128_cbc                                                2625
  EVP_aes_128_ctr                                                2625
  EVP_aes_192_cbc                                                2625
  EVP_aes_256_gcm                                                2625
  EVP_sha3_256                                                   2625
  app_get0_propq                                                 2625
  EVP_aes_256_ocb                                                2666
  EVP_aria_256_ecb                                               2666
  EVP_bf_ecb                                                     2666
  EVP_cast5_cbc                                                  2666
  EVP_aes_192_cfb1                                               2667
  EVP_aria_192_gcm                                               2667
  EVP_des_ede3_ofb                                               2667
  EVP_desx_cbc                                                   2667
  EVP_md5_sha1                                                   2667
  EVP_aes_128_cfb1                                               2708
  EVP_aes_192_cfb8                                               2708
  EVP_aria_256_ccm                                               2708
  EVP_aes_256_wrap                                               2709
  EVP_blake2s256                                                 2709
  EVP_des_ede_cbc                                                2709
  EVP_aes_256_cfb1                                               2750
  EVP_aes_256_xts                                                2750
  EVP_aria_192_ofb                                               2750
  EVP_aria_256_gcm                                               2750
  EVP_cast5_ecb                                                  2750
  EVP_MD_free                                                    2791
  EVP_aes_128_ofb                                                2791
  EVP_aes_192_ecb                                                2791
  EVP_aria_192_ccm                                               2791
  EVP_aria_256_ofb                                               2791
  EVP_des_cfb1                                                   2791
  EVP_whirlpool                                                  2791
  def_to_int                                                     2791
  EVP_aes_256_cfb8                                               2792
  EVP_aes_256_ctr                                                2792
  EVP_aria_192_ctr                                               2792
  EVP_blake2b512                                                 2792
  NCONF_default                                                  2792
  EVP_aes_256_ofb                                                2833
  EVP_aria_256_cbc                                               2833
  EVP_aria_192_cfb1                                              2834
  EVP_aria_256_cfb1                                              2834
  EVP_seed_cfb128                                                2834
  EVP_sm4_cfb128                                                 2834
  ENGINE_set_name                                                2875
  EVP_aria_128_cbc                                               2875
  EVP_aria_128_ofb                                               2875
  ossl_trace_cleanup                                             2875
  EVP_aes_128_wrap                                               2916
  EVP_aes_128_xts                                                2916
  EVP_aria_256_cfb8                                              2916
  query_hash                                                     2916
  EVP_aes_128_ocb                                                2917
  EVP_aes_192_wrap                                               2917
  EVP_aria_192_cbc                                               2917
  BIO_f_cipher                                                   2958
  ENGINE_set_id                                                  2958
  EVP_aes_192_ctr                                                2958
  EVP_aes_192_gcm                                                2958
  EVP_des_ede3_wrap                                              2958
  EVP_rc4_hmac_md5                                               2958
  OBJ_obj2txt                                                    2958
  EVP_aes_128_ccm                                                2959
  EVP_aria_128_ecb                                               2959
  EVP_des_ede3_cfb1                                              2959
  COMP_get_type                                                  3000
  EVP_aes_128_cfb8                                               3000
  EVP_aes_192_ofb                                                3000
  EVP_aes_256_cfb128                                             3000
  EVP_aes_256_ecb                                                3000
  EVP_aria_128_cfb8                                              3000
  EVP_des_ede3_cfb8                                              3000
  EVP_idea_ecb                                                   3000
  strrchr                                                        3000
  EVP_aes_128_gcm                                                3041
  EVP_aria_128_ctr                                               3041
  def_init_default                                               3041
  EVP_aria_128_cfb128                                            3042
  EVP_des_ede3_cbc                                               3042
  signal                                                         3042
  EVP_aria_192_ecb                                               3083
  EVP_aria_256_cfb128                                            3083
  EVP_des_ede3_cfb64                                             3083
  getrlimit                                                      3083
  property_cmp                                                   3083
  function_cmp                                                   3084
  EVP_CIPHER_get_flags                                           3125
  EVP_aria_128_cfb1                                              3125
  EVP_camellia_256_ofb                                           3125
  EVP_aria_128_ccm                                               3167
  EVP_camellia_192_ofb                                           3167
  EVP_camellia_256_cbc                                           3167
  EVP_aes_256_wrap_pad                                           3208
  EVP_camellia_128_cbc                                           3208
  EVP_cast5_cfb64                                                3208
  __cxa_finalize                                                 3208
  EVP_camellia_192_cbc                                           3209
  EVP_aes_128_cfb128                                             3250
  EVP_aes_128_ecb                                                3250
  EVP_aes_192_cfb128                                             3250
  EVP_aria_192_cfb8                                              3250
  EVP_camellia_256_ctr                                           3250
  EVP_des_ede_cfb64                                              3250
  UI_method_set_writer                                           3250
  EVP_camellia_192_cfb8                                          3291
  COMP_zlib                                                      3292
  EVP_camellia_192_cfb1                                          3292
  EVP_camellia_192_ctr                                           3292
  EVP_des_cfb64                                                  3292
  EVP_aria_192_cfb128                                            3333
  EVP_camellia_192_ecb                                           3333
  OSSL_LIB_CTX_get_data                                          3333
  EVP_camellia_128_ofb                                           3334
  UI_method_set_reader                                           3334
  EVP_aes_128_wrap_pad                                           3375
  EVP_aria_128_gcm                                               3375
  EVP_camellia_128_ctr                                           3375
  EVP_camellia_256_ecb                                           3375
  init_thread_stop                                               3375
  ossl_store_cleanup_int                                         3375
  EVP_camellia_256_cfb1                                          3417
  opt_set_unknown_name                                           3417
  ossl_comp_zstd_cleanup                                         3417
  EVP_camellia_128_cfb8                                          3458
  EVP_aes_192_wrap_pad                                           3459
  EVP_chacha20_poly1305                                          3459
  UI_method_set_closer                                           3500
  bio_sock_cleanup_int                                           3500
  __getrlimit                                                    3541
  EVP_add_alg_module                                             3542
  EVP_camellia_256_cfb8                                          3542
  store_loader_cmp                                               3542
  OSSL_PARAM_modified                                            3583
  OSSL_STORE_register_loader                                     3583
  app_RAND_write                                                 3583
  ossl_prov_ctx_free                                             3583
  ENGINE_set_flags                                               3584
  tiny_free_no_lock                                              3584
  engine_load_rdrand_int                                         3666
  ossl_prov_ctx_new                                              3667
  ossl_prov_ctx_set0_handle                                      3667
  EVP_camellia_128_cfb1                                          3708
  ossl_comp_zlib_cleanup                                         3709
  EVP_CipherUpdate                                               3750
  EVP_camellia_192_cfb128                                        3750
  evp_app_cleanup_int                                            3750
  opt_check_rest_arg                                             3750
  ossl_comp_brotli_cleanup                                       3750
  ERR_print_errors                                               3791
  ossl_lib_ctx_write_lock                                        3791
  BIO_meth_set_gets                                              3792
  EVP_camellia_128_cfb128                                        3792
  __smakebuf                                                     3792
  core_get_libctx                                                3792
  BIO_meth_set_puts                                              3833
  close                                                          3833
  EVP_camellia_256_cfb128                                        3875
  ASN1_add_oid_module                                            3917
  EVP_CIPHER_fetch                                               3917
  ossl_prov_ctx_set0_libctx                                      3917
  BIO_meth_set_ctrl                                              3958
  NCONF_get0_libctx                                              3959
  ASN1_add_stable_module                                         4000
  EVP_CipherFinal_ex                                             4000
  EVP_camellia_128_ecb                                           4000
  OSSL_LIB_CTX_free                                              4000
  ENGINE_set_cmd_defns                                           4041
  UI_method_set_opener                                           4042
  BIO_meth_set_destroy                                           4083
  ENGINE_add_conf_module                                         4083
  EVP_CIPHER_get_iv_length                                       4083
  aes_v8_set_encrypt_key                                         4083
  ERR_get_error_all                                              4084
  BIO_meth_set_create                                            4125
  dyld4::APIs::_tlv_exit()                                       4125
  free_medium                                                    4125
  ossl_lib_ctx_is_default                                        4125
  BIO_meth_set_read_ex                                           4167
  null_gettable_ctx_params                                       4167
  ossl_method_lock_store                                         4208
  ossl_prov_ctx_get0_libctx                                      4208
  ossl_stored_namemap_free                                       4209
  EVP_PKEY_asn1_get_count                                        4250
  OSSL_ERR_STATE_new                                             4250
  ossl_child_prov_ctx_new                                        4291
  aes_192_ctr_get_params                                         4292
  CRYPTO_THREAD_get_current_id                                   4333
  ossl_method_unlock_store                                       4333
  aes_192_cfb_get_params                                         4375
  aes_192_siv_get_params                                         4375
  chacha20_get_params                                            4375
  ossl_config_add_ssl_module                                     4375
  sm4_128_cbc_get_params                                         4375
  tdes_ede2_cbc_get_params                                       4375
  OSSL_CMP_log_close                                             4416
  aes_v8_ctr32_encrypt_blocks                                    4416
  ENGINE_set_ctrl_function                                       4417
  aes_256_siv_get_params                                         4417
  ossl_cipher_generic_reset_ctx                                  4417
  CONF_imodule_get_value                                         4458
  aes_128_cfb1_get_params                                        4458
  aes_256_cfb8_get_params                                        4458
  ossl_rand_cleanup_int                                          4458
  __sigaction                                                    4459
  OSSL_STORE_unregister_loader                                   4500
  aes_128_cbc_get_params                                         4500
  aes_128_xts_get_params                                         4500
  aes_256_ccm_get_params                                         4500
  aes_256_ctr_get_params                                         4500
  aria_128_ecb_get_params                                        4500
  aria_192_cbc_get_params                                        4500
  aria_192_cfb1_get_params                                       4500
  aria_192_ctr_get_params                                        4500
  aria_128_cfb8_get_params                                       4541
  sm4_128_gcm_get_params                                         4541
  aes_192_cbc_get_params                                         4542
  aes_192_cfb1_get_params                                        4542
  aes_256_ofb_get_params                                         4542
  aria_128_cbc_get_params                                        4542
  aria_128_ofb_get_params                                        4542
  tdes_ede3_cfb_get_params                                       4542
  EVP_sha256                                                     4582
  aes_256_gcm_get_params                                         4583
  aria_192_ofb_get_params                                        4583
  aria_256_cfb_get_params                                        4583
  aria_256_ctr_get_params                                        4583
  sm4_128_ctr_get_params                                         4583
  tdes_ede3_cbc_get_params                                       4583
  BIO_meth_set_write_ex                                          4584
  aes_128_ofb_get_params                                         4584
  aria_128_gcm_get_params                                        4584
  OSSL_STORE_LOADER_set_eof                                      4625
  aes_128_ccm_get_params                                         4625
  aes_128_cfb8_get_params                                        4625
  aes_192_ecb_get_params                                         4625
  aes_256_cbc_get_params                                         4625
  aria_128_cfb1_get_params                                       4625
  aria_128_ctr_get_params                                        4625
  aria_192_cfb8_get_params                                       4625
  aria_192_ecb_get_params                                        4625
  chacha20_gettable_ctx_params                                   4625
  ossl_random_add_conf_module                                    4625
  tdes_ede2_cfb_get_params                                       4625
  tdes_wrap_get_params                                           4625
  ENGINE_set_init_function                                       4666
  OPENSSL_cpuid_setup                                            4666
  UI_method_set_prompt_constructor                               4666
  aes_128_wrap_get_params                                        4666
  aes_192_wrap_get_params                                        4666
  tdes_ede2_ecb_get_params                                       4666
  tdes_ede2_ofb_get_params                                       4666
  ENGINE_set_finish_function                                     4667
  OSSL_trace_set_channel                                         4667
  aes_128_cfb_get_params                                         4667
  aes_128_ecb_get_params                                         4667
  aes_128_ocb_get_params                                         4667
  aria_256_ofb_get_params                                        4667
  lsl::Lock::unlock()                                            4667
  ossl_bio_core_globals_new                                      4667
  OSSL_STORE_LOADER_set_close                                    4708
  aes_192_ccm_get_params                                         4708
  aes_192_gcm_get_params                                         4708
  aes_cts_192_cbc_get_params                                     4708
  sm4_128_xts_get_params                                         4708
  aria_256_cbc_get_params                                        4709
  ossl_bio_core_globals_free                                     4709
  BIO_free                                                       4750
  OSSL_STORE_LOADER_set_error                                    4750
  aes_128_ctr_get_params                                         4750
  ossl_store_register_init                                       4750
  sm4_128_cfb128_get_params                                      4750
  sm4_128_ofb128_get_params                                      4750
  EVP_aes_256_cbc_hmac_sha256                                    4792
  ossl_provider_add_conf_module                                  4792
  EVP_aes_256_cbc_hmac_sha1                                      4833
  aes_128_siv_get_params                                         4833
  aes_256_cfb_get_params                                         4833
  aria_128_cfb_get_params                                        4833
  aria_256_cfb1_get_params                                       4833
  ossl_prov_ctx_set0_core_bio_method                             4834
  EVP_aes_128_cbc_hmac_sha1                                      4875
  aes_192_cfb8_get_params                                        4875
  aes_256_wrapinv_get_params                                     4875
  aes_256_xts_get_params                                         4875
  aes_cts_128_cbc_get_params                                     4875
  aria_192_gcm_get_params                                        4875
  camellia_128_cfb_get_params                                    4875
  def_is_number                                                  4875
  engine_pkey_meths_free                                         4875
  camellia_128_ecb_get_params                                    4916
  sm4_128_ecb_get_params                                         4916
  EVP_aes_128_cbc_hmac_sha256                                    4917
  OSSL_STORE_LOADER_set_load                                     4917
  aes_192_wrapinv_get_params                                     4917
  aes_256_ecb_get_params                                         4917
  camellia_256_cfb_get_params                                    4917
  engine_remove_dynamic_id                                       4917
  tdes_ede3_cfb1_get_params                                      4917
  tdes_ede3_ofb_get_params                                       4917
  OSSL_STORE_LOADER_free                                         4958
  aes_128_wrappad_get_params                                     4958
  aes_192_ocb_get_params                                         4958
  aes_cts_256_cbc_get_params                                     4958
  aria_128_ccm_get_params                                        4958
  aria_256_ccm_get_params                                        4958
  aria_256_cfb8_get_params                                       4958
  camellia_256_ofb_get_params                                    4958
  ossl_ctx_global_properties_new                                 4958
  pthread_cond_destroy                                           4958
  camellia_192_ecb_get_params                                    4959
  ENGINE_load_builtin_engines                                    5000
  aes_192_ofb_get_params                                         5000
  aes_256_cfb1_get_params                                        5000
  aria_256_ecb_get_params                                        5000
  ossl_property_match_count                                      5000
  ossl_prov_cipher_hw_aes_ctr                                    5000
  tdes_ede3_cfb8_get_params                                      5000
  ENGINE_get_cipher_engine                                       5041
  aria_256_gcm_get_params                                        5041
  camellia_192_cfb1_get_params                                   5041
  Diagnostics::clearError()                                      5042
  aria_192_ccm_get_params                                        5042
  camellia_256_ctr_get_params                                    5042
  OSSL_STORE_LOADER_set_expect                                   5083
  aes_128_gcm_get_params                                         5083
  aes_192_wrappadinv_get_params                                  5083
  camellia_128_cfb1_get_params                                   5083
  camellia_192_ofb_get_params                                    5083
  pthread_self                                                   5083
  OSSL_STORE_LOADER_set_open                                     5084
  aes_192_wrappad_get_params                                     5084
  aes_128_wrapinv_get_params                                     5125
  aes_256_ocb_get_params                                         5125
  camellia_128_cbc_get_params                                    5125
  sm4_128_ccm_get_params                                         5125
  camellia_192_ctr_get_params                                    5166
  EVP_CIPHER_get_key_length                                      5208
  ossl_property_has_optional                                     5208
  tdes_ede3_ecb_get_params                                       5208
  aes_256_wrappad_get_params                                     5209
  camellia_192_cfb_get_params                                    5209
  camellia_256_cbc_get_params                                    5250
  camellia_256_cfb8_get_params                                   5250
  engine_pkey_asn1_meths_free                                    5250
  camellia_192_cbc_get_params                                    5291
  OPENSSL_sk_sort                                                5292
  camellia_cts_192_cbc_get_params                                5292
  ossl_indicator_set_callback_free                               5292
  aes_128_wrappadinv_get_params                                  5333
  camellia_128_ctr_get_params                                    5333
  ossl_init_thread_deregister                                    5333
  ossl_self_test_set_callback_free                               5333
  ossl_self_test_set_callback_new                                5333
  aes_256_wrappadinv_get_params                                  5334
  OSSL_PARAM_get_int                                             5375
  camellia_128_ofb_get_params                                    5375
  memset                                                         5375
  ossl_free_compression_methods_int                              5375
  ossl_aes_256_gcm_siv_get_params                                5458
  ossl_prov_ctx_get0_core_bio_method                             5458
  aes_256_wrap_get_params                                        5459
  ossl_provider_unquery_operation                                5500
  camellia_128_cfb8_get_params                                   5541
  ossl_indicator_set_callback_new                                5541
  aria_192_cfb_get_params                                        5542
  chacha20_poly1305_get_params                                   5542
  camellia_256_ecb_get_params                                    5584
  getegid                                                        5624
  camellia_192_cfb8_get_params                                   5625
  ossl_aes_192_gcm_siv_get_params                                5625
  EVP_CIPHER_CTX_get_block_size                                  5666
  chacha20_poly1305_gettable_ctx_params                          5709
  camellia_cts_256_cbc_get_params                                5791
  medium_region_for_ptr_no_lock                                  5833
  OSSL_LIB_CTX_set_conf_diagnostics                              5875
  opt_arg                                                        5877
  app_get0_libctx                                                5999
  camellia_cts_128_cbc_get_params                                6000
  ossl_prov_bio_from_dispatch                                    6000
  geteuid                                                        6125
  medium_malloc_from_free_list                                   6125
  getuid                                                         6208
  ossl_aes_128_gcm_siv_get_params                                6208
  BIO_set_data                                                   6209
  EVP_CIPHER_get_mode                                            6209
  getgid                                                         6333
  ossl_prov_seeding_from_dispatch                                6417
  EVP_RAND_CTX_free                                              6583
  OSSL_PARAM_get_int32                                           6625
  dyld4::Loader::hiddenFromFlat(bool) const                      6625
  dyld3::kdebug_trace_dyld_enabled(unsigned int)                 6750
  BIO_next                                                       6958
  dyld4::RuntimeState::notifyObjCPatching()                      7000
  dyld4::BumpAllocator::~BumpAllocator()                         7042
  _kernelrpc_mach_port_deallocate_trap                           7083
  bio_open_default                                               7084
  EVP_CipherInit_ex                                              7250
  dyld4::handleFromLoader(dyld4::Loader const*, bool)             7250
  _platform_strnlen                                              7333
  openssl_fopen                                                  7541
  store_loader_hash                                              7542
  ENGINE_register_EC                                             7707
  lsl::Lock::lock()                                              7709
  file_ctrl                                                      7749
  __fcntl                                                        7792
  _kernelrpc_mach_port_construct_trap                            7833
  ENGINE_register_DH                                             7875
  OPENSSL_sk_pop                                                 7959
  dyld4::JustInTimeLoader::hiddenFromFlat(bool) const             7959
  ENGINE_register_RSA                                            8125
  __sclose                                                       8166
  camellia_256_cfb1_get_params                                   8208
  ENGINE_register_DSA                                            8251
  BIO_copy_next_retry                                            8292
  flsl                                                           8333
  ENGINE_register_RAND                                           8375
  dyld4::Loader::beginInitializers(dyld4::RuntimeState&)             8375
  X509_get_default_cert_area                                     8416
  ossl_lib_ctx_get_concrete                                      8417
  ossl_sa_new                                                    8749
  lsl::EphemeralAllocator::reset()                               8792
  strlen                                                         8958
  dyld4::RuntimeState::incDlRefCount(dyld4::Loader const*)             9000
  BIO_set_init                                                   9042
  ENGINE_register_digests                                        9084
  lsl::Vector<dyld4::Loader const*>::reserveExact(unsigned long)             9125
  ENGINE_register_ciphers                                        9167
  __sflags                                                       9209
  ossl_cipher_generic_einit                                      9291
  tiny_try_realloc_in_place                                      9334
  free_small                                                     9500
  ossl_property_free                                             9584
  ossl_cipher_generic_set_ctx_params                             9791
  ENGINE_register_pkey_meths                                     9833
  DSO_METHOD_openssl                                             9999
  dyld4::JustInTimeLoader::beginInitializers(dyld4::RuntimeState&)            10000
  BIO_set_flags                                                 10042
  OSSL_LIB_CTX_get_conf_diagnostics                             10166
  deflt_query                                                   10583
  tiny_malloc_from_free_list                                    10666
  CRYPTO_atomic_or                                              10708
  lsl::Vector<lsl::MemoryManager::Buffer>::reserve(unsigned long)            10834
  ENGINE_register_pkey_asn1_meths                               11083
  ossl_lib_ctx_get_ex_data_global                               11208
  ossl_lib_ctx_get_rcukey                                       11209
  NCONF_get_section                                             11667
  OPENSSL_cleanse                                               11749
  __bzero                                                       11750
  engine_free_util                                              11750
  ossl_sa_doall_arg                                             11792
  err_unshelve_state                                            11959
  aes_siv_gettable_ctx_params                                   12125
  dyld4::RuntimeState::doSingletonPatching(dyld4::DyldCacheDataConstLazyScopedWriter&)            12583
  ossl_cipher_capable_aes_cbc_hmac_sha1                         12625
  EVP_add_cipher                                                12708
  ossl_property_value                                           12749
  ossl_cipher_capable_aes_cbc_hmac_sha256                       12834
  fstat                                                         13041
  cipher_ocb_gettable_ctx_params                                13459
  aes_cbc_cts_gettable_ctx_params                               13500
  dyld4::Loader::loadDependents(Diagnostics&, dyld4::RuntimeState&, dyld4::Loader::LoadOptions const&)            13750
  dyld4::DyldCacheDataConstLazyScopedWriter::DyldCacheDataConstLazyScopedWriter(dyld4::RuntimeState&)            13875
  BIO_clear_flags                                               14084
  DSO_free                                                      14334
  sa_doall                                                      14543
  dyld4::Loader::path() const                                   14666
  BIO_get_data                                                  14916
  lsl::EphemeralAllocator::~EphemeralAllocator()                14917
  dyld4::JustInTimeLoader::loadDependents(Diagnostics&, dyld4::RuntimeState&, dyld4::Loader::LoadOptions const&)            15209
  ossl_aes_gcm_siv_gettable_ctx_params                          15374
  camellia_cbc_cts_gettable_ctx_params                          15458
  CRYPTO_atomic_add                                             15584
  __sflush                                                      15624
  _NSGetEnviron                                                 15791
  dyld3::MachOFile::is64() const                                16375
  _kernelrpc_mach_port_destruct_trap                            16416
  os_unfair_recursive_lock_unlock                               16541
  file_new                                                      16625
  ossl_prov_is_running                                          16751
  file_free                                                     16916
  invocation function for block in dyld4::Loader::forEachPath(Diagnostics&, dyld4::RuntimeState&, char const*, dyld4::Loader::Loa            17584
  OPENSSL_LH_get_down_load                                      18249
  CRYPTO_THREAD_lock_free                                       18250
  dyld4::JustInTimeLoader::path() const                         18291
  FMT_istext                                                    18458
  kdebug_is_enabled                                             18583
  BIO_new                                                       18625
  pthread_mutex_destroy                                         18625
  small_free_list_remove_ptr                                    19042
  pthread_cond_init                                             19583
  small_try_realloc_in_place                                    19666
  property_free                                                 20333
  dyld4::LibSystemHelpers::pthread_getspecific(unsigned long) const            20418
  small_free_list_find_by_ptr                                   20499
  os_unfair_recursive_lock_lock_with_options                    20709
  __chkstk_darwin_probe                                         20710
  rack_region_insert                                            20958
  lsl::EphemeralAllocator::deallocate_buffer(lsl::MemoryManager::Buffer)            20959
  dyld4::Loader::matchesPath(char const*) const                 21001
  small_size                                                    21918
  ___chkstk_darwin                                              21999
  dyld4::ProcessConfig::DyldCache::indexOfPath(char const*, unsigned int&) const            22667
  _kernelrpc_mach_vm_deallocate_trap                            23125
  mach_msg2_trap                                                23541
  small_free_list_remove_ptr_no_clear                           23917
  os_unfair_lock_assert_not_owner                               24208
  dyld4::Loader::loadAddress(dyld4::RuntimeState&) const            25168
  pthread_mutex_init                                            26083
  ossl_property_name                                            26874
  __findenv_locked                                              27126
  lsl::MemoryManager::lockGuard()                               27293
  OPENSSL_strnlen                                               27501
  OPENSSL_sk_delete                                             28333
  dyld4::JustInTimeLoader::loadAddress(dyld4::RuntimeState&) const            28916
  dyld3::ScopedTimer::endTimer()                                29250
  __open                                                        32709
  _pthread_mutex_check_init_slow                                32750
  lsl::AllocationMetadata::AllocationMetadata(lsl::Allocator*, unsigned long)            33000
  CRYPTO_new_ex_data                                            35500
  OPENSSL_LH_set_down_load                                      35541
  small_free_list_add_ptr                                       37084
  tiny_free_list_remove_ptr                                     37459
  szone_good_size                                               37876
  dyld4::LibSystemHelpers::os_unfair_recursive_lock_unlock(os_unfair_recursive_lock_s*) const            38042
  __read_nocancel                                               39915
  OPENSSL_sk_free                                               40246
  Diagnostics::hasError() const                                 41043
  get_tiny_previous_free_msize                                  41374
  dyld4::LibSystemHelpers::os_unfair_lock_unlock(os_unfair_lock_s*) const            42167
  EVP_PKEY_asn1_get0                                            43209
  ossl_rcu_write_lock                                           43709
  Diagnostics::noError() const                                  44331
  ossl_tdes_gettable_ctx_params                                 45999
  ossl_rcu_write_unlock                                         46168
  pthread_setspecific                                           46375
  _kernelrpc_mach_vm_map_trap                                   46416
  __write_nocancel                                              47500
  dyld3::MachOFile::read_uleb128(Diagnostics&, unsigned char const*&, unsigned char const*)            49542
  dyld4::RuntimeState::PermanentRanges::contains(unsigned long, unsigned long, unsigned char*, dyld4::Loader const**) const            50834
  _tiny_check_and_zero_inline_meta_from_freelist                51751
  dyld4::LibSystemHelpers::os_unfair_recursive_lock_lock_with_options(os_unfair_recursive_lock_s*, os_unfair_lock_options_t) cons            54168
  EVP_PKEY_asn1_get0_info                                       54250
  szone_malloc                                                  54373
  pthread_cond_broadcast                                        55956
  madvise                                                       58166
  tiny_size                                                     58374
  small_malloc_from_free_list                                   60877
  lsl::EphemeralAllocator::allocate_buffer(unsigned long, unsigned long, unsigned long)            61750
  realloc                                                       62167
  set_tiny_meta_header_in_use                                   64419
  _qsort                                                        69291
  dyld4::LibSystemHelpers::os_unfair_lock_lock_with_options(os_unfair_lock_s*, os_unfair_lock_options_t) const            69334
  strcmp                                                        70539
  ossl_cipher_aead_gettable_ctx_params                          70625
  OPENSSL_sk_pop_free                                           71000
  _szone_free                                                   73205
  tiny_free_list_add_ptr                                        73581
  __close_nocancel                                              75709
  os_unfair_lock_assert_owner                                   77125
  szone_try_free_default                                        78417
  invocation function for block in dyld3::MachOFile::getDylibInstallName(char const**, unsigned int*, unsigned int*) const            80875
  dyld3::kdebug_trace_dyld_duration_end(unsigned long long, unsigned int, dyld3::kt_arg, dyld3::kt_arg, dyld3::kt_arg)            84835
  property_hash                                                 86957
  rack_get_thread_index                                         87499
  dyld3::OverflowSafeArray<unsigned int, 4294967295ul>::verifySpace(unsigned long)            90169
  EVP_CIPHER_get_type                                           90918
  dyld4::Loader::contains(dyld4::RuntimeState&, void const*, void const**, unsigned long long*, unsigned char*) const            94875
  pthread_cond_signal                                          105457
  Diagnostics::assertNoError() const                           108170
  pthread_rwlock_init                                          112627
  nanov2_size                                                  114583
  pthread_rwlock_destroy                                       123042
  os_unfair_lock_unlock                                        130498
  __open_nocancel                                              133041
  Diagnostics::~Diagnostics()                                  140750
  Diagnostics::Diagnostics(bool)                               157792
  get_legacy_evp_names                                         161206
  ossl_ctype_check                                             170958
  os_unfair_lock_lock_with_options                             178127
  invocation function for block in dyld3::MachOFile::getEntry(unsigned long long&, bool&) const           190125
  nanov2_pointer_size                                          195291
  EVP_MD_get_type                                              198456
  _Block_object_dispose                                        210792
  free                                                         211506
  OPENSSL_hexchar2int                                          234749
  ossl_sa_set                                                  251491
  strncmp                                                      266329
  nanov2_allocate_from_block                                   267124
  trim_ws                                                      276119
  invocation function for block in dyld4::JustInTimeLoader::contains(dyld4::RuntimeState&, void const*, void const**, unsigned lo           305667
  BUF_MEM_new                                                  306543
  names_free                                                   321622
  OPENSSL_LH_flush                                             329583
  OBJ_get0_data                                                331260
  OPENSSL_LH_doall                                             336920
  OSSL_PARAM_set_uint                                          339666
  ossl_provider_ctx                                            341460
  EVP_CIPHER_get_nid                                           364037
  conf_value_cmp                                               379413
  ossl_lib_ctx_unlock                                          379914
  OSSL_PARAM_locate_const                                      398590
  invocation function for block in dyld3::MachOLoaded::findClosestSymbol(unsigned long long, char const**, unsigned long long*) c           413582
  ossl_lib_ctx_read_lock                                       423257
  OPENSSL_LH_set_thunks                                        431752
  property_defn_cmp                                            440994
  ossl_cipher_generic_gettable_ctx_params                      446587
  evp_cipher_up_ref                                            454205
  ossl_provider_free                                           467871
  property_defn_hash                                           468834
  function_hash                                                479044
  value_free_hash                                              481657
  BN_free                                                      483122
  CRYPTO_realloc                                               492504
  ossl_provider_up_ref                                         492792
  OSSL_PARAM_set_uint32                                        504002
  ASN1_OBJECT_free                                             508547
  ossl_sa_get                                                  508950
  eat_alpha_numeric                                            513662
  sa_free_node                                                 545339
  OSSL_PARAM_construct_end                                     550249
  EVP_CIPHER_get0_provider                                     561952
  OSSL_PARAM_construct_uint                                    567551
  evp_cipher_free                                              573824
  do_all_fn                                                    591168
  EVP_CIPHER_free                                              636839
  ossl_provider_libctx                                         796922
  invocation function for block in dyld3::MachOLoaded::getLinkEditLoadCommands(Diagnostics&, dyld3::MachOLoaded::LinkEditInfo&) c           835167
  internal_free_nop                                            884087
  _platform_strncmp                                            884464
  name_string_free                                             893908
  OPENSSL_LH_error                                             921413
  OSSL_PARAM_set_size_t                                       1116922
  invocation function for block in dyld3::MachOFile::forEachSegment(void (dyld3::MachOFile::SegmentInfo const&, bool&) block_poin          1117168
  BUF_MEM_grow                                                1141633
  pthread_getspecific                                         1156206
  sk_reserve                                                  1171424
  _os_once                                                    1227100
  CRYPTO_THREAD_get_local                                     1287407
  _platform_memchr                                            1367750
  ossl_rcu_assign_uptr                                        1425332
  OSSL_PARAM_set_uint64                                       1518318
  names_lh_free_doall                                         1546621
  ossl_lib_ctx_get_data                                       1607952
  OSSL_PARAM_set_int                                          1620552
  _platform_strchr                                            1734117
  pthread_mutex_lock                                          1743883
  OSSL_PARAM_construct_size_t                                 1811373
  pthread_mutex_unlock                                        1853178
  _nanov2_free                                                1891338
  OPENSSL_sk_num                                              1982204
  OPENSSL_sk_push                                             1989365
  _pthread_mutex_lock_init_slow                               2010751
  _pthread_mutex_unlock_init_slow                             2110043
  _pthread_mutex_firstfit_lock_slow                           2229758
  _pthread_mutex_firstfit_unlock_slow                         2321998
  OPENSSL_sk_value                                            2338955
  OSSL_PARAM_set_int32                                        2457959
  obj_name_cmp                                                2518929
  OPENSSL_LH_strhash                                          2725503
  OSSL_PARAM_construct_int                                    2750801
  _platform_memcmp                                            2767042
  pthread_once                                                3074495
  OBJ_nid2obj                                                 3178133
  CRYPTO_atomic_load                                          3321143
  pthread_rwlock_rdlock                                       3344538
  SortFnByName                                                3405231
  ossl_lh_strcasehash                                         3685217
  __error                                                     3822681
  ossl_isdigit                                                4027184
  cipher_compare                                              4033080
  fnv1a_hash                                                  4442256
  _platform_memmove                                           6564306
  pthread_rwlock_wrlock                                       6707855
  pthread_rwlock_unlock                                      10018728
  err_string_data_cmp                                        10901944
  CRYPTO_free                                                12357088
  malloc                                                     13420470
  doapr_outch                                                15237845
  err_string_data_hash                                       16605434
  nanov2_malloc                                              18550237
  _platform_strlen                                           23365921
  _platform_memset                                           25674798
  nanov2_try_free_default                                    26131195
  _platform_strcmp                                           28145479
  ossl_tolower                                               60807867
