
  pd_free                                                        1750
  UI_OpenSSL                                                     1916
  EVP_bf_cbc                                                     1917
  EVP_sha224                                                     1917
  EVP_md5                                                        1959
  EVP_rc2_cbc                                                    2042
  EVP_sha512                                                     2042
  EVP_sm3                                                        2042
  EVP_rc4_40                                                     2084
  EVP_sha1                                                       2125
  EVP_sm4_cbc                                                    2125
  EVP_rc4                                                        2166
  EVP_idea_ofb                                                   2167
  EVP_rc2_ofb                                                    2167
  sigaction                                                      2167
  EVP_bf_ofb                                                     2208
  EVP_sm4_ofb                                                    2208
  UI_null                                                        2208
  EVP_des_ecb                                                    2250
  EVP_idea_cbc                                                   2250
  EVP_md4                                                        2250
  EVP_sha384                                                     2250
  EVP_des_cfb8                                                   2292
  EVP_des_ofb                                                    2292
  EVP_des_ede                                                    2333
  EVP_shake256                                                   2333
  opt_unknown                                                    2333
  EVP_des_cbc                                                    2334
  EVP_seed_cbc                                                   2334
  EVP_sm4_ctr                                                    2334
  EVP_des_ede3                                                   2375
  EVP_sha3_224                                                   2375
  _cleanup                                                       2375
  strchr                                                         2375
  EVP_sm4_ecb                                                    2416
  EVP_bf_ecb                                                     2417
  EVP_mdc2                                                       2417
  EVP_sha3_512                                                   2458
  EVP_sha512_224                                                 2458
  app_get0_propq                                                 2458
  EVP_cast5_ofb                                                  2459
  EVP_md5_sha1                                                   2459
  EVP_ripemd160                                                  2459
  EVP_seed_ecb                                                   2459
  EVP_shake128                                                   2459
  EVP_blake2s256                                                 2500
  EVP_seed_ofb                                                   2500
  opt_next                                                       2500
  EVP_chacha20                                                   2541
  EVP_idea_ecb                                                   2541
  EVP_aes_256_ctr                                                2542
  EVP_aes_256_ofb                                                2542
  EVP_cast5_cbc                                                  2542
  EVP_sha3_384                                                   2542
  EVP_sha512_256                                                 2542
  EVP_aes_256_xts                                                2583
  release_engine                                                 2583
  EVP_aes_256_cbc                                                2584
  EVP_aes_128_cbc                                                2625
  EVP_aes_128_ccm                                                2625
  EVP_aes_192_gcm                                                2625
  EVP_aes_256_ccm                                                2625
  EVP_des_cfb1                                                   2625
  EVP_des_ede_ofb                                                2625
  lh_FUNCTION_free                                               2625
  EVP_bf_cfb64                                                   2666
  EVP_rc2_ecb                                                    2666
  ossl_trace_cleanup                                             2666
  EVP_aes_192_cbc                                                2667
  EVP_aes_256_cfb1                                               2667
  EVP_aes_256_wrap                                               2667
  EVP_aria_192_ofb                                               2667
  EVP_aria_256_cbc                                               2667
  EVP_des_ede_cbc                                                2667
  EVP_rc2_64_cbc                                                 2667
  EVP_rc2_cfb64                                                  2667
  EVP_aes_128_ctr                                                2708
  EVP_aria_128_ofb                                               2708
  EVP_aria_256_ccm                                               2708
  EVP_sm4_cfb128                                                 2708
  ENGINE_set_name                                                2709
  EVP_aes_128_ofb                                                2709
  EVP_aria_192_cbc                                               2709
  EVP_MD_free                                                    2750
  EVP_aes_192_ccm                                                2750
  EVP_aes_192_ofb                                                2750
  EVP_aes_256_ocb                                                2750
  EVP_aria_128_ctr                                               2750
  EVP_aria_192_ccm                                               2750
  EVP_aria_256_ecb                                               2750
  EVP_aria_256_gcm                                               2750
  EVP_aria_256_ofb                                               2750
  EVP_rc4_hmac_md5                                               2750
  def_to_int                                                     2750
  EVP_aes_256_gcm                                                2791
  EVP_aria_192_ctr                                               2791
  EVP_idea_cfb64                                                 2791
  EVP_aes_128_cfb1                                               2792
  EVP_aes_192_ecb                                                2792
  EVP_aria_128_cbc                                               2792
  EVP_des_ede3_cfb8                                              2792
  EVP_sha3_256                                                   2792
  EVP_whirlpool                                                  2792
  ENGINE_set_id                                                  2833
  EVP_aes_192_cfb1                                               2833
  EVP_aria_128_ecb                                               2833
  EVP_rc2_40_cbc                                                 2833
  EVP_aes_128_wrap                                               2834
  EVP_aes_256_cfb8                                               2834
  EVP_aria_192_gcm                                               2834
  EVP_cast5_ecb                                                  2834
  EVP_des_ede3_ofb                                               2834
  EVP_aes_192_ocb                                                2875
  EVP_des_ede3_cbc                                               2875
  EVP_seed_cfb128                                                2875
  OBJ_obj2txt                                                    2875
  strrchr                                                        2875
  COMP_get_type                                                  2916
  EVP_aria_256_cfb1                                              2916
  EVP_aes_128_xts                                                2917
  query_hash                                                     2917
  BIO_f_cipher                                                   2958
  EVP_aes_192_cfb8                                               2958
  property_cmp                                                   2958
  vm_deallocate                                                  2958
  EVP_aria_192_cfb1                                              2959
  EVP_aes_128_gcm                                                3000
  EVP_aes_256_ecb                                                3000
  EVP_aria_192_cfb128                                            3000
  EVP_aria_256_ctr                                               3000
  EVP_des_ede3_wrap                                              3000
  EVP_aes_192_cfb128                                             3041
  EVP_aes_192_wrap                                               3041
  EVP_camellia_256_ofb                                           3041
  EVP_cast5_cfb64                                                3041
  NCONF_default                                                  3041
  EVP_aes_128_cfb8                                               3042
  function_cmp                                                   3042
  getrlimit                                                      3042
  EVP_aes_128_ocb                                                3083
  EVP_aria_256_cfb8                                              3083
  EVP_blake2b512                                                 3083
  EVP_des_cfb64                                                  3083
  __cxa_finalize                                                 3083
  def_init_default                                               3083
  EVP_aria_192_cfb8                                              3084
  EVP_des_ede3_cfb1                                              3084
  EVP_desx_cbc                                                   3084
  EVP_aria_128_cfb8                                              3125
  EVP_aria_128_gcm                                               3125
  EVP_aes_128_cfb128                                             3166
  EVP_aes_256_wrap_pad                                           3166
  EVP_aria_128_cfb1                                              3166
  __smakebuf                                                     3166
  EVP_aes_192_ctr                                                3167
  EVP_aes_192_wrap_pad                                           3167
  EVP_aria_128_ccm                                               3167
  EVP_des_ede_cfb64                                              3167
  EVP_aes_128_wrap_pad                                           3208
  EVP_camellia_192_ofb                                           3208
  UI_method_set_writer                                           3208
  EVP_camellia_128_ofb                                           3209
  EVP_aria_256_cfb128                                            3250
  OSSL_PARAM_modified                                            3250
  bio_sock_cleanup_int                                           3250
  opt_set_unknown_name                                           3250
  EVP_camellia_192_ctr                                           3291
  EVP_camellia_192_cbc                                           3292
  EVP_camellia_192_cfb1                                          3292
  UI_method_set_reader                                           3292
  EVP_CIPHER_get_flags                                           3333
  EVP_aes_128_ecb                                                3333
  EVP_aes_256_cfb128                                             3333
  UI_method_set_closer                                           3333
  ossl_comp_zstd_cleanup                                         3333
  ossl_store_cleanup_int                                         3333
  EVP_aria_192_ecb                                               3334
  OSSL_LIB_CTX_get_data                                          3334
  EVP_aria_128_cfb128                                            3375
  EVP_camellia_256_cfb8                                          3375
  EVP_chacha20_poly1305                                          3375
  EVP_camellia_128_cbc                                           3416
  EVP_add_alg_module                                             3417
  EVP_camellia_128_cfb1                                          3417
  EVP_camellia_128_ctr                                           3417
  ossl_prov_ctx_new                                              3417
  ENGINE_set_flags                                               3458
  EVP_camellia_256_cbc                                           3458
  app_RAND_write                                                 3458
  init_thread_stop                                               3458
  EVP_camellia_256_cfb1                                          3459
  engine_load_rdrand_int                                         3500
  ossl_prov_ctx_free                                             3500
  EVP_camellia_192_cfb8                                          3541
  EVP_camellia_256_ecb                                           3541
  EVP_camellia_128_cfb8                                          3542
  EVP_camellia_256_ctr                                           3542
  EVP_camellia_192_ecb                                           3584
  evp_app_cleanup_int                                            3584
  EVP_camellia_192_cfb128                                        3625
  OSSL_STORE_register_loader                                     3625
  pthread_self                                                   3625
  UI_method_set_opener                                           3666
  store_loader_cmp                                               3666
  ASN1_add_stable_module                                         3667
  EVP_des_ede3_cfb64                                             3667
  __getrlimit                                                    3667
  ossl_comp_zlib_cleanup                                         3667
  free_medium                                                    3708
  ossl_comp_brotli_cleanup                                       3708
  ASN1_add_oid_module                                            3750
  BIO_meth_set_ctrl                                              3750
  EVP_camellia_128_ecb                                           3750
  EVP_camellia_256_cfb128                                        3750
  ossl_prov_ctx_set0_handle                                      3750
  signal                                                         3750
  NCONF_get0_libctx                                              3791
  BIO_meth_set_puts                                              3792
  EVP_CipherFinal_ex                                             3792
  BIO_meth_set_create                                            3875
  core_get_libctx                                                3875
  dyld4::APIs::_tlv_exit()                                       3875
  ossl_prov_ctx_set0_libctx                                      3916
  ERR_get_error_all                                              3917
  EVP_CipherUpdate                                               3917
  opt_check_rest_arg                                             3917
  ossl_lib_ctx_write_lock                                        3917
  BIO_meth_set_gets                                              3958
  ossl_prov_ctx_get0_libctx                                      3958
  EVP_PKEY_asn1_get_count                                        4000
  EVP_camellia_128_cfb128                                        4000
  ENGINE_set_cmd_defns                                           4041
  ERR_print_errors                                               4042
  BIO_meth_set_destroy                                           4084
  EVP_CIPHER_fetch                                               4125
  OSSL_STORE_unregister_loader                                   4125
  close                                                          4125
  tiny_free_no_lock                                              4125
  ossl_config_add_ssl_module                                     4167
  aes_v8_set_encrypt_key                                         4208
  chacha20_get_params                                            4208
  ossl_lib_ctx_is_default                                        4208
  ossl_method_unlock_store                                       4208
  ENGINE_add_conf_module                                         4209
  OSSL_LIB_CTX_free                                              4209
  OSSL_ERR_STATE_new                                             4250
  null_gettable_ctx_params                                       4250
  CRYPTO_THREAD_get_current_id                                   4292
  ossl_stored_namemap_free                                       4292
  COMP_zlib                                                      4333
  ENGINE_set_ctrl_function                                       4333
  ossl_method_lock_store                                         4333
  EVP_CIPHER_get_iv_length                                       4334
  chacha20_gettable_ctx_params                                   4334
  CONF_imodule_get_value                                         4375
  ossl_cipher_generic_reset_ctx                                  4375
  BIO_meth_set_read_ex                                           4417
  aes_192_ctr_get_params                                         4417
  aes_256_cbc_get_params                                         4417
  aria_192_ecb_get_params                                        4417
  aria_192_ofb_get_params                                        4417
  aes_192_cfb_get_params                                         4458
  sm4_128_ctr_get_params                                         4458
  aes_128_ofb_get_params                                         4459
  aes_256_siv_get_params                                         4459
  tdes_ede2_cbc_get_params                                       4459
  ENGINE_set_init_function                                       4500
  aes_128_ctr_get_params                                         4500
  aes_128_ocb_get_params                                         4500
  aes_192_cfb1_get_params                                        4500
  aes_192_ecb_get_params                                         4500
  aes_192_ofb_get_params                                         4500
  aes_192_siv_get_params                                         4500
  aes_256_ctr_get_params                                         4500
  aes_v8_ctr32_encrypt_blocks                                    4500
  aria_128_cfb8_get_params                                       4500
  aria_192_ctr_get_params                                        4500
  aria_256_cfb_get_params                                        4500
  aria_256_ofb_get_params                                        4500
  sm4_128_ccm_get_params                                         4500
  aria_256_cbc_get_params                                        4541
  OSSL_CMP_log_close                                             4542
  aes_128_cbc_get_params                                         4542
  aes_128_xts_get_params                                         4542
  aes_256_ofb_get_params                                         4542
  tdes_ede2_ofb_get_params                                       4542
  tdes_ede3_cfb_get_params                                       4542
  aes_256_cfb_get_params                                         4583
  aria_128_cfb_get_params                                        4583
  aria_256_cfb8_get_params                                       4583
  ossl_child_prov_ctx_new                                        4583
  ossl_random_add_conf_module                                    4583
  tdes_wrap_get_params                                           4583
  OSSL_STORE_LOADER_set_eof                                      4584
  UI_method_set_prompt_constructor                               4584
  aes_256_ccm_get_params                                         4584
  ossl_store_register_init                                       4584
  sm4_128_cbc_get_params                                         4584
  aes_128_ccm_get_params                                         4625
  aria_192_cbc_get_params                                        4625
  aria_192_gcm_get_params                                        4625
  ossl_bio_core_globals_free                                     4625
  ossl_prov_cipher_hw_aes_ctr                                    4625
  sm4_128_cfb128_get_params                                      4625
  tdes_ede2_cfb_get_params                                       4625
  tdes_ede3_cbc_get_params                                       4625
  tiny_try_realloc_in_place                                      4625
  OSSL_trace_set_channel                                         4666
  def_is_number                                                  4666
  BIO_meth_set_write_ex                                          4667
  aes_192_cbc_get_params                                         4667
  aes_192_cfb8_get_params                                        4667
  aes_256_gcm_get_params                                         4667
  aria_128_cfb1_get_params                                       4667
  aria_128_ofb_get_params                                        4667
  aria_256_ctr_get_params                                        4667
  BIO_free                                                       4708
  ENGINE_set_finish_function                                     4708
  aes_128_cfb8_get_params                                        4708
  aes_128_cfb_get_params                                         4708
  aes_128_ecb_get_params                                         4708
  aes_192_wrap_get_params                                        4708
  ossl_rand_cleanup_int                                          4708
  aria_256_cfb1_get_params                                       4709
  EVP_aes_256_cbc_hmac_sha1                                      4750
  EVP_aes_256_cbc_hmac_sha256                                    4750
  OSSL_STORE_LOADER_free                                         4750
  OSSL_STORE_LOADER_set_error                                    4750
  aes_128_cfb1_get_params                                        4750
  aes_256_cfb8_get_params                                        4750
  aes_256_ecb_get_params                                         4750
  aria_128_ccm_get_params                                        4750
  aria_192_cfb_get_params                                        4750
  tdes_ede3_ofb_get_params                                       4750
  EVP_sha256                                                     4791
  OSSL_STORE_LOADER_set_load                                     4791
  aes_256_cfb1_get_params                                        4791
  aria_128_cbc_get_params                                        4791
  aria_128_ecb_get_params                                        4791
  aria_192_ccm_get_params                                        4792
  ossl_prov_ctx_set0_core_bio_method                             4792
  sm4_128_ofb128_get_params                                      4792
  aes_256_ocb_get_params                                         4833
  aes_cts_192_cbc_get_params                                     4833
  aria_192_cfb8_get_params                                       4833
  lsl::Lock::unlock()                                            4833
  sm4_128_xts_get_params                                         4833
  aes_256_xts_get_params                                         4834
  aria_128_gcm_get_params                                        4834
  engine_pkey_meths_free                                         4834
  tdes_ede2_ecb_get_params                                       4834
  OPENSSL_cpuid_setup                                            4875
  OSSL_STORE_LOADER_set_close                                    4875
  OSSL_STORE_LOADER_set_open                                     4875
  aes_cts_128_cbc_get_params                                     4875
  sm4_128_ecb_get_params                                         4875
  tdes_ede3_cfb1_get_params                                      4875
  aes_192_ccm_get_params                                         4916
  aes_192_ocb_get_params                                         4916
  aes_256_wrap_get_params                                        4916
  aes_192_wrapinv_get_params                                     4917
  ossl_provider_add_conf_module                                  4917
  Diagnostics::clearError()                                      4958
  aes_192_wrappad_get_params                                     4958
  camellia_128_ctr_get_params                                    4958
  pthread_cond_destroy                                           4958
  camellia_128_cfb_get_params                                    4959
  ENGINE_load_builtin_engines                                    5000
  aes_128_gcm_get_params                                         5000
  aria_128_ctr_get_params                                        5000
  aria_192_cfb1_get_params                                       5000
  camellia_192_cfb_get_params                                    5000
  camellia_128_cfb8_get_params                                   5041
  ossl_property_match_count                                      5041
  EVP_CIPHER_get_key_length                                      5042
  aria_256_ccm_get_params                                        5042
  aria_256_gcm_get_params                                        5042
  camellia_256_cbc_get_params                                    5042
  camellia_256_cfb_get_params                                    5042
  camellia_256_ofb_get_params                                    5042
  aes_cts_256_cbc_get_params                                     5083
  aria_256_ecb_get_params                                        5083
  camellia_192_ctr_get_params                                    5083
  camellia_256_cfb1_get_params                                   5083
  aes_128_wrappadinv_get_params                                  5084
  aes_192_gcm_get_params                                         5084
  tdes_ede3_cfb8_get_params                                      5084
  ENGINE_get_cipher_engine                                       5125
  OSSL_STORE_LOADER_set_expect                                   5125
  aes_128_siv_get_params                                         5125
  aes_128_wrap_get_params                                        5125
  aes_256_wrappad_get_params                                     5125
  camellia_192_cfb1_get_params                                   5125
  camellia_192_ecb_get_params                                    5125
  camellia_256_cfb8_get_params                                   5125
  camellia_256_ctr_get_params                                    5125
  ossl_bio_core_globals_new                                      5125
  ossl_ctx_global_properties_new                                 5125
  sm4_128_gcm_get_params                                         5125
  aes_128_wrappad_get_params                                     5166
  camellia_192_cbc_get_params                                    5166
  ossl_free_compression_methods_int                              5166
  ossl_indicator_set_callback_free                               5167
  ossl_self_test_set_callback_free                               5167
  aes_128_wrapinv_get_params                                     5208
  camellia_192_cfb8_get_params                                   5209
  engine_remove_dynamic_id                                       5209
  OSSL_PARAM_get_int                                             5250
  aes_192_wrappadinv_get_params                                  5250
  camellia_192_ofb_get_params                                    5250
  tdes_ede3_ecb_get_params                                       5250
  camellia_128_cfb1_get_params                                   5291
  medium_region_for_ptr_no_lock                                  5291
  ossl_property_has_optional                                     5292
  aes_256_wrapinv_get_params                                     5333
  app_get0_libctx                                                5333
  camellia_128_ecb_get_params                                    5333
  camellia_128_ofb_get_params                                    5334
  ossl_init_thread_deregister                                    5375
  engine_pkey_asn1_meths_free                                    5417
  ossl_provider_unquery_operation                                5417
  camellia_cts_192_cbc_get_params                                5458
  ossl_aes_256_gcm_siv_get_params                                5458
  camellia_256_ecb_get_params                                    5459
  EVP_aes_128_cbc_hmac_sha1                                      5500
  OPENSSL_sk_sort                                                5500
  camellia_128_cbc_get_params                                    5500
  EVP_CIPHER_CTX_get_block_size                                  5541
  aes_256_wrappadinv_get_params                                  5541
  __sigaction                                                    5542
  EVP_aes_128_cbc_hmac_sha256                                    5584
  chacha20_poly1305_get_params                                   5625
  ossl_aes_192_gcm_siv_get_params                                5625
  getegid                                                        5667
  ossl_indicator_set_callback_new                                5667
  camellia_cts_128_cbc_get_params                                5708
  chacha20_poly1305_gettable_ctx_params                          5708
  ossl_prov_ctx_get0_core_bio_method                             5750
  memset                                                         5751
  opt_arg                                                        5833
  OSSL_LIB_CTX_set_conf_diagnostics                              5834
  camellia_cts_256_cbc_get_params                                5834
  ossl_aes_128_gcm_siv_get_params                                5875
  ossl_prov_bio_from_dispatch                                    6000
  ossl_self_test_set_callback_new                                6000
  BIO_set_data                                                   6084
  ossl_prov_seeding_from_dispatch                                6166
  EVP_CIPHER_get_mode                                            6208
  getuid                                                         6208
  geteuid                                                        6292
  OSSL_PARAM_get_int32                                           6459
  getgid                                                         6499
  dyld4::Loader::hiddenFromFlat(bool) const                      6792
  EVP_RAND_CTX_free                                              7000
  dyld3::kdebug_trace_dyld_enabled(unsigned int)                 7000
  dyld4::RuntimeState::notifyObjCPatching()                      7000
  BIO_next                                                       7042
  dyld4::handleFromLoader(dyld4::Loader const*, bool)             7125
  __fcntl                                                        7250
  EVP_CipherInit_ex                                              7291
  store_loader_hash                                              7375
  _platform_strnlen                                              7417
  bio_open_default                                               7542
  _kernelrpc_mach_port_deallocate_trap                           7583
  OPENSSL_sk_pop                                                 7624
  ENGINE_register_EC                                             7749
  _kernelrpc_mach_port_construct_trap                            7750
  ENGINE_register_DH                                             7833
  openssl_fopen                                                  7833
  BIO_copy_next_retry                                            7834
  dyld4::JustInTimeLoader::hiddenFromFlat(bool) const             7875
  __sclose                                                       7999
  file_ctrl                                                      8083
  err_unshelve_state                                             8126
  flsl                                                           8208
  dyld4::BumpAllocator::~BumpAllocator()                         8250
  ENGINE_register_RSA                                            8292
  X509_get_default_cert_area                                     8334
  ENGINE_register_RAND                                           8374
  ENGINE_register_DSA                                            8458
  dyld4::Loader::beginInitializers(dyld4::RuntimeState&)             8583
  lsl::Lock::lock()                                              8583
  __sflags                                                       8708
  free_small                                                     8833
  lsl::EphemeralAllocator::reset()                               8833
  medium_malloc_from_free_list                                   8959
  ossl_lib_ctx_get_concrete                                      8999
  dyld4::RuntimeState::incDlRefCount(dyld4::Loader const*)             9000
  BIO_set_init                                                   9042
  ENGINE_register_ciphers                                        9291
  lsl::Vector<dyld4::Loader const*>::reserveExact(unsigned long)             9292
  strlen                                                         9292
  ENGINE_register_digests                                        9375
  ossl_cipher_generic_einit                                      9542
  dyld4::JustInTimeLoader::beginInitializers(dyld4::RuntimeState&)             9666
  ENGINE_register_pkey_meths                                     9667
  ossl_sa_new                                                    9667
  ossl_property_free                                             9709
  ossl_cipher_generic_set_ctx_params                             9875
  BIO_set_flags                                                 10208
  DSO_METHOD_openssl                                            10251
  CRYPTO_atomic_or                                              10375
  lsl::Vector<lsl::MemoryManager::Buffer>::reserve(unsigned long)            10541
  OSSL_LIB_CTX_get_conf_diagnostics                             10707
  tiny_malloc_from_free_list                                    10833
  ENGINE_register_pkey_asn1_meths                               10918
  ossl_lib_ctx_get_rcukey                                       11042
  ossl_lib_ctx_get_ex_data_global                               11083
  engine_free_util                                              11374
  NCONF_get_section                                             11377
  OPENSSL_cleanse                                               11417
  ossl_sa_doall_arg                                             11459
  fstat                                                         11625
  dyld4::RuntimeState::doSingletonPatching(dyld4::DyldCacheDataConstLazyScopedWriter&)            12166
  deflt_query                                                   12208
  aes_siv_gettable_ctx_params                                   12459
  ossl_cipher_capable_aes_cbc_hmac_sha1                         12667
  ossl_cipher_capable_aes_cbc_hmac_sha256                       12875
  EVP_add_cipher                                                13083
  cipher_ocb_gettable_ctx_params                                13375
  aes_cbc_cts_gettable_ctx_params                               13751
  ossl_property_value                                           13751
  BIO_clear_flags                                               13834
  dyld4::Loader::loadDependents(Diagnostics&, dyld4::RuntimeState&, dyld4::Loader::LoadOptions const&)            13917
  lsl::EphemeralAllocator::~EphemeralAllocator()                14376
  dyld4::DyldCacheDataConstLazyScopedWriter::DyldCacheDataConstLazyScopedWriter(dyld4::RuntimeState&)            14625
  sa_doall                                                      14665
  BIO_get_data                                                  14793
  DSO_free                                                      15085
  CRYPTO_atomic_add                                             15251
  dyld4::Loader::path() const                                   15500
  ossl_aes_gcm_siv_gettable_ctx_params                          15541
  dyld4::JustInTimeLoader::loadDependents(Diagnostics&, dyld4::RuntimeState&, dyld4::Loader::LoadOptions const&)            15542
  camellia_cbc_cts_gettable_ctx_params                          15625
  __sflush                                                      15709
  os_unfair_recursive_lock_unlock                               16375
  file_free                                                     16458
  _kernelrpc_mach_vm_deallocate_trap                            16459
  _NSGetEnviron                                                 16583
  ossl_prov_is_running                                          16666
  pthread_mutex_destroy                                         17333
  CRYPTO_THREAD_lock_free                                       17375
  _kernelrpc_mach_port_destruct_trap                            17667
  __bzero                                                       18042
  OPENSSL_LH_get_down_load                                      18083
  dyld4::JustInTimeLoader::path() const                         18791
  BIO_new                                                       18915
  invocation function for block in dyld4::Loader::forEachPath(Diagnostics&, dyld4::RuntimeState&, char const*, dyld4::Loader::Loa            18917
  small_free_list_remove_ptr                                    18959
  file_new                                                      19083
  kdebug_is_enabled                                             19292
  dyld3::MachOFile::is64() const                                19834
  small_try_realloc_in_place                                    20000
  small_free_list_find_by_ptr                                   20168
  property_free                                                 20332
  os_unfair_recursive_lock_lock_with_options                    20584
  pthread_cond_init                                             20667
  dyld4::LibSystemHelpers::pthread_getspecific(unsigned long) const            20958
  dyld4::Loader::matchesPath(char const*) const                 21249
  __chkstk_darwin_probe                                         21417
  lsl::EphemeralAllocator::deallocate_buffer(lsl::MemoryManager::Buffer)            21459
  small_size                                                    21707
  os_unfair_lock_assert_not_owner                               21875
  ___chkstk_darwin                                              22543
  FMT_istext                                                    23084
  dyld4::ProcessConfig::DyldCache::indexOfPath(char const*, unsigned int&) const            23250
  small_free_list_remove_ptr_no_clear                           23375
  dyld3::ScopedTimer::endTimer()                                26833
  pthread_mutex_init                                            27084
  OPENSSL_strnlen                                               27458
  lsl::MemoryManager::lockGuard()                               27459
  rack_region_insert                                            27751
  __findenv_locked                                              28042
  OPENSSL_sk_delete                                             28667
  ossl_property_name                                            28791
  dyld4::Loader::loadAddress(dyld4::RuntimeState&) const            28876
  dyld4::JustInTimeLoader::loadAddress(dyld4::RuntimeState&) const            29541
  tiny_free_list_remove_ptr                                     32623
  _pthread_mutex_check_init_slow                                33958
  lsl::AllocationMetadata::AllocationMetadata(lsl::Allocator*, unsigned long)            34000
  OPENSSL_LH_set_down_load                                      35041
  __read_nocancel                                               35292
  CRYPTO_new_ex_data                                            35624
  small_free_list_add_ptr                                       35834
  __open                                                        36458
  dyld4::LibSystemHelpers::os_unfair_recursive_lock_unlock(os_unfair_recursive_lock_s*) const            38041
  szone_good_size                                               38207
  __close_nocancel                                              38874
  OPENSSL_sk_free                                               39960
  dyld4::LibSystemHelpers::os_unfair_lock_unlock(os_unfair_lock_s*) const            40667
  get_tiny_previous_free_msize                                  40957
  mach_msg2_trap                                                41167
  Diagnostics::hasError() const                                 42289
  EVP_PKEY_asn1_get0                                            42540
  ossl_rcu_write_lock                                           42664
  Diagnostics::noError() const                                  44624
  ossl_rcu_write_unlock                                         45000
  ossl_tdes_gettable_ctx_params                                 46667
  pthread_setspecific                                           47166
  dyld3::MachOFile::read_uleb128(Diagnostics&, unsigned char const*&, unsigned char const*)            50584
  madvise                                                       51875
  _tiny_check_and_zero_inline_meta_from_freelist                52169
  dyld4::RuntimeState::PermanentRanges::contains(unsigned long, unsigned long, unsigned char*, dyld4::Loader const**) const            52249
  dyld4::LibSystemHelpers::os_unfair_recursive_lock_lock_with_options(os_unfair_recursive_lock_s*, os_unfair_lock_options_t) cons            52833
  EVP_PKEY_asn1_get0_info                                       53750
  small_malloc_from_free_list                                   54164
  _kernelrpc_mach_vm_map_trap                                   55210
  pthread_cond_broadcast                                        56622
  szone_malloc                                                  57039
  tiny_size                                                     58501
  dyld4::LibSystemHelpers::os_unfair_lock_lock_with_options(os_unfair_lock_s*, os_unfair_lock_options_t) const            59167
  realloc                                                       61463
  set_tiny_meta_header_in_use                                   63835
  tiny_free_list_add_ptr                                        64169
  lsl::EphemeralAllocator::allocate_buffer(unsigned long, unsigned long, unsigned long)            65333
  _qsort                                                        65710
  _szone_free                                                   69208
  OPENSSL_sk_pop_free                                           70539
  ossl_cipher_aead_gettable_ctx_params                          70834
  strcmp                                                        71793
  szone_try_free_default                                        76793
  os_unfair_lock_assert_owner                                   78458
  invocation function for block in dyld3::MachOFile::getDylibInstallName(char const**, unsigned int*, unsigned int*) const            81417
  rack_get_thread_index                                         83167
  dyld3::kdebug_trace_dyld_duration_end(unsigned long long, unsigned int, dyld3::kt_arg, dyld3::kt_arg, dyld3::kt_arg)            83625
  EVP_CIPHER_get_type                                           90916
  dyld3::OverflowSafeArray<unsigned int, 4294967295ul>::verifySpace(unsigned long)            91998
  dyld4::Loader::contains(dyld4::RuntimeState&, void const*, void const**, unsigned long long*, unsigned char*) const            96747
  property_hash                                                101834
  pthread_cond_signal                                          103249
  Diagnostics::assertNoError() const                           112373
  nanov2_size                                                  115793
  pthread_rwlock_init                                          118835
  __open_nocancel                                              121209
  pthread_rwlock_destroy                                       122461
  os_unfair_lock_unlock                                        128625
  Diagnostics::~Diagnostics()                                  145212
  Diagnostics::Diagnostics(bool)                               157168
  get_legacy_evp_names                                         161456
  ossl_ctype_check                                             170749
  os_unfair_lock_lock_with_options                             174792
  invocation function for block in dyld3::MachOFile::getEntry(unsigned long long&, bool&) const           194457
  EVP_MD_get_type                                              195796
  nanov2_pointer_size                                          196835
  free                                                         202871
  _Block_object_dispose                                        216251
  OPENSSL_hexchar2int                                          241914
  ossl_sa_set                                                  251167
  nanov2_allocate_from_block                                   263248
  strncmp                                                      274915
  trim_ws                                                      275411
  invocation function for block in dyld4::JustInTimeLoader::contains(dyld4::RuntimeState&, void const*, void const**, unsigned lo           294420
  BUF_MEM_new                                                  304421
  names_free                                                   311668
  OPENSSL_LH_doall                                             330959
  OBJ_get0_data                                                331421
  OPENSSL_LH_flush                                             331585
  OSSL_PARAM_set_uint                                          339501
  ossl_provider_ctx                                            344587
  EVP_CIPHER_get_nid                                           364913
  ossl_lib_ctx_unlock                                          376212
  conf_value_cmp                                               376834
  invocation function for block in dyld3::MachOLoaded::findClosestSymbol(unsigned long long, char const**, unsigned long long*) c           392880
  OSSL_PARAM_locate_const                                      397834
  ossl_lib_ctx_read_lock                                       422797
  OPENSSL_LH_set_thunks                                        430425
  property_defn_cmp                                            443128
  ossl_cipher_generic_gettable_ctx_params                      444505
  evp_cipher_up_ref                                            455371
  property_defn_hash                                           464916
  ossl_provider_free                                           470077
  value_free_hash                                              471245
  function_hash                                                482799
  BN_free                                                      486792
  CRYPTO_realloc                                               488666
  ossl_provider_up_ref                                         489377
  OSSL_PARAM_set_uint32                                        501585
  ASN1_OBJECT_free                                             507292
  eat_alpha_numeric                                            508004
  ossl_sa_get                                                  513784
  sa_free_node                                                 546492
  OSSL_PARAM_construct_end                                     551496
  EVP_CIPHER_get0_provider                                     558535
  OSSL_PARAM_construct_uint                                    565668
  evp_cipher_free                                              577679
  do_all_fn                                                    592159
  EVP_CIPHER_free                                              633742
  ossl_provider_libctx                                         797913
  invocation function for block in dyld3::MachOLoaded::getLinkEditLoadCommands(Diagnostics&, dyld3::MachOLoaded::LinkEditInfo&) c           843083
  internal_free_nop                                            854791
  _platform_strncmp                                            867501
  __write_nocancel                                             867542
  name_string_free                                             890514
  OPENSSL_LH_error                                             936502
  BUF_MEM_grow                                                1122794
  OSSL_PARAM_set_size_t                                       1126381
  invocation function for block in dyld3::MachOFile::forEachSegment(void (dyld3::MachOFile::SegmentInfo const&, bool&) block_poin          1134087
  pthread_getspecific                                         1164159
  sk_reserve                                                  1170998
  _os_once                                                    1239703
  CRYPTO_THREAD_get_local                                     1292138
  _platform_memchr                                            1346787
  ossl_rcu_assign_uptr                                        1417990
  names_lh_free_doall                                         1513924
  OSSL_PARAM_set_uint64                                       1516128
  OSSL_PARAM_set_int                                          1610391
  ossl_lib_ctx_get_data                                       1622871
  pthread_mutex_lock                                          1723390
  _platform_strchr                                            1726410
  OSSL_PARAM_construct_size_t                                 1807415
  pthread_mutex_unlock                                        1831861
  _nanov2_free                                                1897050
  OPENSSL_sk_push                                             1974031
  _pthread_mutex_lock_init_slow                               1974256
  OPENSSL_sk_num                                              1997846
  _pthread_mutex_unlock_init_slow                             2096458
  _pthread_mutex_firstfit_lock_slow                           2200670
  _pthread_mutex_firstfit_unlock_slow                         2287510
  OPENSSL_sk_value                                            2318958
  OSSL_PARAM_set_int32                                        2449463
  obj_name_cmp                                                2496043
  OPENSSL_LH_strhash                                          2702753
  OSSL_PARAM_construct_int                                    2753169
  _platform_memcmp                                            2767061
  pthread_once                                                3049999
  OBJ_nid2obj                                                 3188071
  CRYPTO_atomic_load                                          3310678
  pthread_rwlock_rdlock                                       3349642
  SortFnByName                                                3443822
  ossl_lh_strcasehash                                         3685565
  __error                                                     3751930
  ossl_isdigit                                                4020946
  cipher_compare                                              4028286
  fnv1a_hash                                                  4447431
  _platform_memmove                                           6499022
  pthread_rwlock_wrlock                                       6702945
  pthread_rwlock_unlock                                      10014965
  err_string_data_cmp                                        10900358
  CRYPTO_free                                                12174161
  malloc                                                     13521489
  doapr_outch                                                15236071
  err_string_data_hash                                       16697231
  nanov2_malloc                                              18640253
  _platform_strlen                                           23268108
  _platform_memset                                           25484831
  nanov2_try_free_default                                    25853926
  _platform_strcmp                                           27986060
  ossl_tolower                                               60036833
