
  EVP_md5                                                        1750
  sigaction                                                      1750
  pd_free                                                        1834
  EVP_bf_cbc                                                     1917
  EVP_rc4_40                                                     2000
  EVP_sha512                                                     2000
  EVP_sha384                                                     2041
  EVP_sha224                                                     2042
  EVP_rc2_cbc                                                    2083
  EVP_mdc2                                                       2084
  EVP_sha1                                                       2084
  EVP_bf_ofb                                                     2125
  EVP_sm4_ctr                                                    2125
  UI_OpenSSL                                                     2125
  opt_unknown                                                    2125
  EVP_rc2_ofb                                                    2166
  EVP_sm4_cbc                                                    2167
  UI_null                                                        2167
  EVP_des_ecb                                                    2208
  EVP_des_ede                                                    2208
  EVP_rc4                                                        2208
  EVP_seed_cbc                                                   2208
  EVP_sha3_512                                                   2208
  EVP_sm4_ofb                                                    2208
  EVP_md4                                                        2209
  EVP_des_ofb                                                    2250
  _cleanup                                                       2250
  EVP_sha3_384                                                   2291
  EVP_des_ede3                                                   2333
  EVP_idea_ofb                                                   2333
  EVP_sha3_224                                                   2333
  EVP_sm3                                                        2333
  EVP_des_cbc                                                    2334
  EVP_cast5_ofb                                                  2375
  EVP_des_cfb8                                                   2375
  EVP_idea_cbc                                                   2375
  EVP_ripemd160                                                  2375
  EVP_seed_ofb                                                   2375
  EVP_sm4_ecb                                                    2375
  strchr                                                         2375
  EVP_shake256                                                   2416
  EVP_aes_256_ofb                                                2417
  app_get0_propq                                                 2417
  EVP_bf_ecb                                                     2458
  EVP_md5_sha1                                                   2458
  EVP_rc2_ecb                                                    2458
  EVP_shake128                                                   2459
  EVP_bf_cfb64                                                   2500
  EVP_blake2s256                                                 2500
  EVP_sha512_224                                                 2500
  EVP_aes_192_cbc                                                2541
  EVP_aes_192_ccm                                                2541
  release_engine                                                 2541
  EVP_aes_128_cbc                                                2542
  EVP_aes_256_ccm                                                2542
  EVP_aes_256_ctr                                                2542
  EVP_aes_256_gcm                                                2542
  EVP_rc2_64_cbc                                                 2542
  EVP_aes_128_ccm                                                2583
  EVP_cast5_cbc                                                  2583
  EVP_chacha20                                                   2583
  EVP_aes_192_ocb                                                2584
  vm_deallocate                                                  2584
  EVP_MD_free                                                    2625
  EVP_aes_128_xts                                                2625
  EVP_idea_ecb                                                   2625
  EVP_rc2_40_cbc                                                 2625
  EVP_seed_ecb                                                   2625
  EVP_aes_256_ocb                                                2666
  EVP_aria_256_ecb                                               2666
  EVP_des_cfb1                                                   2666
  EVP_sha512_256                                                 2666
  EVP_aria_192_ofb                                               2667
  EVP_aria_256_gcm                                               2667
  EVP_des_ede_ofb                                                2667
  EVP_desx_cbc                                                   2667
  EVP_rc2_cfb64                                                  2667
  EVP_seed_cfb128                                                2667
  opt_next                                                       2667
  EVP_aes_128_ctr                                                2708
  EVP_aes_192_gcm                                                2708
  EVP_aria_192_ctr                                               2708
  EVP_whirlpool                                                  2708
  EVP_cast5_ecb                                                  2709
  EVP_des_ede_cbc                                                2709
  COMP_get_type                                                  2750
  EVP_aes_128_ofb                                                2750
  EVP_aes_192_ofb                                                2750
  EVP_aes_256_cbc                                                2750
  EVP_aria_192_cfb1                                              2750
  EVP_aria_192_gcm                                               2750
  EVP_aria_256_ctr                                               2750
  EVP_sha3_256                                                   2750
  def_to_int                                                     2750
  EVP_aes_256_cfb8                                               2792
  EVP_blake2b512                                                 2792
  strrchr                                                        2792
  ENGINE_set_id                                                  2833
  EVP_aes_128_cfb1                                               2833
  EVP_aes_192_cfb1                                               2833
  EVP_aes_192_wrap                                               2833
  EVP_aria_192_cbc                                               2833
  EVP_aria_256_ccm                                               2833
  EVP_aria_256_ofb                                               2833
  NCONF_default                                                  2833
  lh_FUNCTION_free                                               2833
  EVP_aes_128_wrap                                               2834
  EVP_aria_128_ctr                                               2834
  EVP_aes_192_cfb8                                               2875
  EVP_aes_192_ctr                                                2875
  EVP_aes_256_cfb1                                               2875
  EVP_aria_128_ofb                                               2875
  EVP_aria_192_ecb                                               2875
  EVP_des_ede3_ofb                                               2875
  EVP_des_ede3_wrap                                              2875
  EVP_rc4_hmac_md5                                               2875
  OBJ_obj2txt                                                    2875
  ossl_trace_cleanup                                             2875
  EVP_aria_192_cfb8                                              2916
  EVP_aria_256_cfb1                                              2916
  ENGINE_set_name                                                2917
  EVP_aes_128_gcm                                                2917
  EVP_aria_128_cfb8                                              2917
  EVP_aes_128_cfb128                                             2958
  EVP_aes_192_ecb                                                2958
  EVP_aes_256_xts                                                2958
  EVP_aria_128_cbc                                               2958
  EVP_aria_128_gcm                                               2958
  EVP_aria_256_cbc                                               2958
  EVP_aria_256_cfb8                                              2958
  EVP_idea_cfb64                                                 2958
  query_hash                                                     2959
  EVP_aes_192_cfb128                                             3000
  EVP_aes_256_wrap                                               3000
  EVP_aria_128_ccm                                               3000
  EVP_aria_128_ecb                                               3000
  EVP_aria_192_ccm                                               3000
  EVP_aria_256_cfb128                                            3000
  EVP_cast5_cfb64                                                3000
  EVP_des_ede3_cbc                                               3000
  EVP_des_ede3_cfb8                                              3000
  EVP_des_cfb64                                                  3041
  EVP_des_ede3_cfb1                                              3041
  def_init_default                                               3041
  EVP_sm4_cfb128                                                 3042
  EVP_aes_128_cfb8                                               3083
  EVP_aria_128_cfb1                                              3083
  EVP_des_ede_cfb64                                              3083
  __cxa_finalize                                                 3083
  function_cmp                                                   3083
  EVP_aes_256_ecb                                                3084
  EVP_aria_192_cfb128                                            3084
  property_cmp                                                   3084
  EVP_aes_192_wrap_pad                                           3125
  EVP_camellia_192_cbc                                           3125
  EVP_aes_256_wrap_pad                                           3208
  EVP_camellia_192_ctr                                           3208
  BIO_f_cipher                                                   3209
  EVP_aes_128_ocb                                                3209
  EVP_aes_128_ecb                                                3250
  EVP_camellia_128_cbc                                           3250
  EVP_camellia_128_ofb                                           3250
  EVP_camellia_256_cbc                                           3250
  UI_method_set_closer                                           3250
  UI_method_set_writer                                           3250
  getrlimit                                                      3250
  EVP_aes_256_cfb128                                             3291
  EVP_camellia_256_ofb                                           3291
  EVP_camellia_192_ofb                                           3292
  OSSL_LIB_CTX_get_data                                          3292
  EVP_aes_128_wrap_pad                                           3333
  EVP_camellia_192_ecb                                           3333
  EVP_camellia_256_cfb1                                          3333
  EVP_des_ede3_cfb64                                             3333
  ossl_store_cleanup_int                                         3333
  EVP_CIPHER_get_flags                                           3375
  EVP_camellia_192_cfb8                                          3375
  EVP_camellia_256_cfb8                                          3375
  ossl_comp_zstd_cleanup                                         3375
  ossl_prov_ctx_new                                              3375
  signal                                                         3375
  EVP_chacha20_poly1305                                          3416
  EVP_aria_128_cfb128                                            3417
  EVP_camellia_128_cfb1                                          3417
  EVP_camellia_128_cfb8                                          3417
  EVP_add_alg_module                                             3459
  EVP_camellia_192_cfb1                                          3459
  EVP_camellia_128_ctr                                           3500
  UI_method_set_reader                                           3500
  ENGINE_set_flags                                               3542
  EVP_camellia_256_ecb                                           3542
  UI_method_set_opener                                           3542
  EVP_camellia_256_ctr                                           3583
  init_thread_stop                                               3583
  engine_load_rdrand_int                                         3584
  EVP_camellia_128_cfb128                                        3625
  EVP_camellia_256_cfb128                                        3625
  opt_set_unknown_name                                           3625
  OSSL_PARAM_modified                                            3666
  bio_sock_cleanup_int                                           3666
  BIO_meth_set_gets                                              3708
  ossl_prov_ctx_set0_handle                                      3708
  BIO_meth_set_ctrl                                              3709
  EVP_CipherUpdate                                               3750
  EVP_camellia_192_cfb128                                        3750
  ossl_comp_brotli_cleanup                                       3750
  ossl_comp_zlib_cleanup                                         3750
  ossl_lib_ctx_write_lock                                        3750
  ossl_prov_ctx_free                                             3750
  store_loader_cmp                                               3750
  OSSL_STORE_register_loader                                     3792
  evp_app_cleanup_int                                            3792
  pthread_self                                                   3833
  __smakebuf                                                     3834
  ossl_prov_ctx_set0_libctx                                      3834
  COMP_zlib                                                      3875
  NCONF_get0_libctx                                              3875
  app_RAND_write                                                 3875
  core_get_libctx                                                3875
  EVP_CIPHER_fetch                                               3916
  free_medium                                                    3916
  ASN1_add_stable_module                                         3917
  BIO_meth_set_puts                                              3917
  ENGINE_add_conf_module                                         3917
  ERR_print_errors                                               3917
  ASN1_add_oid_module                                            3958
  ENGINE_set_cmd_defns                                           3958
  EVP_camellia_128_ecb                                           3958
  opt_check_rest_arg                                             3958
  BIO_meth_set_destroy                                           4000
  dyld4::APIs::_tlv_exit()                                       4000
  BIO_meth_set_create                                            4041
  EVP_CipherFinal_ex                                             4041
  ERR_get_error_all                                              4125
  OSSL_LIB_CTX_free                                              4125
  ossl_child_prov_ctx_new                                        4208
  ossl_lib_ctx_is_default                                        4208
  CRYPTO_THREAD_get_current_id                                   4250
  EVP_PKEY_asn1_get_count                                        4291
  ossl_config_add_ssl_module                                     4291
  BIO_meth_set_read_ex                                           4292
  ENGINE_set_ctrl_function                                       4292
  OSSL_ERR_STATE_new                                             4292
  EVP_CIPHER_get_iv_length                                       4333
  aes_192_ctr_get_params                                         4333
  null_gettable_ctx_params                                       4333
  aes_128_ofb_get_params                                         4334
  CONF_imodule_get_value                                         4375
  aes_192_ecb_get_params                                         4375
  aes_v8_set_encrypt_key                                         4375
  ossl_method_unlock_store                                       4375
  aes_128_siv_get_params                                         4417
  aes_192_cfb1_get_params                                        4417
  aes_256_ctr_get_params                                         4417
  aria_256_ofb_get_params                                        4417
  ossl_stored_namemap_free                                       4417
  aes_192_cfb_get_params                                         4458
  ossl_method_lock_store                                         4458
  tdes_ede3_cbc_get_params                                       4458
  aes_256_ofb_get_params                                         4459
  ENGINE_set_init_function                                       4500
  OSSL_CMP_log_close                                             4500
  OSSL_STORE_LOADER_set_eof                                      4500
  aes_128_cfb1_get_params                                        4500
  aes_128_xts_get_params                                         4500
  aes_192_cfb8_get_params                                        4500
  ossl_prov_ctx_get0_libctx                                      4500
  OSSL_STORE_unregister_loader                                   4541
  aes_192_ofb_get_params                                         4541
  aes_192_siv_get_params                                         4541
  aria_192_ctr_get_params                                        4541
  BIO_meth_set_write_ex                                          4542
  aes_256_cfb_get_params                                         4542
  chacha20_get_params                                            4542
  aes_256_cfb8_get_params                                        4583
  aria_256_ctr_get_params                                        4583
  ossl_bio_core_globals_new                                      4583
  aes_256_cbc_get_params                                         4584
  aria_128_ecb_get_params                                        4584
  tiny_free_no_lock                                              4584
  ENGINE_set_finish_function                                     4625
  aria_128_cfb1_get_params                                       4625
  aria_192_cfb8_get_params                                       4625
  aria_192_ecb_get_params                                        4625
  ossl_bio_core_globals_free                                     4625
  ossl_random_add_conf_module                                    4625
  tiny_try_realloc_in_place                                      4625
  aes_256_xts_get_params                                         4666
  aria_192_cfb1_get_params                                       4666
  EVP_aes_256_cbc_hmac_sha1                                      4667
  aes_128_cbc_get_params                                         4667
  aes_128_cfb_get_params                                         4667
  aes_128_ctr_get_params                                         4667
  aes_128_ecb_get_params                                         4667
  aria_192_cbc_get_params                                        4667
  ossl_rand_cleanup_int                                          4667
  tdes_wrap_get_params                                           4667
  EVP_sha256                                                     4707
  OSSL_STORE_LOADER_set_error                                    4708
  OSSL_STORE_LOADER_set_load                                     4708
  aes_256_cfb1_get_params                                        4708
  aes_256_siv_get_params                                         4708
  aria_192_gcm_get_params                                        4708
  aria_192_ofb_get_params                                        4708
  ossl_provider_add_conf_module                                  4708
  sm4_128_ctr_get_params                                         4708
  aes_cts_128_cbc_get_params                                     4709
  aria_256_cbc_get_params                                        4709
  ossl_cipher_generic_reset_ctx                                  4709
  OSSL_STORE_LOADER_set_close                                    4750
  __sigaction                                                    4750
  aes_192_cbc_get_params                                         4750
  aes_192_ocb_get_params                                         4750
  aes_192_wrap_get_params                                        4750
  aes_256_ccm_get_params                                         4750
  aria_128_ofb_get_params                                        4750
  sm4_128_cfb128_get_params                                      4750
  sm4_128_gcm_get_params                                         4750
  tdes_ede2_ecb_get_params                                       4750
  tdes_ede3_cfb_get_params                                       4750
  aria_256_cfb1_get_params                                       4791
  aes_192_ccm_get_params                                         4792
  aes_v8_ctr32_encrypt_blocks                                    4792
  aria_128_cfb_get_params                                        4792
  aria_192_cfb_get_params                                        4792
  tdes_ede2_cbc_get_params                                       4792
  OSSL_trace_set_channel                                         4833
  aria_128_cbc_get_params                                        4833
  aria_128_cfb8_get_params                                       4833
  ENGINE_load_builtin_engines                                    4834
  aes_128_cfb8_get_params                                        4834
  aes_192_gcm_get_params                                         4834
  ossl_prov_ctx_set0_core_bio_method                             4834
  aes_128_ccm_get_params                                         4875
  aes_128_ocb_get_params                                         4875
  aes_192_wrapinv_get_params                                     4875
  aes_cts_192_cbc_get_params                                     4875
  aria_128_gcm_get_params                                        4875
  aria_256_cfb_get_params                                        4875
  chacha20_gettable_ctx_params                                   4875
  engine_pkey_meths_free                                         4875
  sm4_128_cbc_get_params                                         4875
  tdes_ede2_ofb_get_params                                       4875
  tdes_ede3_cfb8_get_params                                      4875
  aes_128_wrap_get_params                                        4916
  Diagnostics::clearError()                                      4917
  EVP_aes_256_cbc_hmac_sha256                                    4917
  UI_method_set_prompt_constructor                               4917
  aes_128_wrappad_get_params                                     4917
  aes_256_ecb_get_params                                         4917
  aria_192_ccm_get_params                                        4917
  aria_256_cfb8_get_params                                       4917
  aria_256_ecb_get_params                                        4917
  camellia_256_cbc_get_params                                    4917
  lsl::Lock::unlock()                                            4917
  OSSL_STORE_LOADER_set_open                                     4958
  aes_256_gcm_get_params                                         4958
  aes_256_ocb_get_params                                         4958
  aria_128_ctr_get_params                                        4958
  def_is_number                                                  4958
  sm4_128_ofb128_get_params                                      4959
  EVP_aes_128_cbc_hmac_sha1                                      5000
  __fcntl                                                        5000
  aes_256_wrapinv_get_params                                     5000
  aria_256_ccm_get_params                                        5000
  camellia_128_cfb_get_params                                    5000
  camellia_128_ecb_get_params                                    5000
  camellia_256_ctr_get_params                                    5000
  ossl_prov_cipher_hw_aes_ctr                                    5000
  tdes_ede2_cfb_get_params                                       5000
  tdes_ede3_ofb_get_params                                       5000
  BIO_free                                                       5041
  camellia_256_cfb8_get_params                                   5041
  ossl_ctx_global_properties_new                                 5041
  aria_128_ccm_get_params                                        5042
  camellia_192_cfb_get_params                                    5042
  sm4_128_xts_get_params                                         5042
  OSSL_STORE_LOADER_set_expect                                   5083
  camellia_192_ctr_get_params                                    5084
  ossl_store_register_init                                       5084
  pthread_cond_destroy                                           5084
  tdes_ede3_cfb1_get_params                                      5084
  EVP_CIPHER_get_key_length                                      5125
  aes_128_wrapinv_get_params                                     5125
  aes_cts_256_cbc_get_params                                     5125
  camellia_128_cfb1_get_params                                   5125
  camellia_192_cbc_get_params                                    5125
  camellia_192_ofb_get_params                                    5125
  aes_128_gcm_get_params                                         5166
  sm4_128_ccm_get_params                                         5166
  aria_256_gcm_get_params                                        5167
  camellia_128_cbc_get_params                                    5167
  camellia_128_ctr_get_params                                    5167
  camellia_128_cfb8_get_params                                   5208
  camellia_192_cfb1_get_params                                   5208
  ossl_property_match_count                                      5208
  camellia_128_ofb_get_params                                    5209
  camellia_256_cfb_get_params                                    5209
  ossl_property_has_optional                                     5209
  EVP_aes_128_cbc_hmac_sha256                                    5250
  aes_192_wrappad_get_params                                     5250
  aes_256_wrap_get_params                                        5250
  camellia_192_cfb8_get_params                                   5250
  sm4_128_ecb_get_params                                         5291
  OSSL_STORE_LOADER_free                                         5333
  camellia_192_ecb_get_params                                    5333
  ossl_indicator_set_callback_free                               5333
  aes_256_wrappad_get_params                                     5334
  OPENSSL_cpuid_setup                                            5375
  aes_192_wrappadinv_get_params                                  5375
  aes_256_wrappadinv_get_params                                  5375
  camellia_256_cfb1_get_params                                   5375
  engine_remove_dynamic_id                                       5375
  memset                                                         5416
  camellia_256_ofb_get_params                                    5417
  camellia_cts_192_cbc_get_params                                5417
  camellia_256_ecb_get_params                                    5500
  ossl_init_thread_deregister                                    5500
  ossl_self_test_set_callback_free                               5500
  ossl_self_test_set_callback_new                                5500
  aes_128_wrappadinv_get_params                                  5541
  tdes_ede3_ecb_get_params                                       5541
  engine_pkey_asn1_meths_free                                    5542
  ossl_indicator_set_callback_new                                5583
  OSSL_PARAM_get_int                                             5624
  ossl_aes_256_gcm_siv_get_params                                5625
  ossl_free_compression_methods_int                              5625
  ENGINE_get_cipher_engine                                       5666
  chacha20_poly1305_get_params                                   5666
  tiny_malloc_from_free_list                                     5667
  medium_region_for_ptr_no_lock                                  5708
  OSSL_LIB_CTX_set_conf_diagnostics                              5750
  chacha20_poly1305_gettable_ctx_params                          5750
  ossl_provider_unquery_operation                                5792
  camellia_cts_256_cbc_get_params                                5833
  getegid                                                        5833
  ossl_aes_192_gcm_siv_get_params                                5833
  app_get0_libctx                                                5834
  ossl_prov_ctx_get0_core_bio_method                             5917
  EVP_CIPHER_CTX_get_block_size                                  5958
  ossl_aes_128_gcm_siv_get_params                                5958
  opt_arg                                                        5959
  ossl_prov_bio_from_dispatch                                    6041
  geteuid                                                        6042
  OPENSSL_sk_sort                                                6083
  ossl_prov_seeding_from_dispatch                                6083
  getuid                                                         6249
  medium_malloc_from_free_list                                   6291
  camellia_cts_128_cbc_get_params                                6375
  getgid                                                         6375
  BIO_set_data                                                   6459
  __getrlimit                                                    6666
  dyld4::Loader::hiddenFromFlat(bool) const                      6666
  dyld3::kdebug_trace_dyld_enabled(unsigned int)                 6750
  dyld4::RuntimeState::notifyObjCPatching()                      6750
  EVP_CIPHER_get_mode                                            6792
  OSSL_PARAM_get_int32                                           6833
  close                                                          6958
  EVP_RAND_CTX_free                                              7042
  _kernelrpc_mach_port_deallocate_trap                           7125
  dyld4::BumpAllocator::~BumpAllocator()                         7208
  dyld4::handleFromLoader(dyld4::Loader const*, bool)             7209
  BIO_next                                                       7251
  _platform_strnlen                                              7417
  EVP_CipherInit_ex                                              7583
  OPENSSL_sk_pop                                                 7626
  ENGINE_register_DH                                             7667
  ENGINE_register_EC                                             7708
  bio_open_default                                               7792
  ENGINE_register_RSA                                            7875
  dyld4::JustInTimeLoader::hiddenFromFlat(bool) const             7875
  store_loader_hash                                              7916
  _kernelrpc_mach_port_construct_trap                            7958
  err_unshelve_state                                             8042
  flsl                                                           8124
  BIO_copy_next_retry                                            8167
  ENGINE_register_DSA                                            8167
  ENGINE_register_RAND                                           8167
  file_ctrl                                                      8208
  openssl_fopen                                                  8208
  lsl::EphemeralAllocator::reset()                               8333
  X509_get_default_cert_area                                     8375
  lsl::Lock::lock()                                              8500
  __sclose                                                       8667
  dyld4::Loader::beginInitializers(dyld4::RuntimeState&)             8667
  dyld4::RuntimeState::incDlRefCount(dyld4::Loader const*)             8834
  ossl_lib_ctx_get_concrete                                      8875
  strlen                                                         8958
  ENGINE_register_ciphers                                        9001
  ENGINE_register_digests                                        9042
  lsl::Vector<dyld4::Loader const*>::reserveExact(unsigned long)             9125
  ossl_sa_new                                                    9251
  BIO_set_init                                                   9333
  free_small                                                     9374
  DSO_METHOD_openssl                                             9541
  dyld4::JustInTimeLoader::beginInitializers(dyld4::RuntimeState&)             9542
  __sflags                                                       9583
  ENGINE_register_pkey_meths                                     9584
  ossl_cipher_generic_einit                                      9667
  BIO_set_flags                                                  9958
  ossl_property_free                                             9959
  OSSL_LIB_CTX_get_conf_diagnostics                             10208
  deflt_query                                                   10209
  ossl_cipher_generic_set_ctx_params                            10416
  CRYPTO_atomic_or                                              10625
  lsl::Vector<lsl::MemoryManager::Buffer>::reserve(unsigned long)            10708
  ENGINE_register_pkey_asn1_meths                               10959
  ossl_lib_ctx_get_ex_data_global                               11291
  ossl_lib_ctx_get_rcukey                                       11291
  engine_free_util                                              11292
  NCONF_get_section                                             11334
  dyld4::RuntimeState::doSingletonPatching(dyld4::DyldCacheDataConstLazyScopedWriter&)            12125
  aes_siv_gettable_ctx_params                                   12167
  OPENSSL_cleanse                                               12208
  ossl_sa_doall_arg                                             12208
  ossl_cipher_capable_aes_cbc_hmac_sha256                       12541
  fstat                                                         12542
  ossl_cipher_capable_aes_cbc_hmac_sha1                         12667
  ossl_property_value                                           12916
  EVP_add_cipher                                                13042
  _kernelrpc_mach_vm_deallocate_trap                            13417
  aes_cbc_cts_gettable_ctx_params                               13500
  cipher_ocb_gettable_ctx_params                                13583
  dyld4::Loader::loadDependents(Diagnostics&, dyld4::RuntimeState&, dyld4::Loader::LoadOptions const&)            13959
  dyld4::DyldCacheDataConstLazyScopedWriter::DyldCacheDataConstLazyScopedWriter(dyld4::RuntimeState&)            14125
  lsl::EphemeralAllocator::~EphemeralAllocator()                14374
  BIO_clear_flags                                               14375
  DSO_free                                                      14706
  __bzero                                                       15042
  dyld4::JustInTimeLoader::loadDependents(Diagnostics&, dyld4::RuntimeState&, dyld4::Loader::LoadOptions const&)            15125
  sa_doall                                                      15125
  BIO_get_data                                                  15290
  _NSGetEnviron                                                 15292
  dyld4::Loader::path() const                                   15459
  CRYPTO_atomic_add                                             15584
  dyld3::MachOFile::is64() const                                15958
  os_unfair_recursive_lock_unlock                               16084
  ossl_aes_gcm_siv_gettable_ctx_params                          16084
  camellia_cbc_cts_gettable_ctx_params                          16126
  __sflush                                                      16249
  _kernelrpc_mach_port_destruct_trap                            16833
  file_new                                                      16835
  ossl_prov_is_running                                          17459
  invocation function for block in dyld4::Loader::forEachPath(Diagnostics&, dyld4::RuntimeState&, char const*, dyld4::Loader::Loa            17542
  file_free                                                     17709
  dyld4::JustInTimeLoader::path() const                         18251
  rack_region_insert                                            18790
  FMT_istext                                                    18834
  pthread_mutex_destroy                                         18957
  BIO_new                                                       19127
  kdebug_is_enabled                                             19168
  OPENSSL_LH_get_down_load                                      19209
  CRYPTO_THREAD_lock_free                                       19292
  small_free_list_remove_ptr                                    19751
  small_try_realloc_in_place                                    20000
  os_unfair_recursive_lock_lock_with_options                    20083
  __chkstk_darwin_probe                                         20584
  dyld4::Loader::matchesPath(char const*) const                 20875
  lsl::EphemeralAllocator::deallocate_buffer(lsl::MemoryManager::Buffer)            20875
  small_free_list_find_by_ptr                                   21085
  property_free                                                 21376
  dyld4::LibSystemHelpers::pthread_getspecific(unsigned long) const            21500
  ___chkstk_darwin                                              21958
  os_unfair_lock_assert_not_owner                               22374
  small_size                                                    22499
  pthread_cond_init                                             23166
  dyld4::ProcessConfig::DyldCache::indexOfPath(char const*, unsigned int&) const            23208
  small_free_list_remove_ptr_no_clear                           24499
  dyld4::Loader::loadAddress(dyld4::RuntimeState&) const            25458
  dyld3::ScopedTimer::endTimer()                                26457
  __findenv_locked                                              26792
  pthread_mutex_init                                            27125
  OPENSSL_strnlen                                               27416
  lsl::MemoryManager::lockGuard()                               27666
  ossl_property_name                                            28125
  dyld4::JustInTimeLoader::loadAddress(dyld4::RuntimeState&) const            28750
  OPENSSL_sk_delete                                             29166
  mach_msg2_trap                                                30875
  lsl::AllocationMetadata::AllocationMetadata(lsl::Allocator*, unsigned long)            33375
  _pthread_mutex_check_init_slow                                34416
  CRYPTO_new_ex_data                                            36416
  __read_nocancel                                               36416
  __open                                                        36792
  OPENSSL_LH_set_down_load                                      37168
  dyld4::LibSystemHelpers::os_unfair_recursive_lock_unlock(os_unfair_recursive_lock_s*) const            37999
  _kernelrpc_mach_vm_map_trap                                   38210
  szone_good_size                                               38543
  small_free_list_add_ptr                                       38583
  dyld4::LibSystemHelpers::os_unfair_lock_unlock(os_unfair_lock_s*) const            40709
  OPENSSL_sk_free                                               41168
  Diagnostics::hasError() const                                 42668
  EVP_PKEY_asn1_get0                                            42831
  ossl_rcu_write_lock                                           42998
  Diagnostics::noError() const                                  44044
  ossl_rcu_write_unlock                                         46000
  tiny_free_list_remove_ptr                                     47207
  pthread_setspecific                                           47209
  ossl_tdes_gettable_ctx_params                                 47584
  dyld3::MachOFile::read_uleb128(Diagnostics&, unsigned char const*&, unsigned char const*)            49832
  dyld4::RuntimeState::PermanentRanges::contains(unsigned long, unsigned long, unsigned char*, dyld4::Loader const**) const            50083
  dyld4::LibSystemHelpers::os_unfair_recursive_lock_lock_with_options(os_unfair_recursive_lock_s*, os_unfair_lock_options_t) cons            51376
  _tiny_check_and_zero_inline_meta_from_freelist                52333
  EVP_PKEY_asn1_get0_info                                       53542
  szone_malloc                                                  55873
  pthread_cond_broadcast                                        55875
  small_malloc_from_free_list                                   57124
  get_tiny_previous_free_msize                                  57460
  dyld4::LibSystemHelpers::os_unfair_lock_lock_with_options(os_unfair_lock_s*, os_unfair_lock_options_t) const            59208
  madvise                                                       59377
  __write_nocancel                                              60084
  tiny_size                                                     60832
  realloc                                                       62091
  lsl::EphemeralAllocator::allocate_buffer(unsigned long, unsigned long, unsigned long)            62874
  set_tiny_meta_header_in_use                                   64749
  _qsort                                                        64750
  strcmp                                                        70498
  __close_nocancel                                              71417
  ossl_cipher_aead_gettable_ctx_params                          73749
  tiny_free_list_add_ptr                                        74333
  _szone_free                                                   74998
  OPENSSL_sk_pop_free                                           75625
  dyld3::kdebug_trace_dyld_duration_end(unsigned long long, unsigned int, dyld3::kt_arg, dyld3::kt_arg, dyld3::kt_arg)            80376
  invocation function for block in dyld3::MachOFile::getDylibInstallName(char const**, unsigned int*, unsigned int*) const            80833
  szone_try_free_default                                        82542
  os_unfair_lock_assert_owner                                   82584
  rack_get_thread_index                                         85626
  EVP_CIPHER_get_type                                           90708
  dyld3::OverflowSafeArray<unsigned int, 4294967295ul>::verifySpace(unsigned long)            90752
  property_hash                                                 92792
  dyld4::Loader::contains(dyld4::RuntimeState&, void const*, void const**, unsigned long long*, unsigned char*) const            97042
  pthread_cond_signal                                          105169
  Diagnostics::assertNoError() const                           106831
  nanov2_size                                                  113791
  pthread_rwlock_init                                          124251
  pthread_rwlock_destroy                                       128211
  os_unfair_lock_unlock                                        133917
  Diagnostics::~Diagnostics()                                  138791
  Diagnostics::Diagnostics(bool)                               147622
  __open_nocancel                                              148873
  get_legacy_evp_names                                         160084
  ossl_ctype_check                                             169082
  os_unfair_lock_lock_with_options                             177042
  nanov2_pointer_size                                          193627
  invocation function for block in dyld3::MachOFile::getEntry(unsigned long long&, bool&) const           194082
  EVP_MD_get_type                                              195129
  free                                                         213295
  _Block_object_dispose                                        213581
  nanov2_allocate_from_block                                   230996
  OPENSSL_hexchar2int                                          241086
  ossl_sa_set                                                  259045
  strncmp                                                      265461
  trim_ws                                                      271453
  invocation function for block in dyld4::JustInTimeLoader::contains(dyld4::RuntimeState&, void const*, void const**, unsigned lo           290334
  BUF_MEM_new                                                  302387
  OBJ_get0_data                                                330930
  names_free                                                   337328
  OPENSSL_LH_flush                                             341624
  OPENSSL_LH_doall                                             345379
  OSSL_PARAM_set_uint                                          347966
  ossl_provider_ctx                                            350377
  conf_value_cmp                                               369793
  EVP_CIPHER_get_nid                                           374410
  ossl_lib_ctx_unlock                                          389305
  invocation function for block in dyld3::MachOLoaded::findClosestSymbol(unsigned long long, char const**, unsigned long long*) c           398585
  OSSL_PARAM_locate_const                                      408044
  ossl_lib_ctx_read_lock                                       434840
  OPENSSL_LH_set_thunks                                        441039
  property_defn_cmp                                            450000
  ossl_cipher_generic_gettable_ctx_params                      457043
  evp_cipher_up_ref                                            461583
  value_free_hash                                              469749
  property_defn_hash                                           476252
  BN_free                                                      479790
  function_hash                                                480793
  ossl_provider_free                                           482003
  CRYPTO_realloc                                               486969
  ossl_provider_up_ref                                         500457
  eat_alpha_numeric                                            503993
  ASN1_OBJECT_free                                             504291
  OSSL_PARAM_set_uint32                                        514752
  ossl_sa_get                                                  525455
  OSSL_PARAM_construct_end                                     560329
  sa_free_node                                                 565922
  EVP_CIPHER_get0_provider                                     573712
  OSSL_PARAM_construct_uint                                    579329
  do_all_fn                                                    585959
  evp_cipher_free                                              591664
  EVP_CIPHER_free                                              654041
  ossl_provider_libctx                                         823429
  invocation function for block in dyld3::MachOLoaded::getLinkEditLoadCommands(Diagnostics&, dyld3::MachOLoaded::LinkEditInfo&) c           825208
  _platform_strncmp                                            872668
  internal_free_nop                                            897590
  OPENSSL_LH_error                                             921831
  name_string_free                                             940919
  invocation function for block in dyld3::MachOFile::forEachSegment(void (dyld3::MachOFile::SegmentInfo const&, bool&) block_poin          1107624
  BUF_MEM_grow                                                1118963
  OSSL_PARAM_set_size_t                                       1144542
  pthread_getspecific                                         1170384
  sk_reserve                                                  1174967
  _os_once                                                    1216336
  CRYPTO_THREAD_get_local                                     1308003
  _platform_memchr                                            1347495
  ossl_rcu_assign_uptr                                        1414249
  OSSL_PARAM_set_uint64                                       1541899
  names_lh_free_doall                                         1611500
  ossl_lib_ctx_get_data                                       1640263
  OSSL_PARAM_set_int                                          1658630
  pthread_mutex_lock                                          1713177
  _platform_strchr                                            1764804
  pthread_mutex_unlock                                        1830202
  OSSL_PARAM_construct_size_t                                 1850718
  _nanov2_free                                                1918115
  _pthread_mutex_lock_init_slow                               1984802
  OPENSSL_sk_push                                             1997395
  OPENSSL_sk_num                                              2022337
  _pthread_mutex_unlock_init_slow                             2080707
  _pthread_mutex_firstfit_lock_slow                           2199788
  _pthread_mutex_firstfit_unlock_slow                         2288706
  OPENSSL_sk_value                                            2349502
  OSSL_PARAM_set_int32                                        2500705
  obj_name_cmp                                                2547275
  OPENSSL_LH_strhash                                          2722002
  _platform_memcmp                                            2778385
  OSSL_PARAM_construct_int                                    2803122
  pthread_once                                                3115914
  OBJ_nid2obj                                                 3169340
  CRYPTO_atomic_load                                          3332157
  SortFnByName                                                3375608
  pthread_rwlock_rdlock                                       3382930
  __error                                                     3710452
  ossl_lh_strcasehash                                         3733957
  cipher_compare                                              3944613
  ossl_isdigit                                                3989761
  fnv1a_hash                                                  4468806
  _platform_memmove                                           6539711
  pthread_rwlock_wrlock                                       6735378
  pthread_rwlock_unlock                                      10122648
  err_string_data_cmp                                        10970929
  CRYPTO_free                                                12661226
  malloc                                                     13459261
  doapr_outch                                                15104793
  err_string_data_hash                                       16673668
  nanov2_malloc                                              18696103
  _platform_strlen                                           23260740
  _platform_memset                                           26199010
  nanov2_try_free_default                                    26672680
  _platform_strcmp                                           28508803
  ossl_tolower                                               61146036
