
  pd_free                                                        1708
  sigaction                                                      1792
  EVP_bf_cbc                                                     1875
  EVP_rc4_40                                                     1958
  EVP_md5                                                        2042
  EVP_des_ecb                                                    2125
  EVP_sha1                                                       2125
  EVP_sha224                                                     2125
  EVP_sha384                                                     2125
  EVP_sm4_ctr                                                    2125
  UI_OpenSSL                                                     2125
  UI_null                                                        2125
  EVP_des_ede                                                    2166
  EVP_rc2_ofb                                                    2166
  EVP_des_ofb                                                    2167
  EVP_rc4                                                        2167
  opt_unknown                                                    2167
  EVP_sm4_cbc                                                    2208
  _cleanup                                                       2208
  EVP_rc2_cbc                                                    2209
  EVP_bf_ecb                                                     2250
  EVP_idea_ofb                                                   2250
  EVP_seed_cbc                                                   2291
  EVP_sha512                                                     2291
  strchr                                                         2291
  EVP_des_ede3                                                   2292
  EVP_shake128                                                   2292
  EVP_des_cbc                                                    2333
  EVP_md4                                                        2334
  EVP_sm3                                                        2334
  EVP_bf_ofb                                                     2375
  EVP_mdc2                                                       2375
  EVP_seed_ofb                                                   2375
  EVP_sha3_384                                                   2375
  EVP_sha3_512                                                   2375
  EVP_cast5_ofb                                                  2416
  EVP_sm4_ecb                                                    2416
  EVP_des_cfb8                                                   2417
  EVP_sha3_224                                                   2417
  EVP_idea_cbc                                                   2458
  EVP_sha512_224                                                 2459
  EVP_md5_sha1                                                   2500
  EVP_sha512_256                                                 2500
  app_get0_propq                                                 2500
  COMP_get_type                                                  2541
  EVP_bf_cfb64                                                   2541
  EVP_aes_128_ctr                                                2542
  EVP_blake2s256                                                 2542
  EVP_aes_192_ecb                                                2583
  EVP_aes_192_ocb                                                2583
  EVP_aes_256_ccm                                                2583
  EVP_aes_256_ofb                                                2583
  EVP_rc2_cfb64                                                  2583
  EVP_sm4_ofb                                                    2583
  release_engine                                                 2583
  EVP_aes_192_gcm                                                2584
  EVP_rc2_64_cbc                                                 2584
  EVP_aes_128_ccm                                                2625
  EVP_aes_256_cbc                                                2625
  EVP_cast5_cbc                                                  2625
  EVP_chacha20                                                   2625
  EVP_idea_cfb64                                                 2625
  EVP_idea_ecb                                                   2625
  EVP_rc2_ecb                                                    2625
  EVP_shake256                                                   2625
  opt_next                                                       2625
  ENGINE_set_name                                                2666
  EVP_des_ede_ofb                                                2666
  EVP_ripemd160                                                  2666
  vm_deallocate                                                  2667
  EVP_aes_128_ofb                                                2708
  EVP_aes_256_cfb8                                               2708
  EVP_aria_192_ctr                                               2708
  def_to_int                                                     2708
  EVP_des_cfb1                                                   2709
  EVP_aes_192_ccm                                                2750
  EVP_aes_192_cfb8                                               2750
  EVP_aria_256_ctr                                               2750
  EVP_cast5_cfb64                                                2750
  EVP_sha3_256                                                   2750
  lh_FUNCTION_free                                               2750
  EVP_aes_128_cbc                                                2791
  EVP_rc2_40_cbc                                                 2791
  NCONF_default                                                  2791
  EVP_aes_128_wrap                                               2792
  EVP_aes_192_cfb1                                               2792
  EVP_aes_256_gcm                                                2792
  ossl_trace_cleanup                                             2792
  query_hash                                                     2792
  EVP_aes_192_cbc                                                2833
  EVP_aes_192_ctr                                                2833
  EVP_aes_256_xts                                                2833
  EVP_aria_192_cfb1                                              2833
  EVP_aria_256_gcm                                               2833
  EVP_desx_cbc                                                   2833
  EVP_sm4_cfb128                                                 2833
  EVP_aes_128_xts                                                2834
  EVP_aria_128_ctr                                               2834
  EVP_cast5_ecb                                                  2834
  EVP_seed_cfb128                                                2834
  EVP_MD_free                                                    2875
  EVP_aes_192_wrap                                               2875
  EVP_aes_256_ctr                                                2875
  EVP_aes_256_wrap                                               2875
  EVP_aria_192_cbc                                               2875
  EVP_aria_256_ofb                                               2875
  EVP_blake2b512                                                 2875
  EVP_seed_ecb                                                   2875
  strrchr                                                        2875
  EVP_aria_192_gcm                                               2916
  EVP_aria_192_ofb                                               2916
  EVP_aria_256_cfb1                                              2916
  ENGINE_set_id                                                  2917
  EVP_aes_128_cfb1                                               2917
  EVP_aes_256_cfb1                                               2917
  EVP_aria_128_cfb8                                              2917
  EVP_aria_128_ofb                                               2917
  EVP_aria_256_cbc                                               2917
  EVP_aria_256_ccm                                               2917
  EVP_des_ede3_wrap                                              2917
  EVP_des_ede_cbc                                                2917
  EVP_whirlpool                                                  2917
  EVP_aes_128_cfb8                                               2958
  EVP_aes_192_ofb                                                2958
  EVP_aes_256_ocb                                                2958
  EVP_aria_128_ecb                                               2958
  EVP_aria_256_cfb8                                              2958
  EVP_des_ede3_ofb                                               2958
  EVP_rc4_hmac_md5                                               2958
  OBJ_obj2txt                                                    2958
  BIO_f_cipher                                                   2959
  EVP_des_ede3_cfb8                                              2959
  EVP_aes_192_cfb128                                             3000
  EVP_aes_256_ecb                                                3000
  EVP_aria_256_ecb                                               3000
  __cxa_finalize                                                 3000
  EVP_aes_128_cfb128                                             3083
  EVP_aes_128_ocb                                                3083
  function_cmp                                                   3083
  EVP_aria_128_cbc                                               3084
  OSSL_LIB_CTX_get_data                                          3084
  property_cmp                                                   3084
  EVP_aes_128_wrap_pad                                           3125
  EVP_aria_128_ccm                                               3125
  EVP_aria_192_ccm                                               3125
  EVP_camellia_256_ofb                                           3125
  EVP_des_cfb64                                                  3125
  EVP_des_ede3_cbc                                               3125
  EVP_des_ede3_cfb64                                             3125
  getrlimit                                                      3125
  EVP_aes_256_cfb128                                             3166
  EVP_camellia_128_ofb                                           3166
  EVP_aes_128_gcm                                                3167
  EVP_aes_192_wrap_pad                                           3167
  EVP_aria_192_cfb8                                              3167
  EVP_camellia_192_cbc                                           3208
  EVP_camellia_192_ofb                                           3208
  EVP_des_ede3_cfb1                                              3208
  ossl_comp_zstd_cleanup                                         3208
  EVP_aria_128_cfb1                                              3250
  EVP_aria_192_ecb                                               3250
  EVP_camellia_128_cbc                                           3250
  EVP_des_ede_cfb64                                              3250
  opt_set_unknown_name                                           3250
  COMP_zlib                                                      3292
  EVP_CIPHER_get_flags                                           3292
  signal                                                         3292
  EVP_camellia_256_cfb8                                          3333
  OSSL_PARAM_modified                                            3333
  UI_method_set_writer                                           3333
  def_init_default                                               3333
  EVP_aria_192_cfb128                                            3334
  UI_method_set_reader                                           3334
  EVP_camellia_192_cfb8                                          3375
  EVP_camellia_192_ctr                                           3375
  EVP_chacha20_poly1305                                          3375
  bio_sock_cleanup_int                                           3375
  init_thread_stop                                               3375
  EVP_camellia_256_ecb                                           3416
  UI_method_set_closer                                           3416
  EVP_aria_128_cfb128                                            3417
  EVP_aria_256_cfb128                                            3417
  EVP_camellia_256_cbc                                           3417
  EVP_camellia_192_cfb1                                          3458
  EVP_aes_128_ecb                                                3500
  EVP_aria_128_gcm                                               3500
  EVP_camellia_256_ctr                                           3500
  UI_method_set_opener                                           3500
  evp_app_cleanup_int                                            3500
  ossl_store_cleanup_int                                         3500
  engine_load_rdrand_int                                         3541
  ENGINE_set_flags                                               3542
  EVP_camellia_128_cfb8                                          3542
  __smakebuf                                                     3542
  app_RAND_write                                                 3542
  EVP_camellia_128_cfb1                                          3583
  EVP_camellia_128_ctr                                           3583
  OSSL_STORE_register_loader                                     3583
  store_loader_cmp                                               3583
  EVP_aes_256_wrap_pad                                           3625
  EVP_camellia_256_cfb1                                          3625
  ossl_comp_brotli_cleanup                                       3625
  pthread_self                                                   3625
  EVP_camellia_256_cfb128                                        3666
  ossl_prov_ctx_set0_handle                                      3667
  EVP_add_alg_module                                             3708
  EVP_CipherUpdate                                               3750
  EVP_camellia_128_cfb128                                        3750
  BIO_meth_set_ctrl                                              3791
  ERR_get_error_all                                              3792
  EVP_camellia_192_cfb128                                        3792
  EVP_camellia_192_ecb                                           3792
  ossl_comp_zlib_cleanup                                         3792
  ASN1_add_oid_module                                            3833
  BIO_meth_set_puts                                              3833
  opt_check_rest_arg                                             3833
  ossl_lib_ctx_write_lock                                        3833
  ASN1_add_stable_module                                         3834
  ERR_print_errors                                               3875
  EVP_CipherFinal_ex                                             3875
  ossl_prov_ctx_free                                             3875
  free_medium                                                    3916
  EVP_camellia_128_ecb                                           3917
  core_get_libctx                                                3958
  ENGINE_set_cmd_defns                                           3959
  ossl_prov_ctx_new                                              3959
  BIO_meth_set_destroy                                           4000
  EVP_CIPHER_fetch                                               4000
  OSSL_LIB_CTX_free                                              4000
  dyld4::APIs::_tlv_exit()                                       4000
  close                                                          4041
  ossl_method_unlock_store                                       4041
  BIO_meth_set_gets                                              4042
  NCONF_get0_libctx                                              4042
  ossl_prov_ctx_set0_libctx                                      4083
  BIO_meth_set_create                                            4084
  CRYPTO_THREAD_get_current_id                                   4125
  EVP_CIPHER_get_iv_length                                       4125
  ossl_child_prov_ctx_new                                        4125
  ossl_prov_ctx_get0_libctx                                      4125
  BIO_meth_set_read_ex                                           4167
  chacha20_get_params                                            4167
  ossl_method_lock_store                                         4208
  ossl_stored_namemap_free                                       4208
  OSSL_STORE_unregister_loader                                   4250
  null_gettable_ctx_params                                       4291
  aes_192_ecb_get_params                                         4292
  ossl_config_add_ssl_module                                     4292
  __sigaction                                                    4333
  aes_128_ecb_get_params                                         4333
  aes_256_ctr_get_params                                         4333
  BIO_meth_set_write_ex                                          4334
  ENGINE_add_conf_module                                         4334
  aria_192_ctr_get_params                                        4334
  ENGINE_set_ctrl_function                                       4375
  EVP_PKEY_asn1_get_count                                        4375
  aes_128_xts_get_params                                         4375
  aes_192_cfb1_get_params                                        4375
  aes_192_cfb_get_params                                         4375
  ossl_random_add_conf_module                                    4416
  aes_128_cbc_get_params                                         4417
  aria_192_cfb8_get_params                                       4417
  ossl_cipher_generic_reset_ctx                                  4417
  ossl_lib_ctx_is_default                                        4417
  CONF_imodule_get_value                                         4458
  OPENSSL_cpuid_setup                                            4458
  OSSL_STORE_LOADER_set_eof                                      4458
  aes_128_ccm_get_params                                         4458
  aes_128_ofb_get_params                                         4458
  aes_192_ctr_get_params                                         4458
  aes_192_ofb_get_params                                         4458
  aes_256_cfb_get_params                                         4458
  aes_v8_set_encrypt_key                                         4458
  aria_128_ctr_get_params                                        4458
  aria_192_cbc_get_params                                        4458
  chacha20_gettable_ctx_params                                   4458
  OSSL_ERR_STATE_new                                             4459
  aes_192_ccm_get_params                                         4459
  aes_192_siv_get_params                                         4459
  aria_128_cbc_get_params                                        4500
  aria_128_cfb8_get_params                                       4500
  aria_192_ofb_get_params                                        4500
  aria_256_ctr_get_params                                        4500
  EVP_sha256                                                     4541
  aes_192_cbc_get_params                                         4541
  aes_192_gcm_get_params                                         4541
  aes_192_wrap_get_params                                        4541
  aria_256_cbc_get_params                                        4541
  ossl_bio_core_globals_new                                      4541
  ENGINE_set_init_function                                       4542
  OSSL_CMP_log_close                                             4542
  aes_128_cfb_get_params                                         4542
  aes_256_ofb_get_params                                         4542
  aria_192_cfb1_get_params                                       4542
  aes_128_cfb1_get_params                                        4583
  aes_256_siv_get_params                                         4583
  aria_128_cfb_get_params                                        4583
  aria_256_cfb8_get_params                                       4583
  aria_256_cfb_get_params                                        4583
  aria_256_ofb_get_params                                        4583
  ossl_prov_cipher_hw_aes_ctr                                    4583
  tdes_ede2_cbc_get_params                                       4583
  tdes_ede3_cbc_get_params                                       4583
  tdes_ede2_ofb_get_params                                       4584
  ENGINE_set_finish_function                                     4625
  aes_128_cfb8_get_params                                        4625
  aes_256_ccm_get_params                                         4625
  aes_v8_ctr32_encrypt_blocks                                    4625
  aria_128_ecb_get_params                                        4625
  aria_192_ecb_get_params                                        4625
  ossl_ctx_global_properties_new                                 4625
  def_is_number                                                  4626
  aes_128_ocb_get_params                                         4666
  aes_cts_192_cbc_get_params                                     4666
  aria_128_gcm_get_params                                        4666
  aria_128_cfb1_get_params                                       4667
  aria_192_gcm_get_params                                        4667
  ossl_rand_cleanup_int                                          4667
  tdes_ede3_ofb_get_params                                       4667
  OSSL_STORE_LOADER_set_error                                    4708
  aes_128_ctr_get_params                                         4708
  aria_192_cfb_get_params                                        4708
  aria_256_cfb1_get_params                                       4708
  sm4_128_ofb128_get_params                                      4708
  OSSL_STORE_LOADER_free                                         4750
  aes_128_wrappad_get_params                                     4750
  aes_256_cfb1_get_params                                        4750
  aes_256_ocb_get_params                                         4750
  aes_256_xts_get_params                                         4750
  aria_128_ofb_get_params                                        4750
  sm4_128_ccm_get_params                                         4750
  sm4_128_ctr_get_params                                         4750
  tdes_ede2_ecb_get_params                                       4750
  tdes_wrap_get_params                                           4750
  EVP_aes_256_cbc_hmac_sha1                                      4791
  OSSL_STORE_LOADER_set_close                                    4791
  aes_128_gcm_get_params                                         4791
  aes_256_gcm_get_params                                         4791
  aria_256_ccm_get_params                                        4791
  ossl_bio_core_globals_free                                     4791
  sm4_128_cbc_get_params                                         4791
  ossl_provider_add_conf_module                                  4792
  pthread_cond_destroy                                           4792
  sm4_128_xts_get_params                                         4792
  aes_128_siv_get_params                                         4833
  aes_256_ecb_get_params                                         4833
  aes_256_wrap_get_params                                        4833
  aria_192_ccm_get_params                                        4833
  tdes_ede3_cfb_get_params                                       4833
  camellia_128_ctr_get_params                                    4834
  engine_pkey_meths_free                                         4834
  lsl::Lock::unlock()                                            4834
  ossl_prov_ctx_set0_core_bio_method                             4834
  sm4_128_cfb128_get_params                                      4834
  sm4_128_gcm_get_params                                         4834
  UI_method_set_prompt_constructor                               4875
  aes_192_wrappad_get_params                                     4875
  aria_256_ecb_get_params                                        4875
  camellia_128_cfb_get_params                                    4875
  camellia_192_ecb_get_params                                    4875
  aes_192_ocb_get_params                                         4916
  aes_256_wrapinv_get_params                                     4916
  EVP_CIPHER_get_key_length                                      4917
  OSSL_trace_set_channel                                         4917
  aes_192_cfb8_get_params                                        4917
  sm4_128_ecb_get_params                                         4917
  tdes_ede2_cfb_get_params                                       4917
  tdes_ede3_cfb8_get_params                                      4917
  OSSL_STORE_LOADER_set_expect                                   4958
  aes_128_wrap_get_params                                        4958
  aes_128_wrapinv_get_params                                     4958
  aes_192_wrapinv_get_params                                     4958
  aes_cts_128_cbc_get_params                                     4958
  aria_128_ccm_get_params                                        4958
  camellia_128_ofb_get_params                                    4958
  aes_256_cfb8_get_params                                        4959
  camellia_192_cfb_get_params                                    4959
  camellia_256_cfb1_get_params                                   4959
  camellia_256_cfb8_get_params                                   4959
  OSSL_STORE_LOADER_set_load                                     5000
  aes_cts_256_cbc_get_params                                     5000
  camellia_128_cfb8_get_params                                   5000
  camellia_192_cbc_get_params                                    5000
  camellia_256_cbc_get_params                                    5000
  camellia_256_cfb_get_params                                    5000
  camellia_256_ctr_get_params                                    5000
  ossl_self_test_set_callback_new                                5000
  BIO_free                                                       5001
  camellia_128_cfb1_get_params                                   5041
  camellia_192_cfb1_get_params                                   5041
  ENGINE_load_builtin_engines                                    5042
  camellia_256_ofb_get_params                                    5042
  ossl_self_test_set_callback_free                               5042
  ossl_store_register_init                                       5042
  Diagnostics::clearError()                                      5083
  EVP_aes_256_cbc_hmac_sha256                                    5083
  OSSL_STORE_LOADER_set_open                                     5083
  aria_256_gcm_get_params                                        5083
  camellia_192_ofb_get_params                                    5083
  ossl_indicator_set_callback_free                               5083
  __fcntl                                                        5125
  camellia_128_cbc_get_params                                    5125
  camellia_128_ecb_get_params                                    5125
  camellia_192_ctr_get_params                                    5125
  ossl_indicator_set_callback_new                                5125
  tdes_ede3_cfb1_get_params                                      5125
  tdes_ede3_ecb_get_params                                       5125
  aes_192_wrappadinv_get_params                                  5166
  EVP_aes_128_cbc_hmac_sha256                                    5167
  aes_256_wrappad_get_params                                     5167
  engine_pkey_asn1_meths_free                                    5167
  engine_remove_dynamic_id                                       5167
  ossl_property_match_count                                      5167
  ENGINE_get_cipher_engine                                       5208
  camellia_192_cfb8_get_params                                   5208
  camellia_256_ecb_get_params                                    5208
  ossl_free_compression_methods_int                              5208
  ossl_property_has_optional                                     5208
  aes_256_cbc_get_params                                         5209
  EVP_aes_128_cbc_hmac_sha1                                      5250
  aes_128_wrappadinv_get_params                                  5250
  tiny_malloc_from_free_list                                     5250
  aes_256_wrappadinv_get_params                                  5292
  OSSL_PARAM_get_int                                             5333
  camellia_cts_192_cbc_get_params                                5333
  OPENSSL_sk_sort                                                5416
  memset                                                         5458
  ossl_init_thread_deregister                                    5459
  ossl_provider_unquery_operation                                5459
  ossl_prov_ctx_get0_core_bio_method                             5541
  camellia_cts_128_cbc_get_params                                5542
  chacha20_poly1305_gettable_ctx_params                          5542
  medium_region_for_ptr_no_lock                                  5542
  chacha20_poly1305_get_params                                   5625
  ossl_aes_256_gcm_siv_get_params                                5625
  ossl_aes_192_gcm_siv_get_params                                5666
  EVP_CIPHER_CTX_get_block_size                                  5667
  OSSL_LIB_CTX_set_conf_diagnostics                              5667
  app_get0_libctx                                                5667
  getegid                                                        5708
  camellia_cts_256_cbc_get_params                                5750
  medium_malloc_from_free_list                                   5875
  ossl_aes_128_gcm_siv_get_params                                5916
  getgid                                                         5959
  opt_arg                                                        5999
  BIO_set_data                                                   6042
  geteuid                                                        6125
  ossl_prov_bio_from_dispatch                                    6333
  EVP_CIPHER_get_mode                                            6375
  EVP_RAND_CTX_free                                              6417
  OSSL_PARAM_get_int32                                           6500
  __getrlimit                                                    6584
  getuid                                                         6625
  dyld3::kdebug_trace_dyld_enabled(unsigned int)                 6667
  dyld4::Loader::hiddenFromFlat(bool) const                      6708
  ossl_prov_seeding_from_dispatch                                6750
  BIO_next                                                       6833
  dyld4::RuntimeState::notifyObjCPatching()                      6917
  _kernelrpc_mach_port_deallocate_trap                           7166
  _platform_strnlen                                              7208
  dyld4::handleFromLoader(dyld4::Loader const*, bool)             7208
  dyld4::BumpAllocator::~BumpAllocator()                         7292
  EVP_CipherInit_ex                                              7375
  err_unshelve_state                                             7499
  ENGINE_register_EC                                             7584
  store_loader_hash                                              7626
  openssl_fopen                                                  7667
  ENGINE_register_DH                                             7750
  ENGINE_register_DSA                                            7875
  OPENSSL_sk_pop                                                 7916
  dyld4::JustInTimeLoader::hiddenFromFlat(bool) const             7917
  file_ctrl                                                      7958
  ENGINE_register_RSA                                            8083
  bio_open_default                                               8083
  ENGINE_register_RAND                                           8084
  BIO_copy_next_retry                                            8125
  X509_get_default_cert_area                                     8250
  dyld4::Loader::beginInitializers(dyld4::RuntimeState&)             8250
  __sclose                                                       8291
  _kernelrpc_mach_port_construct_trap                            8333
  flsl                                                           8333
  ossl_sa_new                                                    8501
  ossl_lib_ctx_get_concrete                                      8583
  lsl::Lock::lock()                                              8584
  dyld4::RuntimeState::incDlRefCount(dyld4::Loader const*)             8834
  BIO_set_init                                                   8958
  lsl::EphemeralAllocator::reset()                               9000
  ENGINE_register_digests                                        9084
  lsl::Vector<dyld4::Loader const*>::reserveExact(unsigned long)             9167
  free_small                                                     9207
  ENGINE_register_ciphers                                        9250
  ossl_cipher_generic_einit                                      9250
  strlen                                                         9334
  ossl_property_free                                             9501
  dyld4::JustInTimeLoader::beginInitializers(dyld4::RuntimeState&)             9542
  ENGINE_register_pkey_meths                                     9626
  DSO_METHOD_openssl                                             9750
  ossl_cipher_generic_set_ctx_params                             9958
  BIO_set_flags                                                 10083
  CRYPTO_atomic_or                                              10208
  ossl_lib_ctx_get_ex_data_global                               10334
  OSSL_LIB_CTX_get_conf_diagnostics                             10458
  lsl::Vector<lsl::MemoryManager::Buffer>::reserve(unsigned long)            10458
  __sflags                                                      10583
  ENGINE_register_pkey_asn1_meths                               10917
  ossl_lib_ctx_get_rcukey                                       11084
  NCONF_get_section                                             11334
  OPENSSL_cleanse                                               11417
  engine_free_util                                              11500
  ossl_sa_doall_arg                                             11624
  __bzero                                                       12083
  aes_siv_gettable_ctx_params                                   12084
  dyld4::RuntimeState::doSingletonPatching(dyld4::DyldCacheDataConstLazyScopedWriter&)            12208
  rack_region_insert                                            12500
  ossl_cipher_capable_aes_cbc_hmac_sha256                       12542
  ossl_cipher_capable_aes_cbc_hmac_sha1                         13417
  cipher_ocb_gettable_ctx_params                                13501
  aes_cbc_cts_gettable_ctx_params                               13583
  EVP_add_cipher                                                13667
  dyld4::DyldCacheDataConstLazyScopedWriter::DyldCacheDataConstLazyScopedWriter(dyld4::RuntimeState&)            13958
  BIO_clear_flags                                               14083
  lsl::EphemeralAllocator::~EphemeralAllocator()                14125
  dyld4::Loader::loadDependents(Diagnostics&, dyld4::RuntimeState&, dyld4::Loader::LoadOptions const&)            14167
  small_try_realloc_in_place                                    14583
  DSO_free                                                      14666
  sa_doall                                                      14749
  BIO_get_data                                                  14833
  _kernelrpc_mach_vm_deallocate_trap                            14875
  dyld4::Loader::path() const                                   14917
  ossl_property_value                                           14917
  _NSGetEnviron                                                 15125
  camellia_cbc_cts_gettable_ctx_params                          15417
  ossl_aes_gcm_siv_gettable_ctx_params                          15542
  CRYPTO_atomic_add                                             15582
  __sflush                                                      15792
  fstat                                                         15959
  dyld4::JustInTimeLoader::loadDependents(Diagnostics&, dyld4::RuntimeState&, dyld4::Loader::LoadOptions const&)            16000
  dyld3::MachOFile::is64() const                                16083
  os_unfair_recursive_lock_unlock                               16083
  file_new                                                      16417
  ossl_prov_is_running                                          16875
  file_free                                                     17084
  invocation function for block in dyld4::Loader::forEachPath(Diagnostics&, dyld4::RuntimeState&, char const*, dyld4::Loader::Loa            17542
  CRYPTO_THREAD_lock_free                                       17583
  _kernelrpc_mach_port_destruct_trap                            17667
  FMT_istext                                                    18083
  OPENSSL_LH_get_down_load                                      18334
  kdebug_is_enabled                                             18457
  BIO_new                                                       18750
  pthread_mutex_destroy                                         18958
  dyld4::JustInTimeLoader::path() const                         19126
  pthread_cond_init                                             19417
  os_unfair_recursive_lock_lock_with_options                    20000
  property_free                                                 20415
  __chkstk_darwin_probe                                         20458
  dyld4::LibSystemHelpers::pthread_getspecific(unsigned long) const            20542
  dyld4::Loader::matchesPath(char const*) const                 20875
  lsl::EphemeralAllocator::deallocate_buffer(lsl::MemoryManager::Buffer)            21083
  ___chkstk_darwin                                              21626
  os_unfair_lock_assert_not_owner                               21667
  small_size                                                    21874
  dyld4::ProcessConfig::DyldCache::indexOfPath(char const*, unsigned int&) const            22375
  mach_msg2_trap                                                23375
  pthread_mutex_init                                            25291
  dyld4::Loader::loadAddress(dyld4::RuntimeState&) const            25459
  _kernelrpc_mach_vm_map_trap                                   25918
  dyld3::ScopedTimer::endTimer()                                26127
  ossl_property_name                                            26416
  lsl::MemoryManager::lockGuard()                               27499
  __findenv_locked                                              27582
  OPENSSL_strnlen                                               28250
  OPENSSL_sk_delete                                             28833
  dyld4::JustInTimeLoader::loadAddress(dyld4::RuntimeState&) const            29291
  __open                                                        30542
  _pthread_mutex_check_init_slow                                33042
  small_free_list_find_by_ptr                                   33249
  lsl::AllocationMetadata::AllocationMetadata(lsl::Allocator*, unsigned long)            33416
  __read_nocancel                                               34293
  CRYPTO_new_ex_data                                            34792
  OPENSSL_LH_set_down_load                                      35127
  szone_good_size                                               37709
  dyld4::LibSystemHelpers::os_unfair_recursive_lock_unlock(os_unfair_recursive_lock_s*) const            37750
  small_free_list_remove_ptr                                    39167
  small_malloc_from_free_list                                   39749
  OPENSSL_sk_free                                               40123
  Diagnostics::hasError() const                                 40374
  dyld4::LibSystemHelpers::os_unfair_lock_unlock(os_unfair_lock_s*) const            40457
  tiny_free_list_remove_ptr                                     41791
  EVP_PKEY_asn1_get0                                            43042
  ossl_rcu_write_lock                                           43458
  Diagnostics::noError() const                                  45418
  ossl_rcu_write_unlock                                         45833
  ossl_tdes_gettable_ctx_params                                 45999
  get_tiny_previous_free_msize                                  46876
  pthread_setspecific                                           46960
  __write_nocancel                                              47416
  small_free_list_add_ptr                                       48918
  small_free_list_remove_ptr_no_clear                           50250
  dyld4::LibSystemHelpers::os_unfair_recursive_lock_lock_with_options(os_unfair_recursive_lock_s*, os_unfair_lock_options_t) cons            51625
  dyld4::RuntimeState::PermanentRanges::contains(unsigned long, unsigned long, unsigned char*, dyld4::Loader const**) const            51625
  dyld3::MachOFile::read_uleb128(Diagnostics&, unsigned char const*&, unsigned char const*)            51874
  __close_nocancel                                              53083
  EVP_PKEY_asn1_get0_info                                       54209
  szone_malloc                                                  54792
  pthread_cond_broadcast                                        56210
  dyld4::LibSystemHelpers::os_unfair_lock_lock_with_options(os_unfair_lock_s*, os_unfair_lock_options_t) const            59000
  tiny_size                                                     59458
  _tiny_check_and_zero_inline_meta_from_freelist                60040
  realloc                                                       61084
  madvise                                                       63454
  _qsort                                                        64875
  set_tiny_meta_header_in_use                                   65003
  _szone_free                                                   66292
  lsl::EphemeralAllocator::allocate_buffer(unsigned long, unsigned long, unsigned long)            68293
  tiny_free_list_add_ptr                                        68500
  ossl_cipher_aead_gettable_ctx_params                          70873
  OPENSSL_sk_pop_free                                           70916
  strcmp                                                        71502
  os_unfair_lock_assert_owner                                   73668
  szone_try_free_default                                        77416
  dyld3::kdebug_trace_dyld_duration_end(unsigned long long, unsigned int, dyld3::kt_arg, dyld3::kt_arg, dyld3::kt_arg)            80042
  rack_get_thread_index                                         80128
  invocation function for block in dyld3::MachOFile::getDylibInstallName(char const**, unsigned int*, unsigned int*) const            81333
  EVP_CIPHER_get_type                                           91043
  dyld3::OverflowSafeArray<unsigned int, 4294967295ul>::verifySpace(unsigned long)            91999
  property_hash                                                 92207
  deflt_query                                                   93292
  dyld4::Loader::contains(dyld4::RuntimeState&, void const*, void const**, unsigned long long*, unsigned char*) const            95875
  pthread_cond_signal                                          104290
  Diagnostics::assertNoError() const                           109000
  pthread_rwlock_init                                          115335
  nanov2_size                                                  116211
  __open_nocancel                                              119042
  pthread_rwlock_destroy                                       121999
  os_unfair_lock_unlock                                        128333
  Diagnostics::~Diagnostics()                                  139791
  Diagnostics::Diagnostics(bool)                               146711
  get_legacy_evp_names                                         161122
  ossl_ctype_check                                             169250
  os_unfair_lock_lock_with_options                             173002
  invocation function for block in dyld3::MachOFile::getEntry(unsigned long long&, bool&) const           187835
  nanov2_pointer_size                                          194165
  nanov2_allocate_from_block                                   194211
  EVP_MD_get_type                                              194751
  free                                                         209420
  _Block_object_dispose                                        211251
  OPENSSL_hexchar2int                                          232123
  ossl_sa_set                                                  252762
  strncmp                                                      273332
  trim_ws                                                      276540
  invocation function for block in dyld4::JustInTimeLoader::contains(dyld4::RuntimeState&, void const*, void const**, unsigned lo           296252
  BUF_MEM_new                                                  302626
  names_free                                                   319044
  OBJ_get0_data                                                331331
  OPENSSL_LH_flush                                             331580
  OPENSSL_LH_doall                                             335834
  OSSL_PARAM_set_uint                                          339410
  ossl_provider_ctx                                            342796
  EVP_CIPHER_get_nid                                           365323
  conf_value_cmp                                               374078
  ossl_lib_ctx_unlock                                          381291
  OSSL_PARAM_locate_const                                      397664
  invocation function for block in dyld3::MachOLoaded::findClosestSymbol(unsigned long long, char const**, unsigned long long*) c           410373
  ossl_lib_ctx_read_lock                                       425626
  OPENSSL_LH_set_thunks                                        430707
  property_defn_cmp                                            437295
  ossl_cipher_generic_gettable_ctx_params                      445086
  evp_cipher_up_ref                                            450835
  property_defn_hash                                           463705
  value_free_hash                                              475004
  function_hash                                                476129
  BN_free                                                      477710
  ossl_provider_free                                           477914
  CRYPTO_realloc                                               490590
  ossl_provider_up_ref                                         491420
  OSSL_PARAM_set_uint32                                        501456
  ASN1_OBJECT_free                                             505497
  eat_alpha_numeric                                            510493
  ossl_sa_get                                                  513158
  sa_free_node                                                 542922
  OSSL_PARAM_construct_end                                     546378
  EVP_CIPHER_get0_provider                                     560207
  OSSL_PARAM_construct_uint                                    564623
  evp_cipher_free                                              573786
  do_all_fn                                                    582497
  EVP_CIPHER_free                                              634212
  ossl_provider_libctx                                         801418
  _os_once                                                     813847
  internal_free_nop                                            851203
  invocation function for block in dyld3::MachOLoaded::getLinkEditLoadCommands(Diagnostics&, dyld3::MachOLoaded::LinkEditInfo&) c           857957
  _platform_strncmp                                            874374
  name_string_free                                             888755
  OPENSSL_LH_error                                             929041
  invocation function for block in dyld3::MachOFile::forEachSegment(void (dyld3::MachOFile::SegmentInfo const&, bool&) block_poin          1117126
  OSSL_PARAM_set_size_t                                       1118666
  BUF_MEM_grow                                                1134269
  pthread_getspecific                                         1148077
  sk_reserve                                                  1169720
  CRYPTO_THREAD_get_local                                     1282873
  _platform_memchr                                            1354456
  ossl_rcu_assign_uptr                                        1416920
  OSSL_PARAM_set_uint64                                       1505549
  names_lh_free_doall                                         1524760
  ossl_lib_ctx_get_data                                       1597864
  OSSL_PARAM_set_int                                          1622293
  _platform_strchr                                            1721540
  pthread_mutex_lock                                          1724494
  OSSL_PARAM_construct_size_t                                 1805585
  pthread_mutex_unlock                                        1842714
  _nanov2_free                                                1890446
  OPENSSL_sk_push                                             1984410
  OPENSSL_sk_num                                              1987731
  _pthread_mutex_lock_init_slow                               1991198
  _pthread_mutex_unlock_init_slow                             2087294
  _pthread_mutex_firstfit_lock_slow                           2206254
  _pthread_mutex_firstfit_unlock_slow                         2301417
  OPENSSL_sk_value                                            2308419
  OSSL_PARAM_set_int32                                        2430456
  obj_name_cmp                                                2505276
  OPENSSL_LH_strhash                                          2706906
  OSSL_PARAM_construct_int                                    2734708
  _platform_memcmp                                            2748659
  pthread_rwlock_rdlock                                       3313121
  CRYPTO_atomic_load                                          3317038
  SortFnByName                                                3384193
  OBJ_nid2obj                                                 3433195
  pthread_once                                                3555461
  ossl_lh_strcasehash                                         3701911
  __error                                                     3768592
  cipher_compare                                              3961123
  ossl_isdigit                                                4002298
  fnv1a_hash                                                  4429289
  _platform_memmove                                           6500414
  pthread_rwlock_wrlock                                       6661031
  pthread_rwlock_unlock                                       9994231
  err_string_data_cmp                                        10960815
  CRYPTO_free                                                12212089
  malloc                                                     13368232
  doapr_outch                                                15122672
  err_string_data_hash                                       16652462
  nanov2_malloc                                              18518963
  _platform_strlen                                           23219572
  _platform_memset                                           25417863
  nanov2_try_free_default                                    25964417
  _platform_strcmp                                           27987861
  ossl_tolower                                               60266338
