
  pd_free                                                        1791
  sigaction                                                      1792
  EVP_md5                                                        1833
  EVP_sha224                                                     1916
  EVP_sha1                                                       2041
  UI_OpenSSL                                                     2084
  EVP_rc4_40                                                     2125
  EVP_sha384                                                     2125
  opt_unknown                                                    2125
  EVP_bf_cbc                                                     2166
  EVP_rc4                                                        2166
  EVP_sha3_512                                                   2166
  EVP_rc2_ofb                                                    2167
  EVP_sm4_ctr                                                    2167
  EVP_des_cbc                                                    2208
  EVP_des_ecb                                                    2208
  _cleanup                                                       2208
  EVP_bf_ofb                                                     2209
  EVP_idea_ofb                                                   2209
  EVP_rc2_cbc                                                    2209
  EVP_des_ede                                                    2250
  EVP_des_ofb                                                    2250
  EVP_idea_cbc                                                   2250
  EVP_md4                                                        2250
  EVP_mdc2                                                       2250
  EVP_sm3                                                        2250
  EVP_sm4_ofb                                                    2250
  UI_null                                                        2250
  EVP_shake128                                                   2291
  EVP_sm4_cbc                                                    2291
  EVP_ripemd160                                                  2292
  EVP_sha512_224                                                 2333
  app_get0_propq                                                 2333
  EVP_sha3_224                                                   2334
  strchr                                                         2334
  EVP_bf_cfb64                                                   2375
  EVP_des_ede3                                                   2375
  EVP_rc2_cfb64                                                  2416
  EVP_bf_ecb                                                     2417
  EVP_cast5_ofb                                                  2417
  EVP_chacha20                                                   2417
  EVP_des_cfb8                                                   2417
  EVP_desx_cbc                                                   2458
  EVP_seed_cbc                                                   2458
  EVP_md5_sha1                                                   2459
  EVP_sm4_ecb                                                    2459
  COMP_get_type                                                  2500
  EVP_aes_192_cbc                                                2500
  EVP_idea_ecb                                                   2500
  EVP_seed_ecb                                                   2500
  EVP_sha3_384                                                   2500
  EVP_sha512                                                     2500
  EVP_aes_128_cbc                                                2541
  EVP_aes_192_gcm                                                2541
  EVP_aes_256_ccm                                                2541
  EVP_aes_256_ctr                                                2541
  EVP_aes_192_ecb                                                2542
  EVP_aes_256_gcm                                                2542
  EVP_rc2_40_cbc                                                 2542
  EVP_MD_free                                                    2583
  EVP_cast5_cbc                                                  2583
  release_engine                                                 2583
  EVP_aes_256_cbc                                                2584
  EVP_aes_256_ocb                                                2584
  EVP_aes_256_ofb                                                2584
  EVP_rc2_64_cbc                                                 2584
  EVP_shake256                                                   2584
  opt_next                                                       2584
  ENGINE_set_name                                                2625
  EVP_aes_128_ctr                                                2625
  EVP_aes_192_ccm                                                2625
  EVP_aes_256_xts                                                2625
  EVP_aria_192_cbc                                               2625
  EVP_aria_256_cbc                                               2625
  EVP_rc2_ecb                                                    2625
  EVP_sha512_256                                                 2625
  EVP_aes_128_ofb                                                2666
  EVP_aes_192_ofb                                                2666
  EVP_aria_192_ctr                                               2666
  EVP_aria_256_ctr                                               2666
  EVP_idea_cfb64                                                 2666
  strrchr                                                        2666
  EVP_aes_128_xts                                                2667
  EVP_aes_256_cfb1                                               2667
  EVP_aes_256_wrap                                               2667
  EVP_aria_192_gcm                                               2667
  EVP_blake2s256                                                 2667
  EVP_seed_cfb128                                                2667
  EVP_aes_192_ocb                                                2708
  lh_FUNCTION_free                                               2708
  EVP_des_cfb1                                                   2709
  EVP_des_ede_cbc                                                2709
  EVP_seed_ofb                                                   2709
  EVP_sha3_256                                                   2709
  ENGINE_set_id                                                  2750
  EVP_aes_128_ccm                                                2750
  EVP_aria_128_ctr                                               2750
  EVP_cast5_ecb                                                  2750
  EVP_des_ede3_ofb                                               2750
  EVP_rc4_hmac_md5                                               2750
  EVP_whirlpool                                                  2750
  ossl_trace_cleanup                                             2750
  EVP_sm4_cfb128                                                 2791
  EVP_aes_192_cfb8                                               2792
  EVP_aes_256_cfb8                                               2792
  EVP_aria_192_ecb                                               2792
  EVP_aria_256_ecb                                               2792
  EVP_cast5_cfb64                                                2792
  EVP_aes_192_ctr                                                2833
  EVP_aes_256_ecb                                                2833
  EVP_aria_128_ecb                                               2833
  EVP_aria_256_ccm                                               2833
  NCONF_default                                                  2833
  def_to_int                                                     2833
  vm_deallocate                                                  2833
  EVP_blake2b512                                                 2834
  EVP_des_ede_ofb                                                2834
  query_hash                                                     2834
  BIO_f_cipher                                                   2875
  EVP_aes_128_cfb8                                               2875
  EVP_aes_128_gcm                                                2875
  EVP_aes_192_cfb1                                               2875
  EVP_aria_128_cbc                                               2875
  EVP_aria_192_ccm                                               2875
  EVP_aria_192_cfb1                                              2875
  EVP_aria_256_cfb1                                              2875
  EVP_des_ede3_cbc                                               2875
  EVP_aria_128_cfb8                                              2916
  def_init_default                                               2916
  EVP_aria_256_cfb8                                              2917
  EVP_des_ede3_cfb1                                              2917
  signal                                                         2917
  EVP_aes_128_cfb128                                             2958
  EVP_aes_128_wrap                                               2958
  EVP_aria_128_ccm                                               2958
  EVP_des_ede3_cfb8                                              2958
  EVP_des_ede3_wrap                                              2958
  getrlimit                                                      2958
  EVP_aes_128_cfb1                                               2959
  EVP_aes_128_ocb                                                3000
  EVP_aria_192_cfb8                                              3000
  EVP_aria_192_ofb                                               3000
  EVP_aria_256_cfb128                                            3000
  OBJ_obj2txt                                                    3000
  __cxa_finalize                                                 3000
  property_cmp                                                   3000
  EVP_aria_256_gcm                                               3041
  EVP_aria_256_ofb                                               3041
  EVP_camellia_192_ctr                                           3042
  OSSL_LIB_CTX_get_data                                          3083
  EVP_aes_192_cfb128                                             3125
  EVP_aes_256_cfb128                                             3125
  EVP_aria_128_ofb                                               3125
  EVP_camellia_128_ofb                                           3125
  EVP_camellia_256_ofb                                           3125
  __smakebuf                                                     3125
  EVP_aes_192_wrap                                               3166
  EVP_aria_128_cfb128                                            3166
  function_cmp                                                   3166
  EVP_aes_128_ecb                                                3167
  COMP_zlib                                                      3208
  EVP_aria_192_cfb128                                            3208
  EVP_camellia_128_ctr                                           3208
  EVP_des_ede3_cfb64                                             3208
  EVP_des_ede_cfb64                                              3208
  UI_method_set_writer                                           3208
  EVP_camellia_192_cbc                                           3209
  pthread_self                                                   3209
  EVP_aes_192_wrap_pad                                           3250
  EVP_aes_256_wrap_pad                                           3250
  EVP_aria_128_gcm                                               3250
  EVP_camellia_192_ofb                                           3250
  EVP_camellia_256_cfb8                                          3250
  UI_method_set_closer                                           3250
  ossl_store_cleanup_int                                         3250
  EVP_des_cfb64                                                  3291
  EVP_aes_128_wrap_pad                                           3292
  EVP_add_alg_module                                             3333
  EVP_camellia_256_cbc                                           3333
  EVP_chacha20_poly1305                                          3334
  ossl_comp_zstd_cleanup                                         3334
  EVP_CIPHER_get_flags                                           3375
  EVP_aria_128_cfb1                                              3375
  EVP_camellia_192_cfb8                                          3375
  EVP_camellia_256_cfb1                                          3375
  bio_sock_cleanup_int                                           3375
  ENGINE_set_flags                                               3416
  EVP_camellia_128_cbc                                           3416
  EVP_camellia_128_cfb1                                          3416
  EVP_camellia_192_cfb1                                          3417
  EVP_camellia_256_ecb                                           3417
  opt_set_unknown_name                                           3417
  EVP_camellia_128_cfb8                                          3458
  init_thread_stop                                               3458
  EVP_camellia_256_ctr                                           3459
  OSSL_PARAM_modified                                            3459
  EVP_camellia_192_ecb                                           3500
  UI_method_set_opener                                           3541
  BIO_meth_set_ctrl                                              3542
  UI_method_set_reader                                           3583
  ossl_comp_brotli_cleanup                                       3583
  ossl_comp_zlib_cleanup                                         3583
  ossl_prov_ctx_new                                              3583
  store_loader_cmp                                               3584
  ASN1_add_oid_module                                            3625
  EVP_camellia_192_cfb128                                        3625
  ossl_lib_ctx_write_lock                                        3625
  OSSL_STORE_register_loader                                     3667
  ossl_prov_ctx_free                                             3667
  EVP_CipherUpdate                                               3708
  EVP_camellia_256_cfb128                                        3708
  ossl_prov_ctx_set0_handle                                      3708
  BIO_meth_set_puts                                              3750
  __getrlimit                                                    3750
  EVP_CipherFinal_ex                                             3791
  BIO_meth_set_gets                                              3792
  engine_load_rdrand_int                                         3792
  evp_app_cleanup_int                                            3792
  free_medium                                                    3792
  ERR_print_errors                                               3833
  EVP_CIPHER_fetch                                               3833
  NCONF_get0_libctx                                              3833
  app_RAND_write                                                 3834
  ASN1_add_stable_module                                         3875
  EVP_camellia_128_cfb128                                        3875
  dyld4::APIs::_tlv_exit()                                       3875
  ossl_method_unlock_store                                       3875
  ENGINE_set_cmd_defns                                           3958
  EVP_CIPHER_get_iv_length                                       3958
  ERR_get_error_all                                              3959
  EVP_camellia_128_ecb                                           3959
  core_get_libctx                                                3959
  CRYPTO_THREAD_get_current_id                                   4000
  BIO_meth_set_destroy                                           4042
  OSSL_LIB_CTX_free                                              4042
  aes_v8_set_encrypt_key                                         4042
  ossl_prov_ctx_set0_libctx                                      4042
  ossl_method_lock_store                                         4083
  BIO_meth_set_create                                            4084
  null_gettable_ctx_params                                       4125
  opt_check_rest_arg                                             4125
  ossl_child_prov_ctx_new                                        4125
  ossl_prov_ctx_get0_libctx                                      4125
  ossl_stored_namemap_free                                       4125
  OSSL_CMP_log_close                                             4166
  EVP_PKEY_asn1_get_count                                        4209
  ENGINE_add_conf_module                                         4250
  close                                                          4250
  ossl_lib_ctx_is_default                                        4250
  EVP_sha256                                                     4291
  pthread_cond_destroy                                           4292
  sm4_128_cbc_get_params                                         4292
  OSSL_ERR_STATE_new                                             4333
  ossl_bio_core_globals_new                                      4333
  ossl_cipher_generic_reset_ctx                                  4333
  sm4_128_ctr_get_params                                         4333
  OSSL_STORE_unregister_loader                                   4334
  CONF_imodule_get_value                                         4375
  ENGINE_set_ctrl_function                                       4375
  ENGINE_set_init_function                                       4375
  __sigaction                                                    4375
  aes_128_cfb1_get_params                                        4375
  aes_128_ofb_get_params                                         4416
  aes_192_cfb8_get_params                                        4416
  aes_256_ctr_get_params                                         4416
  aria_256_cfb_get_params                                        4416
  aes_192_cbc_get_params                                         4417
  aes_256_ofb_get_params                                         4417
  tdes_ede3_cbc_get_params                                       4417
  BIO_meth_set_write_ex                                          4458
  aes_256_cfb1_get_params                                        4458
  aria_192_cfb1_get_params                                       4458
  tdes_ede2_ecb_get_params                                       4458
  aes_256_siv_get_params                                         4459
  BIO_meth_set_read_ex                                           4500
  EVP_aes_256_cbc_hmac_sha1                                      4500
  aes_128_ecb_get_params                                         4500
  aes_192_ocb_get_params                                         4500
  aes_256_cbc_get_params                                         4500
  aria_128_ofb_get_params                                        4500
  aria_192_ofb_get_params                                        4500
  aria_256_cfb1_get_params                                       4500
  aria_256_ofb_get_params                                        4500
  ossl_config_add_ssl_module                                     4500
  tdes_ede2_cbc_get_params                                       4500
  tdes_ede3_cfb_get_params                                       4500
  aria_128_cfb1_get_params                                       4541
  aria_192_ecb_get_params                                        4541
  aes_128_ctr_get_params                                         4542
  aes_192_ctr_get_params                                         4542
  aria_192_cbc_get_params                                        4542
  aria_192_cfb8_get_params                                       4542
  aria_256_cfb8_get_params                                       4542
  ossl_ctx_global_properties_new                                 4542
  sm4_128_ofb128_get_params                                      4542
  OPENSSL_cpuid_setup                                            4583
  OSSL_STORE_LOADER_set_eof                                      4583
  aes_128_ocb_get_params                                         4583
  aes_128_siv_get_params                                         4583
  aes_128_xts_get_params                                         4583
  aes_192_cfb_get_params                                         4583
  aria_128_cfb_get_params                                        4583
  chacha20_get_params                                            4583
  ossl_bio_core_globals_free                                     4583
  ENGINE_set_finish_function                                     4584
  aes_128_cbc_get_params                                         4584
  aes_128_gcm_get_params                                         4584
  aria_128_cbc_get_params                                        4584
  aria_256_ecb_get_params                                        4584
  aes_128_cfb_get_params                                         4625
  aes_192_ofb_get_params                                         4625
  aes_192_siv_get_params                                         4625
  aria_128_cfb8_get_params                                       4625
  aria_192_ctr_get_params                                        4625
  chacha20_gettable_ctx_params                                   4625
  ossl_rand_cleanup_int                                          4625
  ossl_random_add_conf_module                                    4625
  tdes_ede2_cfb_get_params                                       4625
  EVP_aes_256_cbc_hmac_sha256                                    4666
  OSSL_trace_set_channel                                         4666
  OSSL_STORE_LOADER_set_close                                    4667
  aes_192_ecb_get_params                                         4667
  aes_256_gcm_get_params                                         4667
  ossl_provider_add_conf_module                                  4667
  ossl_store_register_init                                       4667
  sm4_128_xts_get_params                                         4667
  OSSL_STORE_LOADER_set_error                                    4708
  aes_256_cfb8_get_params                                        4708
  aes_256_xts_get_params                                         4708
  aes_v8_ctr32_encrypt_blocks                                    4708
  aria_128_ccm_get_params                                        4708
  tiny_try_realloc_in_place                                      4708
  aes_256_cfb_get_params                                         4709
  aes_cts_192_cbc_get_params                                     4709
  def_is_number                                                  4749
  BIO_free                                                       4750
  EVP_aes_128_cbc_hmac_sha256                                    4750
  aes_128_cfb8_get_params                                        4750
  aes_192_gcm_get_params                                         4750
  aes_192_wrap_get_params                                        4750
  aria_192_cfb_get_params                                        4750
  sm4_128_ccm_get_params                                         4750
  sm4_128_gcm_get_params                                         4750
  OSSL_STORE_LOADER_free                                         4792
  UI_method_set_prompt_constructor                               4792
  aes_192_ccm_get_params                                         4792
  aria_256_cbc_get_params                                        4792
  aria_256_ctr_get_params                                        4792
  sm4_128_cfb128_get_params                                      4792
  ENGINE_load_builtin_engines                                    4833
  EVP_aes_128_cbc_hmac_sha1                                      4833
  aes_256_ocb_get_params                                         4833
  engine_pkey_meths_free                                         4833
  aes_128_ccm_get_params                                         4834
  aria_256_gcm_get_params                                        4834
  OSSL_STORE_LOADER_set_open                                     4875
  aes_128_wrappad_get_params                                     4875
  aes_256_wrap_get_params                                        4875
  aes_cts_128_cbc_get_params                                     4875
  ossl_prov_ctx_set0_core_bio_method                             4875
  sm4_128_ecb_get_params                                         4875
  tdes_ede3_ofb_get_params                                       4875
  aes_192_wrapinv_get_params                                     4916
  aria_128_ctr_get_params                                        4916
  tdes_ede3_cfb8_get_params                                      4916
  tdes_wrap_get_params                                           4916
  OSSL_STORE_LOADER_set_load                                     4917
  aes_128_wrap_get_params                                        4917
  aes_256_ccm_get_params                                         4917
  aes_256_ecb_get_params                                         4917
  aria_128_ecb_get_params                                        4917
  aria_192_ccm_get_params                                        4917
  camellia_256_cbc_get_params                                    4917
  aes_192_wrappad_get_params                                     4958
  aes_cts_256_cbc_get_params                                     4958
  aria_256_ccm_get_params                                        4958
  camellia_128_ecb_get_params                                    4958
  aria_128_gcm_get_params                                        4959
  camellia_256_cfb_get_params                                    4959
  camellia_128_cbc_get_params                                    5000
  camellia_128_cfb_get_params                                    5000
  camellia_192_cfb8_get_params                                   5000
  camellia_256_cfb1_get_params                                   5000
  engine_remove_dynamic_id                                       5000
  lsl::Lock::unlock()                                            5000
  tdes_ede3_cfb1_get_params                                      5000
  EVP_CIPHER_get_key_length                                      5041
  ossl_prov_cipher_hw_aes_ctr                                    5041
  ossl_self_test_set_callback_free                               5041
  ENGINE_get_cipher_engine                                       5042
  OSSL_STORE_LOADER_set_expect                                   5042
  aes_256_wrappad_get_params                                     5042
  camellia_128_cfb8_get_params                                   5042
  camellia_192_ctr_get_params                                    5042
  camellia_256_ctr_get_params                                    5042
  aes_192_cfb1_get_params                                        5083
  camellia_128_cfb1_get_params                                   5083
  camellia_192_cbc_get_params                                    5083
  camellia_256_ofb_get_params                                    5083
  aes_256_wrapinv_get_params                                     5084
  tdes_ede2_ofb_get_params                                       5084
  __fcntl                                                        5125
  camellia_192_cfb_get_params                                    5125
  ossl_indicator_set_callback_free                               5166
  tdes_ede3_ecb_get_params                                       5166
  Diagnostics::clearError()                                      5167
  camellia_128_ctr_get_params                                    5167
  camellia_192_cfb1_get_params                                   5167
  ossl_free_compression_methods_int                              5167
  ossl_indicator_set_callback_new                                5167
  ossl_property_has_optional                                     5167
  aes_128_wrappadinv_get_params                                  5208
  aria_192_gcm_get_params                                        5208
  camellia_128_ofb_get_params                                    5208
  medium_region_for_ptr_no_lock                                  5208
  ossl_property_match_count                                      5208
  camellia_192_ofb_get_params                                    5209
  OPENSSL_sk_sort                                                5250
  camellia_192_ecb_get_params                                    5250
  ossl_aes_256_gcm_siv_get_params                                5250
  aes_256_wrappadinv_get_params                                  5291
  aes_192_wrappadinv_get_params                                  5292
  camellia_256_cfb8_get_params                                   5292
  engine_pkey_asn1_meths_free                                    5292
  ossl_self_test_set_callback_new                                5292
  aes_128_wrapinv_get_params                                     5333
  ossl_prov_ctx_get0_core_bio_method                             5333
  camellia_cts_192_cbc_get_params                                5334
  OSSL_PARAM_get_int                                             5375
  chacha20_poly1305_get_params                                   5375
  EVP_CIPHER_CTX_get_block_size                                  5416
  chacha20_poly1305_gettable_ctx_params                          5416
  ossl_init_thread_deregister                                    5416
  getegid                                                        5458
  ossl_provider_unquery_operation                                5500
  camellia_256_ecb_get_params                                    5542
  geteuid                                                        5542
  memset                                                         5625
  getuid                                                         5749
  camellia_cts_128_cbc_get_params                                5750
  camellia_cts_256_cbc_get_params                                5791
  OSSL_LIB_CTX_set_conf_diagnostics                              5792
  medium_malloc_from_free_list                                   5792
  getgid                                                         5833
  app_get0_libctx                                                5834
  free_small                                                     5958
  opt_arg                                                        5958
  ossl_aes_128_gcm_siv_get_params                                5958
  ossl_prov_bio_from_dispatch                                    5959
  BIO_set_data                                                   5999
  ossl_aes_192_gcm_siv_get_params                                6042
  ossl_prov_seeding_from_dispatch                                6042
  EVP_CIPHER_get_mode                                            6459
  EVP_RAND_CTX_free                                              6584
  dyld3::kdebug_trace_dyld_enabled(unsigned int)                 6708
  dyld4::RuntimeState::notifyObjCPatching()                      6709
  BIO_next                                                       6750
  dyld4::Loader::hiddenFromFlat(bool) const                      6750
  OSSL_PARAM_get_int32                                           6875
  _platform_strnlen                                              7291
  dyld4::BumpAllocator::~BumpAllocator()                         7292
  store_loader_hash                                              7292
  dyld4::handleFromLoader(dyld4::Loader const*, bool)             7375
  _kernelrpc_mach_port_deallocate_trap                           7417
  bio_open_default                                               7625
  EVP_CipherInit_ex                                              7666
  ENGINE_register_EC                                             7708
  ENGINE_register_DH                                             7709
  OPENSSL_sk_pop                                                 7709
  openssl_fopen                                                  7749
  err_unshelve_state                                             7751
  tiny_free_no_lock                                              7833
  dyld4::JustInTimeLoader::hiddenFromFlat(bool) const             7875
  ENGINE_register_RSA                                            7917
  __sclose                                                       7958
  _kernelrpc_mach_port_construct_trap                            8000
  file_ctrl                                                      8000
  BIO_copy_next_retry                                            8124
  ENGINE_register_DSA                                            8125
  ENGINE_register_RAND                                           8250
  X509_get_default_cert_area                                     8291
  lsl::Lock::lock()                                              8292
  flsl                                                           8293
  ossl_lib_ctx_get_concrete                                      8334
  __sflags                                                       8500
  dyld4::Loader::beginInitializers(dyld4::RuntimeState&)             8583
  strlen                                                         8707
  BIO_set_init                                                   8750
  lsl::EphemeralAllocator::reset()                               8792
  ENGINE_register_digests                                        8834
  dyld4::RuntimeState::incDlRefCount(dyld4::Loader const*)             8917
  lsl::Vector<dyld4::Loader const*>::reserveExact(unsigned long)             9042
  ossl_property_free                                             9125
  ENGINE_register_ciphers                                        9166
  ossl_sa_new                                                    9167
  ossl_cipher_generic_einit                                      9584
  BIO_set_flags                                                  9626
  dyld4::JustInTimeLoader::beginInitializers(dyld4::RuntimeState&)             9667
  ENGINE_register_pkey_meths                                     9750
  DSO_METHOD_openssl                                             9958
  ossl_cipher_generic_set_ctx_params                             9958
  OSSL_LIB_CTX_get_conf_diagnostics                             10041
  tiny_malloc_from_free_list                                    10041
  deflt_query                                                   10166
  CRYPTO_atomic_or                                              10542
  ossl_lib_ctx_get_ex_data_global                               10667
  ENGINE_register_pkey_asn1_meths                               10749
  lsl::Vector<lsl::MemoryManager::Buffer>::reserve(unsigned long)            10916
  ossl_lib_ctx_get_rcukey                                       11041
  engine_free_util                                              11042
  NCONF_get_section                                             11208
  ossl_sa_doall_arg                                             11334
  OPENSSL_cleanse                                               11625
  aes_siv_gettable_ctx_params                                   12041
  dyld4::RuntimeState::doSingletonPatching(dyld4::DyldCacheDataConstLazyScopedWriter&)            12041
  fstat                                                         12500
  EVP_add_cipher                                                12583
  ossl_cipher_capable_aes_cbc_hmac_sha256                       12583
  ossl_property_value                                           12583
  ossl_cipher_capable_aes_cbc_hmac_sha1                         12959
  cipher_ocb_gettable_ctx_params                                13292
  BIO_clear_flags                                               13541
  aes_cbc_cts_gettable_ctx_params                               13585
  dyld4::Loader::loadDependents(Diagnostics&, dyld4::RuntimeState&, dyld4::Loader::LoadOptions const&)            13792
  dyld4::DyldCacheDataConstLazyScopedWriter::DyldCacheDataConstLazyScopedWriter(dyld4::RuntimeState&)            14000
  DSO_free                                                      14334
  lsl::EphemeralAllocator::~EphemeralAllocator()                14625
  sa_doall                                                      14750
  BIO_get_data                                                  14834
  CRYPTO_atomic_add                                             14834
  _NSGetEnviron                                                 15041
  __sflush                                                      15376
  dyld4::Loader::path() const                                   15376
  ossl_aes_gcm_siv_gettable_ctx_params                          15416
  dyld4::JustInTimeLoader::loadDependents(Diagnostics&, dyld4::RuntimeState&, dyld4::Loader::LoadOptions const&)            15417
  file_new                                                      15709
  camellia_cbc_cts_gettable_ctx_params                          15834
  dyld3::MachOFile::is64() const                                15918
  os_unfair_recursive_lock_unlock                               16167
  file_free                                                     16335
  ossl_prov_is_running                                          16833
  pthread_mutex_destroy                                         17292
  _kernelrpc_mach_port_destruct_trap                            17417
  CRYPTO_THREAD_lock_free                                       17457
  OPENSSL_LH_get_down_load                                      17791
  invocation function for block in dyld4::Loader::forEachPath(Diagnostics&, dyld4::RuntimeState&, char const*, dyld4::Loader::Loa            17792
  BIO_new                                                       17916
  FMT_istext                                                    18292
  dyld4::JustInTimeLoader::path() const                         18751
  kdebug_is_enabled                                             18917
  pthread_cond_init                                             19001
  small_try_realloc_in_place                                    19292
  rack_region_insert                                            19834
  dyld4::LibSystemHelpers::pthread_getspecific(unsigned long) const            20334
  _kernelrpc_mach_vm_deallocate_trap                            20416
  property_free                                                 20499
  __chkstk_darwin_probe                                         20626
  os_unfair_recursive_lock_lock_with_options                    20626
  dyld4::Loader::matchesPath(char const*) const                 20917
  lsl::EphemeralAllocator::deallocate_buffer(lsl::MemoryManager::Buffer)            21459
  os_unfair_lock_assert_not_owner                               21583
  small_size                                                    21792
  ___chkstk_darwin                                              21917
  dyld4::ProcessConfig::DyldCache::indexOfPath(char const*, unsigned int&) const            22541
  small_free_list_find_by_ptr                                   24291
  pthread_mutex_init                                            24916
  __bzero                                                       26041
  ossl_property_name                                            26249
  __findenv_locked                                              26291
  dyld3::ScopedTimer::endTimer()                                26709
  OPENSSL_strnlen                                               26958
  lsl::MemoryManager::lockGuard()                               27249
  __open                                                        28250
  small_free_list_remove_ptr                                    28374
  OPENSSL_sk_delete                                             28376
  dyld4::Loader::loadAddress(dyld4::RuntimeState&) const            28916
  dyld4::JustInTimeLoader::loadAddress(dyld4::RuntimeState&) const            30042
  tiny_free_list_remove_ptr                                     32001
  _pthread_mutex_check_init_slow                                33084
  lsl::AllocationMetadata::AllocationMetadata(lsl::Allocator*, unsigned long)            33375
  CRYPTO_new_ex_data                                            34000
  mach_msg2_trap                                                34167
  OPENSSL_LH_set_down_load                                      34915
  small_free_list_remove_ptr_no_clear                           34957
  get_tiny_previous_free_msize                                  35333
  szone_good_size                                               37709
  dyld4::LibSystemHelpers::os_unfair_recursive_lock_unlock(os_unfair_recursive_lock_s*) const            38376
  __read_nocancel                                               38707
  OPENSSL_sk_free                                               39334
  dyld4::LibSystemHelpers::os_unfair_lock_unlock(os_unfair_lock_s*) const            41083
  Diagnostics::hasError() const                                 41332
  ossl_rcu_write_lock                                           41544
  EVP_PKEY_asn1_get0                                            42543
  small_free_list_add_ptr                                       43999
  Diagnostics::noError() const                                  44457
  _kernelrpc_mach_vm_map_trap                                   44667
  ossl_rcu_write_unlock                                         45041
  ossl_tdes_gettable_ctx_params                                 45875
  pthread_setspecific                                           46250
  madvise                                                       48584
  small_malloc_from_free_list                                   48919
  dyld3::MachOFile::read_uleb128(Diagnostics&, unsigned char const*&, unsigned char const*)            49292
  dyld4::LibSystemHelpers::os_unfair_recursive_lock_lock_with_options(os_unfair_recursive_lock_s*, os_unfair_lock_options_t) cons            51917
  _tiny_check_and_zero_inline_meta_from_freelist                52834
  EVP_PKEY_asn1_get0_info                                       53123
  dyld4::RuntimeState::PermanentRanges::contains(unsigned long, unsigned long, unsigned char*, dyld4::Loader const**) const            54166
  pthread_cond_broadcast                                        55001
  szone_malloc                                                  55542
  tiny_size                                                     58500
  dyld4::LibSystemHelpers::os_unfair_lock_lock_with_options(os_unfair_lock_s*, os_unfair_lock_options_t) const            58916
  realloc                                                       61747
  lsl::EphemeralAllocator::allocate_buffer(unsigned long, unsigned long, unsigned long)            62334
  set_tiny_meta_header_in_use                                   62918
  _qsort                                                        64833
  tiny_free_list_add_ptr                                        65960
  __write_nocancel                                              67124
  _szone_free                                                   67876
  OPENSSL_sk_pop_free                                           70333
  ossl_cipher_aead_gettable_ctx_params                          70544
  strcmp                                                        71042
  __close_nocancel                                              73500
  szone_try_free_default                                        76711
  os_unfair_lock_assert_owner                                   78749
  invocation function for block in dyld3::MachOFile::getDylibInstallName(char const**, unsigned int*, unsigned int*) const            81083
  rack_get_thread_index                                         81708
  dyld3::kdebug_trace_dyld_duration_end(unsigned long long, unsigned int, dyld3::kt_arg, dyld3::kt_arg, dyld3::kt_arg)            82041
  property_hash                                                 85375
  dyld3::OverflowSafeArray<unsigned int, 4294967295ul>::verifySpace(unsigned long)            89999
  EVP_CIPHER_get_type                                           91252
  dyld4::Loader::contains(dyld4::RuntimeState&, void const*, void const**, unsigned long long*, unsigned char*) const            95292
  pthread_cond_signal                                          102294
  __open_nocancel                                              107167
  nanov2_size                                                  112877
  Diagnostics::assertNoError() const                           113502
  pthread_rwlock_init                                          114584
  pthread_rwlock_destroy                                       120544
  os_unfair_lock_unlock                                        126998
  Diagnostics::~Diagnostics()                                  139540
  Diagnostics::Diagnostics(bool)                               150417
  get_legacy_evp_names                                         160206
  ossl_ctype_check                                             169167
  os_unfair_lock_lock_with_options                             170039
  nanov2_pointer_size                                          193043
  invocation function for block in dyld3::MachOFile::getEntry(unsigned long long&, bool&) const           193876
  EVP_MD_get_type                                              195879
  free                                                         204372
  _Block_object_dispose                                        214375
  OPENSSL_hexchar2int                                          233876
  ossl_sa_set                                                  245916
  nanov2_allocate_from_block                                   247961
  strncmp                                                      266539
  trim_ws                                                      272375
  invocation function for block in dyld4::JustInTimeLoader::contains(dyld4::RuntimeState&, void const*, void const**, unsigned lo           295747
  BUF_MEM_new                                                  301385
  names_free                                                   311539
  OPENSSL_LH_doall                                             328257
  OPENSSL_LH_flush                                             328581
  OBJ_get0_data                                                330748
  ossl_provider_ctx                                            339920
  OSSL_PARAM_set_uint                                          341286
  EVP_CIPHER_get_nid                                           364628
  conf_value_cmp                                               371216
  ossl_lib_ctx_unlock                                          376678
  OSSL_PARAM_locate_const                                      397418
  invocation function for block in dyld3::MachOLoaded::findClosestSymbol(unsigned long long, char const**, unsigned long long*) c           401377
  ossl_lib_ctx_read_lock                                       422000
  OPENSSL_LH_set_thunks                                        427125
  property_defn_cmp                                            439037
  ossl_cipher_generic_gettable_ctx_params                      445710
  evp_cipher_up_ref                                            457120
  ossl_provider_free                                           462250
  property_defn_hash                                           462668
  value_free_hash                                              469754
  CRYPTO_realloc                                               483670
  BN_free                                                      486918
  function_hash                                                488295
  ossl_provider_up_ref                                         493325
  OSSL_PARAM_set_uint32                                        501460
  eat_alpha_numeric                                            505745
  ASN1_OBJECT_free                                             509504
  ossl_sa_get                                                  515442
  sa_free_node                                                 540630
  OSSL_PARAM_construct_end                                     548459
  EVP_CIPHER_get0_provider                                     560921
  OSSL_PARAM_construct_uint                                    568540
  evp_cipher_free                                              575712
  do_all_fn                                                    586327
  EVP_CIPHER_free                                              628457
  ossl_provider_libctx                                         803117
  invocation function for block in dyld3::MachOLoaded::getLinkEditLoadCommands(Diagnostics&, dyld3::MachOLoaded::LinkEditInfo&) c           837040
  internal_free_nop                                            844052
  _platform_strncmp                                            860039
  name_string_free                                             883579
  OPENSSL_LH_error                                             915743
  invocation function for block in dyld3::MachOFile::forEachSegment(void (dyld3::MachOFile::SegmentInfo const&, bool&) block_poin          1111500
  BUF_MEM_grow                                                1113959
  OSSL_PARAM_set_size_t                                       1116627
  pthread_getspecific                                         1150542
  sk_reserve                                                  1161495
  _os_once                                                    1208882
  CRYPTO_THREAD_get_local                                     1278292
  _platform_memchr                                            1330701
  ossl_rcu_assign_uptr                                        1427621
  OSSL_PARAM_set_uint64                                       1507829
  names_lh_free_doall                                         1513459
  ossl_lib_ctx_get_data                                       1604837
  OSSL_PARAM_set_int                                          1611126
  pthread_mutex_lock                                          1709750
  _platform_strchr                                            1733053
  OSSL_PARAM_construct_size_t                                 1812035
  pthread_mutex_unlock                                        1814226
  _nanov2_free                                                1871977
  OPENSSL_sk_push                                             1965387
  _pthread_mutex_lock_init_slow                               1969787
  OPENSSL_sk_num                                              1999803
  _pthread_mutex_unlock_init_slow                             2079829
  _pthread_mutex_firstfit_lock_slow                           2194414
  _pthread_mutex_firstfit_unlock_slow                         2282910
  OPENSSL_sk_value                                            2321510
  OSSL_PARAM_set_int32                                        2446079
  obj_name_cmp                                                2493171
  OPENSSL_LH_strhash                                          2701341
  OSSL_PARAM_construct_int                                    2737622
  _platform_memcmp                                            2738331
  pthread_once                                                3016220
  OBJ_nid2obj                                                 3150722
  CRYPTO_atomic_load                                          3292575
  pthread_rwlock_rdlock                                       3331959
  SortFnByName                                                3453508
  ossl_lh_strcasehash                                         3654189
  __error                                                     3703005
  cipher_compare                                              3956255
  ossl_isdigit                                                4043972
  fnv1a_hash                                                  4466878
  _platform_memmove                                           6492232
  pthread_rwlock_wrlock                                       6681781
  pthread_rwlock_unlock                                       9909797
  err_string_data_cmp                                        10782396
  CRYPTO_free                                                12219689
  malloc                                                     13319590
  doapr_outch                                                15295685
  err_string_data_hash                                       16449862
  nanov2_malloc                                              18413884
  _platform_strlen                                           23296149
  _platform_memset                                           25387100
  nanov2_try_free_default                                    25823657
  _platform_strcmp                                           27945651
  ossl_tolower                                               59793109
