
  pd_free                                                        1791
  EVP_md5                                                        1792
  sigaction                                                      1834
  UI_OpenSSL                                                     2000
  EVP_bf_ofb                                                     2041
  EVP_des_ofb                                                    2041
  EVP_sha224                                                     2042
  EVP_sha384                                                     2042
  EVP_sha1                                                       2083
  EVP_sha512                                                     2083
  EVP_sm4_cbc                                                    2125
  EVP_rc2_ofb                                                    2166
  EVP_sha3_224                                                   2166
  EVP_bf_cbc                                                     2167
  EVP_rc4_40                                                     2167
  EVP_seed_cbc                                                   2167
  _cleanup                                                       2167
  EVP_des_cfb8                                                   2208
  EVP_des_ede                                                    2208
  EVP_idea_cbc                                                   2208
  EVP_rc4                                                        2208
  EVP_cast5_ofb                                                  2250
  EVP_idea_ofb                                                   2250
  EVP_mdc2                                                       2250
  EVP_sm4_ctr                                                    2292
  UI_null                                                        2292
  opt_unknown                                                    2292
  EVP_des_ecb                                                    2333
  EVP_md4                                                        2333
  EVP_shake128                                                   2333
  EVP_des_ede3                                                   2334
  EVP_sha3_512                                                   2334
  EVP_sm4_ofb                                                    2334
  EVP_des_cbc                                                    2375
  EVP_rc2_cbc                                                    2375
  EVP_seed_ofb                                                   2375
  EVP_sm4_ecb                                                    2375
  strchr                                                         2375
  EVP_aes_192_cbc                                                2416
  EVP_blake2s256                                                 2416
  EVP_sha512_256                                                 2416
  EVP_bf_cfb64                                                   2458
  EVP_rc2_64_cbc                                                 2458
  EVP_ripemd160                                                  2458
  EVP_sha512_224                                                 2458
  EVP_md5_sha1                                                   2459
  EVP_sha3_256                                                   2459
  EVP_shake256                                                   2459
  EVP_sm3                                                        2459
  EVP_aes_192_gcm                                                2500
  EVP_cast5_cbc                                                  2500
  opt_next                                                       2500
  EVP_aes_192_ccm                                                2541
  EVP_aes_256_xts                                                2541
  EVP_aes_128_cbc                                                2542
  EVP_sha3_384                                                   2542
  app_get0_propq                                                 2542
  EVP_aes_256_ofb                                                2583
  EVP_aria_256_ecb                                               2584
  EVP_aes_128_ccm                                                2625
  EVP_aes_256_ctr                                                2625
  EVP_aes_256_ocb                                                2625
  EVP_bf_ecb                                                     2625
  EVP_rc2_cfb64                                                  2625
  release_engine                                                 2625
  EVP_aria_256_cbc                                               2666
  EVP_whirlpool                                                  2666
  ENGINE_set_name                                                2667
  EVP_aria_128_cbc                                               2667
  EVP_aria_192_ctr                                               2667
  EVP_des_cfb1                                                   2667
  EVP_des_ede_ofb                                                2667
  EVP_idea_cfb64                                                 2667
  EVP_MD_free                                                    2708
  EVP_aes_128_wrap                                               2708
  EVP_aes_192_cfb1                                               2708
  EVP_aes_192_ecb                                                2708
  EVP_aes_192_ofb                                                2708
  EVP_aes_256_cbc                                                2708
  EVP_aria_192_ccm                                               2708
  EVP_idea_ecb                                                   2708
  EVP_seed_ecb                                                   2708
  COMP_get_type                                                  2709
  EVP_aes_256_cfb8                                               2709
  lh_FUNCTION_free                                               2709
  EVP_aes_192_cfb8                                               2750
  EVP_aes_192_ctr                                                2750
  EVP_aes_192_ocb                                                2750
  EVP_aes_256_gcm                                                2750
  EVP_aria_128_ecb                                               2750
  EVP_aria_192_cfb1                                              2750
  EVP_aria_256_ctr                                               2750
  EVP_aria_256_gcm                                               2750
  EVP_aria_256_ofb                                               2750
  EVP_des_ede3_ofb                                               2750
  def_to_int                                                     2750
  vm_deallocate                                                  2750
  EVP_aria_128_ofb                                               2791
  EVP_cast5_ecb                                                  2791
  EVP_des_ede_cbc                                                2791
  EVP_aes_192_wrap                                               2792
  EVP_aes_256_ccm                                                2792
  EVP_aes_256_cfb1                                               2792
  EVP_aria_192_cbc                                               2792
  EVP_desx_cbc                                                   2792
  EVP_rc4_hmac_md5                                               2792
  EVP_seed_cfb128                                                2792
  EVP_aes_128_ofb                                                2833
  EVP_aria_192_ofb                                               2833
  EVP_rc2_ecb                                                    2833
  strrchr                                                        2833
  EVP_aes_128_ctr                                                2834
  EVP_aes_128_cfb1                                               2875
  EVP_aes_128_xts                                                2875
  EVP_aria_128_ctr                                               2875
  EVP_aria_192_ecb                                               2875
  EVP_blake2b512                                                 2875
  EVP_chacha20                                                   2875
  EVP_des_ede3_wrap                                              2875
  OBJ_obj2txt                                                    2875
  EVP_aria_192_cfb8                                              2916
  ENGINE_set_id                                                  2917
  EVP_aes_256_ecb                                                2917
  EVP_aria_128_ccm                                               2917
  EVP_aria_256_ccm                                               2917
  EVP_aria_256_cfb8                                              2917
  EVP_des_ede3_cfb8                                              2917
  EVP_des_ede3_cfb1                                              2958
  NCONF_default                                                  2958
  function_cmp                                                   2958
  EVP_aes_128_cfb8                                               3000
  EVP_aria_128_cfb1                                              3000
  EVP_aria_192_gcm                                               3000
  EVP_cast5_cfb64                                                3000
  EVP_sm4_cfb128                                                 3000
  EVP_aria_256_cfb128                                            3041
  property_cmp                                                   3041
  query_hash                                                     3042
  BIO_f_cipher                                                   3083
  EVP_aes_256_cfb128                                             3083
  EVP_aria_128_cfb128                                            3083
  EVP_camellia_256_cbc                                           3083
  def_init_default                                               3083
  ossl_trace_cleanup                                             3083
  EVP_aria_256_cfb1                                              3084
  EVP_aria_128_cfb8                                              3125
  EVP_camellia_192_ofb                                           3125
  EVP_aes_192_wrap_pad                                           3166
  EVP_aria_192_cfb128                                            3166
  EVP_camellia_128_ctr                                           3166
  EVP_des_ede3_cbc                                               3166
  opt_set_unknown_name                                           3166
  EVP_aes_128_cfb128                                             3167
  EVP_aes_128_ecb                                                3167
  EVP_des_cfb64                                                  3208
  EVP_des_ede_cfb64                                              3208
  EVP_rc2_40_cbc                                                 3208
  getrlimit                                                      3208
  EVP_aes_192_cfb128                                             3209
  EVP_CIPHER_get_flags                                           3250
  EVP_aes_128_gcm                                                3250
  EVP_aes_128_ocb                                                3250
  EVP_aes_256_wrap                                               3250
  EVP_camellia_192_cfb1                                          3250
  EVP_des_ede3_cfb64                                             3250
  UI_method_set_closer                                           3250
  ossl_store_cleanup_int                                         3250
  EVP_camellia_192_ctr                                           3291
  EVP_camellia_256_cfb1                                          3291
  EVP_camellia_256_ctr                                           3291
  UI_method_set_writer                                           3291
  EVP_aria_128_gcm                                               3292
  EVP_camellia_256_ofb                                           3292
  EVP_camellia_192_cfb8                                          3333
  EVP_camellia_128_cfb8                                          3334
  EVP_camellia_256_cfb8                                          3334
  EVP_camellia_256_ecb                                           3375
  OSSL_LIB_CTX_get_data                                          3375
  ENGINE_set_flags                                               3416
  EVP_add_alg_module                                             3417
  EVP_camellia_128_ofb                                           3417
  EVP_aes_256_wrap_pad                                           3458
  EVP_camellia_128_cbc                                           3458
  signal                                                         3458
  store_loader_cmp                                               3459
  EVP_aes_128_wrap_pad                                           3500
  EVP_camellia_192_cbc                                           3500
  __cxa_finalize                                                 3500
  EVP_camellia_128_cfb1                                          3542
  UI_method_set_reader                                           3542
  ossl_prov_ctx_free                                             3542
  EVP_chacha20_poly1305                                          3583
  init_thread_stop                                               3583
  ossl_comp_zstd_cleanup                                         3583
  EVP_camellia_192_ecb                                           3584
  ASN1_add_oid_module                                            3625
  OSSL_STORE_register_loader                                     3625
  ossl_prov_ctx_new                                              3625
  COMP_zlib                                                      3666
  bio_sock_cleanup_int                                           3666
  EVP_camellia_256_cfb128                                        3667
  EVP_camellia_128_ecb                                           3708
  OSSL_PARAM_modified                                            3708
  UI_method_set_opener                                           3708
  pthread_self                                                   3708
  app_RAND_write                                                 3709
  BIO_meth_set_ctrl                                              3750
  EVP_CIPHER_fetch                                               3750
  engine_load_rdrand_int                                         3750
  ossl_comp_brotli_cleanup                                       3750
  ossl_comp_zlib_cleanup                                         3750
  ASN1_add_stable_module                                         3791
  ERR_print_errors                                               3792
  ERR_get_error_all                                              3833
  EVP_camellia_128_cfb128                                        3833
  NCONF_get0_libctx                                              3833
  ossl_prov_ctx_set0_handle                                      3833
  opt_check_rest_arg                                             3834
  EVP_CipherFinal_ex                                             3875
  EVP_CipherUpdate                                               3875
  evp_app_cleanup_int                                            3875
  ENGINE_set_cmd_defns                                           3916
  __smakebuf                                                     3958
  BIO_meth_set_gets                                              3959
  ossl_lib_ctx_write_lock                                        3959
  ossl_prov_ctx_set0_libctx                                      3959
  BIO_meth_set_destroy                                           4000
  EVP_camellia_192_cfb128                                        4000
  BIO_meth_set_puts                                              4042
  EVP_CIPHER_get_iv_length                                       4042
  BIO_meth_set_create                                            4083
  ENGINE_add_conf_module                                         4083
  core_get_libctx                                                4083
  dyld4::APIs::_tlv_exit()                                       4084
  ossl_method_unlock_store                                       4084
  OSSL_LIB_CTX_free                                              4125
  ossl_child_prov_ctx_new                                        4125
  CRYPTO_THREAD_get_current_id                                   4208
  aes_192_cfb_get_params                                         4208
  aes_192_ctr_get_params                                         4208
  ossl_prov_ctx_get0_libctx                                      4208
  free_medium                                                    4209
  aes_256_cbc_get_params                                         4250
  lsl::Lock::unlock()                                            4291
  ossl_method_lock_store                                         4292
  OSSL_STORE_unregister_loader                                   4333
  aes_128_xts_get_params                                         4333
  aes_256_cfb_get_params                                         4333
  chacha20_gettable_ctx_params                                   4333
  aes_192_cfb1_get_params                                        4334
  ENGINE_set_ctrl_function                                       4375
  aes_128_ofb_get_params                                         4375
  ossl_lib_ctx_is_default                                        4375
  ossl_stored_namemap_free                                       4375
  sm4_128_cbc_get_params                                         4375
  aes_192_gcm_get_params                                         4416
  CONF_imodule_get_value                                         4417
  EVP_PKEY_asn1_get_count                                        4417
  OSSL_ERR_STATE_new                                             4417
  aria_192_ctr_get_params                                        4417
  aes_128_cbc_get_params                                         4458
  aes_128_cfb1_get_params                                        4458
  aes_128_ocb_get_params                                         4458
  aes_192_cbc_get_params                                         4458
  aes_128_ctr_get_params                                         4459
  aes_256_siv_get_params                                         4459
  ossl_config_add_ssl_module                                     4459
  tdes_ede3_cbc_get_params                                       4459
  aes_192_cfb8_get_params                                        4500
  aes_192_ecb_get_params                                         4500
  aes_256_ccm_get_params                                         4500
  aes_256_ctr_get_params                                         4500
  null_gettable_ctx_params                                       4500
  tiny_free_no_lock                                              4500
  aes_128_ecb_get_params                                         4541
  tiny_try_realloc_in_place                                      4541
  ENGINE_set_init_function                                       4542
  OSSL_STORE_LOADER_set_eof                                      4542
  aes_128_cfb_get_params                                         4542
  aes_128_siv_get_params                                         4542
  aria_192_gcm_get_params                                        4542
  chacha20_get_params                                            4542
  close                                                          4542
  ossl_random_add_conf_module                                    4542
  sm4_128_cfb128_get_params                                      4542
  BIO_meth_set_write_ex                                          4583
  ENGINE_set_finish_function                                     4583
  aes_192_ccm_get_params                                         4583
  aes_256_xts_get_params                                         4583
  aria_128_ofb_get_params                                        4583
  aria_256_ctr_get_params                                        4583
  def_is_number                                                  4583
  tdes_ede2_ecb_get_params                                       4583
  aes_v8_set_encrypt_key                                         4584
  aria_128_cfb1_get_params                                       4584
  EVP_sha256                                                     4624
  BIO_meth_set_read_ex                                           4625
  aes_128_cfb8_get_params                                        4625
  aes_128_gcm_get_params                                         4625
  aes_128_wrappad_get_params                                     4625
  aes_192_siv_get_params                                         4625
  aes_192_wrap_get_params                                        4625
  aes_256_cfb8_get_params                                        4625
  aes_256_ofb_get_params                                         4625
  aria_128_cfb_get_params                                        4625
  aria_192_cbc_get_params                                        4625
  sm4_128_ofb128_get_params                                      4625
  tdes_ede2_cbc_get_params                                       4625
  tdes_ede2_ofb_get_params                                       4625
  tdes_wrap_get_params                                           4625
  ossl_cipher_generic_reset_ctx                                  4666
  tdes_ede3_ofb_get_params                                       4666
  EVP_aes_256_cbc_hmac_sha1                                      4667
  aes_128_ccm_get_params                                         4667
  aria_128_ecb_get_params                                        4667
  aria_192_cfb1_get_params                                       4667
  aria_192_ofb_get_params                                        4667
  ossl_provider_add_conf_module                                  4667
  aes_192_ofb_get_params                                         4708
  aes_v8_ctr32_encrypt_blocks                                    4708
  aria_128_ctr_get_params                                        4708
  aria_192_cfb_get_params                                        4708
  aria_256_cbc_get_params                                        4708
  aes_192_wrappad_get_params                                     4709
  ossl_ctx_global_properties_new                                 4709
  tdes_ede3_cfb_get_params                                       4709
  EVP_aes_256_cbc_hmac_sha256                                    4750
  OPENSSL_cpuid_setup                                            4750
  OSSL_CMP_log_close                                             4750
  UI_method_set_prompt_constructor                               4750
  aes_128_wrap_get_params                                        4750
  aes_256_gcm_get_params                                         4750
  aria_128_gcm_get_params                                        4750
  aria_192_cfb8_get_params                                       4750
  aria_256_ofb_get_params                                        4750
  ossl_bio_core_globals_new                                      4750
  sm4_128_ccm_get_params                                         4750
  OSSL_STORE_LOADER_free                                         4791
  aria_128_cbc_get_params                                        4791
  BIO_free                                                       4792
  OSSL_STORE_LOADER_set_close                                    4792
  OSSL_STORE_LOADER_set_error                                    4792
  aes_192_ocb_get_params                                         4792
  ENGINE_load_builtin_engines                                    4833
  OSSL_STORE_LOADER_set_load                                     4833
  aes_256_cfb1_get_params                                        4833
  aes_cts_128_cbc_get_params                                     4833
  aes_cts_192_cbc_get_params                                     4833
  aes_cts_256_cbc_get_params                                     4833
  aria_256_gcm_get_params                                        4833
  tdes_ede3_cfb1_get_params                                      4833
  tdes_ede3_cfb8_get_params                                      4833
  aes_256_wrap_get_params                                        4834
  aria_128_ccm_get_params                                        4834
  engine_pkey_meths_free                                         4834
  sm4_128_ecb_get_params                                         4834
  aria_128_cfb8_get_params                                       4875
  aria_192_ccm_get_params                                        4875
  aria_256_cfb1_get_params                                       4875
  camellia_256_ofb_get_params                                    4875
  ossl_prov_ctx_set0_core_bio_method                             4875
  sm4_128_ctr_get_params                                         4875
  aes_192_wrapinv_get_params                                     4916
  sm4_128_gcm_get_params                                         4916
  sm4_128_xts_get_params                                         4917
  EVP_aes_128_cbc_hmac_sha256                                    4958
  OSSL_STORE_LOADER_set_open                                     4958
  aes_256_ecb_get_params                                         4958
  aes_256_wrappad_get_params                                     4958
  camellia_192_ecb_get_params                                    4958
  ossl_bio_core_globals_free                                     4958
  OSSL_trace_set_channel                                         4959
  aes_256_wrapinv_get_params                                     4959
  aria_256_ccm_get_params                                        4959
  aria_256_cfb_get_params                                        4959
  aria_192_ecb_get_params                                        5000
  ossl_store_register_init                                       5000
  pthread_cond_destroy                                           5000
  aes_256_ocb_get_params                                         5042
  camellia_128_cfb_get_params                                    5042
  camellia_256_cfb_get_params                                    5042
  ossl_property_match_count                                      5042
  EVP_aes_128_cbc_hmac_sha1                                      5083
  OSSL_STORE_LOADER_set_expect                                   5083
  aes_128_wrappadinv_get_params                                  5083
  aes_192_wrappadinv_get_params                                  5083
  aria_256_cfb8_get_params                                       5083
  EVP_CIPHER_get_key_length                                      5084
  aes_128_wrapinv_get_params                                     5084
  camellia_128_cfb1_get_params                                   5084
  camellia_128_ecb_get_params                                    5084
  ossl_rand_cleanup_int                                          5084
  tdes_ede2_cfb_get_params                                       5084
  camellia_128_cbc_get_params                                    5125
  camellia_128_ofb_get_params                                    5125
  camellia_192_cbc_get_params                                    5125
  camellia_192_cfb1_get_params                                   5125
  camellia_128_ctr_get_params                                    5166
  camellia_256_cbc_get_params                                    5166
  aes_256_wrappadinv_get_params                                  5167
  camellia_256_ctr_get_params                                    5167
  ossl_init_thread_deregister                                    5167
  ossl_property_has_optional                                     5167
  camellia_192_cfb8_get_params                                   5208
  camellia_192_ofb_get_params                                    5208
  camellia_256_cfb8_get_params                                   5209
  ossl_prov_cipher_hw_aes_ctr                                    5209
  aria_256_ecb_get_params                                        5250
  camellia_192_ctr_get_params                                    5250
  camellia_cts_192_cbc_get_params                                5250
  engine_remove_dynamic_id                                       5292
  __sigaction                                                    5375
  camellia_192_cfb_get_params                                    5375
  ossl_indicator_set_callback_free                               5375
  __fcntl                                                        5417
  chacha20_poly1305_get_params                                   5417
  engine_pkey_asn1_meths_free                                    5417
  ENGINE_get_cipher_engine                                       5458
  tiny_malloc_from_free_list                                     5458
  camellia_256_cfb1_get_params                                   5500
  camellia_cts_256_cbc_get_params                                5500
  ossl_self_test_set_callback_free                               5500
  camellia_256_ecb_get_params                                    5541
  ossl_self_test_set_callback_new                                5541
  tdes_ede3_ecb_get_params                                       5541
  ossl_aes_256_gcm_siv_get_params                                5542
  getgid                                                         5583
  chacha20_poly1305_gettable_ctx_params                          5584
  ossl_provider_unquery_operation                                5584
  OSSL_LIB_CTX_set_conf_diagnostics                              5625
  medium_region_for_ptr_no_lock                                  5625
  ossl_indicator_set_callback_new                                5625
  getegid                                                        5667
  EVP_CIPHER_CTX_get_block_size                                  5709
  geteuid                                                        5750
  ossl_aes_192_gcm_siv_get_params                                5750
  OPENSSL_sk_sort                                                5792
  camellia_128_cfb8_get_params                                   5792
  OSSL_PARAM_get_int                                             5833
  ossl_prov_ctx_get0_core_bio_method                             5875
  app_get0_libctx                                                5916
  ossl_aes_128_gcm_siv_get_params                                5916
  medium_malloc_from_free_list                                   6000
  camellia_cts_128_cbc_get_params                                6166
  ossl_free_compression_methods_int                              6166
  ossl_prov_bio_from_dispatch                                    6166
  opt_arg                                                        6207
  EVP_RAND_CTX_free                                              6333
  getuid                                                         6333
  EVP_CIPHER_get_mode                                            6334
  ossl_prov_seeding_from_dispatch                                6417
  BIO_set_data                                                   6457
  lsl::Lock::lock()                                              6583
  dyld3::kdebug_trace_dyld_enabled(unsigned int)                 6834
  BIO_next                                                       6917
  _kernelrpc_mach_port_deallocate_trap                           6917
  OSSL_PARAM_get_int32                                           7041
  dyld4::BumpAllocator::~BumpAllocator()                         7166
  __getrlimit                                                    7208
  bio_open_default                                               7292
  _platform_strnlen                                              7333
  store_loader_hash                                              7333
  EVP_CipherInit_ex                                              7458
  ENGINE_register_EC                                             7541
  OPENSSL_sk_pop                                                 7667
  ENGINE_register_DH                                             7749
  _kernelrpc_mach_port_construct_trap                            7750
  dyld4::handleFromLoader(dyld4::Loader const*, bool)             7792
  err_unshelve_state                                             7958
  file_ctrl                                                      7958
  lsl::EphemeralAllocator::reset()                               8000
  BIO_copy_next_retry                                            8042
  ENGINE_register_DSA                                            8083
  memset                                                         8083
  openssl_fopen                                                  8083
  flsl                                                           8125
  ENGINE_register_RAND                                           8208
  ENGINE_register_RSA                                            8333
  dyld4::JustInTimeLoader::hiddenFromFlat(bool) const             8375
  X509_get_default_cert_area                                     8416
  __sclose                                                       8501
  ossl_lib_ctx_get_concrete                                      8667
  dyld4::Loader::beginInitializers(dyld4::RuntimeState&)             8709
  dyld4::RuntimeState::notifyObjCPatching()                      8875
  ENGINE_register_digests                                        9041
  Diagnostics::clearError()                                      9042
  ossl_sa_new                                                    9042
  ENGINE_register_ciphers                                        9125
  strlen                                                         9167
  __sflags                                                       9375
  BIO_set_init                                                   9500
  ENGINE_register_pkey_meths                                     9583
  free_small                                                     9708
  BIO_set_flags                                                  9875
  ossl_cipher_generic_einit                                      9875
  DSO_METHOD_openssl                                            10000
  ossl_property_free                                            10084
  CRYPTO_atomic_or                                              10125
  ossl_cipher_generic_set_ctx_params                            10126
  lsl::Vector<lsl::MemoryManager::Buffer>::reserve(unsigned long)            10458
  lsl::Vector<dyld4::Loader const*>::reserveExact(unsigned long)            10542
  deflt_query                                                   10583
  dyld4::Loader::hiddenFromFlat(bool) const                     10666
  dyld4::JustInTimeLoader::beginInitializers(dyld4::RuntimeState&)            10667
  OSSL_LIB_CTX_get_conf_diagnostics                             10708
  ENGINE_register_pkey_asn1_meths                               10999
  engine_free_util                                              11084
  ossl_lib_ctx_get_ex_data_global                               11166
  ossl_lib_ctx_get_rcukey                                       11416
  NCONF_get_section                                             11458
  ossl_sa_doall_arg                                             11500
  aes_siv_gettable_ctx_params                                   11875
  OPENSSL_cleanse                                               12124
  dyld4::RuntimeState::incDlRefCount(dyld4::Loader const*)            12167
  fstat                                                         12542
  EVP_add_cipher                                                12917
  ossl_cipher_capable_aes_cbc_hmac_sha256                       12958
  ossl_property_value                                           13042
  ossl_cipher_capable_aes_cbc_hmac_sha1                         13083
  cipher_ocb_gettable_ctx_params                                13375
  aes_cbc_cts_gettable_ctx_params                               13459
  BIO_clear_flags                                               13958
  dyld4::Loader::loadDependents(Diagnostics&, dyld4::RuntimeState&, dyld4::Loader::LoadOptions const&)            14334
  dyld4::DyldCacheDataConstLazyScopedWriter::DyldCacheDataConstLazyScopedWriter(dyld4::RuntimeState&)            14625
  lsl::EphemeralAllocator::~EphemeralAllocator()                14667
  CRYPTO_atomic_add                                             14708
  sa_doall                                                      14918
  _NSGetEnviron                                                 15042
  BIO_get_data                                                  15210
  ossl_aes_gcm_siv_gettable_ctx_params                          15292
  __bzero                                                       15333
  dyld4::Loader::path() const                                   15374
  DSO_free                                                      15459
  dyld4::JustInTimeLoader::loadDependents(Diagnostics&, dyld4::RuntimeState&, dyld4::Loader::LoadOptions const&)            15875
  camellia_cbc_cts_gettable_ctx_params                          16126
  _kernelrpc_mach_vm_deallocate_trap                            16209
  os_unfair_recursive_lock_unlock                               16457
  __sflush                                                      16500
  dyld3::MachOFile::is64() const                                16541
  dyld4::RuntimeState::doSingletonPatching(dyld4::DyldCacheDataConstLazyScopedWriter&)            16709
  file_new                                                      17042
  rack_region_insert                                            17124
  ossl_prov_is_running                                          17250
  file_free                                                     17584
  _kernelrpc_mach_port_destruct_trap                            17751
  invocation function for block in dyld4::Loader::forEachPath(Diagnostics&, dyld4::RuntimeState&, char const*, dyld4::Loader::Loa            18208
  OPENSSL_LH_get_down_load                                      18251
  FMT_istext                                                    18332
  CRYPTO_THREAD_lock_free                                       18375
  pthread_mutex_destroy                                         18750
  BIO_new                                                       18833
  dyld4::JustInTimeLoader::path() const                         18875
  kdebug_is_enabled                                             19208
  pthread_cond_init                                             19625
  small_try_realloc_in_place                                    19709
  small_free_list_find_by_ptr                                   20041
  os_unfair_recursive_lock_lock_with_options                    20874
  property_free                                                 21333
  small_size                                                    21833
  dyld4::LibSystemHelpers::pthread_getspecific(unsigned long) const            22125
  lsl::EphemeralAllocator::deallocate_buffer(lsl::MemoryManager::Buffer)            22667
  ___chkstk_darwin                                              23585
  dyld4::ProcessConfig::DyldCache::indexOfPath(char const*, unsigned int&) const            23791
  small_free_list_remove_ptr                                    24417
  dyld4::Loader::matchesPath(char const*) const                 24418
  __chkstk_darwin_probe                                         24625
  pthread_mutex_init                                            25251
  os_unfair_lock_assert_not_owner                               25791
  dyld3::ScopedTimer::endTimer()                                26792
  mach_msg2_trap                                                27208
  OPENSSL_strnlen                                               27373
  dyld4::Loader::loadAddress(dyld4::RuntimeState&) const            27374
  __findenv_locked                                              27375
  ossl_property_name                                            27624
  small_free_list_remove_ptr_no_clear                           29458
  dyld4::JustInTimeLoader::loadAddress(dyld4::RuntimeState&) const            29917
  OPENSSL_sk_delete                                             30418
  lsl::MemoryManager::lockGuard()                               32458
  tiny_free_list_remove_ptr                                     33041
  _kernelrpc_mach_vm_map_trap                                   34042
  _pthread_mutex_check_init_slow                                34208
  CRYPTO_new_ex_data                                            35208
  lsl::AllocationMetadata::AllocationMetadata(lsl::Allocator*, unsigned long)            35376
  small_free_list_add_ptr                                       36168
  __read_nocancel                                               36335
  OPENSSL_LH_set_down_load                                      37251
  szone_good_size                                               37710
  dyld4::LibSystemHelpers::os_unfair_recursive_lock_unlock(os_unfair_recursive_lock_s*) const            38667
  OPENSSL_sk_free                                               39751
  ossl_rcu_write_lock                                           42250
  Diagnostics::hasError() const                                 42666
  __open                                                        42958
  EVP_PKEY_asn1_get0                                            43335
  dyld4::LibSystemHelpers::os_unfair_lock_unlock(os_unfair_lock_s*) const            45375
  small_malloc_from_free_list                                   45499
  __write_nocancel                                              45625
  ossl_rcu_write_unlock                                         45667
  Diagnostics::noError() const                                  45710
  pthread_setspecific                                           46624
  ossl_tdes_gettable_ctx_params                                 47084
  madvise                                                       50581
  dyld3::MachOFile::read_uleb128(Diagnostics&, unsigned char const*&, unsigned char const*)            50750
  dyld4::RuntimeState::PermanentRanges::contains(unsigned long, unsigned long, unsigned char*, dyld4::Loader const**) const            52251
  szone_malloc                                                  54252
  EVP_PKEY_asn1_get0_info                                       55791
  get_tiny_previous_free_msize                                  55958
  pthread_cond_broadcast                                        56459
  dyld4::LibSystemHelpers::os_unfair_recursive_lock_lock_with_options(os_unfair_recursive_lock_s*, os_unfair_lock_options_t) cons            56625
  tiny_size                                                     58338
  _tiny_check_and_zero_inline_meta_from_freelist                59708
  realloc                                                       61880
  dyld4::LibSystemHelpers::os_unfair_lock_lock_with_options(os_unfair_lock_s*, os_unfair_lock_options_t) const            63917
  set_tiny_meta_header_in_use                                   64083
  tiny_free_list_add_ptr                                        64958
  lsl::EphemeralAllocator::allocate_buffer(unsigned long, unsigned long, unsigned long)            67207
  _qsort                                                        67500
  _szone_free                                                   70414
  OPENSSL_sk_pop_free                                           71165
  os_unfair_lock_assert_owner                                   71166
  ossl_cipher_aead_gettable_ctx_params                          71251
  __close_nocancel                                              73666
  strcmp                                                        75956
  szone_try_free_default                                        79208
  dyld3::kdebug_trace_dyld_duration_end(unsigned long long, unsigned int, dyld3::kt_arg, dyld3::kt_arg, dyld3::kt_arg)            81918
  rack_get_thread_index                                         83249
  invocation function for block in dyld3::MachOFile::getDylibInstallName(char const**, unsigned int*, unsigned int*) const            84293
  property_hash                                                 87708
  EVP_CIPHER_get_type                                           90333
  dyld3::OverflowSafeArray<unsigned int, 4294967295ul>::verifySpace(unsigned long)            92250
  dyld4::Loader::contains(dyld4::RuntimeState&, void const*, void const**, unsigned long long*, unsigned char*) const            96417
  pthread_cond_signal                                          103541
  Diagnostics::assertNoError() const                           109585
  nanov2_size                                                  111501
  pthread_rwlock_init                                          115293
  __open_nocancel                                              120375
  pthread_rwlock_destroy                                       126038
  os_unfair_lock_unlock                                        131460
  Diagnostics::~Diagnostics()                                  142664
  Diagnostics::Diagnostics(bool)                               152790
  get_legacy_evp_names                                         158537
  ossl_ctype_check                                             170000
  os_unfair_lock_lock_with_options                             178332
  invocation function for block in dyld3::MachOFile::getEntry(unsigned long long&, bool&) const           187290
  nanov2_pointer_size                                          194251
  EVP_MD_get_type                                              196042
  free                                                         204001
  _Block_object_dispose                                        214586
  nanov2_allocate_from_block                                   220372
  OPENSSL_hexchar2int                                          234622
  ossl_sa_set                                                  252324
  trim_ws                                                      273214
  invocation function for block in dyld4::JustInTimeLoader::contains(dyld4::RuntimeState&, void const*, void const**, unsigned lo           300083
  BUF_MEM_new                                                  300961
  strncmp                                                      310712
  names_free                                                   314047
  OBJ_get0_data                                                326666
  OPENSSL_LH_flush                                             338040
  OPENSSL_LH_doall                                             339328
  OSSL_PARAM_set_uint                                          343206
  ossl_provider_ctx                                            344912
  EVP_CIPHER_get_nid                                           369580
  conf_value_cmp                                               373293
  ossl_lib_ctx_unlock                                          385456
  OSSL_PARAM_locate_const                                      403871
  invocation function for block in dyld3::MachOLoaded::findClosestSymbol(unsigned long long, char const**, unsigned long long*) c           413122
  ossl_lib_ctx_read_lock                                       428333
  OPENSSL_LH_set_thunks                                        430623
  property_defn_cmp                                            442708
  ossl_cipher_generic_gettable_ctx_params                      453168
  evp_cipher_up_ref                                            455757
  function_hash                                                465791
  value_free_hash                                              467744
  property_defn_hash                                           472667
  BN_free                                                      477871
  CRYPTO_realloc                                               486542
  ossl_provider_free                                           492335
  ASN1_OBJECT_free                                             496501
  ossl_provider_up_ref                                         497542
  OSSL_PARAM_set_uint32                                        505672
  eat_alpha_numeric                                            506581
  ossl_sa_get                                                  521212
  sa_free_node                                                 543988
  OSSL_PARAM_construct_end                                     553288
  EVP_CIPHER_get0_provider                                     568122
  OSSL_PARAM_construct_uint                                    570131
  evp_cipher_free                                              582663
  do_all_fn                                                    582749
  EVP_CIPHER_free                                              633249
  ossl_provider_libctx                                         808831
  invocation function for block in dyld3::MachOLoaded::getLinkEditLoadCommands(Diagnostics&, dyld3::MachOLoaded::LinkEditInfo&) c           835705
  _platform_strncmp                                            866046
  internal_free_nop                                            866613
  name_string_free                                             892911
  OPENSSL_LH_error                                             931914
  BUF_MEM_grow                                                1112333
  OSSL_PARAM_set_size_t                                       1127873
  invocation function for block in dyld3::MachOFile::forEachSegment(void (dyld3::MachOFile::SegmentInfo const&, bool&) block_poin          1139333
  sk_reserve                                                  1152495
  pthread_getspecific                                         1160791
  _os_once                                                    1236324
  CRYPTO_THREAD_get_local                                     1290971
  _platform_memchr                                            1336495
  ossl_rcu_assign_uptr                                        1401016
  OSSL_PARAM_set_uint64                                       1526595
  names_lh_free_doall                                         1526617
  ossl_lib_ctx_get_data                                       1621711
  OSSL_PARAM_set_int                                          1631293
  pthread_mutex_lock                                          1723471
  _platform_strchr                                            1747586
  OSSL_PARAM_construct_size_t                                 1841953
  _nanov2_free                                                1897617
  pthread_mutex_unlock                                        1902405
  _pthread_mutex_lock_init_slow                               1974469
  OPENSSL_sk_push                                             1979208
  OPENSSL_sk_num                                              2023507
  _pthread_mutex_unlock_init_slow                             2076774
  _pthread_mutex_firstfit_lock_slow                           2194543
  _pthread_mutex_firstfit_unlock_slow                         2279458
  OPENSSL_sk_value                                            2329930
  OSSL_PARAM_set_int32                                        2458651
  obj_name_cmp                                                2511988
  OPENSSL_LH_strhash                                          2705763
  _platform_memcmp                                            2753140
  OSSL_PARAM_construct_int                                    2761824
  pthread_once                                                3036850
  OBJ_nid2obj                                                 3173910
  CRYPTO_atomic_load                                          3274211
  SortFnByName                                                3290983
  pthread_rwlock_rdlock                                       3326997
  ossl_lh_strcasehash                                         3679929
  __error                                                     3713209
  ossl_isdigit                                                3953539
  cipher_compare                                              3977130
  fnv1a_hash                                                  4423501
  _platform_memmove                                           6474226
  pthread_rwlock_wrlock                                       6682116
  pthread_rwlock_unlock                                      10018843
  err_string_data_cmp                                        10832596
  CRYPTO_free                                                12365799
  malloc                                                     13414861
  doapr_outch                                                15048609
  err_string_data_hash                                       16565674
  nanov2_malloc                                              18526100
  _platform_strlen                                           23048389
  _platform_memset                                           25766310
  nanov2_try_free_default                                    26134851
  _platform_strcmp                                           28107101
  ossl_tolower                                               60151954
