
  EVP_md5                                                        1666
  pd_free                                                        1750
  sigaction                                                      1833
  EVP_bf_ofb                                                     2000
  EVP_rc4_40                                                     2000
  EVP_sha1                                                       2000
  UI_OpenSSL                                                     2000
  EVP_des_ecb                                                    2042
  EVP_sha224                                                     2042
  EVP_rc2_ofb                                                    2083
  EVP_mdc2                                                       2084
  EVP_des_ofb                                                    2125
  EVP_rc2_cbc                                                    2125
  EVP_sm4_ctr                                                    2125
  opt_unknown                                                    2125
  EVP_sha384                                                     2166
  EVP_sha512                                                     2166
  EVP_md4                                                        2167
  EVP_bf_cbc                                                     2208
  EVP_cast5_ofb                                                  2250
  EVP_des_cfb8                                                   2250
  EVP_seed_cbc                                                   2250
  EVP_des_ede                                                    2292
  EVP_seed_ofb                                                   2292
  EVP_sm4_ecb                                                    2292
  EVP_sha3_224                                                   2333
  strchr                                                         2333
  EVP_sm4_cbc                                                    2334
  EVP_blake2s256                                                 2375
  EVP_md5_sha1                                                   2375
  EVP_shake128                                                   2375
  EVP_sm4_ofb                                                    2375
  app_get0_propq                                                 2375
  EVP_sha512_256                                                 2416
  EVP_sm3                                                        2416
  UI_null                                                        2416
  EVP_idea_ofb                                                   2458
  EVP_shake256                                                   2458
  _cleanup                                                       2458
  EVP_des_cfb1                                                   2459
  EVP_sha3_384                                                   2459
  EVP_chacha20                                                   2500
  EVP_des_cbc                                                    2500
  EVP_rc2_64_cbc                                                 2500
  EVP_rc4                                                        2500
  EVP_ripemd160                                                  2500
  EVP_sha512_224                                                 2500
  opt_next                                                       2500
  release_engine                                                 2500
  EVP_aes_128_cfb1                                               2541
  EVP_aes_256_gcm                                                2541
  EVP_aes_256_ofb                                                2541
  EVP_aes_256_xts                                                2541
  EVP_desx_cbc                                                   2541
  EVP_idea_cbc                                                   2541
  EVP_aes_192_ccm                                                2542
  EVP_aes_128_cbc                                                2583
  EVP_aes_128_ctr                                                2583
  EVP_aes_256_cbc                                                2583
  EVP_aes_256_ctr                                                2583
  EVP_cast5_cbc                                                  2583
  EVP_rc2_ecb                                                    2583
  EVP_sha3_512                                                   2583
  EVP_aes_192_gcm                                                2584
  EVP_idea_ecb                                                   2584
  EVP_rc2_cfb64                                                  2584
  EVP_bf_cfb64                                                   2625
  EVP_des_ede_cbc                                                2625
  EVP_rc2_40_cbc                                                 2625
  EVP_sha3_256                                                   2625
  EVP_aria_192_ctr                                               2666
  EVP_aria_256_ofb                                               2666
  EVP_bf_ecb                                                     2666
  EVP_des_ede3                                                   2666
  ENGINE_set_name                                                2667
  EVP_aes_192_ocb                                                2667
  EVP_aes_256_ccm                                                2667
  EVP_aes_256_cfb1                                               2667
  EVP_aria_256_ctr                                               2667
  EVP_aria_256_gcm                                               2667
  EVP_seed_ecb                                                   2667
  ossl_trace_cleanup                                             2667
  EVP_aes_192_cbc                                                2708
  lh_FUNCTION_free                                               2708
  EVP_aes_256_cfb8                                               2709
  EVP_aes_256_ecb                                                2709
  EVP_aria_256_cbc                                               2709
  COMP_get_type                                                  2750
  EVP_aria_128_cbc                                               2750
  EVP_aria_192_cbc                                               2750
  EVP_aria_192_cfb1                                              2750
  EVP_aria_192_ecb                                               2750
  EVP_aria_256_ccm                                               2750
  EVP_des_ede3_cbc                                               2750
  def_to_int                                                     2750
  EVP_aes_192_cfb1                                               2791
  EVP_aes_256_wrap                                               2791
  EVP_aria_192_cfb8                                              2791
  EVP_cast5_ecb                                                  2791
  EVP_aes_128_ofb                                                2792
  EVP_aes_192_cfb8                                               2792
  EVP_aria_128_ofb                                               2792
  EVP_aria_192_ccm                                               2792
  EVP_aes_192_ecb                                                2833
  EVP_aes_256_ocb                                                2833
  EVP_aria_192_ofb                                               2833
  EVP_aria_256_cfb1                                              2833
  EVP_cast5_cfb64                                                2833
  EVP_des_ede3_ofb                                               2833
  EVP_des_ede3_wrap                                              2833
  EVP_whirlpool                                                  2833
  EVP_aes_128_wrap                                               2834
  EVP_aria_192_gcm                                               2834
  strrchr                                                        2834
  EVP_MD_free                                                    2875
  EVP_aes_192_ofb                                                2875
  EVP_blake2b512                                                 2875
  EVP_des_ede3_cfb8                                              2875
  EVP_des_ede_ofb                                                2875
  EVP_seed_cfb128                                                2875
  NCONF_default                                                  2875
  signal                                                         2875
  EVP_aria_128_ccm                                               2916
  EVP_aria_256_cfb8                                              2916
  BIO_f_cipher                                                   2917
  ENGINE_set_id                                                  2917
  OBJ_obj2txt                                                    2917
  vm_deallocate                                                  2917
  EVP_aes_192_ctr                                                2958
  EVP_aria_128_ecb                                               2958
  EVP_aria_256_ecb                                               2958
  EVP_sm4_cfb128                                                 2958
  def_init_default                                               2958
  EVP_des_ede3_cfb1                                              2959
  EVP_aes_128_cfb8                                               3000
  EVP_aes_128_gcm                                                3000
  EVP_aes_192_wrap                                               3000
  EVP_aria_256_cfb128                                            3000
  EVP_des_ede_cfb64                                              3000
  EVP_rc4_hmac_md5                                               3000
  property_cmp                                                   3000
  EVP_aes_128_xts                                                3041
  EVP_aes_256_cfb128                                             3041
  EVP_camellia_256_ofb                                           3041
  EVP_aria_192_cfb128                                            3042
  query_hash                                                     3042
  EVP_aes_128_ccm                                                3083
  EVP_aria_128_ctr                                               3083
  UI_method_set_writer                                           3083
  function_cmp                                                   3083
  __cxa_finalize                                                 3084
  EVP_aes_192_wrap_pad                                           3125
  EVP_camellia_192_ctr                                           3125
  EVP_idea_cfb64                                                 3125
  EVP_aria_128_cfb128                                            3166
  EVP_aria_128_cfb8                                              3166
  EVP_aria_128_gcm                                               3166
  EVP_camellia_256_ctr                                           3166
  EVP_aes_128_ocb                                                3167
  EVP_aria_128_cfb1                                              3167
  EVP_camellia_192_ofb                                           3167
  EVP_camellia_256_cbc                                           3208
  EVP_des_cfb64                                                  3208
  getrlimit                                                      3208
  EVP_aes_128_cfb128                                             3250
  EVP_camellia_128_ctr                                           3250
  EVP_camellia_192_cfb1                                          3250
  UI_method_set_closer                                           3250
  ossl_comp_zstd_cleanup                                         3250
  OSSL_LIB_CTX_get_data                                          3292
  EVP_camellia_128_cbc                                           3333
  opt_set_unknown_name                                           3333
  ossl_store_cleanup_int                                         3333
  EVP_aes_128_ecb                                                3334
  EVP_des_ede3_cfb64                                             3334
  EVP_aes_128_wrap_pad                                           3375
  EVP_aes_256_wrap_pad                                           3375
  EVP_CIPHER_get_flags                                           3416
  ASN1_add_oid_module                                            3417
  EVP_camellia_128_cfb8                                          3417
  EVP_camellia_192_cbc                                           3417
  EVP_add_alg_module                                             3458
  UI_method_set_opener                                           3458
  app_RAND_write                                                 3458
  OSSL_PARAM_modified                                            3459
  ENGINE_set_flags                                               3500
  EVP_camellia_128_ofb                                           3500
  EVP_camellia_192_cfb8                                          3500
  EVP_camellia_192_ecb                                           3500
  EVP_camellia_256_cfb8                                          3500
  EVP_camellia_256_ecb                                           3500
  ossl_comp_brotli_cleanup                                       3500
  ossl_prov_ctx_new                                              3500
  OSSL_STORE_register_loader                                     3541
  BIO_meth_set_ctrl                                              3542
  EVP_camellia_128_cfb1                                          3542
  EVP_camellia_256_cfb1                                          3542
  UI_method_set_reader                                           3542
  ossl_comp_zlib_cleanup                                         3542
  __smakebuf                                                     3583
  bio_sock_cleanup_int                                           3584
  ossl_prov_ctx_free                                             3584
  pthread_self                                                   3584
  EVP_aes_192_cfb128                                             3625
  EVP_chacha20_poly1305                                          3625
  init_thread_stop                                               3625
  store_loader_cmp                                               3625
  ossl_prov_ctx_set0_handle                                      3708
  EVP_CipherUpdate                                               3709
  ERR_print_errors                                               3750
  engine_load_rdrand_int                                         3750
  free_medium                                                    3750
  BIO_meth_set_puts                                              3791
  EVP_camellia_192_cfb128                                        3792
  evp_app_cleanup_int                                            3792
  ASN1_add_stable_module                                         3833
  BIO_meth_set_gets                                              3833
  EVP_camellia_256_cfb128                                        3833
  opt_check_rest_arg                                             3834
  ENGINE_set_cmd_defns                                           3875
  ERR_get_error_all                                              3875
  EVP_CipherFinal_ex                                             3875
  __getrlimit                                                    3875
  ossl_prov_ctx_set0_libctx                                      3875
  ossl_lib_ctx_write_lock                                        3916
  EVP_CIPHER_fetch                                               3917
  BIO_meth_set_create                                            3958
  BIO_meth_set_destroy                                           3958
  ENGINE_add_conf_module                                         3958
  EVP_camellia_128_ecb                                           3959
  CRYPTO_THREAD_get_current_id                                   4000
  EVP_camellia_128_cfb128                                        4000
  NCONF_get0_libctx                                              4000
  core_get_libctx                                                4000
  dyld4::APIs::_tlv_exit()                                       4000
  ossl_lib_ctx_is_default                                        4083
  null_gettable_ctx_params                                       4084
  EVP_PKEY_asn1_get_count                                        4125
  OSSL_LIB_CTX_free                                              4125
  ossl_child_prov_ctx_new                                        4208
  ossl_config_add_ssl_module                                     4208
  BIO_meth_set_read_ex                                           4209
  CONF_imodule_get_value                                         4250
  aes_v8_set_encrypt_key                                         4250
  ossl_method_unlock_store                                       4250
  EVP_CIPHER_get_iv_length                                       4291
  aes_192_cfb_get_params                                         4291
  chacha20_get_params                                            4291
  ossl_method_lock_store                                         4292
  ossl_prov_ctx_get0_libctx                                      4292
  ossl_stored_namemap_free                                       4292
  aes_192_ecb_get_params                                         4333
  aria_256_ofb_get_params                                        4333
  aes_128_ctr_get_params                                         4375
  aes_128_xts_get_params                                         4375
  aes_192_cfb1_get_params                                        4375
  chacha20_gettable_ctx_params                                   4375
  ossl_cipher_generic_reset_ctx                                  4375
  OSSL_STORE_unregister_loader                                   4416
  aria_256_ctr_get_params                                        4416
  ossl_bio_core_globals_new                                      4416
  OSSL_CMP_log_close                                             4417
  aes_256_ofb_get_params                                         4417
  aria_128_cfb1_get_params                                       4417
  aria_256_cfb8_get_params                                       4417
  OSSL_STORE_LOADER_set_eof                                      4458
  ENGINE_set_ctrl_function                                       4459
  OPENSSL_cpuid_setup                                            4500
  OSSL_ERR_STATE_new                                             4500
  aes_192_ctr_get_params                                         4500
  aes_256_ctr_get_params                                         4500
  aria_128_ecb_get_params                                        4500
  aria_192_ctr_get_params                                        4500
  aria_192_ofb_get_params                                        4500
  ossl_bio_core_globals_free                                     4500
  aes_128_cfb_get_params                                         4541
  aes_256_cfb_get_params                                         4541
  aes_v8_ctr32_encrypt_blocks                                    4541
  close                                                          4541
  sm4_128_ctr_get_params                                         4541
  ENGINE_set_init_function                                       4542
  aes_192_cbc_get_params                                         4542
  aes_192_gcm_get_params                                         4542
  aria_192_cbc_get_params                                        4542
  sm4_128_cbc_get_params                                         4542
  tdes_ede3_cbc_get_params                                       4542
  aes_128_cfb8_get_params                                        4583
  aes_256_siv_get_params                                         4583
  aria_192_cfb1_get_params                                       4583
  aria_192_cfb8_get_params                                       4583
  aria_192_gcm_get_params                                        4583
  sm4_128_xts_get_params                                         4583
  BIO_meth_set_write_ex                                          4584
  aes_128_ecb_get_params                                         4584
  aria_128_ofb_get_params                                        4584
  sm4_128_cfb128_get_params                                      4584
  ENGINE_set_finish_function                                     4625
  OSSL_STORE_LOADER_set_load                                     4625
  OSSL_trace_set_channel                                         4625
  aes_128_cbc_get_params                                         4625
  aes_128_ofb_get_params                                         4625
  aes_192_cfb8_get_params                                        4625
  aes_256_cfb8_get_params                                        4625
  aria_128_ccm_get_params                                        4625
  aria_128_cfb_get_params                                        4625
  aria_192_ecb_get_params                                        4625
  aria_256_cfb_get_params                                        4625
  lsl::Lock::lock()                                              4625
  ossl_rand_cleanup_int                                          4625
  tdes_wrap_get_params                                           4625
  aes_128_ocb_get_params                                         4666
  sm4_128_gcm_get_params                                         4666
  EVP_aes_256_cbc_hmac_sha1                                      4667
  aes_128_ccm_get_params                                         4667
  aes_192_ccm_get_params                                         4667
  aes_256_xts_get_params                                         4667
  tdes_ede2_ecb_get_params                                       4667
  tiny_try_realloc_in_place                                      4667
  OSSL_STORE_LOADER_set_close                                    4708
  UI_method_set_prompt_constructor                               4708
  aes_256_gcm_get_params                                         4708
  aria_256_cfb1_get_params                                       4708
  ossl_prov_ctx_set0_core_bio_method                             4708
  tdes_ede2_ofb_get_params                                       4708
  OSSL_STORE_LOADER_set_error                                    4709
  aes_192_ofb_get_params                                         4709
  aes_192_wrappad_get_params                                     4709
  ossl_provider_add_conf_module                                  4709
  tdes_ede3_cfb8_get_params                                      4709
  EVP_sha256                                                     4750
  aes_192_wrapinv_get_params                                     4750
  aes_256_cfb1_get_params                                        4750
  aria_128_cbc_get_params                                        4750
  aria_256_cbc_get_params                                        4750
  ossl_random_add_conf_module                                    4750
  sm4_128_ccm_get_params                                         4750
  tdes_ede3_ofb_get_params                                       4750
  aes_128_siv_get_params                                         4791
  camellia_128_ecb_get_params                                    4791
  aes_128_wrappad_get_params                                     4792
  aes_192_ocb_get_params                                         4792
  aes_192_siv_get_params                                         4792
  aes_cts_128_cbc_get_params                                     4792
  ossl_ctx_global_properties_new                                 4792
  sm4_128_ofb128_get_params                                      4792
  EVP_CIPHER_get_key_length                                      4833
  OSSL_STORE_LOADER_free                                         4833
  aria_128_ctr_get_params                                        4833
  lsl::Lock::unlock()                                            4833
  aes_256_cbc_get_params                                         4834
  aes_cts_192_cbc_get_params                                     4834
  aria_128_gcm_get_params                                        4834
  BIO_free                                                       4874
  aria_128_cfb8_get_params                                       4875
  aria_256_ecb_get_params                                        4875
  def_is_number                                                  4875
  ENGINE_load_builtin_engines                                    4916
  aes_128_cfb1_get_params                                        4916
  aria_256_gcm_get_params                                        4916
  EVP_aes_256_cbc_hmac_sha256                                    4917
  aes_256_wrappad_get_params                                     4917
  aria_192_cfb_get_params                                        4917
  camellia_128_cfb_get_params                                    4917
  engine_pkey_meths_free                                         4917
  engine_remove_dynamic_id                                       4917
  ossl_prov_cipher_hw_aes_ctr                                    4917
  sm4_128_ecb_get_params                                         4917
  tdes_ede2_cfb_get_params                                       4917
  aes_128_wrapinv_get_params                                     4958
  aes_192_wrap_get_params                                        4958
  aes_256_wrapinv_get_params                                     4958
  camellia_256_cfb_get_params                                    4958
  OSSL_STORE_LOADER_set_open                                     4959
  aria_256_ccm_get_params                                        4959
  camellia_256_cbc_get_params                                    4959
  camellia_256_ctr_get_params                                    4959
  ossl_store_register_init                                       4959
  EVP_aes_128_cbc_hmac_sha1                                      5000
  aes_256_ccm_get_params                                         5000
  aes_256_ecb_get_params                                         5000
  aes_256_ocb_get_params                                         5000
  camellia_128_ctr_get_params                                    5000
  camellia_192_cbc_get_params                                    5000
  camellia_192_cfb_get_params                                    5000
  camellia_192_ctr_get_params                                    5000
  OSSL_STORE_LOADER_set_expect                                   5041
  aes_128_gcm_get_params                                         5042
  aes_128_wrap_get_params                                        5042
  camellia_192_ofb_get_params                                    5042
  camellia_256_cfb1_get_params                                   5042
  ossl_property_match_count                                      5042
  aes_256_wrappadinv_get_params                                  5083
  camellia_256_ecb_get_params                                    5083
  tdes_ede3_cfb_get_params                                       5083
  EVP_aes_128_cbc_hmac_sha256                                    5084
  camellia_128_cbc_get_params                                    5084
  camellia_128_cfb8_get_params                                   5125
  camellia_256_ofb_get_params                                    5125
  ossl_init_thread_deregister                                    5125
  ossl_self_test_set_callback_free                               5125
  pthread_cond_destroy                                           5125
  tdes_ede2_cbc_get_params                                       5125
  ossl_indicator_set_callback_free                               5166
  aes_cts_256_cbc_get_params                                     5167
  camellia_192_cfb8_get_params                                   5167
  ossl_property_has_optional                                     5167
  tdes_ede3_ecb_get_params                                       5167
  aes_256_wrap_get_params                                        5208
  camellia_192_ecb_get_params                                    5208
  camellia_128_ofb_get_params                                    5209
  ossl_self_test_set_callback_new                                5209
  __fcntl                                                        5250
  aes_128_wrappadinv_get_params                                  5250
  ossl_indicator_set_callback_new                                5291
  camellia_128_cfb1_get_params                                   5292
  Diagnostics::clearError()                                      5333
  aes_192_wrappadinv_get_params                                  5333
  camellia_256_cfb8_get_params                                   5333
  camellia_cts_192_cbc_get_params                                5333
  OSSL_PARAM_get_int                                             5334
  ossl_provider_unquery_operation                                5375
  medium_region_for_ptr_no_lock                                  5416
  engine_pkey_asn1_meths_free                                    5417
  ENGINE_get_cipher_engine                                       5458
  camellia_192_cfb1_get_params                                   5458
  chacha20_poly1305_gettable_ctx_params                          5458
  chacha20_poly1305_get_params                                   5500
  tdes_ede3_cfb1_get_params                                      5500
  tiny_malloc_from_free_list                                     5500
  OSSL_LIB_CTX_set_conf_diagnostics                              5541
  memset                                                         5582
  camellia_cts_256_cbc_get_params                                5583
  EVP_CIPHER_CTX_get_block_size                                  5625
  OPENSSL_sk_sort                                                5626
  getgid                                                         5667
  getegid                                                        5750
  opt_arg                                                        5791
  app_get0_libctx                                                5792
  ossl_prov_ctx_get0_core_bio_method                             5792
  ossl_prov_bio_from_dispatch                                    5875
  BIO_set_data                                                   5916
  geteuid                                                        5917
  medium_malloc_from_free_list                                   5917
  camellia_cts_128_cbc_get_params                                6000
  ossl_aes_192_gcm_siv_get_params                                6000
  ossl_free_compression_methods_int                              6000
  ossl_aes_128_gcm_siv_get_params                                6041
  COMP_zlib                                                      6084
  aria_192_ccm_get_params                                        6125
  ossl_prov_seeding_from_dispatch                                6125
  getuid                                                         6375
  ossl_aes_256_gcm_siv_get_params                                6417
  EVP_RAND_CTX_free                                              6500
  EVP_CIPHER_get_mode                                            6625
  OSSL_PARAM_get_int32                                           6625
  dyld3::kdebug_trace_dyld_enabled(unsigned int)                 6625
  dyld4::RuntimeState::notifyObjCPatching()                      6792
  BIO_next                                                       6833
  dyld4::Loader::hiddenFromFlat(bool) const                      6958
  dyld4::handleFromLoader(dyld4::Loader const*, bool)             7166
  store_loader_hash                                              7209
  _kernelrpc_mach_port_deallocate_trap                           7292
  _platform_strnlen                                              7375
  bio_open_default                                               7375
  EVP_CipherInit_ex                                              7417
  dyld4::BumpAllocator::~BumpAllocator()                         7500
  ENGINE_register_EC                                             7541
  _kernelrpc_mach_port_construct_trap                            7583
  ENGINE_register_DH                                             7666
  OPENSSL_sk_pop                                                 7708
  __sigaction                                                    7750
  dyld4::JustInTimeLoader::hiddenFromFlat(bool) const             7750
  file_ctrl                                                      7958
  err_unshelve_state                                             7999
  BIO_copy_next_retry                                            8000
  ENGINE_register_DSA                                            8042
  X509_get_default_cert_area                                     8042
  ENGINE_register_RAND                                           8083
  ENGINE_register_RSA                                            8167
  openssl_fopen                                                  8208
  dyld4::Loader::beginInitializers(dyld4::RuntimeState&)             8250
  flsl                                                           8250
  lsl::EphemeralAllocator::reset()                               8500
  __sclose                                                       8666
  __sflags                                                       8667
  ossl_lib_ctx_get_concrete                                      8708
  free_small                                                     8792
  ENGINE_register_digests                                        8917
  BIO_set_init                                                   8958
  dyld4::RuntimeState::incDlRefCount(dyld4::Loader const*)             9000
  lsl::Vector<dyld4::Loader const*>::reserveExact(unsigned long)             9083
  ossl_sa_new                                                    9083
  deflt_query                                                    9167
  strlen                                                         9251
  ENGINE_register_ciphers                                        9333
  ossl_cipher_generic_einit                                      9416
  ENGINE_register_pkey_meths                                     9417
  DSO_METHOD_openssl                                             9458
  ossl_property_free                                             9501
  dyld4::JustInTimeLoader::beginInitializers(dyld4::RuntimeState&)             9708
  BIO_set_flags                                                  9917
  ossl_cipher_generic_set_ctx_params                            10125
  CRYPTO_atomic_or                                              10292
  OSSL_LIB_CTX_get_conf_diagnostics                             10376
  ENGINE_register_pkey_asn1_meths                               10917
  ossl_lib_ctx_get_rcukey                                       11291
  ossl_lib_ctx_get_ex_data_global                               11334
  engine_free_util                                              11374
  NCONF_get_section                                             11417
  lsl::Vector<lsl::MemoryManager::Buffer>::reserve(unsigned long)            11584
  ossl_sa_doall_arg                                             11586
  OPENSSL_cleanse                                               11625
  aes_siv_gettable_ctx_params                                   11875
  dyld4::RuntimeState::doSingletonPatching(dyld4::DyldCacheDataConstLazyScopedWriter&)            12375
  rack_region_insert                                            12749
  ossl_cipher_capable_aes_cbc_hmac_sha1                         12750
  ossl_cipher_capable_aes_cbc_hmac_sha256                       12750
  ossl_property_value                                           12916
  fstat                                                         12999
  EVP_add_cipher                                                13000
  cipher_ocb_gettable_ctx_params                                13417
  __bzero                                                       13542
  aes_cbc_cts_gettable_ctx_params                               13583
  dyld4::Loader::loadDependents(Diagnostics&, dyld4::RuntimeState&, dyld4::Loader::LoadOptions const&)            14041
  BIO_clear_flags                                               14375
  lsl::EphemeralAllocator::~EphemeralAllocator()                14458
  _kernelrpc_mach_vm_deallocate_trap                            14541
  small_try_realloc_in_place                                    14542
  DSO_free                                                      14750
  _NSGetEnviron                                                 14833
  BIO_get_data                                                  14834
  CRYPTO_atomic_add                                             14959
  sa_doall                                                      15040
  dyld4::Loader::path() const                                   15083
  camellia_cbc_cts_gettable_ctx_params                          15416
  dyld4::DyldCacheDataConstLazyScopedWriter::DyldCacheDataConstLazyScopedWriter(dyld4::RuntimeState&)            15417
  dyld4::JustInTimeLoader::loadDependents(Diagnostics&, dyld4::RuntimeState&, dyld4::Loader::LoadOptions const&)            15458
  ossl_aes_gcm_siv_gettable_ctx_params                          15542
  dyld3::MachOFile::is64() const                                15793
  __sflush                                                      16250
  os_unfair_recursive_lock_unlock                               16417
  _kernelrpc_mach_port_destruct_trap                            16459
  ossl_prov_is_running                                          16626
  file_new                                                      16707
  file_free                                                     17501
  CRYPTO_THREAD_lock_free                                       17833
  OPENSSL_LH_get_down_load                                      17875
  pthread_mutex_destroy                                         17959
  invocation function for block in dyld4::Loader::forEachPath(Diagnostics&, dyld4::RuntimeState&, char const*, dyld4::Loader::Loa            18083
  dyld4::JustInTimeLoader::path() const                         18375
  kdebug_is_enabled                                             18749
  pthread_cond_init                                             19292
  FMT_istext                                                    20291
  mach_msg2_trap                                                20459
  property_free                                                 20501
  os_unfair_recursive_lock_lock_with_options                    20834
  dyld4::LibSystemHelpers::pthread_getspecific(unsigned long) const            20958
  __chkstk_darwin_probe                                         21124
  lsl::EphemeralAllocator::deallocate_buffer(lsl::MemoryManager::Buffer)            21500
  dyld4::Loader::matchesPath(char const*) const                 21709
  os_unfair_lock_assert_not_owner                               22001
  BIO_new                                                       22292
  ___chkstk_darwin                                              22460
  small_size                                                    22499
  dyld4::ProcessConfig::DyldCache::indexOfPath(char const*, unsigned int&) const            22875
  pthread_mutex_init                                            25166
  dyld4::Loader::loadAddress(dyld4::RuntimeState&) const            25666
  _kernelrpc_mach_vm_map_trap                                   25917
  dyld3::ScopedTimer::endTimer()                                26708
  OPENSSL_strnlen                                               26833
  __findenv_locked                                              27376
  ossl_property_name                                            27500
  OPENSSL_sk_delete                                             28208
  lsl::MemoryManager::lockGuard()                               28708
  dyld4::JustInTimeLoader::loadAddress(dyld4::RuntimeState&) const            33250
  _pthread_mutex_check_init_slow                                33499
  __open                                                        33750
  lsl::AllocationMetadata::AllocationMetadata(lsl::Allocator*, unsigned long)            33917
  small_free_list_find_by_ptr                                   35085
  szone_good_size                                               37168
  small_free_list_remove_ptr                                    37709
  OPENSSL_LH_set_down_load                                      38248
  CRYPTO_new_ex_data                                            38624
  dyld4::LibSystemHelpers::os_unfair_recursive_lock_unlock(os_unfair_recursive_lock_s*) const            38833
  OPENSSL_sk_free                                               39458
  dyld4::LibSystemHelpers::os_unfair_lock_unlock(os_unfair_lock_s*) const            41750
  ossl_rcu_write_lock                                           42042
  Diagnostics::hasError() const                                 42376
  EVP_PKEY_asn1_get0                                            42376
  __read_nocancel                                               42542
  madvise                                                       44042
  Diagnostics::noError() const                                  44248
  small_malloc_from_free_list                                   44542
  ossl_rcu_write_unlock                                         45710
  small_free_list_add_ptr                                       45749
  tiny_free_list_remove_ptr                                     46043
  ossl_tdes_gettable_ctx_params                                 46251
  pthread_setspecific                                           46335
  small_free_list_remove_ptr_no_clear                           46416
  dyld3::MachOFile::read_uleb128(Diagnostics&, unsigned char const*&, unsigned char const*)            52751
  EVP_PKEY_asn1_get0_info                                       53375
  dyld4::LibSystemHelpers::os_unfair_recursive_lock_lock_with_options(os_unfair_recursive_lock_s*, os_unfair_lock_options_t) cons            53833
  szone_malloc                                                  54708
  pthread_cond_broadcast                                        55001
  get_tiny_previous_free_msize                                  55125
  dyld4::RuntimeState::PermanentRanges::contains(unsigned long, unsigned long, unsigned char*, dyld4::Loader const**) const            56708
  __write_nocancel                                              57166
  _tiny_check_and_zero_inline_meta_from_freelist                58083
  realloc                                                       60210
  tiny_size                                                     61042
  dyld4::LibSystemHelpers::os_unfair_lock_lock_with_options(os_unfair_lock_s*, os_unfair_lock_options_t) const            61999
  set_tiny_meta_header_in_use                                   63292
  _qsort                                                        64999
  lsl::EphemeralAllocator::allocate_buffer(unsigned long, unsigned long, unsigned long)            65084
  _szone_free                                                   68004
  os_unfair_lock_assert_owner                                   68459
  ossl_cipher_aead_gettable_ctx_params                          70708
  strcmp                                                        70750
  OPENSSL_sk_pop_free                                           72582
  __close_nocancel                                              75583
  tiny_free_list_add_ptr                                        76998
  szone_try_free_default                                        77540
  dyld3::kdebug_trace_dyld_duration_end(unsigned long long, unsigned int, dyld3::kt_arg, dyld3::kt_arg, dyld3::kt_arg)            79998
  rack_get_thread_index                                         82417
  invocation function for block in dyld3::MachOFile::getDylibInstallName(char const**, unsigned int*, unsigned int*) const            84583
  EVP_CIPHER_get_type                                           90833
  property_hash                                                 90999
  dyld3::OverflowSafeArray<unsigned int, 4294967295ul>::verifySpace(unsigned long)            94082
  dyld4::Loader::contains(dyld4::RuntimeState&, void const*, void const**, unsigned long long*, unsigned char*) const            96166
  pthread_cond_signal                                          102833
  nanov2_size                                                  111830
  Diagnostics::assertNoError() const                           112461
  pthread_rwlock_init                                          115504
  pthread_rwlock_destroy                                       121748
  __open_nocancel                                              126500
  os_unfair_lock_unlock                                        133711
  Diagnostics::~Diagnostics()                                  140498
  Diagnostics::Diagnostics(bool)                               150289
  get_legacy_evp_names                                         159794
  ossl_ctype_check                                             169252
  os_unfair_lock_lock_with_options                             174332
  EVP_MD_get_type                                              193622
  nanov2_pointer_size                                          194209
  free                                                         200791
  invocation function for block in dyld3::MachOFile::getEntry(unsigned long long&, bool&) const           202749
  _Block_object_dispose                                        217083
  nanov2_allocate_from_block                                   224167
  OPENSSL_hexchar2int                                          233708
  ossl_sa_set                                                  245784
  trim_ws                                                      274045
  strncmp                                                      283621
  invocation function for block in dyld4::JustInTimeLoader::contains(dyld4::RuntimeState&, void const*, void const**, unsigned lo           298502
  BUF_MEM_new                                                  300737
  names_free                                                   314329
  OBJ_get0_data                                                325499
  OPENSSL_LH_doall                                             327453
  OPENSSL_LH_flush                                             329341
  OSSL_PARAM_set_uint                                          340378
  ossl_provider_ctx                                            342129
  EVP_CIPHER_get_nid                                           363624
  conf_value_cmp                                               376628
  ossl_lib_ctx_unlock                                          379874
  invocation function for block in dyld3::MachOLoaded::findClosestSymbol(unsigned long long, char const**, unsigned long long*) c           390874
  OSSL_PARAM_locate_const                                      397208
  ossl_lib_ctx_read_lock                                       423546
  OPENSSL_LH_set_thunks                                        429044
  property_defn_cmp                                            439500
  ossl_cipher_generic_gettable_ctx_params                      444997
  evp_cipher_up_ref                                            456211
  ossl_provider_free                                           462880
  property_defn_hash                                           466207
  value_free_hash                                              469541
  function_hash                                                475165
  BN_free                                                      483626
  CRYPTO_realloc                                               488162
  ossl_provider_up_ref                                         491377
  ASN1_OBJECT_free                                             502628
  OSSL_PARAM_set_uint32                                        502836
  ossl_sa_get                                                  512910
  eat_alpha_numeric                                            514214
  sa_free_node                                                 545286
  OSSL_PARAM_construct_end                                     552338
  EVP_CIPHER_get0_provider                                     564038
  OSSL_PARAM_construct_uint                                    567210
  evp_cipher_free                                              573468
  do_all_fn                                                    587292
  EVP_CIPHER_free                                              623999
  ossl_provider_libctx                                         800210
  invocation function for block in dyld3::MachOLoaded::getLinkEditLoadCommands(Diagnostics&, dyld3::MachOLoaded::LinkEditInfo&) c           825332
  _platform_strncmp                                            863543
  internal_free_nop                                            864344
  name_string_free                                             894244
  OPENSSL_LH_error                                             923755
  invocation function for block in dyld3::MachOFile::forEachSegment(void (dyld3::MachOFile::SegmentInfo const&, bool&) block_poin          1110748
  OSSL_PARAM_set_size_t                                       1115342
  BUF_MEM_grow                                                1117739
  _os_once                                                    1154364
  pthread_getspecific                                         1158713
  sk_reserve                                                  1158826
  CRYPTO_THREAD_get_local                                     1283590
  _platform_memchr                                            1344623
  ossl_rcu_assign_uptr                                        1413748
  names_lh_free_doall                                         1523076
  OSSL_PARAM_set_uint64                                       1524863
  ossl_lib_ctx_get_data                                       1606279
  OSSL_PARAM_set_int                                          1614530
  pthread_mutex_lock                                          1728501
  _platform_strchr                                            1729246
  OSSL_PARAM_construct_size_t                                 1810787
  pthread_mutex_unlock                                        1826545
  _nanov2_free                                                1877831
  OPENSSL_sk_push                                             1969637
  _pthread_mutex_lock_init_slow                               1984170
  OPENSSL_sk_num                                              1999998
  _pthread_mutex_unlock_init_slow                             2081919
  _pthread_mutex_firstfit_lock_slow                           2197054
  _pthread_mutex_firstfit_unlock_slow                         2284879
  OPENSSL_sk_value                                            2326180
  OSSL_PARAM_set_int32                                        2436941
  obj_name_cmp                                                2502954
  OPENSSL_LH_strhash                                          2701993
  OSSL_PARAM_construct_int                                    2747217
  _platform_memcmp                                            2763703
  pthread_once                                                3101461
  OBJ_nid2obj                                                 3167447
  CRYPTO_atomic_load                                          3282322
  pthread_rwlock_rdlock                                       3328247
  SortFnByName                                                3352161
  ossl_lh_strcasehash                                         3656698
  __error                                                     3744930
  cipher_compare                                              3978542
  ossl_isdigit                                                3980948
  fnv1a_hash                                                  4435982
  _platform_memmove                                           6487918
  pthread_rwlock_wrlock                                       6651045
  pthread_rwlock_unlock                                      10012051
  err_string_data_cmp                                        10790614
  CRYPTO_free                                                12186245
  malloc                                                     13407590
  doapr_outch                                                15147858
  err_string_data_hash                                       16521255
  nanov2_malloc                                              18485356
  _platform_strlen                                           23153736
  _platform_memset                                           25385925
  nanov2_try_free_default                                    25741062
  _platform_strcmp                                           27963163
  ossl_tolower                                               59784980
