
  EVP_md5                                                        1708
  sigaction                                                      1708
  EVP_sha224                                                     1833
  pd_free                                                        1834
  EVP_bf_cbc                                                     1875
  EVP_des_ofb                                                    2000
  EVP_rc4                                                        2000
  UI_OpenSSL                                                     2000
  EVP_idea_cbc                                                   2041
  EVP_mdc2                                                       2041
  EVP_rc4_40                                                     2042
  EVP_sm4_cbc                                                    2042
  EVP_idea_ofb                                                   2083
  EVP_sha512                                                     2083
  EVP_bf_ofb                                                     2084
  EVP_rc2_ofb                                                    2084
  UI_null                                                        2084
  EVP_des_cfb8                                                   2125
  EVP_sha1                                                       2125
  EVP_des_ecb                                                    2167
  EVP_des_ede                                                    2167
  EVP_seed_ofb                                                   2167
  EVP_sm3                                                        2167
  EVP_rc2_cbc                                                    2208
  EVP_sm4_ctr                                                    2208
  EVP_bf_cfb64                                                   2250
  EVP_cast5_ofb                                                  2250
  EVP_chacha20                                                   2250
  EVP_md4                                                        2250
  EVP_rc2_cfb64                                                  2250
  EVP_seed_cbc                                                   2250
  EVP_sm4_ecb                                                    2250
  _cleanup                                                       2250
  strchr                                                         2250
  EVP_md5_sha1                                                   2291
  EVP_shake128                                                   2291
  EVP_sha3_512                                                   2292
  EVP_des_cbc                                                    2333
  EVP_sha512_256                                                 2333
  EVP_sm4_ofb                                                    2333
  app_get0_propq                                                 2333
  EVP_des_ede3                                                   2334
  EVP_idea_ecb                                                   2334
  COMP_get_type                                                  2375
  EVP_rc2_64_cbc                                                 2375
  EVP_ripemd160                                                  2375
  opt_unknown                                                    2375
  EVP_aes_192_gcm                                                2417
  EVP_aes_256_cbc                                                2417
  EVP_aes_256_ccm                                                2458
  EVP_aes_256_gcm                                                2458
  EVP_aes_256_ocb                                                2458
  EVP_aes_256_xts                                                2458
  EVP_des_cfb1                                                   2458
  EVP_sha384                                                     2458
  EVP_sha3_224                                                   2458
  EVP_aes_192_ccm                                                2459
  EVP_aes_256_ctr                                                2459
  EVP_bf_ecb                                                     2459
  EVP_seed_ecb                                                   2459
  EVP_aes_128_ctr                                                2500
  EVP_aes_192_cbc                                                2500
  EVP_aes_192_ctr                                                2500
  EVP_aes_192_ocb                                                2500
  EVP_sha512_224                                                 2500
  EVP_aes_192_cfb1                                               2541
  EVP_aria_256_ctr                                               2541
  EVP_shake256                                                   2541
  EVP_aes_128_cbc                                                2542
  EVP_aes_128_xts                                                2542
  EVP_aes_192_cfb8                                               2542
  EVP_aes_192_ecb                                                2542
  EVP_aes_256_cfb8                                               2542
  EVP_aes_256_ofb                                                2542
  EVP_aria_256_ccm                                               2542
  EVP_blake2s256                                                 2542
  EVP_cast5_cbc                                                  2542
  EVP_desx_cbc                                                   2542
  EVP_rc2_40_cbc                                                 2542
  EVP_sha3_384                                                   2542
  EVP_aes_192_ofb                                                2583
  EVP_aes_256_cfb1                                               2583
  EVP_aes_256_ecb                                                2583
  EVP_aria_192_ofb                                               2583
  EVP_aria_256_ecb                                               2583
  EVP_aria_256_gcm                                               2583
  EVP_aria_256_ofb                                               2583
  EVP_des_ede_ofb                                                2583
  release_engine                                                 2584
  EVP_aes_128_cfb1                                               2625
  EVP_aes_256_wrap                                               2625
  EVP_aria_128_ecb                                               2625
  EVP_aria_192_gcm                                               2625
  EVP_aria_256_cbc                                               2625
  EVP_rc2_ecb                                                    2625
  EVP_aria_192_ctr                                               2666
  EVP_seed_cfb128                                                2666
  EVP_aria_256_cfb1                                              2667
  vm_deallocate                                                  2667
  EVP_aria_128_ccm                                               2708
  EVP_aria_192_cbc                                               2708
  EVP_aria_192_cfb1                                              2708
  EVP_des_ede_cbc                                                2708
  EVP_sm4_cfb128                                                 2708
  EVP_aria_192_ccm                                               2709
  EVP_des_ede3_cbc                                               2709
  EVP_aes_128_ccm                                                2750
  EVP_aria_192_cfb8                                              2750
  EVP_idea_cfb64                                                 2750
  EVP_rc4_hmac_md5                                               2750
  opt_next                                                       2750
  EVP_aria_128_cfb8                                              2791
  def_to_int                                                     2791
  EVP_aes_128_cfb8                                               2792
  EVP_aes_128_ofb                                                2792
  EVP_aria_192_ecb                                               2792
  EVP_aria_256_cfb8                                              2792
  EVP_cast5_cfb64                                                2792
  EVP_des_ede3_cfb8                                              2792
  lh_FUNCTION_free                                               2792
  ossl_trace_cleanup                                             2792
  EVP_MD_free                                                    2833
  EVP_aes_192_wrap                                               2833
  EVP_aes_256_cfb128                                             2833
  EVP_blake2b512                                                 2833
  EVP_des_ede3_wrap                                              2833
  EVP_sha3_256                                                   2833
  strrchr                                                        2833
  EVP_aes_128_ocb                                                2834
  ENGINE_set_id                                                  2875
  ENGINE_set_name                                                2875
  EVP_aes_128_wrap                                               2875
  EVP_aria_128_cbc                                               2875
  EVP_aria_128_ctr                                               2875
  EVP_aria_128_ofb                                               2875
  EVP_cast5_ecb                                                  2875
  EVP_des_ede3_ofb                                               2875
  EVP_whirlpool                                                  2875
  property_cmp                                                   2875
  NCONF_default                                                  2917
  EVP_aria_192_cfb128                                            2958
  signal                                                         2958
  EVP_des_ede3_cfb1                                              2959
  def_init_default                                               2959
  BIO_f_cipher                                                   3000
  EVP_aes_192_cfb128                                             3000
  EVP_aria_128_cfb1                                              3000
  EVP_des_ede_cfb64                                              3000
  EVP_camellia_256_ofb                                           3041
  __smakebuf                                                     3041
  getrlimit                                                      3041
  EVP_aes_128_gcm                                                3042
  EVP_aria_128_gcm                                               3042
  EVP_camellia_192_ctr                                           3042
  function_cmp                                                   3042
  query_hash                                                     3042
  EVP_aes_192_wrap_pad                                           3083
  EVP_aes_256_wrap_pad                                           3083
  EVP_camellia_192_cbc                                           3083
  EVP_camellia_192_ofb                                           3083
  OBJ_obj2txt                                                    3083
  __cxa_finalize                                                 3083
  EVP_aes_128_cfb128                                             3084
  EVP_aria_128_cfb128                                            3084
  OSSL_LIB_CTX_get_data                                          3084
  EVP_aria_256_cfb128                                            3125
  ossl_store_cleanup_int                                         3125
  COMP_zlib                                                      3166
  EVP_camellia_128_ctr                                           3166
  EVP_des_ede3_cfb64                                             3166
  EVP_camellia_128_ofb                                           3167
  UI_method_set_writer                                           3167
  EVP_aes_128_ecb                                                3208
  UI_method_set_closer                                           3208
  EVP_camellia_256_ctr                                           3209
  UI_method_set_reader                                           3209
  EVP_aes_128_wrap_pad                                           3250
  EVP_camellia_128_cfb1                                          3250
  EVP_camellia_192_cfb1                                          3250
  EVP_chacha20_poly1305                                          3250
  EVP_des_cfb64                                                  3292
  EVP_camellia_256_cfb8                                          3333
  EVP_camellia_256_cbc                                           3334
  ossl_comp_zstd_cleanup                                         3334
  EVP_camellia_128_cbc                                           3375
  EVP_camellia_128_cfb8                                          3375
  EVP_camellia_256_cfb1                                          3375
  EVP_camellia_256_ecb                                           3375
  opt_set_unknown_name                                           3375
  EVP_camellia_192_cfb8                                          3416
  EVP_CIPHER_get_flags                                           3417
  app_RAND_write                                                 3417
  EVP_add_alg_module                                             3458
  ossl_prov_ctx_free                                             3458
  ENGINE_set_flags                                               3459
  EVP_camellia_192_ecb                                           3500
  OSSL_PARAM_modified                                            3500
  UI_method_set_opener                                           3500
  bio_sock_cleanup_int                                           3500
  ASN1_add_stable_module                                         3541
  init_thread_stop                                               3542
  EVP_camellia_128_ecb                                           3583
  EVP_camellia_128_cfb128                                        3584
  OSSL_STORE_register_loader                                     3584
  EVP_camellia_192_cfb128                                        3625
  EVP_camellia_256_cfb128                                        3625
  engine_load_rdrand_int                                         3625
  ossl_comp_brotli_cleanup                                       3625
  BIO_meth_set_ctrl                                              3666
  EVP_CipherFinal_ex                                             3708
  free_medium                                                    3708
  store_loader_cmp                                               3709
  ossl_lib_ctx_write_lock                                        3750
  evp_app_cleanup_int                                            3791
  ASN1_add_oid_module                                            3833
  opt_check_rest_arg                                             3833
  ossl_comp_zlib_cleanup                                         3834
  BIO_meth_set_puts                                              3916
  ossl_prov_ctx_set0_handle                                      3916
  BIO_meth_set_create                                            3917
  EVP_CIPHER_fetch                                               3917
  EVP_CipherUpdate                                               3958
  NCONF_get0_libctx                                              3958
  ENGINE_set_cmd_defns                                           3959
  dyld4::APIs::_tlv_exit()                                       3959
  ERR_print_errors                                               4000
  ossl_prov_ctx_new                                              4000
  ERR_get_error_all                                              4041
  BIO_meth_set_destroy                                           4042
  ossl_lib_ctx_is_default                                        4083
  ossl_method_unlock_store                                       4083
  EVP_CIPHER_get_iv_length                                       4125
  OSSL_LIB_CTX_free                                              4125
  ossl_prov_ctx_get0_libctx                                      4125
  BIO_meth_set_gets                                              4166
  aes_192_ctr_get_params                                         4167
  ossl_child_prov_ctx_new                                        4167
  aes_256_ctr_get_params                                         4208
  EVP_PKEY_asn1_get_count                                        4209
  ossl_cipher_generic_reset_ctx                                  4209
  core_get_libctx                                                4250
  ossl_config_add_ssl_module                                     4250
  ossl_prov_ctx_set0_libctx                                      4250
  ENGINE_add_conf_module                                         4291
  aes_128_ctr_get_params                                         4291
  chacha20_get_params                                            4291
  OSSL_ERR_STATE_new                                             4292
  aes_128_ofb_get_params                                         4292
  aes_192_ecb_get_params                                         4292
  aes_256_cfb_get_params                                         4292
  aria_128_cfb_get_params                                        4292
  __sigaction                                                    4333
  aria_192_ecb_get_params                                        4333
  ossl_stored_namemap_free                                       4333
  CRYPTO_THREAD_get_current_id                                   4334
  aes_v8_set_encrypt_key                                         4334
  ENGINE_set_ctrl_function                                       4375
  aes_128_cfb_get_params                                         4375
  aes_192_cfb8_get_params                                        4375
  aes_192_ocb_get_params                                         4375
  aes_256_cbc_get_params                                         4375
  aria_128_cfb1_get_params                                       4375
  aria_192_ccm_get_params                                        4375
  aria_192_ctr_get_params                                        4375
  null_gettable_ctx_params                                       4375
  aes_192_cfb_get_params                                         4416
  aes_256_cfb1_get_params                                        4416
  OSSL_STORE_unregister_loader                                   4417
  aria_192_ofb_get_params                                        4417
  aria_256_ofb_get_params                                        4417
  chacha20_gettable_ctx_params                                   4417
  ossl_bio_core_globals_free                                     4417
  pthread_cond_destroy                                           4417
  sm4_128_cbc_get_params                                         4417
  sm4_128_ctr_get_params                                         4417
  EVP_aes_256_cbc_hmac_sha1                                      4458
  aes_192_ofb_get_params                                         4458
  aes_256_ccm_get_params                                         4458
  aria_192_cbc_get_params                                        4458
  lsl::Lock::unlock()                                            4458
  sm4_128_ccm_get_params                                         4458
  aes_128_cfb8_get_params                                        4459
  aes_128_ecb_get_params                                         4459
  tdes_ede3_cbc_get_params                                       4459
  ENGINE_set_init_function                                       4500
  aes_128_xts_get_params                                         4500
  aes_192_cbc_get_params                                         4500
  aes_192_gcm_get_params                                         4500
  aes_256_cfb8_get_params                                        4500
  aria_128_cfb8_get_params                                       4500
  aria_256_cfb_get_params                                        4500
  aria_256_ctr_get_params                                        4500
  ossl_bio_core_globals_new                                      4500
  aes_256_siv_get_params                                         4541
  aria_128_ecb_get_params                                        4541
  rack_region_insert                                             4541
  CONF_imodule_get_value                                         4542
  OSSL_STORE_LOADER_set_eof                                      4542
  aes_192_cfb1_get_params                                        4542
  aes_192_wrap_get_params                                        4542
  aria_128_gcm_get_params                                        4542
  aes_128_ocb_get_params                                         4583
  aria_128_ofb_get_params                                        4583
  aria_192_cfb8_get_params                                       4583
  aria_192_cfb_get_params                                        4583
  aes_128_cbc_get_params                                         4584
  aria_256_cfb1_get_params                                       4584
  ossl_random_add_conf_module                                    4584
  aes_128_gcm_get_params                                         4625
  aes_192_siv_get_params                                         4625
  aes_cts_192_cbc_get_params                                     4625
  aes_v8_ctr32_encrypt_blocks                                    4625
  ossl_ctx_global_properties_new                                 4625
  BIO_free                                                       4666
  OPENSSL_cpuid_setup                                            4666
  OSSL_CMP_log_close                                             4666
  OSSL_STORE_LOADER_set_close                                    4666
  tiny_try_realloc_in_place                                      4666
  BIO_meth_set_read_ex                                           4667
  ENGINE_set_finish_function                                     4667
  EVP_aes_256_cbc_hmac_sha256                                    4667
  aes_128_ccm_get_params                                         4667
  aes_128_siv_get_params                                         4667
  aes_256_gcm_get_params                                         4667
  aria_192_cfb1_get_params                                       4667
  aria_256_ccm_get_params                                        4667
  aria_256_cfb8_get_params                                       4667
  sm4_128_ecb_get_params                                         4667
  sm4_128_xts_get_params                                         4667
  aes_192_wrappad_get_params                                     4708
  aes_256_xts_get_params                                         4708
  aria_128_cbc_get_params                                        4708
  aria_128_ccm_get_params                                        4708
  aria_192_gcm_get_params                                        4708
  engine_pkey_meths_free                                         4708
  tdes_ede2_ecb_get_params                                       4708
  OSSL_STORE_LOADER_set_load                                     4709
  aria_256_cbc_get_params                                        4709
  camellia_256_cfb_get_params                                    4709
  BIO_meth_set_write_ex                                          4750
  OSSL_STORE_LOADER_set_error                                    4750
  UI_method_set_prompt_constructor                               4750
  aes_192_wrapinv_get_params                                     4750
  aes_256_ofb_get_params                                         4750
  aes_cts_128_cbc_get_params                                     4750
  ossl_provider_add_conf_module                                  4750
  pthread_self                                                   4750
  sm4_128_cfb128_get_params                                      4750
  tdes_ede2_cbc_get_params                                       4750
  tdes_ede3_cfb8_get_params                                      4750
  OSSL_STORE_LOADER_free                                         4791
  aes_128_wrappad_get_params                                     4791
  sm4_128_ofb128_get_params                                      4791
  OSSL_STORE_LOADER_set_open                                     4792
  aes_128_cfb1_get_params                                        4792
  tdes_wrap_get_params                                           4792
  EVP_aes_128_cbc_hmac_sha256                                    4833
  ossl_prov_cipher_hw_aes_ctr                                    4833
  sm4_128_gcm_get_params                                         4833
  tdes_ede2_cfb_get_params                                       4833
  tdes_ede3_cfb_get_params                                       4833
  OSSL_trace_set_channel                                         4834
  aria_128_ctr_get_params                                        4834
  ossl_prov_ctx_set0_core_bio_method                             4834
  aria_256_gcm_get_params                                        4875
  tdes_ede3_cfb1_get_params                                      4875
  tdes_ede3_ofb_get_params                                       4875
  aes_192_ccm_get_params                                         4916
  aes_256_wrap_get_params                                        4916
  camellia_192_cbc_get_params                                    4916
  ossl_indicator_set_callback_new                                4916
  tdes_ede2_ofb_get_params                                       4916
  aes_256_ecb_get_params                                         4917
  camellia_128_ecb_get_params                                    4917
  camellia_256_ofb_get_params                                    4917
  ossl_self_test_set_callback_free                               4917
  EVP_sha256                                                     4958
  camellia_128_cfb_get_params                                    4958
  camellia_128_ctr_get_params                                    4958
  camellia_256_cbc_get_params                                    4958
  ossl_indicator_set_callback_free                               4958
  ENGINE_load_builtin_engines                                    4959
  aes_cts_256_cbc_get_params                                     4959
  OSSL_STORE_LOADER_set_expect                                   5000
  aes_256_ocb_get_params                                         5000
  aes_256_wrappad_get_params                                     5000
  camellia_128_cbc_get_params                                    5000
  camellia_192_cfb1_get_params                                   5000
  camellia_192_ctr_get_params                                    5000
  ossl_rand_cleanup_int                                          5000
  ossl_store_register_init                                       5000
  ossl_method_lock_store                                         5041
  Diagnostics::clearError()                                      5042
  __fcntl                                                        5042
  aes_128_wrapinv_get_params                                     5042
  aes_256_wrapinv_get_params                                     5042
  aria_256_ecb_get_params                                        5042
  camellia_256_ctr_get_params                                    5042
  def_is_number                                                  5042
  memset                                                         5042
  ossl_property_has_optional                                     5042
  ENGINE_get_cipher_engine                                       5083
  camellia_256_cfb1_get_params                                   5083
  medium_region_for_ptr_no_lock                                  5083
  tdes_ede3_ecb_get_params                                       5083
  EVP_aes_128_cbc_hmac_sha1                                      5084
  aes_256_wrappadinv_get_params                                  5084
  camellia_192_cfb_get_params                                    5084
  camellia_128_cfb1_get_params                                   5125
  camellia_128_ofb_get_params                                    5125
  camellia_256_cfb8_get_params                                   5125
  ossl_free_compression_methods_int                              5125
  aes_128_wrappadinv_get_params                                  5166
  engine_remove_dynamic_id                                       5167
  ossl_property_match_count                                      5167
  camellia_128_cfb8_get_params                                   5208
  camellia_cts_192_cbc_get_params                                5209
  ossl_self_test_set_callback_new                                5209
  camellia_192_cfb8_get_params                                   5250
  camellia_192_ofb_get_params                                    5250
  OSSL_PARAM_get_int                                             5291
  camellia_256_ecb_get_params                                    5291
  EVP_CIPHER_get_key_length                                      5292
  OPENSSL_sk_sort                                                5292
  aes_192_wrappadinv_get_params                                  5292
  camellia_192_ecb_get_params                                    5333
  ossl_init_thread_deregister                                    5333
  engine_pkey_asn1_meths_free                                    5334
  ossl_aes_256_gcm_siv_get_params                                5375
  ossl_provider_unquery_operation                                5375
  chacha20_poly1305_get_params                                   5417
  ossl_prov_ctx_get0_core_bio_method                             5459
  ossl_aes_192_gcm_siv_get_params                                5541
  chacha20_poly1305_gettable_ctx_params                          5542
  getegid                                                        5542
  app_get0_libctx                                                5583
  camellia_cts_128_cbc_get_params                                5625
  aes_128_wrap_get_params                                        5667
  EVP_CIPHER_CTX_get_block_size                                  5708
  camellia_cts_256_cbc_get_params                                5708
  medium_malloc_from_free_list                                   5708
  OSSL_LIB_CTX_set_conf_diagnostics                              5750
  geteuid                                                        5834
  ossl_aes_128_gcm_siv_get_params                                5834
  opt_arg                                                        5874
  getuid                                                         6041
  getgid                                                         6083
  BIO_set_data                                                   6084
  EVP_RAND_CTX_free                                              6167
  ossl_prov_bio_from_dispatch                                    6417
  free_small                                                     6584
  OSSL_PARAM_get_int32                                           6625
  dyld4::RuntimeState::notifyObjCPatching()                      6666
  close                                                          6667
  dyld3::kdebug_trace_dyld_enabled(unsigned int)                 6667
  lsl::Lock::lock()                                              6667
  ossl_prov_seeding_from_dispatch                                6667
  EVP_CIPHER_get_mode                                            6708
  dyld4::Loader::hiddenFromFlat(bool) const                      6750
  BIO_next                                                       6791
  __getrlimit                                                    6792
  dyld4::BumpAllocator::~BumpAllocator()                         6958
  dyld4::handleFromLoader(dyld4::Loader const*, bool)             7125
  _platform_strnlen                                              7208
  EVP_CipherInit_ex                                              7334
  store_loader_hash                                              7417
  _kernelrpc_mach_port_deallocate_trap                           7500
  OPENSSL_sk_pop                                                 7667
  ENGINE_register_EC                                             7750
  err_unshelve_state                                             7791
  ENGINE_register_DH                                             7833
  _kernelrpc_mach_port_construct_trap                            7917
  dyld4::JustInTimeLoader::hiddenFromFlat(bool) const             7917
  openssl_fopen                                                  7917
  flsl                                                           7999
  BIO_copy_next_retry                                            8042
  ENGINE_register_RSA                                            8083
  ENGINE_register_DSA                                            8084
  file_ctrl                                                      8125
  bio_open_default                                               8209
  lsl::EphemeralAllocator::reset()                               8209
  ossl_lib_ctx_get_concrete                                      8249
  ENGINE_register_RAND                                           8292
  X509_get_default_cert_area                                     8292
  dyld4::Loader::beginInitializers(dyld4::RuntimeState&)             8375
  __sclose                                                       8583
  _kernelrpc_mach_vm_map_trap                                    8625
  strlen                                                         8667
  ossl_sa_new                                                    8874
  dyld4::RuntimeState::incDlRefCount(dyld4::Loader const*)             8916
  ENGINE_register_ciphers                                        9083
  ossl_property_free                                             9084
  BIO_set_init                                                   9167
  lsl::Vector<dyld4::Loader const*>::reserveExact(unsigned long)             9167
  __sflags                                                       9209
  deflt_query                                                    9291
  ENGINE_register_digests                                        9333
  DSO_METHOD_openssl                                             9583
  BIO_set_flags                                                  9666
  dyld4::JustInTimeLoader::beginInitializers(dyld4::RuntimeState&)             9708
  ENGINE_register_pkey_meths                                     9791
  ossl_cipher_generic_set_ctx_params                            10000
  CRYPTO_atomic_or                                              10167
  lsl::Vector<lsl::MemoryManager::Buffer>::reserve(unsigned long)            10292
  OSSL_LIB_CTX_get_conf_diagnostics                             10293
  ossl_lib_ctx_get_ex_data_global                               10459
  ossl_cipher_generic_einit                                     10583
  ENGINE_register_pkey_asn1_meths                               10918
  ossl_lib_ctx_get_rcukey                                       11126
  engine_free_util                                              11250
  ossl_sa_doall_arg                                             11417
  NCONF_get_section                                             11458
  OPENSSL_cleanse                                               11583
  dyld4::RuntimeState::doSingletonPatching(dyld4::DyldCacheDataConstLazyScopedWriter&)            12041
  aes_siv_gettable_ctx_params                                   12209
  __bzero                                                       12250
  ossl_property_value                                           12333
  EVP_add_cipher                                                12542
  fstat                                                         12917
  ossl_cipher_capable_aes_cbc_hmac_sha256                       12917
  ossl_cipher_capable_aes_cbc_hmac_sha1                         13167
  cipher_ocb_gettable_ctx_params                                13459
  aes_cbc_cts_gettable_ctx_params                               13625
  dyld4::Loader::loadDependents(Diagnostics&, dyld4::RuntimeState&, dyld4::Loader::LoadOptions const&)            13875
  dyld4::DyldCacheDataConstLazyScopedWriter::DyldCacheDataConstLazyScopedWriter(dyld4::RuntimeState&)            14041
  DSO_free                                                      14082
  dyld4::Loader::path() const                                   14291
  lsl::EphemeralAllocator::~EphemeralAllocator()                14292
  BIO_clear_flags                                               14376
  small_try_realloc_in_place                                    14542
  sa_doall                                                      14582
  _NSGetEnviron                                                 14665
  CRYPTO_atomic_add                                             14709
  BIO_get_data                                                  14750
  camellia_cbc_cts_gettable_ctx_params                          15334
  ossl_aes_gcm_siv_gettable_ctx_params                          15417
  dyld4::JustInTimeLoader::loadDependents(Diagnostics&, dyld4::RuntimeState&, dyld4::Loader::LoadOptions const&)            15459
  __sflush                                                      15835
  dyld3::MachOFile::is64() const                                15875
  _kernelrpc_mach_vm_deallocate_trap                            16125
  os_unfair_recursive_lock_unlock                               16375
  ossl_prov_is_running                                          16668
  file_new                                                      16708
  file_free                                                     16916
  _kernelrpc_mach_port_destruct_trap                            17250
  CRYPTO_THREAD_lock_free                                       17459
  invocation function for block in dyld4::Loader::forEachPath(Diagnostics&, dyld4::RuntimeState&, char const*, dyld4::Loader::Loa            17708
  pthread_mutex_destroy                                         17833
  dyld4::JustInTimeLoader::path() const                         18000
  OPENSSL_LH_get_down_load                                      18209
  kdebug_is_enabled                                             18291
  FMT_istext                                                    18293
  pthread_cond_init                                             18375
  __chkstk_darwin_probe                                         20459
  property_free                                                 20459
  dyld4::LibSystemHelpers::pthread_getspecific(unsigned long) const            20750
  dyld4::Loader::matchesPath(char const*) const                 21001
  os_unfair_recursive_lock_lock_with_options                    21209
  BIO_new                                                       21708
  os_unfair_lock_assert_not_owner                               21708
  ___chkstk_darwin                                              21875
  small_size                                                    22001
  lsl::EphemeralAllocator::deallocate_buffer(lsl::MemoryManager::Buffer)            22667
  dyld4::ProcessConfig::DyldCache::indexOfPath(char const*, unsigned int&) const            22834
  pthread_mutex_init                                            23834
  mach_msg2_trap                                                24292
  dyld4::Loader::loadAddress(dyld4::RuntimeState&) const            25708
  dyld3::ScopedTimer::endTimer()                                26291
  __findenv_locked                                              26543
  lsl::MemoryManager::lockGuard()                               27166
  OPENSSL_strnlen                                               27251
  OPENSSL_sk_delete                                             28334
  dyld4::JustInTimeLoader::loadAddress(dyld4::RuntimeState&) const            28500
  ossl_property_name                                            28750
  __open                                                        32333
  _pthread_mutex_check_init_slow                                32961
  lsl::AllocationMetadata::AllocationMetadata(lsl::Allocator*, unsigned long)            34500
  CRYPTO_new_ex_data                                            35042
  szone_good_size                                               37250
  OPENSSL_LH_set_down_load                                      37873
  __read_nocancel                                               38501
  small_free_list_find_by_ptr                                   39376
  dyld4::LibSystemHelpers::os_unfair_recursive_lock_unlock(os_unfair_recursive_lock_s*) const            39543
  OPENSSL_sk_free                                               39627
  small_malloc_from_free_list                                   40000
  Diagnostics::hasError() const                                 40082
  dyld4::LibSystemHelpers::os_unfair_lock_unlock(os_unfair_lock_s*) const            40626
  ossl_rcu_write_lock                                           41917
  EVP_PKEY_asn1_get0                                            42289
  Diagnostics::noError() const                                  43916
  ossl_rcu_write_unlock                                         45706
  tiny_free_list_remove_ptr                                     45709
  pthread_setspecific                                           45710
  ossl_tdes_gettable_ctx_params                                 45917
  small_free_list_remove_ptr                                    47043
  madvise                                                       47624
  dyld4::RuntimeState::PermanentRanges::contains(unsigned long, unsigned long, unsigned char*, dyld4::Loader const**) const            50167
  dyld3::MachOFile::read_uleb128(Diagnostics&, unsigned char const*&, unsigned char const*)            50250
  dyld4::LibSystemHelpers::os_unfair_recursive_lock_lock_with_options(os_unfair_recursive_lock_s*, os_unfair_lock_options_t) cons            53250
  pthread_cond_broadcast                                        55042
  small_free_list_add_ptr                                       56208
  EVP_PKEY_asn1_get0_info                                       56418
  tiny_size                                                     57873
  small_free_list_remove_ptr_no_clear                           58001
  __write_nocancel                                              58874
  dyld4::LibSystemHelpers::os_unfair_lock_lock_with_options(os_unfair_lock_s*, os_unfair_lock_options_t) const            59125
  get_tiny_previous_free_msize                                  60625
  realloc                                                       60917
  szone_malloc                                                  62086
  set_tiny_meta_header_in_use                                   63166
  lsl::EphemeralAllocator::allocate_buffer(unsigned long, unsigned long, unsigned long)            66084
  _tiny_check_and_zero_inline_meta_from_freelist                66125
  _qsort                                                        67794
  _szone_free                                                   68458
  OPENSSL_sk_pop_free                                           70169
  strcmp                                                        70750
  ossl_cipher_aead_gettable_ctx_params                          70751
  os_unfair_lock_assert_owner                                   73459
  __close_nocancel                                              73541
  tiny_free_list_add_ptr                                        76456
  szone_try_free_default                                        76583
  dyld3::kdebug_trace_dyld_duration_end(unsigned long long, unsigned int, dyld3::kt_arg, dyld3::kt_arg, dyld3::kt_arg)            80499
  invocation function for block in dyld3::MachOFile::getDylibInstallName(char const**, unsigned int*, unsigned int*) const            81459
  rack_get_thread_index                                         81748
  property_hash                                                 84877
  EVP_CIPHER_get_type                                           89581
  dyld3::OverflowSafeArray<unsigned int, 4294967295ul>::verifySpace(unsigned long)            91125
  dyld4::Loader::contains(dyld4::RuntimeState&, void const*, void const**, unsigned long long*, unsigned char*) const            94085
  pthread_cond_signal                                          103626
  Diagnostics::assertNoError() const                           108375
  pthread_rwlock_init                                          111459
  nanov2_size                                                  113045
  pthread_rwlock_destroy                                       119708
  os_unfair_lock_unlock                                        126585
  Diagnostics::~Diagnostics()                                  137835
  Diagnostics::Diagnostics(bool)                               145123
  __open_nocancel                                              145751
  get_legacy_evp_names                                         157753
  nanov2_allocate_from_block                                   164458
  ossl_ctype_check                                             168164
  os_unfair_lock_lock_with_options                             172172
  invocation function for block in dyld3::MachOFile::getEntry(unsigned long long&, bool&) const           186584
  nanov2_pointer_size                                          191959
  EVP_MD_get_type                                              192290
  free                                                         203802
  _Block_object_dispose                                        207498
  OPENSSL_hexchar2int                                          233999
  ossl_sa_set                                                  244462
  strncmp                                                      270544
  trim_ws                                                      278623
  invocation function for block in dyld4::JustInTimeLoader::contains(dyld4::RuntimeState&, void const*, void const**, unsigned lo           296377
  BUF_MEM_new                                                  302254
  names_free                                                   311211
  OBJ_get0_data                                                326078
  OPENSSL_LH_flush                                             326496
  OPENSSL_LH_doall                                             326971
  OSSL_PARAM_set_uint                                          339380
  ossl_provider_ctx                                            340797
  EVP_CIPHER_get_nid                                           364617
  conf_value_cmp                                               375001
  ossl_lib_ctx_unlock                                          378041
  invocation function for block in dyld3::MachOLoaded::findClosestSymbol(unsigned long long, char const**, unsigned long long*) c           392875
  OSSL_PARAM_locate_const                                      396135
  ossl_lib_ctx_read_lock                                       421958
  OPENSSL_LH_set_thunks                                        428621
  property_defn_cmp                                            437999
  ossl_cipher_generic_gettable_ctx_params                      444833
  evp_cipher_up_ref                                            454705
  ossl_provider_free                                           460288
  property_defn_hash                                           464367
  BN_free                                                      471996
  value_free_hash                                              473835
  function_hash                                                477213
  CRYPTO_realloc                                               486200
  ossl_provider_up_ref                                         493208
  OSSL_PARAM_set_uint32                                        498492
  ASN1_OBJECT_free                                             501917
  eat_alpha_numeric                                            512877
  ossl_sa_get                                                  519294
  sa_free_node                                                 547799
  OSSL_PARAM_construct_end                                     549172
  EVP_CIPHER_get0_provider                                     560875
  OSSL_PARAM_construct_uint                                    567458
  evp_cipher_free                                              570677
  do_all_fn                                                    579704
  EVP_CIPHER_free                                              627214
  ossl_provider_libctx                                         797995
  invocation function for block in dyld3::MachOLoaded::getLinkEditLoadCommands(Diagnostics&, dyld3::MachOLoaded::LinkEditInfo&) c           816085
  internal_free_nop                                            845006
  _platform_strncmp                                            867042
  name_string_free                                             883987
  OPENSSL_LH_error                                             919628
  invocation function for block in dyld3::MachOFile::forEachSegment(void (dyld3::MachOFile::SegmentInfo const&, bool&) block_poin          1109710
  OSSL_PARAM_set_size_t                                       1116884
  BUF_MEM_grow                                                1127329
  sk_reserve                                                  1150385
  pthread_getspecific                                         1156420
  _os_once                                                    1222323
  CRYPTO_THREAD_get_local                                     1281174
  _platform_memchr                                            1347410
  ossl_rcu_assign_uptr                                        1407166
  OSSL_PARAM_set_uint64                                       1511416
  names_lh_free_doall                                         1512677
  OSSL_PARAM_set_int                                          1610416
  ossl_lib_ctx_get_data                                       1610880
  _platform_strchr                                            1726670
  pthread_mutex_lock                                          1730284
  OSSL_PARAM_construct_size_t                                 1805986
  pthread_mutex_unlock                                        1835874
  _nanov2_free                                                1865064
  OPENSSL_sk_push                                             1964912
  _pthread_mutex_lock_init_slow                               1984843
  OPENSSL_sk_num                                              2011725
  _pthread_mutex_unlock_init_slow                             2092085
  _pthread_mutex_firstfit_lock_slow                           2210836
  _pthread_mutex_firstfit_unlock_slow                         2292875
  OPENSSL_sk_value                                            2311829
  OSSL_PARAM_set_int32                                        2439413
  obj_name_cmp                                                2490427
  OPENSSL_LH_strhash                                          2698291
  _platform_memcmp                                            2725170
  OSSL_PARAM_construct_int                                    2739756
  pthread_once                                                3002883
  OBJ_nid2obj                                                 3103564
  CRYPTO_atomic_load                                          3269950
  pthread_rwlock_rdlock                                       3307382
  SortFnByName                                                3415470
  ossl_lh_strcasehash                                         3651425
  __error                                                     3756704
  ossl_isdigit                                                3973008
  cipher_compare                                              4035906
  fnv1a_hash                                                  4409114
  _platform_memmove                                           6486307
  pthread_rwlock_wrlock                                       6643359
  pthread_rwlock_unlock                                       9909008
  err_string_data_cmp                                        10827383
  CRYPTO_free                                                12252579
  malloc                                                     13336390
  doapr_outch                                                15039884
  err_string_data_hash                                       16597179
  nanov2_malloc                                              18393584
  _platform_strlen                                           23132312
  _platform_memset                                           25364072
  nanov2_try_free_default                                    25995828
  _platform_strcmp                                           27911608
  ossl_tolower                                               59387795
