
  pd_free                                                        1750
  EVP_sha1                                                       1917
  sigaction                                                      1958
  EVP_des_ecb                                                    2041
  EVP_rc4_40                                                     2041
  EVP_sm4_ctr                                                    2041
  EVP_rc2_ofb                                                    2042
  EVP_sha224                                                     2042
  EVP_sm3                                                        2042
  UI_OpenSSL                                                     2042
  EVP_des_ofb                                                    2083
  EVP_md5                                                        2083
  EVP_mdc2                                                       2083
  EVP_sha384                                                     2083
  EVP_bf_ofb                                                     2125
  EVP_rc2_cbc                                                    2125
  EVP_sha512                                                     2125
  EVP_sm4_cbc                                                    2125
  _cleanup                                                       2125
  EVP_rc4                                                        2167
  EVP_des_ede                                                    2208
  EVP_seed_cbc                                                   2208
  EVP_seed_ofb                                                   2208
  EVP_sha3_224                                                   2208
  UI_null                                                        2208
  opt_unknown                                                    2208
  EVP_bf_cbc                                                     2250
  EVP_sm4_ofb                                                    2250
  EVP_des_cfb8                                                   2291
  EVP_idea_ofb                                                   2292
  EVP_md4                                                        2292
  strchr                                                         2292
  EVP_sha3_512                                                   2333
  EVP_idea_cbc                                                   2334
  EVP_sha512_224                                                 2334
  EVP_sha512_256                                                 2375
  EVP_shake128                                                   2375
  EVP_shake256                                                   2375
  EVP_chacha20                                                   2416
  EVP_des_cbc                                                    2416
  EVP_rc2_cfb64                                                  2416
  EVP_seed_ecb                                                   2416
  EVP_cast5_ofb                                                  2417
  EVP_rc2_ecb                                                    2417
  EVP_ripemd160                                                  2458
  EVP_sm4_ecb                                                    2458
  vm_deallocate                                                  2458
  EVP_bf_ecb                                                     2459
  EVP_aes_192_gcm                                                2500
  EVP_bf_cfb64                                                   2500
  EVP_blake2s256                                                 2500
  EVP_des_ede3                                                   2500
  EVP_md5_sha1                                                   2500
  EVP_sha3_384                                                   2500
  opt_next                                                       2500
  EVP_aes_256_ctr                                                2541
  EVP_aes_128_cbc                                                2542
  EVP_aes_128_ctr                                                2542
  EVP_aes_192_cbc                                                2542
  EVP_des_cfb1                                                   2542
  EVP_sha3_256                                                   2542
  EVP_MD_free                                                    2583
  EVP_aes_128_ccm                                                2583
  EVP_aes_192_ccm                                                2583
  EVP_des_ede_cbc                                                2583
  lh_FUNCTION_free                                               2583
  EVP_aes_128_ofb                                                2584
  EVP_aes_256_ofb                                                2584
  EVP_desx_cbc                                                   2584
  release_engine                                                 2584
  EVP_aes_256_cbc                                                2625
  EVP_aes_256_xts                                                2625
  EVP_cast5_cbc                                                  2625
  EVP_des_ede_ofb                                                2625
  EVP_seed_cfb128                                                2625
  app_get0_propq                                                 2625
  COMP_get_type                                                  2666
  EVP_aria_256_ctr                                               2666
  EVP_idea_ecb                                                   2666
  EVP_aria_256_ofb                                               2667
  EVP_cast5_ecb                                                  2667
  EVP_des_ede3_ofb                                               2667
  EVP_rc2_64_cbc                                                 2667
  ossl_trace_cleanup                                             2667
  ENGINE_set_name                                                2708
  EVP_aes_192_ecb                                                2708
  EVP_aes_192_ocb                                                2708
  EVP_aes_256_cfb1                                               2708
  EVP_aria_128_ecb                                               2708
  EVP_aria_192_ccm                                               2708
  EVP_cast5_cfb64                                                2708
  EVP_rc2_40_cbc                                                 2708
  strrchr                                                        2708
  EVP_aes_192_ofb                                                2709
  EVP_aes_256_ccm                                                2709
  EVP_aes_256_cfb8                                               2709
  ENGINE_set_id                                                  2750
  EVP_aes_192_cfb1                                               2750
  EVP_aes_192_cfb8                                               2750
  EVP_aria_192_ofb                                               2750
  EVP_aria_256_gcm                                               2750
  EVP_sm4_cfb128                                                 2750
  EVP_whirlpool                                                  2750
  query_hash                                                     2750
  EVP_des_ede3_cbc                                               2791
  EVP_aes_128_cfb1                                               2792
  EVP_aes_256_gcm                                                2792
  EVP_aria_192_cbc                                               2792
  EVP_aria_256_cbc                                               2792
  EVP_idea_cfb64                                                 2792
  def_to_int                                                     2792
  BIO_f_cipher                                                   2833
  EVP_aes_128_xts                                                2833
  EVP_aes_192_ctr                                                2833
  EVP_aria_256_cfb1                                              2833
  EVP_des_ede3_cfb1                                              2833
  EVP_aria_256_ecb                                               2834
  EVP_aes_256_ecb                                                2875
  EVP_aes_256_ocb                                                2875
  EVP_aes_256_wrap                                               2875
  EVP_aria_192_gcm                                               2875
  EVP_blake2b512                                                 2875
  EVP_rc4_hmac_md5                                               2875
  EVP_aria_128_ctr                                               2916
  EVP_aria_256_ccm                                               2916
  EVP_aria_128_cbc                                               2917
  NCONF_default                                                  2917
  EVP_aria_256_cfb8                                              2958
  EVP_des_ede3_cfb8                                              2958
  OBJ_obj2txt                                                    2958
  def_init_default                                               2958
  EVP_aria_192_ctr                                               2959
  EVP_aes_128_wrap                                               3000
  EVP_aes_192_wrap                                               3000
  EVP_aria_192_cfb128                                            3000
  EVP_aria_192_cfb8                                              3000
  property_cmp                                                   3000
  EVP_aria_128_cfb8                                              3041
  EVP_aes_128_ocb                                                3042
  EVP_aes_192_cfb128                                             3042
  EVP_aria_192_ecb                                               3042
  EVP_des_ede3_cfb64                                             3042
  function_cmp                                                   3042
  EVP_des_ede3_wrap                                              3083
  OSSL_LIB_CTX_get_data                                          3083
  __smakebuf                                                     3083
  EVP_aes_128_cfb8                                               3084
  EVP_aes_192_wrap_pad                                           3125
  EVP_aria_128_gcm                                               3125
  EVP_aria_256_cfb128                                            3125
  EVP_camellia_256_ofb                                           3125
  EVP_des_cfb64                                                  3125
  EVP_des_ede_cfb64                                              3125
  getrlimit                                                      3125
  EVP_aria_128_cfb128                                            3166
  EVP_aes_128_gcm                                                3167
  EVP_aes_256_cfb128                                             3167
  EVP_aria_128_ofb                                               3167
  EVP_camellia_192_ctr                                           3167
  EVP_camellia_256_cbc                                           3167
  __cxa_finalize                                                 3167
  EVP_aes_256_wrap_pad                                           3208
  EVP_camellia_128_ctr                                           3208
  EVP_camellia_192_cbc                                           3208
  EVP_camellia_192_ofb                                           3208
  UI_method_set_writer                                           3209
  EVP_aes_128_cfb128                                             3250
  EVP_camellia_192_cfb8                                          3250
  EVP_camellia_256_cfb8                                          3250
  EVP_aria_128_ccm                                               3291
  EVP_aria_192_cfb1                                              3291
  EVP_camellia_128_cbc                                           3291
  bio_sock_cleanup_int                                           3291
  EVP_aes_128_ecb                                                3292
  EVP_aria_128_cfb1                                              3292
  EVP_camellia_256_ctr                                           3292
  ossl_prov_ctx_new                                              3333
  OSSL_PARAM_modified                                            3334
  UI_method_set_closer                                           3334
  EVP_CIPHER_get_flags                                           3375
  EVP_camellia_128_ofb                                           3375
  UI_method_set_reader                                           3416
  ossl_comp_zstd_cleanup                                         3416
  EVP_camellia_128_cfb1                                          3417
  EVP_camellia_192_cfb1                                          3417
  EVP_camellia_256_cfb1                                          3417
  ENGINE_set_flags                                               3458
  opt_set_unknown_name                                           3458
  signal                                                         3458
  COMP_zlib                                                      3459
  ossl_prov_ctx_free                                             3500
  store_loader_cmp                                               3500
  EVP_camellia_192_ecb                                           3542
  app_RAND_write                                                 3542
  free_medium                                                    3542
  ossl_store_cleanup_int                                         3542
  BIO_meth_set_ctrl                                              3583
  EVP_camellia_128_cfb8                                          3583
  engine_load_rdrand_int                                         3583
  tiny_free_no_lock                                              3583
  EVP_add_alg_module                                             3584
  EVP_camellia_256_ecb                                           3584
  init_thread_stop                                               3584
  ASN1_add_oid_module                                            3625
  BIO_meth_set_puts                                              3625
  EVP_aes_128_wrap_pad                                           3625
  UI_method_set_opener                                           3625
  evp_app_cleanup_int                                            3625
  ossl_prov_ctx_set0_handle                                      3666
  ERR_get_error_all                                              3709
  BIO_meth_set_gets                                              3750
  EVP_CipherUpdate                                               3750
  EVP_camellia_128_cfb128                                        3750
  OSSL_STORE_register_loader                                     3750
  ossl_comp_brotli_cleanup                                       3750
  EVP_camellia_192_cfb128                                        3791
  EVP_camellia_256_cfb128                                        3791
  EVP_chacha20_poly1305                                          3791
  EVP_camellia_128_ecb                                           3792
  ossl_comp_zlib_cleanup                                         3792
  ERR_print_errors                                               3833
  pthread_self                                                   3833
  ASN1_add_stable_module                                         3875
  EVP_CipherFinal_ex                                             3875
  dyld4::APIs::_tlv_exit()                                       3875
  opt_check_rest_arg                                             3875
  BIO_meth_set_create                                            3916
  CRYPTO_THREAD_get_current_id                                   3916
  __getrlimit                                                    3917
  ossl_lib_ctx_write_lock                                        3917
  ossl_prov_ctx_get0_libctx                                      3917
  ENGINE_set_cmd_defns                                           3958
  EVP_CIPHER_fetch                                               3958
  ossl_prov_ctx_set0_libctx                                      3958
  BIO_meth_set_destroy                                           4000
  ossl_lib_ctx_is_default                                        4000
  null_gettable_ctx_params                                       4041
  core_get_libctx                                                4084
  ENGINE_add_conf_module                                         4125
  EVP_PKEY_asn1_get_count                                        4125
  OSSL_LIB_CTX_free                                              4167
  aes_v8_set_encrypt_key                                         4208
  ossl_stored_namemap_free                                       4209
  EVP_CIPHER_get_iv_length                                       4250
  NCONF_get0_libctx                                              4250
  OSSL_STORE_unregister_loader                                   4250
  ossl_config_add_ssl_module                                     4250
  ossl_method_unlock_store                                       4250
  BIO_meth_set_read_ex                                           4291
  OSSL_ERR_STATE_new                                             4292
  chacha20_get_params                                            4292
  ossl_method_lock_store                                         4333
  aes_192_ccm_get_params                                         4334
  ENGINE_set_ctrl_function                                       4375
  aria_256_ctr_get_params                                        4375
  aes_128_ofb_get_params                                         4416
  aes_192_ofb_get_params                                         4416
  aes_256_ofb_get_params                                         4416
  aria_192_ctr_get_params                                        4416
  BIO_meth_set_write_ex                                          4417
  aes_256_ccm_get_params                                         4417
  aes_256_ctr_get_params                                         4417
  aria_192_cfb1_get_params                                       4417
  close                                                          4417
  tdes_ede3_cbc_get_params                                       4417
  aes_192_ecb_get_params                                         4458
  chacha20_gettable_ctx_params                                   4458
  CONF_imodule_get_value                                         4500
  ENGINE_set_init_function                                       4500
  OSSL_CMP_log_close                                             4500
  aes_128_cfb1_get_params                                        4500
  aes_128_cfb_get_params                                         4500
  aes_128_ecb_get_params                                         4500
  aria_128_cbc_get_params                                        4500
  aria_128_cfb1_get_params                                       4500
  ossl_cipher_generic_reset_ctx                                  4500
  tdes_ede2_cbc_get_params                                       4500
  tdes_ede2_ecb_get_params                                       4500
  aes_128_cbc_get_params                                         4541
  aria_192_cbc_get_params                                        4541
  sm4_128_ctr_get_params                                         4541
  EVP_aes_256_cbc_hmac_sha1                                      4542
  EVP_sha256                                                     4542
  aes_192_ctr_get_params                                         4542
  aes_256_cfb8_get_params                                        4542
  aes_256_cfb_get_params                                         4542
  aria_192_ofb_get_params                                        4542
  ossl_bio_core_globals_new                                      4542
  ossl_child_prov_ctx_new                                        4542
  ossl_rand_cleanup_int                                          4542
  ossl_store_register_init                                       4542
  ENGINE_set_finish_function                                     4583
  aria_128_ofb_get_params                                        4583
  ossl_bio_core_globals_free                                     4583
  ossl_random_add_conf_module                                    4583
  OSSL_STORE_LOADER_free                                         4584
  aes_128_ctr_get_params                                         4584
  aes_192_cbc_get_params                                         4584
  aria_192_cfb8_get_params                                       4584
  aria_256_ofb_get_params                                        4584
  OSSL_STORE_LOADER_set_eof                                      4625
  aes_128_xts_get_params                                         4625
  aes_256_siv_get_params                                         4625
  aria_128_cfb_get_params                                        4625
  aria_256_cbc_get_params                                        4625
  aria_256_cfb_get_params                                        4625
  pthread_cond_destroy                                           4625
  sm4_128_cbc_get_params                                         4625
  aria_192_ecb_get_params                                        4666
  aes_192_cfb1_get_params                                        4667
  aes_192_cfb_get_params                                         4667
  aes_256_cbc_get_params                                         4667
  aria_128_ecb_get_params                                        4667
  sm4_128_ccm_get_params                                         4667
  EVP_aes_256_cbc_hmac_sha256                                    4708
  OSSL_STORE_LOADER_set_load                                     4708
  aes_128_cfb8_get_params                                        4708
  aes_256_gcm_get_params                                         4708
  UI_method_set_prompt_constructor                               4709
  aria_256_ecb_get_params                                        4709
  ossl_prov_ctx_set0_core_bio_method                             4709
  EVP_aes_128_cbc_hmac_sha256                                    4750
  aes_192_cfb8_get_params                                        4750
  aes_192_gcm_get_params                                         4750
  aes_256_cfb1_get_params                                        4750
  aria_128_ccm_get_params                                        4750
  aria_128_cfb8_get_params                                       4750
  aria_192_ccm_get_params                                        4750
  camellia_192_ecb_get_params                                    4750
  def_is_number                                                  4750
  sm4_128_cfb128_get_params                                      4750
  sm4_128_gcm_get_params                                         4750
  sm4_128_xts_get_params                                         4750
  tiny_try_realloc_in_place                                      4750
  BIO_free                                                       4791
  OSSL_STORE_LOADER_set_close                                    4791
  tdes_wrap_get_params                                           4791
  aes_cts_128_cbc_get_params                                     4792
  aria_128_gcm_get_params                                        4792
  aria_256_cfb1_get_params                                       4792
  camellia_256_ctr_get_params                                    4792
  sm4_128_ofb128_get_params                                      4792
  EVP_aes_128_cbc_hmac_sha1                                      4833
  OPENSSL_cpuid_setup                                            4833
  OSSL_STORE_LOADER_set_open                                     4833
  ossl_provider_add_conf_module                                  4833
  tdes_ede3_cfb1_get_params                                      4833
  OSSL_STORE_LOADER_set_error                                    4834
  aria_256_cfb8_get_params                                       4834
  ossl_ctx_global_properties_new                                 4834
  OSSL_trace_set_channel                                         4875
  aria_192_cfb_get_params                                        4875
  camellia_128_ctr_get_params                                    4875
  camellia_256_cbc_get_params                                    4875
  camellia_256_cfb_get_params                                    4875
  aes_128_siv_get_params                                         4916
  aes_cts_192_cbc_get_params                                     4916
  sm4_128_ecb_get_params                                         4916
  tdes_ede3_ofb_get_params                                       4916
  ENGINE_load_builtin_engines                                    4917
  aes_128_ccm_get_params                                         4917
  aes_128_wrap_get_params                                        4917
  aes_256_ecb_get_params                                         4917
  aes_256_xts_get_params                                         4917
  camellia_128_ecb_get_params                                    4917
  lsl::Lock::unlock()                                            4917
  __sigaction                                                    4958
  aes_128_wrapinv_get_params                                     4958
  aes_192_ocb_get_params                                         4958
  aes_256_wrap_get_params                                        4958
  aes_256_wrapinv_get_params                                     4958
  engine_pkey_meths_free                                         4958
  tdes_ede2_cfb_get_params                                       4958
  OSSL_STORE_LOADER_set_expect                                   4959
  aes_128_gcm_get_params                                         4959
  tdes_ede3_cfb_get_params                                       4959
  aes_128_ocb_get_params                                         5000
  aes_128_wrappad_get_params                                     5000
  aes_192_siv_get_params                                         5000
  aes_192_wrap_get_params                                        5000
  aes_192_wrappadinv_get_params                                  5000
  aes_v8_ctr32_encrypt_blocks                                    5000
  camellia_128_cfb8_get_params                                   5000
  camellia_192_cbc_get_params                                    5000
  camellia_192_cfb8_get_params                                   5000
  camellia_192_cfb_get_params                                    5000
  camellia_192_ctr_get_params                                    5000
  tdes_ede3_cfb8_get_params                                      5000
  aes_256_ocb_get_params                                         5041
  ossl_indicator_set_callback_free                               5041
  ossl_property_match_count                                      5041
  aria_192_gcm_get_params                                        5042
  aria_256_gcm_get_params                                        5042
  camellia_256_ofb_get_params                                    5042
  tdes_ede2_ofb_get_params                                       5042
  ENGINE_get_cipher_engine                                       5083
  aes_cts_256_cbc_get_params                                     5083
  camellia_128_cfb1_get_params                                   5083
  ossl_self_test_set_callback_free                               5083
  aes_256_wrappad_get_params                                     5084
  camellia_128_ofb_get_params                                    5084
  camellia_192_cfb1_get_params                                   5084
  ossl_init_thread_deregister                                    5084
  aes_192_wrappad_get_params                                     5125
  aria_256_ccm_get_params                                        5125
  camellia_128_cbc_get_params                                    5125
  camellia_128_cfb_get_params                                    5125
  camellia_256_cfb1_get_params                                   5125
  ossl_prov_cipher_hw_aes_ctr                                    5125
  OPENSSL_sk_sort                                                5126
  camellia_192_ofb_get_params                                    5166
  engine_remove_dynamic_id                                       5166
  camellia_256_cfb8_get_params                                   5208
  tdes_ede3_ecb_get_params                                       5208
  memset                                                         5249
  aes_128_wrappadinv_get_params                                  5292
  ossl_prov_ctx_get0_core_bio_method                             5292
  EVP_CIPHER_get_key_length                                      5333
  aes_256_wrappadinv_get_params                                  5333
  chacha20_poly1305_get_params                                   5333
  OSSL_PARAM_get_int                                             5334
  aes_192_wrapinv_get_params                                     5334
  Diagnostics::clearError()                                      5375
  camellia_cts_192_cbc_get_params                                5375
  ossl_free_compression_methods_int                              5375
  engine_pkey_asn1_meths_free                                    5416
  ossl_self_test_set_callback_new                                5417
  medium_region_for_ptr_no_lock                                  5458
  ossl_property_has_optional                                     5458
  ossl_provider_unquery_operation                                5458
  chacha20_poly1305_gettable_ctx_params                          5541
  app_get0_libctx                                                5542
  EVP_CIPHER_CTX_get_block_size                                  5625
  camellia_256_ecb_get_params                                    5625
  camellia_cts_256_cbc_get_params                                5625
  getegid                                                        5625
  ossl_aes_192_gcm_siv_get_params                                5625
  ossl_aes_256_gcm_siv_get_params                                5625
  geteuid                                                        5666
  getgid                                                         5667
  OSSL_LIB_CTX_set_conf_diagnostics                              5792
  ossl_indicator_set_callback_new                                5792
  free_small                                                     5833
  opt_arg                                                        5875
  ossl_prov_bio_from_dispatch                                    5875
  aria_128_ctr_get_params                                        5958
  ossl_aes_128_gcm_siv_get_params                                6000
  getuid                                                         6083
  camellia_cts_128_cbc_get_params                                6125
  BIO_set_data                                                   6209
  ossl_prov_seeding_from_dispatch                                6209
  EVP_CIPHER_get_mode                                            6458
  medium_malloc_from_free_list                                   6541
  EVP_RAND_CTX_free                                              6584
  OSSL_PARAM_get_int32                                           6750
  dyld4::Loader::hiddenFromFlat(bool) const                      6833
  dyld3::kdebug_trace_dyld_enabled(unsigned int)                 6875
  dyld4::RuntimeState::notifyObjCPatching()                      6875
  BIO_next                                                       7042
  dyld4::handleFromLoader(dyld4::Loader const*, bool)             7208
  _platform_strnlen                                              7333
  store_loader_hash                                              7334
  EVP_CipherInit_ex                                              7459
  _kernelrpc_mach_port_deallocate_trap                           7500
  bio_open_default                                               7541
  ENGINE_register_EC                                             7584
  openssl_fopen                                                  7626
  dyld4::BumpAllocator::~BumpAllocator()                         7708
  OPENSSL_sk_pop                                                 7709
  dyld4::JustInTimeLoader::hiddenFromFlat(bool) const             7709
  _kernelrpc_mach_port_construct_trap                            7750
  ENGINE_register_DH                                             7833
  ENGINE_register_RSA                                            7834
  X509_get_default_cert_area                                     7959
  file_ctrl                                                      7959
  lsl::EphemeralAllocator::reset()                               8000
  __fcntl                                                        8042
  err_unshelve_state                                             8084
  __sclose                                                       8166
  ENGINE_register_DSA                                            8250
  ENGINE_register_RAND                                           8250
  lsl::Lock::lock()                                              8333
  flsl                                                           8459
  __sflags                                                       8499
  BIO_copy_next_retry                                            8500
  dyld4::Loader::beginInitializers(dyld4::RuntimeState&)             8500
  dyld4::RuntimeState::incDlRefCount(dyld4::Loader const*)             8792
  BIO_set_init                                                   8875
  ossl_lib_ctx_get_concrete                                      8916
  ossl_sa_new                                                    9001
  ENGINE_register_digests                                        9083
  lsl::Vector<dyld4::Loader const*>::reserveExact(unsigned long)             9250
  strlen                                                         9250
  ENGINE_register_ciphers                                        9292
  ossl_property_free                                             9459
  ossl_cipher_generic_einit                                      9500
  ENGINE_register_pkey_meths                                     9666
  dyld4::JustInTimeLoader::beginInitializers(dyld4::RuntimeState&)             9667
  DSO_METHOD_openssl                                             9709
  OSSL_LIB_CTX_get_conf_diagnostics                              9876
  deflt_query                                                   10000
  BIO_set_flags                                                 10041
  ossl_cipher_generic_set_ctx_params                            10041
  CRYPTO_atomic_or                                              10376
  lsl::Vector<lsl::MemoryManager::Buffer>::reserve(unsigned long)            10500
  ossl_lib_ctx_get_ex_data_global                               10749
  ossl_lib_ctx_get_rcukey                                       10916
  ENGINE_register_pkey_asn1_meths                               11083
  engine_free_util                                              11084
  ossl_sa_doall_arg                                             11417
  OPENSSL_cleanse                                               11542
  NCONF_get_section                                             11708
  aes_siv_gettable_ctx_params                                   11959
  dyld4::RuntimeState::doSingletonPatching(dyld4::DyldCacheDataConstLazyScopedWriter&)            12167
  EVP_add_cipher                                                12542
  fstat                                                         12584
  ossl_property_value                                           12750
  ossl_cipher_capable_aes_cbc_hmac_sha1                         12833
  ossl_cipher_capable_aes_cbc_hmac_sha256                       12875
  cipher_ocb_gettable_ctx_params                                13542
  dyld4::Loader::loadDependents(Diagnostics&, dyld4::RuntimeState&, dyld4::Loader::LoadOptions const&)            13666
  aes_cbc_cts_gettable_ctx_params                               13833
  BIO_clear_flags                                               14167
  dyld4::DyldCacheDataConstLazyScopedWriter::DyldCacheDataConstLazyScopedWriter(dyld4::RuntimeState&)            14167
  DSO_free                                                      14209
  __bzero                                                       14625
  CRYPTO_atomic_add                                             14833
  sa_doall                                                      14833
  _NSGetEnviron                                                 14874
  BIO_get_data                                                  14957
  lsl::EphemeralAllocator::~EphemeralAllocator()                14958
  dyld4::Loader::path() const                                   15000
  _kernelrpc_mach_vm_deallocate_trap                            15167
  dyld4::JustInTimeLoader::loadDependents(Diagnostics&, dyld4::RuntimeState&, dyld4::Loader::LoadOptions const&)            15291
  tiny_malloc_from_free_list                                    15333
  camellia_cbc_cts_gettable_ctx_params                          15667
  ossl_aes_gcm_siv_gettable_ctx_params                          15667
  __sflush                                                      15751
  dyld3::MachOFile::is64() const                                16208
  os_unfair_recursive_lock_unlock                               16250
  file_new                                                      16500
  ossl_prov_is_running                                          16584
  pthread_mutex_destroy                                         16959
  file_free                                                     17125
  CRYPTO_THREAD_lock_free                                       17625
  invocation function for block in dyld4::Loader::forEachPath(Diagnostics&, dyld4::RuntimeState&, char const*, dyld4::Loader::Loa            17625
  OPENSSL_LH_get_down_load                                      17916
  _kernelrpc_mach_port_destruct_trap                            18292
  BIO_new                                                       18499
  dyld4::JustInTimeLoader::path() const                         18709
  FMT_istext                                                    18874
  kdebug_is_enabled                                             19333
  small_try_realloc_in_place                                    19334
  pthread_cond_init                                             19416
  get_tiny_previous_free_msize                                  20292
  property_free                                                 20460
  os_unfair_recursive_lock_lock_with_options                    20500
  dyld4::LibSystemHelpers::pthread_getspecific(unsigned long) const            20875
  dyld4::Loader::matchesPath(char const*) const                 20958
  __chkstk_darwin_probe                                         21083
  lsl::EphemeralAllocator::deallocate_buffer(lsl::MemoryManager::Buffer)            21375
  os_unfair_lock_assert_not_owner                               21543
  small_size                                                    22002
  ___chkstk_darwin                                              22333
  dyld4::ProcessConfig::DyldCache::indexOfPath(char const*, unsigned int&) const            23416
  small_free_list_find_by_ptr                                   24041
  rack_region_insert                                            24375
  pthread_mutex_init                                            25915
  dyld4::Loader::loadAddress(dyld4::RuntimeState&) const            26000
  __findenv_locked                                              26459
  OPENSSL_strnlen                                               26835
  ossl_property_name                                            27418
  OPENSSL_sk_delete                                             28333
  dyld3::ScopedTimer::endTimer()                                28334
  small_free_list_remove_ptr                                    28376
  dyld4::JustInTimeLoader::loadAddress(dyld4::RuntimeState&) const            29250
  lsl::MemoryManager::lockGuard()                               29334
  tiny_free_list_remove_ptr                                     31957
  _pthread_mutex_check_init_slow                                32499
  mach_msg2_trap                                                32792
  lsl::AllocationMetadata::AllocationMetadata(lsl::Allocator*, unsigned long)            33709
  CRYPTO_new_ex_data                                            34709
  small_free_list_remove_ptr_no_clear                           34876
  OPENSSL_LH_set_down_load                                      35209
  szone_good_size                                               37373
  dyld4::LibSystemHelpers::os_unfair_recursive_lock_unlock(os_unfair_recursive_lock_s*) const            38459
  __read_nocancel                                               39209
  OPENSSL_sk_free                                               39498
  Diagnostics::hasError() const                                 40334
  dyld4::LibSystemHelpers::os_unfair_lock_unlock(os_unfair_lock_s*) const            40583
  ossl_rcu_write_lock                                           41749
  EVP_PKEY_asn1_get0                                            42334
  __open                                                        42750
  small_free_list_add_ptr                                       43832
  ossl_rcu_write_unlock                                         44291
  Diagnostics::noError() const                                  44459
  ossl_tdes_gettable_ctx_params                                 46000
  pthread_setspecific                                           47457
  small_malloc_from_free_list                                   48334
  _kernelrpc_mach_vm_map_trap                                   49170
  dyld3::MachOFile::read_uleb128(Diagnostics&, unsigned char const*&, unsigned char const*)            49917
  _tiny_check_and_zero_inline_meta_from_freelist                50874
  dyld4::RuntimeState::PermanentRanges::contains(unsigned long, unsigned long, unsigned char*, dyld4::Loader const**) const            51542
  dyld4::LibSystemHelpers::os_unfair_recursive_lock_lock_with_options(os_unfair_recursive_lock_s*, os_unfair_lock_options_t) cons            51584
  EVP_PKEY_asn1_get0_info                                       52960
  madvise                                                       53084
  szone_malloc                                                  54292
  pthread_cond_broadcast                                        55043
  tiny_size                                                     58168
  dyld4::LibSystemHelpers::os_unfair_lock_lock_with_options(os_unfair_lock_s*, os_unfair_lock_options_t) const            58958
  realloc                                                       60709
  lsl::EphemeralAllocator::allocate_buffer(unsigned long, unsigned long, unsigned long)            62251
  set_tiny_meta_header_in_use                                   62915
  _qsort                                                        65709
  __write_nocancel                                              66250
  _szone_free                                                   66539
  tiny_free_list_add_ptr                                        68332
  OPENSSL_sk_pop_free                                           70291
  ossl_cipher_aead_gettable_ctx_params                          70624
  strcmp                                                        70707
  szone_try_free_default                                        76250
  os_unfair_lock_assert_owner                                   77624
  invocation function for block in dyld3::MachOFile::getDylibInstallName(char const**, unsigned int*, unsigned int*) const            81417
  __close_nocancel                                              81792
  rack_get_thread_index                                         82334
  dyld3::kdebug_trace_dyld_duration_end(unsigned long long, unsigned int, dyld3::kt_arg, dyld3::kt_arg, dyld3::kt_arg)            83666
  property_hash                                                 87499
  EVP_CIPHER_get_type                                           90834
  dyld3::OverflowSafeArray<unsigned int, 4294967295ul>::verifySpace(unsigned long)            91041
  dyld4::Loader::contains(dyld4::RuntimeState&, void const*, void const**, unsigned long long*, unsigned char*) const            98042
  pthread_cond_signal                                          101663
  Diagnostics::assertNoError() const                           109751
  nanov2_size                                                  111084
  pthread_rwlock_init                                          117377
  pthread_rwlock_destroy                                       120626
  __open_nocancel                                              124082
  os_unfair_lock_unlock                                        126960
  Diagnostics::~Diagnostics()                                  143961
  Diagnostics::Diagnostics(bool)                               146040
  get_legacy_evp_names                                         159831
  ossl_ctype_check                                             168955
  os_unfair_lock_lock_with_options                             170875
  EVP_MD_get_type                                              193455
  invocation function for block in dyld3::MachOFile::getEntry(unsigned long long&, bool&) const           195083
  nanov2_pointer_size                                          195164
  free                                                         201584
  _Block_object_dispose                                        215708
  OPENSSL_hexchar2int                                          235003
  ossl_sa_set                                                  247617
  strncmp                                                      266459
  trim_ws                                                      275494
  nanov2_allocate_from_block                                   288415
  invocation function for block in dyld4::JustInTimeLoader::contains(dyld4::RuntimeState&, void const*, void const**, unsigned lo           293626
  BUF_MEM_new                                                  302423
  names_free                                                   313545
  OBJ_get0_data                                                325712
  OPENSSL_LH_doall                                             326990
  OPENSSL_LH_flush                                             330628
  OSSL_PARAM_set_uint                                          338699
  ossl_provider_ctx                                            340548
  EVP_CIPHER_get_nid                                           362332
  conf_value_cmp                                               377038
  ossl_lib_ctx_unlock                                          378461
  invocation function for block in dyld3::MachOLoaded::findClosestSymbol(unsigned long long, char const**, unsigned long long*) c           391290
  OSSL_PARAM_locate_const                                      397294
  ossl_lib_ctx_read_lock                                       423547
  OPENSSL_LH_set_thunks                                        427372
  property_defn_cmp                                            440416
  ossl_cipher_generic_gettable_ctx_params                      445956
  evp_cipher_up_ref                                            456756
  property_defn_hash                                           465540
  ossl_provider_free                                           469996
  value_free_hash                                              470961
  function_hash                                                477077
  BN_free                                                      481755
  CRYPTO_realloc                                               485915
  ossl_provider_up_ref                                         491001
  OSSL_PARAM_set_uint32                                        502047
  ASN1_OBJECT_free                                             502919
  eat_alpha_numeric                                            506544
  ossl_sa_get                                                  510961
  sa_free_node                                                 544712
  OSSL_PARAM_construct_end                                     549122
  EVP_CIPHER_get0_provider                                     563997
  OSSL_PARAM_construct_uint                                    565953
  evp_cipher_free                                              574545
  do_all_fn                                                    586288
  EVP_CIPHER_free                                              624927
  ossl_provider_libctx                                         801542
  invocation function for block in dyld3::MachOLoaded::getLinkEditLoadCommands(Diagnostics&, dyld3::MachOLoaded::LinkEditInfo&) c           845001
  internal_free_nop                                            856837
  _platform_strncmp                                            862004
  name_string_free                                             888167
  OPENSSL_LH_error                                             915550
  invocation function for block in dyld3::MachOFile::forEachSegment(void (dyld3::MachOFile::SegmentInfo const&, bool&) block_poin          1094250
  OSSL_PARAM_set_size_t                                       1114995
  BUF_MEM_grow                                                1116461
  pthread_getspecific                                         1151297
  sk_reserve                                                  1163169
  _os_once                                                    1217685
  CRYPTO_THREAD_get_local                                     1279791
  _platform_memchr                                            1340091
  ossl_rcu_assign_uptr                                        1412119
  names_lh_free_doall                                         1512963
  OSSL_PARAM_set_uint64                                       1514832
  ossl_lib_ctx_get_data                                       1605962
  OSSL_PARAM_set_int                                          1607547
  pthread_mutex_lock                                          1720751
  _platform_strchr                                            1727092
  OSSL_PARAM_construct_size_t                                 1805909
  pthread_mutex_unlock                                        1826572
  _nanov2_free                                                1882376
  OPENSSL_sk_push                                             1965063
  _pthread_mutex_lock_init_slow                               1982255
  OPENSSL_sk_num                                              1994060
  _pthread_mutex_unlock_init_slow                             2082774
  _pthread_mutex_firstfit_lock_slow                           2198919
  _pthread_mutex_firstfit_unlock_slow                         2282153
  OPENSSL_sk_value                                            2320783
  OSSL_PARAM_set_int32                                        2432919
  obj_name_cmp                                                2504305
  OPENSSL_LH_strhash                                          2701846
  OSSL_PARAM_construct_int                                    2742558
  _platform_memcmp                                            2755364
  pthread_once                                                3010869
  OBJ_nid2obj                                                 3154862
  CRYPTO_atomic_load                                          3278798
  pthread_rwlock_rdlock                                       3319597
  SortFnByName                                                3426430
  ossl_lh_strcasehash                                         3658363
  __error                                                     3834781
  cipher_compare                                              3986492
  ossl_isdigit                                                3993939
  fnv1a_hash                                                  4437747
  _platform_memmove                                           6465379
  pthread_rwlock_wrlock                                       6645125
  pthread_rwlock_unlock                                       9961674
  err_string_data_cmp                                        10831541
  CRYPTO_free                                                12186773
  malloc                                                     13416973
  doapr_outch                                                15067268
  err_string_data_hash                                       16540811
  nanov2_malloc                                              18454089
  _platform_strlen                                           23158885
  _platform_memset                                           25325442
  nanov2_try_free_default                                    25782780
  _platform_strcmp                                           27943228
  ossl_tolower                                               59600483
