
  pd_free                                                        1750
  EVP_md5                                                        1791
  sigaction                                                      1834
  UI_OpenSSL                                                     2000
  EVP_des_ecb                                                    2041
  EVP_sha224                                                     2042
  EVP_bf_ofb                                                     2083
  EVP_rc4_40                                                     2083
  EVP_sha1                                                       2083
  EVP_sm4_ctr                                                    2083
  EVP_mdc2                                                       2125
  EVP_sha512                                                     2125
  opt_unknown                                                    2125
  EVP_idea_ofb                                                   2167
  EVP_md4                                                        2167
  EVP_sha3_224                                                   2208
  EVP_rc2_cbc                                                    2209
  EVP_bf_cfb64                                                   2250
  EVP_sha384                                                     2250
  strchr                                                         2250
  EVP_rc2_ofb                                                    2291
  EVP_md5_sha1                                                   2292
  EVP_rc4                                                        2292
  EVP_sm4_ofb                                                    2292
  EVP_bf_cbc                                                     2333
  EVP_des_cfb8                                                   2333
  EVP_des_ofb                                                    2333
  EVP_idea_cbc                                                   2333
  EVP_sha3_512                                                   2333
  EVP_sha3_384                                                   2375
  EVP_sha512_256                                                 2375
  UI_null                                                        2375
  _cleanup                                                       2375
  app_get0_propq                                                 2375
  EVP_blake2s256                                                 2416
  EVP_des_cbc                                                    2416
  EVP_des_ede                                                    2416
  EVP_seed_ofb                                                   2416
  EVP_sha512_224                                                 2416
  EVP_sm4_cbc                                                    2416
  EVP_shake256                                                   2417
  EVP_shake128                                                   2458
  EVP_ripemd160                                                  2500
  EVP_sm3                                                        2500
  EVP_sm4_ecb                                                    2500
  opt_next                                                       2541
  EVP_aes_192_ccm                                                2542
  EVP_des_ede3                                                   2542
  EVP_aes_256_gcm                                                2583
  EVP_bf_ecb                                                     2583
  EVP_idea_ecb                                                   2583
  EVP_aes_192_cbc                                                2625
  EVP_aes_192_cfb1                                               2625
  EVP_aes_192_cfb8                                               2625
  EVP_aes_256_ctr                                                2625
  EVP_aes_256_ofb                                                2625
  EVP_aes_256_wrap                                               2625
  EVP_cast5_ofb                                                  2625
  EVP_chacha20                                                   2625
  EVP_rc2_64_cbc                                                 2625
  EVP_seed_cbc                                                   2625
  EVP_sha3_256                                                   2625
  EVP_aes_128_ctr                                                2666
  EVP_aes_256_ccm                                                2666
  EVP_aria_128_ofb                                               2666
  EVP_aria_192_ctr                                               2666
  EVP_MD_free                                                    2667
  EVP_aes_128_ccm                                                2667
  EVP_aes_128_ofb                                                2667
  EVP_aes_192_ecb                                                2667
  EVP_des_cfb1                                                   2667
  EVP_rc2_cfb64                                                  2667
  lh_FUNCTION_free                                               2667
  EVP_aes_192_ocb                                                2708
  EVP_aria_256_ecb                                               2708
  EVP_aria_256_ofb                                               2708
  EVP_cast5_cbc                                                  2708
  EVP_desx_cbc                                                   2708
  EVP_rc2_40_cbc                                                 2708
  EVP_aes_128_cbc                                                2709
  EVP_aes_128_cfb1                                               2709
  EVP_aes_256_xts                                                2709
  EVP_aria_192_gcm                                               2709
  EVP_idea_cfb64                                                 2709
  BIO_f_cipher                                                   2750
  ENGINE_set_id                                                  2750
  ENGINE_set_name                                                2750
  EVP_aes_256_cbc                                                2750
  EVP_aes_256_cfb1                                               2750
  EVP_aes_256_ocb                                                2750
  EVP_aria_128_ecb                                               2750
  EVP_aria_192_ccm                                               2750
  EVP_aria_192_ofb                                               2750
  EVP_aria_256_ctr                                               2750
  EVP_des_ede_ofb                                                2750
  EVP_seed_ecb                                                   2750
  release_engine                                                 2750
  EVP_aes_256_cfb8                                               2791
  EVP_aria_256_cbc                                               2791
  EVP_cast5_cfb64                                                2792
  EVP_cast5_ecb                                                  2792
  def_to_int                                                     2792
  EVP_aria_128_cbc                                               2833
  EVP_aria_128_ctr                                               2833
  EVP_blake2b512                                                 2833
  NCONF_default                                                  2833
  strrchr                                                        2833
  EVP_rc2_ecb                                                    2834
  EVP_aes_128_xts                                                2875
  EVP_aes_192_ctr                                                2875
  EVP_aes_192_gcm                                                2875
  EVP_aes_256_ecb                                                2875
  EVP_aria_128_cfb8                                              2875
  EVP_aria_192_cfb8                                              2875
  EVP_des_ede3_wrap                                              2875
  OBJ_obj2txt                                                    2875
  vm_deallocate                                                  2875
  COMP_get_type                                                  2916
  EVP_aria_256_ccm                                               2916
  EVP_aria_256_gcm                                               2916
  def_init_default                                               2916
  EVP_aria_192_cfb128                                            2917
  EVP_whirlpool                                                  2917
  signal                                                         2917
  EVP_aes_128_cfb8                                               2958
  EVP_aes_192_wrap                                               2958
  EVP_aria_192_cfb1                                              2958
  EVP_des_ede_cbc                                                2958
  ossl_trace_cleanup                                             2958
  EVP_rc4_hmac_md5                                               2959
  EVP_aes_128_gcm                                                3000
  EVP_aria_192_cbc                                               3000
  __cxa_finalize                                                 3041
  function_cmp                                                   3041
  getrlimit                                                      3041
  property_cmp                                                   3041
  EVP_aes_128_wrap                                               3042
  EVP_aes_192_cfb128                                             3042
  EVP_aria_256_cfb1                                              3042
  EVP_des_ede3_ofb                                               3042
  query_hash                                                     3042
  EVP_camellia_192_ofb                                           3083
  EVP_des_ede3_cfb8                                              3083
  EVP_seed_cfb128                                                3083
  OSSL_LIB_CTX_get_data                                          3083
  EVP_aes_256_cfb128                                             3084
  EVP_camellia_192_ctr                                           3084
  EVP_des_ede3_cbc                                               3084
  EVP_aria_128_ccm                                               3125
  EVP_aria_192_ecb                                               3125
  EVP_aria_256_cfb8                                              3125
  EVP_des_cfb64                                                  3125
  EVP_sm4_cfb128                                                 3125
  EVP_aes_128_ecb                                                3167
  EVP_aes_192_ofb                                                3208
  UI_method_set_closer                                           3208
  EVP_camellia_128_ctr                                           3209
  UI_method_set_writer                                           3209
  EVP_aes_128_cfb128                                             3250
  EVP_aria_256_cfb128                                            3250
  EVP_camellia_128_cbc                                           3250
  EVP_camellia_256_ofb                                           3250
  EVP_des_ede3_cfb1                                              3250
  UI_method_set_reader                                           3250
  ossl_comp_zstd_cleanup                                         3250
  EVP_aes_192_wrap_pad                                           3292
  EVP_camellia_128_cfb1                                          3292
  EVP_aes_128_ocb                                                3333
  OSSL_PARAM_modified                                            3333
  ossl_store_cleanup_int                                         3333
  EVP_add_alg_module                                             3375
  EVP_aria_128_cfb1                                              3375
  EVP_camellia_192_cfb8                                          3375
  EVP_camellia_256_ctr                                           3375
  bio_sock_cleanup_int                                           3375
  EVP_camellia_128_ofb                                           3416
  opt_set_unknown_name                                           3416
  EVP_aria_128_cfb128                                            3417
  EVP_camellia_192_cfb1                                          3417
  ENGINE_set_flags                                               3458
  EVP_aria_128_gcm                                               3458
  EVP_aes_128_wrap_pad                                           3500
  EVP_camellia_192_cbc                                           3500
  EVP_camellia_256_cfb1                                          3500
  EVP_camellia_256_cfb8                                          3500
  app_RAND_write                                                 3500
  store_loader_cmp                                               3500
  ossl_prov_ctx_new                                              3541
  EVP_aes_256_wrap_pad                                           3542
  EVP_camellia_256_cbc                                           3542
  ossl_comp_brotli_cleanup                                       3542
  EVP_camellia_128_cfb8                                          3583
  EVP_des_ede3_cfb64                                             3583
  ossl_prov_ctx_free                                             3583
  EVP_camellia_256_ecb                                           3584
  engine_load_rdrand_int                                         3584
  free_medium                                                    3584
  COMP_zlib                                                      3625
  EVP_CIPHER_get_flags                                           3625
  EVP_chacha20_poly1305                                          3625
  init_thread_stop                                               3666
  EVP_des_ede_cfb64                                              3667
  OSSL_STORE_register_loader                                     3667
  ASN1_add_oid_module                                            3708
  ERR_print_errors                                               3708
  UI_method_set_opener                                           3708
  EVP_camellia_192_ecb                                           3709
  BIO_meth_set_ctrl                                              3750
  EVP_CipherUpdate                                               3750
  evp_app_cleanup_int                                            3750
  ossl_comp_zlib_cleanup                                         3750
  EVP_camellia_128_cfb128                                        3792
  ossl_prov_ctx_set0_handle                                      3833
  ossl_prov_ctx_set0_libctx                                      3833
  BIO_meth_set_gets                                              3834
  ASN1_add_stable_module                                         3875
  BIO_meth_set_puts                                              3875
  EVP_CipherFinal_ex                                             3875
  EVP_camellia_192_cfb128                                        3875
  EVP_camellia_256_cfb128                                        3875
  __smakebuf                                                     3875
  ossl_lib_ctx_write_lock                                        3875
  core_get_libctx                                                3916
  ENGINE_set_cmd_defns                                           3917
  ERR_get_error_all                                              3917
  NCONF_get0_libctx                                              4000
  __getrlimit                                                    4000
  ossl_child_prov_ctx_new                                        4041
  EVP_camellia_128_ecb                                           4042
  dyld4::APIs::_tlv_exit()                                       4042
  BIO_meth_set_create                                            4083
  ENGINE_add_conf_module                                         4084
  BIO_meth_set_destroy                                           4125
  null_gettable_ctx_params                                       4125
  opt_check_rest_arg                                             4125
  ossl_method_lock_store                                         4125
  OSSL_LIB_CTX_free                                              4167
  OSSL_ERR_STATE_new                                             4209
  aes_v8_set_encrypt_key                                         4250
  ossl_method_unlock_store                                       4250
  EVP_PKEY_asn1_get_count                                        4291
  EVP_CIPHER_get_iv_length                                       4292
  aes_256_ctr_get_params                                         4292
  ossl_cipher_generic_reset_ctx                                  4292
  CRYPTO_THREAD_get_current_id                                   4333
  ossl_bio_core_globals_new                                      4333
  ossl_config_add_ssl_module                                     4333
  sm4_128_cbc_get_params                                         4333
  ossl_bio_core_globals_free                                     4334
  ossl_lib_ctx_is_default                                        4334
  ENGINE_set_ctrl_function                                       4375
  aes_192_cfb_get_params                                         4375
  aes_192_ctr_get_params                                         4375
  aria_192_ctr_get_params                                        4375
  aria_192_ofb_get_params                                        4375
  chacha20_gettable_ctx_params                                   4375
  sm4_128_ctr_get_params                                         4375
  BIO_meth_set_write_ex                                          4416
  aes_192_cfb1_get_params                                        4416
  chacha20_get_params                                            4416
  BIO_meth_set_read_ex                                           4417
  OSSL_STORE_unregister_loader                                   4417
  __sigaction                                                    4417
  aes_128_ctr_get_params                                         4417
  aes_128_xts_get_params                                         4417
  aria_128_ofb_get_params                                        4417
  aria_256_ctr_get_params                                        4417
  lsl::Lock::unlock()                                            4417
  CONF_imodule_get_value                                         4458
  aes_128_cfb_get_params                                         4458
  sm4_128_cfb128_get_params                                      4458
  OPENSSL_cpuid_setup                                            4459
  ossl_stored_namemap_free                                       4459
  ENGINE_set_init_function                                       4500
  EVP_aes_256_cbc_hmac_sha1                                      4500
  EVP_sha256                                                     4500
  OSSL_STORE_LOADER_set_eof                                      4500
  aes_192_cfb8_get_params                                        4500
  aria_256_cbc_get_params                                        4500
  aria_256_cfb_get_params                                        4500
  ossl_random_add_conf_module                                    4500
  tdes_ede3_cbc_get_params                                       4500
  aria_192_cfb1_get_params                                       4541
  aria_256_ofb_get_params                                        4541
  aes_128_ecb_get_params                                         4542
  aes_192_cbc_get_params                                         4542
  aes_256_cbc_get_params                                         4542
  aria_128_ccm_get_params                                        4542
  ossl_ctx_global_properties_new                                 4542
  ENGINE_set_finish_function                                     4583
  aes_128_cfb1_get_params                                        4583
  aes_128_cfb8_get_params                                        4583
  aes_128_ofb_get_params                                         4583
  aes_192_ccm_get_params                                         4583
  ossl_provider_add_conf_module                                  4583
  aes_128_ocb_get_params                                         4584
  aria_256_cfb1_get_params                                       4584
  tdes_ede2_ecb_get_params                                       4584
  tiny_try_realloc_in_place                                      4584
  aes_128_cbc_get_params                                         4625
  aes_256_ofb_get_params                                         4625
  engine_pkey_meths_free                                         4625
  ossl_prov_ctx_get0_libctx                                      4625
  pthread_cond_destroy                                           4625
  aes_192_gcm_get_params                                         4666
  aes_v8_ctr32_encrypt_blocks                                    4666
  aria_128_ecb_get_params                                        4666
  aria_192_cbc_get_params                                        4666
  aria_192_ecb_get_params                                        4666
  OSSL_STORE_LOADER_set_load                                     4667
  aes_192_ofb_get_params                                         4667
  aes_256_cfb8_get_params                                        4667
  tdes_ede2_cbc_get_params                                       4667
  EVP_aes_256_cbc_hmac_sha256                                    4708
  OSSL_STORE_LOADER_set_close                                    4708
  UI_method_set_prompt_constructor                               4708
  aes_256_gcm_get_params                                         4708
  aria_192_cfb8_get_params                                       4708
  def_is_number                                                  4708
  ossl_prov_cipher_hw_aes_ctr                                    4708
  aes_128_ccm_get_params                                         4709
  aes_192_siv_get_params                                         4709
  aria_128_cbc_get_params                                        4709
  camellia_256_ctr_get_params                                    4709
  sm4_128_ofb128_get_params                                      4709
  OSSL_STORE_LOADER_set_error                                    4750
  aes_128_wrappad_get_params                                     4750
  aes_192_wrap_get_params                                        4750
  aes_256_ccm_get_params                                         4750
  aes_256_cfb1_get_params                                        4750
  aria_128_cfb1_get_params                                       4750
  tdes_wrap_get_params                                           4750
  aes_256_xts_get_params                                         4791
  OSSL_CMP_log_close                                             4792
  aes_128_siv_get_params                                         4792
  aes_256_siv_get_params                                         4792
  aria_128_gcm_get_params                                        4792
  aria_256_ccm_get_params                                        4792
  ossl_prov_ctx_set0_core_bio_method                             4792
  BIO_free                                                       4833
  aes_192_wrappad_get_params                                     4833
  aes_cts_128_cbc_get_params                                     4833
  aria_128_ctr_get_params                                        4833
  ossl_rand_cleanup_int                                          4833
  aes_192_ecb_get_params                                         4834
  aes_cts_192_cbc_get_params                                     4834
  tdes_ede3_cfb1_get_params                                      4875
  tiny_malloc_from_free_list                                     4875
  aes_256_cfb_get_params                                         4916
  aria_256_cfb8_get_params                                       4916
  EVP_aes_128_cbc_hmac_sha1                                      4917
  OSSL_STORE_LOADER_set_open                                     4917
  aria_128_cfb8_get_params                                       4917
  aria_192_ccm_get_params                                        4917
  aria_192_cfb_get_params                                        4917
  ossl_indicator_set_callback_new                                4917
  sm4_128_ccm_get_params                                         4917
  EVP_aes_128_cbc_hmac_sha256                                    4958
  aes_192_ocb_get_params                                         4958
  aes_256_ecb_get_params                                         4958
  aes_256_ocb_get_params                                         4958
  aes_256_wrap_get_params                                        4958
  aes_256_wrappad_get_params                                     4958
  camellia_128_cbc_get_params                                    4958
  camellia_128_ctr_get_params                                    4958
  sm4_128_ecb_get_params                                         4958
  tdes_ede3_ofb_get_params                                       4958
  ENGINE_load_builtin_engines                                    5000
  aes_cts_256_cbc_get_params                                     5000
  aria_192_gcm_get_params                                        5000
  aria_256_gcm_get_params                                        5000
  camellia_128_cfb1_get_params                                   5000
  camellia_128_cfb_get_params                                    5000
  camellia_128_ecb_get_params                                    5000
  camellia_192_ctr_get_params                                    5000
  ossl_store_register_init                                       5000
  sm4_128_gcm_get_params                                         5000
  tdes_ede3_cfb_get_params                                       5000
  aria_128_cfb_get_params                                        5041
  camellia_192_ecb_get_params                                    5041
  OSSL_STORE_LOADER_free                                         5042
  aes_128_wrap_get_params                                        5042
  aria_256_ecb_get_params                                        5042
  camellia_192_ofb_get_params                                    5042
  camellia_256_cbc_get_params                                    5042
  aes_256_wrappadinv_get_params                                  5083
  camellia_192_cfb_get_params                                    5083
  tdes_ede3_cfb8_get_params                                      5083
  ENGINE_get_cipher_engine                                       5084
  camellia_128_cfb8_get_params                                   5084
  camellia_256_cfb8_get_params                                   5084
  camellia_256_cfb_get_params                                    5084
  engine_remove_dynamic_id                                       5084
  ossl_property_match_count                                      5084
  camellia_192_cbc_get_params                                    5125
  ossl_self_test_set_callback_free                               5125
  ossl_self_test_set_callback_new                                5125
  sm4_128_xts_get_params                                         5125
  camellia_192_cfb1_get_params                                   5166
  tdes_ede2_cfb_get_params                                       5166
  tdes_ede2_ofb_get_params                                       5166
  Diagnostics::clearError()                                      5167
  OSSL_STORE_LOADER_set_expect                                   5167
  camellia_256_cfb1_get_params                                   5167
  ossl_property_has_optional                                     5208
  pthread_self                                                   5208
  aes_192_wrapinv_get_params                                     5209
  camellia_192_cfb8_get_params                                   5209
  EVP_CIPHER_get_key_length                                      5250
  aes_128_wrapinv_get_params                                     5250
  aes_192_wrappadinv_get_params                                  5250
  aes_256_wrapinv_get_params                                     5250
  ossl_init_thread_deregister                                    5250
  camellia_cts_192_cbc_get_params                                5291
  camellia_256_ofb_get_params                                    5333
  medium_region_for_ptr_no_lock                                  5333
  ossl_free_compression_methods_int                              5333
  ossl_indicator_set_callback_free                               5333
  memset                                                         5374
  camellia_128_ofb_get_params                                    5375
  chacha20_poly1305_gettable_ctx_params                          5416
  chacha20_poly1305_get_params                                   5417
  ossl_prov_ctx_get0_core_bio_method                             5417
  OSSL_PARAM_get_int                                             5418
  __fcntl                                                        5458
  camellia_256_ecb_get_params                                    5458
  getegid                                                        5459
  close                                                          5500
  engine_pkey_asn1_meths_free                                    5500
  camellia_cts_256_cbc_get_params                                5541
  tdes_ede3_ecb_get_params                                       5541
  getgid                                                         5583
  OPENSSL_sk_sort                                                5625
  aes_128_gcm_get_params                                         5625
  ossl_aes_256_gcm_siv_get_params                                5666
  EVP_CIPHER_CTX_get_block_size                                  5750
  ossl_aes_192_gcm_siv_get_params                                5750
  OSSL_LIB_CTX_set_conf_diagnostics                              5791
  EVP_CIPHER_fetch                                               5792
  aes_128_wrappadinv_get_params                                  5792
  ossl_provider_unquery_operation                                5792
  app_get0_libctx                                                5833
  geteuid                                                        5916
  opt_arg                                                        5956
  ossl_prov_bio_from_dispatch                                    5958
  BIO_set_data                                                   5999
  getuid                                                         6000
  free_small                                                     6083
  camellia_cts_128_cbc_get_params                                6125
  ossl_aes_128_gcm_siv_get_params                                6125
  ossl_prov_seeding_from_dispatch                                6166
  EVP_CIPHER_get_mode                                            6417
  medium_malloc_from_free_list                                   6417
  dyld3::kdebug_trace_dyld_enabled(unsigned int)                 6542
  OSSL_PARAM_get_int32                                           6708
  lsl::Lock::lock()                                              6750
  dyld4::Loader::hiddenFromFlat(bool) const                      6833
  EVP_RAND_CTX_free                                              6874
  dyld4::RuntimeState::notifyObjCPatching()                      6958
  BIO_next                                                       6959
  bio_open_default                                               7209
  EVP_CipherInit_ex                                              7292
  dyld4::BumpAllocator::~BumpAllocator()                         7333
  dyld4::handleFromLoader(dyld4::Loader const*, bool)             7375
  store_loader_hash                                              7376
  OSSL_trace_set_channel                                         7459
  _kernelrpc_mach_port_deallocate_trap                           7500
  OPENSSL_sk_pop                                                 7541
  _platform_strnlen                                              7542
  ENGINE_register_EC                                             7625
  err_unshelve_state                                             7708
  ENGINE_register_DH                                             7750
  _kernelrpc_mach_port_construct_trap                            7958
  openssl_fopen                                                  8041
  file_ctrl                                                      8125
  BIO_copy_next_retry                                            8167
  ENGINE_register_RAND                                           8209
  dyld4::JustInTimeLoader::hiddenFromFlat(bool) const             8209
  ENGINE_register_DSA                                            8250
  ENGINE_register_RSA                                            8250
  X509_get_default_cert_area                                     8250
  lsl::EphemeralAllocator::reset()                               8333
  flsl                                                           8334
  ossl_sa_new                                                    8459
  __sclose                                                       8584
  ossl_lib_ctx_get_concrete                                      8626
  dyld4::Loader::beginInitializers(dyld4::RuntimeState&)             8708
  __sflags                                                       8958
  BIO_set_init                                                   9041
  ENGINE_register_digests                                        9084
  ENGINE_register_ciphers                                        9125
  lsl::Vector<dyld4::Loader const*>::reserveExact(unsigned long)             9375
  ossl_cipher_generic_einit                                      9375
  dyld4::RuntimeState::incDlRefCount(dyld4::Loader const*)             9417
  ossl_property_free                                             9458
  BIO_set_flags                                                  9500
  strlen                                                         9542
  DSO_METHOD_openssl                                             9585
  ENGINE_register_pkey_meths                                     9624
  dyld4::JustInTimeLoader::beginInitializers(dyld4::RuntimeState&)             9875
  deflt_query                                                   10250
  ossl_cipher_generic_set_ctx_params                            10250
  CRYPTO_atomic_or                                              10376
  OSSL_LIB_CTX_get_conf_diagnostics                             10417
  ossl_lib_ctx_get_ex_data_global                               10543
  lsl::Vector<lsl::MemoryManager::Buffer>::reserve(unsigned long)            10834
  ENGINE_register_pkey_asn1_meths                               10875
  ossl_lib_ctx_get_rcukey                                       11293
  NCONF_get_section                                             11374
  engine_free_util                                              11376
  OPENSSL_cleanse                                               11625
  ossl_sa_doall_arg                                             11834
  ossl_property_value                                           12125
  aes_siv_gettable_ctx_params                                   12251
  __bzero                                                       12459
  EVP_add_cipher                                                12624
  dyld4::RuntimeState::doSingletonPatching(dyld4::DyldCacheDataConstLazyScopedWriter&)            12666
  ossl_cipher_capable_aes_cbc_hmac_sha1                         12833
  rack_region_insert                                            12833
  ossl_cipher_capable_aes_cbc_hmac_sha256                       12875
  fstat                                                         13332
  cipher_ocb_gettable_ctx_params                                13542
  BIO_clear_flags                                               13793
  aes_cbc_cts_gettable_ctx_params                               14083
  DSO_free                                                      14332
  _kernelrpc_mach_vm_deallocate_trap                            14334
  dyld4::DyldCacheDataConstLazyScopedWriter::DyldCacheDataConstLazyScopedWriter(dyld4::RuntimeState&)            14458
  dyld4::Loader::path() const                                   14499
  dyld4::Loader::loadDependents(Diagnostics&, dyld4::RuntimeState&, dyld4::Loader::LoadOptions const&)            14500
  lsl::EphemeralAllocator::~EphemeralAllocator()                14834
  _NSGetEnviron                                                 14875
  BIO_get_data                                                  14960
  CRYPTO_atomic_add                                             15083
  sa_doall                                                      15166
  camellia_cbc_cts_gettable_ctx_params                          15332
  dyld4::JustInTimeLoader::loadDependents(Diagnostics&, dyld4::RuntimeState&, dyld4::Loader::LoadOptions const&)            15833
  ossl_aes_gcm_siv_gettable_ctx_params                          15916
  file_new                                                      16250
  os_unfair_recursive_lock_unlock                               16458
  ossl_prov_is_running                                          16624
  __sflush                                                      17208
  file_free                                                     17335
  _kernelrpc_mach_port_destruct_trap                            17875
  dyld4::JustInTimeLoader::path() const                         17958
  CRYPTO_THREAD_lock_free                                       18125
  OPENSSL_LH_get_down_load                                      18126
  FMT_istext                                                    18167
  pthread_mutex_destroy                                         18210
  kdebug_is_enabled                                             18499
  BIO_new                                                       18666
  invocation function for block in dyld4::Loader::forEachPath(Diagnostics&, dyld4::RuntimeState&, char const*, dyld4::Loader::Loa            18750
  pthread_cond_init                                             19376
  dyld3::MachOFile::is64() const                                19708
  small_try_realloc_in_place                                    19959
  dyld4::LibSystemHelpers::pthread_getspecific(unsigned long) const            20417
  property_free                                                 20710
  os_unfair_recursive_lock_lock_with_options                    20749
  __chkstk_darwin_probe                                         21292
  lsl::EphemeralAllocator::deallocate_buffer(lsl::MemoryManager::Buffer)            21376
  dyld4::Loader::matchesPath(char const*) const                 22083
  os_unfair_lock_assert_not_owner                               22167
  ___chkstk_darwin                                              22251
  small_size                                                    22335
  dyld4::ProcessConfig::DyldCache::indexOfPath(char const*, unsigned int&) const            23375
  dyld4::Loader::loadAddress(dyld4::RuntimeState&) const            24707
  pthread_mutex_init                                            24957
  small_free_list_find_by_ptr                                   24958
  ossl_property_name                                            26501
  dyld3::ScopedTimer::endTimer()                                27293
  __findenv_locked                                              27375
  lsl::MemoryManager::lockGuard()                               27458
  OPENSSL_strnlen                                               27584
  OPENSSL_sk_delete                                             28250
  dyld4::JustInTimeLoader::loadAddress(dyld4::RuntimeState&) const            28458
  small_free_list_remove_ptr                                    28625
  __open                                                        28750
  _kernelrpc_mach_vm_map_trap                                   28834
  mach_msg2_trap                                                31167
  _pthread_mutex_check_init_slow                                32667
  lsl::AllocationMetadata::AllocationMetadata(lsl::Allocator*, unsigned long)            33500
  small_free_list_remove_ptr_no_clear                           35291
  OPENSSL_LH_set_down_load                                      35294
  CRYPTO_new_ex_data                                            35626
  __read_nocancel                                               37667
  dyld4::LibSystemHelpers::os_unfair_recursive_lock_unlock(os_unfair_recursive_lock_s*) const            38917
  OPENSSL_sk_free                                               39749
  szone_good_size                                               40873
  dyld4::LibSystemHelpers::os_unfair_lock_unlock(os_unfair_lock_s*) const            41583
  Diagnostics::hasError() const                                 41585
  EVP_PKEY_asn1_get0                                            42378
  ossl_rcu_write_lock                                           42416
  small_free_list_add_ptr                                       44624
  pthread_setspecific                                           45455
  ossl_rcu_write_unlock                                         45832
  ossl_tdes_gettable_ctx_params                                 46124
  tiny_free_list_remove_ptr                                     46416
  get_tiny_previous_free_msize                                  46748
  Diagnostics::noError() const                                  48250
  dyld4::RuntimeState::PermanentRanges::contains(unsigned long, unsigned long, unsigned char*, dyld4::Loader const**) const            49916
  dyld3::MachOFile::read_uleb128(Diagnostics&, unsigned char const*&, unsigned char const*)            51084
  small_malloc_from_free_list                                   51294
  dyld4::LibSystemHelpers::os_unfair_recursive_lock_lock_with_options(os_unfair_recursive_lock_s*, os_unfair_lock_options_t) cons            52916
  szone_malloc                                                  54044
  EVP_PKEY_asn1_get0_info                                       55459
  __write_nocancel                                              57292
  pthread_cond_broadcast                                        57460
  madvise                                                       58461
  _tiny_check_and_zero_inline_meta_from_freelist                59210
  tiny_size                                                     59415
  dyld4::LibSystemHelpers::os_unfair_lock_lock_with_options(os_unfair_lock_s*, os_unfair_lock_options_t) const            60417
  realloc                                                       62164
  lsl::EphemeralAllocator::allocate_buffer(unsigned long, unsigned long, unsigned long)            62458
  set_tiny_meta_header_in_use                                   64375
  _qsort                                                        65209
  _szone_free                                                   70376
  ossl_cipher_aead_gettable_ctx_params                          70794
  OPENSSL_sk_pop_free                                           71707
  strcmp                                                        72462
  __close_nocancel                                              72667
  tiny_free_list_add_ptr                                        77874
  szone_try_free_default                                        78128
  os_unfair_lock_assert_owner                                   80209
  dyld3::kdebug_trace_dyld_duration_end(unsigned long long, unsigned int, dyld3::kt_arg, dyld3::kt_arg, dyld3::kt_arg)            80792
  rack_get_thread_index                                         83292
  property_hash                                                 84122
  invocation function for block in dyld3::MachOFile::getDylibInstallName(char const**, unsigned int*, unsigned int*) const            85291
  EVP_CIPHER_get_type                                           91251
  dyld3::OverflowSafeArray<unsigned int, 4294967295ul>::verifySpace(unsigned long)            92794
  dyld4::Loader::contains(dyld4::RuntimeState&, void const*, void const**, unsigned long long*, unsigned char*) const            94375
  pthread_cond_signal                                          102875
  Diagnostics::assertNoError() const                           107166
  nanov2_size                                                  112455
  pthread_rwlock_init                                          113625
  __open_nocancel                                              119332
  pthread_rwlock_destroy                                       122334
  os_unfair_lock_unlock                                        128209
  Diagnostics::~Diagnostics()                                  142586
  Diagnostics::Diagnostics(bool)                               145625
  get_legacy_evp_names                                         160708
  ossl_ctype_check                                             170123
  os_unfair_lock_lock_with_options                             174167
  invocation function for block in dyld3::MachOFile::getEntry(unsigned long long&, bool&) const           187499
  nanov2_pointer_size                                          195583
  EVP_MD_get_type                                              196875
  free                                                         202704
  _Block_object_dispose                                        208878
  nanov2_allocate_from_block                                   217548
  OPENSSL_hexchar2int                                          237085
  ossl_sa_set                                                  246666
  trim_ws                                                      277254
  strncmp                                                      286251
  invocation function for block in dyld4::JustInTimeLoader::contains(dyld4::RuntimeState&, void const*, void const**, unsigned lo           292331
  BUF_MEM_new                                                  302630
  names_free                                                   316419
  OBJ_get0_data                                                325409
  OPENSSL_LH_doall                                             333078
  OPENSSL_LH_flush                                             333664
  OSSL_PARAM_set_uint                                          339876
  ossl_provider_ctx                                            341194
  EVP_CIPHER_get_nid                                           365995
  ossl_lib_ctx_unlock                                          377575
  conf_value_cmp                                               378910
  OSSL_PARAM_locate_const                                      399288
  invocation function for block in dyld3::MachOLoaded::findClosestSymbol(unsigned long long, char const**, unsigned long long*) c           399416
  ossl_lib_ctx_read_lock                                       424586
  OPENSSL_LH_set_thunks                                        428081
  property_defn_cmp                                            441415
  ossl_cipher_generic_gettable_ctx_params                      446707
  evp_cipher_up_ref                                            457301
  ossl_provider_free                                           465421
  property_defn_hash                                           468287
  value_free_hash                                              473040
  function_hash                                                477747
  BN_free                                                      485406
  CRYPTO_realloc                                               487415
  ossl_provider_up_ref                                         495875
  ASN1_OBJECT_free                                             505537
  OSSL_PARAM_set_uint32                                        505622
  eat_alpha_numeric                                            513631
  ossl_sa_get                                                  515885
  sa_free_node                                                 548333
  OSSL_PARAM_construct_end                                     550336
  EVP_CIPHER_get0_provider                                     563413
  OSSL_PARAM_construct_uint                                    568089
  evp_cipher_free                                              576334
  do_all_fn                                                    591965
  EVP_CIPHER_free                                              628090
  ossl_provider_libctx                                         802745
  invocation function for block in dyld3::MachOLoaded::getLinkEditLoadCommands(Diagnostics&, dyld3::MachOLoaded::LinkEditInfo&) c           817498
  internal_free_nop                                            865592
  _platform_strncmp                                            869289
  name_string_free                                             894924
  OPENSSL_LH_error                                             927212
  invocation function for block in dyld3::MachOFile::forEachSegment(void (dyld3::MachOFile::SegmentInfo const&, bool&) block_poin          1113420
  OSSL_PARAM_set_size_t                                       1120426
  BUF_MEM_grow                                                1128706
  pthread_getspecific                                         1150296
  sk_reserve                                                  1163058
  _os_once                                                    1223792
  CRYPTO_THREAD_get_local                                     1282296
  _platform_memchr                                            1352009
  ossl_rcu_assign_uptr                                        1423252
  names_lh_free_doall                                         1522297
  OSSL_PARAM_set_uint64                                       1523250
  OSSL_PARAM_set_int                                          1615030
  ossl_lib_ctx_get_data                                       1624670
  pthread_mutex_lock                                          1734419
  _platform_strchr                                            1739037
  OSSL_PARAM_construct_size_t                                 1814422
  pthread_mutex_unlock                                        1842870
  _nanov2_free                                                1886114
  OPENSSL_sk_push                                             1971164
  _pthread_mutex_lock_init_slow                               1987913
  OPENSSL_sk_num                                              2005373
  _pthread_mutex_unlock_init_slow                             2092959
  _pthread_mutex_firstfit_lock_slow                           2205084
  _pthread_mutex_firstfit_unlock_slow                         2301583
  OPENSSL_sk_value                                            2327792
  OSSL_PARAM_set_int32                                        2435281
  obj_name_cmp                                                2535550
  OPENSSL_LH_strhash                                          2702471
  OSSL_PARAM_construct_int                                    2755911
  _platform_memcmp                                            2761944
  pthread_once                                                3043511
  OBJ_nid2obj                                                 3193405
  CRYPTO_atomic_load                                          3302053
  pthread_rwlock_rdlock                                       3322375
  SortFnByName                                                3461259
  ossl_lh_strcasehash                                         3684094
  __error                                                     3782396
  cipher_compare                                              3994728
  ossl_isdigit                                                4029963
  fnv1a_hash                                                  4455304
  _platform_memmove                                           6507124
  pthread_rwlock_wrlock                                       6698943
  pthread_rwlock_unlock                                      10017111
  err_string_data_cmp                                        10843617
  CRYPTO_free                                                12350525
  malloc                                                     13440881
  doapr_outch                                                15244439
  err_string_data_hash                                       16553673
  nanov2_malloc                                              18558868
  _platform_strlen                                           23324751
  _platform_memset                                           25782735
  nanov2_try_free_default                                    26210431
  _platform_strcmp                                           28037716
  ossl_tolower                                               60316606
