
  sigaction                                                      1750
  EVP_md5                                                        1833
  EVP_rc4_40                                                     1958
  EVP_sha1                                                       1958
  UI_OpenSSL                                                     1959
  pd_free                                                        1959
  EVP_des_cbc                                                    2000
  EVP_des_ecb                                                    2042
  EVP_des_ofb                                                    2042
  EVP_mdc2                                                       2042
  EVP_bf_cbc                                                     2125
  EVP_bf_ofb                                                     2125
  EVP_idea_ofb                                                   2125
  EVP_md4                                                        2125
  EVP_sha224                                                     2166
  EVP_sm4_cbc                                                    2166
  EVP_sm4_ofb                                                    2166
  _cleanup                                                       2166
  EVP_seed_cbc                                                   2167
  EVP_rc2_cbc                                                    2208
  EVP_rc4                                                        2208
  EVP_sha512                                                     2208
  EVP_sha3_512                                                   2209
  EVP_rc2_ofb                                                    2250
  EVP_sha3_224                                                   2250
  EVP_shake256                                                   2250
  EVP_sm4_ecb                                                    2250
  opt_unknown                                                    2250
  EVP_bf_cfb64                                                   2292
  EVP_des_cfb8                                                   2292
  EVP_cast5_ofb                                                  2333
  EVP_seed_ofb                                                   2333
  EVP_sha384                                                     2333
  UI_null                                                        2333
  EVP_sm4_ctr                                                    2334
  EVP_des_cfb1                                                   2375
  EVP_des_ede                                                    2375
  EVP_md5_sha1                                                   2375
  EVP_seed_ecb                                                   2375
  EVP_sha512_224                                                 2375
  EVP_sm3                                                        2375
  EVP_des_ede3                                                   2417
  EVP_idea_cbc                                                   2417
  EVP_bf_ecb                                                     2458
  EVP_sha512_256                                                 2458
  EVP_shake128                                                   2458
  strchr                                                         2458
  EVP_blake2s256                                                 2459
  COMP_get_type                                                  2500
  EVP_cast5_cbc                                                  2500
  EVP_des_ede_cbc                                                2500
  EVP_ripemd160                                                  2500
  EVP_sha3_384                                                   2500
  app_get0_propq                                                 2500
  EVP_aes_192_gcm                                                2541
  EVP_aes_256_ctr                                                2541
  EVP_MD_free                                                    2542
  EVP_aes_128_cbc                                                2542
  EVP_aes_192_ccm                                                2542
  EVP_sha3_256                                                   2542
  EVP_aes_128_ccm                                                2583
  EVP_aes_192_ecb                                                2583
  EVP_desx_cbc                                                   2584
  EVP_rc2_ecb                                                    2584
  EVP_aes_256_cbc                                                2625
  EVP_aes_256_gcm                                                2625
  EVP_aes_256_ofb                                                2625
  EVP_aria_256_cbc                                               2625
  EVP_aes_128_ofb                                                2666
  EVP_aes_192_ctr                                                2666
  EVP_aria_192_ctr                                               2666
  EVP_des_ede_ofb                                                2666
  EVP_aes_192_cbc                                                2667
  EVP_aes_192_cfb1                                               2667
  EVP_aes_256_wrap                                               2667
  EVP_idea_ecb                                                   2667
  ossl_trace_cleanup                                             2667
  EVP_aes_192_cfb8                                               2708
  EVP_aes_256_ocb                                                2708
  EVP_aria_128_ecb                                               2708
  EVP_aria_256_ccm                                               2708
  EVP_chacha20                                                   2708
  EVP_sm4_cfb128                                                 2708
  signal                                                         2708
  EVP_cast5_ecb                                                  2709
  ENGINE_set_id                                                  2750
  EVP_aes_128_ctr                                                2750
  EVP_aes_192_ocb                                                2750
  EVP_aes_256_ccm                                                2750
  EVP_aes_256_cfb1                                               2750
  EVP_aes_256_xts                                                2750
  EVP_aria_128_ofb                                               2750
  EVP_aria_192_ecb                                               2750
  EVP_aria_192_gcm                                               2750
  EVP_aria_256_ctr                                               2750
  EVP_aria_256_ecb                                               2750
  EVP_aria_256_gcm                                               2750
  EVP_aria_256_ofb                                               2750
  EVP_des_ede3_cbc                                               2750
  EVP_des_ede3_ofb                                               2750
  EVP_idea_cfb64                                                 2750
  EVP_rc2_64_cbc                                                 2750
  EVP_whirlpool                                                  2750
  def_to_int                                                     2750
  EVP_aes_128_cfb1                                               2792
  EVP_aes_256_cfb8                                               2792
  EVP_aria_192_cbc                                               2792
  lh_FUNCTION_free                                               2792
  opt_next                                                       2792
  EVP_cast5_cfb64                                                2833
  EVP_seed_cfb128                                                2833
  NCONF_default                                                  2833
  EVP_blake2b512                                                 2834
  EVP_rc4_hmac_md5                                               2834
  BIO_f_cipher                                                   2875
  ENGINE_set_name                                                2875
  EVP_aes_128_wrap                                               2875
  EVP_aes_192_ofb                                                2875
  EVP_aes_192_wrap                                               2875
  EVP_aria_128_ccm                                               2875
  EVP_aria_192_ccm                                               2875
  EVP_aria_192_cfb1                                              2875
  EVP_aria_192_ofb                                               2875
  EVP_aria_256_cfb1                                              2875
  EVP_rc2_40_cbc                                                 2875
  EVP_rc2_cfb64                                                  2875
  strrchr                                                        2875
  EVP_aes_128_cfb8                                               2958
  EVP_aes_192_cfb128                                             2958
  EVP_aria_192_cfb8                                              2958
  EVP_aria_256_cfb8                                              2958
  EVP_des_ede3_cfb8                                              2958
  def_init_default                                               2958
  release_engine                                                 2958
  EVP_aria_128_cfb8                                              3000
  EVP_des_ede3_cfb1                                              3000
  vm_deallocate                                                  3041
  EVP_aria_128_cbc                                               3042
  EVP_aria_128_cfb1                                              3042
  EVP_aria_128_gcm                                               3042
  EVP_camellia_256_ofb                                           3042
  EVP_aes_128_cfb128                                             3083
  EVP_aes_128_xts                                                3083
  EVP_aes_256_ecb                                                3083
  EVP_aria_256_cfb128                                            3083
  query_hash                                                     3083
  EVP_des_cfb64                                                  3084
  EVP_aes_128_gcm                                                3125
  EVP_aria_128_ctr                                               3125
  EVP_camellia_128_cbc                                           3125
  OBJ_obj2txt                                                    3125
  EVP_aes_128_ecb                                                3166
  EVP_camellia_256_cbc                                           3166
  EVP_aria_128_cfb128                                            3167
  EVP_des_ede3_cfb64                                             3167
  __cxa_finalize                                                 3167
  function_cmp                                                   3167
  getrlimit                                                      3167
  EVP_aes_256_wrap_pad                                           3208
  EVP_des_ede3_wrap                                              3208
  UI_method_set_writer                                           3208
  EVP_aes_192_wrap_pad                                           3209
  property_cmp                                                   3209
  EVP_aes_128_ocb                                                3250
  EVP_aria_192_cfb128                                            3250
  EVP_camellia_256_cfb1                                          3250
  EVP_aes_128_wrap_pad                                           3292
  EVP_camellia_128_ctr                                           3292
  EVP_camellia_128_ofb                                           3292
  UI_method_set_closer                                           3292
  EVP_camellia_192_cfb1                                          3333
  EVP_camellia_192_ctr                                           3333
  EVP_camellia_256_ctr                                           3333
  ossl_comp_zstd_cleanup                                         3334
  EVP_aes_256_cfb128                                             3375
  EVP_camellia_128_cfb1                                          3375
  EVP_camellia_128_cfb8                                          3375
  EVP_camellia_192_cbc                                           3375
  EVP_camellia_192_cfb8                                          3375
  EVP_camellia_192_ecb                                           3375
  EVP_camellia_192_ofb                                           3375
  EVP_des_ede_cfb64                                              3375
  EVP_CIPHER_get_flags                                           3416
  COMP_zlib                                                      3417
  ossl_store_cleanup_int                                         3458
  EVP_camellia_256_cfb8                                          3500
  OSSL_PARAM_modified                                            3500
  UI_method_set_reader                                           3500
  bio_sock_cleanup_int                                           3500
  EVP_camellia_256_ecb                                           3541
  __smakebuf                                                     3542
  EVP_chacha20_poly1305                                          3583
  free_medium                                                    3583
  ossl_prov_ctx_free                                             3583
  ENGINE_set_flags                                               3584
  ASN1_add_stable_module                                         3625
  OSSL_LIB_CTX_get_data                                          3625
  OSSL_STORE_register_loader                                     3625
  app_RAND_write                                                 3625
  opt_set_unknown_name                                           3625
  ossl_comp_brotli_cleanup                                       3625
  ossl_comp_zlib_cleanup                                         3625
  store_loader_cmp                                               3625
  EVP_camellia_256_cfb128                                        3666
  ASN1_add_oid_module                                            3667
  EVP_add_alg_module                                             3667
  engine_load_rdrand_int                                         3667
  pthread_self                                                   3667
  tiny_free_no_lock                                              3667
  EVP_camellia_192_cfb128                                        3708
  EVP_CipherUpdate                                               3709
  UI_method_set_opener                                           3709
  EVP_camellia_128_ecb                                           3750
  __getrlimit                                                    3750
  ossl_prov_ctx_new                                              3750
  BIO_meth_set_ctrl                                              3792
  EVP_camellia_128_cfb128                                        3792
  ossl_prov_ctx_set0_handle                                      3834
  EVP_CipherFinal_ex                                             3875
  evp_app_cleanup_int                                            3875
  init_thread_stop                                               3875
  BIO_meth_set_gets                                              3917
  BIO_meth_set_puts                                              3917
  close                                                          3958
  core_get_libctx                                                3958
  BIO_meth_set_create                                            4000
  EVP_CIPHER_fetch                                               4000
  ENGINE_set_cmd_defns                                           4042
  ERR_print_errors                                               4042
  opt_check_rest_arg                                             4042
  ossl_lib_ctx_write_lock                                        4042
  aes_v8_set_encrypt_key                                         4084
  ossl_prov_ctx_set0_libctx                                      4084
  OSSL_LIB_CTX_free                                              4125
  dyld4::APIs::_tlv_exit()                                       4125
  BIO_meth_set_destroy                                           4167
  ERR_get_error_all                                              4209
  CRYPTO_THREAD_get_current_id                                   4250
  EVP_PKEY_asn1_get_count                                        4292
  ossl_method_unlock_store                                       4292
  EVP_CIPHER_get_iv_length                                       4333
  ossl_child_prov_ctx_new                                        4333
  OSSL_ERR_STATE_new                                             4375
  ossl_lib_ctx_is_default                                        4375
  OSSL_STORE_unregister_loader                                   4416
  OPENSSL_cpuid_setup                                            4417
  null_gettable_ctx_params                                       4417
  ossl_method_lock_store                                         4417
  CONF_imodule_get_value                                         4458
  ossl_prov_ctx_get0_libctx                                      4458
  BIO_meth_set_write_ex                                          4500
  ENGINE_add_conf_module                                         4500
  ENGINE_set_ctrl_function                                       4500
  EVP_aes_256_cbc_hmac_sha1                                      4500
  aes_192_siv_get_params                                         4500
  ossl_config_add_ssl_module                                     4500
  OSSL_CMP_log_close                                             4541
  BIO_meth_set_read_ex                                           4542
  chacha20_get_params                                            4542
  ossl_cipher_generic_reset_ctx                                  4583
  sm4_128_ctr_get_params                                         4583
  def_is_number                                                  4624
  aes_128_xts_get_params                                         4625
  aes_192_ecb_get_params                                         4625
  aria_192_ctr_get_params                                        4625
  ossl_rand_cleanup_int                                          4625
  pthread_cond_destroy                                           4625
  tdes_ede2_cbc_get_params                                       4625
  tdes_ede3_cbc_get_params                                       4625
  EVP_sha256                                                     4666
  aria_256_ofb_get_params                                        4666
  sm4_128_cfb128_get_params                                      4666
  OSSL_trace_set_channel                                         4667
  aes_256_siv_get_params                                         4667
  chacha20_gettable_ctx_params                                   4667
  lsl::Lock::unlock()                                            4667
  ossl_bio_core_globals_new                                      4667
  ENGINE_set_init_function                                       4708
  OSSL_STORE_LOADER_free                                         4708
  aria_128_ofb_get_params                                        4708
  ossl_stored_namemap_free                                       4708
  sm4_128_cbc_get_params                                         4708
  OSSL_STORE_LOADER_set_eof                                      4709
  aes_192_cbc_get_params                                         4709
  aria_192_cfb8_get_params                                       4709
  ENGINE_set_finish_function                                     4750
  EVP_aes_256_cbc_hmac_sha256                                    4750
  aes_192_ccm_get_params                                         4750
  aes_192_cfb1_get_params                                        4750
  aes_192_ofb_get_params                                         4750
  aes_256_cfb_get_params                                         4750
  aria_128_cfb1_get_params                                       4750
  aria_256_ctr_get_params                                        4750
  engine_pkey_meths_free                                         4750
  sm4_128_gcm_get_params                                         4750
  tdes_ede2_ecb_get_params                                       4750
  tdes_wrap_get_params                                           4750
  aes_256_ctr_get_params                                         4791
  EVP_aes_128_cbc_hmac_sha1                                      4792
  aes_128_ecb_get_params                                         4792
  aria_256_cfb_get_params                                        4792
  aes_v8_ctr32_encrypt_blocks                                    4833
  sm4_128_ofb128_get_params                                      4833
  OSSL_STORE_LOADER_set_close                                    4834
  aes_128_cfb_get_params                                         4834
  aes_128_ofb_get_params                                         4834
  aria_128_ctr_get_params                                        4834
  tdes_ede3_ofb_get_params                                       4834
  EVP_aes_128_cbc_hmac_sha256                                    4875
  aes_128_cfb1_get_params                                        4875
  aes_128_cfb8_get_params                                        4875
  aes_192_cfb_get_params                                         4875
  aes_192_gcm_get_params                                         4875
  aes_256_cfb1_get_params                                        4875
  aes_cts_192_cbc_get_params                                     4875
  aria_128_cfb8_get_params                                       4875
  aria_128_ecb_get_params                                        4875
  aria_192_cbc_get_params                                        4875
  aria_192_gcm_get_params                                        4875
  sm4_128_xts_get_params                                         4875
  tdes_ede3_cfb_get_params                                       4875
  NCONF_get0_libctx                                              4916
  aes_192_wrap_get_params                                        4916
  aria_256_cfb8_get_params                                       4916
  tdes_ede3_cfb8_get_params                                      4916
  OSSL_STORE_LOADER_set_error                                    4917
  aes_128_cbc_get_params                                         4917
  aes_128_ocb_get_params                                         4917
  aes_256_ccm_get_params                                         4917
  aes_256_ofb_get_params                                         4917
  aria_192_cfb1_get_params                                       4917
  aria_192_ecb_get_params                                        4917
  sm4_128_ecb_get_params                                         4917
  tdes_ede2_ofb_get_params                                       4917
  aes_192_cfb8_get_params                                        4958
  aes_256_cbc_get_params                                         4958
  aria_128_ccm_get_params                                        4958
  aria_128_cfb_get_params                                        4958
  aria_192_ofb_get_params                                        4958
  ossl_ctx_global_properties_new                                 4958
  ossl_prov_ctx_set0_core_bio_method                             4958
  sm4_128_ccm_get_params                                         4958
  tiny_try_realloc_in_place                                      4959
  Diagnostics::clearError()                                      5000
  ENGINE_load_builtin_engines                                    5000
  aes_128_siv_get_params                                         5000
  aes_256_gcm_get_params                                         5000
  aes_256_wrappad_get_params                                     5000
  aes_256_xts_get_params                                         5000
  aria_128_cbc_get_params                                        5000
  aria_192_cfb_get_params                                        5000
  ossl_random_add_conf_module                                    5000
  aes_256_cfb8_get_params                                        5041
  engine_remove_dynamic_id                                       5041
  tdes_ede2_cfb_get_params                                       5041
  OSSL_STORE_LOADER_set_load                                     5042
  aes_128_wrappad_get_params                                     5042
  aes_128_ctr_get_params                                         5083
  aes_192_wrappad_get_params                                     5083
  aes_cts_256_cbc_get_params                                     5083
  aria_192_ccm_get_params                                        5083
  aria_256_cfb1_get_params                                       5083
  tdes_ede3_cfb1_get_params                                      5083
  BIO_free                                                       5084
  aes_192_ctr_get_params                                         5125
  aes_192_ocb_get_params                                         5125
  aes_192_wrapinv_get_params                                     5125
  aes_256_ecb_get_params                                         5125
  aes_256_wrapinv_get_params                                     5125
  aes_cts_128_cbc_get_params                                     5125
  aria_128_gcm_get_params                                        5125
  aria_256_cbc_get_params                                        5125
  camellia_256_cbc_get_params                                    5125
  camellia_256_cfb_get_params                                    5125
  ossl_bio_core_globals_free                                     5125
  ossl_property_has_optional                                     5125
  ossl_store_register_init                                       5125
  UI_method_set_prompt_constructor                               5167
  aes_128_ccm_get_params                                         5167
  aes_128_wrap_get_params                                        5167
  aria_256_ccm_get_params                                        5167
  aria_256_gcm_get_params                                        5167
  camellia_128_cbc_get_params                                    5167
  camellia_128_ctr_get_params                                    5167
  camellia_192_cbc_get_params                                    5167
  camellia_192_ecb_get_params                                    5167
  ossl_provider_add_conf_module                                  5167
  EVP_CIPHER_get_key_length                                      5208
  ossl_property_match_count                                      5208
  ossl_prov_cipher_hw_aes_ctr                                    5208
  aes_256_ocb_get_params                                         5209
  aes_256_wrap_get_params                                        5250
  camellia_128_cfb_get_params                                    5250
  camellia_128_ofb_get_params                                    5250
  camellia_192_cfb_get_params                                    5250
  camellia_256_ctr_get_params                                    5250
  ossl_indicator_set_callback_free                               5250
  aes_256_wrappadinv_get_params                                  5291
  aes_128_wrappadinv_get_params                                  5292
  camellia_128_ecb_get_params                                    5292
  aria_256_ecb_get_params                                        5333
  camellia_256_cfb1_get_params                                   5333
  camellia_256_ecb_get_params                                    5333
  OSSL_STORE_LOADER_set_expect                                   5334
  camellia_256_ofb_get_params                                    5334
  OSSL_STORE_LOADER_set_open                                     5375
  __fcntl                                                        5375
  camellia_128_cfb1_get_params                                   5375
  camellia_192_cfb1_get_params                                   5375
  camellia_192_ctr_get_params                                    5375
  engine_pkey_asn1_meths_free                                    5375
  medium_region_for_ptr_no_lock                                  5375
  camellia_192_ofb_get_params                                    5416
  aes_192_wrappadinv_get_params                                  5417
  camellia_128_cfb8_get_params                                   5417
  camellia_192_cfb8_get_params                                   5417
  memset                                                         5417
  ossl_free_compression_methods_int                              5417
  tdes_ede3_ecb_get_params                                       5417
  aes_128_wrapinv_get_params                                     5458
  camellia_256_cfb8_get_params                                   5458
  ENGINE_get_cipher_engine                                       5500
  camellia_cts_192_cbc_get_params                                5500
  chacha20_poly1305_get_params                                   5500
  ossl_self_test_set_callback_free                               5542
  aes_128_gcm_get_params                                         5583
  ossl_init_thread_deregister                                    5583
  OSSL_PARAM_get_int                                             5667
  getegid                                                        5667
  ossl_provider_unquery_operation                                5750
  chacha20_poly1305_gettable_ctx_params                          5792
  getgid                                                         5792
  ossl_aes_256_gcm_siv_get_params                                5792
  ossl_indicator_set_callback_new                                5834
  OSSL_LIB_CTX_set_conf_diagnostics                              5875
  camellia_cts_256_cbc_get_params                                5958
  ossl_aes_192_gcm_siv_get_params                                5958
  OPENSSL_sk_sort                                                5959
  ossl_prov_ctx_get0_core_bio_method                             6000
  app_get0_libctx                                                6041
  ossl_aes_128_gcm_siv_get_params                                6041
  EVP_CIPHER_CTX_get_block_size                                  6042
  opt_arg                                                        6124
  camellia_cts_128_cbc_get_params                                6125
  ossl_self_test_set_callback_new                                6167
  BIO_set_data                                                   6250
  getuid                                                         6250
  free_small                                                     6292
  ossl_prov_seeding_from_dispatch                                6292
  geteuid                                                        6376
  ossl_prov_bio_from_dispatch                                    6416
  EVP_CIPHER_get_mode                                            6500
  EVP_RAND_CTX_free                                              6625
  dyld3::kdebug_trace_dyld_enabled(unsigned int)                 6667
  dyld4::RuntimeState::notifyObjCPatching()                      6708
  dyld4::Loader::hiddenFromFlat(bool) const                      6792
  OSSL_PARAM_get_int32                                           6916
  BIO_next                                                       7042
  dyld4::handleFromLoader(dyld4::Loader const*, bool)             7250
  _kernelrpc_mach_port_deallocate_trap                           7292
  dyld4::BumpAllocator::~BumpAllocator()                         7458
  EVP_CipherInit_ex                                              7459
  __sigaction                                                    7459
  bio_open_default                                               7500
  store_loader_hash                                              7500
  _platform_strnlen                                              7667
  medium_malloc_from_free_list                                   7708
  OPENSSL_sk_pop                                                 7750
  ENGINE_register_EC                                             7833
  lsl::EphemeralAllocator::reset()                               7833
  dyld4::JustInTimeLoader::hiddenFromFlat(bool) const             7875
  err_unshelve_state                                             7875
  ENGINE_register_DH                                             8083
  _kernelrpc_mach_port_construct_trap                            8083
  openssl_fopen                                                  8125
  file_ctrl                                                      8167
  BIO_copy_next_retry                                            8333
  X509_get_default_cert_area                                     8458
  ENGINE_register_RAND                                           8500
  __sclose                                                       8541
  dyld4::Loader::beginInitializers(dyld4::RuntimeState&)             8542
  flsl                                                           8583
  dyld4::RuntimeState::incDlRefCount(dyld4::Loader const*)             8791
  __sflags                                                       8792
  lsl::Lock::lock()                                              8834
  ENGINE_register_DSA                                            8916
  ossl_lib_ctx_get_concrete                                      9001
  BIO_set_init                                                   9041
  lsl::Vector<dyld4::Loader const*>::reserveExact(unsigned long)             9166
  strlen                                                         9334
  ENGINE_register_ciphers                                        9458
  ENGINE_register_digests                                        9541
  ossl_sa_new                                                    9583
  BIO_set_flags                                                  9584
  dyld4::JustInTimeLoader::beginInitializers(dyld4::RuntimeState&)             9666
  DSO_METHOD_openssl                                             9667
  ossl_cipher_generic_einit                                      9751
  ENGINE_register_pkey_meths                                     9958
  ossl_property_free                                            10124
  ENGINE_register_RSA                                           10125
  deflt_query                                                   10542
  ossl_cipher_generic_set_ctx_params                            10583
  CRYPTO_atomic_or                                              10626
  OSSL_LIB_CTX_get_conf_diagnostics                             10833
  ossl_lib_ctx_get_ex_data_global                               11042
  ENGINE_register_pkey_asn1_meths                               11167
  engine_free_util                                              11501
  NCONF_get_section                                             11584
  ossl_lib_ctx_get_rcukey                                       11624
  OPENSSL_cleanse                                               11833
  lsl::Vector<lsl::MemoryManager::Buffer>::reserve(unsigned long)            11833
  dyld4::RuntimeState::doSingletonPatching(dyld4::DyldCacheDataConstLazyScopedWriter&)            12084
  ossl_sa_doall_arg                                             12125
  aes_siv_gettable_ctx_params                                   12292
  EVP_add_cipher                                                12916
  ossl_cipher_capable_aes_cbc_hmac_sha256                       13167
  ossl_property_value                                           13334
  ossl_cipher_capable_aes_cbc_hmac_sha1                         13458
  __bzero                                                       13625
  cipher_ocb_gettable_ctx_params                                13791
  dyld4::Loader::loadDependents(Diagnostics&, dyld4::RuntimeState&, dyld4::Loader::LoadOptions const&)            13792
  fstat                                                         13958
  aes_cbc_cts_gettable_ctx_params                               14041
  dyld4::DyldCacheDataConstLazyScopedWriter::DyldCacheDataConstLazyScopedWriter(dyld4::RuntimeState&)            14083
  BIO_clear_flags                                               14250
  lsl::EphemeralAllocator::~EphemeralAllocator()                14375
  dyld4::Loader::path() const                                   14750
  _NSGetEnviron                                                 14999
  _kernelrpc_mach_vm_deallocate_trap                            15042
  sa_doall                                                      15209
  dyld4::JustInTimeLoader::loadDependents(Diagnostics&, dyld4::RuntimeState&, dyld4::Loader::LoadOptions const&)            15250
  BIO_get_data                                                  15335
  DSO_free                                                      15416
  tiny_malloc_from_free_list                                    15417
  CRYPTO_atomic_add                                             15750
  ossl_aes_gcm_siv_gettable_ctx_params                          15917
  dyld3::MachOFile::is64() const                                16000
  camellia_cbc_cts_gettable_ctx_params                          16126
  os_unfair_recursive_lock_unlock                               16208
  _kernelrpc_mach_port_destruct_trap                            16542
  file_new                                                      16582
  ossl_prov_is_running                                          16876
  file_free                                                     17290
  invocation function for block in dyld4::Loader::forEachPath(Diagnostics&, dyld4::RuntimeState&, char const*, dyld4::Loader::Loa            17458
  pthread_mutex_destroy                                         17916
  dyld4::JustInTimeLoader::path() const                         17959
  FMT_istext                                                    18166
  CRYPTO_THREAD_lock_free                                       18251
  OPENSSL_LH_get_down_load                                      18417
  BIO_new                                                       18999
  kdebug_is_enabled                                             19083
  __sflush                                                      19333
  pthread_cond_init                                             19960
  small_try_realloc_in_place                                    20083
  dyld4::LibSystemHelpers::pthread_getspecific(unsigned long) const            20333
  os_unfair_recursive_lock_lock_with_options                    20500
  __chkstk_darwin_probe                                         20583
  dyld4::Loader::matchesPath(char const*) const                 21125
  property_free                                                 21168
  lsl::EphemeralAllocator::deallocate_buffer(lsl::MemoryManager::Buffer)            21875
  ___chkstk_darwin                                              21917
  os_unfair_lock_assert_not_owner                               22582
  get_tiny_previous_free_msize                                  22625
  small_size                                                    22667
  dyld4::ProcessConfig::DyldCache::indexOfPath(char const*, unsigned int&) const            24292
  dyld4::Loader::loadAddress(dyld4::RuntimeState&) const            25458
  small_free_list_find_by_ptr                                   26208
  pthread_mutex_init                                            26250
  __findenv_locked                                              26625
  OPENSSL_strnlen                                               27125
  lsl::MemoryManager::lockGuard()                               27166
  rack_region_insert                                            27791
  ossl_property_name                                            28042
  dyld3::ScopedTimer::endTimer()                                28208
  dyld4::JustInTimeLoader::loadAddress(dyld4::RuntimeState&) const            28375
  OPENSSL_sk_delete                                             28664
  small_free_list_remove_ptr                                    31794
  _pthread_mutex_check_init_slow                                32833
  __open                                                        32917
  lsl::AllocationMetadata::AllocationMetadata(lsl::Allocator*, unsigned long)            33082
  tiny_free_list_remove_ptr                                     33501
  CRYPTO_new_ex_data                                            35251
  OPENSSL_LH_set_down_load                                      36125
  small_free_list_remove_ptr_no_clear                           36209
  __read_nocancel                                               36918
  dyld4::LibSystemHelpers::os_unfair_recursive_lock_unlock(os_unfair_recursive_lock_s*) const            38042
  szone_good_size                                               39127
  dyld4::LibSystemHelpers::os_unfair_lock_unlock(os_unfair_lock_s*) const            40500
  OPENSSL_sk_free                                               41666
  Diagnostics::hasError() const                                 42833
  mach_msg2_trap                                                43333
  EVP_PKEY_asn1_get0                                            43959
  Diagnostics::noError() const                                  44458
  ossl_rcu_write_lock                                           44917
  small_free_list_add_ptr                                       46249
  ossl_rcu_write_unlock                                         46375
  pthread_setspecific                                           46583
  ossl_tdes_gettable_ctx_params                                 47376
  _kernelrpc_mach_vm_map_trap                                   48832
  small_malloc_from_free_list                                   50210
  dyld4::RuntimeState::PermanentRanges::contains(unsigned long, unsigned long, unsigned char*, dyld4::Loader const**) const            50375
  dyld3::MachOFile::read_uleb128(Diagnostics&, unsigned char const*&, unsigned char const*)            50708
  dyld4::LibSystemHelpers::os_unfair_recursive_lock_lock_with_options(os_unfair_recursive_lock_s*, os_unfair_lock_options_t) cons            52041
  _tiny_check_and_zero_inline_meta_from_freelist                53124
  szone_malloc                                                  55291
  EVP_PKEY_asn1_get0_info                                       56416
  pthread_cond_broadcast                                        57128
  dyld4::LibSystemHelpers::os_unfair_lock_lock_with_options(os_unfair_lock_s*, os_unfair_lock_options_t) const            58958
  tiny_size                                                     60540
  __write_nocancel                                              60917
  madvise                                                       61710
  realloc                                                       62458
  set_tiny_meta_header_in_use                                   64625
  lsl::EphemeralAllocator::allocate_buffer(unsigned long, unsigned long, unsigned long)            64708
  strcmp                                                        69710
  _qsort                                                        70166
  tiny_free_list_add_ptr                                        71585
  _szone_free                                                   73040
  OPENSSL_sk_pop_free                                           74250
  ossl_cipher_aead_gettable_ctx_params                          74289
  szone_try_free_default                                        79415
  os_unfair_lock_assert_owner                                   80415
  invocation function for block in dyld3::MachOFile::getDylibInstallName(char const**, unsigned int*, unsigned int*) const            81041
  dyld3::kdebug_trace_dyld_duration_end(unsigned long long, unsigned int, dyld3::kt_arg, dyld3::kt_arg, dyld3::kt_arg)            81375
  __close_nocancel                                              82334
  rack_get_thread_index                                         83958
  dyld3::OverflowSafeArray<unsigned int, 4294967295ul>::verifySpace(unsigned long)            92707
  EVP_CIPHER_get_type                                           94121
  dyld4::Loader::contains(dyld4::RuntimeState&, void const*, void const**, unsigned long long*, unsigned char*) const            94125
  property_hash                                                101500
  pthread_cond_signal                                          105119
  Diagnostics::assertNoError() const                           107208
  nanov2_size                                                  112707
  pthread_rwlock_init                                          124664
  pthread_rwlock_destroy                                       126290
  os_unfair_lock_unlock                                        130252
  __open_nocancel                                              138166
  Diagnostics::~Diagnostics()                                  139205
  Diagnostics::Diagnostics(bool)                               145875
  get_legacy_evp_names                                         165374
  ossl_ctype_check                                             174421
  os_unfair_lock_lock_with_options                             175043
  invocation function for block in dyld3::MachOFile::getEntry(unsigned long long&, bool&) const           193332
  nanov2_pointer_size                                          197874
  EVP_MD_get_type                                              201582
  free                                                         205208
  _Block_object_dispose                                        208668
  OPENSSL_hexchar2int                                          238581
  ossl_sa_set                                                  254794
  trim_ws                                                      273960
  strncmp                                                      277378
  nanov2_allocate_from_block                                   293045
  invocation function for block in dyld4::JustInTimeLoader::contains(dyld4::RuntimeState&, void const*, void const**, unsigned lo           293666
  BUF_MEM_new                                                  298537
  names_free                                                   326794
  OBJ_get0_data                                                336958
  OPENSSL_LH_doall                                             339789
  OSSL_PARAM_set_uint                                          350331
  ossl_provider_ctx                                            353412
  OPENSSL_LH_flush                                             355708
  EVP_CIPHER_get_nid                                           377670
  conf_value_cmp                                               390585
  ossl_lib_ctx_unlock                                          392177
  invocation function for block in dyld3::MachOLoaded::findClosestSymbol(unsigned long long, char const**, unsigned long long*) c           398623
  OSSL_PARAM_locate_const                                      411835
  ossl_lib_ctx_read_lock                                       439952
  OPENSSL_LH_set_thunks                                        442039
  property_defn_cmp                                            451589
  ossl_cipher_generic_gettable_ctx_params                      461670
  evp_cipher_up_ref                                            468500
  ossl_provider_free                                           475874
  property_defn_hash                                           479753
  CRYPTO_realloc                                               486872
  value_free_hash                                              489499
  function_hash                                                490628
  BN_free                                                      502464
  eat_alpha_numeric                                            506624
  ossl_provider_up_ref                                         508624
  OSSL_PARAM_set_uint32                                        519631
  ASN1_OBJECT_free                                             523124
  ossl_sa_get                                                  534453
  OSSL_PARAM_construct_end                                     564254
  sa_free_node                                                 568323
  EVP_CIPHER_get0_provider                                     578082
  OSSL_PARAM_construct_uint                                    582624
  evp_cipher_free                                              592340
  do_all_fn                                                    609958
  EVP_CIPHER_free                                              645374
  invocation function for block in dyld3::MachOLoaded::getLinkEditLoadCommands(Diagnostics&, dyld3::MachOLoaded::LinkEditInfo&) c           820000
  ossl_provider_libctx                                         828380
  _platform_strncmp                                            860698
  internal_free_nop                                            894141
  OPENSSL_LH_error                                             923160
  name_string_free                                             930749
  BUF_MEM_grow                                                1112180
  invocation function for block in dyld3::MachOFile::forEachSegment(void (dyld3::MachOFile::SegmentInfo const&, bool&) block_poin          1117415
  OSSL_PARAM_set_size_t                                       1150965
  pthread_getspecific                                         1181625
  sk_reserve                                                  1185204
  _os_once                                                    1212291
  CRYPTO_THREAD_get_local                                     1315918
  _platform_memchr                                            1335624
  ossl_rcu_assign_uptr                                        1456833
  names_lh_free_doall                                         1560257
  OSSL_PARAM_set_uint64                                       1561803
  ossl_lib_ctx_get_data                                       1657496
  OSSL_PARAM_set_int                                          1668656
  pthread_mutex_lock                                          1724785
  _platform_strchr                                            1771284
  pthread_mutex_unlock                                        1832829
  OSSL_PARAM_construct_size_t                                 1865526
  _nanov2_free                                                1942459
  _pthread_mutex_lock_init_slow                               1976198
  OPENSSL_sk_push                                             2035932
  OPENSSL_sk_num                                              2071510
  _pthread_mutex_unlock_init_slow                             2073479
  _pthread_mutex_firstfit_lock_slow                           2186271
  _pthread_mutex_firstfit_unlock_slow                         2279418
  OPENSSL_sk_value                                            2395401
  OSSL_PARAM_set_int32                                        2505489
  obj_name_cmp                                                2572123
  OPENSSL_LH_strhash                                          2761369
  OSSL_PARAM_construct_int                                    2822625
  _platform_memcmp                                            2855261
  pthread_once                                                3100370
  OBJ_nid2obj                                                 3228831
  CRYPTO_atomic_load                                          3387621
  pthread_rwlock_rdlock                                       3409522
  SortFnByName                                                3476046
  ossl_lh_strcasehash                                         3752465
  __error                                                     3791574
  cipher_compare                                              4133446
  ossl_isdigit                                                4142426
  fnv1a_hash                                                  4575726
  _platform_memmove                                           6614065
  pthread_rwlock_wrlock                                       6780283
  pthread_rwlock_unlock                                      10210274
  err_string_data_cmp                                        10882202
  CRYPTO_free                                                12577897
  malloc                                                     13599893
  doapr_outch                                                15660803
  err_string_data_hash                                       16561588
  nanov2_malloc                                              18771504
  _platform_strlen                                           23772257
  _platform_memset                                           25857881
  nanov2_try_free_default                                    26378628
  _platform_strcmp                                           28707034
  ossl_tolower                                               61145927
