
  pd_free                                                        1708
  EVP_md5                                                        1792
  EVP_rc4_40                                                     1916
  UI_OpenSSL                                                     1958
  EVP_bf_cbc                                                     2000
  sigaction                                                      2042
  EVP_sm4_cbc                                                    2083
  EVP_sha1                                                       2084
  EVP_des_ofb                                                    2125
  EVP_rc2_cbc                                                    2125
  EVP_des_ecb                                                    2166
  EVP_idea_cbc                                                   2167
  EVP_mdc2                                                       2167
  EVP_rc4                                                        2167
  EVP_rc2_ofb                                                    2208
  EVP_sha512                                                     2208
  EVP_sm3                                                        2208
  EVP_sm4_ecb                                                    2208
  UI_null                                                        2208
  EVP_sm4_ofb                                                    2209
  EVP_bf_ofb                                                     2250
  EVP_des_cbc                                                    2250
  EVP_sha224                                                     2250
  EVP_cast5_ofb                                                  2291
  EVP_sha3_224                                                   2291
  EVP_sha3_512                                                   2292
  EVP_des_cfb8                                                   2333
  EVP_des_ede                                                    2333
  EVP_idea_ofb                                                   2333
  EVP_seed_cbc                                                   2333
  opt_unknown                                                    2333
  EVP_md4                                                        2334
  EVP_shake256                                                   2334
  EVP_aes_192_gcm                                                2375
  EVP_blake2s256                                                 2375
  EVP_des_ede3                                                   2375
  EVP_seed_ofb                                                   2375
  EVP_sha384                                                     2375
  EVP_shake128                                                   2375
  _cleanup                                                       2375
  EVP_bf_ecb                                                     2417
  EVP_sha3_384                                                   2417
  EVP_sha512_224                                                 2417
  EVP_sha512_256                                                 2417
  release_engine                                                 2458
  EVP_cast5_cbc                                                  2500
  EVP_des_ede_ofb                                                2500
  EVP_aes_256_gcm                                                2541
  EVP_aria_256_ecb                                               2541
  EVP_sm4_ctr                                                    2541
  EVP_aes_128_cbc                                                2542
  EVP_aes_192_cbc                                                2542
  EVP_aes_192_ccm                                                2542
  EVP_aes_192_cfb1                                               2542
  EVP_aes_256_ofb                                                2542
  EVP_md5_sha1                                                   2542
  EVP_rc2_64_cbc                                                 2542
  EVP_ripemd160                                                  2542
  EVP_aes_128_ctr                                                2583
  EVP_aes_256_cbc                                                2583
  EVP_aria_192_ctr                                               2583
  EVP_desx_cbc                                                   2583
  opt_next                                                       2583
  EVP_des_ede_cbc                                                2584
  EVP_seed_ecb                                                   2584
  vm_deallocate                                                  2584
  EVP_aes_128_xts                                                2625
  EVP_aes_192_cfb8                                               2625
  EVP_aes_256_xts                                                2625
  EVP_aria_256_ofb                                               2625
  EVP_chacha20                                                   2625
  EVP_idea_ecb                                                   2625
  EVP_rc2_cfb64                                                  2625
  EVP_aria_128_ofb                                               2666
  EVP_aria_192_gcm                                               2666
  EVP_aria_256_cbc                                               2666
  EVP_cast5_ecb                                                  2666
  EVP_aes_128_ccm                                                2667
  EVP_aes_128_cfb1                                               2667
  EVP_aes_256_cfb1                                               2667
  EVP_aria_256_ctr                                               2667
  ossl_trace_cleanup                                             2667
  EVP_aes_256_ocb                                                2708
  EVP_aria_192_ofb                                               2708
  def_to_int                                                     2708
  lh_FUNCTION_free                                               2708
  EVP_aes_192_ocb                                                2709
  EVP_aria_256_ccm                                               2709
  EVP_blake2b512                                                 2709
  EVP_cast5_cfb64                                                2709
  app_get0_propq                                                 2709
  COMP_get_type                                                  2750
  ENGINE_set_id                                                  2750
  EVP_aes_192_ofb                                                2750
  EVP_aria_128_ctr                                               2750
  EVP_aria_256_gcm                                               2750
  EVP_des_cfb1                                                   2750
  EVP_des_ede3_cfb8                                              2750
  EVP_idea_cfb64                                                 2750
  EVP_rc2_40_cbc                                                 2750
  EVP_rc2_ecb                                                    2750
  ENGINE_set_name                                                2791
  EVP_MD_free                                                    2791
  EVP_aria_128_cbc                                               2791
  EVP_aria_256_cfb8                                              2791
  EVP_aes_128_wrap                                               2792
  EVP_aes_256_ccm                                                2792
  EVP_aes_256_ctr                                                2792
  EVP_des_ede3_ofb                                               2792
  EVP_aes_192_wrap                                               2833
  EVP_aria_192_cbc                                               2833
  EVP_aria_256_cfb1                                              2833
  EVP_des_cfb64                                                  2833
  EVP_sha3_256                                                   2833
  strrchr                                                        2833
  EVP_bf_cfb64                                                   2834
  EVP_des_ede3_cfb1                                              2834
  EVP_aes_256_cfb8                                               2875
  EVP_aria_128_ecb                                               2875
  EVP_aria_192_cfb1                                              2875
  EVP_aria_192_cfb8                                              2916
  EVP_rc4_hmac_md5                                               2916
  getrlimit                                                      2916
  EVP_aes_192_ecb                                                2917
  NCONF_default                                                  2917
  query_hash                                                     2917
  EVP_aes_128_cfb128                                             2958
  EVP_aria_128_cfb8                                              2958
  EVP_des_ede3_wrap                                              2958
  OBJ_obj2txt                                                    2958
  EVP_aes_256_wrap                                               2959
  EVP_whirlpool                                                  2959
  BIO_f_cipher                                                   3000
  EVP_aes_128_cfb8                                               3000
  EVP_aes_128_gcm                                                3000
  EVP_aes_128_ofb                                                3000
  EVP_aria_128_ccm                                               3000
  EVP_seed_cfb128                                                3000
  EVP_des_ede3_cbc                                               3042
  function_cmp                                                   3042
  property_cmp                                                   3042
  EVP_aria_192_ecb                                               3083
  EVP_camellia_128_cbc                                           3083
  EVP_aes_256_ecb                                                3084
  EVP_camellia_192_cbc                                           3125
  EVP_sm4_cfb128                                                 3125
  OSSL_LIB_CTX_get_data                                          3125
  __cxa_finalize                                                 3125
  EVP_camellia_192_ctr                                           3166
  EVP_aes_192_ctr                                                3167
  EVP_aes_256_wrap_pad                                           3167
  EVP_aria_128_cfb1                                              3167
  EVP_aria_192_cfb128                                            3167
  EVP_camellia_128_ofb                                           3167
  EVP_camellia_192_ofb                                           3167
  EVP_des_ede_cfb64                                              3167
  EVP_aes_128_wrap_pad                                           3208
  EVP_aes_192_cfb128                                             3208
  EVP_aria_192_ccm                                               3208
  EVP_des_ede3_cfb64                                             3208
  EVP_camellia_256_ofb                                           3209
  EVP_chacha20_poly1305                                          3209
  EVP_aes_128_ocb                                                3250
  EVP_aria_128_gcm                                               3250
  EVP_aria_256_cfb128                                            3250
  OSSL_PARAM_modified                                            3250
  UI_method_set_writer                                           3250
  ossl_comp_zstd_cleanup                                         3250
  EVP_aria_128_cfb128                                            3292
  EVP_camellia_256_cbc                                           3292
  EVP_aes_128_ecb                                                3333
  EVP_camellia_128_cfb1                                          3333
  EVP_camellia_192_cfb1                                          3333
  def_init_default                                               3333
  EVP_add_alg_module                                             3334
  EVP_camellia_128_cfb8                                          3334
  EVP_camellia_256_cfb1                                          3334
  EVP_camellia_256_cfb8                                          3334
  EVP_camellia_128_ctr                                           3375
  EVP_camellia_256_ctr                                           3375
  opt_set_unknown_name                                           3375
  ossl_store_cleanup_int                                         3375
  EVP_camellia_192_cfb8                                          3417
  EVP_camellia_256_ecb                                           3417
  UI_method_set_closer                                           3417
  __smakebuf                                                     3417
  EVP_aes_256_cfb128                                             3459
  EVP_CIPHER_get_flags                                           3500
  OSSL_STORE_register_loader                                     3500
  bio_sock_cleanup_int                                           3500
  signal                                                         3500
  COMP_zlib                                                      3541
  UI_method_set_reader                                           3542
  init_thread_stop                                               3542
  store_loader_cmp                                               3542
  ENGINE_set_flags                                               3583
  EVP_camellia_192_ecb                                           3583
  app_RAND_write                                                 3583
  EVP_aes_192_wrap_pad                                           3584
  ossl_comp_brotli_cleanup                                       3584
  ossl_prov_ctx_new                                              3625
  EVP_camellia_256_cfb128                                        3667
  UI_method_set_opener                                           3667
  engine_load_rdrand_int                                         3667
  ossl_prov_ctx_set0_handle                                      3708
  ossl_prov_ctx_free                                             3709
  ASN1_add_oid_module                                            3750
  ASN1_add_stable_module                                         3750
  EVP_CipherUpdate                                               3750
  NCONF_get0_libctx                                              3750
  EVP_camellia_128_ecb                                           3791
  EVP_camellia_128_cfb128                                        3792
  EVP_camellia_192_cfb128                                        3792
  ossl_lib_ctx_is_default                                        3792
  BIO_meth_set_ctrl                                              3833
  ERR_get_error_all                                              3833
  ossl_comp_zlib_cleanup                                         3834
  BIO_meth_set_puts                                              3875
  dyld4::APIs::_tlv_exit()                                       3875
  evp_app_cleanup_int                                            3916
  ossl_lib_ctx_write_lock                                        3916
  ERR_print_errors                                               3917
  EVP_CipherFinal_ex                                             3917
  ENGINE_set_cmd_defns                                           3958
  core_get_libctx                                                3958
  opt_check_rest_arg                                             3958
  BIO_meth_set_create                                            3959
  BIO_meth_set_gets                                              4000
  OSSL_LIB_CTX_free                                              4000
  ossl_prov_ctx_set0_libctx                                      4000
  aes_v8_set_encrypt_key                                         4041
  EVP_CIPHER_fetch                                               4042
  free_medium                                                    4042
  ossl_method_lock_store                                         4042
  BIO_meth_set_destroy                                           4083
  ENGINE_add_conf_module                                         4084
  OSSL_ERR_STATE_new                                             4084
  ossl_child_prov_ctx_new                                        4125
  EVP_PKEY_asn1_get_count                                        4167
  CRYPTO_THREAD_get_current_id                                   4208
  EVP_CIPHER_get_iv_length                                       4208
  null_gettable_ctx_params                                       4208
  ossl_method_unlock_store                                       4208
  pthread_self                                                   4208
  aes_192_cbc_get_params                                         4250
  ossl_cipher_generic_reset_ctx                                  4250
  BIO_meth_set_read_ex                                           4292
  aes_192_ctr_get_params                                         4333
  aes_256_cbc_get_params                                         4333
  chacha20_get_params                                            4333
  ossl_prov_ctx_get0_libctx                                      4333
  sm4_128_ctr_get_params                                         4333
  sm4_128_cbc_get_params                                         4334
  OSSL_CMP_log_close                                             4375
  aes_192_ofb_get_params                                         4375
  aes_v8_ctr32_encrypt_blocks                                    4375
  ossl_random_add_conf_module                                    4375
  aes_128_ccm_get_params                                         4416
  aria_256_ctr_get_params                                        4416
  chacha20_gettable_ctx_params                                   4416
  OSSL_STORE_LOADER_set_eof                                      4417
  aes_128_cbc_get_params                                         4417
  tiny_free_no_lock                                              4417
  CONF_imodule_get_value                                         4458
  EVP_aes_256_cbc_hmac_sha1                                      4458
  OSSL_STORE_unregister_loader                                   4458
  aes_128_ofb_get_params                                         4458
  aes_256_ofb_get_params                                         4458
  aria_128_gcm_get_params                                        4458
  lsl::Lock::unlock()                                            4458
  ossl_config_add_ssl_module                                     4458
  ENGINE_set_ctrl_function                                       4459
  aes_256_siv_get_params                                         4459
  aria_128_cfb8_get_params                                       4459
  ENGINE_set_init_function                                       4500
  aes_128_ocb_get_params                                         4500
  aes_192_cfb_get_params                                         4500
  aes_192_ecb_get_params                                         4500
  aes_192_wrap_get_params                                        4500
  aes_256_cfb_get_params                                         4500
  aria_192_ecb_get_params                                        4500
  aria_192_gcm_get_params                                        4500
  aria_128_ecb_get_params                                        4541
  aria_128_cfb1_get_params                                       4542
  tdes_ede3_cfb_get_params                                       4542
  OPENSSL_cpuid_setup                                            4583
  aes_192_ccm_get_params                                         4583
  aes_256_cfb8_get_params                                        4583
  aria_192_cfb1_get_params                                       4583
  aria_192_ctr_get_params                                        4583
  aria_192_ofb_get_params                                        4583
  aria_256_cfb_get_params                                        4583
  ossl_bio_core_globals_free                                     4583
  ossl_bio_core_globals_new                                      4583
  aes_128_ctr_get_params                                         4584
  aria_128_ofb_get_params                                        4584
  aes_192_gcm_get_params                                         4625
  aria_256_cbc_get_params                                        4625
  strchr                                                         4625
  tdes_ede2_ofb_get_params                                       4625
  tiny_try_realloc_in_place                                      4625
  ENGINE_set_finish_function                                     4666
  OSSL_trace_set_channel                                         4666
  tdes_ede3_cbc_get_params                                       4666
  BIO_free                                                       4667
  aes_128_cfb_get_params                                         4667
  aes_128_xts_get_params                                         4667
  aes_192_ocb_get_params                                         4667
  aes_256_ccm_get_params                                         4667
  ossl_prov_cipher_hw_aes_ctr                                    4667
  ossl_stored_namemap_free                                       4667
  sm4_128_xts_get_params                                         4667
  OSSL_STORE_LOADER_set_close                                    4708
  OSSL_STORE_LOADER_set_load                                     4708
  aes_cts_192_cbc_get_params                                     4708
  aria_192_cbc_get_params                                        4708
  aria_192_cfb8_get_params                                       4708
  ossl_prov_ctx_set0_core_bio_method                             4708
  OSSL_STORE_LOADER_set_error                                    4709
  aes_128_siv_get_params                                         4709
  aes_256_gcm_get_params                                         4709
  aes_256_xts_get_params                                         4709
  def_is_number                                                  4709
  BIO_meth_set_write_ex                                          4750
  aes_128_cfb8_get_params                                        4750
  aes_192_siv_get_params                                         4750
  aria_128_cbc_get_params                                        4750
  aria_128_cfb_get_params                                        4750
  ossl_provider_add_conf_module                                  4750
  ossl_rand_cleanup_int                                          4750
  sm4_128_cfb128_get_params                                      4750
  aes_192_cfb8_get_params                                        4791
  aes_128_cfb1_get_params                                        4792
  aes_128_gcm_get_params                                         4792
  aes_192_cfb1_get_params                                        4792
  aes_cts_128_cbc_get_params                                     4792
  tdes_wrap_get_params                                           4792
  UI_method_set_prompt_constructor                               4833
  aria_128_ctr_get_params                                        4833
  ossl_store_register_init                                       4833
  ENGINE_load_builtin_engines                                    4834
  aria_192_cfb_get_params                                        4834
  aria_256_cfb1_get_params                                       4834
  aria_256_cfb8_get_params                                       4834
  camellia_128_ecb_get_params                                    4834
  sm4_128_ofb128_get_params                                      4834
  EVP_aes_256_cbc_hmac_sha256                                    4875
  aes_128_wrappad_get_params                                     4875
  aes_192_wrapinv_get_params                                     4875
  aes_256_ecb_get_params                                         4875
  aes_256_ocb_get_params                                         4875
  aria_256_ccm_get_params                                        4875
  aria_256_ecb_get_params                                        4875
  engine_pkey_meths_free                                         4875
  pthread_cond_destroy                                           4875
  tdes_ede2_cfb_get_params                                       4875
  tdes_ede2_ecb_get_params                                       4875
  aes_256_cfb1_get_params                                        4916
  aria_256_ofb_get_params                                        4916
  EVP_sha256                                                     4917
  OSSL_STORE_LOADER_free                                         4917
  aes_256_wrap_get_params                                        4917
  camellia_192_ecb_get_params                                    4917
  camellia_256_ctr_get_params                                    4917
  EVP_CIPHER_get_key_length                                      4958
  aes_256_wrappad_get_params                                     4959
  aes_256_wrapinv_get_params                                     5000
  aes_cts_256_cbc_get_params                                     5000
  aria_192_ccm_get_params                                        5000
  ossl_property_match_count                                      5000
  tdes_ede3_cfb1_get_params                                      5000
  sm4_128_ccm_get_params                                         5042
  tdes_ede2_cbc_get_params                                       5042
  tdes_ede3_ofb_get_params                                       5042
  OSSL_STORE_LOADER_set_open                                     5083
  sm4_128_ecb_get_params                                         5083
  aes_128_wrapinv_get_params                                     5084
  aes_256_ctr_get_params                                         5084
  camellia_256_cbc_get_params                                    5084
  EVP_aes_128_cbc_hmac_sha256                                    5125
  OSSL_STORE_LOADER_set_expect                                   5125
  aria_256_gcm_get_params                                        5125
  camellia_128_cbc_get_params                                    5125
  camellia_192_ctr_get_params                                    5125
  camellia_256_cfb_get_params                                    5125
  ossl_ctx_global_properties_new                                 5125
  tdes_ede3_ecb_get_params                                       5125
  camellia_128_cfb8_get_params                                   5166
  EVP_aes_128_cbc_hmac_sha1                                      5167
  aes_128_wrap_get_params                                        5167
  aria_128_ccm_get_params                                        5167
  camellia_256_cfb8_get_params                                   5167
  ossl_free_compression_methods_int                              5167
  camellia_128_ctr_get_params                                    5208
  ossl_indicator_set_callback_free                               5208
  camellia_192_cbc_get_params                                    5209
  camellia_256_ofb_get_params                                    5209
  engine_remove_dynamic_id                                       5209
  aes_192_wrappadinv_get_params                                  5250
  aes_256_wrappadinv_get_params                                  5250
  camellia_192_cfb1_get_params                                   5250
  camellia_256_cfb1_get_params                                   5250
  aes_192_wrappad_get_params                                     5291
  chacha20_poly1305_gettable_ctx_params                          5291
  Diagnostics::clearError()                                      5292
  __sigaction                                                    5292
  camellia_128_cfb_get_params                                    5292
  camellia_192_cfb8_get_params                                   5292
  camellia_192_ofb_get_params                                    5292
  sm4_128_gcm_get_params                                         5292
  medium_region_for_ptr_no_lock                                  5333
  ossl_self_test_set_callback_free                               5333
  aes_128_wrappadinv_get_params                                  5334
  camellia_256_ecb_get_params                                    5334
  camellia_cts_192_cbc_get_params                                5334
  engine_pkey_asn1_meths_free                                    5334
  ENGINE_get_cipher_engine                                       5375
  __fcntl                                                        5416
  camellia_128_ofb_get_params                                    5416
  ossl_init_thread_deregister                                    5416
  tdes_ede3_cfb8_get_params                                      5417
  OPENSSL_sk_sort                                                5459
  OSSL_PARAM_get_int                                             5500
  ossl_indicator_set_callback_new                                5500
  ossl_property_has_optional                                     5500
  camellia_128_cfb1_get_params                                   5541
  camellia_192_cfb_get_params                                    5542
  chacha20_poly1305_get_params                                   5542
  ossl_self_test_set_callback_new                                5584
  camellia_cts_256_cbc_get_params                                5625
  ossl_aes_192_gcm_siv_get_params                                5625
  ossl_aes_256_gcm_siv_get_params                                5666
  EVP_CIPHER_CTX_get_block_size                                  5708
  ossl_provider_unquery_operation                                5708
  OSSL_LIB_CTX_set_conf_diagnostics                              5791
  ossl_prov_ctx_get0_core_bio_method                             5917
  getegid                                                        5918
  medium_malloc_from_free_list                                   5958
  memset                                                         5959
  ossl_aes_128_gcm_siv_get_params                                5959
  app_get0_libctx                                                6000
  ossl_prov_bio_from_dispatch                                    6000
  camellia_cts_128_cbc_get_params                                6041
  ossl_prov_seeding_from_dispatch                                6083
  BIO_set_data                                                   6124
  geteuid                                                        6125
  lsl::Lock::lock()                                              6125
  opt_arg                                                        6167
  EVP_CIPHER_get_mode                                            6250
  getgid                                                         6291
  getuid                                                         6292
  aes_128_ecb_get_params                                         6333
  free_small                                                     6374
  __getrlimit                                                    6375
  dyld3::kdebug_trace_dyld_enabled(unsigned int)                 6417
  OSSL_PARAM_get_int32                                           6625
  EVP_RAND_CTX_free                                              6708
  dyld4::RuntimeState::notifyObjCPatching()                      6792
  dyld4::Loader::hiddenFromFlat(bool) const                      7000
  _kernelrpc_mach_port_deallocate_trap                           7167
  dyld4::handleFromLoader(dyld4::Loader const*, bool)             7208
  BIO_next                                                       7251
  EVP_CipherInit_ex                                              7334
  close                                                          7334
  bio_open_default                                               7375
  dyld4::BumpAllocator::~BumpAllocator()                         7542
  _platform_strnlen                                              7582
  store_loader_hash                                              7583
  OPENSSL_sk_pop                                                 7625
  ENGINE_register_DH                                             7666
  ENGINE_register_EC                                             7667
  err_unshelve_state                                             7792
  openssl_fopen                                                  7959
  ENGINE_register_DSA                                            8042
  ENGINE_register_RSA                                            8042
  _kernelrpc_mach_port_construct_trap                            8042
  file_ctrl                                                      8042
  __sclose                                                       8124
  BIO_copy_next_retry                                            8126
  dyld4::Loader::beginInitializers(dyld4::RuntimeState&)             8208
  ENGINE_register_RAND                                           8209
  flsl                                                           8291
  dyld4::JustInTimeLoader::hiddenFromFlat(bool) const             8292
  X509_get_default_cert_area                                     8416
  ossl_lib_ctx_get_concrete                                      8542
  lsl::EphemeralAllocator::reset()                               8583
  dyld4::RuntimeState::incDlRefCount(dyld4::Loader const*)             8750
  ossl_sa_new                                                    8791
  ENGINE_register_digests                                        8916
  BIO_set_init                                                   8959
  ENGINE_register_ciphers                                        9166
  ossl_property_free                                             9167
  lsl::Vector<dyld4::Loader const*>::reserveExact(unsigned long)             9375
  ossl_cipher_generic_einit                                      9375
  __sflags                                                       9584
  dyld4::JustInTimeLoader::beginInitializers(dyld4::RuntimeState&)             9750
  BIO_set_flags                                                  9791
  ENGINE_register_pkey_meths                                     9876
  ossl_cipher_generic_set_ctx_params                             9957
  DSO_METHOD_openssl                                            10083
  OSSL_LIB_CTX_get_conf_diagnostics                             10126
  lsl::Vector<lsl::MemoryManager::Buffer>::reserve(unsigned long)            10250
  CRYPTO_atomic_or                                              10291
  tiny_malloc_from_free_list                                    10500
  ENGINE_register_pkey_asn1_meths                               10834
  ossl_lib_ctx_get_ex_data_global                               10959
  ossl_lib_ctx_get_rcukey                                       11167
  NCONF_get_section                                             11291
  strlen                                                        11375
  engine_free_util                                              11499
  OPENSSL_cleanse                                               11583
  deflt_query                                                   12000
  ossl_sa_doall_arg                                             12040
  aes_siv_gettable_ctx_params                                   12124
  dyld4::RuntimeState::doSingletonPatching(dyld4::DyldCacheDataConstLazyScopedWriter&)            12250
  ossl_cipher_capable_aes_cbc_hmac_sha1                         12458
  ossl_property_value                                           12583
  ossl_cipher_capable_aes_cbc_hmac_sha256                       12625
  EVP_add_cipher                                                12750
  fstat                                                         13084
  cipher_ocb_gettable_ctx_params                                13374
  BIO_clear_flags                                               13709
  aes_cbc_cts_gettable_ctx_params                               13958
  dyld4::DyldCacheDataConstLazyScopedWriter::DyldCacheDataConstLazyScopedWriter(dyld4::RuntimeState&)            13959
  lsl::EphemeralAllocator::~EphemeralAllocator()                14292
  BIO_get_data                                                  14875
  _kernelrpc_mach_vm_deallocate_trap                            14875
  DSO_free                                                      14917
  __bzero                                                       14917
  dyld4::Loader::loadDependents(Diagnostics&, dyld4::RuntimeState&, dyld4::Loader::LoadOptions const&)            14958
  sa_doall                                                      15000
  CRYPTO_atomic_add                                             15376
  ossl_aes_gcm_siv_gettable_ctx_params                          15458
  camellia_cbc_cts_gettable_ctx_params                          15501
  __sflush                                                      15876
  _NSGetEnviron                                                 16082
  dyld4::JustInTimeLoader::loadDependents(Diagnostics&, dyld4::RuntimeState&, dyld4::Loader::LoadOptions const&)            16333
  file_new                                                      16458
  file_free                                                     16460
  dyld3::MachOFile::is64() const                                16667
  ossl_prov_is_running                                          17042
  CRYPTO_THREAD_lock_free                                       17665
  _kernelrpc_mach_port_destruct_trap                            17667
  FMT_istext                                                    18042
  OPENSSL_LH_get_down_load                                      18083
  pthread_mutex_destroy                                         18083
  invocation function for block in dyld4::Loader::forEachPath(Diagnostics&, dyld4::RuntimeState&, char const*, dyld4::Loader::Loa            18250
  dyld4::JustInTimeLoader::path() const                         18834
  os_unfair_recursive_lock_unlock                               18916
  kdebug_is_enabled                                             18919
  BIO_new                                                       19290
  small_try_realloc_in_place                                    20000
  pthread_cond_init                                             20167
  property_free                                                 20333
  os_unfair_recursive_lock_lock_with_options                    20417
  dyld4::Loader::path() const                                   20500
  rack_region_insert                                            20666
  dyld4::LibSystemHelpers::pthread_getspecific(unsigned long) const            21375
  lsl::EphemeralAllocator::deallocate_buffer(lsl::MemoryManager::Buffer)            21417
  __chkstk_darwin_probe                                         21583
  small_size                                                    21958
  ___chkstk_darwin                                              22168
  os_unfair_lock_assert_not_owner                               22251
  dyld4::ProcessConfig::DyldCache::indexOfPath(char const*, unsigned int&) const            22791
  dyld4::Loader::matchesPath(char const*) const                 24333
  small_free_list_find_by_ptr                                   25376
  pthread_mutex_init                                            25833
  dyld3::ScopedTimer::endTimer()                                26166
  ossl_property_name                                            27250
  __findenv_locked                                              27500
  OPENSSL_strnlen                                               27503
  lsl::MemoryManager::lockGuard()                               28125
  mach_msg2_trap                                                28375
  OPENSSL_sk_delete                                             28500
  dyld4::Loader::loadAddress(dyld4::RuntimeState&) const            28583
  small_free_list_remove_ptr                                    29166
  dyld4::JustInTimeLoader::loadAddress(dyld4::RuntimeState&) const            29791
  tiny_free_list_remove_ptr                                     32708
  _pthread_mutex_check_init_slow                                32750
  lsl::AllocationMetadata::AllocationMetadata(lsl::Allocator*, unsigned long)            34041
  OPENSSL_LH_set_down_load                                      35043
  CRYPTO_new_ex_data                                            35292
  small_free_list_remove_ptr_no_clear                           35416
  __read_nocancel                                               37875
  _kernelrpc_mach_vm_map_trap                                   38418
  dyld4::LibSystemHelpers::os_unfair_recursive_lock_unlock(os_unfair_recursive_lock_s*) const            39083
  szone_good_size                                               39291
  OPENSSL_sk_free                                               39791
  get_tiny_previous_free_msize                                  41001
  dyld4::LibSystemHelpers::os_unfair_lock_unlock(os_unfair_lock_s*) const            41208
  ossl_rcu_write_lock                                           42543
  EVP_PKEY_asn1_get0                                            42627
  Diagnostics::hasError() const                                 42833
  __open                                                        43083
  small_free_list_add_ptr                                       45209
  ossl_rcu_write_unlock                                         45416
  Diagnostics::noError() const                                  45751
  ossl_tdes_gettable_ctx_params                                 46793
  pthread_setspecific                                           46959
  __close_nocancel                                              47792
  small_malloc_from_free_list                                   48582
  dyld3::MachOFile::read_uleb128(Diagnostics&, unsigned char const*&, unsigned char const*)            50916
  dyld4::LibSystemHelpers::os_unfair_recursive_lock_lock_with_options(os_unfair_recursive_lock_s*, os_unfair_lock_options_t) cons            52209
  dyld4::RuntimeState::PermanentRanges::contains(unsigned long, unsigned long, unsigned char*, dyld4::Loader const**) const            52625
  madvise                                                       52917
  _tiny_check_and_zero_inline_meta_from_freelist                53459
  EVP_PKEY_asn1_get0_info                                       54040
  szone_malloc                                                  56208
  pthread_cond_broadcast                                        56749
  tiny_size                                                     58791
  dyld4::LibSystemHelpers::os_unfair_lock_lock_with_options(os_unfair_lock_s*, os_unfair_lock_options_t) const            58916
  realloc                                                       61248
  __write_nocancel                                              63124
  set_tiny_meta_header_in_use                                   63709
  _qsort                                                        64916
  tiny_free_list_add_ptr                                        65291
  lsl::EphemeralAllocator::allocate_buffer(unsigned long, unsigned long, unsigned long)            65625
  _szone_free                                                   69962
  OPENSSL_sk_pop_free                                           70459
  ossl_cipher_aead_gettable_ctx_params                          71041
  strcmp                                                        71703
  szone_try_free_default                                        77497
  os_unfair_lock_assert_owner                                   78374
  dyld3::kdebug_trace_dyld_duration_end(unsigned long long, unsigned int, dyld3::kt_arg, dyld3::kt_arg, dyld3::kt_arg)            81375
  rack_get_thread_index                                         82952
  invocation function for block in dyld3::MachOFile::getDylibInstallName(char const**, unsigned int*, unsigned int*) const            83791
  property_hash                                                 87419
  EVP_CIPHER_get_type                                           90706
  dyld3::OverflowSafeArray<unsigned int, 4294967295ul>::verifySpace(unsigned long)            92541
  dyld4::Loader::contains(dyld4::RuntimeState&, void const*, void const**, unsigned long long*, unsigned char*) const           101626
  pthread_cond_signal                                          103999
  Diagnostics::assertNoError() const                           109086
  nanov2_size                                                  113040
  pthread_rwlock_init                                          113870
  pthread_rwlock_destroy                                       122163
  os_unfair_lock_unlock                                        128290
  __open_nocancel                                              129792
  Diagnostics::~Diagnostics()                                  144671
  Diagnostics::Diagnostics(bool)                               160792
  get_legacy_evp_names                                         161123
  ossl_ctype_check                                             169546
  os_unfair_lock_lock_with_options                             176329
  invocation function for block in dyld3::MachOFile::getEntry(unsigned long long&, bool&) const           187124
  EVP_MD_get_type                                              194587
  nanov2_pointer_size                                          196586
  free                                                         203458
  _Block_object_dispose                                        223416
  OPENSSL_hexchar2int                                          236082
  nanov2_allocate_from_block                                   242171
  ossl_sa_set                                                  249702
  trim_ws                                                      274747
  invocation function for block in dyld4::JustInTimeLoader::contains(dyld4::RuntimeState&, void const*, void const**, unsigned lo           300417
  BUF_MEM_new                                                  304587
  names_free                                                   315554
  strncmp                                                      319710
  OBJ_get0_data                                                331970
  OPENSSL_LH_flush                                             334006
  OPENSSL_LH_doall                                             334498
  OSSL_PARAM_set_uint                                          340668
  ossl_provider_ctx                                            346164
  EVP_CIPHER_get_nid                                           366417
  conf_value_cmp                                               376006
  ossl_lib_ctx_unlock                                          376631
  OSSL_PARAM_locate_const                                      399537
  invocation function for block in dyld3::MachOLoaded::findClosestSymbol(unsigned long long, char const**, unsigned long long*) c           403126
  ossl_lib_ctx_read_lock                                       423998
  OPENSSL_LH_set_thunks                                        432377
  property_defn_cmp                                            443375
  ossl_cipher_generic_gettable_ctx_params                      446958
  evp_cipher_up_ref                                            455622
  property_defn_hash                                           465964
  ossl_provider_free                                           469210
  value_free_hash                                              470878
  function_hash                                                480635
  CRYPTO_realloc                                               484963
  BN_free                                                      485208
  ossl_provider_up_ref                                         494830
  OSSL_PARAM_set_uint32                                        504962
  eat_alpha_numeric                                            508707
  ASN1_OBJECT_free                                             510072
  ossl_sa_get                                                  513289
  sa_free_node                                                 553086
  OSSL_PARAM_construct_end                                     553791
  EVP_CIPHER_get0_provider                                     560509
  OSSL_PARAM_construct_uint                                    570044
  evp_cipher_free                                              578878
  do_all_fn                                                    586456
  EVP_CIPHER_free                                              641830
  ossl_provider_libctx                                         802720
  internal_free_nop                                            852662
  invocation function for block in dyld3::MachOLoaded::getLinkEditLoadCommands(Diagnostics&, dyld3::MachOLoaded::LinkEditInfo&) c           860290
  _platform_strncmp                                            868460
  name_string_free                                             898772
  OPENSSL_LH_error                                             924582
  invocation function for block in dyld3::MachOFile::forEachSegment(void (dyld3::MachOFile::SegmentInfo const&, bool&) block_poin          1111497
  BUF_MEM_grow                                                1121286
  OSSL_PARAM_set_size_t                                       1130927
  pthread_getspecific                                         1164170
  sk_reserve                                                  1167040
  _os_once                                                    1223991
  CRYPTO_THREAD_get_local                                     1291004
  _platform_memchr                                            1351479
  ossl_rcu_assign_uptr                                        1418789
  names_lh_free_doall                                         1521950
  OSSL_PARAM_set_uint64                                       1528707
  ossl_lib_ctx_get_data                                       1609872
  OSSL_PARAM_set_int                                          1615211
  pthread_mutex_lock                                          1723124
  _platform_strchr                                            1734475
  OSSL_PARAM_construct_size_t                                 1813537
  pthread_mutex_unlock                                        1847454
  _nanov2_free                                                1908624
  OPENSSL_sk_push                                             1976023
  _pthread_mutex_lock_init_slow                               1977405
  OPENSSL_sk_num                                              2013513
  _pthread_mutex_unlock_init_slow                             2097332
  _pthread_mutex_firstfit_lock_slow                           2205913
  _pthread_mutex_firstfit_unlock_slow                         2289876
  OPENSSL_sk_value                                            2326870
  OSSL_PARAM_set_int32                                        2452923
  obj_name_cmp                                                2506141
  OPENSSL_LH_strhash                                          2701793
  _platform_memcmp                                            2764428
  OSSL_PARAM_construct_int                                    2769958
  pthread_once                                                3065578
  OBJ_nid2obj                                                 3161308
  CRYPTO_atomic_load                                          3314866
  pthread_rwlock_rdlock                                       3342562
  SortFnByName                                                3383154
  ossl_lh_strcasehash                                         3666043
  __error                                                     3763290
  cipher_compare                                              3990717
  ossl_isdigit                                                4020169
  fnv1a_hash                                                  4435048
  _platform_memmove                                           6508227
  pthread_rwlock_wrlock                                       6693665
  pthread_rwlock_unlock                                       9999050
  err_string_data_cmp                                        10921189
  CRYPTO_free                                                12271578
  malloc                                                     13439459
  doapr_outch                                                15251248
  err_string_data_hash                                       16641027
  nanov2_malloc                                              18551889
  _platform_strlen                                           23297297
  _platform_memset                                           25639510
  nanov2_try_free_default                                    26074683
  _platform_strcmp                                           28125061
  ossl_tolower                                               60359810
