
  pd_free                                                        1709
  EVP_md5                                                        1750
  EVP_sha224                                                     1917
  EVP_bf_cbc                                                     2000
  EVP_rc4_40                                                     2000
  sigaction                                                      2000
  EVP_rc2_ofb                                                    2083
  EVP_sha1                                                       2083
  EVP_sha512                                                     2083
  EVP_bf_ofb                                                     2084
  opt_unknown                                                    2125
  EVP_seed_cbc                                                   2166
  EVP_des_ofb                                                    2167
  EVP_idea_cbc                                                   2167
  EVP_sm4_cbc                                                    2167
  EVP_sm4_ofb                                                    2167
  EVP_sha384                                                     2208
  UI_OpenSSL                                                     2208
  EVP_rc4                                                        2209
  EVP_des_cbc                                                    2250
  EVP_md4                                                        2250
  EVP_md5_sha1                                                   2250
  EVP_mdc2                                                       2250
  EVP_sm4_ctr                                                    2250
  EVP_des_cfb8                                                   2292
  EVP_seed_ofb                                                   2292
  EVP_sha3_384                                                   2292
  EVP_bf_cfb64                                                   2333
  EVP_sha3_224                                                   2333
  UI_null                                                        2334
  strchr                                                         2334
  EVP_des_ecb                                                    2375
  EVP_des_ede                                                    2375
  app_get0_propq                                                 2375
  EVP_cast5_ofb                                                  2416
  _cleanup                                                       2416
  EVP_idea_ofb                                                   2417
  EVP_shake256                                                   2417
  EVP_sm4_ecb                                                    2417
  EVP_bf_ecb                                                     2458
  EVP_idea_ecb                                                   2458
  EVP_ripemd160                                                  2458
  EVP_shake128                                                   2459
  EVP_blake2s256                                                 2500
  EVP_cast5_cbc                                                  2500
  EVP_des_ede_cbc                                                2500
  EVP_rc2_64_cbc                                                 2500
  EVP_sha3_512                                                   2500
  EVP_sha512_224                                                 2500
  EVP_sha512_256                                                 2500
  EVP_sm3                                                        2500
  EVP_chacha20                                                   2541
  EVP_seed_ecb                                                   2541
  lh_FUNCTION_free                                               2541
  opt_next                                                       2541
  EVP_MD_free                                                    2542
  EVP_aes_192_ctr                                                2542
  EVP_des_cfb1                                                   2542
  EVP_rc2_cbc                                                    2542
  EVP_aes_256_ccm                                                2583
  EVP_blake2b512                                                 2583
  EVP_desx_cbc                                                   2583
  EVP_aes_256_cbc                                                2584
  EVP_aes_192_cbc                                                2625
  EVP_aes_192_ccm                                                2625
  EVP_aes_192_gcm                                                2625
  release_engine                                                 2625
  vm_deallocate                                                  2625
  EVP_aria_192_ofb                                               2666
  EVP_aria_256_ccm                                               2666
  EVP_des_ede_ofb                                                2666
  EVP_aes_128_ofb                                                2667
  EVP_aria_192_gcm                                               2667
  EVP_aria_256_ctr                                               2667
  EVP_rc2_cfb64                                                  2667
  EVP_rc2_ecb                                                    2667
  EVP_seed_cfb128                                                2667
  EVP_aes_128_ctr                                                2708
  EVP_aes_192_cfb8                                               2708
  EVP_aes_256_cfb1                                               2708
  EVP_aria_128_ofb                                               2708
  EVP_aria_192_cbc                                               2708
  EVP_rc4_hmac_md5                                               2708
  EVP_sha3_256                                                   2708
  EVP_aes_192_cfb1                                               2709
  EVP_cast5_ecb                                                  2709
  EVP_aes_192_ofb                                                2750
  EVP_aes_256_ctr                                                2750
  EVP_aes_256_ocb                                                2750
  EVP_aes_256_ofb                                                2750
  EVP_aes_256_wrap                                               2750
  EVP_aes_256_xts                                                2750
  EVP_aria_256_gcm                                               2750
  EVP_aria_256_ofb                                               2750
  EVP_des_ede3                                                   2750
  EVP_des_ede3_ofb                                               2750
  signal                                                         2750
  EVP_aes_128_cbc                                                2791
  EVP_aria_128_cbc                                               2791
  EVP_rc2_40_cbc                                                 2791
  EVP_whirlpool                                                  2791
  EVP_aes_192_ecb                                                2792
  EVP_aes_256_gcm                                                2792
  EVP_cast5_cfb64                                                2792
  strrchr                                                        2792
  ENGINE_set_id                                                  2833
  EVP_aes_256_ecb                                                2833
  EVP_aria_192_ccm                                               2833
  ENGINE_set_name                                                2834
  EVP_des_ede3_cfb8                                              2834
  BIO_f_cipher                                                   2875
  EVP_aes_128_cfb1                                               2875
  EVP_aria_128_cfb8                                              2875
  EVP_aria_128_ctr                                               2875
  EVP_aria_128_ecb                                               2875
  EVP_aria_192_ecb                                               2875
  EVP_aria_256_ecb                                               2875
  EVP_des_ede3_cbc                                               2875
  EVP_des_ede3_cfb1                                              2875
  EVP_idea_cfb64                                                 2875
  NCONF_default                                                  2875
  ossl_trace_cleanup                                             2875
  EVP_aes_128_gcm                                                2916
  OBJ_obj2txt                                                    2916
  EVP_aes_256_cfb8                                               2917
  EVP_sm4_cfb128                                                 2917
  def_to_int                                                     2917
  query_hash                                                     2917
  COMP_get_type                                                  2958
  EVP_aes_128_ccm                                                2958
  EVP_aes_128_xts                                                2958
  EVP_aes_192_ocb                                                2958
  EVP_aes_192_wrap                                               2958
  EVP_aria_192_cfb8                                              2958
  EVP_aria_256_cfb1                                              2958
  EVP_aria_256_cfb8                                              2958
  EVP_aria_128_ccm                                               3000
  EVP_aria_192_cfb128                                            3000
  EVP_aria_192_ctr                                               3000
  property_cmp                                                   3000
  EVP_des_ede3_wrap                                              3041
  EVP_aes_128_ocb                                                3042
  __cxa_finalize                                                 3042
  getrlimit                                                      3042
  EVP_aes_128_wrap                                               3083
  EVP_aria_256_cfb128                                            3083
  EVP_aes_128_ecb                                                3084
  EVP_aes_192_cfb128                                             3084
  EVP_aria_256_cbc                                               3084
  EVP_aes_128_cfb8                                               3125
  EVP_aria_128_cfb1                                              3125
  EVP_aria_192_cfb1                                              3125
  EVP_camellia_256_ofb                                           3125
  EVP_camellia_192_cbc                                           3166
  EVP_aria_128_gcm                                               3167
  EVP_des_ede3_cfb64                                             3167
  EVP_des_ede_cfb64                                              3167
  EVP_CIPHER_get_flags                                           3208
  EVP_des_cfb64                                                  3209
  function_cmp                                                   3209
  EVP_aes_128_cfb128                                             3250
  EVP_aes_192_wrap_pad                                           3250
  EVP_camellia_256_cbc                                           3250
  EVP_aria_128_cfb128                                            3291
  UI_method_set_writer                                           3292
  ossl_comp_zstd_cleanup                                         3292
  EVP_aes_128_wrap_pad                                           3333
  EVP_camellia_128_cfb8                                          3333
  EVP_camellia_128_ctr                                           3333
  EVP_camellia_192_cfb8                                          3333
  EVP_camellia_256_cfb8                                          3333
  __smakebuf                                                     3333
  EVP_aes_256_wrap_pad                                           3375
  EVP_camellia_128_ofb                                           3375
  EVP_camellia_192_ofb                                           3375
  EVP_camellia_256_ecb                                           3375
  EVP_chacha20_poly1305                                          3375
  OSSL_LIB_CTX_get_data                                          3375
  OSSL_PARAM_modified                                            3375
  def_init_default                                               3375
  ossl_store_cleanup_int                                         3375
  EVP_camellia_128_cfb1                                          3416
  UI_method_set_reader                                           3416
  EVP_camellia_256_cfb1                                          3417
  EVP_camellia_192_ecb                                           3458
  opt_set_unknown_name                                           3458
  EVP_camellia_256_ctr                                           3459
  COMP_zlib                                                      3500
  ENGINE_set_flags                                               3500
  EVP_camellia_128_cbc                                           3500
  EVP_camellia_192_cfb1                                          3500
  app_RAND_write                                                 3500
  store_loader_cmp                                               3500
  bio_sock_cleanup_int                                           3541
  ossl_comp_zlib_cleanup                                         3541
  OSSL_STORE_register_loader                                     3542
  init_thread_stop                                               3542
  EVP_aes_256_cfb128                                             3583
  UI_method_set_closer                                           3583
  ASN1_add_stable_module                                         3625
  EVP_camellia_256_cfb128                                        3625
  ossl_comp_brotli_cleanup                                       3625
  ossl_prov_ctx_set0_handle                                      3625
  pthread_self                                                   3625
  ossl_lib_ctx_write_lock                                        3666
  EVP_camellia_192_ctr                                           3667
  ERR_get_error_all                                              3708
  UI_method_set_opener                                           3709
  ossl_prov_ctx_new                                              3709
  EVP_CipherFinal_ex                                             3750
  EVP_camellia_192_cfb128                                        3750
  free_medium                                                    3750
  EVP_CipherUpdate                                               3791
  core_get_libctx                                                3791
  ossl_prov_ctx_free                                             3791
  BIO_meth_set_ctrl                                              3833
  ERR_print_errors                                               3833
  EVP_camellia_128_ecb                                           3833
  ASN1_add_oid_module                                            3834
  BIO_meth_set_create                                            3875
  EVP_CIPHER_fetch                                               3875
  EVP_add_alg_module                                             3875
  opt_check_rest_arg                                             3916
  engine_load_rdrand_int                                         3917
  BIO_meth_set_destroy                                           3958
  BIO_meth_set_puts                                              3958
  NCONF_get0_libctx                                              3958
  dyld4::APIs::_tlv_exit()                                       3958
  ossl_method_unlock_store                                       3958
  BIO_meth_set_gets                                              4000
  evp_app_cleanup_int                                            4000
  ossl_prov_ctx_set0_libctx                                      4000
  OSSL_LIB_CTX_free                                              4083
  CRYPTO_THREAD_get_current_id                                   4084
  EVP_CIPHER_get_iv_length                                       4084
  aes_v8_set_encrypt_key                                         4125
  null_gettable_ctx_params                                       4125
  ossl_method_lock_store                                         4125
  ENGINE_add_conf_module                                         4166
  aes_256_ctr_get_params                                         4166
  ossl_prov_ctx_get0_libctx                                      4208
  sm4_128_cbc_get_params                                         4208
  aes_192_ofb_get_params                                         4209
  tiny_free_no_lock                                              4209
  aes_256_ofb_get_params                                         4250
  ossl_child_prov_ctx_new                                        4250
  sm4_128_ctr_get_params                                         4250
  ossl_config_add_ssl_module                                     4291
  ossl_lib_ctx_is_default                                        4291
  EVP_PKEY_asn1_get_count                                        4292
  EVP_camellia_128_cfb128                                        4292
  OSSL_ERR_STATE_new                                             4333
  OSSL_STORE_unregister_loader                                   4333
  aes_192_ctr_get_params                                         4333
  aria_256_ctr_get_params                                        4333
  chacha20_gettable_ctx_params                                   4333
  aes_128_cbc_get_params                                         4375
  aes_128_ofb_get_params                                         4375
  aes_128_xts_get_params                                         4375
  aria_192_ecb_get_params                                        4375
  ossl_cipher_generic_reset_ctx                                  4375
  aes_128_cfb_get_params                                         4416
  EVP_sha256                                                     4417
  aria_192_cbc_get_params                                        4417
  chacha20_get_params                                            4417
  BIO_meth_set_read_ex                                           4458
  ENGINE_set_ctrl_function                                       4458
  aes_256_ccm_get_params                                         4458
  ossl_stored_namemap_free                                       4458
  aria_192_ofb_get_params                                        4459
  sm4_128_ccm_get_params                                         4459
  __sigaction                                                    4500
  aes_128_cfb1_get_params                                        4500
  aes_192_cbc_get_params                                         4500
  tdes_ede2_ecb_get_params                                       4500
  BIO_meth_set_write_ex                                          4541
  OSSL_STORE_LOADER_set_eof                                      4541
  aes_128_ecb_get_params                                         4541
  aes_192_ecb_get_params                                         4541
  aes_192_siv_get_params                                         4541
  aria_192_cfb1_get_params                                       4541
  aria_192_ctr_get_params                                        4541
  sm4_128_gcm_get_params                                         4541
  OPENSSL_cpuid_setup                                            4542
  aes_128_ccm_get_params                                         4542
  aes_192_gcm_get_params                                         4542
  aes_256_siv_get_params                                         4542
  aria_128_cfb8_get_params                                       4542
  aria_128_ofb_get_params                                        4542
  CONF_imodule_get_value                                         4583
  OSSL_CMP_log_close                                             4583
  aes_192_cfb_get_params                                         4583
  aes_192_wrap_get_params                                        4583
  aes_v8_ctr32_encrypt_blocks                                    4583
  aria_256_cbc_get_params                                        4583
  aria_256_cfb_get_params                                        4583
  aria_256_ofb_get_params                                        4583
  ossl_bio_core_globals_new                                      4583
  aes_192_ccm_get_params                                         4584
  aes_192_cfb1_get_params                                        4625
  aes_256_cbc_get_params                                         4625
  aes_256_cfb_get_params                                         4625
  aes_256_xts_get_params                                         4625
  sm4_128_cfb128_get_params                                      4625
  tdes_ede3_cfb8_get_params                                      4625
  tdes_ede3_cfb_get_params                                       4625
  tdes_ede3_ofb_get_params                                       4625
  aria_128_cbc_get_params                                        4666
  tdes_ede2_cbc_get_params                                       4666
  aes_128_ctr_get_params                                         4667
  aes_256_cfb1_get_params                                        4667
  aes_256_gcm_get_params                                         4667
  aria_128_cfb1_get_params                                       4667
  aria_192_cfb8_get_params                                       4667
  sm4_128_ecb_get_params                                         4667
  aes_128_cfb8_get_params                                        4708
  aes_128_ocb_get_params                                         4708
  aes_192_cfb8_get_params                                        4708
  aes_256_cfb8_get_params                                        4708
  aes_cts_192_cbc_get_params                                     4708
  ossl_ctx_global_properties_new                                 4708
  ossl_rand_cleanup_int                                          4708
  ossl_random_add_conf_module                                    4708
  sm4_128_xts_get_params                                         4708
  ENGINE_set_init_function                                       4709
  sm4_128_ofb128_get_params                                      4709
  BIO_free                                                       4750
  ENGINE_set_finish_function                                     4750
  OSSL_STORE_LOADER_set_close                                    4750
  aes_128_wrappad_get_params                                     4750
  aria_192_gcm_get_params                                        4750
  camellia_128_ecb_get_params                                    4750
  camellia_256_cfb_get_params                                    4750
  engine_pkey_meths_free                                         4750
  ossl_bio_core_globals_free                                     4750
  ossl_store_register_init                                       4750
  pthread_cond_destroy                                           4750
  aes_192_ocb_get_params                                         4791
  tdes_ede2_ofb_get_params                                       4791
  tdes_ede3_cbc_get_params                                       4791
  EVP_CIPHER_get_key_length                                      4792
  OSSL_STORE_LOADER_free                                         4792
  OSSL_STORE_LOADER_set_error                                    4792
  OSSL_STORE_LOADER_set_load                                     4792
  UI_method_set_prompt_constructor                               4792
  aes_128_gcm_get_params                                         4792
  aria_128_gcm_get_params                                        4792
  aria_192_cfb_get_params                                        4792
  aria_256_cfb1_get_params                                       4792
  ossl_prov_ctx_set0_core_bio_method                             4792
  tdes_ede2_cfb_get_params                                       4792
  tdes_ede3_cfb1_get_params                                      4792
  tdes_wrap_get_params                                           4792
  def_is_number                                                  4832
  aes_192_wrappad_get_params                                     4833
  aria_128_ccm_get_params                                        4833
  aria_128_ecb_get_params                                        4833
  camellia_128_cbc_get_params                                    4833
  OSSL_trace_set_channel                                         4834
  aria_256_ccm_get_params                                        4834
  aes_128_siv_get_params                                         4875
  aes_128_wrap_get_params                                        4875
  aes_256_ocb_get_params                                         4875
  aes_256_wrap_get_params                                        4875
  aes_cts_128_cbc_get_params                                     4875
  aes_cts_256_cbc_get_params                                     4875
  aria_128_cfb_get_params                                        4875
  aria_128_ctr_get_params                                        4875
  camellia_128_ctr_get_params                                    4875
  camellia_256_ctr_get_params                                    4875
  ossl_provider_add_conf_module                                  4875
  aes_256_ecb_get_params                                         4916
  aes_256_wrapinv_get_params                                     4916
  aria_192_ccm_get_params                                        4916
  camellia_192_cbc_get_params                                    4916
  camellia_256_cbc_get_params                                    4916
  EVP_aes_256_cbc_hmac_sha1                                      4917
  camellia_192_cfb1_get_params                                   4917
  camellia_192_ctr_get_params                                    4917
  aes_256_wrappad_get_params                                     4958
  aria_256_cfb8_get_params                                       4958
  aria_256_ecb_get_params                                        4958
  camellia_192_ecb_get_params                                    4958
  ENGINE_get_cipher_engine                                       4959
  aes_128_wrapinv_get_params                                     4959
  OSSL_STORE_LOADER_set_open                                     5000
  camellia_128_cfb8_get_params                                   5000
  camellia_192_cfb_get_params                                    5000
  camellia_256_cfb8_get_params                                   5000
  camellia_256_ofb_get_params                                    5000
  ossl_property_match_count                                      5000
  ossl_prov_cipher_hw_aes_ctr                                    5042
  EVP_aes_128_cbc_hmac_sha256                                    5083
  camellia_128_ofb_get_params                                    5083
  OSSL_STORE_LOADER_set_expect                                   5084
  aes_128_wrappadinv_get_params                                  5084
  aes_192_wrapinv_get_params                                     5084
  camellia_128_cfb_get_params                                    5084
  aria_256_gcm_get_params                                        5125
  Diagnostics::clearError()                                      5167
  ossl_property_has_optional                                     5167
  aes_256_wrappadinv_get_params                                  5208
  camellia_192_ofb_get_params                                    5208
  engine_remove_dynamic_id                                       5208
  tdes_ede3_ecb_get_params                                       5209
  EVP_aes_256_cbc_hmac_sha256                                    5250
  camellia_128_cfb1_get_params                                   5250
  camellia_192_cfb8_get_params                                   5250
  camellia_256_cfb1_get_params                                   5250
  camellia_cts_192_cbc_get_params                                5250
  OSSL_PARAM_get_int                                             5291
  OPENSSL_sk_sort                                                5292
  camellia_256_ecb_get_params                                    5292
  aes_192_wrappadinv_get_params                                  5333
  chacha20_poly1305_get_params                                   5333
  chacha20_poly1305_gettable_ctx_params                          5333
  lsl::Lock::unlock()                                            5334
  medium_region_for_ptr_no_lock                                  5375
  ossl_free_compression_methods_int                              5375
  ossl_indicator_set_callback_free                               5375
  EVP_aes_128_cbc_hmac_sha1                                      5417
  ossl_provider_unquery_operation                                5417
  engine_pkey_asn1_meths_free                                    5458
  ossl_self_test_set_callback_free                               5458
  EVP_CIPHER_CTX_get_block_size                                  5500
  ossl_init_thread_deregister                                    5500
  ENGINE_load_builtin_engines                                    5541
  camellia_cts_256_cbc_get_params                                5583
  ossl_aes_256_gcm_siv_get_params                                5583
  ossl_indicator_set_callback_new                                5584
  ossl_prov_ctx_get0_core_bio_method                             5709
  getegid                                                        5749
  OSSL_LIB_CTX_set_conf_diagnostics                              5750
  app_get0_libctx                                                5751
  ossl_aes_128_gcm_siv_get_params                                5792
  ossl_self_test_set_callback_new                                5833
  camellia_cts_128_cbc_get_params                                5917
  medium_malloc_from_free_list                                   6000
  opt_arg                                                        6000
  close                                                          6084
  ossl_prov_bio_from_dispatch                                    6084
  BIO_set_data                                                   6167
  ossl_prov_seeding_from_dispatch                                6208
  ENGINE_set_cmd_defns                                           6250
  __fcntl                                                        6375
  OSSL_PARAM_get_int32                                           6500
  EVP_CIPHER_get_mode                                            6584
  EVP_RAND_CTX_free                                              6750
  dyld4::Loader::hiddenFromFlat(bool) const                      6792
  dyld4::RuntimeState::notifyObjCPatching()                      6916
  dyld3::kdebug_trace_dyld_enabled(unsigned int)                 6917
  geteuid                                                        6958
  BIO_next                                                       6959
  getuid                                                         7001
  _kernelrpc_mach_port_deallocate_trap                           7125
  __getrlimit                                                    7167
  bio_open_default                                               7250
  EVP_CipherInit_ex                                              7251
  getgid                                                         7292
  _platform_strnlen                                              7375
  dyld4::BumpAllocator::~BumpAllocator()                         7416
  store_loader_hash                                              7417
  ossl_aes_192_gcm_siv_get_params                                7458
  memset                                                         7459
  dyld4::handleFromLoader(dyld4::Loader const*, bool)             7666
  ENGINE_register_DH                                             7709
  ENGINE_register_EC                                             7709
  _kernelrpc_mach_port_construct_trap                            7750
  OPENSSL_sk_pop                                                 7875
  file_ctrl                                                      7999
  BIO_copy_next_retry                                            8000
  flsl                                                           8166
  openssl_fopen                                                  8250
  __sclose                                                       8333
  lsl::Lock::lock()                                              8333
  ENGINE_register_RAND                                           8458
  ENGINE_register_RSA                                            8458
  err_unshelve_state                                             8458
  ENGINE_register_DSA                                            8459
  dyld4::JustInTimeLoader::hiddenFromFlat(bool) const             8500
  lsl::EphemeralAllocator::reset()                               8500
  dyld4::Loader::beginInitializers(dyld4::RuntimeState&)             8583
  ossl_sa_new                                                    8625
  __sflags                                                       8832
  ossl_lib_ctx_get_concrete                                      8833
  BIO_set_init                                                   8875
  X509_get_default_cert_area                                     9000
  ENGINE_register_digests                                        9125
  ENGINE_register_ciphers                                        9209
  ossl_cipher_generic_einit                                      9291
  free_small                                                     9458
  lsl::Vector<dyld4::Loader const*>::reserveExact(unsigned long)             9459
  strlen                                                         9500
  ossl_property_free                                             9709
  tiny_try_realloc_in_place                                      9709
  ENGINE_register_pkey_meths                                     9833
  ossl_cipher_generic_set_ctx_params                             9833
  DSO_METHOD_openssl                                             9874
  lsl::Vector<lsl::MemoryManager::Buffer>::reserve(unsigned long)            10125
  OSSL_LIB_CTX_get_conf_diagnostics                             10541
  tiny_malloc_from_free_list                                    10833
  CRYPTO_atomic_or                                              10917
  ENGINE_register_pkey_asn1_meths                               11166
  ossl_lib_ctx_get_rcukey                                       11209
  NCONF_get_section                                             11250
  ossl_lib_ctx_get_ex_data_global                               11251
  engine_free_util                                              11374
  OPENSSL_cleanse                                               11542
  aes_siv_gettable_ctx_params                                   11959
  deflt_query                                                   12000
  dyld4::RuntimeState::incDlRefCount(dyld4::Loader const*)            12000
  ossl_sa_doall_arg                                             12041
  ossl_property_value                                           12376
  _kernelrpc_mach_vm_deallocate_trap                            12459
  ossl_cipher_capable_aes_cbc_hmac_sha256                       12583
  dyld4::RuntimeState::doSingletonPatching(dyld4::DyldCacheDataConstLazyScopedWriter&)            12584
  dyld4::JustInTimeLoader::beginInitializers(dyld4::RuntimeState&)            12791
  ossl_cipher_capable_aes_cbc_hmac_sha1                         12792
  fstat                                                         13208
  cipher_ocb_gettable_ctx_params                                13459
  EVP_add_cipher                                                13500
  aes_cbc_cts_gettable_ctx_params                               13500
  BIO_set_flags                                                 13501
  __bzero                                                       14000
  dyld4::Loader::loadDependents(Diagnostics&, dyld4::RuntimeState&, dyld4::Loader::LoadOptions const&)            14375
  DSO_free                                                      14584
  dyld4::DyldCacheDataConstLazyScopedWriter::DyldCacheDataConstLazyScopedWriter(dyld4::RuntimeState&)            14625
  lsl::EphemeralAllocator::~EphemeralAllocator()                14751
  BIO_get_data                                                  14834
  CRYPTO_atomic_add                                             14959
  ossl_aes_gcm_siv_gettable_ctx_params                          15292
  sa_doall                                                      15334
  _NSGetEnviron                                                 15624
  _kernelrpc_mach_port_destruct_trap                            15750
  camellia_cbc_cts_gettable_ctx_params                          15751
  dyld4::Loader::path() const                                   15959
  __sflush                                                      16292
  ossl_prov_is_running                                          16584
  file_new                                                      16793
  dyld3::MachOFile::is64() const                                16958
  BIO_clear_flags                                               17125
  file_free                                                     17251
  os_unfair_recursive_lock_unlock                               17417
  invocation function for block in dyld4::Loader::forEachPath(Diagnostics&, dyld4::RuntimeState&, char const*, dyld4::Loader::Loa            17875
  FMT_istext                                                    18125
  CRYPTO_THREAD_lock_free                                       18166
  dyld4::JustInTimeLoader::loadDependents(Diagnostics&, dyld4::RuntimeState&, dyld4::Loader::LoadOptions const&)            18291
  OPENSSL_LH_get_down_load                                      18583
  pthread_mutex_destroy                                         18625
  BIO_new                                                       18708
  dyld4::JustInTimeLoader::path() const                         18709
  kdebug_is_enabled                                             19167
  pthread_cond_init                                             19625
  small_try_realloc_in_place                                    19874
  small_free_list_find_by_ptr                                   19917
  rack_region_insert                                            20708
  dyld4::LibSystemHelpers::pthread_getspecific(unsigned long) const            21000
  dyld4::Loader::matchesPath(char const*) const                 21251
  property_free                                                 21291
  lsl::EphemeralAllocator::deallocate_buffer(lsl::MemoryManager::Buffer)            21541
  mach_msg2_trap                                                22625
  os_unfair_recursive_lock_lock_with_options                    22666
  small_size                                                    22918
  os_unfair_lock_assert_not_owner                               23209
  dyld4::ProcessConfig::DyldCache::indexOfPath(char const*, unsigned int&) const            23833
  ___chkstk_darwin                                              24041
  __chkstk_darwin_probe                                         24209
  small_free_list_remove_ptr                                    24458
  dyld4::Loader::loadAddress(dyld4::RuntimeState&) const            26125
  pthread_mutex_init                                            26375
  ossl_property_name                                            26917
  dyld3::ScopedTimer::endTimer()                                27416
  __findenv_locked                                              28291
  OPENSSL_sk_delete                                             28292
  OPENSSL_strnlen                                               28418
  lsl::MemoryManager::lockGuard()                               29126
  small_free_list_remove_ptr_no_clear                           29751
  _pthread_mutex_check_init_slow                                33666
  dyld4::JustInTimeLoader::loadAddress(dyld4::RuntimeState&) const            33750
  CRYPTO_new_ex_data                                            35208
  OPENSSL_LH_set_down_load                                      36000
  lsl::AllocationMetadata::AllocationMetadata(lsl::Allocator*, unsigned long)            36876
  __read_nocancel                                               38499
  szone_good_size                                               38666
  __open                                                        39000
  OPENSSL_sk_free                                               39706
  dyld4::LibSystemHelpers::os_unfair_recursive_lock_unlock(os_unfair_recursive_lock_s*) const            41042
  small_free_list_add_ptr                                       41291
  ossl_rcu_write_lock                                           42166
  tiny_free_list_remove_ptr                                     42207
  EVP_PKEY_asn1_get0                                            42372
  dyld4::LibSystemHelpers::os_unfair_lock_unlock(os_unfair_lock_s*) const            42875
  _kernelrpc_mach_vm_map_trap                                   44125
  Diagnostics::hasError() const                                 44499
  _tiny_check_and_zero_inline_meta_from_freelist                45041
  ossl_tdes_gettable_ctx_params                                 45834
  Diagnostics::noError() const                                  46209
  pthread_setspecific                                           48623
  ossl_rcu_write_unlock                                         48792
  small_malloc_from_free_list                                   49793
  madvise                                                       51456
  get_tiny_previous_free_msize                                  51500
  dyld4::RuntimeState::PermanentRanges::contains(unsigned long, unsigned long, unsigned char*, dyld4::Loader const**) const            54501
  dyld3::MachOFile::read_uleb128(Diagnostics&, unsigned char const*&, unsigned char const*)            55125
  pthread_cond_broadcast                                        55418
  szone_malloc                                                  56083
  EVP_PKEY_asn1_get0_info                                       56626
  dyld4::LibSystemHelpers::os_unfair_recursive_lock_lock_with_options(os_unfair_recursive_lock_s*, os_unfair_lock_options_t) cons            58416
  tiny_size                                                     58958
  __write_nocancel                                              61875
  dyld4::LibSystemHelpers::os_unfair_lock_lock_with_options(os_unfair_lock_s*, os_unfair_lock_options_t) const            62209
  realloc                                                       63291
  set_tiny_meta_header_in_use                                   63750
  lsl::EphemeralAllocator::allocate_buffer(unsigned long, unsigned long, unsigned long)            64540
  _qsort                                                        64749
  ossl_cipher_aead_gettable_ctx_params                          71085
  OPENSSL_sk_pop_free                                           72920
  tiny_free_list_add_ptr                                        73500
  strcmp                                                        73584
  _szone_free                                                   73833
  __close_nocancel                                              75500
  os_unfair_lock_assert_owner                                   76792
  szone_try_free_default                                        77709
  invocation function for block in dyld3::MachOFile::getDylibInstallName(char const**, unsigned int*, unsigned int*) const            81083
  dyld3::kdebug_trace_dyld_duration_end(unsigned long long, unsigned int, dyld3::kt_arg, dyld3::kt_arg, dyld3::kt_arg)            83043
  property_hash                                                 86626
  rack_get_thread_index                                         87289
  EVP_CIPHER_get_type                                           90709
  dyld3::OverflowSafeArray<unsigned int, 4294967295ul>::verifySpace(unsigned long)            95792
  dyld4::Loader::contains(dyld4::RuntimeState&, void const*, void const**, unsigned long long*, unsigned char*) const           101334
  pthread_cond_signal                                          104332
  nanov2_size                                                  114332
  pthread_rwlock_init                                          115165
  Diagnostics::assertNoError() const                           116584
  pthread_rwlock_destroy                                       126834
  os_unfair_lock_unlock                                        135127
  Diagnostics::~Diagnostics()                                  146003
  Diagnostics::Diagnostics(bool)                               150709
  __open_nocancel                                              152374
  get_legacy_evp_names                                         159458
  ossl_ctype_check                                             167791
  os_unfair_lock_lock_with_options                             177833
  invocation function for block in dyld3::MachOFile::getEntry(unsigned long long&, bool&) const           190954
  nanov2_pointer_size                                          195499
  EVP_MD_get_type                                              196622
  free                                                         208034
  _Block_object_dispose                                        225123
  OPENSSL_hexchar2int                                          234497
  ossl_sa_set                                                  249578
  nanov2_allocate_from_block                                   271833
  trim_ws                                                      282249
  strncmp                                                      288257
  BUF_MEM_new                                                  306450
  invocation function for block in dyld4::JustInTimeLoader::contains(dyld4::RuntimeState&, void const*, void const**, unsigned lo           312625
  names_free                                                   323793
  OBJ_get0_data                                                331582
  OPENSSL_LH_doall                                             334246
  OPENSSL_LH_flush                                             334504
  ossl_provider_ctx                                            340118
  OSSL_PARAM_set_uint                                          340289
  EVP_CIPHER_get_nid                                           363667
  conf_value_cmp                                               374038
  ossl_lib_ctx_unlock                                          378250
  OSSL_PARAM_locate_const                                      397091
  invocation function for block in dyld3::MachOLoaded::findClosestSymbol(unsigned long long, char const**, unsigned long long*) c           409668
  ossl_lib_ctx_read_lock                                       422468
  OPENSSL_LH_set_thunks                                        428421
  property_defn_cmp                                            439290
  ossl_cipher_generic_gettable_ctx_params                      444836
  evp_cipher_up_ref                                            456301
  property_defn_hash                                           465297
  ossl_provider_free                                           469039
  value_free_hash                                              469416
  BN_free                                                      478040
  function_hash                                                481548
  ossl_provider_up_ref                                         492375
  CRYPTO_realloc                                               494287
  OSSL_PARAM_set_uint32                                        500462
  ASN1_OBJECT_free                                             507996
  ossl_sa_get                                                  510885
  eat_alpha_numeric                                            522748
  OSSL_PARAM_construct_end                                     548659
  sa_free_node                                                 560374
  EVP_CIPHER_get0_provider                                     561743
  OSSL_PARAM_construct_uint                                    567170
  evp_cipher_free                                              576499
  do_all_fn                                                    582799
  EVP_CIPHER_free                                              633211
  ossl_provider_libctx                                         797078
  invocation function for block in dyld3::MachOLoaded::getLinkEditLoadCommands(Diagnostics&, dyld3::MachOLoaded::LinkEditInfo&) c           850167
  internal_free_nop                                            870842
  _platform_strncmp                                            881921
  name_string_free                                             920624
  OPENSSL_LH_error                                             928544
  OSSL_PARAM_set_size_t                                       1118151
  invocation function for block in dyld3::MachOFile::forEachSegment(void (dyld3::MachOFile::SegmentInfo const&, bool&) block_poin          1147331
  BUF_MEM_grow                                                1150074
  pthread_getspecific                                         1156713
  sk_reserve                                                  1160958
  _os_once                                                    1225299
  CRYPTO_THREAD_get_local                                     1282419
  _platform_memchr                                            1359585
  ossl_rcu_assign_uptr                                        1428618
  OSSL_PARAM_set_uint64                                       1509499
  names_lh_free_doall                                         1565339
  ossl_lib_ctx_get_data                                       1603006
  OSSL_PARAM_set_int                                          1614019
  _platform_strchr                                            1726164
  pthread_mutex_lock                                          1751791
  OSSL_PARAM_construct_size_t                                 1805342
  pthread_mutex_unlock                                        1858748
  _nanov2_free                                                1900419
  OPENSSL_sk_push                                             1974243
  OPENSSL_sk_num                                              1999160
  _pthread_mutex_lock_init_slow                               2010462
  _pthread_mutex_unlock_init_slow                             2123542
  _pthread_mutex_firstfit_lock_slow                           2240417
  OPENSSL_sk_value                                            2307843
  _pthread_mutex_firstfit_unlock_slow                         2328535
  OSSL_PARAM_set_int32                                        2441370
  obj_name_cmp                                                2525822
  OPENSSL_LH_strhash                                          2719362
  OSSL_PARAM_construct_int                                    2732828
  _platform_memcmp                                            2736804
  pthread_once                                                3042007
  OBJ_nid2obj                                                 3155303
  CRYPTO_atomic_load                                          3300666
  pthread_rwlock_rdlock                                       3329537
  SortFnByName                                                3386790
  ossl_lh_strcasehash                                         3685551
  __error                                                     3832718
  cipher_compare                                              4022219
  ossl_isdigit                                                4044726
  fnv1a_hash                                                  4441496
  _platform_memmove                                           6551889
  pthread_rwlock_wrlock                                       6727722
  pthread_rwlock_unlock                                       9986374
  err_string_data_cmp                                        11051131
  CRYPTO_free                                                12522359
  malloc                                                     13396604
  doapr_outch                                                15248904
  err_string_data_hash                                       16818985
  nanov2_malloc                                              18603623
  _platform_strlen                                           23319116
  _platform_memset                                           25890404
  nanov2_try_free_default                                    26470069
  _platform_strcmp                                           28023411
  ossl_tolower                                               60412592
