
  pd_free                                                        1791
  sigaction                                                      1833
  EVP_bf_cbc                                                     1916
  EVP_md5                                                        1958
  EVP_rc4_40                                                     2000
  EVP_sha224                                                     2000
  UI_OpenSSL                                                     2000
  EVP_rc2_cbc                                                    2041
  EVP_bf_ofb                                                     2042
  EVP_sha1                                                       2084
  _cleanup                                                       2084
  EVP_idea_ofb                                                   2125
  EVP_mdc2                                                       2125
  EVP_rc2_ofb                                                    2125
  UI_null                                                        2125
  EVP_des_ecb                                                    2166
  EVP_des_ofb                                                    2166
  EVP_sm4_cbc                                                    2166
  EVP_sha384                                                     2167
  EVP_sha512                                                     2167
  EVP_sm3                                                        2167
  EVP_sm4_ctr                                                    2167
  EVP_chacha20                                                   2208
  EVP_idea_cbc                                                   2208
  EVP_md4                                                        2208
  EVP_des_ede                                                    2209
  EVP_seed_cbc                                                   2250
  opt_unknown                                                    2250
  EVP_cast5_ofb                                                  2292
  EVP_ripemd160                                                  2292
  EVP_sha3_512                                                   2292
  EVP_shake256                                                   2292
  EVP_bf_cfb64                                                   2333
  EVP_sha3_384                                                   2333
  EVP_sm4_ecb                                                    2333
  EVP_sm4_ofb                                                    2334
  EVP_des_cbc                                                    2375
  EVP_des_ede3                                                   2375
  EVP_rc4                                                        2375
  EVP_seed_ofb                                                   2375
  app_get0_propq                                                 2375
  strchr                                                         2375
  EVP_bf_ecb                                                     2416
  EVP_shake128                                                   2416
  EVP_cast5_cbc                                                  2417
  EVP_des_cfb8                                                   2417
  EVP_md5_sha1                                                   2417
  EVP_blake2s256                                                 2458
  EVP_desx_cbc                                                   2458
  EVP_rc2_ecb                                                    2458
  EVP_rc2_64_cbc                                                 2459
  EVP_sha3_224                                                   2459
  EVP_aes_256_ofb                                                2500
  EVP_idea_ecb                                                   2500
  EVP_seed_ecb                                                   2500
  EVP_MD_free                                                    2541
  EVP_aes_128_cbc                                                2541
  EVP_aes_192_ccm                                                2541
  EVP_sha512_224                                                 2541
  opt_next                                                       2541
  EVP_aes_256_ccm                                                2542
  EVP_aes_256_ctr                                                2542
  EVP_cast5_cfb64                                                2542
  EVP_des_cfb1                                                   2542
  lh_FUNCTION_free                                               2542
  EVP_aes_192_cbc                                                2583
  EVP_rc2_cfb64                                                  2583
  EVP_sha512_256                                                 2583
  EVP_aes_128_ctr                                                2584
  EVP_aes_256_cbc                                                2625
  EVP_aria_192_gcm                                               2625
  EVP_des_ede_cbc                                                2625
  EVP_des_ede_ofb                                                2625
  EVP_sha3_256                                                   2625
  EVP_aes_256_cfb8                                               2666
  ENGINE_set_name                                                2667
  EVP_aes_192_ocb                                                2667
  EVP_aria_128_ecb                                               2667
  EVP_aria_192_ctr                                               2667
  release_engine                                                 2667
  EVP_aes_128_cfb1                                               2708
  EVP_aes_192_cfb8                                               2708
  EVP_aes_256_ocb                                                2708
  EVP_aes_192_cfb1                                               2709
  EVP_aes_192_ecb                                                2750
  EVP_aes_192_gcm                                                2750
  EVP_aes_256_cfb1                                               2750
  EVP_aria_256_cbc                                               2750
  EVP_aria_256_ecb                                               2750
  EVP_des_cfb64                                                  2750
  EVP_des_ede3_cfb8                                              2750
  EVP_idea_cfb64                                                 2750
  EVP_rc2_40_cbc                                                 2750
  def_to_int                                                     2750
  query_hash                                                     2750
  EVP_aes_128_ccm                                                2791
  EVP_aria_192_cfb8                                              2791
  EVP_aria_256_ctr                                               2791
  EVP_blake2b512                                                 2791
  EVP_whirlpool                                                  2791
  EVP_aes_256_wrap                                               2792
  EVP_aria_256_ccm                                               2792
  EVP_aria_256_cfb1                                              2792
  EVP_sm4_cfb128                                                 2792
  ossl_trace_cleanup                                             2792
  vm_deallocate                                                  2792
  BIO_f_cipher                                                   2833
  COMP_get_type                                                  2833
  ENGINE_set_id                                                  2833
  EVP_aes_128_xts                                                2833
  EVP_aes_256_xts                                                2833
  EVP_aria_128_cfb8                                              2833
  EVP_aria_192_ofb                                               2833
  EVP_rc4_hmac_md5                                               2833
  NCONF_default                                                  2833
  EVP_aria_128_cbc                                               2834
  EVP_aria_192_ccm                                               2834
  EVP_aes_128_ofb                                                2875
  EVP_aes_128_wrap                                               2875
  EVP_aes_192_ctr                                                2875
  EVP_aes_256_gcm                                                2875
  EVP_aria_128_ofb                                               2875
  EVP_aria_192_cbc                                               2875
  EVP_aria_192_cfb1                                              2875
  EVP_aria_256_gcm                                               2875
  EVP_des_ede3_cbc                                               2875
  EVP_des_ede3_ofb                                               2875
  OBJ_obj2txt                                                    2875
  EVP_aes_128_ocb                                                2916
  EVP_aria_192_ecb                                               2916
  EVP_aria_256_cfb128                                            2916
  EVP_cast5_ecb                                                  2916
  EVP_aria_256_cfb8                                              2917
  EVP_aes_192_ofb                                                2959
  EVP_aes_192_cfb128                                             3000
  EVP_aes_192_wrap                                               3000
  EVP_aria_128_ccm                                               3000
  EVP_aria_192_cfb128                                            3000
  EVP_des_ede3_cfb1                                              3000
  EVP_seed_cfb128                                                3000
  __cxa_finalize                                                 3000
  EVP_aes_128_cfb128                                             3042
  EVP_aes_256_cfb128                                             3042
  EVP_aria_128_cfb128                                            3042
  strrchr                                                        3042
  EVP_camellia_192_cbc                                           3083
  EVP_CIPHER_get_flags                                           3084
  EVP_aes_128_gcm                                                3084
  EVP_camellia_192_ofb                                           3084
  property_cmp                                                   3084
  EVP_aes_128_cfb8                                               3125
  EVP_aes_128_ecb                                                3125
  EVP_aria_128_cfb1                                              3125
  function_cmp                                                   3125
  EVP_camellia_192_ctr                                           3166
  EVP_des_ede3_wrap                                              3166
  EVP_aria_128_ctr                                               3167
  EVP_camellia_128_ofb                                           3167
  EVP_des_ede3_cfb64                                             3167
  getrlimit                                                      3167
  EVP_aes_256_wrap_pad                                           3208
  EVP_aria_256_ofb                                               3208
  EVP_camellia_256_ofb                                           3208
  UI_method_set_closer                                           3208
  def_init_default                                               3208
  EVP_aes_128_wrap_pad                                           3209
  EVP_aes_256_ecb                                                3250
  UI_method_set_reader                                           3250
  ossl_comp_zstd_cleanup                                         3250
  EVP_camellia_256_cbc                                           3291
  EVP_aria_128_gcm                                               3292
  EVP_camellia_128_cbc                                           3292
  EVP_chacha20_poly1305                                          3292
  EVP_des_ede_cfb64                                              3292
  UI_method_set_writer                                           3292
  EVP_camellia_192_cfb8                                          3333
  EVP_camellia_192_ecb                                           3333
  OSSL_LIB_CTX_get_data                                          3333
  OSSL_PARAM_modified                                            3333
  EVP_aes_192_wrap_pad                                           3334
  EVP_camellia_256_cfb8                                          3334
  EVP_camellia_256_ctr                                           3334
  ossl_store_cleanup_int                                         3334
  EVP_camellia_128_ctr                                           3375
  EVP_camellia_256_ecb                                           3375
  COMP_zlib                                                      3417
  EVP_camellia_128_cfb8                                          3417
  EVP_camellia_192_cfb1                                          3417
  init_thread_stop                                               3417
  UI_method_set_opener                                           3458
  opt_set_unknown_name                                           3458
  ossl_prov_ctx_new                                              3458
  signal                                                         3458
  EVP_camellia_128_cfb1                                          3459
  ossl_prov_ctx_free                                             3459
  ENGINE_set_flags                                               3500
  __smakebuf                                                     3500
  bio_sock_cleanup_int                                           3500
  store_loader_cmp                                               3500
  EVP_camellia_256_cfb128                                        3583
  OSSL_STORE_register_loader                                     3583
  EVP_CipherUpdate                                               3625
  EVP_add_alg_module                                             3625
  EVP_camellia_128_cfb128                                        3625
  EVP_camellia_192_cfb128                                        3625
  evp_app_cleanup_int                                            3625
  ossl_comp_zlib_cleanup                                         3625
  BIO_meth_set_puts                                              3666
  ossl_comp_brotli_cleanup                                       3666
  ERR_get_error_all                                              3667
  engine_load_rdrand_int                                         3667
  ossl_prov_ctx_set0_handle                                      3667
  ASN1_add_stable_module                                         3708
  BIO_meth_set_ctrl                                              3708
  EVP_camellia_256_cfb1                                          3708
  app_RAND_write                                                 3708
  BIO_meth_set_gets                                              3750
  __getrlimit                                                    3750
  ossl_lib_ctx_write_lock                                        3750
  ASN1_add_oid_module                                            3833
  EVP_CIPHER_fetch                                               3833
  ERR_print_errors                                               3834
  EVP_CipherFinal_ex                                             3875
  EVP_camellia_128_ecb                                           3875
  NCONF_get0_libctx                                              3875
  free_medium                                                    3875
  pthread_self                                                   3917
  ossl_prov_ctx_get0_libctx                                      3958
  ossl_prov_ctx_set0_libctx                                      3958
  ENGINE_set_cmd_defns                                           4000
  opt_check_rest_arg                                             4000
  ossl_method_unlock_store                                       4042
  core_get_libctx                                                4083
  BIO_meth_set_destroy                                           4084
  EVP_PKEY_asn1_get_count                                        4125
  OSSL_LIB_CTX_free                                              4125
  dyld4::APIs::_tlv_exit()                                       4125
  ossl_lib_ctx_is_default                                        4125
  BIO_meth_set_create                                            4167
  close                                                          4167
  CRYPTO_THREAD_get_current_id                                   4208
  EVP_CIPHER_get_iv_length                                       4208
  aes_v8_set_encrypt_key                                         4208
  ossl_stored_namemap_free                                       4208
  aes_192_ctr_get_params                                         4250
  ossl_config_add_ssl_module                                     4250
  ENGINE_add_conf_module                                         4291
  OSSL_ERR_STATE_new                                             4291
  aes_192_ofb_get_params                                         4291
  aes_256_ctr_get_params                                         4291
  chacha20_get_params                                            4291
  null_gettable_ctx_params                                       4292
  ossl_child_prov_ctx_new                                        4292
  ossl_cipher_generic_reset_ctx                                  4292
  ENGINE_set_ctrl_function                                       4334
  aes_192_cfb8_get_params                                        4334
  CONF_imodule_get_value                                         4375
  OSSL_STORE_unregister_loader                                   4375
  aes_128_cfb_get_params                                         4375
  aria_256_ctr_get_params                                        4375
  tdes_ede3_cfb_get_params                                       4375
  aes_128_ecb_get_params                                         4416
  aes_256_siv_get_params                                         4416
  aria_192_ecb_get_params                                        4417
  ossl_method_lock_store                                         4417
  aes_128_cbc_get_params                                         4458
  aes_192_ecb_get_params                                         4458
  aes_192_siv_get_params                                         4458
  aria_256_ofb_get_params                                        4458
  tdes_ede2_cbc_get_params                                       4458
  aes_128_ctr_get_params                                         4459
  aes_128_ofb_get_params                                         4459
  aes_192_cfb1_get_params                                        4459
  chacha20_gettable_ctx_params                                   4459
  BIO_meth_set_read_ex                                           4500
  BIO_meth_set_write_ex                                          4500
  EVP_aes_256_cbc_hmac_sha1                                      4500
  OSSL_STORE_LOADER_set_eof                                      4500
  aes_128_cfb1_get_params                                        4500
  aes_192_gcm_get_params                                         4500
  aes_256_cbc_get_params                                         4500
  aes_256_cfb_get_params                                         4500
  aes_256_ofb_get_params                                         4500
  aria_128_ofb_get_params                                        4500
  aes_v8_ctr32_encrypt_blocks                                    4541
  aria_128_cfb1_get_params                                       4541
  OSSL_CMP_log_close                                             4542
  aria_128_cbc_get_params                                        4542
  aria_192_cbc_get_params                                        4542
  aria_256_cfb1_get_params                                       4542
  sm4_128_ccm_get_params                                         4542
  sm4_128_ecb_get_params                                         4542
  aes_128_ccm_get_params                                         4583
  aes_256_cfb8_get_params                                        4583
  aria_128_cfb8_get_params                                       4583
  aria_128_cfb_get_params                                        4583
  aria_192_cfb1_get_params                                       4583
  aria_192_gcm_get_params                                        4583
  aria_256_cfb_get_params                                        4583
  sm4_128_cbc_get_params                                         4583
  sm4_128_cfb128_get_params                                      4583
  UI_method_set_prompt_constructor                               4584
  aes_192_cfb_get_params                                         4584
  aes_192_wrap_get_params                                        4584
  ENGINE_set_finish_function                                     4625
  EVP_sha256                                                     4625
  OSSL_STORE_LOADER_free                                         4625
  OSSL_STORE_LOADER_set_load                                     4625
  aes_128_cfb8_get_params                                        4625
  aes_128_ocb_get_params                                         4625
  aes_192_cbc_get_params                                         4625
  aria_128_ccm_get_params                                        4625
  aria_192_ofb_get_params                                        4625
  ossl_store_register_init                                       4625
  tdes_ede3_ofb_get_params                                       4625
  tdes_wrap_get_params                                           4625
  tiny_try_realloc_in_place                                      4625
  aes_192_ccm_get_params                                         4666
  aes_cts_192_cbc_get_params                                     4666
  ENGINE_set_init_function                                       4667
  aes_128_xts_get_params                                         4667
  aes_256_ccm_get_params                                         4667
  aes_256_cfb1_get_params                                        4667
  aes_256_gcm_get_params                                         4667
  ossl_bio_core_globals_free                                     4667
  tdes_ede3_cbc_get_params                                       4667
  EVP_aes_256_cbc_hmac_sha256                                    4708
  __sigaction                                                    4708
  aes_192_ocb_get_params                                         4708
  aria_192_ctr_get_params                                        4708
  sm4_128_gcm_get_params                                         4708
  OSSL_STORE_LOADER_set_close                                    4709
  aria_128_ecb_get_params                                        4709
  ossl_rand_cleanup_int                                          4709
  sm4_128_ctr_get_params                                         4709
  BIO_free                                                       4750
  OSSL_STORE_LOADER_set_error                                    4750
  aes_cts_128_cbc_get_params                                     4750
  aria_128_gcm_get_params                                        4750
  aria_192_cfb_get_params                                        4750
  engine_pkey_meths_free                                         4750
  ossl_prov_ctx_set0_core_bio_method                             4750
  ossl_random_add_conf_module                                    4750
  pthread_cond_destroy                                           4750
  OSSL_trace_set_channel                                         4792
  aria_192_cfb8_get_params                                       4792
  aria_256_ccm_get_params                                        4792
  camellia_256_cfb_get_params                                    4792
  def_is_number                                                  4792
  aria_128_ctr_get_params                                        4833
  aria_256_cbc_get_params                                        4833
  aria_256_cfb8_get_params                                       4833
  aria_256_ecb_get_params                                        4833
  lsl::Lock::lock()                                              4833
  ossl_prov_cipher_hw_aes_ctr                                    4833
  sm4_128_ofb128_get_params                                      4833
  aes_128_siv_get_params                                         4834
  ENGINE_load_builtin_engines                                    4875
  EVP_aes_128_cbc_hmac_sha256                                    4875
  OPENSSL_cpuid_setup                                            4875
  aes_256_xts_get_params                                         4875
  aes_cts_256_cbc_get_params                                     4875
  camellia_128_ecb_get_params                                    4875
  camellia_256_ctr_get_params                                    4875
  ossl_provider_add_conf_module                                  4875
  tdes_ede2_ecb_get_params                                       4875
  aes_128_wrapinv_get_params                                     4916
  aes_128_wrappad_get_params                                     4916
  aes_192_wrapinv_get_params                                     4916
  EVP_aes_128_cbc_hmac_sha1                                      4917
  aes_192_wrappad_get_params                                     4917
  aes_256_ecb_get_params                                         4917
  camellia_192_cfb_get_params                                    4917
  camellia_256_ofb_get_params                                    4917
  OSSL_STORE_LOADER_set_open                                     4958
  aes_128_gcm_get_params                                         4958
  tdes_ede2_cfb_get_params                                       4958
  aes_256_wrapinv_get_params                                     4959
  tdes_ede2_ofb_get_params                                       4959
  OSSL_STORE_LOADER_set_expect                                   5000
  aes_256_wrappad_get_params                                     5000
  aria_256_gcm_get_params                                        5000
  camellia_128_cfb8_get_params                                   5000
  ossl_property_match_count                                      5000
  tdes_ede3_ecb_get_params                                       5000
  EVP_CIPHER_get_key_length                                      5042
  aes_256_ocb_get_params                                         5042
  camellia_128_cfb_get_params                                    5042
  camellia_192_cfb1_get_params                                   5042
  sm4_128_xts_get_params                                         5042
  camellia_128_cfb1_get_params                                   5083
  camellia_192_ofb_get_params                                    5083
  tdes_ede3_cfb8_get_params                                      5083
  camellia_192_ecb_get_params                                    5084
  ossl_indicator_set_callback_free                               5084
  camellia_128_ofb_get_params                                    5125
  camellia_192_cbc_get_params                                    5125
  camellia_192_cfb8_get_params                                   5125
  camellia_256_cfb1_get_params                                   5125
  ossl_bio_core_globals_new                                      5125
  ossl_property_has_optional                                     5125
  ENGINE_get_cipher_engine                                       5166
  camellia_128_cbc_get_params                                    5166
  engine_remove_dynamic_id                                       5166
  ossl_ctx_global_properties_new                                 5167
  ossl_self_test_set_callback_free                               5167
  medium_region_for_ptr_no_lock                                  5208
  ossl_free_compression_methods_int                              5208
  OSSL_PARAM_get_int                                             5249
  camellia_128_ctr_get_params                                    5250
  camellia_192_ctr_get_params                                    5250
  ossl_init_thread_deregister                                    5250
  tdes_ede3_cfb1_get_params                                      5292
  aes_128_wrappadinv_get_params                                  5333
  aes_256_wrap_get_params                                        5333
  aes_256_wrappadinv_get_params                                  5333
  camellia_cts_192_cbc_get_params                                5333
  engine_pkey_asn1_meths_free                                    5333
  camellia_256_cbc_get_params                                    5334
  camellia_256_ecb_get_params                                    5334
  ossl_aes_256_gcm_siv_get_params                                5334
  aria_192_ccm_get_params                                        5375
  camellia_256_cfb8_get_params                                   5375
  ossl_self_test_set_callback_new                                5375
  aes_128_wrap_get_params                                        5416
  OPENSSL_sk_sort                                                5417
  ossl_indicator_set_callback_new                                5417
  aes_192_wrappadinv_get_params                                  5458
  chacha20_poly1305_get_params                                   5458
  ossl_provider_unquery_operation                                5458
  Diagnostics::clearError()                                      5459
  chacha20_poly1305_gettable_ctx_params                          5541
  getegid                                                        5583
  ossl_prov_ctx_get0_core_bio_method                             5583
  EVP_CIPHER_CTX_get_block_size                                  5625
  __fcntl                                                        5708
  app_get0_libctx                                                5708
  ossl_aes_192_gcm_siv_get_params                                5708
  camellia_cts_128_cbc_get_params                                5791
  camellia_cts_256_cbc_get_params                                5791
  lsl::Lock::unlock()                                            5834
  opt_arg                                                        5873
  OSSL_LIB_CTX_set_conf_diagnostics                              5875
  memset                                                         5917
  free_small                                                     6000
  geteuid                                                        6083
  ossl_prov_bio_from_dispatch                                    6083
  ossl_aes_128_gcm_siv_get_params                                6084
  ossl_prov_seeding_from_dispatch                                6125
  BIO_set_data                                                   6249
  EVP_CIPHER_get_mode                                            6250
  getuid                                                         6417
  EVP_RAND_CTX_free                                              6500
  getgid                                                         6500
  OSSL_PARAM_get_int32                                           6501
  medium_malloc_from_free_list                                   6542
  dyld3::kdebug_trace_dyld_enabled(unsigned int)                 6625
  BIO_next                                                       7042
  dyld4::RuntimeState::notifyObjCPatching()                      7125
  _platform_strnlen                                              7167
  dyld4::Loader::hiddenFromFlat(bool) const                      7167
  dyld4::handleFromLoader(dyld4::Loader const*, bool)             7208
  store_loader_hash                                              7209
  bio_open_default                                               7292
  EVP_CipherInit_ex                                              7375
  ENGINE_register_EC                                             7666
  _kernelrpc_mach_port_construct_trap                            7667
  _kernelrpc_mach_port_deallocate_trap                           7750
  OPENSSL_sk_pop                                                 7791
  openssl_fopen                                                  7833
  file_ctrl                                                      7834
  ENGINE_register_DH                                             7917
  ENGINE_register_RAND                                           8000
  ENGINE_register_RSA                                            8000
  dyld4::BumpAllocator::~BumpAllocator()                         8000
  ENGINE_register_DSA                                            8166
  __sclose                                                       8166
  lsl::EphemeralAllocator::reset()                               8166
  flsl                                                           8332
  BIO_copy_next_retry                                            8417
  dyld4::Loader::beginInitializers(dyld4::RuntimeState&)             8500
  err_unshelve_state                                             8500
  X509_get_default_cert_area                                     8749
  dyld4::JustInTimeLoader::hiddenFromFlat(bool) const             8750
  __sflags                                                       8791
  BIO_set_init                                                   8917
  ossl_lib_ctx_get_concrete                                      8917
  strlen                                                         8918
  ENGINE_register_digests                                        9042
  ossl_cipher_generic_einit                                      9125
  ENGINE_register_ciphers                                        9250
  lsl::Vector<dyld4::Loader const*>::reserveExact(unsigned long)             9542
  DSO_METHOD_openssl                                             9543
  ossl_property_free                                             9624
  ossl_sa_new                                                    9666
  dyld4::RuntimeState::incDlRefCount(dyld4::Loader const*)             9667
  BIO_set_flags                                                  9749
  dyld4::JustInTimeLoader::beginInitializers(dyld4::RuntimeState&)             9750
  ossl_cipher_generic_set_ctx_params                             9792
  ENGINE_register_pkey_meths                                     9833
  lsl::Vector<lsl::MemoryManager::Buffer>::reserve(unsigned long)            10417
  OSSL_LIB_CTX_get_conf_diagnostics                             10500
  CRYPTO_atomic_or                                              10625
  tiny_malloc_from_free_list                                    10876
  ENGINE_register_pkey_asn1_meths                               11042
  engine_free_util                                              11042
  ossl_lib_ctx_get_ex_data_global                               11042
  ossl_lib_ctx_get_rcukey                                       11166
  NCONF_get_section                                             11250
  ossl_sa_doall_arg                                             11333
  OPENSSL_cleanse                                               11543
  aes_siv_gettable_ctx_params                                   11915
  ossl_property_value                                           12459
  ossl_cipher_capable_aes_cbc_hmac_sha1                         12542
  ossl_cipher_capable_aes_cbc_hmac_sha256                       12667
  EVP_add_cipher                                                12708
  cipher_ocb_gettable_ctx_params                                13292
  dyld4::RuntimeState::doSingletonPatching(dyld4::DyldCacheDataConstLazyScopedWriter&)            13334
  aes_cbc_cts_gettable_ctx_params                               13542
  _kernelrpc_mach_vm_deallocate_trap                            13917
  BIO_clear_flags                                               13958
  deflt_query                                                   14167
  __bzero                                                       14334
  CRYPTO_atomic_add                                             14501
  DSO_free                                                      14541
  sa_doall                                                      14541
  lsl::EphemeralAllocator::~EphemeralAllocator()                14791
  BIO_get_data                                                  14832
  dyld4::Loader::loadDependents(Diagnostics&, dyld4::RuntimeState&, dyld4::Loader::LoadOptions const&)            14875
  dyld4::Loader::path() const                                   14875
  _NSGetEnviron                                                 15124
  dyld4::DyldCacheDataConstLazyScopedWriter::DyldCacheDataConstLazyScopedWriter(dyld4::RuntimeState&)            15125
  ossl_aes_gcm_siv_gettable_ctx_params                          15208
  __sflush                                                      15500
  camellia_cbc_cts_gettable_ctx_params                          15500
  dyld3::MachOFile::is64() const                                16209
  _kernelrpc_mach_port_destruct_trap                            16292
  dyld4::JustInTimeLoader::loadDependents(Diagnostics&, dyld4::RuntimeState&, dyld4::Loader::LoadOptions const&)            16333
  file_new                                                      16667
  ossl_prov_is_running                                          16749
  file_free                                                     16833
  os_unfair_recursive_lock_unlock                               17042
  fstat                                                         17083
  rack_region_insert                                            17168
  CRYPTO_THREAD_lock_free                                       17626
  invocation function for block in dyld4::Loader::forEachPath(Diagnostics&, dyld4::RuntimeState&, char const*, dyld4::Loader::Loa            17667
  OPENSSL_LH_get_down_load                                      18043
  pthread_mutex_destroy                                         18165
  FMT_istext                                                    18166
  dyld4::JustInTimeLoader::path() const                         18374
  kdebug_is_enabled                                             18792
  BIO_new                                                       19250
  mach_msg2_trap                                                19333
  pthread_cond_init                                             19667
  small_try_realloc_in_place                                    19958
  os_unfair_recursive_lock_lock_with_options                    20209
  property_free                                                 20292
  dyld4::LibSystemHelpers::pthread_getspecific(unsigned long) const            20375
  lsl::EphemeralAllocator::deallocate_buffer(lsl::MemoryManager::Buffer)            21250
  os_unfair_lock_assert_not_owner                               22000
  ___chkstk_darwin                                              22415
  __chkstk_darwin_probe                                         22584
  dyld4::ProcessConfig::DyldCache::indexOfPath(char const*, unsigned int&) const            22625
  small_size                                                    22709
  dyld4::Loader::matchesPath(char const*) const                 22793
  small_free_list_find_by_ptr                                   24459
  dyld4::Loader::loadAddress(dyld4::RuntimeState&) const            25708
  __findenv_locked                                              27125
  pthread_mutex_init                                            27250
  ossl_property_name                                            27333
  lsl::MemoryManager::lockGuard()                               27540
  small_free_list_remove_ptr                                    28165
  OPENSSL_strnlen                                               28334
  dyld3::ScopedTimer::endTimer()                                28374
  OPENSSL_sk_delete                                             28626
  dyld4::JustInTimeLoader::loadAddress(dyld4::RuntimeState&) const            29250
  _kernelrpc_mach_vm_map_trap                                   33875
  _pthread_mutex_check_init_slow                                34168
  lsl::AllocationMetadata::AllocationMetadata(lsl::Allocator*, unsigned long)            34291
  CRYPTO_new_ex_data                                            34833
  small_free_list_remove_ptr_no_clear                           35001
  OPENSSL_LH_set_down_load                                      35125
  __open                                                        36334
  szone_good_size                                               38417
  dyld4::LibSystemHelpers::os_unfair_recursive_lock_unlock(os_unfair_recursive_lock_s*) const            39166
  OPENSSL_sk_free                                               39459
  Diagnostics::hasError() const                                 40873
  dyld4::LibSystemHelpers::os_unfair_lock_unlock(os_unfair_lock_s*) const            40916
  get_tiny_previous_free_msize                                  41209
  ossl_rcu_write_lock                                           42625
  EVP_PKEY_asn1_get0                                            43002
  __read_nocancel                                               43376
  small_free_list_add_ptr                                       44043
  ossl_rcu_write_unlock                                         45166
  Diagnostics::noError() const                                  45416
  ossl_tdes_gettable_ctx_params                                 45960
  tiny_free_list_remove_ptr                                     46582
  pthread_setspecific                                           47498
  small_malloc_from_free_list                                   49708
  dyld3::MachOFile::read_uleb128(Diagnostics&, unsigned char const*&, unsigned char const*)            50084
  madvise                                                       50668
  dyld4::RuntimeState::PermanentRanges::contains(unsigned long, unsigned long, unsigned char*, dyld4::Loader const**) const            50834
  _tiny_check_and_zero_inline_meta_from_freelist                51458
  dyld4::LibSystemHelpers::os_unfair_recursive_lock_lock_with_options(os_unfair_recursive_lock_s*, os_unfair_lock_options_t) cons            52083
  EVP_PKEY_asn1_get0_info                                       53419
  szone_malloc                                                  55086
  pthread_cond_broadcast                                        55289
  tiny_size                                                     59084
  __write_nocancel                                              59459
  dyld4::LibSystemHelpers::os_unfair_lock_lock_with_options(os_unfair_lock_s*, os_unfair_lock_options_t) const            59625
  realloc                                                       61923
  _qsort                                                        64833
  lsl::EphemeralAllocator::allocate_buffer(unsigned long, unsigned long, unsigned long)            65208
  set_tiny_meta_header_in_use                                   66460
  _szone_free                                                   68917
  OPENSSL_sk_pop_free                                           70248
  ossl_cipher_aead_gettable_ctx_params                          70539
  strcmp                                                        70919
  __close_nocancel                                              74541
  szone_try_free_default                                        77082
  os_unfair_lock_assert_owner                                   77377
  tiny_free_list_add_ptr                                        79294
  dyld3::kdebug_trace_dyld_duration_end(unsigned long long, unsigned int, dyld3::kt_arg, dyld3::kt_arg, dyld3::kt_arg)            81708
  invocation function for block in dyld3::MachOFile::getDylibInstallName(char const**, unsigned int*, unsigned int*) const            81875
  rack_get_thread_index                                         82796
  property_hash                                                 86754
  EVP_CIPHER_get_type                                           90829
  dyld3::OverflowSafeArray<unsigned int, 4294967295ul>::verifySpace(unsigned long)            90914
  dyld4::Loader::contains(dyld4::RuntimeState&, void const*, void const**, unsigned long long*, unsigned char*) const            95957
  pthread_cond_signal                                          102457
  Diagnostics::assertNoError() const                           109712
  nanov2_size                                                  113625
  pthread_rwlock_init                                          117708
  pthread_rwlock_destroy                                       119543
  os_unfair_lock_unlock                                        129625
  __open_nocancel                                              137667
  Diagnostics::~Diagnostics()                                  144378
  Diagnostics::Diagnostics(bool)                               146002
  get_legacy_evp_names                                         160789
  ossl_ctype_check                                             168667
  os_unfair_lock_lock_with_options                             172712
  nanov2_pointer_size                                          192623
  invocation function for block in dyld3::MachOFile::getEntry(unsigned long long&, bool&) const           192916
  EVP_MD_get_type                                              196417
  free                                                         211286
  _Block_object_dispose                                        219377
  OPENSSL_hexchar2int                                          232542
  ossl_sa_set                                                  249872
  nanov2_allocate_from_block                                   251538
  strncmp                                                      269084
  trim_ws                                                      279000
  invocation function for block in dyld4::JustInTimeLoader::contains(dyld4::RuntimeState&, void const*, void const**, unsigned lo           292328
  BUF_MEM_new                                                  305710
  names_free                                                   318168
  OPENSSL_LH_flush                                             329003
  OBJ_get0_data                                                330086
  OPENSSL_LH_doall                                             333342
  OSSL_PARAM_set_uint                                          338500
  ossl_provider_ctx                                            340827
  EVP_CIPHER_get_nid                                           363342
  conf_value_cmp                                               375874
  ossl_lib_ctx_unlock                                          377793
  invocation function for block in dyld3::MachOLoaded::findClosestSymbol(unsigned long long, char const**, unsigned long long*) c           394750
  OSSL_PARAM_locate_const                                      398037
  ossl_lib_ctx_read_lock                                       422170
  OPENSSL_LH_set_thunks                                        432924
  property_defn_cmp                                            442620
  ossl_cipher_generic_gettable_ctx_params                      444829
  evp_cipher_up_ref                                            451500
  ossl_provider_free                                           465207
  property_defn_hash                                           466248
  value_free_hash                                              472587
  function_hash                                                475837
  BN_free                                                      477993
  ossl_provider_up_ref                                         488956
  CRYPTO_realloc                                               491624
  OSSL_PARAM_set_uint32                                        500706
  ASN1_OBJECT_free                                             504870
  ossl_sa_get                                                  510284
  eat_alpha_numeric                                            517421
  sa_free_node                                                 539742
  OSSL_PARAM_construct_end                                     547084
  EVP_CIPHER_get0_provider                                     558794
  OSSL_PARAM_construct_uint                                    564164
  evp_cipher_free                                              573828
  do_all_fn                                                    590877
  EVP_CIPHER_free                                              634168
  ossl_provider_libctx                                         797875
  invocation function for block in dyld3::MachOLoaded::getLinkEditLoadCommands(Diagnostics&, dyld3::MachOLoaded::LinkEditInfo&) c           831293
  internal_free_nop                                            846583
  name_string_free                                             883912
  _platform_strncmp                                            885671
  OPENSSL_LH_error                                             922164
  invocation function for block in dyld3::MachOFile::forEachSegment(void (dyld3::MachOFile::SegmentInfo const&, bool&) block_poin          1096749
  OSSL_PARAM_set_size_t                                       1115078
  BUF_MEM_grow                                                1142627
  pthread_getspecific                                         1152214
  sk_reserve                                                  1168570
  _os_once                                                    1223862
  CRYPTO_THREAD_get_local                                     1284541
  _platform_memchr                                            1365368
  ossl_rcu_assign_uptr                                        1411540
  OSSL_PARAM_set_uint64                                       1507123
  names_lh_free_doall                                         1521125
  ossl_lib_ctx_get_data                                       1604501
  OSSL_PARAM_set_int                                          1616721
  _platform_strchr                                            1725492
  pthread_mutex_lock                                          1729120
  OSSL_PARAM_construct_size_t                                 1803297
  pthread_mutex_unlock                                        1846756
  _nanov2_free                                                1896799
  OPENSSL_sk_num                                              1975136
  OPENSSL_sk_push                                             1980403
  _pthread_mutex_lock_init_slow                               1998262
  _pthread_mutex_unlock_init_slow                             2105456
  _pthread_mutex_firstfit_lock_slow                           2220502
  OPENSSL_sk_value                                            2314163
  _pthread_mutex_firstfit_unlock_slow                         2319335
  OSSL_PARAM_set_int32                                        2437781
  obj_name_cmp                                                2485674
  OPENSSL_LH_strhash                                          2709677
  OSSL_PARAM_construct_int                                    2739824
  _platform_memcmp                                            2746193
  pthread_once                                                3047951
  OBJ_nid2obj                                                 3169320
  CRYPTO_atomic_load                                          3295500
  pthread_rwlock_rdlock                                       3321205
  SortFnByName                                                3376212
  ossl_lh_strcasehash                                         3660789
  __error                                                     3824896
  cipher_compare                                              3952401
  ossl_isdigit                                                3987834
  fnv1a_hash                                                  4425223
  _platform_memmove                                           6511621
  pthread_rwlock_wrlock                                       6648176
  pthread_rwlock_unlock                                       9972855
  err_string_data_cmp                                        11141590
  CRYPTO_free                                                12197152
  malloc                                                     13445201
  doapr_outch                                                15109877
  err_string_data_hash                                       16863934
  nanov2_malloc                                              18658129
  _platform_strlen                                           23224148
  _platform_memset                                           25271525
  nanov2_try_free_default                                    25632350
  _platform_strcmp                                           28002030
  ossl_tolower                                               59938998
