
  EVP_md5                                                        1666
  sigaction                                                      1708
  EVP_sha1                                                       1833
  pd_free                                                        1959
  EVP_rc4_40                                                     2000
  UI_OpenSSL                                                     2000
  EVP_des_ofb                                                    2042
  EVP_sha384                                                     2042
  _cleanup                                                       2042
  EVP_bf_ofb                                                     2083
  EVP_rc2_cbc                                                    2083
  EVP_des_cbc                                                    2084
  EVP_des_ecb                                                    2125
  EVP_des_ede                                                    2125
  EVP_rc2_ofb                                                    2125
  EVP_sm4_cbc                                                    2125
  EVP_sm4_ctr                                                    2125
  EVP_mdc2                                                       2166
  EVP_sha224                                                     2166
  EVP_bf_cbc                                                     2208
  EVP_seed_cbc                                                   2208
  EVP_md4                                                        2209
  EVP_cast5_ofb                                                  2250
  EVP_rc4                                                        2250
  EVP_sha512                                                     2250
  EVP_sm4_ofb                                                    2250
  EVP_idea_ofb                                                   2291
  EVP_shake128                                                   2291
  EVP_des_cfb8                                                   2292
  EVP_sha3_224                                                   2292
  EVP_sha3_512                                                   2292
  strchr                                                         2292
  EVP_seed_ofb                                                   2333
  EVP_sm3                                                        2333
  EVP_sm4_ecb                                                    2334
  opt_unknown                                                    2334
  EVP_des_ede3                                                   2375
  EVP_idea_cbc                                                   2375
  EVP_md5_sha1                                                   2416
  EVP_bf_cfb64                                                   2417
  EVP_shake256                                                   2417
  EVP_aes_256_ofb                                                2458
  EVP_blake2s256                                                 2458
  app_get0_propq                                                 2458
  EVP_aes_192_ccm                                                2459
  EVP_aes_256_gcm                                                2459
  EVP_sha3_384                                                   2459
  EVP_MD_free                                                    2500
  EVP_aes_128_cbc                                                2500
  EVP_aes_256_ctr                                                2500
  EVP_rc2_ecb                                                    2500
  EVP_ripemd160                                                  2500
  EVP_sha512_256                                                 2500
  UI_null                                                        2500
  opt_next                                                       2500
  EVP_aes_192_ctr                                                2541
  EVP_cast5_ecb                                                  2541
  EVP_des_ede_ofb                                                2541
  EVP_des_cfb1                                                   2542
  EVP_rc2_cfb64                                                  2542
  EVP_sha3_256                                                   2542
  EVP_sha512_224                                                 2542
  release_engine                                                 2542
  COMP_get_type                                                  2583
  EVP_aes_256_cfb1                                               2583
  EVP_aes_256_xts                                                2583
  EVP_aria_192_cbc                                               2583
  EVP_aria_256_ecb                                               2583
  EVP_rc2_64_cbc                                                 2583
  EVP_whirlpool                                                  2583
  EVP_aes_128_ctr                                                2584
  EVP_aes_128_ofb                                                2584
  EVP_aes_256_cbc                                                2584
  EVP_chacha20                                                   2584
  EVP_aes_128_ccm                                                2625
  EVP_aes_192_cfb1                                               2625
  EVP_aes_192_ecb                                                2625
  EVP_aes_256_cfb8                                               2625
  EVP_aes_256_ocb                                                2625
  EVP_aria_256_ctr                                               2625
  EVP_des_ede_cbc                                                2625
  EVP_idea_cfb64                                                 2625
  EVP_seed_ecb                                                   2625
  EVP_aes_256_wrap                                               2666
  ossl_trace_cleanup                                             2666
  EVP_aes_192_cfb8                                               2667
  EVP_aes_256_ccm                                                2667
  EVP_aes_256_ecb                                                2667
  EVP_aria_256_gcm                                               2667
  EVP_rc2_40_cbc                                                 2667
  EVP_aes_192_ofb                                                2708
  EVP_aria_128_cbc                                               2708
  EVP_aria_192_gcm                                               2708
  EVP_aria_256_ofb                                               2708
  EVP_bf_ecb                                                     2708
  EVP_idea_ecb                                                   2708
  def_to_int                                                     2708
  EVP_aes_192_wrap                                               2709
  EVP_aria_128_ofb                                               2709
  EVP_aria_192_cfb1                                              2709
  EVP_aria_192_cfb8                                              2709
  EVP_aria_192_ctr                                               2709
  EVP_aria_192_ofb                                               2709
  lh_FUNCTION_free                                               2709
  ENGINE_set_name                                                2750
  EVP_aes_128_ocb                                                2750
  EVP_aes_128_wrap                                               2750
  EVP_aes_192_gcm                                                2750
  EVP_aria_192_ecb                                               2750
  EVP_aria_256_ccm                                               2750
  EVP_cast5_cfb64                                                2750
  EVP_des_ede3_cbc                                               2750
  EVP_rc4_hmac_md5                                               2750
  strrchr                                                        2750
  ENGINE_set_id                                                  2791
  EVP_blake2b512                                                 2791
  EVP_aes_128_cfb1                                               2792
  EVP_aes_192_cbc                                                2792
  EVP_aria_128_ecb                                               2792
  EVP_desx_cbc                                                   2792
  EVP_aes_128_cfb8                                               2833
  EVP_aes_192_ocb                                                2833
  EVP_aria_256_cfb8                                              2833
  EVP_des_ede3_cfb1                                              2833
  EVP_aria_192_ccm                                               2834
  EVP_aria_256_cbc                                               2834
  EVP_des_ede3_ofb                                               2834
  EVP_seed_cfb128                                                2834
  EVP_aria_256_cfb1                                              2875
  EVP_cast5_cbc                                                  2875
  EVP_aes_256_cfb128                                             2916
  vm_deallocate                                                  2916
  EVP_aria_128_ctr                                               2917
  EVP_aria_128_gcm                                               2917
  query_hash                                                     2917
  EVP_aes_128_xts                                                2958
  EVP_aria_128_ccm                                               2958
  EVP_aes_128_gcm                                                2959
  EVP_sm4_cfb128                                                 2959
  EVP_aria_128_cfb1                                              3000
  EVP_aria_128_cfb8                                              3000
  EVP_aria_192_cfb128                                            3000
  EVP_aria_256_cfb128                                            3000
  EVP_des_ede3_wrap                                              3000
  OBJ_obj2txt                                                    3000
  signal                                                         3000
  BIO_f_cipher                                                   3042
  EVP_camellia_192_ctr                                           3042
  EVP_camellia_192_ofb                                           3042
  EVP_aes_128_ecb                                                3083
  property_cmp                                                   3084
  EVP_aes_192_wrap_pad                                           3125
  EVP_des_cfb64                                                  3125
  EVP_des_ede3_cfb8                                              3125
  __cxa_finalize                                                 3125
  EVP_aes_128_wrap_pad                                           3166
  EVP_aria_128_cfb128                                            3166
  EVP_des_ede_cfb64                                              3167
  OSSL_LIB_CTX_get_data                                          3167
  EVP_aes_128_cfb128                                             3208
  EVP_camellia_192_cfb1                                          3208
  EVP_camellia_192_cfb8                                          3208
  function_cmp                                                   3209
  ossl_comp_zstd_cleanup                                         3209
  EVP_camellia_128_cbc                                           3250
  EVP_camellia_128_ctr                                           3250
  EVP_camellia_192_cbc                                           3250
  def_init_default                                               3291
  EVP_aes_192_cfb128                                             3292
  EVP_camellia_128_cfb1                                          3292
  EVP_camellia_256_cbc                                           3292
  EVP_des_ede3_cfb64                                             3292
  EVP_camellia_256_ctr                                           3333
  EVP_camellia_256_ofb                                           3334
  UI_method_set_writer                                           3334
  EVP_camellia_128_ofb                                           3375
  EVP_CIPHER_get_flags                                           3416
  EVP_add_alg_module                                             3417
  EVP_aes_256_wrap_pad                                           3417
  EVP_camellia_192_ecb                                           3417
  ossl_store_cleanup_int                                         3417
  EVP_camellia_128_cfb8                                          3458
  EVP_camellia_256_ecb                                           3458
  NCONF_default                                                  3458
  bio_sock_cleanup_int                                           3458
  getrlimit                                                      3458
  pthread_self                                                   3458
  EVP_camellia_256_cfb1                                          3459
  opt_set_unknown_name                                           3459
  EVP_camellia_192_cfb128                                        3500
  EVP_camellia_256_cfb8                                          3500
  OSSL_PARAM_modified                                            3500
  UI_method_set_closer                                           3500
  UI_method_set_reader                                           3500
  ENGINE_set_flags                                               3541
  COMP_zlib                                                      3542
  EVP_chacha20_poly1305                                          3583
  ossl_prov_ctx_free                                             3583
  BIO_meth_set_puts                                              3584
  EVP_camellia_128_ecb                                           3584
  BIO_meth_set_ctrl                                              3625
  app_RAND_write                                                 3625
  ossl_comp_brotli_cleanup                                       3625
  ossl_lib_ctx_write_lock                                        3666
  EVP_camellia_128_cfb128                                        3667
  OSSL_STORE_register_loader                                     3667
  free_medium                                                    3667
  init_thread_stop                                               3708
  ossl_comp_zlib_cleanup                                         3708
  UI_method_set_opener                                           3750
  evp_app_cleanup_int                                            3750
  ASN1_add_oid_module                                            3792
  engine_load_rdrand_int                                         3792
  ossl_prov_ctx_set0_handle                                      3792
  store_loader_cmp                                               3792
  BIO_meth_set_destroy                                           3833
  EVP_camellia_256_cfb128                                        3833
  BIO_meth_set_gets                                              3834
  EVP_CIPHER_fetch                                               3834
  EVP_CipherUpdate                                               3834
  ENGINE_set_cmd_defns                                           3916
  ASN1_add_stable_module                                         3917
  ossl_prov_ctx_new                                              3917
  dyld4::APIs::_tlv_exit()                                       3958
  ossl_child_prov_ctx_new                                        3958
  ossl_prov_ctx_set0_libctx                                      3958
  EVP_CipherFinal_ex                                             3959
  tiny_free_no_lock                                              4000
  EVP_CIPHER_get_iv_length                                       4041
  NCONF_get0_libctx                                              4041
  ERR_get_error_all                                              4042
  core_get_libctx                                                4042
  __getrlimit                                                    4083
  null_gettable_ctx_params                                       4083
  BIO_meth_set_create                                            4084
  ENGINE_add_conf_module                                         4084
  opt_check_rest_arg                                             4084
  aes_v8_set_encrypt_key                                         4125
  __smakebuf                                                     4166
  ossl_stored_namemap_free                                       4208
  OSSL_LIB_CTX_free                                              4209
  CONF_imodule_get_value                                         4250
  OSSL_ERR_STATE_new                                             4250
  aes_192_cbc_get_params                                         4250
  ossl_bio_core_globals_new                                      4250
  EVP_PKEY_asn1_get_count                                        4292
  BIO_meth_set_read_ex                                           4333
  ENGINE_set_ctrl_function                                       4333
  ossl_cipher_generic_reset_ctx                                  4333
  aes_192_ofb_get_params                                         4334
  OSSL_CMP_log_close                                             4375
  aes_128_ofb_get_params                                         4375
  chacha20_get_params                                            4375
  ossl_method_unlock_store                                       4375
  aes_128_xts_get_params                                         4416
  aes_256_cbc_get_params                                         4416
  ossl_prov_ctx_get0_libctx                                      4416
  aes_128_cbc_get_params                                         4417
  aes_192_ctr_get_params                                         4417
  aria_256_ofb_get_params                                        4417
  ossl_config_add_ssl_module                                     4417
  ossl_method_lock_store                                         4417
  aes_128_ocb_get_params                                         4458
  aes_256_ctr_get_params                                         4458
  aria_192_ctr_get_params                                        4458
  aria_256_ctr_get_params                                        4458
  sm4_128_cbc_get_params                                         4458
  OPENSSL_cpuid_setup                                            4459
  OSSL_STORE_LOADER_set_eof                                      4459
  aes_192_siv_get_params                                         4500
  aria_256_cbc_get_params                                        4500
  chacha20_gettable_ctx_params                                   4500
  def_is_number                                                  4500
  ossl_bio_core_globals_free                                     4500
  ossl_lib_ctx_is_default                                        4500
  OSSL_trace_set_channel                                         4541
  BIO_meth_set_write_ex                                          4542
  ENGINE_set_init_function                                       4542
  EVP_aes_256_cbc_hmac_sha1                                      4542
  OSSL_STORE_unregister_loader                                   4542
  __sigaction                                                    4542
  aes_128_ecb_get_params                                         4542
  aes_192_cfb_get_params                                         4542
  aria_128_cfb1_get_params                                       4542
  aria_128_ecb_get_params                                        4542
  tdes_ede3_cbc_get_params                                       4542
  EVP_sha256                                                     4583
  aes_128_cfb_get_params                                         4583
  aes_192_cfb8_get_params                                        4583
  aes_256_cfb_get_params                                         4583
  aria_256_cfb1_get_params                                       4583
  close                                                          4583
  aes_192_ocb_get_params                                         4584
  aes_256_ccm_get_params                                         4584
  ENGINE_set_finish_function                                     4625
  aes_128_ccm_get_params                                         4625
  aes_128_ctr_get_params                                         4625
  aes_192_cfb1_get_params                                        4625
  aes_256_gcm_get_params                                         4625
  aria_128_cfb_get_params                                        4625
  aria_128_ofb_get_params                                        4625
  UI_method_set_prompt_constructor                               4666
  aes_256_cfb1_get_params                                        4666
  aes_256_ofb_get_params                                         4667
  aes_v8_ctr32_encrypt_blocks                                    4667
  aria_192_cfb1_get_params                                       4667
  ossl_ctx_global_properties_new                                 4667
  ossl_random_add_conf_module                                    4667
  pthread_cond_destroy                                           4667
  sm4_128_cfb128_get_params                                      4667
  tdes_wrap_get_params                                           4667
  OSSL_STORE_LOADER_set_close                                    4708
  OSSL_STORE_LOADER_set_error                                    4708
  aes_128_cfb1_get_params                                        4708
  aes_128_siv_get_params                                         4708
  aes_256_xts_get_params                                         4708
  aria_128_ctr_get_params                                        4708
  aria_192_cfb8_get_params                                       4708
  ossl_rand_cleanup_int                                          4708
  BIO_free                                                       4709
  aes_192_ecb_get_params                                         4709
  aria_192_cbc_get_params                                        4709
  aria_192_ecb_get_params                                        4709
  engine_pkey_meths_free                                         4709
  OSSL_STORE_LOADER_set_load                                     4750
  aes_192_wrappad_get_params                                     4750
  aria_128_cbc_get_params                                        4750
  aria_192_cfb_get_params                                        4750
  ossl_prov_ctx_set0_core_bio_method                             4750
  tdes_ede3_cfb1_get_params                                      4750
  EVP_aes_256_cbc_hmac_sha256                                    4791
  aes_cts_128_cbc_get_params                                     4791
  aria_128_gcm_get_params                                        4791
  sm4_128_ccm_get_params                                         4791
  tdes_ede2_ofb_get_params                                       4791
  tdes_ede3_cfb_get_params                                       4791
  aes_128_wrappad_get_params                                     4792
  aes_192_ccm_get_params                                         4792
  aes_cts_192_cbc_get_params                                     4792
  tdes_ede3_cfb8_get_params                                      4792
  aes_256_cfb8_get_params                                        4833
  aria_192_ccm_get_params                                        4833
  ossl_provider_add_conf_module                                  4833
  sm4_128_ctr_get_params                                         4833
  tdes_ede3_ofb_get_params                                       4833
  aes_128_wrap_get_params                                        4834
  tdes_ede2_cbc_get_params                                       4834
  ENGINE_load_builtin_engines                                    4875
  ERR_print_errors                                               4875
  aes_192_gcm_get_params                                         4875
  aes_192_wrap_get_params                                        4875
  aes_256_ecb_get_params                                         4875
  aes_256_ocb_get_params                                         4875
  aes_256_siv_get_params                                         4875
  aes_256_wrap_get_params                                        4875
  aes_256_wrappad_get_params                                     4875
  sm4_128_ofb128_get_params                                      4875
  tiny_try_realloc_in_place                                      4875
  EVP_aes_128_cbc_hmac_sha1                                      4916
  sm4_128_ecb_get_params                                         4916
  aes_128_cfb8_get_params                                        4917
  aes_256_wrapinv_get_params                                     4917
  aes_cts_256_cbc_get_params                                     4917
  aria_256_cfb8_get_params                                       4917
  camellia_128_cfb_get_params                                    4917
  ossl_prov_cipher_hw_aes_ctr                                    4917
  ossl_self_test_set_callback_free                               4917
  CRYPTO_THREAD_get_current_id                                   4958
  Diagnostics::clearError()                                      4958
  aria_128_ccm_get_params                                        4958
  aria_256_cfb_get_params                                        4958
  memset                                                         4958
  sm4_128_xts_get_params                                         4958
  tdes_ede2_cfb_get_params                                       4958
  OSSL_STORE_LOADER_set_expect                                   5000
  OSSL_STORE_LOADER_set_open                                     5000
  aria_128_cfb8_get_params                                       5000
  aria_256_gcm_get_params                                        5000
  camellia_256_ctr_get_params                                    5000
  camellia_256_cbc_get_params                                    5041
  ossl_property_has_optional                                     5041
  camellia_256_cfb_get_params                                    5042
  ossl_store_register_init                                       5042
  EVP_CIPHER_get_key_length                                      5083
  aria_192_gcm_get_params                                        5083
  aria_256_ecb_get_params                                        5083
  camellia_192_ofb_get_params                                    5083
  engine_remove_dynamic_id                                       5083
  aes_128_gcm_get_params                                         5084
  camellia_128_ctr_get_params                                    5084
  aria_256_ccm_get_params                                        5125
  camellia_128_cfb1_get_params                                   5125
  camellia_192_ecb_get_params                                    5125
  camellia_256_ofb_get_params                                    5125
  lsl::Lock::unlock()                                            5125
  camellia_128_ofb_get_params                                    5166
  camellia_192_cfb8_get_params                                   5166
  ossl_indicator_set_callback_free                               5166
  EVP_aes_128_cbc_hmac_sha256                                    5167
  camellia_192_cbc_get_params                                    5167
  ossl_indicator_set_callback_new                                5167
  ossl_init_thread_deregister                                    5167
  camellia_192_ctr_get_params                                    5208
  ossl_self_test_set_callback_new                                5208
  aes_128_wrapinv_get_params                                     5209
  aes_192_wrapinv_get_params                                     5209
  camellia_128_ecb_get_params                                    5209
  camellia_192_cfb_get_params                                    5209
  camellia_256_cfb1_get_params                                   5209
  aes_192_wrappadinv_get_params                                  5250
  camellia_192_cfb1_get_params                                   5250
  camellia_256_ecb_get_params                                    5250
  tdes_ede2_ecb_get_params                                       5250
  ossl_free_compression_methods_int                              5292
  ENGINE_get_cipher_engine                                       5333
  aes_256_wrappadinv_get_params                                  5333
  camellia_128_cfb8_get_params                                   5375
  camellia_cts_192_cbc_get_params                                5375
  ossl_property_match_count                                      5375
  sm4_128_gcm_get_params                                         5416
  OSSL_PARAM_get_int                                             5458
  OSSL_STORE_LOADER_free                                         5458
  aes_128_wrappadinv_get_params                                  5458
  camellia_128_cbc_get_params                                    5458
  camellia_256_cfb8_get_params                                   5458
  chacha20_poly1305_get_params                                   5458
  chacha20_poly1305_gettable_ctx_params                          5458
  engine_pkey_asn1_meths_free                                    5458
  tdes_ede3_ecb_get_params                                       5458
  medium_region_for_ptr_no_lock                                  5500
  ossl_prov_ctx_get0_core_bio_method                             5500
  ossl_provider_unquery_operation                                5500
  getegid                                                        5541
  __fcntl                                                        5583
  EVP_CIPHER_CTX_get_block_size                                  5625
  camellia_cts_256_cbc_get_params                                5625
  ossl_aes_192_gcm_siv_get_params                                5625
  ossl_aes_256_gcm_siv_get_params                                5625
  medium_malloc_from_free_list                                   5708
  aria_192_ofb_get_params                                        5750
  camellia_cts_128_cbc_get_params                                5750
  opt_arg                                                        5874
  OSSL_LIB_CTX_set_conf_diagnostics                              5875
  ossl_aes_128_gcm_siv_get_params                                5958
  app_get0_libctx                                                6084
  BIO_set_data                                                   6125
  ossl_prov_bio_from_dispatch                                    6125
  getgid                                                         6167
  OPENSSL_sk_sort                                                6208
  getuid                                                         6292
  ossl_prov_seeding_from_dispatch                                6292
  geteuid                                                        6334
  EVP_CIPHER_get_mode                                            6375
  EVP_RAND_CTX_free                                              6625
  dyld3::kdebug_trace_dyld_enabled(unsigned int)                 6625
  dyld4::RuntimeState::notifyObjCPatching()                      6625
  dyld4::Loader::hiddenFromFlat(bool) const                      6666
  OSSL_PARAM_get_int32                                           6709
  BIO_next                                                       6874
  dyld4::BumpAllocator::~BumpAllocator()                         7167
  bio_open_default                                               7209
  EVP_CipherInit_ex                                              7292
  dyld4::handleFromLoader(dyld4::Loader const*, bool)             7334
  store_loader_hash                                              7417
  _platform_strnlen                                              7500
  ENGINE_register_EC                                             7542
  ENGINE_register_DH                                             7583
  _kernelrpc_mach_port_deallocate_trap                           7750
  OPENSSL_sk_pop                                                 7791
  dyld4::JustInTimeLoader::hiddenFromFlat(bool) const             7917
  file_ctrl                                                      8082
  err_unshelve_state                                             8125
  ENGINE_register_RAND                                           8291
  _kernelrpc_mach_port_construct_trap                            8291
  flsl                                                           8291
  lsl::Lock::lock()                                              8291
  ENGINE_register_RSA                                            8292
  ENGINE_register_DSA                                            8333
  __sclose                                                       8374
  BIO_copy_next_retry                                            8375
  openssl_fopen                                                  8457
  dyld4::Loader::beginInitializers(dyld4::RuntimeState&)             8500
  ossl_lib_ctx_get_concrete                                      8541
  lsl::EphemeralAllocator::reset()                               8833
  dyld4::RuntimeState::incDlRefCount(dyld4::Loader const*)             8875
  X509_get_default_cert_area                                     8917
  BIO_set_init                                                   9000
  free_small                                                     9000
  ossl_sa_new                                                    9083
  strlen                                                         9084
  lsl::Vector<dyld4::Loader const*>::reserveExact(unsigned long)             9209
  ENGINE_register_ciphers                                        9291
  ENGINE_register_digests                                        9374
  ossl_cipher_generic_einit                                      9501
  BIO_set_flags                                                  9541
  __sflags                                                       9584
  DSO_METHOD_openssl                                             9666
  dyld4::JustInTimeLoader::beginInitializers(dyld4::RuntimeState&)             9667
  ENGINE_register_pkey_meths                                     9749
  ossl_property_free                                             9792
  ossl_cipher_generic_set_ctx_params                             9958
  tiny_malloc_from_free_list                                    10250
  OSSL_LIB_CTX_get_conf_diagnostics                             10291
  lsl::Vector<lsl::MemoryManager::Buffer>::reserve(unsigned long)            10417
  CRYPTO_atomic_or                                              10500
  ossl_lib_ctx_get_ex_data_global                               10709
  ENGINE_register_pkey_asn1_meths                               11167
  NCONF_get_section                                             11292
  engine_free_util                                              11334
  ossl_lib_ctx_get_rcukey                                       11375
  ossl_sa_doall_arg                                             11375
  __bzero                                                       11750
  deflt_query                                                   11750
  OPENSSL_cleanse                                               11875
  aes_siv_gettable_ctx_params                                   12125
  dyld4::RuntimeState::doSingletonPatching(dyld4::DyldCacheDataConstLazyScopedWriter&)            12375
  ossl_property_value                                           12500
  EVP_add_cipher                                                12541
  ossl_cipher_capable_aes_cbc_hmac_sha256                       12791
  ossl_cipher_capable_aes_cbc_hmac_sha1                         12959
  cipher_ocb_gettable_ctx_params                                13375
  aes_cbc_cts_gettable_ctx_params                               13916
  dyld4::Loader::loadDependents(Diagnostics&, dyld4::RuntimeState&, dyld4::Loader::LoadOptions const&)            13917
  dyld4::DyldCacheDataConstLazyScopedWriter::DyldCacheDataConstLazyScopedWriter(dyld4::RuntimeState&)            13959
  lsl::EphemeralAllocator::~EphemeralAllocator()                14333
  fstat                                                         14375
  BIO_clear_flags                                               14500
  _kernelrpc_mach_vm_deallocate_trap                            14583
  sa_doall                                                      14792
  DSO_free                                                      14834
  _NSGetEnviron                                                 14917
  small_free_list_find_by_ptr                                   14959
  BIO_get_data                                                  14999
  CRYPTO_atomic_add                                             15292
  dyld4::JustInTimeLoader::loadDependents(Diagnostics&, dyld4::RuntimeState&, dyld4::Loader::LoadOptions const&)            15417
  ossl_aes_gcm_siv_gettable_ctx_params                          15541
  camellia_cbc_cts_gettable_ctx_params                          15542
  dyld3::MachOFile::is64() const                                15750
  os_unfair_recursive_lock_unlock                               16042
  dyld4::Loader::path() const                                   16083
  __sflush                                                      16376
  file_new                                                      16708
  ossl_prov_is_running                                          16834
  file_free                                                     16917
  _kernelrpc_mach_port_destruct_trap                            17126
  CRYPTO_THREAD_lock_free                                       17499
  pthread_mutex_destroy                                         17625
  OPENSSL_LH_get_down_load                                      17707
  invocation function for block in dyld4::Loader::forEachPath(Diagnostics&, dyld4::RuntimeState&, char const*, dyld4::Loader::Loa            17709
  dyld4::JustInTimeLoader::path() const                         18168
  FMT_istext                                                    18207
  BIO_new                                                       18875
  kdebug_is_enabled                                             18875
  small_free_list_remove_ptr                                    18876
  pthread_cond_init                                             19082
  rack_region_insert                                            19833
  small_try_realloc_in_place                                    19875
  __chkstk_darwin_probe                                         20541
  os_unfair_recursive_lock_lock_with_options                    20625
  property_free                                                 20625
  dyld4::LibSystemHelpers::pthread_getspecific(unsigned long) const            20875
  lsl::EphemeralAllocator::deallocate_buffer(lsl::MemoryManager::Buffer)            20958
  dyld4::Loader::matchesPath(char const*) const                 21457
  os_unfair_lock_assert_not_owner                               21500
  ___chkstk_darwin                                              22042
  small_size                                                    22335
  dyld4::ProcessConfig::DyldCache::indexOfPath(char const*, unsigned int&) const            23500
  small_free_list_remove_ptr_no_clear                           23625
  dyld4::Loader::loadAddress(dyld4::RuntimeState&) const            24958
  pthread_mutex_init                                            25293
  dyld3::ScopedTimer::endTimer()                                26166
  mach_msg2_trap                                                26416
  ossl_property_name                                            26459
  __findenv_locked                                              26915
  lsl::MemoryManager::lockGuard()                               27000
  __open                                                        27625
  OPENSSL_strnlen                                               27708
  OPENSSL_sk_delete                                             27918
  dyld4::JustInTimeLoader::loadAddress(dyld4::RuntimeState&) const            28333
  tiny_free_list_remove_ptr                                     33126
  lsl::AllocationMetadata::AllocationMetadata(lsl::Allocator*, unsigned long)            33292
  _pthread_mutex_check_init_slow                                34542
  OPENSSL_LH_set_down_load                                      34832
  CRYPTO_new_ex_data                                            35751
  _kernelrpc_mach_vm_map_trap                                   37041
  _tiny_check_and_zero_inline_meta_from_freelist                37376
  dyld4::LibSystemHelpers::os_unfair_recursive_lock_unlock(os_unfair_recursive_lock_s*) const            38083
  __read_nocancel                                               38623
  small_free_list_add_ptr                                       39793
  OPENSSL_sk_free                                               40291
  dyld4::LibSystemHelpers::os_unfair_lock_unlock(os_unfair_lock_s*) const            40667
  szone_good_size                                               41499
  ossl_rcu_write_lock                                           41793
  Diagnostics::hasError() const                                 41917
  EVP_PKEY_asn1_get0                                            42915
  madvise                                                       43167
  Diagnostics::noError() const                                  44665
  ossl_rcu_write_unlock                                         45334
  get_tiny_previous_free_msize                                  46040
  ossl_tdes_gettable_ctx_params                                 46126
  pthread_setspecific                                           46664
  dyld4::RuntimeState::PermanentRanges::contains(unsigned long, unsigned long, unsigned char*, dyld4::Loader const**) const            49791
  dyld3::MachOFile::read_uleb128(Diagnostics&, unsigned char const*&, unsigned char const*)            50959
  dyld4::LibSystemHelpers::os_unfair_recursive_lock_lock_with_options(os_unfair_recursive_lock_s*, os_unfair_lock_options_t) cons            52917
  small_malloc_from_free_list                                   54001
  szone_malloc                                                  54456
  pthread_cond_broadcast                                        55208
  EVP_PKEY_asn1_get0_info                                       55582
  tiny_free_list_add_ptr                                        56000
  dyld4::LibSystemHelpers::os_unfair_lock_lock_with_options(os_unfair_lock_s*, os_unfair_lock_options_t) const            59209
  tiny_size                                                     59709
  realloc                                                       61834
  lsl::EphemeralAllocator::allocate_buffer(unsigned long, unsigned long, unsigned long)            62374
  set_tiny_meta_header_in_use                                   63876
  _qsort                                                        65124
  os_unfair_lock_assert_owner                                   67874
  _szone_free                                                   69001
  __write_nocancel                                              69208
  OPENSSL_sk_pop_free                                           70374
  ossl_cipher_aead_gettable_ctx_params                          71000
  strcmp                                                        71374
  __close_nocancel                                              75541
  szone_try_free_default                                        77044
  dyld3::kdebug_trace_dyld_duration_end(unsigned long long, unsigned int, dyld3::kt_arg, dyld3::kt_arg, dyld3::kt_arg)            80541
  rack_get_thread_index                                         82667
  invocation function for block in dyld3::MachOFile::getDylibInstallName(char const**, unsigned int*, unsigned int*) const            84250
  property_hash                                                 85206
  EVP_CIPHER_get_type                                           92165
  dyld3::OverflowSafeArray<unsigned int, 4294967295ul>::verifySpace(unsigned long)            92459
  dyld4::Loader::contains(dyld4::RuntimeState&, void const*, void const**, unsigned long long*, unsigned char*) const            94791
  pthread_cond_signal                                          102626
  Diagnostics::assertNoError() const                           108500
  nanov2_size                                                  111707
  pthread_rwlock_init                                          113416
  pthread_rwlock_destroy                                       119666
  os_unfair_lock_unlock                                        127373
  __open_nocancel                                              133959
  Diagnostics::~Diagnostics()                                  143417
  Diagnostics::Diagnostics(bool)                               149414
  get_legacy_evp_names                                         167581
  ossl_ctype_check                                             168836
  os_unfair_lock_lock_with_options                             170294
  invocation function for block in dyld3::MachOFile::getEntry(unsigned long long&, bool&) const           187418
  nanov2_pointer_size                                          193921
  EVP_MD_get_type                                              198496
  free                                                         203000
  _Block_object_dispose                                        210043
  OPENSSL_hexchar2int                                          245288
  ossl_sa_set                                                  246866
  nanov2_allocate_from_block                                   246957
  strncmp                                                      268330
  trim_ws                                                      273382
  invocation function for block in dyld4::JustInTimeLoader::contains(dyld4::RuntimeState&, void const*, void const**, unsigned lo           294420
  BUF_MEM_new                                                  301293
  names_free                                                   314961
  OPENSSL_LH_doall                                             328953
  OPENSSL_LH_flush                                             330799
  OBJ_get0_data                                                332671
  OSSL_PARAM_set_uint                                          341586
  ossl_provider_ctx                                            343330
  EVP_CIPHER_get_nid                                           367708
  conf_value_cmp                                               375664
  ossl_lib_ctx_unlock                                          381457
  OSSL_PARAM_locate_const                                      399288
  invocation function for block in dyld3::MachOLoaded::findClosestSymbol(unsigned long long, char const**, unsigned long long*) c           412832
  ossl_lib_ctx_read_lock                                       426001
  OPENSSL_LH_set_thunks                                        429848
  property_defn_cmp                                            445416
  ossl_cipher_generic_gettable_ctx_params                      448917
  evp_cipher_up_ref                                            458589
  ossl_provider_free                                           465007
  property_defn_hash                                           468121
  value_free_hash                                              468163
  function_hash                                                479989
  CRYPTO_realloc                                               488297
  ossl_provider_up_ref                                         495923
  BN_free                                                      500412
  OSSL_PARAM_set_uint32                                        505282
  eat_alpha_numeric                                            507621
  ossl_sa_get                                                  518495
  ASN1_OBJECT_free                                             522081
  sa_free_node                                                 543548
  OSSL_PARAM_construct_end                                     550794
  EVP_CIPHER_get0_provider                                     563335
  OSSL_PARAM_construct_uint                                    570504
  evp_cipher_free                                              576298
  do_all_fn                                                    606166
  EVP_CIPHER_free                                              626539
  ossl_provider_libctx                                         806410
  invocation function for block in dyld3::MachOLoaded::getLinkEditLoadCommands(Diagnostics&, dyld3::MachOLoaded::LinkEditInfo&) c           821083
  internal_free_nop                                            843739
  _platform_strncmp                                            860114
  name_string_free                                             889502
  OPENSSL_LH_error                                             918220
  invocation function for block in dyld3::MachOFile::forEachSegment(void (dyld3::MachOFile::SegmentInfo const&, bool&) block_poin          1109083
  BUF_MEM_grow                                                1119916
  OSSL_PARAM_set_size_t                                       1125255
  pthread_getspecific                                         1158706
  sk_reserve                                                  1171297
  _os_once                                                    1203544
  CRYPTO_THREAD_get_local                                     1282243
  _platform_memchr                                            1336958
  ossl_rcu_assign_uptr                                        1438252
  names_lh_free_doall                                         1512584
  OSSL_PARAM_set_uint64                                       1520660
  ossl_lib_ctx_get_data                                       1611723
  OSSL_PARAM_set_int                                          1625881
  pthread_mutex_lock                                          1733279
  _platform_strchr                                            1736001
  OSSL_PARAM_construct_size_t                                 1824503
  pthread_mutex_unlock                                        1825234
  _nanov2_free                                                1868748
  _pthread_mutex_lock_init_slow                               1976962
  OPENSSL_sk_push                                             1982323
  OPENSSL_sk_num                                              2014593
  _pthread_mutex_unlock_init_slow                             2077278
  _pthread_mutex_firstfit_lock_slow                           2193808
  _pthread_mutex_firstfit_unlock_slow                         2284333
  OPENSSL_sk_value                                            2333020
  OSSL_PARAM_set_int32                                        2440008
  obj_name_cmp                                                2518028
  OPENSSL_LH_strhash                                          2699831
  OSSL_PARAM_construct_int                                    2767047
  _platform_memcmp                                            2784496
  pthread_once                                                3049842
  OBJ_nid2obj                                                 3207338
  CRYPTO_atomic_load                                          3330883
  pthread_rwlock_rdlock                                       3339086
  SortFnByName                                                3364972
  ossl_lh_strcasehash                                         3672330
  __error                                                     3738603
  cipher_compare                                              3974383
  ossl_isdigit                                                4095360
  fnv1a_hash                                                  4494483
  _platform_memmove                                           6528349
  pthread_rwlock_wrlock                                       6683283
  pthread_rwlock_unlock                                      10012629
  err_string_data_cmp                                        10863265
  CRYPTO_free                                                12229702
  malloc                                                     13497095
  doapr_outch                                                15515062
  err_string_data_hash                                       16606254
  nanov2_malloc                                              18505906
  _platform_strlen                                           23512129
  _platform_memset                                           25344558
  nanov2_try_free_default                                    25793703
  _platform_strcmp                                           28040328
  ossl_tolower                                               60081426
