
  pd_free                                                        1625
  sigaction                                                      1708
  EVP_md5                                                        1875
  UI_OpenSSL                                                     1875
  EVP_sha1                                                       1958
  EVP_mdc2                                                       2000
  EVP_des_ecb                                                    2042
  EVP_rc4_40                                                     2042
  EVP_sha224                                                     2042
  EVP_sha384                                                     2042
  EVP_sha512                                                     2042
  EVP_bf_ofb                                                     2083
  EVP_rc4                                                        2083
  EVP_des_cbc                                                    2125
  EVP_sm4_cbc                                                    2125
  EVP_bf_cbc                                                     2166
  EVP_des_ofb                                                    2166
  EVP_idea_cbc                                                   2167
  EVP_seed_cbc                                                   2167
  opt_unknown                                                    2167
  EVP_des_cfb8                                                   2208
  EVP_idea_ofb                                                   2250
  EVP_md4                                                        2250
  EVP_sm4_ctr                                                    2250
  EVP_rc2_ofb                                                    2292
  _cleanup                                                       2292
  EVP_seed_ecb                                                   2333
  EVP_sm4_ofb                                                    2333
  strchr                                                         2333
  EVP_cast5_ofb                                                  2375
  EVP_des_ede                                                    2375
  EVP_des_ede3                                                   2375
  EVP_sha3_384                                                   2375
  EVP_sha3_512                                                   2375
  EVP_shake256                                                   2375
  EVP_sm3                                                        2375
  UI_null                                                        2416
  EVP_ripemd160                                                  2417
  app_get0_propq                                                 2417
  EVP_bf_cfb64                                                   2458
  EVP_desx_cbc                                                   2458
  EVP_md5_sha1                                                   2458
  EVP_seed_ofb                                                   2458
  EVP_bf_ecb                                                     2459
  EVP_des_cfb1                                                   2459
  EVP_rc2_cfb64                                                  2459
  EVP_sm4_ecb                                                    2459
  COMP_get_type                                                  2500
  EVP_sha512_256                                                 2500
  opt_next                                                       2500
  EVP_des_ede_cbc                                                2541
  EVP_des_ede_ofb                                                2541
  EVP_aes_192_ccm                                                2542
  EVP_aes_256_ccm                                                2542
  EVP_aes_128_cbc                                                2583
  EVP_aes_192_cbc                                                2583
  EVP_rc2_cbc                                                    2583
  release_engine                                                 2583
  EVP_rc2_64_cbc                                                 2584
  EVP_shake128                                                   2584
  EVP_aes_128_ctr                                                2625
  EVP_aes_192_ofb                                                2625
  EVP_aes_256_ofb                                                2625
  EVP_aria_256_gcm                                               2625
  EVP_chacha20                                                   2625
  EVP_sha512_224                                                 2625
  EVP_aes_256_ocb                                                2666
  EVP_aria_256_ecb                                               2666
  EVP_aes_192_ecb                                                2667
  EVP_aes_256_ctr                                                2667
  EVP_aria_192_ctr                                               2667
  EVP_des_ede3_ofb                                               2667
  BIO_f_cipher                                                   2708
  ENGINE_set_name                                                2708
  EVP_aes_192_gcm                                                2708
  EVP_aes_192_ocb                                                2708
  EVP_aes_256_xts                                                2708
  EVP_aria_192_gcm                                               2708
  EVP_aria_256_ctr                                               2708
  EVP_blake2s256                                                 2708
  EVP_cast5_cfb64                                                2708
  EVP_rc4_hmac_md5                                               2708
  def_to_int                                                     2708
  ossl_trace_cleanup                                             2708
  EVP_aes_128_xts                                                2709
  EVP_aes_192_cfb8                                               2750
  EVP_aes_256_cfb8                                               2750
  EVP_aes_256_gcm                                                2750
  EVP_aes_256_wrap                                               2750
  EVP_aria_128_ctr                                               2750
  EVP_aria_128_ecb                                               2750
  EVP_cast5_cbc                                                  2750
  EVP_idea_cfb64                                                 2750
  EVP_rc2_ecb                                                    2750
  EVP_sha3_224                                                   2750
  EVP_sha3_256                                                   2750
  EVP_whirlpool                                                  2750
  EVP_aes_128_cfb1                                               2791
  EVP_aes_128_ccm                                                2792
  EVP_aes_192_ctr                                                2792
  EVP_aria_256_cbc                                               2792
  lh_FUNCTION_free                                               2792
  strrchr                                                        2792
  ENGINE_set_id                                                  2833
  EVP_aes_128_ocb                                                2833
  EVP_aes_128_ofb                                                2833
  EVP_aria_192_ofb                                               2833
  EVP_des_ede3_cfb8                                              2833
  EVP_sm4_cfb128                                                 2833
  EVP_aes_128_wrap                                               2834
  EVP_aria_256_cfb1                                              2834
  EVP_cast5_ecb                                                  2834
  EVP_seed_cfb128                                                2834
  EVP_aes_192_wrap                                               2875
  EVP_aes_256_cfb1                                               2875
  EVP_aes_256_cfb128                                             2875
  EVP_aria_192_ccm                                               2875
  EVP_aria_192_cfb1                                              2875
  EVP_aria_192_ecb                                               2875
  EVP_aria_256_ccm                                               2875
  EVP_des_ede3_cfb1                                              2875
  query_hash                                                     2875
  EVP_aes_192_cfb1                                               2916
  EVP_aria_128_cbc                                               2916
  EVP_aria_128_cfb8                                              2916
  EVP_aria_128_ofb                                               2917
  EVP_aria_256_cfb8                                              2917
  EVP_blake2b512                                                 2917
  EVP_idea_ecb                                                   2917
  EVP_rc2_40_cbc                                                 2917
  NCONF_default                                                  2917
  EVP_aes_128_cfb128                                             2958
  EVP_aes_192_cfb128                                             2958
  EVP_aria_128_ccm                                               2958
  EVP_aria_256_ofb                                               2958
  EVP_MD_free                                                    2959
  EVP_aria_128_cfb1                                              3000
  EVP_aria_192_cbc                                               3000
  EVP_aria_192_cfb128                                            3000
  EVP_des_ede3_cbc                                               3000
  OBJ_obj2txt                                                    3000
  EVP_aria_128_gcm                                               3041
  property_cmp                                                   3041
  EVP_aes_256_ecb                                                3042
  EVP_aria_128_cfb128                                            3042
  EVP_aria_192_cfb8                                              3042
  EVP_aes_128_cfb8                                               3083
  EVP_aes_256_cbc                                                3083
  EVP_aria_256_cfb128                                            3083
  EVP_des_ede_cfb64                                              3083
  function_cmp                                                   3083
  EVP_camellia_192_ofb                                           3125
  EVP_camellia_256_ofb                                           3125
  EVP_des_cfb64                                                  3125
  UI_method_set_writer                                           3125
  vm_deallocate                                                  3125
  OSSL_LIB_CTX_get_data                                          3166
  EVP_aes_192_wrap_pad                                           3167
  EVP_camellia_192_cbc                                           3167
  EVP_des_ede3_wrap                                              3167
  def_init_default                                               3167
  getrlimit                                                      3167
  signal                                                         3167
  EVP_aes_128_gcm                                                3208
  EVP_camellia_128_ctr                                           3208
  EVP_CIPHER_get_flags                                           3209
  EVP_des_ede3_cfb64                                             3209
  __cxa_finalize                                                 3209
  COMP_zlib                                                      3250
  EVP_aes_256_wrap_pad                                           3250
  EVP_camellia_128_cbc                                           3250
  EVP_camellia_192_cfb1                                          3250
  EVP_camellia_192_ctr                                           3250
  EVP_camellia_256_cfb8                                          3250
  ossl_comp_zstd_cleanup                                         3250
  ossl_store_cleanup_int                                         3250
  EVP_camellia_256_ecb                                           3291
  EVP_camellia_128_cfb1                                          3292
  EVP_camellia_256_cbc                                           3292
  UI_method_set_reader                                           3292
  EVP_camellia_192_cfb8                                          3333
  EVP_camellia_256_cfb1                                          3333
  OSSL_PARAM_modified                                            3333
  EVP_camellia_128_ofb                                           3334
  UI_method_set_closer                                           3334
  EVP_aes_128_ecb                                                3375
  bio_sock_cleanup_int                                           3375
  EVP_aes_128_wrap_pad                                           3417
  EVP_chacha20_poly1305                                          3458
  app_RAND_write                                                 3458
  opt_set_unknown_name                                           3459
  EVP_camellia_128_cfb8                                          3500
  __smakebuf                                                     3500
  engine_load_rdrand_int                                         3500
  init_thread_stop                                               3541
  ENGINE_set_flags                                               3542
  EVP_add_alg_module                                             3542
  OSSL_STORE_register_loader                                     3542
  UI_method_set_opener                                           3542
  EVP_camellia_192_ecb                                           3583
  ossl_prov_ctx_free                                             3584
  ossl_comp_brotli_cleanup                                       3625
  ossl_comp_zlib_cleanup                                         3625
  store_loader_cmp                                               3625
  ossl_prov_ctx_new                                              3667
  EVP_camellia_128_ecb                                           3708
  evp_app_cleanup_int                                            3708
  pthread_self                                                   3708
  __getrlimit                                                    3709
  free_medium                                                    3709
  BIO_meth_set_gets                                              3792
  ERR_get_error_all                                              3792
  EVP_CipherUpdate                                               3792
  EVP_camellia_192_cfb128                                        3792
  EVP_camellia_256_cfb128                                        3792
  ossl_lib_ctx_write_lock                                        3792
  ossl_prov_ctx_set0_handle                                      3792
  EVP_camellia_256_ctr                                           3833
  NCONF_get0_libctx                                              3833
  ossl_prov_ctx_set0_libctx                                      3833
  BIO_meth_set_ctrl                                              3834
  BIO_meth_set_puts                                              3875
  ERR_print_errors                                               3875
  EVP_camellia_128_cfb128                                        3875
  ossl_prov_ctx_get0_libctx                                      3875
  ASN1_add_stable_module                                         3917
  opt_check_rest_arg                                             3917
  ASN1_add_oid_module                                            3958
  ENGINE_set_cmd_defns                                           3959
  ossl_method_unlock_store                                       3959
  BIO_meth_set_create                                            4000
  BIO_meth_set_destroy                                           4000
  dyld4::APIs::_tlv_exit()                                       4000
  EVP_CIPHER_get_iv_length                                       4042
  ENGINE_add_conf_module                                         4083
  EVP_CipherFinal_ex                                             4125
  aes_v8_set_encrypt_key                                         4125
  core_get_libctx                                                4166
  CRYPTO_THREAD_get_current_id                                   4167
  ossl_config_add_ssl_module                                     4167
  ossl_method_lock_store                                         4208
  OSSL_LIB_CTX_free                                              4209
  EVP_CIPHER_fetch                                               4250
  EVP_PKEY_asn1_get_count                                        4250
  aes_192_cbc_get_params                                         4291
  OSSL_STORE_unregister_loader                                   4292
  chacha20_get_params                                            4292
  ossl_lib_ctx_is_default                                        4292
  null_gettable_ctx_params                                       4333
  ossl_stored_namemap_free                                       4333
  tiny_free_no_lock                                              4334
  BIO_meth_set_read_ex                                           4375
  aes_128_ofb_get_params                                         4375
  BIO_meth_set_write_ex                                          4417
  aes_128_xts_get_params                                         4417
  aes_192_ctr_get_params                                         4417
  aes_256_ofb_get_params                                         4417
  aria_192_ecb_get_params                                        4417
  ENGINE_set_ctrl_function                                       4458
  OSSL_STORE_LOADER_set_eof                                      4458
  aria_128_ctr_get_params                                        4458
  ossl_bio_core_globals_free                                     4458
  ossl_cipher_generic_reset_ctx                                  4458
  aes_192_ecb_get_params                                         4459
  aes_128_cbc_get_params                                         4500
  aes_256_cfb_get_params                                         4500
  aes_256_ctr_get_params                                         4500
  aes_v8_ctr32_encrypt_blocks                                    4500
  tdes_ede3_cbc_get_params                                       4500
  CONF_imodule_get_value                                         4541
  aes_128_cfb_get_params                                         4541
  aes_192_cfb8_get_params                                        4541
  aes_128_ocb_get_params                                         4542
  aes_192_ofb_get_params                                         4542
  tdes_ede3_cfb_get_params                                       4542
  OSSL_trace_set_channel                                         4583
  aes_192_cfb1_get_params                                        4583
  aes_192_cfb_get_params                                         4583
  aes_192_gcm_get_params                                         4583
  chacha20_gettable_ctx_params                                   4583
  tiny_try_realloc_in_place                                      4583
  EVP_aes_256_cbc_hmac_sha1                                      4584
  OSSL_ERR_STATE_new                                             4584
  UI_method_set_prompt_constructor                               4584
  aes_128_ctr_get_params                                         4584
  aes_192_siv_get_params                                         4584
  aria_192_cfb8_get_params                                       4584
  aria_256_cfb_get_params                                        4584
  ENGINE_set_finish_function                                     4625
  EVP_aes_256_cbc_hmac_sha256                                    4625
  OSSL_CMP_log_close                                             4625
  aes_256_cfb1_get_params                                        4625
  aria_128_cbc_get_params                                        4625
  aria_128_ofb_get_params                                        4625
  aria_192_ctr_get_params                                        4625
  sm4_128_cbc_get_params                                         4625
  sm4_128_ecb_get_params                                         4625
  sm4_128_xts_get_params                                         4625
  tdes_ede2_cbc_get_params                                       4625
  tdes_ede2_ecb_get_params                                       4625
  tdes_ede2_ofb_get_params                                       4625
  BIO_free                                                       4666
  aria_128_cfb8_get_params                                       4666
  ENGINE_set_init_function                                       4667
  EVP_sha256                                                     4667
  aria_256_ccm_get_params                                        4667
  aria_256_ofb_get_params                                        4667
  ossl_random_add_conf_module                                    4667
  sm4_128_ccm_get_params                                         4667
  sm4_128_cfb128_get_params                                      4667
  OSSL_STORE_LOADER_free                                         4708
  aes_128_ccm_get_params                                         4708
  aes_256_siv_get_params                                         4708
  aria_128_cfb1_get_params                                       4708
  aria_128_ecb_get_params                                        4708
  aria_128_gcm_get_params                                        4708
  aria_192_cbc_get_params                                        4708
  aria_256_cfb1_get_params                                       4709
  aria_256_ecb_get_params                                        4709
  def_is_number                                                  4709
  OSSL_STORE_LOADER_set_error                                    4750
  aes_128_ecb_get_params                                         4750
  aes_128_wrap_get_params                                        4750
  aes_192_wrap_get_params                                        4750
  aes_256_ccm_get_params                                         4750
  aes_256_cfb8_get_params                                        4750
  aes_256_gcm_get_params                                         4750
  aria_192_cfb1_get_params                                       4750
  aria_192_gcm_get_params                                        4750
  aria_192_ofb_get_params                                        4750
  aria_256_ctr_get_params                                        4750
  ossl_prov_cipher_hw_aes_ctr                                    4750
  ossl_provider_add_conf_module                                  4750
  ossl_rand_cleanup_int                                          4750
  tdes_wrap_get_params                                           4750
  OSSL_STORE_LOADER_set_open                                     4791
  sm4_128_ctr_get_params                                         4791
  aes_cts_128_cbc_get_params                                     4792
  aes_cts_192_cbc_get_params                                     4792
  EVP_aes_128_cbc_hmac_sha1                                      4833
  aes_192_ocb_get_params                                         4833
  aes_256_xts_get_params                                         4833
  aria_128_ccm_get_params                                        4833
  ossl_child_prov_ctx_new                                        4833
  ossl_store_register_init                                       4833
  sm4_128_gcm_get_params                                         4833
  aes_128_cfb8_get_params                                        4834
  aria_192_cfb_get_params                                        4834
  tdes_ede3_ofb_get_params                                       4834
  ENGINE_load_builtin_engines                                    4875
  EVP_aes_128_cbc_hmac_sha256                                    4875
  aes_256_ecb_get_params                                         4875
  aes_256_ocb_get_params                                         4875
  aes_256_wrappad_get_params                                     4875
  aria_128_cfb_get_params                                        4875
  camellia_256_ctr_get_params                                    4875
  ossl_prov_ctx_set0_core_bio_method                             4875
  pthread_cond_destroy                                           4875
  camellia_128_ecb_get_params                                    4916
  OSSL_STORE_LOADER_set_load                                     4917
  aes_128_siv_get_params                                         4917
  aria_256_cbc_get_params                                        4917
  camellia_192_cfb1_get_params                                   4917
  camellia_256_ofb_get_params                                    4917
  engine_pkey_meths_free                                         4917
  aes_128_wrappad_get_params                                     4958
  aes_192_ccm_get_params                                         4958
  aes_192_wrappad_get_params                                     4958
  aes_256_cbc_get_params                                         4958
  aes_cts_256_cbc_get_params                                     4958
  aria_256_cfb8_get_params                                       4958
  camellia_256_cfb_get_params                                    4958
  ossl_self_test_set_callback_free                               4958
  tdes_ede3_cfb1_get_params                                      4958
  OSSL_STORE_LOADER_set_close                                    4959
  aes_128_cfb1_get_params                                        4959
  aes_128_gcm_get_params                                         4959
  aria_256_gcm_get_params                                        4959
  OSSL_STORE_LOADER_set_expect                                   5000
  ossl_ctx_global_properties_new                                 5000
  ossl_property_match_count                                      5000
  sm4_128_ofb128_get_params                                      5000
  tdes_ede3_cfb8_get_params                                      5000
  aria_192_ccm_get_params                                        5041
  camellia_128_cfb8_get_params                                   5041
  camellia_256_cfb1_get_params                                   5041
  camellia_192_cfb_get_params                                    5042
  aes_256_wrap_get_params                                        5083
  camellia_128_cbc_get_params                                    5083
  camellia_128_ctr_get_params                                    5083
  engine_remove_dynamic_id                                       5083
  EVP_CIPHER_get_key_length                                      5084
  camellia_128_cfb_get_params                                    5084
  camellia_192_cfb8_get_params                                   5084
  camellia_256_cbc_get_params                                    5084
  ENGINE_get_cipher_engine                                       5125
  OPENSSL_cpuid_setup                                            5125
  aes_192_wrapinv_get_params                                     5125
  aes_256_wrapinv_get_params                                     5125
  camellia_128_cfb1_get_params                                   5125
  camellia_192_cbc_get_params                                    5125
  camellia_192_ecb_get_params                                    5125
  tdes_ede3_ecb_get_params                                       5125
  ossl_property_has_optional                                     5166
  camellia_128_ofb_get_params                                    5167
  tdes_ede2_cfb_get_params                                       5208
  OSSL_PARAM_get_int                                             5250
  camellia_192_ofb_get_params                                    5250
  camellia_256_ecb_get_params                                    5250
  camellia_cts_192_cbc_get_params                                5250
  medium_region_for_ptr_no_lock                                  5250
  ossl_free_compression_methods_int                              5250
  ossl_indicator_set_callback_free                               5250
  ossl_init_thread_deregister                                    5250
  engine_pkey_asn1_meths_free                                    5291
  __fcntl                                                        5292
  camellia_192_ctr_get_params                                    5333
  ossl_bio_core_globals_new                                      5333
  Diagnostics::clearError()                                      5334
  lsl::Lock::unlock()                                            5334
  aes_256_wrappadinv_get_params                                  5375
  camellia_256_cfb8_get_params                                   5416
  aes_128_wrappadinv_get_params                                  5417
  OPENSSL_sk_sort                                                5459
  aes_192_wrappadinv_get_params                                  5459
  chacha20_poly1305_gettable_ctx_params                          5500
  ossl_prov_ctx_get0_core_bio_method                             5500
  memset                                                         5541
  EVP_CIPHER_CTX_get_block_size                                  5542
  ossl_aes_192_gcm_siv_get_params                                5542
  app_get0_libctx                                                5625
  ossl_aes_256_gcm_siv_get_params                                5625
  ossl_self_test_set_callback_new                                5625
  camellia_cts_128_cbc_get_params                                5750
  ossl_provider_unquery_operation                                5750
  aes_128_wrapinv_get_params                                     5792
  camellia_cts_256_cbc_get_params                                5792
  chacha20_poly1305_get_params                                   5792
  ossl_indicator_set_callback_new                                5792
  opt_arg                                                        5874
  getegid                                                        5916
  OSSL_LIB_CTX_set_conf_diagnostics                              5958
  geteuid                                                        6041
  ossl_aes_128_gcm_siv_get_params                                6042
  ossl_prov_bio_from_dispatch                                    6042
  BIO_set_data                                                   6292
  ossl_prov_seeding_from_dispatch                                6292
  getgid                                                         6333
  medium_malloc_from_free_list                                   6375
  EVP_CIPHER_get_mode                                            6500
  EVP_RAND_CTX_free                                              6625
  OSSL_PARAM_get_int32                                           6709
  close                                                          6792
  dyld3::kdebug_trace_dyld_enabled(unsigned int)                 6792
  dyld4::Loader::hiddenFromFlat(bool) const                      6875
  dyld4::RuntimeState::notifyObjCPatching()                      6959
  BIO_next                                                       7041
  EVP_CipherInit_ex                                              7167
  bio_open_default                                               7208
  dyld4::handleFromLoader(dyld4::Loader const*, bool)             7209
  __sigaction                                                    7292
  _kernelrpc_mach_port_deallocate_trap                           7292
  store_loader_hash                                              7333
  _platform_strnlen                                              7375
  ENGINE_register_EC                                             7500
  OPENSSL_sk_pop                                                 7582
  ENGINE_register_DH                                             7833
  file_ctrl                                                      7917
  __sclose                                                       7958
  _kernelrpc_mach_port_construct_trap                            8000
  openssl_fopen                                                  8000
  ENGINE_register_DSA                                            8042
  ENGINE_register_RAND                                           8167
  getuid                                                         8167
  ENGINE_register_RSA                                            8208
  flsl                                                           8333
  dyld4::JustInTimeLoader::hiddenFromFlat(bool) const             8375
  BIO_copy_next_retry                                            8376
  lsl::EphemeralAllocator::reset()                               8458
  err_unshelve_state                                             8542
  ossl_lib_ctx_get_concrete                                      8709
  X509_get_default_cert_area                                     8792
  dyld4::Loader::beginInitializers(dyld4::RuntimeState&)             8792
  strlen                                                         9000
  BIO_set_init                                                   9041
  free_small                                                     9042
  ENGINE_register_ciphers                                        9125
  dyld4::RuntimeState::incDlRefCount(dyld4::Loader const*)             9167
  ENGINE_register_digests                                        9208
  __sflags                                                       9250
  ossl_property_free                                             9334
  DSO_METHOD_openssl                                             9376
  lsl::Vector<dyld4::Loader const*>::reserveExact(unsigned long)             9417
  ossl_sa_new                                                    9542
  dyld4::JustInTimeLoader::beginInitializers(dyld4::RuntimeState&)             9625
  ossl_cipher_generic_einit                                      9625
  ENGINE_register_pkey_meths                                     9667
  ossl_cipher_generic_set_ctx_params                             9667
  OSSL_LIB_CTX_get_conf_diagnostics                             10708
  ENGINE_register_pkey_asn1_meths                               10833
  ossl_lib_ctx_get_ex_data_global                               10917
  CRYPTO_atomic_or                                              10958
  ossl_lib_ctx_get_rcukey                                       10999
  engine_free_util                                              11165
  BIO_set_flags                                                 11375
  NCONF_get_section                                             11416
  dyld4::BumpAllocator::~BumpAllocator()                        11458
  ossl_sa_doall_arg                                             11499
  OPENSSL_cleanse                                               11791
  deflt_query                                                   11875
  lsl::Vector<lsl::MemoryManager::Buffer>::reserve(unsigned long)            11959
  aes_siv_gettable_ctx_params                                   12001
  EVP_add_cipher                                                12541
  dyld4::RuntimeState::doSingletonPatching(dyld4::DyldCacheDataConstLazyScopedWriter&)            12583
  ossl_cipher_capable_aes_cbc_hmac_sha1                         12751
  ossl_cipher_capable_aes_cbc_hmac_sha256                       12834
  ossl_property_value                                           13042
  __bzero                                                       13417
  cipher_ocb_gettable_ctx_params                                13417
  aes_cbc_cts_gettable_ctx_params                               13459
  fstat                                                         13751
  BIO_clear_flags                                               13876
  DSO_free                                                      14292
  dyld4::Loader::loadDependents(Diagnostics&, dyld4::RuntimeState&, dyld4::Loader::LoadOptions const&)            14417
  lsl::EphemeralAllocator::~EphemeralAllocator()                14417
  dyld4::DyldCacheDataConstLazyScopedWriter::DyldCacheDataConstLazyScopedWriter(dyld4::RuntimeState&)            14500
  sa_doall                                                      14542
  BIO_get_data                                                  14708
  dyld4::Loader::path() const                                   14791
  CRYPTO_atomic_add                                             14832
  _NSGetEnviron                                                 15167
  __sflush                                                      15292
  ossl_aes_gcm_siv_gettable_ctx_params                          15500
  tiny_malloc_from_free_list                                    15625
  dyld4::JustInTimeLoader::loadDependents(Diagnostics&, dyld4::RuntimeState&, dyld4::Loader::LoadOptions const&)            15875
  lsl::Lock::lock()                                             15958
  dyld3::MachOFile::is64() const                                16083
  camellia_cbc_cts_gettable_ctx_params                          16166
  file_free                                                     16293
  file_new                                                      16331
  os_unfair_recursive_lock_unlock                               16958
  ossl_prov_is_running                                          17001
  _kernelrpc_mach_port_destruct_trap                            17375
  CRYPTO_THREAD_lock_free                                       17460
  pthread_mutex_destroy                                         17667
  OPENSSL_LH_get_down_load                                      17916
  invocation function for block in dyld4::Loader::forEachPath(Diagnostics&, dyld4::RuntimeState&, char const*, dyld4::Loader::Loa            18166
  dyld4::JustInTimeLoader::path() const                         18333
  BIO_new                                                       18500
  FMT_istext                                                    18625
  kdebug_is_enabled                                             19125
  dyld4::LibSystemHelpers::pthread_getspecific(unsigned long) const            20084
  os_unfair_recursive_lock_lock_with_options                    20290
  small_try_realloc_in_place                                    20374
  property_free                                                 20541
  __chkstk_darwin_probe                                         20876
  lsl::EphemeralAllocator::deallocate_buffer(lsl::MemoryManager::Buffer)            21500
  dyld4::Loader::matchesPath(char const*) const                 21876
  ___chkstk_darwin                                              22083
  os_unfair_lock_assert_not_owner                               22457
  pthread_cond_init                                             22501
  small_size                                                    22709
  dyld4::ProcessConfig::DyldCache::indexOfPath(char const*, unsigned int&) const            24083
  small_free_list_find_by_ptr                                   24584
  dyld4::Loader::loadAddress(dyld4::RuntimeState&) const            25250
  dyld3::ScopedTimer::endTimer()                                26043
  __findenv_locked                                              26876
  ossl_property_name                                            26958
  _kernelrpc_mach_vm_deallocate_trap                            27166
  rack_region_insert                                            27915
  OPENSSL_sk_delete                                             28332
  small_free_list_remove_ptr                                    28334
  lsl::MemoryManager::lockGuard()                               28416
  OPENSSL_strnlen                                               28458
  dyld4::JustInTimeLoader::loadAddress(dyld4::RuntimeState&) const            28874
  pthread_mutex_init                                            30749
  get_tiny_previous_free_msize                                  31625
  __open                                                        31833
  _pthread_mutex_check_init_slow                                33916
  lsl::AllocationMetadata::AllocationMetadata(lsl::Allocator*, unsigned long)            34501
  CRYPTO_new_ex_data                                            34875
  OPENSSL_LH_set_down_load                                      34917
  small_free_list_remove_ptr_no_clear                           35291
  __read_nocancel                                               38166
  szone_good_size                                               38168
  dyld4::LibSystemHelpers::os_unfair_recursive_lock_unlock(os_unfair_recursive_lock_s*) const            38250
  mach_msg2_trap                                                38542
  tiny_free_list_remove_ptr                                     39585
  OPENSSL_sk_free                                               39959
  small_free_list_add_ptr                                       40082
  Diagnostics::hasError() const                                 40749
  dyld4::LibSystemHelpers::os_unfair_lock_unlock(os_unfair_lock_s*) const            41250
  ossl_rcu_write_lock                                           42333
  EVP_PKEY_asn1_get0                                            42998
  Diagnostics::noError() const                                  44625
  ossl_rcu_write_unlock                                         45501
  _tiny_check_and_zero_inline_meta_from_freelist                46043
  ossl_tdes_gettable_ctx_params                                 46292
  small_malloc_from_free_list                                   49125
  dyld4::RuntimeState::PermanentRanges::contains(unsigned long, unsigned long, unsigned char*, dyld4::Loader const**) const            50208
  dyld3::MachOFile::read_uleb128(Diagnostics&, unsigned char const*&, unsigned char const*)            51083
  dyld4::LibSystemHelpers::os_unfair_recursive_lock_lock_with_options(os_unfair_recursive_lock_s*, os_unfair_lock_options_t) cons            51291
  pthread_setspecific                                           52832
  EVP_PKEY_asn1_get0_info                                       53753
  __close_nocancel                                              54374
  pthread_cond_broadcast                                        54792
  szone_malloc                                                  55374
  tiny_size                                                     59876
  dyld4::LibSystemHelpers::os_unfair_lock_lock_with_options(os_unfair_lock_s*, os_unfair_lock_options_t) const            60000
  madvise                                                       60877
  realloc                                                       61872
  _kernelrpc_mach_vm_map_trap                                   63082
  lsl::EphemeralAllocator::allocate_buffer(unsigned long, unsigned long, unsigned long)            63626
  _qsort                                                        65332
  set_tiny_meta_header_in_use                                   66918
  __write_nocancel                                              67166
  tiny_free_list_add_ptr                                        68415
  _szone_free                                                   69248
  OPENSSL_sk_pop_free                                           70459
  ossl_cipher_aead_gettable_ctx_params                          70585
  strcmp                                                        72836
  szone_try_free_default                                        76499
  os_unfair_lock_assert_owner                                   80044
  rack_get_thread_index                                         83166
  dyld3::kdebug_trace_dyld_duration_end(unsigned long long, unsigned int, dyld3::kt_arg, dyld3::kt_arg, dyld3::kt_arg)            83457
  property_hash                                                 85374
  invocation function for block in dyld3::MachOFile::getDylibInstallName(char const**, unsigned int*, unsigned int*) const            85458
  EVP_CIPHER_get_type                                           91166
  dyld3::OverflowSafeArray<unsigned int, 4294967295ul>::verifySpace(unsigned long)            91835
  dyld4::Loader::contains(dyld4::RuntimeState&, void const*, void const**, unsigned long long*, unsigned char*) const            98664
  pthread_cond_signal                                          103291
  Diagnostics::assertNoError() const                           109458
  nanov2_size                                                  112540
  __open_nocancel                                              120000
  pthread_rwlock_destroy                                       120583
  pthread_rwlock_init                                          123459
  os_unfair_lock_unlock                                        127832
  Diagnostics::~Diagnostics()                                  146376
  Diagnostics::Diagnostics(bool)                               148917
  get_legacy_evp_names                                         161081
  ossl_ctype_check                                             169331
  os_unfair_lock_lock_with_options                             171417
  nanov2_pointer_size                                          193627
  EVP_MD_get_type                                              197166
  invocation function for block in dyld3::MachOFile::getEntry(unsigned long long&, bool&) const           206958
  free                                                         208835
  _Block_object_dispose                                        210956
  OPENSSL_hexchar2int                                          235291
  ossl_sa_set                                                  250875
  strncmp                                                      271414
  trim_ws                                                      271791
  invocation function for block in dyld4::JustInTimeLoader::contains(dyld4::RuntimeState&, void const*, void const**, unsigned lo           291916
  nanov2_allocate_from_block                                   298711
  BUF_MEM_new                                                  303462
  names_free                                                   319335
  OBJ_get0_data                                                331385
  OPENSSL_LH_flush                                             332128
  OPENSSL_LH_doall                                             333950
  OSSL_PARAM_set_uint                                          339954
  ossl_provider_ctx                                            340367
  EVP_CIPHER_get_nid                                           364292
  conf_value_cmp                                               372376
  ossl_lib_ctx_unlock                                          378120
  OSSL_PARAM_locate_const                                      397377
  invocation function for block in dyld3::MachOLoaded::findClosestSymbol(unsigned long long, char const**, unsigned long long*) c           406668
  ossl_lib_ctx_read_lock                                       422209
  OPENSSL_LH_set_thunks                                        431792
  property_defn_cmp                                            442505
  ossl_cipher_generic_gettable_ctx_params                      445538
  evp_cipher_up_ref                                            454952
  property_defn_hash                                           471376
  value_free_hash                                              472289
  ossl_provider_free                                           474540
  function_hash                                                480416
  BN_free                                                      480501
  CRYPTO_realloc                                               491157
  ossl_provider_up_ref                                         491628
  OSSL_PARAM_set_uint32                                        503625
  eat_alpha_numeric                                            506373
  ASN1_OBJECT_free                                             506499
  ossl_sa_get                                                  509868
  sa_free_node                                                 543050
  OSSL_PARAM_construct_end                                     549998
  EVP_CIPHER_get0_provider                                     561912
  OSSL_PARAM_construct_uint                                    570663
  evp_cipher_free                                              575118
  do_all_fn                                                    589043
  EVP_CIPHER_free                                              634713
  ossl_provider_libctx                                         800882
  invocation function for block in dyld3::MachOLoaded::getLinkEditLoadCommands(Diagnostics&, dyld3::MachOLoaded::LinkEditInfo&) c           825041
  internal_free_nop                                            845026
  _platform_strncmp                                            867954
  name_string_free                                             887452
  OPENSSL_LH_error                                             931617
  invocation function for block in dyld3::MachOFile::forEachSegment(void (dyld3::MachOFile::SegmentInfo const&, bool&) block_poin          1110914
  OSSL_PARAM_set_size_t                                       1114473
  BUF_MEM_grow                                                1122662
  pthread_getspecific                                         1152453
  sk_reserve                                                  1163091
  _os_once                                                    1201667
  CRYPTO_THREAD_get_local                                     1289912
  _platform_memchr                                            1345622
  ossl_rcu_assign_uptr                                        1416577
  OSSL_PARAM_set_uint64                                       1515321
  names_lh_free_doall                                         1519839
  ossl_lib_ctx_get_data                                       1614073
  OSSL_PARAM_set_int                                          1617409
  pthread_mutex_lock                                          1710621
  _platform_strchr                                            1734520
  OSSL_PARAM_construct_size_t                                 1813333
  pthread_mutex_unlock                                        1832787
  _nanov2_free                                                1896238
  _pthread_mutex_lock_init_slow                               1975969
  OPENSSL_sk_num                                              1978977
  OPENSSL_sk_push                                             1979456
  _pthread_mutex_unlock_init_slow                             2081809
  _pthread_mutex_firstfit_lock_slow                           2199419
  _pthread_mutex_firstfit_unlock_slow                         2296163
  OPENSSL_sk_value                                            2329165
  OSSL_PARAM_set_int32                                        2446040
  obj_name_cmp                                                2489294
  OPENSSL_LH_strhash                                          2701572
  _platform_memcmp                                            2762412
  OSSL_PARAM_construct_int                                    2769964
  pthread_once                                                3082050
  OBJ_nid2obj                                                 3198196
  CRYPTO_atomic_load                                          3305105
  pthread_rwlock_rdlock                                       3329238
  SortFnByName                                                3433504
  ossl_lh_strcasehash                                         3668683
  __error                                                     3714510
  cipher_compare                                              3961087
  ossl_isdigit                                                4012678
  fnv1a_hash                                                  4449674
  _platform_memmove                                           6506508
  pthread_rwlock_wrlock                                       6668992
  pthread_rwlock_unlock                                      10002067
  err_string_data_cmp                                        11107154
  CRYPTO_free                                                12195830
  malloc                                                     13426729
  doapr_outch                                                15183655
  err_string_data_hash                                       16886025
  nanov2_malloc                                              18633016
  _platform_strlen                                           23255800
  _platform_memset                                           25346439
  nanov2_try_free_default                                    25893718
  _platform_strcmp                                           28084926
  ossl_tolower                                               60214287
