
  EVP_md5                                                        1791
  pd_free                                                        1875
  sigaction                                                      1917
  EVP_rc4_40                                                     2000
  EVP_sha1                                                       2000
  EVP_rc4                                                        2041
  UI_OpenSSL                                                     2041
  EVP_rc2_ofb                                                    2042
  EVP_mdc2                                                       2084
  EVP_bf_cbc                                                     2125
  EVP_des_ede                                                    2125
  EVP_des_ofb                                                    2125
  EVP_idea_ofb                                                   2125
  EVP_sha224                                                     2125
  EVP_sm4_cbc                                                    2125
  opt_unknown                                                    2125
  EVP_sm4_ecb                                                    2166
  EVP_sha384                                                     2167
  EVP_sha512                                                     2167
  UI_null                                                        2167
  EVP_rc2_cbc                                                    2208
  EVP_bf_ofb                                                     2250
  EVP_des_ecb                                                    2250
  EVP_sm3                                                        2250
  EVP_sm4_ofb                                                    2250
  EVP_cast5_cbc                                                  2292
  EVP_cast5_ofb                                                  2292
  EVP_md5_sha1                                                   2292
  EVP_sha3_512                                                   2292
  EVP_seed_ofb                                                   2333
  EVP_des_cfb8                                                   2334
  EVP_md4                                                        2334
  EVP_sha3_224                                                   2375
  _cleanup                                                       2375
  app_get0_propq                                                 2375
  EVP_sm4_ctr                                                    2416
  EVP_bf_ecb                                                     2417
  EVP_ripemd160                                                  2417
  EVP_seed_ecb                                                   2417
  EVP_des_cfb1                                                   2458
  EVP_des_ede3                                                   2458
  EVP_idea_ecb                                                   2458
  EVP_shake128                                                   2458
  EVP_shake256                                                   2458
  EVP_chacha20                                                   2500
  EVP_rc2_64_cbc                                                 2500
  EVP_rc2_cfb64                                                  2500
  EVP_sha512_224                                                 2500
  EVP_sha512_256                                                 2500
  opt_next                                                       2500
  strchr                                                         2500
  EVP_des_ede_ofb                                                2541
  EVP_aes_192_cbc                                                2542
  EVP_aes_256_ofb                                                2542
  EVP_seed_cbc                                                   2542
  EVP_aes_192_ecb                                                2583
  EVP_cast5_ecb                                                  2583
  EVP_aes_256_gcm                                                2584
  EVP_aes_256_xts                                                2584
  EVP_blake2s256                                                 2584
  EVP_idea_cbc                                                   2584
  EVP_aes_128_ccm                                                2625
  EVP_aes_128_ctr                                                2625
  EVP_aes_192_ccm                                                2625
  EVP_aes_256_ctr                                                2625
  EVP_aria_256_gcm                                               2625
  EVP_bf_cfb64                                                   2625
  EVP_des_cbc                                                    2625
  EVP_rc2_ecb                                                    2625
  EVP_sha3_384                                                   2625
  EVP_aria_192_ccm                                               2666
  EVP_aria_256_ecb                                               2666
  EVP_aria_128_ecb                                               2667
  EVP_des_ede_cbc                                                2667
  EVP_rc2_40_cbc                                                 2667
  EVP_whirlpool                                                  2667
  EVP_aes_128_xts                                                2708
  EVP_aes_256_cbc                                                2708
  EVP_aria_192_ctr                                               2708
  EVP_aria_256_ofb                                               2708
  EVP_sm4_cfb128                                                 2708
  EVP_aes_192_gcm                                                2709
  EVP_aria_192_cbc                                               2709
  EVP_aria_256_cbc                                               2709
  EVP_aria_256_ctr                                               2709
  EVP_des_ede3_cfb8                                              2709
  EVP_rc4_hmac_md5                                               2709
  vm_deallocate                                                  2709
  BIO_f_cipher                                                   2750
  ENGINE_set_id                                                  2750
  EVP_aes_128_cbc                                                2750
  EVP_aes_192_cfb8                                               2750
  EVP_aes_256_cfb1                                               2750
  EVP_aes_256_cfb8                                               2750
  EVP_aes_256_wrap                                               2750
  EVP_aria_128_cbc                                               2750
  EVP_aria_128_ofb                                               2750
  EVP_aria_192_ecb                                               2750
  EVP_aria_256_cfb1                                              2750
  EVP_seed_cfb128                                                2750
  EVP_sha3_256                                                   2750
  def_to_int                                                     2750
  release_engine                                                 2750
  EVP_MD_free                                                    2791
  EVP_aes_192_ctr                                                2791
  EVP_cast5_cfb64                                                2791
  ENGINE_set_name                                                2792
  EVP_aria_192_cfb1                                              2792
  EVP_des_ede3_cfb1                                              2792
  EVP_des_ede3_wrap                                              2792
  EVP_aes_128_cfb1                                               2833
  EVP_aes_128_ofb                                                2833
  EVP_aes_192_cfb1                                               2833
  EVP_aes_192_ocb                                                2833
  EVP_aria_128_ctr                                               2833
  EVP_aria_192_gcm                                               2833
  EVP_desx_cbc                                                   2833
  EVP_aes_128_wrap                                               2834
  EVP_aes_256_ocb                                                2834
  COMP_get_type                                                  2875
  EVP_aes_192_ofb                                                2875
  EVP_aes_192_wrap                                               2875
  EVP_aria_192_ofb                                               2875
  EVP_blake2b512                                                 2875
  getrlimit                                                      2875
  lh_FUNCTION_free                                               2875
  EVP_des_ede3_ofb                                               2917
  ossl_trace_cleanup                                             2917
  EVP_aria_192_cfb8                                              2958
  EVP_idea_cfb64                                                 2958
  NCONF_default                                                  2958
  OBJ_obj2txt                                                    2958
  EVP_aes_128_gcm                                                2959
  EVP_aes_256_ccm                                                2959
  EVP_aria_128_cfb8                                              2959
  EVP_aria_256_cfb8                                              2959
  EVP_aes_192_cfb128                                             3000
  EVP_aria_128_ccm                                               3000
  EVP_aria_256_ccm                                               3000
  EVP_des_cfb64                                                  3000
  def_init_default                                               3000
  EVP_aes_128_cfb8                                               3041
  EVP_aria_192_cfb128                                            3041
  strrchr                                                        3041
  EVP_aes_128_ocb                                                3083
  EVP_aes_256_cfb128                                             3083
  EVP_aes_256_ecb                                                3083
  query_hash                                                     3083
  EVP_des_ede3_cbc                                               3084
  function_cmp                                                   3084
  EVP_aes_128_cfb128                                             3125
  EVP_aria_128_cfb128                                            3125
  EVP_aria_256_cfb128                                            3125
  EVP_camellia_256_ofb                                           3125
  EVP_des_ede_cfb64                                              3125
  property_cmp                                                   3125
  EVP_aria_128_gcm                                               3166
  EVP_camellia_256_cbc                                           3166
  EVP_camellia_192_ofb                                           3167
  EVP_aes_256_wrap_pad                                           3208
  EVP_aria_128_cfb1                                              3208
  EVP_camellia_128_ofb                                           3208
  EVP_camellia_192_cbc                                           3208
  OSSL_LIB_CTX_get_data                                          3208
  UI_method_set_writer                                           3208
  EVP_camellia_128_ctr                                           3209
  EVP_des_ede3_cfb64                                             3209
  EVP_camellia_192_ctr                                           3250
  __cxa_finalize                                                 3250
  __smakebuf                                                     3250
  ossl_store_cleanup_int                                         3250
  EVP_camellia_128_cfb1                                          3291
  EVP_camellia_128_cfb8                                          3291
  EVP_aes_128_wrap_pad                                           3292
  EVP_camellia_128_cbc                                           3292
  EVP_camellia_192_cfb8                                          3292
  EVP_camellia_256_ctr                                           3292
  EVP_add_alg_module                                             3333
  EVP_camellia_256_cfb1                                          3333
  EVP_chacha20_poly1305                                          3333
  EVP_aes_128_ecb                                                3375
  EVP_aes_192_wrap_pad                                           3375
  EVP_camellia_256_ecb                                           3375
  UI_method_set_reader                                           3375
  bio_sock_cleanup_int                                           3416
  EVP_camellia_192_ecb                                           3458
  UI_method_set_closer                                           3458
  engine_load_rdrand_int                                         3458
  app_RAND_write                                                 3500
  opt_set_unknown_name                                           3500
  ENGINE_set_flags                                               3541
  OSSL_STORE_register_loader                                     3542
  UI_method_set_opener                                           3542
  ossl_prov_ctx_free                                             3542
  EVP_camellia_256_cfb8                                          3583
  init_thread_stop                                               3583
  EVP_camellia_192_cfb1                                          3584
  COMP_zlib                                                      3625
  EVP_camellia_128_cfb128                                        3625
  OSSL_PARAM_modified                                            3625
  ossl_comp_zlib_cleanup                                         3625
  ossl_comp_zstd_cleanup                                         3625
  NCONF_get0_libctx                                              3667
  __getrlimit                                                    3667
  ASN1_add_oid_module                                            3708
  ASN1_add_stable_module                                         3708
  EVP_camellia_192_cfb128                                        3708
  tiny_free_no_lock                                              3709
  EVP_camellia_128_ecb                                           3750
  ossl_prov_ctx_new                                              3750
  pthread_self                                                   3750
  EVP_CIPHER_get_flags                                           3791
  ossl_comp_brotli_cleanup                                       3791
  BIO_meth_set_puts                                              3792
  EVP_camellia_256_cfb128                                        3792
  ossl_prov_ctx_set0_handle                                      3792
  BIO_meth_set_ctrl                                              3833
  ossl_lib_ctx_write_lock                                        3833
  EVP_CipherFinal_ex                                             3875
  EVP_CipherUpdate                                               3875
  opt_check_rest_arg                                             3875
  BIO_meth_set_create                                            3917
  BIO_meth_set_gets                                              3917
  ENGINE_add_conf_module                                         3917
  store_loader_cmp                                               3917
  free_medium                                                    3959
  ENGINE_set_cmd_defns                                           4000
  ERR_print_errors                                               4000
  EVP_CIPHER_fetch                                               4000
  ossl_prov_ctx_set0_libctx                                      4041
  ossl_child_prov_ctx_new                                        4042
  core_get_libctx                                                4083
  BIO_meth_set_destroy                                           4125
  EVP_CIPHER_get_iv_length                                       4166
  OSSL_LIB_CTX_free                                              4166
  evp_app_cleanup_int                                            4208
  ossl_config_add_ssl_module                                     4208
  ERR_get_error_all                                              4209
  CRYPTO_THREAD_get_current_id                                   4250
  EVP_PKEY_asn1_get_count                                        4250
  dyld4::APIs::_tlv_exit()                                       4250
  null_gettable_ctx_params                                       4250
  ossl_stored_namemap_free                                       4250
  BIO_meth_set_read_ex                                           4333
  CONF_imodule_get_value                                         4333
  OSSL_ERR_STATE_new                                             4334
  ENGINE_set_ctrl_function                                       4375
  aes_192_ctr_get_params                                         4375
  ossl_lib_ctx_is_default                                        4375
  aes_v8_set_encrypt_key                                         4416
  aes_192_siv_get_params                                         4417
  chacha20_get_params                                            4417
  OSSL_STORE_LOADER_set_eof                                      4458
  ossl_method_lock_store                                         4458
  BIO_meth_set_write_ex                                          4500
  aes_128_ocb_get_params                                         4500
  aes_192_cbc_get_params                                         4500
  aes_192_cfb8_get_params                                        4500
  aes_192_cfb_get_params                                         4500
  aria_128_ecb_get_params                                        4500
  aria_192_cbc_get_params                                        4500
  chacha20_gettable_ctx_params                                   4500
  ENGINE_set_init_function                                       4541
  aes_128_ccm_get_params                                         4541
  aria_128_ofb_get_params                                        4541
  aes_128_xts_get_params                                         4542
  sm4_128_cbc_get_params                                         4542
  aes_128_ecb_get_params                                         4583
  aes_192_ecb_get_params                                         4583
  aes_256_cfb_get_params                                         4583
  ossl_method_unlock_store                                       4583
  aes_128_cfb_get_params                                         4584
  aria_256_cfb_get_params                                        4584
  ENGINE_set_finish_function                                     4625
  EVP_aes_256_cbc_hmac_sha1                                      4625
  OSSL_CMP_log_close                                             4625
  OSSL_STORE_LOADER_set_error                                    4625
  aes_128_cfb1_get_params                                        4625
  aes_128_ofb_get_params                                         4625
  aes_192_ofb_get_params                                         4625
  aes_256_ctr_get_params                                         4625
  aes_256_siv_get_params                                         4625
  aria_192_ecb_get_params                                        4625
  aria_256_cbc_get_params                                        4625
  aria_256_ofb_get_params                                        4625
  close                                                          4625
  ossl_rand_cleanup_int                                          4625
  ossl_provider_add_conf_module                                  4667
  sm4_128_ctr_get_params                                         4667
  EVP_aes_256_cbc_hmac_sha256                                    4708
  OSSL_STORE_LOADER_set_close                                    4708
  aes_192_cfb1_get_params                                        4708
  aes_192_wrap_get_params                                        4708
  aes_256_ofb_get_params                                         4708
  tdes_ede3_cfb_get_params                                       4708
  OSSL_STORE_unregister_loader                                   4709
  aes_v8_ctr32_encrypt_blocks                                    4709
  aria_192_ofb_get_params                                        4709
  def_is_number                                                  4709
  OSSL_STORE_LOADER_set_load                                     4750
  aes_128_cbc_get_params                                         4750
  aes_192_ocb_get_params                                         4750
  aes_256_cbc_get_params                                         4750
  ossl_cipher_generic_reset_ctx                                  4750
  ossl_random_add_conf_module                                    4750
  tdes_ede2_ecb_get_params                                       4750
  UI_method_set_prompt_constructor                               4791
  aes_256_gcm_get_params                                         4791
  aria_128_cfb_get_params                                        4791
  aria_256_cfb8_get_params                                       4791
  BIO_free                                                       4792
  EVP_sha256                                                     4792
  aria_128_cfb8_get_params                                       4792
  aria_192_ctr_get_params                                        4792
  aria_256_ctr_get_params                                        4792
  aes_128_ctr_get_params                                         4833
  sm4_128_ccm_get_params                                         4833
  aria_128_cfb1_get_params                                       4834
  tdes_ede2_cbc_get_params                                       4834
  tiny_try_realloc_in_place                                      4834
  ENGINE_load_builtin_engines                                    4875
  aes_192_gcm_get_params                                         4875
  aria_192_cfb_get_params                                        4875
  lsl::Lock::unlock()                                            4875
  sm4_128_cfb128_get_params                                      4875
  sm4_128_xts_get_params                                         4875
  OPENSSL_cpuid_setup                                            4916
  aes_256_cfb8_get_params                                        4916
  sm4_128_gcm_get_params                                         4916
  OSSL_STORE_LOADER_set_open                                     4917
  aes_128_cfb8_get_params                                        4917
  aes_256_ocb_get_params                                         4917
  aes_cts_192_cbc_get_params                                     4917
  aria_256_cfb1_get_params                                       4917
  sm4_128_ecb_get_params                                         4917
  sm4_128_ofb128_get_params                                      4917
  tdes_ede2_cfb_get_params                                       4917
  OSSL_STORE_LOADER_set_expect                                   4958
  aes_128_wrap_get_params                                        4958
  aes_256_wrap_get_params                                        4958
  aes_256_wrappad_get_params                                     4958
  aes_cts_128_cbc_get_params                                     4958
  ossl_bio_core_globals_new                                      4958
  ossl_ctx_global_properties_new                                 4958
  ossl_prov_ctx_get0_libctx                                      4958
  tdes_wrap_get_params                                           4958
  aria_128_ctr_get_params                                        4959
  aria_128_gcm_get_params                                        4959
  ossl_bio_core_globals_free                                     4959
  EVP_aes_128_cbc_hmac_sha256                                    5000
  OSSL_trace_set_channel                                         5000
  aes_256_ccm_get_params                                         5000
  aes_256_ecb_get_params                                         5000
  aria_192_ccm_get_params                                        5000
  aria_192_cfb1_get_params                                       5000
  aria_192_gcm_get_params                                        5000
  aria_256_ecb_get_params                                        5000
  pthread_cond_destroy                                           5000
  tdes_ede3_cfb1_get_params                                      5000
  tdes_ede3_cbc_get_params                                       5041
  tdes_ede3_ofb_get_params                                       5041
  OSSL_STORE_LOADER_free                                         5042
  aes_128_siv_get_params                                         5042
  aria_128_cbc_get_params                                        5042
  camellia_256_cbc_get_params                                    5042
  engine_pkey_meths_free                                         5042
  ossl_prov_ctx_set0_core_bio_method                             5042
  tdes_ede3_cfb8_get_params                                      5042
  aes_128_wrappad_get_params                                     5083
  tdes_ede2_ofb_get_params                                       5083
  tiny_malloc_from_free_list                                     5083
  aria_128_ccm_get_params                                        5084
  EVP_aes_128_cbc_hmac_sha1                                      5125
  aes_192_ccm_get_params                                         5125
  aes_192_wrappad_get_params                                     5125
  camellia_192_ofb_get_params                                    5125
  __sigaction                                                    5166
  camellia_128_ctr_get_params                                    5166
  ossl_self_test_set_callback_new                                5166
  ossl_store_register_init                                       5166
  Diagnostics::clearError()                                      5167
  aes_256_wrapinv_get_params                                     5167
  camellia_192_cbc_get_params                                    5167
  aes_192_wrapinv_get_params                                     5208
  aria_256_gcm_get_params                                        5208
  camellia_128_cfb_get_params                                    5208
  camellia_192_cfb8_get_params                                   5208
  camellia_192_ecb_get_params                                    5208
  camellia_256_cfb_get_params                                    5208
  camellia_256_ofb_get_params                                    5208
  EVP_CIPHER_get_key_length                                      5209
  aes_192_wrappadinv_get_params                                  5250
  camellia_128_cfb1_get_params                                   5250
  ossl_property_match_count                                      5250
  ossl_self_test_set_callback_free                               5250
  aes_128_gcm_get_params                                         5291
  aes_128_wrapinv_get_params                                     5291
  camellia_192_cfb_get_params                                    5291
  aria_256_ccm_get_params                                        5292
  camellia_256_cfb1_get_params                                   5292
  engine_remove_dynamic_id                                       5292
  camellia_128_ecb_get_params                                    5333
  ENGINE_get_cipher_engine                                       5375
  aes_256_xts_get_params                                         5375
  aes_cts_256_cbc_get_params                                     5375
  camellia_128_cbc_get_params                                    5375
  camellia_128_cfb8_get_params                                   5375
  camellia_192_ctr_get_params                                    5375
  camellia_256_ctr_get_params                                    5375
  ossl_free_compression_methods_int                              5375
  ossl_property_has_optional                                     5375
  aes_256_cfb1_get_params                                        5417
  aes_128_wrappadinv_get_params                                  5458
  ossl_indicator_set_callback_free                               5458
  ossl_indicator_set_callback_new                                5458
  ossl_prov_cipher_hw_aes_ctr                                    5459
  aes_256_wrappadinv_get_params                                  5500
  engine_pkey_asn1_meths_free                                    5500
  ossl_init_thread_deregister                                    5500
  camellia_256_cfb8_get_params                                   5541
  camellia_cts_192_cbc_get_params                                5541
  chacha20_poly1305_get_params                                   5542
  ossl_aes_256_gcm_siv_get_params                                5583
  EVP_CIPHER_CTX_get_block_size                                  5584
  camellia_192_cfb1_get_params                                   5584
  getegid                                                        5625
  camellia_128_ofb_get_params                                    5666
  ossl_provider_unquery_operation                                5666
  __fcntl                                                        5667
  camellia_256_ecb_get_params                                    5667
  medium_region_for_ptr_no_lock                                  5667
  tdes_ede3_ecb_get_params                                       5708
  OSSL_PARAM_get_int                                             5750
  ossl_aes_192_gcm_siv_get_params                                5791
  chacha20_poly1305_gettable_ctx_params                          5792
  camellia_cts_256_cbc_get_params                                5833
  opt_arg                                                        5834
  ossl_aes_128_gcm_siv_get_params                                5875
  OPENSSL_sk_sort                                                5917
  memset                                                         5917
  ossl_prov_ctx_get0_core_bio_method                             5917
  OSSL_LIB_CTX_set_conf_diagnostics                              6000
  aria_192_cfb8_get_params                                       6000
  getuid                                                         6041
  signal                                                         6042
  app_get0_libctx                                                6125
  camellia_cts_128_cbc_get_params                                6125
  geteuid                                                        6166
  getgid                                                         6167
  ossl_prov_seeding_from_dispatch                                6250
  BIO_set_data                                                   6251
  ossl_prov_bio_from_dispatch                                    6292
  medium_malloc_from_free_list                                   6333
  EVP_RAND_CTX_free                                              6542
  dyld4::RuntimeState::notifyObjCPatching()                      6708
  EVP_CIPHER_get_mode                                            6751
  dyld4::Loader::hiddenFromFlat(bool) const                      6833
  OSSL_PARAM_get_int32                                           7125
  dyld3::kdebug_trace_dyld_enabled(unsigned int)                 7125
  BIO_next                                                       7208
  OPENSSL_sk_pop                                                 7375
  _platform_strnlen                                              7375
  dyld4::handleFromLoader(dyld4::Loader const*, bool)             7375
  _kernelrpc_mach_port_construct_trap                            7417
  EVP_CipherInit_ex                                              7500
  dyld4::BumpAllocator::~BumpAllocator()                         7583
  bio_open_default                                               7625
  ENGINE_register_EC                                             7666
  ENGINE_register_DH                                             7792
  dyld4::JustInTimeLoader::hiddenFromFlat(bool) const             7875
  store_loader_hash                                              7917
  err_unshelve_state                                             7999
  openssl_fopen                                                  7999
  lsl::Lock::lock()                                              8083
  ENGINE_register_RSA                                            8125
  BIO_copy_next_retry                                            8208
  ENGINE_register_DSA                                            8208
  X509_get_default_cert_area                                     8209
  lsl::EphemeralAllocator::reset()                               8292
  ENGINE_register_RAND                                           8375
  __sclose                                                       8542
  file_ctrl                                                      8542
  flsl                                                           8792
  ENGINE_register_digests                                        8917
  ossl_lib_ctx_get_concrete                                      8917
  __sflags                                                       8959
  dyld4::Loader::beginInitializers(dyld4::RuntimeState&)             9000
  dyld4::RuntimeState::incDlRefCount(dyld4::Loader const*)             9042
  lsl::Vector<dyld4::Loader const*>::reserveExact(unsigned long)             9167
  BIO_set_init                                                   9250
  ENGINE_register_ciphers                                        9292
  free_small                                                     9458
  ossl_property_free                                             9543
  ossl_sa_new                                                    9666
  ENGINE_register_pkey_meths                                     9708
  _kernelrpc_mach_port_deallocate_trap                           9875
  strlen                                                         9917
  DSO_METHOD_openssl                                            10043
  BIO_set_flags                                                 10167
  ossl_cipher_generic_einit                                     10291
  OSSL_LIB_CTX_get_conf_diagnostics                             10292
  lsl::Vector<lsl::MemoryManager::Buffer>::reserve(unsigned long)            10333
  dyld4::JustInTimeLoader::beginInitializers(dyld4::RuntimeState&)            10500
  CRYPTO_atomic_or                                              10542
  ossl_cipher_generic_set_ctx_params                            10875
  ossl_lib_ctx_get_ex_data_global                               10917
  ENGINE_register_pkey_asn1_meths                               11041
  ossl_lib_ctx_get_rcukey                                       11209
  NCONF_get_section                                             11249
  deflt_query                                                   11459
  engine_free_util                                              11624
  ossl_sa_doall_arg                                             11960
  OPENSSL_cleanse                                               11999
  dyld4::RuntimeState::doSingletonPatching(dyld4::DyldCacheDataConstLazyScopedWriter&)            12167
  aes_siv_gettable_ctx_params                                   12626
  EVP_add_cipher                                                12792
  ossl_cipher_capable_aes_cbc_hmac_sha256                       12959
  ossl_cipher_capable_aes_cbc_hmac_sha1                         13042
  cipher_ocb_gettable_ctx_params                                13626
  fstat                                                         13917
  dyld4::Loader::loadDependents(Diagnostics&, dyld4::RuntimeState&, dyld4::Loader::LoadOptions const&)            13959
  BIO_clear_flags                                               14082
  dyld4::DyldCacheDataConstLazyScopedWriter::DyldCacheDataConstLazyScopedWriter(dyld4::RuntimeState&)            14166
  aes_cbc_cts_gettable_ctx_params                               14210
  __bzero                                                       14375
  lsl::EphemeralAllocator::~EphemeralAllocator()                14625
  dyld4::Loader::path() const                                   15167
  DSO_free                                                      15248
  _NSGetEnviron                                                 15291
  sa_doall                                                      15292
  BIO_get_data                                                  15293
  CRYPTO_atomic_add                                             15374
  dyld4::JustInTimeLoader::loadDependents(Diagnostics&, dyld4::RuntimeState&, dyld4::Loader::LoadOptions const&)            15375
  dyld3::MachOFile::is64() const                                15833
  ossl_aes_gcm_siv_gettable_ctx_params                          15874
  __sflush                                                      16085
  camellia_cbc_cts_gettable_ctx_params                          16250
  _kernelrpc_mach_port_destruct_trap                            16417
  ossl_property_value                                           16958
  file_free                                                     16961
  file_new                                                      17083
  os_unfair_recursive_lock_unlock                               17124
  rack_region_insert                                            17209
  pthread_mutex_destroy                                         17459
  ossl_prov_is_running                                          17500
  invocation function for block in dyld4::Loader::forEachPath(Diagnostics&, dyld4::RuntimeState&, char const*, dyld4::Loader::Loa            17708
  dyld4::JustInTimeLoader::path() const                         18542
  OPENSSL_LH_get_down_load                                      18958
  FMT_istext                                                    19041
  kdebug_is_enabled                                             19127
  BIO_new                                                       19251
  CRYPTO_THREAD_lock_free                                       19749
  mach_msg2_trap                                                19833
  pthread_cond_init                                             19874
  small_try_realloc_in_place                                    20126
  small_free_list_remove_ptr                                    20375
  os_unfair_recursive_lock_lock_with_options                    20791
  dyld4::LibSystemHelpers::pthread_getspecific(unsigned long) const            20917
  property_free                                                 21042
  dyld4::Loader::matchesPath(char const*) const                 21084
  lsl::EphemeralAllocator::deallocate_buffer(lsl::MemoryManager::Buffer)            21416
  __chkstk_darwin_probe                                         21501
  small_free_list_find_by_ptr                                   21959
  small_size                                                    22124
  ___chkstk_darwin                                              22877
  os_unfair_lock_assert_not_owner                               23125
  dyld4::ProcessConfig::DyldCache::indexOfPath(char const*, unsigned int&) const            23542
  _kernelrpc_mach_vm_deallocate_trap                            24584
  small_free_list_remove_ptr_no_clear                           25001
  pthread_mutex_init                                            26127
  dyld4::Loader::loadAddress(dyld4::RuntimeState&) const            26166
  dyld3::ScopedTimer::endTimer()                                26834
  ossl_property_name                                            27542
  OPENSSL_strnlen                                               27582
  __findenv_locked                                              27667
  lsl::MemoryManager::lockGuard()                               28499
  OPENSSL_sk_delete                                             29207
  dyld4::JustInTimeLoader::loadAddress(dyld4::RuntimeState&) const            32540
  _pthread_mutex_check_init_slow                                33749
  lsl::AllocationMetadata::AllocationMetadata(lsl::Allocator*, unsigned long)            33833
  CRYPTO_new_ex_data                                            35168
  OPENSSL_LH_set_down_load                                      37040
  __read_nocancel                                               37917
  tiny_free_list_remove_ptr                                     38415
  szone_good_size                                               38792
  dyld4::LibSystemHelpers::os_unfair_recursive_lock_unlock(os_unfair_recursive_lock_s*) const            38833
  small_free_list_add_ptr                                       39960
  Diagnostics::hasError() const                                 40542
  OPENSSL_sk_free                                               41663
  __open                                                        42000
  ossl_rcu_write_lock                                           42375
  get_tiny_previous_free_msize                                  43584
  EVP_PKEY_asn1_get0                                            44042
  _kernelrpc_mach_vm_map_trap                                   44500
  dyld4::LibSystemHelpers::os_unfair_lock_unlock(os_unfair_lock_s*) const            45335
  Diagnostics::noError() const                                  45624
  ossl_rcu_write_unlock                                         45710
  pthread_setspecific                                           47081
  ossl_tdes_gettable_ctx_params                                 48207
  dyld3::MachOFile::read_uleb128(Diagnostics&, unsigned char const*&, unsigned char const*)            51249
  dyld4::LibSystemHelpers::os_unfair_recursive_lock_lock_with_options(os_unfair_recursive_lock_s*, os_unfair_lock_options_t) cons            52291
  EVP_PKEY_asn1_get0_info                                       55751
  dyld4::RuntimeState::PermanentRanges::contains(unsigned long, unsigned long, unsigned char*, dyld4::Loader const**) const            55792
  small_malloc_from_free_list                                   55876
  __write_nocancel                                              56208
  pthread_cond_broadcast                                        57457
  szone_malloc                                                  57918
  tiny_size                                                     59415
  madvise                                                       61250
  realloc                                                       61665
  dyld4::LibSystemHelpers::os_unfair_lock_lock_with_options(os_unfair_lock_s*, os_unfair_lock_options_t) const            62167
  _tiny_check_and_zero_inline_meta_from_freelist                63541
  lsl::EphemeralAllocator::allocate_buffer(unsigned long, unsigned long, unsigned long)            65208
  _qsort                                                        65211
  set_tiny_meta_header_in_use                                   65459
  tiny_free_list_add_ptr                                        72080
  ossl_cipher_aead_gettable_ctx_params                          74044
  OPENSSL_sk_pop_free                                           75584
  strcmp                                                        76998
  _szone_free                                                   77543
  __close_nocancel                                              79542
  os_unfair_lock_assert_owner                                   79833
  szone_try_free_default                                        80291
  invocation function for block in dyld3::MachOFile::getDylibInstallName(char const**, unsigned int*, unsigned int*) const            81502
  dyld3::kdebug_trace_dyld_duration_end(unsigned long long, unsigned int, dyld3::kt_arg, dyld3::kt_arg, dyld3::kt_arg)            84042
  rack_get_thread_index                                         84958
  property_hash                                                 88333
  dyld3::OverflowSafeArray<unsigned int, 4294967295ul>::verifySpace(unsigned long)            92541
  EVP_CIPHER_get_type                                           95459
  dyld4::Loader::contains(dyld4::RuntimeState&, void const*, void const**, unsigned long long*, unsigned char*) const            96375
  pthread_cond_signal                                          105625
  nanov2_size                                                  115917
  Diagnostics::assertNoError() const                           116795
  pthread_rwlock_init                                          118042
  pthread_rwlock_destroy                                       126501
  os_unfair_lock_unlock                                        131580
  Diagnostics::~Diagnostics()                                  141250
  Diagnostics::Diagnostics(bool)                               151126
  __open_nocancel                                              151916
  get_legacy_evp_names                                         165956
  ossl_ctype_check                                             171833
  os_unfair_lock_lock_with_options                             179085
  invocation function for block in dyld3::MachOFile::getEntry(unsigned long long&, bool&) const           194918
  nanov2_pointer_size                                          197784
  EVP_MD_get_type                                              198001
  free                                                         205835
  _Block_object_dispose                                        219751
  nanov2_allocate_from_block                                   230587
  OPENSSL_hexchar2int                                          240789
  ossl_sa_set                                                  256918
  trim_ws                                                      280500
  invocation function for block in dyld4::JustInTimeLoader::contains(dyld4::RuntimeState&, void const*, void const**, unsigned lo           296041
  strncmp                                                      299957
  BUF_MEM_new                                                  303500
  names_free                                                   322587
  OBJ_get0_data                                                339289
  OPENSSL_LH_doall                                             341003
  OPENSSL_LH_flush                                             341832
  OSSL_PARAM_set_uint                                          352163
  ossl_provider_ctx                                            356921
  conf_value_cmp                                               378788
  EVP_CIPHER_get_nid                                           379670
  ossl_lib_ctx_unlock                                          390202
  invocation function for block in dyld3::MachOLoaded::findClosestSymbol(unsigned long long, char const**, unsigned long long*) c           390914
  OSSL_PARAM_locate_const                                      411166
  ossl_lib_ctx_read_lock                                       437618
  OPENSSL_LH_set_thunks                                        445419
  property_defn_cmp                                            453499
  ossl_cipher_generic_gettable_ctx_params                      460831
  evp_cipher_up_ref                                            465673
  value_free_hash                                              472870
  property_defn_hash                                           474115
  function_hash                                                477659
  ossl_provider_free                                           486242
  CRYPTO_realloc                                               489754
  BN_free                                                      499673
  ossl_provider_up_ref                                         502712
  eat_alpha_numeric                                            513920
  OSSL_PARAM_set_uint32                                        515574
  ASN1_OBJECT_free                                             519787
  ossl_sa_get                                                  531663
  sa_free_node                                                 563786
  OSSL_PARAM_construct_end                                     565291
  EVP_CIPHER_get0_provider                                     572630
  OSSL_PARAM_construct_uint                                    583419
  do_all_fn                                                    597039
  evp_cipher_free                                              599074
  EVP_CIPHER_free                                              661995
  ossl_provider_libctx                                         826673
  invocation function for block in dyld3::MachOLoaded::getLinkEditLoadCommands(Diagnostics&, dyld3::MachOLoaded::LinkEditInfo&) c           842335
  _platform_strncmp                                            877380
  internal_free_nop                                            885543
  name_string_free                                             922793
  OPENSSL_LH_error                                             931076
  invocation function for block in dyld3::MachOFile::forEachSegment(void (dyld3::MachOFile::SegmentInfo const&, bool&) block_poin          1125915
  BUF_MEM_grow                                                1130914
  OSSL_PARAM_set_size_t                                       1165501
  sk_reserve                                                  1184333
  pthread_getspecific                                         1185539
  _os_once                                                    1207349
  CRYPTO_THREAD_get_local                                     1325299
  _platform_memchr                                            1366075
  ossl_rcu_assign_uptr                                        1442288
  OSSL_PARAM_set_uint64                                       1554869
  names_lh_free_doall                                         1566463
  ossl_lib_ctx_get_data                                       1643669
  OSSL_PARAM_set_int                                          1666483
  pthread_mutex_lock                                          1737507
  _platform_strchr                                            1767907
  pthread_mutex_unlock                                        1852967
  OSSL_PARAM_construct_size_t                                 1859471
  _nanov2_free                                                1929421
  _pthread_mutex_lock_init_slow                               1993083
  OPENSSL_sk_push                                             2026736
  OPENSSL_sk_num                                              2061274
  _pthread_mutex_unlock_init_slow                             2116418
  _pthread_mutex_firstfit_lock_slow                           2215131
  _pthread_mutex_firstfit_unlock_slow                         2309341
  OPENSSL_sk_value                                            2359793
  OSSL_PARAM_set_int32                                        2519534
  obj_name_cmp                                                2549740
  OPENSSL_LH_strhash                                          2713494
  OSSL_PARAM_construct_int                                    2825075
  _platform_memcmp                                            2833821
  pthread_once                                                3139847
  OBJ_nid2obj                                                 3200860
  CRYPTO_atomic_load                                          3381094
  pthread_rwlock_rdlock                                       3403586
  SortFnByName                                                3442206
  ossl_lh_strcasehash                                         3762523
  __error                                                     3847717
  cipher_compare                                              4012839
  ossl_isdigit                                                4084670
  fnv1a_hash                                                  4510392
  _platform_memmove                                           6616653
  pthread_rwlock_wrlock                                       6812230
  pthread_rwlock_unlock                                      10184652
  err_string_data_cmp                                        10896605
  CRYPTO_free                                                12562017
  malloc                                                     13554142
  doapr_outch                                                15480108
  err_string_data_hash                                       16636140
  nanov2_malloc                                              18769012
  _platform_strlen                                           23603967
  _platform_memset                                           26279502
  nanov2_try_free_default                                    26943133
  _platform_strcmp                                           28569020
  ossl_tolower                                               61581702
