
  EVP_md5                                                        1666
  pd_free                                                        1750
  sigaction                                                      1750
  EVP_bf_ofb                                                     2041
  EVP_des_cbc                                                    2041
  EVP_bf_cbc                                                     2042
  EVP_rc2_ofb                                                    2042
  EVP_rc4_40                                                     2042
  EVP_sha1                                                       2042
  EVP_sha224                                                     2042
  EVP_rc4                                                        2083
  EVP_sm4_cbc                                                    2083
  UI_OpenSSL                                                     2083
  EVP_des_ofb                                                    2125
  EVP_seed_ofb                                                   2166
  EVP_des_ecb                                                    2167
  EVP_idea_cbc                                                   2167
  EVP_seed_cbc                                                   2167
  opt_unknown                                                    2208
  strchr                                                         2208
  EVP_bf_cfb64                                                   2250
  EVP_mdc2                                                       2250
  EVP_rc2_cbc                                                    2250
  EVP_sha384                                                     2250
  EVP_sm4_ctr                                                    2250
  EVP_sm4_ofb                                                    2291
  EVP_cast5_ofb                                                  2292
  EVP_idea_ofb                                                   2292
  EVP_sha512                                                     2292
  EVP_sm3                                                        2292
  _cleanup                                                       2292
  EVP_sha3_512                                                   2333
  EVP_cast5_cbc                                                  2334
  EVP_des_cfb8                                                   2334
  app_get0_propq                                                 2334
  COMP_get_type                                                  2375
  EVP_bf_ecb                                                     2375
  EVP_sha3_224                                                   2375
  UI_null                                                        2375
  EVP_ripemd160                                                  2416
  EVP_shake128                                                   2416
  EVP_md4                                                        2458
  EVP_md5_sha1                                                   2458
  EVP_seed_ecb                                                   2458
  EVP_sha512_224                                                 2458
  EVP_sha512_256                                                 2458
  EVP_des_cfb1                                                   2459
  EVP_idea_ecb                                                   2459
  EVP_aes_256_cbc                                                2500
  EVP_chacha20                                                   2500
  EVP_des_ede                                                    2500
  EVP_rc2_64_cbc                                                 2500
  EVP_rc2_cfb64                                                  2500
  EVP_shake256                                                   2500
  EVP_sm4_ecb                                                    2500
  EVP_aes_256_ccm                                                2541
  EVP_aes_192_cbc                                                2542
  EVP_aes_192_ccm                                                2542
  EVP_aes_256_xts                                                2542
  EVP_rc2_ecb                                                    2542
  EVP_sha3_384                                                   2542
  release_engine                                                 2542
  EVP_aes_192_gcm                                                2583
  EVP_aes_256_cfb1                                               2583
  EVP_blake2s256                                                 2583
  EVP_des_ede_cbc                                                2583
  EVP_des_ede_ofb                                                2583
  EVP_desx_cbc                                                   2583
  EVP_aes_192_ocb                                                2584
  EVP_aes_128_ofb                                                2625
  EVP_aes_192_ecb                                                2625
  EVP_aes_256_ctr                                                2625
  EVP_aria_192_cbc                                               2625
  EVP_aria_256_gcm                                               2625
  lh_FUNCTION_free                                               2625
  opt_next                                                       2625
  EVP_aria_256_cbc                                               2666
  EVP_aria_256_ctr                                               2666
  ossl_trace_cleanup                                             2666
  EVP_aes_128_cbc                                                2667
  EVP_aes_256_ofb                                                2667
  EVP_aria_192_ecb                                               2667
  EVP_aria_256_ecb                                               2667
  EVP_sha3_256                                                   2667
  EVP_whirlpool                                                  2667
  vm_deallocate                                                  2667
  EVP_aes_192_cfb8                                               2708
  EVP_aes_192_ofb                                                2708
  EVP_aes_256_gcm                                                2708
  EVP_aria_192_ofb                                               2709
  EVP_des_ede3                                                   2709
  EVP_idea_cfb64                                                 2709
  EVP_aes_192_cfb1                                               2750
  EVP_aria_128_ofb                                               2750
  EVP_aria_192_gcm                                               2750
  EVP_cast5_ecb                                                  2750
  EVP_rc2_40_cbc                                                 2750
  EVP_rc4_hmac_md5                                               2750
  EVP_seed_cfb128                                                2750
  EVP_aes_256_cfb8                                               2791
  EVP_des_ede3_ofb                                               2791
  EVP_aes_256_wrap                                               2792
  EVP_aria_256_ccm                                               2792
  EVP_aria_256_cfb1                                              2792
  ENGINE_set_name                                                2833
  EVP_aes_128_cfb1                                               2833
  EVP_aes_192_ctr                                                2833
  EVP_aes_256_ecb                                                2833
  EVP_cast5_cfb64                                                2833
  NCONF_default                                                  2833
  EVP_aes_128_cfb8                                               2834
  EVP_aria_192_ctr                                               2834
  def_to_int                                                     2834
  EVP_aes_128_ccm                                                2875
  EVP_aria_128_ecb                                               2875
  EVP_aria_192_ccm                                               2875
  EVP_aria_256_ofb                                               2875
  EVP_sm4_cfb128                                                 2875
  strrchr                                                        2916
  EVP_aes_128_ctr                                                2917
  EVP_aes_192_cfb128                                             2917
  EVP_aes_192_wrap                                               2917
  EVP_aria_128_cbc                                               2917
  EVP_aria_128_ctr                                               2917
  EVP_aria_256_cfb8                                              2917
  ENGINE_set_id                                                  2958
  EVP_MD_free                                                    2958
  EVP_aes_256_ocb                                                2958
  EVP_aria_128_ccm                                               2958
  EVP_blake2b512                                                 2958
  EVP_des_ede3_cbc                                               2958
  EVP_des_ede3_cfb8                                              2958
  getrlimit                                                      2958
  EVP_aes_128_ocb                                                2959
  EVP_des_ede3_cfb1                                              2959
  query_hash                                                     2959
  EVP_aes_128_gcm                                                3000
  EVP_aria_192_cfb128                                            3000
  EVP_aria_192_cfb8                                              3000
  property_cmp                                                   3000
  BIO_f_cipher                                                   3041
  EVP_des_ede3_wrap                                              3041
  EVP_aes_128_cfb128                                             3042
  EVP_aria_128_cfb1                                              3042
  EVP_aria_128_cfb8                                              3042
  EVP_aria_192_cfb1                                              3042
  signal                                                         3042
  EVP_aria_256_cfb128                                            3125
  OBJ_obj2txt                                                    3125
  def_init_default                                               3125
  function_cmp                                                   3166
  EVP_aes_128_xts                                                3208
  EVP_aria_128_cfb128                                            3208
  EVP_des_cfb64                                                  3208
  EVP_des_ede_cfb64                                              3208
  UI_method_set_writer                                           3208
  __cxa_finalize                                                 3208
  EVP_camellia_256_cbc                                           3250
  EVP_camellia_256_ofb                                           3250
  UI_method_set_closer                                           3250
  __smakebuf                                                     3250
  ossl_comp_zstd_cleanup                                         3250
  EVP_camellia_192_ofb                                           3291
  EVP_aes_128_wrap                                               3292
  EVP_camellia_192_ctr                                           3292
  EVP_camellia_256_ecb                                           3292
  OSSL_LIB_CTX_get_data                                          3292
  EVP_CIPHER_get_flags                                           3333
  EVP_camellia_192_cfb1                                          3333
  OSSL_PARAM_modified                                            3333
  EVP_aes_128_ecb                                                3334
  EVP_aes_256_wrap_pad                                           3334
  EVP_aria_128_gcm                                               3334
  COMP_zlib                                                      3375
  EVP_camellia_128_cbc                                           3375
  EVP_camellia_192_cbc                                           3375
  EVP_camellia_256_cfb8                                          3375
  EVP_chacha20_poly1305                                          3375
  ossl_store_cleanup_int                                         3375
  EVP_des_ede3_cfb64                                             3416
  EVP_aes_192_wrap_pad                                           3417
  EVP_aes_256_cfb128                                             3417
  EVP_camellia_128_ofb                                           3417
  EVP_add_alg_module                                             3458
  bio_sock_cleanup_int                                           3458
  pthread_self                                                   3458
  EVP_camellia_128_cfb8                                          3459
  EVP_camellia_192_cfb8                                          3459
  EVP_camellia_128_ctr                                           3500
  app_RAND_write                                                 3500
  init_thread_stop                                               3500
  EVP_camellia_128_cfb1                                          3541
  EVP_camellia_256_cfb1                                          3541
  ENGINE_set_flags                                               3542
  EVP_aes_128_wrap_pad                                           3542
  store_loader_cmp                                               3542
  opt_set_unknown_name                                           3583
  ossl_comp_brotli_cleanup                                       3583
  ossl_prov_ctx_new                                              3583
  UI_method_set_opener                                           3584
  ossl_comp_zlib_cleanup                                         3584
  EVP_camellia_128_cfb128                                        3625
  ossl_prov_ctx_free                                             3625
  tiny_free_no_lock                                              3625
  EVP_camellia_256_ctr                                           3666
  BIO_meth_set_ctrl                                              3667
  ossl_lib_ctx_write_lock                                        3667
  ERR_get_error_all                                              3708
  OSSL_STORE_register_loader                                     3708
  engine_load_rdrand_int                                         3708
  ERR_print_errors                                               3709
  evp_app_cleanup_int                                            3709
  BIO_meth_set_puts                                              3750
  EVP_CipherUpdate                                               3750
  EVP_CipherFinal_ex                                             3791
  ASN1_add_stable_module                                         3792
  BIO_meth_set_create                                            3792
  BIO_meth_set_gets                                              3792
  ossl_prov_ctx_set0_handle                                      3792
  EVP_camellia_192_ecb                                           3833
  free_medium                                                    3833
  UI_method_set_reader                                           3834
  EVP_camellia_128_ecb                                           3875
  opt_check_rest_arg                                             3875
  ASN1_add_oid_module                                            3917
  ossl_prov_ctx_set0_libctx                                      3959
  BIO_meth_set_destroy                                           4000
  EVP_CIPHER_fetch                                               4000
  EVP_camellia_192_cfb128                                        4000
  EVP_camellia_256_cfb128                                        4000
  NCONF_get0_libctx                                              4000
  __getrlimit                                                    4000
  core_get_libctx                                                4000
  dyld4::APIs::_tlv_exit()                                       4000
  ENGINE_set_cmd_defns                                           4041
  ossl_method_unlock_store                                       4042
  EVP_PKEY_asn1_get_count                                        4166
  aes_v8_set_encrypt_key                                         4166
  ossl_method_lock_store                                         4166
  ossl_stored_namemap_free                                       4166
  OSSL_LIB_CTX_free                                              4167
  OSSL_STORE_unregister_loader                                   4167
  ossl_prov_ctx_get0_libctx                                      4167
  EVP_CIPHER_get_iv_length                                       4208
  ossl_lib_ctx_is_default                                        4208
  CRYPTO_THREAD_get_current_id                                   4209
  null_gettable_ctx_params                                       4250
  ENGINE_add_conf_module                                         4333
  aes_192_ctr_get_params                                         4333
  aes_256_cbc_get_params                                         4333
  ossl_cipher_generic_reset_ctx                                  4333
  sm4_128_cbc_get_params                                         4333
  aes_128_ofb_get_params                                         4334
  aes_256_ctr_get_params                                         4375
  BIO_meth_set_read_ex                                           4416
  aes_192_cbc_get_params                                         4416
  aria_128_cfb1_get_params                                       4416
  BIO_meth_set_write_ex                                          4417
  aes_192_siv_get_params                                         4417
  chacha20_gettable_ctx_params                                   4417
  close                                                          4417
  sm4_128_ctr_get_params                                         4417
  EVP_sha256                                                     4418
  aes_128_cbc_get_params                                         4458
  aes_128_ecb_get_params                                         4458
  chacha20_get_params                                            4458
  pthread_cond_destroy                                           4458
  ENGINE_set_ctrl_function                                       4459
  aes_192_ecb_get_params                                         4459
  tdes_ede2_ofb_get_params                                       4459
  OSSL_CMP_log_close                                             4500
  aes_128_xts_get_params                                         4500
  aes_192_cfb_get_params                                         4500
  aria_128_cfb_get_params                                        4500
  aria_192_cbc_get_params                                        4500
  aria_192_ctr_get_params                                        4500
  aria_256_ofb_get_params                                        4500
  ossl_config_add_ssl_module                                     4500
  tdes_ede2_cbc_get_params                                       4500
  tdes_ede2_ecb_get_params                                       4500
  aes_128_cfb_get_params                                         4541
  aes_256_ofb_get_params                                         4541
  aria_128_ofb_get_params                                        4541
  CONF_imodule_get_value                                         4542
  aes_192_ccm_get_params                                         4542
  aes_192_gcm_get_params                                         4542
  aes_256_cfb1_get_params                                        4542
  aes_256_cfb_get_params                                         4542
  aes_256_gcm_get_params                                         4542
  aria_192_ecb_get_params                                        4542
  aria_192_ofb_get_params                                        4542
  sm4_128_cfb128_get_params                                      4542
  aes_128_siv_get_params                                         4583
  aria_192_cfb8_get_params                                       4583
  aria_256_ctr_get_params                                        4583
  ossl_bio_core_globals_free                                     4583
  tdes_ede2_cfb_get_params                                       4583
  aes_256_siv_get_params                                         4584
  BIO_free                                                       4625
  OSSL_ERR_STATE_new                                             4625
  OSSL_STORE_LOADER_free                                         4625
  aes_128_cfb1_get_params                                        4625
  aes_192_cfb8_get_params                                        4625
  aes_256_xts_get_params                                         4625
  aes_v8_ctr32_encrypt_blocks                                    4625
  ossl_rand_cleanup_int                                          4625
  tdes_ede3_cfb_get_params                                       4625
  tdes_wrap_get_params                                           4625
  aria_192_cfb_get_params                                        4666
  sm4_128_ccm_get_params                                         4666
  aes_128_ccm_get_params                                         4667
  aes_128_ocb_get_params                                         4667
  engine_pkey_meths_free                                         4667
  tdes_ede3_cfb1_get_params                                      4667
  aes_192_ocb_get_params                                         4708
  aes_192_wrap_get_params                                        4708
  aria_256_cfb1_get_params                                       4708
  tdes_ede3_ofb_get_params                                       4708
  aria_128_ecb_get_params                                        4709
  tdes_ede3_cbc_get_params                                       4709
  UI_method_set_prompt_constructor                               4750
  aes_128_cfb8_get_params                                        4750
  aes_128_ctr_get_params                                         4750
  aes_128_wrappad_get_params                                     4750
  aes_192_cfb1_get_params                                        4750
  aes_cts_128_cbc_get_params                                     4750
  aes_cts_192_cbc_get_params                                     4750
  aria_128_ccm_get_params                                        4750
  aria_256_cfb_get_params                                        4750
  ossl_store_register_init                                       4750
  sm4_128_gcm_get_params                                         4750
  sm4_128_ofb128_get_params                                      4750
  sm4_128_xts_get_params                                         4750
  EVP_CIPHER_get_key_length                                      4791
  aes_256_cfb8_get_params                                        4791
  sm4_128_ecb_get_params                                         4791
  EVP_aes_256_cbc_hmac_sha1                                      4792
  aes_256_ecb_get_params                                         4792
  aes_192_wrapinv_get_params                                     4833
  aria_128_cbc_get_params                                        4833
  camellia_128_ctr_get_params                                    4833
  tdes_ede3_cfb8_get_params                                      4833
  aria_128_cfb8_get_params                                       4834
  aria_128_ctr_get_params                                        4834
  camellia_256_cbc_get_params                                    4834
  ossl_child_prov_ctx_new                                        4834
  ossl_random_add_conf_module                                    4834
  EVP_aes_256_cbc_hmac_sha256                                    4875
  OSSL_trace_set_channel                                         4875
  aes_192_ofb_get_params                                         4875
  aes_256_ocb_get_params                                         4875
  aes_256_wrap_get_params                                        4875
  aria_128_gcm_get_params                                        4875
  aria_192_gcm_get_params                                        4875
  camellia_128_ecb_get_params                                    4875
  def_is_number                                                  4875
  lsl::Lock::unlock()                                            4875
  ossl_provider_add_conf_module                                  4875
  OPENSSL_cpuid_setup                                            4916
  aes_128_gcm_get_params                                         4916
  aria_192_cfb1_get_params                                       4916
  aria_256_cfb8_get_params                                       4916
  camellia_128_cbc_get_params                                    4916
  camellia_128_cfb_get_params                                    4916
  camellia_192_cfb1_get_params                                   4916
  ossl_prov_ctx_set0_core_bio_method                             4916
  OSSL_STORE_LOADER_set_close                                    4917
  OSSL_STORE_LOADER_set_error                                    4917
  aes_256_ccm_get_params                                         4917
  aria_256_ecb_get_params                                        4917
  ossl_prov_cipher_hw_aes_ctr                                    4917
  EVP_aes_128_cbc_hmac_sha256                                    4958
  aes_192_wrappad_get_params                                     4958
  camellia_192_cbc_get_params                                    4958
  camellia_256_ctr_get_params                                    4958
  ENGINE_set_finish_function                                     5000
  aria_192_ccm_get_params                                        5000
  aria_256_cbc_get_params                                        5000
  aria_256_ccm_get_params                                        5000
  camellia_128_ofb_get_params                                    5000
  camellia_192_cfb8_get_params                                   5000
  camellia_192_ecb_get_params                                    5000
  camellia_256_cfb1_get_params                                   5000
  camellia_256_cfb_get_params                                    5000
  ossl_indicator_set_callback_free                               5000
  ENGINE_load_builtin_engines                                    5041
  EVP_aes_128_cbc_hmac_sha1                                      5041
  camellia_192_ofb_get_params                                    5041
  OSSL_STORE_LOADER_set_load                                     5042
  OSSL_STORE_LOADER_set_open                                     5042
  aria_256_gcm_get_params                                        5042
  camellia_192_cfb_get_params                                    5042
  camellia_256_ofb_get_params                                    5042
  Diagnostics::clearError()                                      5083
  OSSL_STORE_LOADER_set_expect                                   5083
  aes_256_wrapinv_get_params                                     5083
  camellia_128_cfb1_get_params                                   5083
  camellia_192_ctr_get_params                                    5083
  ossl_self_test_set_callback_free                               5083
  aes_cts_256_cbc_get_params                                     5125
  ossl_property_has_optional                                     5125
  tdes_ede3_ecb_get_params                                       5125
  camellia_128_cfb8_get_params                                   5166
  ossl_property_match_count                                      5166
  camellia_256_cfb8_get_params                                   5167
  ossl_ctx_global_properties_new                                 5167
  aes_256_wrappadinv_get_params                                  5208
  ossl_init_thread_deregister                                    5208
  OPENSSL_sk_sort                                                5249
  ENGINE_get_cipher_engine                                       5250
  engine_remove_dynamic_id                                       5250
  medium_region_for_ptr_no_lock                                  5250
  ossl_free_compression_methods_int                              5250
  aes_192_wrappadinv_get_params                                  5333
  camellia_256_ecb_get_params                                    5333
  camellia_cts_192_cbc_get_params                                5334
  aes_256_wrappad_get_params                                     5375
  OSSL_PARAM_get_int                                             5376
  aes_128_wrapinv_get_params                                     5458
  chacha20_poly1305_get_params                                   5459
  EVP_CIPHER_CTX_get_block_size                                  5500
  __fcntl                                                        5500
  engine_pkey_asn1_meths_free                                    5500
  ossl_aes_256_gcm_siv_get_params                                5500
  ossl_indicator_set_callback_new                                5542
  aes_128_wrappadinv_get_params                                  5583
  camellia_cts_256_cbc_get_params                                5583
  ossl_provider_unquery_operation                                5583
  aes_128_wrap_get_params                                        5584
  ossl_bio_core_globals_new                                      5625
  app_get0_libctx                                                5667
  chacha20_poly1305_gettable_ctx_params                          5667
  ossl_self_test_set_callback_new                                5667
  ossl_aes_192_gcm_siv_get_params                                5709
  ossl_prov_ctx_get0_core_bio_method                             5709
  memset                                                         5792
  opt_arg                                                        5792
  getegid                                                        5874
  OSSL_LIB_CTX_set_conf_diagnostics                              5917
  ossl_prov_seeding_from_dispatch                                5958
  getuid                                                         6000
  ossl_aes_128_gcm_siv_get_params                                6083
  camellia_cts_128_cbc_get_params                                6125
  geteuid                                                        6166
  OSSL_STORE_LOADER_set_eof                                      6208
  getgid                                                         6208
  BIO_set_data                                                   6209
  ossl_prov_bio_from_dispatch                                    6291
  EVP_CIPHER_get_mode                                            6417
  ENGINE_set_init_function                                       6458
  EVP_RAND_CTX_free                                              6458
  OSSL_PARAM_get_int32                                           6541
  medium_malloc_from_free_list                                   6667
  BIO_next                                                       6832
  dyld4::Loader::hiddenFromFlat(bool) const                      6833
  dyld3::kdebug_trace_dyld_enabled(unsigned int)                 6834
  dyld4::RuntimeState::notifyObjCPatching()                      6917
  __sigaction                                                    7083
  dyld4::handleFromLoader(dyld4::Loader const*, bool)             7208
  EVP_CipherInit_ex                                              7250
  bio_open_default                                               7292
  _platform_strnlen                                              7417
  dyld4::BumpAllocator::~BumpAllocator()                         7459
  store_loader_hash                                              7500
  ENGINE_register_EC                                             7584
  __sclose                                                       7707
  _kernelrpc_mach_port_deallocate_trap                           7750
  file_ctrl                                                      7875
  ENGINE_register_DH                                             7916
  openssl_fopen                                                  7917
  _kernelrpc_mach_port_construct_trap                            7958
  OPENSSL_sk_pop                                                 7959
  err_unshelve_state                                             8000
  dyld4::JustInTimeLoader::hiddenFromFlat(bool) const             8084
  ENGINE_register_RSA                                            8167
  ENGINE_register_DSA                                            8208
  ENGINE_register_RAND                                           8333
  X509_get_default_cert_area                                     8374
  flsl                                                           8458
  free_small                                                     8834
  __sflags                                                       8875
  lsl::EphemeralAllocator::reset()                               8875
  strlen                                                         8916
  BIO_set_init                                                   8917
  dyld4::Loader::beginInitializers(dyld4::RuntimeState&)             9125
  dyld4::RuntimeState::incDlRefCount(dyld4::Loader const*)             9125
  ossl_lib_ctx_get_concrete                                      9167
  ossl_sa_new                                                    9249
  ENGINE_register_digests                                        9250
  ENGINE_register_ciphers                                        9291
  DSO_METHOD_openssl                                             9375
  ossl_cipher_generic_einit                                      9416
  lsl::Vector<dyld4::Loader const*>::reserveExact(unsigned long)             9459
  ossl_property_free                                             9459
  tiny_try_realloc_in_place                                      9542
  BIO_set_flags                                                  9625
  ENGINE_register_pkey_meths                                     9708
  BIO_copy_next_retry                                            9916
  ossl_cipher_generic_set_ctx_params                             9916
  lsl::Vector<lsl::MemoryManager::Buffer>::reserve(unsigned long)            10333
  dyld4::JustInTimeLoader::beginInitializers(dyld4::RuntimeState&)            10500
  OSSL_LIB_CTX_get_conf_diagnostics                             10542
  CRYPTO_atomic_or                                              10583
  tiny_malloc_from_free_list                                    10667
  deflt_query                                                   10958
  engine_free_util                                              10958
  ossl_lib_ctx_get_ex_data_global                               11000
  ENGINE_register_pkey_asn1_meths                               11125
  OPENSSL_cleanse                                               11209
  ossl_lib_ctx_get_rcukey                                       11416
  ossl_sa_doall_arg                                             11625
  NCONF_get_section                                             11793
  aes_siv_gettable_ctx_params                                   11959
  dyld4::RuntimeState::doSingletonPatching(dyld4::DyldCacheDataConstLazyScopedWriter&)            12417
  ossl_property_value                                           12542
  ossl_cipher_capable_aes_cbc_hmac_sha256                       12583
  ossl_cipher_capable_aes_cbc_hmac_sha1                         12708
  EVP_add_cipher                                                13374
  BIO_clear_flags                                               13583
  aes_cbc_cts_gettable_ctx_params                               13625
  cipher_ocb_gettable_ctx_params                                13626
  fstat                                                         14000
  dyld4::Loader::loadDependents(Diagnostics&, dyld4::RuntimeState&, dyld4::Loader::LoadOptions const&)            14292
  dyld4::DyldCacheDataConstLazyScopedWriter::DyldCacheDataConstLazyScopedWriter(dyld4::RuntimeState&)            14459
  dyld4::Loader::path() const                                   14541
  BIO_get_data                                                  14709
  sa_doall                                                      14751
  DSO_free                                                      14793
  CRYPTO_atomic_add                                             14875
  ossl_aes_gcm_siv_gettable_ctx_params                          15375
  dyld4::JustInTimeLoader::loadDependents(Diagnostics&, dyld4::RuntimeState&, dyld4::Loader::LoadOptions const&)            15666
  __sflush                                                      15750
  _NSGetEnviron                                                 15792
  dyld3::MachOFile::is64() const                                15834
  ossl_prov_is_running                                          16333
  file_new                                                      16414
  file_free                                                     16624
  __bzero                                                       16750
  lsl::EphemeralAllocator::~EphemeralAllocator()                17084
  _kernelrpc_mach_vm_deallocate_trap                            17167
  pthread_mutex_destroy                                         17418
  os_unfair_recursive_lock_unlock                               17542
  CRYPTO_THREAD_lock_free                                       17584
  invocation function for block in dyld4::Loader::forEachPath(Diagnostics&, dyld4::RuntimeState&, char const*, dyld4::Loader::Loa            17625
  dyld4::JustInTimeLoader::path() const                         17917
  BIO_new                                                       17958
  FMT_istext                                                    18042
  OPENSSL_LH_get_down_load                                      18167
  kdebug_is_enabled                                             19041
  small_free_list_remove_ptr                                    19125
  small_try_realloc_in_place                                    19834
  small_free_list_find_by_ptr                                   19873
  dyld4::LibSystemHelpers::pthread_getspecific(unsigned long) const            20167
  property_free                                                 20789
  rack_region_insert                                            20876
  os_unfair_recursive_lock_lock_with_options                    21001
  camellia_cbc_cts_gettable_ctx_params                          21043
  dyld4::Loader::matchesPath(char const*) const                 21292
  __chkstk_darwin_probe                                         21334
  lsl::EphemeralAllocator::deallocate_buffer(lsl::MemoryManager::Buffer)            21833
  small_size                                                    21916
  _kernelrpc_mach_port_destruct_trap                            22042
  lsl::Lock::lock()                                             22375
  os_unfair_lock_assert_not_owner                               22376
  ___chkstk_darwin                                              22417
  pthread_cond_init                                             22708
  dyld4::ProcessConfig::DyldCache::indexOfPath(char const*, unsigned int&) const            22917
  small_free_list_remove_ptr_no_clear                           23666
  dyld4::Loader::loadAddress(dyld4::RuntimeState&) const            24876
  dyld3::ScopedTimer::endTimer()                                26458
  mach_msg2_trap                                                27541
  pthread_mutex_init                                            27916
  __findenv_locked                                              27957
  OPENSSL_strnlen                                               27960
  dyld4::JustInTimeLoader::loadAddress(dyld4::RuntimeState&) const            28374
  OPENSSL_sk_delete                                             28375
  lsl::MemoryManager::lockGuard()                               28499
  ossl_property_name                                            29167
  _pthread_mutex_check_init_slow                                33541
  CRYPTO_new_ex_data                                            34875
  OPENSSL_LH_set_down_load                                      35250
  lsl::AllocationMetadata::AllocationMetadata(lsl::Allocator*, unsigned long)            36292
  small_free_list_add_ptr                                       36375
  tiny_free_list_remove_ptr                                     36959
  szone_good_size                                               38250
  dyld4::LibSystemHelpers::os_unfair_recursive_lock_unlock(os_unfair_recursive_lock_s*) const            38667
  OPENSSL_sk_free                                               39791
  Diagnostics::hasError() const                                 40291
  get_tiny_previous_free_msize                                  41043
  __open                                                        41083
  dyld4::LibSystemHelpers::os_unfair_lock_unlock(os_unfair_lock_s*) const            42250
  EVP_PKEY_asn1_get0                                            42252
  ossl_rcu_write_lock                                           42709
  __read_nocancel                                               43958
  _kernelrpc_mach_vm_map_trap                                   44041
  Diagnostics::noError() const                                  44582
  __write_nocancel                                              45999
  ossl_tdes_gettable_ctx_params                                 46041
  ossl_rcu_write_unlock                                         46042
  pthread_setspecific                                           47000
  dyld4::RuntimeState::PermanentRanges::contains(unsigned long, unsigned long, unsigned char*, dyld4::Loader const**) const            49500
  dyld3::MachOFile::read_uleb128(Diagnostics&, unsigned char const*&, unsigned char const*)            50624
  _tiny_check_and_zero_inline_meta_from_freelist                52834
  dyld4::LibSystemHelpers::os_unfair_recursive_lock_lock_with_options(os_unfair_recursive_lock_s*, os_unfair_lock_options_t) cons            53084
  small_malloc_from_free_list                                   54667
  madvise                                                       55542
  pthread_cond_broadcast                                        55833
  szone_malloc                                                  56210
  EVP_PKEY_asn1_get0_info                                       56375
  tiny_size                                                     58210
  dyld4::LibSystemHelpers::os_unfair_lock_lock_with_options(os_unfair_lock_s*, os_unfair_lock_options_t) const            61500
  realloc                                                       62705
  set_tiny_meta_header_in_use                                   63916
  lsl::EphemeralAllocator::allocate_buffer(unsigned long, unsigned long, unsigned long)            64708
  _qsort                                                        66207
  strcmp                                                        70296
  ossl_cipher_aead_gettable_ctx_params                          70459
  OPENSSL_sk_pop_free                                           70626
  _szone_free                                                   71996
  tiny_free_list_add_ptr                                        73125
  os_unfair_lock_assert_owner                                   74126
  __close_nocancel                                              78042
  dyld3::kdebug_trace_dyld_duration_end(unsigned long long, unsigned int, dyld3::kt_arg, dyld3::kt_arg, dyld3::kt_arg)            80207
  szone_try_free_default                                        83791
  invocation function for block in dyld3::MachOFile::getDylibInstallName(char const**, unsigned int*, unsigned int*) const            84499
  property_hash                                                 86161
  rack_get_thread_index                                         86582
  EVP_CIPHER_get_type                                           90462
  dyld3::OverflowSafeArray<unsigned int, 4294967295ul>::verifySpace(unsigned long)            91627
  dyld4::Loader::contains(dyld4::RuntimeState&, void const*, void const**, unsigned long long*, unsigned char*) const            98500
  pthread_cond_signal                                          104543
  Diagnostics::assertNoError() const                           113541
  nanov2_size                                                  115208
  pthread_rwlock_destroy                                       120793
  pthread_rwlock_init                                          128122
  os_unfair_lock_unlock                                        132003
  __open_nocancel                                              139418
  Diagnostics::~Diagnostics()                                  141830
  Diagnostics::Diagnostics(bool)                               146210
  get_legacy_evp_names                                         159166
  ossl_ctype_check                                             169748
  os_unfair_lock_lock_with_options                             172835
  EVP_MD_get_type                                              192499
  nanov2_pointer_size                                          195879
  free                                                         207546
  _Block_object_dispose                                        217375
  invocation function for block in dyld3::MachOFile::getEntry(unsigned long long&, bool&) const           226791
  nanov2_allocate_from_block                                   232712
  OPENSSL_hexchar2int                                          233751
  ossl_sa_set                                                  248705
  strncmp                                                      265581
  trim_ws                                                      280340
  invocation function for block in dyld4::JustInTimeLoader::contains(dyld4::RuntimeState&, void const*, void const**, unsigned lo           294749
  BUF_MEM_new                                                  308832
  names_free                                                   310741
  OPENSSL_LH_doall                                             329793
  OBJ_get0_data                                                330414
  OPENSSL_LH_flush                                             332380
  OSSL_PARAM_set_uint                                          338673
  ossl_provider_ctx                                            340821
  EVP_CIPHER_get_nid                                           364122
  ossl_lib_ctx_unlock                                          376709
  conf_value_cmp                                               379381
  OSSL_PARAM_locate_const                                      397035
  invocation function for block in dyld3::MachOLoaded::findClosestSymbol(unsigned long long, char const**, unsigned long long*) c           409291
  ossl_lib_ctx_read_lock                                       423207
  OPENSSL_LH_set_thunks                                        428713
  property_defn_cmp                                            444125
  ossl_cipher_generic_gettable_ctx_params                      445002
  evp_cipher_up_ref                                            455744
  property_defn_hash                                           465296
  ossl_provider_free                                           476629
  value_free_hash                                              478542
  BN_free                                                      481287
  ossl_provider_up_ref                                         492165
  function_hash                                                493795
  CRYPTO_realloc                                               493833
  OSSL_PARAM_set_uint32                                        504455
  ASN1_OBJECT_free                                             505246
  ossl_sa_get                                                  513662
  eat_alpha_numeric                                            516792
  sa_free_node                                                 544872
  OSSL_PARAM_construct_end                                     556083
  EVP_CIPHER_get0_provider                                     559361
  OSSL_PARAM_construct_uint                                    568419
  evp_cipher_free                                              575346
  do_all_fn                                                    585367
  EVP_CIPHER_free                                              632042
  ossl_provider_libctx                                         797125
  invocation function for block in dyld3::MachOLoaded::getLinkEditLoadCommands(Diagnostics&, dyld3::MachOLoaded::LinkEditInfo&) c           818874
  internal_free_nop                                            843084
  _platform_strncmp                                            879705
  name_string_free                                             888419
  OPENSSL_LH_error                                             931204
  invocation function for block in dyld3::MachOFile::forEachSegment(void (dyld3::MachOFile::SegmentInfo const&, bool&) block_poin          1095293
  OSSL_PARAM_set_size_t                                       1117000
  BUF_MEM_grow                                                1140944
  pthread_getspecific                                         1153340
  sk_reserve                                                  1165288
  _os_once                                                    1226926
  CRYPTO_THREAD_get_local                                     1282799
  _platform_memchr                                            1365636
  ossl_rcu_assign_uptr                                        1421626
  OSSL_PARAM_set_uint64                                       1508014
  names_lh_free_doall                                         1513883
  ossl_lib_ctx_get_data                                       1598746
  OSSL_PARAM_set_int                                          1607391
  _platform_strchr                                            1722627
  pthread_mutex_lock                                          1753891
  OSSL_PARAM_construct_size_t                                 1810039
  pthread_mutex_unlock                                        1856494
  _nanov2_free                                                1889594
  OPENSSL_sk_push                                             1970501
  OPENSSL_sk_num                                              2000617
  _pthread_mutex_lock_init_slow                               2016284
  _pthread_mutex_unlock_init_slow                             2124595
  _pthread_mutex_firstfit_lock_slow                           2244338
  OPENSSL_sk_value                                            2317410
  _pthread_mutex_firstfit_unlock_slow                         2325751
  OSSL_PARAM_set_int32                                        2433473
  obj_name_cmp                                                2500253
  _platform_memcmp                                            2732153
  OPENSSL_LH_strhash                                          2736051
  OSSL_PARAM_construct_int                                    2737630
  pthread_once                                                3014592
  OBJ_nid2obj                                                 3144828
  CRYPTO_atomic_load                                          3269532
  pthread_rwlock_rdlock                                       3323866
  SortFnByName                                                3380125
  ossl_lh_strcasehash                                         3668209
  __error                                                     3815870
  ossl_isdigit                                                4002784
  cipher_compare                                              4074558
  fnv1a_hash                                                  4428233
  _platform_memmove                                           6544926
  pthread_rwlock_wrlock                                       6687292
  pthread_rwlock_unlock                                       9934025
  err_string_data_cmp                                        10996902
  CRYPTO_free                                                12298029
  malloc                                                     13410197
  doapr_outch                                                15124314
  err_string_data_hash                                       16865859
  nanov2_malloc                                              18593221
  _platform_strlen                                           23312254
  _platform_memset                                           25594536
  nanov2_try_free_default                                    26010833
  _platform_strcmp                                           27946242
  ossl_tolower                                               59715531
