
  sigaction                                                      1792
  pd_free                                                        1833
  EVP_md5                                                        1834
  UI_OpenSSL                                                     1958
  EVP_sha1                                                       2000
  EVP_des_ecb                                                    2041
  EVP_rc4_40                                                     2042
  EVP_sha224                                                     2042
  EVP_bf_cbc                                                     2084
  opt_unknown                                                    2084
  EVP_mdc2                                                       2125
  EVP_sm4_ctr                                                    2125
  EVP_seed_cbc                                                   2166
  EVP_bf_ofb                                                     2167
  EVP_des_ofb                                                    2208
  EVP_md4                                                        2209
  UI_null                                                        2209
  EVP_bf_cfb64                                                   2250
  EVP_cast5_ofb                                                  2250
  EVP_rc2_cbc                                                    2250
  EVP_rc2_ofb                                                    2250
  EVP_sha3_384                                                   2250
  EVP_sha512                                                     2250
  EVP_sm4_ofb                                                    2250
  EVP_sha384                                                     2291
  EVP_des_cfb8                                                   2292
  EVP_rc4                                                        2292
  EVP_sm4_cbc                                                    2292
  EVP_idea_cbc                                                   2333
  EVP_idea_ofb                                                   2333
  EVP_sha3_512                                                   2333
  EVP_cast5_cbc                                                  2334
  EVP_sm3                                                        2334
  _cleanup                                                       2334
  EVP_des_cbc                                                    2375
  EVP_md5_sha1                                                   2375
  EVP_sha512_224                                                 2375
  EVP_shake128                                                   2375
  app_get0_propq                                                 2375
  EVP_seed_ofb                                                   2416
  EVP_sha512_256                                                 2416
  strchr                                                         2416
  EVP_blake2s256                                                 2417
  EVP_des_ede                                                    2417
  EVP_sm4_ecb                                                    2417
  EVP_ripemd160                                                  2458
  EVP_sha3_224                                                   2458
  EVP_shake256                                                   2458
  EVP_idea_ecb                                                   2459
  EVP_aes_192_ccm                                                2500
  EVP_aes_256_cbc                                                2500
  EVP_aes_256_ccm                                                2500
  EVP_rc2_64_cbc                                                 2500
  EVP_rc2_ecb                                                    2500
  EVP_sha3_256                                                   2500
  EVP_des_ede3                                                   2542
  opt_next                                                       2542
  release_engine                                                 2542
  EVP_MD_free                                                    2583
  EVP_aes_192_gcm                                                2583
  EVP_aes_256_gcm                                                2583
  EVP_aes_256_xts                                                2583
  EVP_cast5_ecb                                                  2583
  EVP_des_ede_ofb                                                2583
  EVP_bf_ecb                                                     2584
  EVP_aes_192_cfb8                                               2625
  EVP_aes_256_ctr                                                2625
  EVP_aria_256_gcm                                               2625
  EVP_des_ede_cbc                                                2625
  EVP_seed_ecb                                                   2625
  EVP_aes_128_cbc                                                2666
  EVP_aes_128_ctr                                                2666
  EVP_whirlpool                                                  2666
  vm_deallocate                                                  2666
  EVP_aes_192_cfb1                                               2667
  EVP_aes_192_ecb                                                2667
  EVP_aria_128_ecb                                               2667
  EVP_aria_192_gcm                                               2667
  EVP_aria_256_ccm                                               2667
  lh_FUNCTION_free                                               2667
  ENGINE_set_id                                                  2708
  EVP_aes_128_ofb                                                2708
  EVP_aria_256_ctr                                               2708
  EVP_des_ede3_ofb                                               2708
  EVP_sm4_cfb128                                                 2708
  COMP_get_type                                                  2709
  ENGINE_set_name                                                2709
  EVP_aes_192_ocb                                                2709
  EVP_aria_192_ctr                                               2709
  EVP_aria_256_cbc                                               2709
  EVP_blake2b512                                                 2709
  EVP_aes_192_cbc                                                2750
  EVP_aes_192_ofb                                                2750
  EVP_aes_256_ecb                                                2750
  EVP_aes_256_ocb                                                2750
  EVP_aes_256_wrap                                               2750
  EVP_aria_192_cbc                                               2750
  EVP_aria_192_ccm                                               2750
  EVP_aria_192_ofb                                               2750
  EVP_aria_256_cfb1                                              2750
  EVP_aria_256_ofb                                               2750
  EVP_aes_128_ccm                                                2792
  EVP_aes_256_ofb                                                2792
  EVP_aria_256_cfb8                                              2792
  EVP_idea_cfb64                                                 2792
  def_to_int                                                     2792
  ossl_trace_cleanup                                             2792
  EVP_aes_192_wrap                                               2833
  EVP_aria_192_ecb                                               2833
  EVP_aria_256_ecb                                               2833
  EVP_cast5_cfb64                                                2833
  EVP_des_ede3_cfb8                                              2833
  EVP_aria_128_cbc                                               2834
  EVP_rc2_cfb64                                                  2834
  EVP_seed_cfb128                                                2834
  BIO_f_cipher                                                   2875
  EVP_aes_128_cfb1                                               2875
  EVP_aes_192_ctr                                                2875
  EVP_aes_256_cfb1                                               2875
  EVP_aes_256_cfb8                                               2875
  EVP_aria_128_ccm                                               2875
  EVP_aria_192_cfb8                                              2875
  OBJ_obj2txt                                                    2875
  EVP_aes_128_xts                                                2916
  EVP_aria_192_cfb1                                              2916
  EVP_chacha20                                                   2916
  EVP_des_cfb1                                                   2916
  __cxa_finalize                                                 2916
  signal                                                         2916
  strrchr                                                        2916
  EVP_des_ede3_cbc                                               2917
  EVP_desx_cbc                                                   2917
  NCONF_default                                                  2917
  EVP_aes_128_gcm                                                2958
  EVP_rc2_40_cbc                                                 2958
  EVP_aes_128_cfb8                                               2959
  EVP_aes_256_cfb128                                             3000
  EVP_des_ede3_wrap                                              3000
  EVP_rc4_hmac_md5                                               3000
  property_cmp                                                   3000
  query_hash                                                     3000
  EVP_aria_128_ctr                                               3042
  EVP_aria_256_cfb128                                            3042
  def_init_default                                               3042
  EVP_aria_128_cfb1                                              3083
  EVP_aria_192_cfb128                                            3083
  EVP_des_ede3_cfb1                                              3083
  __smakebuf                                                     3083
  EVP_aes_128_cfb128                                             3084
  EVP_aes_128_wrap                                               3084
  EVP_aria_128_cfb8                                              3084
  EVP_aes_128_ocb                                                3125
  EVP_aes_128_wrap_pad                                           3125
  EVP_aes_192_cfb128                                             3125
  EVP_aria_128_ofb                                               3125
  EVP_camellia_192_ctr                                           3125
  EVP_des_ede_cfb64                                              3125
  function_cmp                                                   3125
  getrlimit                                                      3125
  EVP_aes_192_wrap_pad                                           3167
  EVP_camellia_192_cbc                                           3167
  EVP_camellia_192_ofb                                           3167
  EVP_aes_128_ecb                                                3208
  EVP_des_cfb64                                                  3208
  EVP_camellia_256_ofb                                           3209
  EVP_CIPHER_get_flags                                           3250
  EVP_aria_128_gcm                                               3250
  EVP_camellia_128_ctr                                           3250
  ossl_comp_zstd_cleanup                                         3250
  EVP_camellia_128_ofb                                           3291
  bio_sock_cleanup_int                                           3291
  EVP_aria_128_cfb128                                            3292
  EVP_camellia_256_cfb8                                          3292
  EVP_aes_256_wrap_pad                                           3333
  EVP_camellia_128_cbc                                           3333
  EVP_camellia_256_ctr                                           3333
  OSSL_PARAM_modified                                            3333
  UI_method_set_closer                                           3333
  UI_method_set_writer                                           3334
  EVP_add_alg_module                                             3375
  EVP_camellia_192_ecb                                           3375
  EVP_camellia_256_cfb1                                          3375
  OSSL_LIB_CTX_get_data                                          3375
  UI_method_set_reader                                           3375
  opt_set_unknown_name                                           3375
  ossl_store_cleanup_int                                         3375
  EVP_camellia_192_cfb1                                          3417
  EVP_camellia_192_cfb8                                          3417
  EVP_camellia_256_cbc                                           3417
  EVP_camellia_256_ecb                                           3417
  EVP_chacha20_poly1305                                          3417
  ossl_comp_zlib_cleanup                                         3458
  COMP_zlib                                                      3459
  EVP_camellia_128_cfb8                                          3500
  app_RAND_write                                                 3541
  ENGINE_set_flags                                               3542
  init_thread_stop                                               3583
  ossl_prov_ctx_free                                             3583
  ossl_prov_ctx_new                                              3583
  BIO_meth_set_ctrl                                              3584
  EVP_camellia_128_cfb1                                          3584
  UI_method_set_opener                                           3584
  evp_app_cleanup_int                                            3584
  EVP_camellia_192_cfb128                                        3625
  EVP_des_ede3_cfb64                                             3625
  store_loader_cmp                                               3625
  ASN1_add_oid_module                                            3666
  ASN1_add_stable_module                                         3667
  engine_load_rdrand_int                                         3667
  ossl_lib_ctx_write_lock                                        3667
  EVP_camellia_256_cfb128                                        3708
  EVP_camellia_128_ecb                                           3709
  OSSL_STORE_register_loader                                     3709
  ossl_comp_brotli_cleanup                                       3709
  BIO_meth_set_gets                                              3750
  BIO_meth_set_puts                                              3750
  ossl_prov_ctx_set0_handle                                      3750
  ERR_print_errors                                               3792
  opt_check_rest_arg                                             3792
  ossl_method_unlock_store                                       3792
  EVP_camellia_128_cfb128                                        3833
  NCONF_get0_libctx                                              3834
  BIO_meth_set_create                                            3875
  EVP_CipherUpdate                                               3875
  EVP_CIPHER_fetch                                               3917
  dyld4::APIs::_tlv_exit()                                       3959
  BIO_meth_set_destroy                                           4000
  EVP_CipherFinal_ex                                             4000
  core_get_libctx                                                4000
  ossl_child_prov_ctx_new                                        4000
  ossl_prov_ctx_get0_libctx                                      4041
  ENGINE_set_cmd_defns                                           4083
  EVP_PKEY_asn1_get_count                                        4083
  OSSL_LIB_CTX_free                                              4084
  EVP_CIPHER_get_iv_length                                       4125
  aes_v8_set_encrypt_key                                         4125
  ossl_config_add_ssl_module                                     4125
  ossl_prov_ctx_set0_libctx                                      4125
  CRYPTO_THREAD_get_current_id                                   4167
  ERR_get_error_all                                              4167
  __getrlimit                                                    4167
  ossl_stored_namemap_free                                       4167
  tiny_free_no_lock                                              4167
  OSSL_STORE_unregister_loader                                   4208
  null_gettable_ctx_params                                       4208
  ossl_lib_ctx_is_default                                        4208
  OSSL_CMP_log_close                                             4209
  ENGINE_add_conf_module                                         4250
  ossl_method_lock_store                                         4292
  aes_128_ofb_get_params                                         4333
  aes_256_ctr_get_params                                         4333
  aria_256_ctr_get_params                                        4333
  aes_192_ctr_get_params                                         4334
  aes_256_siv_get_params                                         4375
  close                                                          4375
  EVP_aes_256_cbc_hmac_sha1                                      4417
  aes_128_cbc_get_params                                         4417
  aes_128_ctr_get_params                                         4417
  aria_256_ofb_get_params                                        4417
  sm4_128_cbc_get_params                                         4417
  BIO_meth_set_read_ex                                           4458
  BIO_meth_set_write_ex                                          4458
  ENGINE_set_ctrl_function                                       4458
  aria_128_cfb1_get_params                                       4458
  EVP_sha256                                                     4459
  aes_128_xts_get_params                                         4459
  chacha20_get_params                                            4459
  chacha20_gettable_ctx_params                                   4459
  aes_192_cfb8_get_params                                        4500
  aes_256_ccm_get_params                                         4500
  aria_192_cbc_get_params                                        4500
  aria_192_gcm_get_params                                        4500
  aria_256_cfb_get_params                                        4500
  sm4_128_ctr_get_params                                         4500
  aes_192_gcm_get_params                                         4541
  aes_192_ofb_get_params                                         4541
  tdes_ede2_cfb_get_params                                       4541
  tiny_try_realloc_in_place                                      4541
  aes_128_ocb_get_params                                         4542
  aes_192_cbc_get_params                                         4542
  aes_192_cfb_get_params                                         4542
  aes_192_siv_get_params                                         4542
  aes_256_cbc_get_params                                         4542
  aria_192_ctr_get_params                                        4542
  ossl_bio_core_globals_free                                     4542
  ossl_rand_cleanup_int                                          4542
  CONF_imodule_get_value                                         4583
  aes_192_ecb_get_params                                         4583
  ossl_bio_core_globals_new                                      4583
  ossl_random_add_conf_module                                    4583
  aes_256_cfb1_get_params                                        4584
  OSSL_STORE_LOADER_set_eof                                      4625
  OSSL_trace_set_channel                                         4625
  __sigaction                                                    4625
  aes_128_siv_get_params                                         4625
  aes_192_ocb_get_params                                         4625
  aes_256_xts_get_params                                         4625
  aria_192_cfb8_get_params                                       4625
  aria_256_cfb1_get_params                                       4625
  ossl_cipher_generic_reset_ctx                                  4625
  ossl_store_register_init                                       4625
  sm4_128_xts_get_params                                         4625
  tdes_ede3_cfb_get_params                                       4625
  EVP_aes_256_cbc_hmac_sha256                                    4666
  aes_256_ocb_get_params                                         4666
  aria_192_ecb_get_params                                        4666
  sm4_128_ccm_get_params                                         4666
  ENGINE_set_init_function                                       4667
  OSSL_ERR_STATE_new                                             4667
  aes_128_gcm_get_params                                         4667
  aria_128_cfb_get_params                                        4667
  aria_192_cfb_get_params                                        4667
  aria_256_cfb8_get_params                                       4667
  sm4_128_cfb128_get_params                                      4667
  tdes_ede3_cfb1_get_params                                      4667
  BIO_free                                                       4708
  aes_256_gcm_get_params                                         4708
  aria_128_ecb_get_params                                        4708
  aria_128_gcm_get_params                                        4708
  camellia_256_ctr_get_params                                    4708
  ossl_ctx_global_properties_new                                 4708
  tdes_ede2_cbc_get_params                                       4708
  aes_128_cfb1_get_params                                        4709
  aes_192_ccm_get_params                                         4709
  def_is_number                                                  4709
  ENGINE_set_finish_function                                     4750
  OPENSSL_cpuid_setup                                            4750
  OSSL_STORE_LOADER_free                                         4750
  OSSL_STORE_LOADER_set_load                                     4750
  aes_128_ccm_get_params                                         4750
  aes_192_cfb1_get_params                                        4750
  aes_256_cfb_get_params                                         4750
  aes_256_ecb_get_params                                         4750
  aria_128_ccm_get_params                                        4750
  aria_256_cbc_get_params                                        4750
  engine_pkey_meths_free                                         4750
  pthread_cond_destroy                                           4750
  tdes_ede2_ecb_get_params                                       4750
  aes_192_wrappad_get_params                                     4791
  OSSL_STORE_LOADER_set_close                                    4792
  UI_method_set_prompt_constructor                               4792
  aria_128_cfb8_get_params                                       4792
  aria_128_ctr_get_params                                        4792
  aria_128_ofb_get_params                                        4792
  aes_128_ecb_get_params                                         4833
  aes_cts_192_cbc_get_params                                     4833
  camellia_128_cbc_get_params                                    4833
  ossl_prov_ctx_set0_core_bio_method                             4833
  ossl_provider_add_conf_module                                  4833
  aes_256_ofb_get_params                                         4834
  aria_192_ofb_get_params                                        4834
  camellia_192_ctr_get_params                                    4834
  sm4_128_ofb128_get_params                                      4834
  EVP_aes_128_cbc_hmac_sha1                                      4875
  OSSL_STORE_LOADER_set_error                                    4875
  aes_128_cfb_get_params                                         4875
  aes_192_wrapinv_get_params                                     4875
  aes_256_cfb8_get_params                                        4875
  camellia_128_ctr_get_params                                    4875
  sm4_128_gcm_get_params                                         4875
  tdes_ede3_cfb8_get_params                                      4875
  tdes_ede3_ofb_get_params                                       4875
  sm4_128_ecb_get_params                                         4916
  EVP_aes_128_cbc_hmac_sha256                                    4917
  aes_cts_256_cbc_get_params                                     4917
  camellia_128_cfb8_get_params                                   4917
  camellia_128_ecb_get_params                                    4917
  camellia_192_ecb_get_params                                    4917
  camellia_256_cbc_get_params                                    4917
  ossl_prov_cipher_hw_aes_ctr                                    4917
  pthread_self                                                   4917
  aria_256_ccm_get_params                                        4958
  tdes_ede2_ofb_get_params                                       4958
  tdes_wrap_get_params                                           4958
  ENGINE_load_builtin_engines                                    5000
  EVP_CIPHER_get_key_length                                      5000
  aes_cts_128_cbc_get_params                                     5000
  camellia_192_cbc_get_params                                    5000
  camellia_256_ofb_get_params                                    5000
  camellia_128_ofb_get_params                                    5041
  camellia_192_cfb8_get_params                                   5041
  aes_128_cfb8_get_params                                        5042
  aes_128_wrapinv_get_params                                     5042
  aes_128_wrappad_get_params                                     5042
  aria_192_cfb1_get_params                                       5042
  camellia_128_cfb_get_params                                    5042
  camellia_192_cfb1_get_params                                   5042
  camellia_192_cfb_get_params                                    5042
  ossl_property_match_count                                      5042
  tdes_ede3_cbc_get_params                                       5042
  aes_128_wrap_get_params                                        5083
  aes_192_wrap_get_params                                        5083
  aria_192_ccm_get_params                                        5083
  camellia_256_cfb_get_params                                    5083
  aes_256_wrappad_get_params                                     5084
  ossl_indicator_set_callback_new                                5084
  OSSL_STORE_LOADER_set_open                                     5125
  aes_256_wrapinv_get_params                                     5125
  aes_256_wrappadinv_get_params                                  5125
  aes_v8_ctr32_encrypt_blocks                                    5125
  aria_256_ecb_get_params                                        5125
  aria_256_gcm_get_params                                        5125
  camellia_256_cfb1_get_params                                   5125
  medium_region_for_ptr_no_lock                                  5125
  ossl_indicator_set_callback_free                               5125
  Diagnostics::clearError()                                      5166
  OSSL_STORE_LOADER_set_expect                                   5166
  aes_256_wrap_get_params                                        5166
  engine_remove_dynamic_id                                       5166
  ossl_self_test_set_callback_free                               5166
  tdes_ede3_ecb_get_params                                       5166
  camellia_128_cfb1_get_params                                   5167
  camellia_256_cfb8_get_params                                   5167
  aes_192_wrappadinv_get_params                                  5208
  camellia_192_ofb_get_params                                    5208
  ossl_free_compression_methods_int                              5208
  ENGINE_get_cipher_engine                                       5209
  lsl::Lock::unlock()                                            5209
  OSSL_PARAM_get_int                                             5250
  ossl_init_thread_deregister                                    5250
  ossl_property_has_optional                                     5250
  camellia_cts_192_cbc_get_params                                5292
  OPENSSL_sk_sort                                                5333
  aes_128_wrappadinv_get_params                                  5334
  camellia_256_ecb_get_params                                    5375
  memset                                                         5375
  ossl_self_test_set_callback_new                                5416
  free_medium                                                    5417
  chacha20_poly1305_get_params                                   5458
  chacha20_poly1305_gettable_ctx_params                          5458
  getegid                                                        5459
  ossl_aes_256_gcm_siv_get_params                                5500
  engine_pkey_asn1_meths_free                                    5542
  app_get0_libctx                                                5583
  tiny_malloc_from_free_list                                     5583
  camellia_cts_256_cbc_get_params                                5584
  EVP_CIPHER_CTX_get_block_size                                  5625
  aria_128_cbc_get_params                                        5625
  ossl_aes_192_gcm_siv_get_params                                5625
  ossl_prov_ctx_get0_core_bio_method                             5625
  ossl_provider_unquery_operation                                5666
  ossl_aes_128_gcm_siv_get_params                                5708
  medium_malloc_from_free_list                                   5750
  camellia_cts_128_cbc_get_params                                5792
  OSSL_LIB_CTX_set_conf_diagnostics                              5833
  getuid                                                         5875
  getgid                                                         5917
  __fcntl                                                        5958
  geteuid                                                        5958
  opt_arg                                                        5958
  EVP_CIPHER_get_mode                                            6084
  BIO_set_data                                                   6125
  ossl_prov_bio_from_dispatch                                    6250
  ossl_prov_seeding_from_dispatch                                6291
  EVP_RAND_CTX_free                                              6708
  dyld4::BumpAllocator::~BumpAllocator()                         6708
  OSSL_PARAM_get_int32                                           6750
  BIO_next                                                       6792
  dyld4::Loader::hiddenFromFlat(bool) const                      6958
  dyld4::RuntimeState::notifyObjCPatching()                      6959
  _platform_strnlen                                              7250
  bio_open_default                                               7291
  EVP_CipherInit_ex                                              7292
  store_loader_hash                                              7500
  dyld3::kdebug_trace_dyld_enabled(unsigned int)                 7625
  ENGINE_register_EC                                             7707
  lsl::Lock::lock()                                              7750
  file_ctrl                                                      7874
  _kernelrpc_mach_port_construct_trap                            7875
  _kernelrpc_mach_port_deallocate_trap                           7875
  ENGINE_register_DH                                             7916
  __sclose                                                       7958
  dyld4::handleFromLoader(dyld4::Loader const*, bool)             7958
  OPENSSL_sk_pop                                                 8000
  ENGINE_register_DSA                                            8084
  dyld4::JustInTimeLoader::hiddenFromFlat(bool) const             8084
  BIO_copy_next_retry                                            8209
  lsl::EphemeralAllocator::reset()                               8250
  ENGINE_register_RSA                                            8292
  err_unshelve_state                                             8292
  openssl_fopen                                                  8333
  flsl                                                           8334
  ENGINE_register_RAND                                           8376
  X509_get_default_cert_area                                     8417
  free_small                                                     8709
  ossl_lib_ctx_get_concrete                                      8751
  dyld4::Loader::beginInitializers(dyld4::RuntimeState&)             8833
  BIO_set_init                                                   8834
  __sflags                                                       8875
  ENGINE_register_ciphers                                        9167
  ENGINE_register_digests                                        9167
  strlen                                                         9208
  ossl_property_free                                             9209
  ossl_sa_new                                                    9291
  dyld4::RuntimeState::incDlRefCount(dyld4::Loader const*)             9333
  ossl_cipher_generic_einit                                      9374
  lsl::Vector<dyld4::Loader const*>::reserveExact(unsigned long)             9542
  BIO_set_flags                                                  9792
  ENGINE_register_pkey_meths                                     9917
  DSO_METHOD_openssl                                            10001
  lsl::Vector<lsl::MemoryManager::Buffer>::reserve(unsigned long)            10041
  dyld4::JustInTimeLoader::beginInitializers(dyld4::RuntimeState&)            10042
  ossl_cipher_generic_set_ctx_params                            10125
  CRYPTO_atomic_or                                              10585
  ossl_lib_ctx_get_ex_data_global                               10708
  OSSL_LIB_CTX_get_conf_diagnostics                             10916
  engine_free_util                                              11042
  ENGINE_register_pkey_asn1_meths                               11208
  ossl_sa_doall_arg                                             11374
  ossl_lib_ctx_get_rcukey                                       11417
  NCONF_get_section                                             11542
  OPENSSL_cleanse                                               11750
  aes_siv_gettable_ctx_params                                   12084
  deflt_query                                                   12166
  ossl_property_value                                           12250
  dyld4::RuntimeState::doSingletonPatching(dyld4::DyldCacheDataConstLazyScopedWriter&)            12458
  EVP_add_cipher                                                12459
  ossl_cipher_capable_aes_cbc_hmac_sha1                         12750
  ossl_cipher_capable_aes_cbc_hmac_sha256                       12833
  fstat                                                         12834
  cipher_ocb_gettable_ctx_params                                13540
  BIO_clear_flags                                               13542
  aes_cbc_cts_gettable_ctx_params                               13668
  __bzero                                                       13958
  dyld4::Loader::loadDependents(Diagnostics&, dyld4::RuntimeState&, dyld4::Loader::LoadOptions const&)            14500
  dyld4::DyldCacheDataConstLazyScopedWriter::DyldCacheDataConstLazyScopedWriter(dyld4::RuntimeState&)            14750
  sa_doall                                                      14751
  BIO_get_data                                                  14793
  lsl::EphemeralAllocator::~EphemeralAllocator()                15000
  CRYPTO_atomic_add                                             15042
  DSO_free                                                      15042
  dyld4::Loader::path() const                                   15125
  _NSGetEnviron                                                 15168
  ossl_aes_gcm_siv_gettable_ctx_params                          15375
  camellia_cbc_cts_gettable_ctx_params                          15542
  dyld4::JustInTimeLoader::loadDependents(Diagnostics&, dyld4::RuntimeState&, dyld4::Loader::LoadOptions const&)            15666
  __sflush                                                      15751
  file_new                                                      16165
  ossl_prov_is_running                                          16417
  file_free                                                     16503
  _kernelrpc_mach_port_destruct_trap                            16542
  dyld3::MachOFile::is64() const                                16625
  rack_region_insert                                            17166
  CRYPTO_THREAD_lock_free                                       17417
  pthread_mutex_destroy                                         17625
  OPENSSL_LH_get_down_load                                      17917
  BIO_new                                                       18123
  invocation function for block in dyld4::Loader::forEachPath(Diagnostics&, dyld4::RuntimeState&, char const*, dyld4::Loader::Loa            18375
  FMT_istext                                                    18499
  kdebug_is_enabled                                             18874
  dyld4::JustInTimeLoader::path() const                         18918
  small_free_list_remove_ptr                                    18960
  os_unfair_recursive_lock_unlock                               19208
  pthread_cond_init                                             19542
  small_try_realloc_in_place                                    19584
  small_free_list_find_by_ptr                                   20083
  property_free                                                 20710
  dyld4::LibSystemHelpers::pthread_getspecific(unsigned long) const            20792
  os_unfair_recursive_lock_lock_with_options                    21208
  lsl::EphemeralAllocator::deallocate_buffer(lsl::MemoryManager::Buffer)            21334
  __chkstk_darwin_probe                                         21374
  ___chkstk_darwin                                              21791
  _kernelrpc_mach_vm_deallocate_trap                            21875
  small_size                                                    22083
  dyld4::Loader::matchesPath(char const*) const                 22750
  mach_msg2_trap                                                22792
  dyld4::ProcessConfig::DyldCache::indexOfPath(char const*, unsigned int&) const            23333
  small_free_list_remove_ptr_no_clear                           23625
  os_unfair_lock_assert_not_owner                               23792
  pthread_mutex_init                                            24166
  dyld4::Loader::loadAddress(dyld4::RuntimeState&) const            26125
  ossl_property_name                                            26375
  OPENSSL_strnlen                                               27250
  dyld3::ScopedTimer::endTimer()                                27333
  __findenv_locked                                              27417
  lsl::MemoryManager::lockGuard()                               27833
  OPENSSL_sk_delete                                             28417
  dyld4::JustInTimeLoader::loadAddress(dyld4::RuntimeState&) const            29584
  _pthread_mutex_check_init_slow                                32666
  __open                                                        32708
  lsl::AllocationMetadata::AllocationMetadata(lsl::Allocator*, unsigned long)            33750
  CRYPTO_new_ex_data                                            34750
  _kernelrpc_mach_vm_map_trap                                   34833
  OPENSSL_LH_set_down_load                                      35041
  small_free_list_add_ptr                                       35918
  szone_good_size                                               37627
  __read_nocancel                                               39251
  OPENSSL_sk_free                                               39334
  dyld4::LibSystemHelpers::os_unfair_recursive_lock_unlock(os_unfair_recursive_lock_s*) const            40084
  Diagnostics::hasError() const                                 41583
  EVP_PKEY_asn1_get0                                            42417
  ossl_rcu_write_lock                                           42918
  dyld4::LibSystemHelpers::os_unfair_lock_unlock(os_unfair_lock_s*) const            45708
  __write_nocancel                                              45749
  ossl_tdes_gettable_ctx_params                                 46126
  ossl_rcu_write_unlock                                         46166
  tiny_free_list_remove_ptr                                     46333
  pthread_setspecific                                           46500
  Diagnostics::noError() const                                  49376
  dyld4::RuntimeState::PermanentRanges::contains(unsigned long, unsigned long, unsigned char*, dyld4::Loader const**) const            50251
  madvise                                                       50668
  dyld3::MachOFile::read_uleb128(Diagnostics&, unsigned char const*&, unsigned char const*)            51333
  _tiny_check_and_zero_inline_meta_from_freelist                51583
  EVP_PKEY_asn1_get0_info                                       52957
  dyld4::LibSystemHelpers::os_unfair_recursive_lock_lock_with_options(os_unfair_recursive_lock_s*, os_unfair_lock_options_t) cons            53750
  szone_malloc                                                  55332
  get_tiny_previous_free_msize                                  55457
  small_malloc_from_free_list                                   55873
  pthread_cond_broadcast                                        56375
  tiny_size                                                     58834
  realloc                                                       61795
  lsl::EphemeralAllocator::allocate_buffer(unsigned long, unsigned long, unsigned long)            63042
  set_tiny_meta_header_in_use                                   64082
  dyld4::LibSystemHelpers::os_unfair_lock_lock_with_options(os_unfair_lock_s*, os_unfair_lock_options_t) const            64083
  _szone_free                                                   68792
  _qsort                                                        69497
  ossl_cipher_aead_gettable_ctx_params                          70501
  OPENSSL_sk_pop_free                                           70875
  tiny_free_list_add_ptr                                        72416
  os_unfair_lock_assert_owner                                   74125
  strcmp                                                        74207
  szone_try_free_default                                        76915
  __close_nocancel                                              77375
  dyld3::kdebug_trace_dyld_duration_end(unsigned long long, unsigned int, dyld3::kt_arg, dyld3::kt_arg, dyld3::kt_arg)            82084
  rack_get_thread_index                                         82915
  invocation function for block in dyld3::MachOFile::getDylibInstallName(char const**, unsigned int*, unsigned int*) const            84124
  property_hash                                                 84920
  EVP_CIPHER_get_type                                           90457
  dyld3::OverflowSafeArray<unsigned int, 4294967295ul>::verifySpace(unsigned long)            93876
  dyld4::Loader::contains(dyld4::RuntimeState&, void const*, void const**, unsigned long long*, unsigned char*) const            97999
  pthread_cond_signal                                          104875
  pthread_rwlock_init                                          112333
  nanov2_size                                                  114082
  Diagnostics::assertNoError() const                           115961
  __open_nocancel                                              116583
  pthread_rwlock_destroy                                       121459
  os_unfair_lock_unlock                                        128043
  Diagnostics::~Diagnostics()                                  145211
  Diagnostics::Diagnostics(bool)                               158547
  get_legacy_evp_names                                         159210
  ossl_ctype_check                                             170127
  os_unfair_lock_lock_with_options                             173587
  nanov2_pointer_size                                          193293
  EVP_MD_get_type                                              194130
  invocation function for block in dyld3::MachOFile::getEntry(unsigned long long&, bool&) const           195210
  free                                                         206745
  _Block_object_dispose                                        220334
  nanov2_allocate_from_block                                   227959
  OPENSSL_hexchar2int                                          234541
  ossl_sa_set                                                  247739
  trim_ws                                                      280923
  strncmp                                                      281240
  invocation function for block in dyld4::JustInTimeLoader::contains(dyld4::RuntimeState&, void const*, void const**, unsigned lo           300001
  BUF_MEM_new                                                  304622
  names_free                                                   311289
  OBJ_get0_data                                                330244
  OPENSSL_LH_flush                                             331380
  OPENSSL_LH_doall                                             331545
  OSSL_PARAM_set_uint                                          339744
  ossl_provider_ctx                                            339872
  EVP_CIPHER_get_nid                                           363634
  ossl_lib_ctx_unlock                                          376744
  conf_value_cmp                                               381958
  OSSL_PARAM_locate_const                                      397417
  invocation function for block in dyld3::MachOLoaded::findClosestSymbol(unsigned long long, char const**, unsigned long long*) c           415167
  ossl_lib_ctx_read_lock                                       422419
  OPENSSL_LH_set_thunks                                        425995
  property_defn_cmp                                            440416
  ossl_cipher_generic_gettable_ctx_params                      444792
  evp_cipher_up_ref                                            456464
  property_defn_hash                                           463165
  ossl_provider_free                                           464963
  function_hash                                                475123
  BN_free                                                      479621
  value_free_hash                                              481166
  CRYPTO_realloc                                               489835
  ossl_provider_up_ref                                         493755
  OSSL_PARAM_set_uint32                                        501632
  ASN1_OBJECT_free                                             507540
  ossl_sa_get                                                  509887
  eat_alpha_numeric                                            515752
  sa_free_node                                                 544029
  OSSL_PARAM_construct_end                                     549663
  EVP_CIPHER_get0_provider                                     561790
  OSSL_PARAM_construct_uint                                    570036
  evp_cipher_free                                              573665
  do_all_fn                                                    580083
  EVP_CIPHER_free                                              629100
  ossl_provider_libctx                                         799793
  invocation function for block in dyld3::MachOLoaded::getLinkEditLoadCommands(Diagnostics&, dyld3::MachOLoaded::LinkEditInfo&) c           837874
  internal_free_nop                                            842053
  _platform_strncmp                                            876585
  name_string_free                                             888285
  _os_once                                                     932796
  OPENSSL_LH_error                                             944157
  invocation function for block in dyld3::MachOFile::forEachSegment(void (dyld3::MachOFile::SegmentInfo const&, bool&) block_poin          1118206
  OSSL_PARAM_set_size_t                                       1119217
  BUF_MEM_grow                                                1154794
  pthread_getspecific                                         1156328
  sk_reserve                                                  1168508
  CRYPTO_THREAD_get_local                                     1283415
  _platform_memchr                                            1360324
  ossl_rcu_assign_uptr                                        1425418
  OSSL_PARAM_set_uint64                                       1507780
  names_lh_free_doall                                         1512742
  ossl_lib_ctx_get_data                                       1605303
  OSSL_PARAM_set_int                                          1610784
  _platform_strchr                                            1735710
  pthread_mutex_lock                                          1742792
  OSSL_PARAM_construct_size_t                                 1813365
  pthread_mutex_unlock                                        1848781
  _nanov2_free                                                1884660
  OPENSSL_sk_push                                             1967524
  OPENSSL_sk_num                                              2000597
  _pthread_mutex_lock_init_slow                               2001501
  _pthread_mutex_unlock_init_slow                             2113406
  _pthread_mutex_firstfit_lock_slow                           2230505
  _pthread_mutex_firstfit_unlock_slow                         2322377
  OPENSSL_sk_value                                            2327926
  OSSL_PARAM_set_int32                                        2444629
  obj_name_cmp                                                2490505
  OPENSSL_LH_strhash                                          2721290
  _platform_memcmp                                            2734338
  OSSL_PARAM_construct_int                                    2744580
  OBJ_nid2obj                                                 3158610
  CRYPTO_atomic_load                                          3289530
  pthread_rwlock_rdlock                                       3325500
  pthread_once                                                3349655
  SortFnByName                                                3398997
  ossl_lh_strcasehash                                         3676505
  __error                                                     3806708
  ossl_isdigit                                                4022145
  cipher_compare                                              4090569
  fnv1a_hash                                                  4447998
  _platform_memmove                                           6511438
  pthread_rwlock_wrlock                                       6662862
  pthread_rwlock_unlock                                       9926419
  err_string_data_cmp                                        10970097
  CRYPTO_free                                                12270387
  malloc                                                     13407342
  doapr_outch                                                15192487
  err_string_data_hash                                       16703921
  nanov2_malloc                                              18527920
  _platform_strlen                                           23332691
  _platform_memset                                           25434732
  nanov2_try_free_default                                    25872348
  _platform_strcmp                                           28047391
  ossl_tolower                                               59780157
