
  EVP_md5                                                        1750
  sigaction                                                      1833
  pd_free                                                        1917
  EVP_sha1                                                       2000
  EVP_sha512                                                     2000
  EVP_bf_ofb                                                     2041
  EVP_des_cbc                                                    2041
  EVP_sm4_cbc                                                    2041
  UI_OpenSSL                                                     2041
  EVP_sha224                                                     2042
  EVP_md4                                                        2084
  EVP_rc4                                                        2084
  EVP_rc4_40                                                     2084
  EVP_des_ofb                                                    2125
  EVP_idea_ofb                                                   2125
  EVP_sha384                                                     2125
  EVP_des_ede                                                    2166
  opt_unknown                                                    2167
  EVP_mdc2                                                       2208
  EVP_sha3_224                                                   2208
  EVP_rc2_cbc                                                    2209
  EVP_des_cfb8                                                   2250
  EVP_idea_cbc                                                   2250
  EVP_sm3                                                        2250
  EVP_seed_cbc                                                   2291
  EVP_seed_ofb                                                   2291
  EVP_bf_cbc                                                     2292
  EVP_cast5_ofb                                                  2292
  EVP_sha3_512                                                   2292
  EVP_rc2_ofb                                                    2333
  EVP_ripemd160                                                  2334
  EVP_shake256                                                   2334
  EVP_cast5_cbc                                                  2375
  EVP_blake2s256                                                 2416
  EVP_sha3_384                                                   2416
  UI_null                                                        2416
  strchr                                                         2416
  EVP_sm4_ofb                                                    2417
  release_engine                                                 2417
  EVP_des_ecb                                                    2458
  EVP_desx_cbc                                                   2458
  EVP_sha512_224                                                 2458
  EVP_sha512_256                                                 2458
  EVP_sm4_ecb                                                    2458
  EVP_des_cfb1                                                   2459
  EVP_des_ede3                                                   2459
  EVP_rc2_cfb64                                                  2459
  EVP_chacha20                                                   2500
  EVP_des_ede_ofb                                                2500
  EVP_md5_sha1                                                   2500
  EVP_sm4_ctr                                                    2500
  app_get0_propq                                                 2500
  EVP_bf_cfb64                                                   2541
  _cleanup                                                       2541
  EVP_MD_free                                                    2542
  EVP_aes_192_ccm                                                2542
  EVP_aes_256_cbc                                                2542
  EVP_aes_256_gcm                                                2542
  EVP_aes_256_ofb                                                2542
  EVP_bf_ecb                                                     2542
  opt_next                                                       2542
  EVP_aes_128_cbc                                                2583
  EVP_aes_128_ccm                                                2583
  EVP_aes_192_gcm                                                2583
  EVP_aes_256_ocb                                                2583
  EVP_idea_ecb                                                   2583
  EVP_rc2_64_cbc                                                 2583
  EVP_seed_ecb                                                   2583
  EVP_aes_256_ctr                                                2584
  EVP_sha3_256                                                   2584
  BIO_f_cipher                                                   2625
  EVP_aes_192_ecb                                                2625
  EVP_aes_192_ocb                                                2625
  EVP_aes_256_ccm                                                2625
  EVP_aes_256_xts                                                2625
  EVP_aria_256_ecb                                               2625
  EVP_cast5_ecb                                                  2625
  EVP_des_ede_cbc                                                2625
  EVP_shake128                                                   2625
  EVP_aes_128_ofb                                                2666
  EVP_aria_256_gcm                                               2666
  EVP_aes_128_cfb1                                               2667
  EVP_aria_128_ofb                                               2667
  lh_FUNCTION_free                                               2667
  COMP_get_type                                                  2708
  EVP_aes_192_cbc                                                2708
  EVP_aes_256_ecb                                                2708
  EVP_aria_256_cbc                                               2708
  EVP_blake2b512                                                 2708
  EVP_aria_192_ofb                                               2709
  ENGINE_set_id                                                  2750
  EVP_aes_192_cfb1                                               2750
  EVP_aes_192_cfb8                                               2750
  EVP_aes_256_cfb1                                               2750
  EVP_aria_192_cfb1                                              2750
  EVP_aria_192_ctr                                               2750
  EVP_aria_256_ccm                                               2750
  EVP_aria_256_cfb1                                              2750
  EVP_sm4_cfb128                                                 2750
  ENGINE_set_name                                                2791
  EVP_aes_192_ofb                                                2791
  EVP_aria_192_cbc                                               2791
  ossl_trace_cleanup                                             2791
  query_hash                                                     2791
  EVP_aria_192_ccm                                               2792
  EVP_des_ede3_cbc                                               2792
  EVP_rc2_ecb                                                    2792
  EVP_whirlpool                                                  2833
  vm_deallocate                                                  2833
  EVP_aria_192_gcm                                               2834
  EVP_seed_cfb128                                                2834
  def_to_int                                                     2834
  EVP_aes_128_cfb8                                               2875
  EVP_aria_128_ccm                                               2875
  EVP_aria_192_ecb                                               2875
  EVP_aria_256_ctr                                               2875
  EVP_cast5_cfb64                                                2875
  EVP_des_ede3_cfb1                                              2875
  EVP_des_ede3_cfb8                                              2875
  EVP_des_ede3_ofb                                               2875
  EVP_rc2_40_cbc                                                 2875
  EVP_aria_256_ofb                                               2916
  EVP_rc4_hmac_md5                                               2916
  EVP_aes_128_xts                                                2917
  EVP_aes_192_wrap                                               2917
  EVP_aes_256_wrap                                               2917
  EVP_aria_256_cfb8                                              2917
  EVP_des_cfb64                                                  2917
  EVP_idea_cfb64                                                 2917
  strrchr                                                        2917
  EVP_aes_128_ctr                                                2958
  EVP_aes_256_cfb128                                             2958
  EVP_aria_128_cbc                                               2958
  OBJ_obj2txt                                                    2958
  signal                                                         2959
  EVP_aria_128_ctr                                               3000
  EVP_aria_128_ecb                                               3000
  EVP_aria_192_cfb8                                              3000
  function_cmp                                                   3000
  getrlimit                                                      3000
  EVP_aes_192_cfb128                                             3042
  EVP_aes_256_cfb8                                               3042
  EVP_aria_128_cfb8                                              3042
  EVP_des_ede3_wrap                                              3042
  EVP_aria_256_cfb128                                            3083
  EVP_des_ede3_cfb64                                             3083
  NCONF_default                                                  3083
  EVP_aes_192_ctr                                                3084
  EVP_aes_128_cfb128                                             3125
  EVP_aria_128_cfb1                                              3125
  EVP_aria_128_gcm                                               3125
  EVP_camellia_192_cbc                                           3125
  EVP_camellia_192_ofb                                           3125
  property_cmp                                                   3125
  EVP_aes_128_ecb                                                3166
  EVP_aes_128_ocb                                                3167
  EVP_aes_128_wrap                                               3167
  EVP_aes_192_wrap_pad                                           3167
  EVP_camellia_192_ctr                                           3167
  EVP_CIPHER_get_flags                                           3208
  EVP_camellia_256_cbc                                           3208
  EVP_camellia_256_ofb                                           3208
  __cxa_finalize                                                 3208
  EVP_aes_128_wrap_pad                                           3250
  EVP_aes_256_wrap_pad                                           3250
  EVP_camellia_128_ctr                                           3250
  EVP_camellia_192_cfb1                                          3250
  EVP_camellia_256_cfb8                                          3250
  EVP_camellia_256_ctr                                           3250
  EVP_chacha20_poly1305                                          3250
  EVP_des_ede_cfb64                                              3250
  __smakebuf                                                     3250
  EVP_aria_192_cfb128                                            3291
  OSSL_LIB_CTX_get_data                                          3291
  def_init_default                                               3291
  EVP_aes_128_gcm                                                3292
  EVP_camellia_128_ofb                                           3292
  COMP_zlib                                                      3333
  EVP_aria_128_cfb128                                            3333
  EVP_camellia_128_cbc                                           3333
  ossl_store_cleanup_int                                         3333
  EVP_camellia_128_cfb1                                          3375
  EVP_camellia_128_cfb8                                          3375
  EVP_camellia_192_cfb8                                          3375
  opt_set_unknown_name                                           3375
  EVP_add_alg_module                                             3416
  EVP_camellia_256_cfb1                                          3417
  OSSL_PARAM_modified                                            3417
  ossl_comp_zstd_cleanup                                         3417
  store_loader_cmp                                               3417
  EVP_camellia_256_ecb                                           3458
  ENGINE_set_flags                                               3500
  bio_sock_cleanup_int                                           3500
  ossl_prov_ctx_free                                             3500
  UI_method_set_writer                                           3541
  EVP_camellia_192_ecb                                           3542
  UI_method_set_closer                                           3542
  app_RAND_write                                                 3542
  init_thread_stop                                               3542
  evp_app_cleanup_int                                            3583
  ossl_comp_brotli_cleanup                                       3583
  EVP_camellia_256_cfb128                                        3625
  engine_load_rdrand_int                                         3625
  tiny_free_no_lock                                              3625
  ASN1_add_oid_module                                            3666
  EVP_CipherUpdate                                               3666
  OSSL_STORE_register_loader                                     3667
  ossl_comp_zlib_cleanup                                         3667
  EVP_camellia_128_ecb                                           3708
  UI_method_set_reader                                           3708
  __getrlimit                                                    3708
  BIO_meth_set_ctrl                                              3750
  EVP_camellia_128_cfb128                                        3750
  EVP_camellia_192_cfb128                                        3750
  ossl_prov_ctx_new                                              3750
  ossl_prov_ctx_set0_handle                                      3750
  ASN1_add_stable_module                                         3792
  BIO_meth_set_puts                                              3792
  dyld4::APIs::_tlv_exit()                                       3833
  free_medium                                                    3834
  BIO_meth_set_gets                                              3875
  ERR_get_error_all                                              3875
  NCONF_get0_libctx                                              3875
  BIO_meth_set_create                                            3917
  UI_method_set_opener                                           3917
  core_get_libctx                                                3917
  ENGINE_set_cmd_defns                                           3958
  ossl_prov_ctx_set0_libctx                                      3958
  EVP_CIPHER_fetch                                               4000
  EVP_CipherFinal_ex                                             4000
  opt_check_rest_arg                                             4000
  ossl_lib_ctx_write_lock                                        4000
  pthread_self                                                   4042
  BIO_meth_set_destroy                                           4083
  OSSL_LIB_CTX_free                                              4083
  ossl_prov_ctx_get0_libctx                                      4084
  CRYPTO_THREAD_get_current_id                                   4125
  ENGINE_add_conf_module                                         4125
  ERR_print_errors                                               4125
  chacha20_get_params                                            4125
  close                                                          4125
  ossl_lib_ctx_is_default                                        4125
  EVP_CIPHER_get_iv_length                                       4208
  ossl_config_add_ssl_module                                     4208
  aes_v8_set_encrypt_key                                         4209
  EVP_PKEY_asn1_get_count                                        4250
  aes_192_siv_get_params                                         4250
  ossl_method_unlock_store                                       4250
  ossl_stored_namemap_free                                       4250
  CONF_imodule_get_value                                         4291
  OSSL_ERR_STATE_new                                             4292
  aes_256_ctr_get_params                                         4292
  OSSL_STORE_unregister_loader                                   4333
  aes_128_cbc_get_params                                         4333
  ossl_child_prov_ctx_new                                        4333
  ENGINE_set_ctrl_function                                       4375
  aes_128_ctr_get_params                                         4375
  aes_192_cfb_get_params                                         4375
  chacha20_gettable_ctx_params                                   4375
  null_gettable_ctx_params                                       4375
  ossl_cipher_generic_reset_ctx                                  4375
  ossl_method_lock_store                                         4375
  aes_128_ecb_get_params                                         4416
  aes_128_ofb_get_params                                         4416
  aes_192_ecb_get_params                                         4416
  aes_256_cbc_get_params                                         4416
  BIO_meth_set_read_ex                                           4417
  aria_256_cbc_get_params                                        4417
  lsl::Lock::unlock()                                            4417
  OPENSSL_cpuid_setup                                            4458
  __sigaction                                                    4458
  aes_192_cbc_get_params                                         4458
  aria_192_ecb_get_params                                        4458
  aria_256_cfb_get_params                                        4458
  aria_256_ofb_get_params                                        4458
  aes_128_cfb1_get_params                                        4459
  aes_192_ctr_get_params                                         4459
  BIO_meth_set_write_ex                                          4500
  ENGINE_set_init_function                                       4500
  EVP_sha256                                                     4500
  aes_256_cfb_get_params                                         4500
  aes_v8_ctr32_encrypt_blocks                                    4500
  aria_128_cfb1_get_params                                       4500
  aria_128_cfb_get_params                                        4500
  aria_128_ofb_get_params                                        4541
  aes_128_ccm_get_params                                         4542
  aes_256_ccm_get_params                                         4542
  aes_256_ofb_get_params                                         4542
  aria_256_ctr_get_params                                        4542
  def_is_number                                                  4582
  EVP_aes_256_cbc_hmac_sha1                                      4583
  aes_192_cfb8_get_params                                        4583
  aes_192_ofb_get_params                                         4583
  aria_192_ctr_get_params                                        4583
  sm4_128_cbc_get_params                                         4583
  aes_128_xts_get_params                                         4584
  aes_256_gcm_get_params                                         4584
  aria_128_ecb_get_params                                        4584
  tdes_ede3_cbc_get_params                                       4584
  aes_128_cfb8_get_params                                        4625
  aes_128_gcm_get_params                                         4625
  aes_128_ocb_get_params                                         4625
  aes_192_gcm_get_params                                         4625
  aes_192_wrap_get_params                                        4625
  aes_256_cfb8_get_params                                        4625
  aria_192_gcm_get_params                                        4625
  sm4_128_ctr_get_params                                         4625
  sm4_128_xts_get_params                                         4625
  tiny_try_realloc_in_place                                      4625
  aria_128_gcm_get_params                                        4666
  aria_192_cfb_get_params                                        4666
  tdes_ede2_ecb_get_params                                       4666
  ENGINE_set_finish_function                                     4667
  aes_256_siv_get_params                                         4667
  aria_128_cfb8_get_params                                       4667
  ossl_random_add_conf_module                                    4667
  sm4_128_gcm_get_params                                         4667
  tdes_wrap_get_params                                           4667
  aria_128_cbc_get_params                                        4708
  aria_192_cfb1_get_params                                       4708
  aria_256_cfb1_get_params                                       4708
  ossl_rand_cleanup_int                                          4708
  sm4_128_ccm_get_params                                         4708
  BIO_free                                                       4709
  OSSL_CMP_log_close                                             4709
  aria_128_ctr_get_params                                        4709
  aria_192_ofb_get_params                                        4709
  ossl_bio_core_globals_new                                      4709
  sm4_128_cfb128_get_params                                      4709
  OSSL_STORE_LOADER_free                                         4750
  aes_128_cfb_get_params                                         4750
  aes_192_cfb1_get_params                                        4750
  aes_256_cfb1_get_params                                        4750
  aes_cts_192_cbc_get_params                                     4750
  aria_256_cfb8_get_params                                       4750
  sm4_128_ofb128_get_params                                      4750
  tdes_ede2_ofb_get_params                                       4791
  EVP_aes_256_cbc_hmac_sha256                                    4792
  OSSL_trace_set_channel                                         4792
  aes_256_ecb_get_params                                         4792
  aria_128_ccm_get_params                                        4792
  ossl_ctx_global_properties_new                                 4792
  ossl_prov_cipher_hw_aes_ctr                                    4792
  aes_128_wrap_get_params                                        4833
  aes_192_ccm_get_params                                         4833
  aria_192_cbc_get_params                                        4833
  ossl_prov_ctx_set0_core_bio_method                             4833
  pthread_cond_destroy                                           4833
  UI_method_set_prompt_constructor                               4834
  aes_192_ocb_get_params                                         4834
  engine_pkey_meths_free                                         4834
  ossl_store_register_init                                       4834
  OSSL_STORE_LOADER_set_error                                    4875
  aes_256_xts_get_params                                         4875
  aes_cts_128_cbc_get_params                                     4875
  aes_256_wrap_get_params                                        4916
  sm4_128_ecb_get_params                                         4916
  aes_128_siv_get_params                                         4917
  aes_192_wrapinv_get_params                                     4917
  aria_192_cfb8_get_params                                       4917
  aria_256_ccm_get_params                                        4917
  aria_256_ecb_get_params                                        4917
  camellia_128_cfb_get_params                                    4917
  camellia_256_cfb_get_params                                    4917
  tdes_ede3_cfb1_get_params                                      4917
  tdes_ede3_cfb8_get_params                                      4917
  aes_256_wrappad_get_params                                     4958
  camellia_192_cfb_get_params                                    4958
  camellia_256_cbc_get_params                                    4958
  tdes_ede3_cfb_get_params                                       4958
  OSSL_STORE_LOADER_set_close                                    4959
  tdes_ede3_ecb_get_params                                       4959
  EVP_aes_128_cbc_hmac_sha1                                      5000
  OSSL_STORE_LOADER_set_load                                     5000
  camellia_128_ecb_get_params                                    5000
  ossl_bio_core_globals_free                                     5000
  tdes_ede2_cbc_get_params                                       5000
  tdes_ede2_cfb_get_params                                       5000
  tdes_ede3_ofb_get_params                                       5000
  aes_256_ocb_get_params                                         5041
  ENGINE_get_cipher_engine                                       5042
  aria_256_gcm_get_params                                        5042
  camellia_128_cfb8_get_params                                   5042
  camellia_128_ctr_get_params                                    5042
  ossl_provider_add_conf_module                                  5042
  EVP_CIPHER_get_key_length                                      5083
  camellia_128_cbc_get_params                                    5083
  camellia_192_cfb8_get_params                                   5083
  ossl_property_has_optional                                     5083
  ENGINE_load_builtin_engines                                    5084
  camellia_192_cbc_get_params                                    5125
  camellia_192_cfb1_get_params                                   5125
  camellia_192_ctr_get_params                                    5125
  camellia_192_ecb_get_params                                    5125
  ossl_property_match_count                                      5125
  engine_remove_dynamic_id                                       5166
  camellia_192_ofb_get_params                                    5167
  camellia_256_cfb1_get_params                                   5167
  OSSL_PARAM_get_int                                             5208
  camellia_128_cfb1_get_params                                   5209
  camellia_256_ecb_get_params                                    5209
  ossl_free_compression_methods_int                              5209
  tiny_malloc_from_free_list                                     5209
  EVP_aes_128_cbc_hmac_sha256                                    5250
  OSSL_STORE_LOADER_set_expect                                   5250
  aes_192_wrappad_get_params                                     5250
  camellia_256_cfb8_get_params                                   5250
  aes_cts_256_cbc_get_params                                     5291
  aria_192_ccm_get_params                                        5292
  engine_pkey_asn1_meths_free                                    5292
  ossl_indicator_set_callback_new                                5292
  Diagnostics::clearError()                                      5333
  OPENSSL_sk_sort                                                5333
  aes_192_wrappadinv_get_params                                  5333
  chacha20_poly1305_get_params                                   5333
  camellia_cts_192_cbc_get_params                                5334
  aes_128_wrapinv_get_params                                     5375
  aes_256_wrapinv_get_params                                     5375
  aes_256_wrappadinv_get_params                                  5375
  camellia_256_ctr_get_params                                    5375
  medium_region_for_ptr_no_lock                                  5417
  ossl_init_thread_deregister                                    5417
  memset                                                         5458
  aes_128_wrappad_get_params                                     5459
  ossl_aes_192_gcm_siv_get_params                                5459
  ossl_self_test_set_callback_free                               5459
  aes_128_wrappadinv_get_params                                  5500
  ossl_provider_unquery_operation                                5500
  ossl_aes_256_gcm_siv_get_params                                5542
  app_get0_libctx                                                5584
  camellia_128_ofb_get_params                                    5625
  EVP_CIPHER_CTX_get_block_size                                  5666
  camellia_cts_256_cbc_get_params                                5666
  ossl_indicator_set_callback_free                               5667
  getegid                                                        5708
  medium_malloc_from_free_list                                   5708
  ossl_self_test_set_callback_new                                5750
  OSSL_LIB_CTX_set_conf_diagnostics                              5792
  camellia_cts_128_cbc_get_params                                5792
  chacha20_poly1305_gettable_ctx_params                          5792
  ossl_aes_128_gcm_siv_get_params                                5875
  ossl_prov_ctx_get0_core_bio_method                             5916
  opt_arg                                                        5917
  OSSL_STORE_LOADER_set_open                                     6000
  EVP_CIPHER_get_mode                                            6124
  ossl_prov_bio_from_dispatch                                    6125
  BIO_set_data                                                   6209
  lsl::Lock::lock()                                              6292
  geteuid                                                        6334
  ossl_prov_seeding_from_dispatch                                6375
  dyld3::kdebug_trace_dyld_enabled(unsigned int)                 6458
  OSSL_PARAM_get_int32                                           6542
  camellia_256_ofb_get_params                                    6750
  getuid                                                         6833
  OSSL_STORE_LOADER_set_eof                                      6958
  BIO_next                                                       7000
  EVP_RAND_CTX_free                                              7000
  getgid                                                         7000
  dyld4::RuntimeState::notifyObjCPatching()                      7041
  EVP_CipherInit_ex                                              7208
  _platform_strnlen                                              7374
  OPENSSL_sk_pop                                                 7501
  dyld4::BumpAllocator::~BumpAllocator()                         7583
  _kernelrpc_mach_port_construct_trap                            7667
  dyld4::handleFromLoader(dyld4::Loader const*, bool)             7709
  ENGINE_register_EC                                             7749
  store_loader_hash                                              7749
  _kernelrpc_mach_port_deallocate_trap                           7750
  ENGINE_register_DH                                             7916
  err_unshelve_state                                             7917
  openssl_fopen                                                  7917
  file_ctrl                                                      7999
  lsl::EphemeralAllocator::reset()                               8000
  BIO_copy_next_retry                                            8083
  ENGINE_register_RSA                                            8207
  dyld4::JustInTimeLoader::hiddenFromFlat(bool) const             8208
  __fcntl                                                        8209
  ENGINE_register_RAND                                           8250
  bio_open_default                                               8250
  __sclose                                                       8251
  X509_get_default_cert_area                                     8333
  ENGINE_register_DSA                                            8375
  dyld4::Loader::hiddenFromFlat(bool) const                      8417
  ossl_lib_ctx_get_concrete                                      8458
  flsl                                                           8584
  dyld4::Loader::beginInitializers(dyld4::RuntimeState&)             8792
  ossl_sa_new                                                    8917
  BIO_set_init                                                   9000
  __sflags                                                       9001
  ENGINE_register_digests                                        9083
  ENGINE_register_ciphers                                        9209
  dyld4::RuntimeState::incDlRefCount(dyld4::Loader const*)             9209
  free_small                                                     9333
  ossl_cipher_generic_einit                                      9375
  lsl::Vector<dyld4::Loader const*>::reserveExact(unsigned long)             9542
  ossl_property_free                                             9542
  ENGINE_register_pkey_meths                                     9834
  BIO_set_flags                                                  9874
  ossl_cipher_generic_set_ctx_params                            10125
  dyld4::JustInTimeLoader::beginInitializers(dyld4::RuntimeState&)            10167
  DSO_METHOD_openssl                                            10249
  OSSL_LIB_CTX_get_conf_diagnostics                             10292
  CRYPTO_atomic_or                                              10417
  ossl_lib_ctx_get_rcukey                                       11040
  ossl_lib_ctx_get_ex_data_global                               11041
  ENGINE_register_pkey_asn1_meths                               11042
  NCONF_get_section                                             11292
  engine_free_util                                              11292
  lsl::Vector<lsl::MemoryManager::Buffer>::reserve(unsigned long)            11375
  OPENSSL_cleanse                                               11707
  ossl_sa_doall_arg                                             12000
  strlen                                                        12208
  deflt_query                                                   12292
  aes_siv_gettable_ctx_params                                   12541
  dyld4::RuntimeState::doSingletonPatching(dyld4::DyldCacheDataConstLazyScopedWriter&)            12667
  ossl_cipher_capable_aes_cbc_hmac_sha1                         12667
  ossl_cipher_capable_aes_cbc_hmac_sha256                       12708
  fstat                                                         12917
  EVP_add_cipher                                                12959
  ossl_property_value                                           13000
  __bzero                                                       13125
  cipher_ocb_gettable_ctx_params                                13543
  aes_cbc_cts_gettable_ctx_params                               13625
  BIO_clear_flags                                               13915
  dyld4::DyldCacheDataConstLazyScopedWriter::DyldCacheDataConstLazyScopedWriter(dyld4::RuntimeState&)            14750
  DSO_free                                                      14874
  BIO_get_data                                                  14875
  CRYPTO_atomic_add                                             15041
  lsl::EphemeralAllocator::~EphemeralAllocator()                15125
  camellia_cbc_cts_gettable_ctx_params                          15208
  _NSGetEnviron                                                 15459
  ossl_aes_gcm_siv_gettable_ctx_params                          15542
  dyld4::Loader::loadDependents(Diagnostics&, dyld4::RuntimeState&, dyld4::Loader::LoadOptions const&)            15583
  __sflush                                                      15709
  sa_doall                                                      15710
  dyld4::JustInTimeLoader::loadDependents(Diagnostics&, dyld4::RuntimeState&, dyld4::Loader::LoadOptions const&)            16000
  dyld3::MachOFile::is64() const                                16583
  file_free                                                     16834
  ossl_prov_is_running                                          16958
  rack_region_insert                                            17124
  _kernelrpc_mach_port_destruct_trap                            17166
  file_new                                                      17458
  CRYPTO_THREAD_lock_free                                       17624
  pthread_mutex_destroy                                         17917
  os_unfair_recursive_lock_unlock                               18042
  OPENSSL_LH_get_down_load                                      18082
  dyld4::Loader::path() const                                   18082
  invocation function for block in dyld4::Loader::forEachPath(Diagnostics&, dyld4::RuntimeState&, char const*, dyld4::Loader::Loa            18084
  FMT_istext                                                    18542
  BIO_new                                                       18750
  kdebug_is_enabled                                             18958
  small_free_list_remove_ptr                                    19083
  dyld4::JustInTimeLoader::path() const                         19583
  pthread_cond_init                                             19706
  os_unfair_recursive_lock_lock_with_options                    20209
  property_free                                                 20292
  small_free_list_find_by_ptr                                   20418
  _kernelrpc_mach_vm_deallocate_trap                            20458
  small_try_realloc_in_place                                    20502
  dyld4::Loader::matchesPath(char const*) const                 21458
  dyld4::LibSystemHelpers::pthread_getspecific(unsigned long) const            21499
  lsl::EphemeralAllocator::deallocate_buffer(lsl::MemoryManager::Buffer)            22250
  small_size                                                    22250
  os_unfair_lock_assert_not_owner                               22541
  ___chkstk_darwin                                              22584
  __chkstk_darwin_probe                                         23041
  dyld4::ProcessConfig::DyldCache::indexOfPath(char const*, unsigned int&) const            23251
  small_free_list_remove_ptr_no_clear                           23583
  pthread_mutex_init                                            24458
  mach_msg2_trap                                                24625
  dyld4::Loader::loadAddress(dyld4::RuntimeState&) const            26168
  __findenv_locked                                              27042
  ossl_property_name                                            27542
  lsl::MemoryManager::lockGuard()                               28125
  OPENSSL_strnlen                                               28332
  OPENSSL_sk_delete                                             28875
  dyld4::JustInTimeLoader::loadAddress(dyld4::RuntimeState&) const            29376
  dyld3::ScopedTimer::endTimer()                                31750
  __open                                                        32459
  _pthread_mutex_check_init_slow                                33626
  lsl::AllocationMetadata::AllocationMetadata(lsl::Allocator*, unsigned long)            33959
  OPENSSL_LH_set_down_load                                      34790
  CRYPTO_new_ex_data                                            35417
  small_free_list_add_ptr                                       36500
  __read_nocancel                                               36958
  tiny_free_list_remove_ptr                                     37416
  szone_good_size                                               39250
  _kernelrpc_mach_vm_map_trap                                   39374
  OPENSSL_sk_free                                               39501
  dyld4::LibSystemHelpers::os_unfair_recursive_lock_unlock(os_unfair_recursive_lock_s*) const            39959
  Diagnostics::hasError() const                                 40918
  get_tiny_previous_free_msize                                  41874
  EVP_PKEY_asn1_get0                                            42668
  dyld4::LibSystemHelpers::os_unfair_lock_unlock(os_unfair_lock_s*) const            42833
  ossl_rcu_write_lock                                           42999
  ossl_rcu_write_unlock                                         45625
  Diagnostics::noError() const                                  46086
  __write_nocancel                                              46208
  ossl_tdes_gettable_ctx_params                                 46584
  pthread_setspecific                                           47000
  dyld3::MachOFile::read_uleb128(Diagnostics&, unsigned char const*&, unsigned char const*)            49458
  dyld4::LibSystemHelpers::os_unfair_recursive_lock_lock_with_options(os_unfair_recursive_lock_s*, os_unfair_lock_options_t) cons            52083
  dyld4::RuntimeState::PermanentRanges::contains(unsigned long, unsigned long, unsigned char*, dyld4::Loader const**) const            52249
  madvise                                                       53917
  small_malloc_from_free_list                                   54166
  EVP_PKEY_asn1_get0_info                                       54457
  szone_malloc                                                  55209
  pthread_cond_broadcast                                        56165
  tiny_size                                                     59207
  _tiny_check_and_zero_inline_meta_from_freelist                59667
  dyld4::LibSystemHelpers::os_unfair_lock_lock_with_options(os_unfair_lock_s*, os_unfair_lock_options_t) const            61667
  realloc                                                       61703
  set_tiny_meta_header_in_use                                   63292
  lsl::EphemeralAllocator::allocate_buffer(unsigned long, unsigned long, unsigned long)            65542
  _qsort                                                        69377
  tiny_free_list_add_ptr                                        69584
  _szone_free                                                   69918
  OPENSSL_sk_pop_free                                           71040
  ossl_cipher_aead_gettable_ctx_params                          71041
  strcmp                                                        72250
  szone_try_free_default                                        77709
  __close_nocancel                                              77959
  os_unfair_lock_assert_owner                                   78292
  dyld3::kdebug_trace_dyld_duration_end(unsigned long long, unsigned int, dyld3::kt_arg, dyld3::kt_arg, dyld3::kt_arg)            81833
  rack_get_thread_index                                         81999
  invocation function for block in dyld3::MachOFile::getDylibInstallName(char const**, unsigned int*, unsigned int*) const            83417
  property_hash                                                 88003
  dyld3::OverflowSafeArray<unsigned int, 4294967295ul>::verifySpace(unsigned long)            90874
  EVP_CIPHER_get_type                                           90957
  dyld4::Loader::contains(dyld4::RuntimeState&, void const*, void const**, unsigned long long*, unsigned char*) const            95667
  pthread_cond_signal                                          104502
  Diagnostics::assertNoError() const                           109502
  nanov2_size                                                  113791
  pthread_rwlock_init                                          114957
  pthread_rwlock_destroy                                       123666
  os_unfair_lock_unlock                                        128584
  Diagnostics::~Diagnostics()                                  145668
  __open_nocancel                                              145917
  Diagnostics::Diagnostics(bool)                               147665
  get_legacy_evp_names                                         161251
  os_unfair_lock_lock_with_options                             178130
  ossl_ctype_check                                             185165
  invocation function for block in dyld3::MachOFile::getEntry(unsigned long long&, bool&) const           186915
  EVP_MD_get_type                                              195416
  nanov2_pointer_size                                          195584
  free                                                         203587
  _Block_object_dispose                                        220871
  nanov2_allocate_from_block                                   227831
  OPENSSL_hexchar2int                                          239957
  ossl_sa_set                                                  249337
  trim_ws                                                      276828
  invocation function for block in dyld4::JustInTimeLoader::contains(dyld4::RuntimeState&, void const*, void const**, unsigned lo           298043
  BUF_MEM_new                                                  303132
  names_free                                                   313003
  strncmp                                                      317623
  OBJ_get0_data                                                331666
  OPENSSL_LH_doall                                             332458
  OPENSSL_LH_flush                                             332998
  OSSL_PARAM_set_uint                                          339206
  ossl_provider_ctx                                            344171
  EVP_CIPHER_get_nid                                           365793
  ossl_lib_ctx_unlock                                          376656
  conf_value_cmp                                               383996
  OSSL_PARAM_locate_const                                      398386
  invocation function for block in dyld3::MachOLoaded::findClosestSymbol(unsigned long long, char const**, unsigned long long*) c           416670
  ossl_lib_ctx_read_lock                                       422456
  OPENSSL_LH_set_thunks                                        430796
  property_defn_cmp                                            443000
  ossl_cipher_generic_gettable_ctx_params                      445750
  evp_cipher_up_ref                                            455923
  property_defn_hash                                           464162
  value_free_hash                                              480329
  function_hash                                                481704
  BN_free                                                      481706
  CRYPTO_realloc                                               486702
  ossl_provider_up_ref                                         492167
  ossl_provider_free                                           497173
  OSSL_PARAM_set_uint32                                        503373
  ASN1_OBJECT_free                                             508841
  eat_alpha_numeric                                            510627
  ossl_sa_get                                                  514329
  sa_free_node                                                 547169
  OSSL_PARAM_construct_end                                     552330
  EVP_CIPHER_get0_provider                                     559964
  OSSL_PARAM_construct_uint                                    568841
  evp_cipher_free                                              576446
  do_all_fn                                                    583466
  EVP_CIPHER_free                                              639338
  ossl_provider_libctx                                         798671
  internal_free_nop                                            847917
  invocation function for block in dyld3::MachOLoaded::getLinkEditLoadCommands(Diagnostics&, dyld3::MachOLoaded::LinkEditInfo&) c           862253
  _platform_strncmp                                            870202
  name_string_free                                             893412
  OPENSSL_LH_error                                             936160
  invocation function for block in dyld3::MachOFile::forEachSegment(void (dyld3::MachOFile::SegmentInfo const&, bool&) block_poin          1127079
  OSSL_PARAM_set_size_t                                       1127521
  BUF_MEM_grow                                                1128702
  sk_reserve                                                  1166042
  pthread_getspecific                                         1170460
  _os_once                                                    1230665
  CRYPTO_THREAD_get_local                                     1292890
  _platform_memchr                                            1354197
  ossl_rcu_assign_uptr                                        1422388
  names_lh_free_doall                                         1519450
  OSSL_PARAM_set_uint64                                       1521381
  ossl_lib_ctx_get_data                                       1613297
  OSSL_PARAM_set_int                                          1614810
  pthread_mutex_lock                                          1729507
  _platform_strchr                                            1736918
  OSSL_PARAM_construct_size_t                                 1814976
  pthread_mutex_unlock                                        1844876
  _nanov2_free                                                1920240
  OPENSSL_sk_push                                             1975464
  _pthread_mutex_lock_init_slow                               1980710
  OPENSSL_sk_num                                              2006777
  _pthread_mutex_unlock_init_slow                             2103837
  _pthread_mutex_firstfit_lock_slow                           2203830
  _pthread_mutex_firstfit_unlock_slow                         2297752
  OPENSSL_sk_value                                            2328957
  OSSL_PARAM_set_int32                                        2456288
  obj_name_cmp                                                2493403
  OPENSSL_LH_strhash                                          2706757
  _platform_memcmp                                            2759493
  OSSL_PARAM_construct_int                                    2770834
  pthread_once                                                3067190
  OBJ_nid2obj                                                 3170196
  CRYPTO_atomic_load                                          3309422
  pthread_rwlock_rdlock                                       3332471
  SortFnByName                                                3452003
  ossl_lh_strcasehash                                         3674200
  __error                                                     3777882
  ossl_isdigit                                                4006532
  cipher_compare                                              4198720
  fnv1a_hash                                                  4438338
  _platform_memmove                                           6502661
  pthread_rwlock_wrlock                                       6699940
  pthread_rwlock_unlock                                       9993967
  err_string_data_cmp                                        11021791
  CRYPTO_free                                                12297815
  malloc                                                     13520283
  doapr_outch                                                15189096
  err_string_data_hash                                       16770627
  nanov2_malloc                                              18640502
  _platform_strlen                                           23289200
  _platform_memset                                           25680748
  nanov2_try_free_default                                    26103433
  _platform_strcmp                                           28132202
  ossl_tolower                                               60208831
