
  EVP_md5                                                        1708
  pd_free                                                        1875
  sigaction                                                      1916
  UI_OpenSSL                                                     2000
  EVP_sha1                                                       2041
  EVP_sha224                                                     2041
  EVP_bf_cbc                                                     2083
  EVP_des_ofb                                                    2083
  EVP_rc2_cbc                                                    2083
  EVP_sha384                                                     2083
  EVP_sha512                                                     2083
  EVP_sm4_ctr                                                    2083
  EVP_des_ede                                                    2125
  EVP_rc2_ofb                                                    2125
  EVP_sha3_224                                                   2125
  EVP_rc4                                                        2166
  EVP_sm4_ofb                                                    2166
  EVP_bf_ofb                                                     2167
  EVP_des_ecb                                                    2167
  EVP_seed_cbc                                                   2167
  EVP_sm4_cbc                                                    2167
  EVP_md4                                                        2208
  EVP_rc4_40                                                     2208
  UI_null                                                        2208
  opt_unknown                                                    2208
  EVP_mdc2                                                       2209
  EVP_sm3                                                        2209
  EVP_cast5_ofb                                                  2250
  EVP_seed_ofb                                                   2291
  EVP_shake256                                                   2291
  strchr                                                         2291
  EVP_ripemd160                                                  2292
  EVP_sha3_512                                                   2292
  _cleanup                                                       2292
  EVP_cast5_cbc                                                  2334
  EVP_blake2s256                                                 2375
  EVP_des_cfb8                                                   2375
  EVP_des_ede3                                                   2375
  EVP_sha3_384                                                   2375
  EVP_shake128                                                   2375
  EVP_rc2_cfb64                                                  2416
  EVP_rc2_ecb                                                    2416
  release_engine                                                 2416
  EVP_idea_ofb                                                   2417
  EVP_md5_sha1                                                   2417
  EVP_sha512_256                                                 2417
  EVP_MD_free                                                    2458
  EVP_idea_cbc                                                   2458
  EVP_aes_128_ctr                                                2500
  EVP_aes_192_cbc                                                2500
  EVP_aes_256_gcm                                                2500
  EVP_aes_256_ofb                                                2500
  EVP_bf_ecb                                                     2500
  EVP_des_cbc                                                    2500
  EVP_desx_cbc                                                   2500
  EVP_sha512_224                                                 2500
  EVP_aes_192_ocb                                                2541
  EVP_aes_128_cbc                                                2542
  EVP_rc2_64_cbc                                                 2542
  EVP_seed_ecb                                                   2542
  EVP_aes_256_ctr                                                2583
  opt_next                                                       2583
  app_get0_propq                                                 2584
  EVP_aes_128_ccm                                                2625
  EVP_aes_256_ocb                                                2625
  EVP_aria_256_gcm                                               2625
  EVP_des_cfb1                                                   2625
  EVP_des_ede_cbc                                                2625
  EVP_idea_ecb                                                   2625
  EVP_rc2_40_cbc                                                 2625
  EVP_sm4_ecb                                                    2625
  EVP_whirlpool                                                  2625
  lh_FUNCTION_free                                               2625
  EVP_aes_192_ecb                                                2666
  EVP_aes_192_gcm                                                2667
  EVP_aes_256_xts                                                2667
  EVP_aria_256_ofb                                               2667
  EVP_cast5_ecb                                                  2667
  EVP_chacha20                                                   2667
  EVP_des_ede_ofb                                                2667
  EVP_aes_128_ofb                                                2708
  EVP_aes_256_cbc                                                2708
  EVP_aria_128_ecb                                               2708
  EVP_aria_256_ctr                                               2709
  EVP_aes_128_wrap                                               2750
  EVP_aes_256_cfb8                                               2750
  EVP_aes_256_wrap                                               2750
  EVP_aria_192_ctr                                               2750
  EVP_aria_192_ecb                                               2750
  EVP_aria_192_gcm                                               2750
  EVP_aria_256_ecb                                               2750
  EVP_bf_cfb64                                                   2750
  EVP_sm4_cfb128                                                 2750
  ossl_trace_cleanup                                             2750
  BIO_f_cipher                                                   2791
  EVP_aes_192_ccm                                                2791
  EVP_aes_256_ccm                                                2791
  EVP_aria_256_cbc                                               2791
  EVP_des_cfb64                                                  2791
  EVP_seed_cfb128                                                2791
  def_to_int                                                     2791
  COMP_get_type                                                  2792
  ENGINE_set_name                                                2792
  EVP_aes_128_cfb1                                               2792
  EVP_des_ede3_ofb                                               2792
  EVP_des_ede3_wrap                                              2792
  vm_deallocate                                                  2792
  EVP_aes_128_xts                                                2833
  EVP_aes_192_cfb8                                               2833
  EVP_aes_192_ofb                                                2833
  EVP_aria_128_cbc                                               2833
  EVP_aria_192_ccm                                               2833
  EVP_sha3_256                                                   2833
  NCONF_default                                                  2833
  strrchr                                                        2833
  EVP_aria_192_cfb1                                              2834
  EVP_aes_192_ctr                                                2875
  EVP_aria_128_ofb                                               2875
  EVP_aria_192_cfb8                                              2875
  EVP_aria_256_cfb1                                              2875
  EVP_blake2b512                                                 2875
  EVP_aes_128_gcm                                                2916
  EVP_aes_192_wrap                                               2916
  EVP_aes_256_cfb1                                               2916
  EVP_aria_256_cfb8                                              2916
  EVP_aes_192_cfb1                                               2917
  EVP_aria_128_ccm                                               2917
  EVP_aria_128_cfb8                                              2917
  EVP_aria_128_ctr                                               2917
  EVP_des_ede3_cbc                                               2917
  EVP_rc4_hmac_md5                                               2917
  OBJ_obj2txt                                                    2917
  EVP_aes_256_ecb                                                2958
  EVP_aria_256_ccm                                               2958
  getrlimit                                                      2958
  query_hash                                                     2958
  ENGINE_set_id                                                  3000
  EVP_aria_128_gcm                                               3000
  EVP_aria_192_cbc                                               3000
  EVP_des_ede3_cfb1                                              3000
  EVP_idea_cfb64                                                 3000
  EVP_aes_128_ocb                                                3041
  EVP_aria_192_cfb128                                            3041
  property_cmp                                                   3041
  EVP_aes_128_cfb128                                             3042
  EVP_aes_192_cfb128                                             3042
  EVP_cast5_cfb64                                                3042
  def_init_default                                               3042
  EVP_aes_128_cfb8                                               3083
  EVP_aria_128_cfb128                                            3083
  EVP_des_ede_cfb64                                              3083
  EVP_aria_128_cfb1                                              3084
  EVP_aria_192_ofb                                               3084
  EVP_des_ede3_cfb8                                              3084
  EVP_aes_128_ecb                                                3125
  EVP_aes_256_cfb128                                             3125
  EVP_camellia_128_cbc                                           3125
  __cxa_finalize                                                 3125
  EVP_camellia_192_ofb                                           3166
  EVP_camellia_256_ofb                                           3166
  EVP_camellia_256_cbc                                           3167
  UI_method_set_writer                                           3167
  EVP_CIPHER_get_flags                                           3208
  UI_method_set_closer                                           3208
  EVP_aria_256_cfb128                                            3209
  EVP_aes_128_wrap_pad                                           3250
  EVP_camellia_128_cfb8                                          3250
  EVP_camellia_128_ofb                                           3250
  EVP_camellia_192_ctr                                           3250
  OSSL_LIB_CTX_get_data                                          3250
  function_cmp                                                   3250
  EVP_camellia_128_ctr                                           3291
  EVP_camellia_192_cfb1                                          3291
  ossl_store_cleanup_int                                         3291
  UI_method_set_opener                                           3292
  EVP_camellia_192_ecb                                           3333
  OSSL_PARAM_modified                                            3333
  EVP_camellia_256_ctr                                           3334
  ossl_comp_zstd_cleanup                                         3334
  EVP_des_ede3_cfb64                                             3375
  signal                                                         3375
  EVP_camellia_192_cfb8                                          3417
  EVP_camellia_256_cfb1                                          3417
  EVP_camellia_256_ecb                                           3417
  __smakebuf                                                     3417
  EVP_camellia_192_cbc                                           3458
  EVP_chacha20_poly1305                                          3458
  init_thread_stop                                               3458
  EVP_camellia_256_cfb8                                          3459
  UI_method_set_reader                                           3459
  ENGINE_set_flags                                               3500
  EVP_aes_256_wrap_pad                                           3500
  EVP_camellia_128_cfb1                                          3500
  pthread_self                                                   3500
  OSSL_STORE_register_loader                                     3542
  bio_sock_cleanup_int                                           3542
  ossl_prov_ctx_new                                              3542
  engine_load_rdrand_int                                         3583
  free_medium                                                    3583
  EVP_add_alg_module                                             3584
  store_loader_cmp                                               3584
  BIO_meth_set_ctrl                                              3625
  COMP_zlib                                                      3625
  EVP_aes_192_wrap_pad                                           3625
  EVP_camellia_128_cfb128                                        3625
  EVP_camellia_256_cfb128                                        3625
  __getrlimit                                                    3625
  opt_set_unknown_name                                           3625
  ossl_comp_brotli_cleanup                                       3625
  ossl_comp_zlib_cleanup                                         3625
  ossl_prov_ctx_free                                             3625
  BIO_meth_set_gets                                              3708
  EVP_CipherUpdate                                               3708
  app_RAND_write                                                 3708
  ossl_prov_ctx_set0_handle                                      3708
  ASN1_add_stable_module                                         3750
  BIO_meth_set_puts                                              3791
  ossl_lib_ctx_write_lock                                        3791
  ERR_print_errors                                               3792
  evp_app_cleanup_int                                            3834
  EVP_camellia_128_ecb                                           3875
  core_get_libctx                                                3875
  BIO_meth_set_destroy                                           3917
  ERR_get_error_all                                              3917
  EVP_CIPHER_fetch                                               3917
  EVP_camellia_192_cfb128                                        3917
  dyld4::APIs::_tlv_exit()                                       3917
  BIO_meth_set_create                                            3959
  ossl_prov_ctx_set0_libctx                                      3959
  ENGINE_set_cmd_defns                                           4000
  EVP_CipherFinal_ex                                             4000
  ossl_method_unlock_store                                       4000
  NCONF_get0_libctx                                              4041
  CRYPTO_THREAD_get_current_id                                   4083
  EVP_CIPHER_get_iv_length                                       4083
  OSSL_LIB_CTX_free                                              4084
  ASN1_add_oid_module                                            4125
  close                                                          4125
  BIO_meth_set_read_ex                                           4166
  opt_check_rest_arg                                             4166
  EVP_PKEY_asn1_get_count                                        4167
  aes_v8_set_encrypt_key                                         4167
  ossl_child_prov_ctx_new                                        4209
  OSSL_ERR_STATE_new                                             4250
  aes_256_ctr_get_params                                         4250
  null_gettable_ctx_params                                       4250
  ossl_method_lock_store                                         4250
  aes_192_ecb_get_params                                         4291
  ENGINE_set_ctrl_function                                       4333
  aes_128_ofb_get_params                                         4333
  chacha20_get_params                                            4333
  ossl_config_add_ssl_module                                     4333
  aes_192_gcm_get_params                                         4334
  ENGINE_add_conf_module                                         4375
  ossl_cipher_generic_reset_ctx                                  4375
  aes_192_ofb_get_params                                         4416
  aria_192_cfb8_get_params                                       4416
  BIO_meth_set_write_ex                                          4417
  CONF_imodule_get_value                                         4417
  aria_256_ofb_get_params                                        4417
  ossl_stored_namemap_free                                       4417
  tiny_free_no_lock                                              4417
  OSSL_CMP_log_close                                             4458
  aes_128_ctr_get_params                                         4458
  aes_192_ccm_get_params                                         4458
  aes_192_ctr_get_params                                         4458
  sm4_128_ctr_get_params                                         4458
  OSSL_STORE_unregister_loader                                   4459
  aes_256_siv_get_params                                         4500
  aria_128_cfb8_get_params                                       4500
  ossl_prov_ctx_get0_libctx                                      4500
  sm4_128_cbc_get_params                                         4500
  aes_v8_ctr32_encrypt_blocks                                    4541
  ossl_random_add_conf_module                                    4541
  aes_128_cfb_get_params                                         4542
  aes_128_xts_get_params                                         4542
  aes_192_cfb1_get_params                                        4542
  aes_256_cfb8_get_params                                        4542
  aria_128_cfb1_get_params                                       4542
  aria_192_cfb1_get_params                                       4542
  ossl_lib_ctx_is_default                                        4542
  EVP_sha256                                                     4583
  aes_128_cfb1_get_params                                        4583
  aes_192_cfb_get_params                                         4583
  OSSL_trace_set_channel                                         4584
  aria_128_ecb_get_params                                        4584
  aria_192_ctr_get_params                                        4584
  ossl_rand_cleanup_int                                          4584
  ENGINE_set_init_function                                       4625
  OSSL_STORE_LOADER_set_eof                                      4625
  aes_128_cfb8_get_params                                        4625
  aes_192_cbc_get_params                                         4625
  aria_128_cbc_get_params                                        4625
  aria_192_cbc_get_params                                        4625
  aria_256_ctr_get_params                                        4625
  chacha20_gettable_ctx_params                                   4625
  aria_128_cfb_get_params                                        4666
  aria_128_ctr_get_params                                        4666
  aria_256_cfb_get_params                                        4666
  ossl_bio_core_globals_new                                      4666
  ossl_ctx_global_properties_new                                 4666
  aes_128_gcm_get_params                                         4667
  aria_128_gcm_get_params                                        4667
  aria_192_ecb_get_params                                        4667
  sm4_128_cfb128_get_params                                      4667
  sm4_128_gcm_get_params                                         4667
  aes_128_ccm_get_params                                         4708
  tdes_ede3_cfb8_get_params                                      4708
  tdes_wrap_get_params                                           4708
  tiny_try_realloc_in_place                                      4708
  OSSL_STORE_LOADER_set_error                                    4709
  aes_128_siv_get_params                                         4709
  aes_192_siv_get_params                                         4709
  aes_256_cfb1_get_params                                        4709
  tdes_ede2_ecb_get_params                                       4709
  ENGINE_set_finish_function                                     4750
  EVP_aes_256_cbc_hmac_sha1                                      4750
  aes_128_cbc_get_params                                         4750
  aes_192_wrap_get_params                                        4750
  aes_256_ofb_get_params                                         4750
  aes_cts_192_cbc_get_params                                     4750
  aria_128_ccm_get_params                                        4750
  aria_256_cbc_get_params                                        4750
  def_is_number                                                  4750
  ossl_bio_core_globals_free                                     4750
  sm4_128_xts_get_params                                         4750
  BIO_free                                                       4751
  aes_256_xts_get_params                                         4791
  aria_192_ofb_get_params                                        4791
  lsl::Lock::unlock()                                            4791
  sm4_128_ofb128_get_params                                      4791
  EVP_aes_256_cbc_hmac_sha256                                    4792
  OSSL_STORE_LOADER_set_close                                    4792
  aes_192_ocb_get_params                                         4792
  aria_128_ofb_get_params                                        4792
  aria_192_cfb_get_params                                        4792
  aria_192_gcm_get_params                                        4792
  tdes_ede2_cfb_get_params                                       4792
  tdes_ede3_cfb_get_params                                       4792
  EVP_CIPHER_get_key_length                                      4833
  UI_method_set_prompt_constructor                               4833
  aes_256_cfb_get_params                                         4833
  aes_256_gcm_get_params                                         4833
  aria_256_cfb1_get_params                                       4833
  camellia_256_cfb_get_params                                    4833
  ENGINE_load_builtin_engines                                    4834
  aes_256_cbc_get_params                                         4834
  engine_pkey_meths_free                                         4834
  tdes_ede2_cbc_get_params                                       4834
  aes_128_wrappad_get_params                                     4875
  aes_192_cfb8_get_params                                        4875
  aes_192_wrappad_get_params                                     4875
  aes_256_ccm_get_params                                         4875
  aes_256_ecb_get_params                                         4875
  aes_256_ocb_get_params                                         4875
  ossl_prov_cipher_hw_aes_ctr                                    4875
  ossl_provider_add_conf_module                                  4875
  sm4_128_ecb_get_params                                         4875
  tdes_ede2_ofb_get_params                                       4875
  aria_256_ccm_get_params                                        4916
  camellia_128_ecb_get_params                                    4916
  OSSL_STORE_LOADER_set_load                                     4917
  aes_cts_256_cbc_get_params                                     4917
  aria_256_cfb8_get_params                                       4917
  camellia_128_ctr_get_params                                    4917
  camellia_256_cbc_get_params                                    4917
  ossl_prov_ctx_set0_core_bio_method                             4917
  pthread_cond_destroy                                           4917
  tdes_ede3_ofb_get_params                                       4917
  Diagnostics::clearError()                                      4958
  EVP_aes_128_cbc_hmac_sha1                                      4958
  aes_128_ecb_get_params                                         4958
  aes_256_wrap_get_params                                        4958
  aes_256_wrapinv_get_params                                     4958
  aria_256_ecb_get_params                                        4958
  tdes_ede3_cbc_get_params                                       4958
  aes_128_ocb_get_params                                         4959
  ossl_store_register_init                                       4959
  EVP_aes_128_cbc_hmac_sha256                                    5000
  aria_192_ccm_get_params                                        5000
  camellia_128_cfb_get_params                                    5000
  camellia_192_ctr_get_params                                    5000
  camellia_256_cfb1_get_params                                   5000
  engine_remove_dynamic_id                                       5000
  sm4_128_ccm_get_params                                         5000
  aria_256_gcm_get_params                                        5042
  camellia_192_cbc_get_params                                    5042
  camellia_192_ecb_get_params                                    5042
  OPENSSL_cpuid_setup                                            5083
  OSSL_STORE_LOADER_set_open                                     5083
  aes_128_wrap_get_params                                        5083
  aes_192_wrapinv_get_params                                     5083
  aes_256_wrappad_get_params                                     5083
  camellia_256_ctr_get_params                                    5083
  camellia_256_ofb_get_params                                    5083
  camellia_192_ofb_get_params                                    5084
  aes_128_wrappadinv_get_params                                  5125
  aes_192_wrappadinv_get_params                                  5125
  camellia_192_cfb1_get_params                                   5125
  camellia_192_cfb_get_params                                    5125
  OSSL_STORE_LOADER_free                                         5166
  ossl_indicator_set_callback_free                               5166
  OSSL_STORE_LOADER_set_expect                                   5167
  camellia_128_cfb1_get_params                                   5167
  ENGINE_get_cipher_engine                                       5208
  camellia_128_cbc_get_params                                    5208
  camellia_128_cfb8_get_params                                   5208
  aes_cts_128_cbc_get_params                                     5209
  aes_128_wrapinv_get_params                                     5250
  camellia_128_ofb_get_params                                    5250
  camellia_256_cfb8_get_params                                   5250
  engine_pkey_asn1_meths_free                                    5250
  ossl_property_has_optional                                     5250
  ossl_property_match_count                                      5250
  ossl_free_compression_methods_int                              5291
  tdes_ede3_ecb_get_params                                       5291
  ossl_init_thread_deregister                                    5292
  camellia_192_cfb8_get_params                                   5334
  camellia_256_ecb_get_params                                    5334
  camellia_cts_192_cbc_get_params                                5375
  aes_256_wrappadinv_get_params                                  5417
  ossl_aes_256_gcm_siv_get_params                                5417
  ossl_self_test_set_callback_free                               5417
  ossl_self_test_set_callback_new                                5458
  ossl_indicator_set_callback_new                                5459
  chacha20_poly1305_get_params                                   5500
  tdes_ede3_cfb1_get_params                                      5500
  EVP_CIPHER_CTX_get_block_size                                  5541
  camellia_cts_256_cbc_get_params                                5542
  chacha20_poly1305_gettable_ctx_params                          5542
  OSSL_PARAM_get_int                                             5583
  ossl_provider_unquery_operation                                5583
  ossl_aes_192_gcm_siv_get_params                                5625
  memset                                                         5667
  ossl_prov_ctx_get0_core_bio_method                             5667
  __fcntl                                                        5750
  OPENSSL_sk_sort                                                5833
  OSSL_LIB_CTX_set_conf_diagnostics                              5875
  app_get0_libctx                                                5875
  ossl_aes_128_gcm_siv_get_params                                5875
  medium_malloc_from_free_list                                   5917
  camellia_cts_128_cbc_get_params                                5958
  ossl_prov_bio_from_dispatch                                    5959
  ossl_prov_seeding_from_dispatch                                6000
  opt_arg                                                        6042
  BIO_set_data                                                   6083
  getegid                                                        6125
  EVP_CIPHER_get_mode                                            6208
  OSSL_PARAM_get_int32                                           6584
  EVP_RAND_CTX_free                                              6667
  BIO_next                                                       6750
  dyld3::kdebug_trace_dyld_enabled(unsigned int)                 6833
  dyld4::Loader::hiddenFromFlat(bool) const                      6833
  dyld4::RuntimeState::notifyObjCPatching()                      6834
  geteuid                                                        6959
  dyld4::handleFromLoader(dyld4::Loader const*, bool)             7208
  getgid                                                         7209
  _kernelrpc_mach_port_deallocate_trap                           7292
  bio_open_default                                               7333
  getuid                                                         7374
  dyld4::BumpAllocator::~BumpAllocator()                         7416
  store_loader_hash                                              7500
  EVP_CipherInit_ex                                              7625
  ENGINE_register_EC                                             7666
  __sigaction                                                    7667
  _platform_strnlen                                              7667
  openssl_fopen                                                  7750
  dyld4::JustInTimeLoader::hiddenFromFlat(bool) const             7791
  OPENSSL_sk_pop                                                 7792
  medium_region_for_ptr_no_lock                                  7792
  ENGINE_register_DH                                             7833
  file_ctrl                                                      7916
  flsl                                                           8042
  BIO_copy_next_retry                                            8084
  err_unshelve_state                                             8084
  ENGINE_register_RAND                                           8208
  _kernelrpc_mach_port_construct_trap                            8208
  ENGINE_register_DSA                                            8292
  ENGINE_register_RSA                                            8375
  lsl::Lock::lock()                                              8375
  __sclose                                                       8416
  dyld4::Loader::beginInitializers(dyld4::RuntimeState&)             8583
  ossl_lib_ctx_get_concrete                                      8750
  BIO_set_init                                                   8833
  dyld4::RuntimeState::incDlRefCount(dyld4::Loader const*)             8875
  X509_get_default_cert_area                                     8917
  ENGINE_register_digests                                        9041
  strlen                                                         9043
  ossl_sa_new                                                    9083
  lsl::Vector<dyld4::Loader const*>::reserveExact(unsigned long)             9125
  ENGINE_register_ciphers                                        9208
  __sflags                                                       9250
  ossl_cipher_generic_einit                                      9333
  ossl_property_free                                             9542
  lsl::EphemeralAllocator::reset()                               9583
  ENGINE_register_pkey_meths                                     9625
  DSO_METHOD_openssl                                             9792
  dyld4::JustInTimeLoader::beginInitializers(dyld4::RuntimeState&)             9875
  ossl_cipher_generic_set_ctx_params                            10001
  OSSL_LIB_CTX_get_conf_diagnostics                             10250
  small_free_list_find_by_ptr                                   10291
  tiny_malloc_from_free_list                                    10334
  CRYPTO_atomic_or                                              10459
  lsl::Vector<lsl::MemoryManager::Buffer>::reserve(unsigned long)            10916
  ENGINE_register_pkey_asn1_meths                               11083
  ossl_lib_ctx_get_rcukey                                       11084
  NCONF_get_section                                             11209
  engine_free_util                                              11542
  ossl_sa_doall_arg                                             11581
  free_small                                                    11707
  OPENSSL_cleanse                                               11916
  ossl_lib_ctx_get_ex_data_global                               11917
  aes_siv_gettable_ctx_params                                   12041
  dyld4::RuntimeState::doSingletonPatching(dyld4::DyldCacheDataConstLazyScopedWriter&)            12166
  deflt_query                                                   12167
  ossl_cipher_capable_aes_cbc_hmac_sha256                       12542
  ossl_cipher_capable_aes_cbc_hmac_sha1                         12583
  BIO_set_flags                                                 12625
  fstat                                                         12958
  __bzero                                                       13041
  cipher_ocb_gettable_ctx_params                                13334
  aes_cbc_cts_gettable_ctx_params                               13542
  BIO_clear_flags                                               13708
  EVP_add_cipher                                                13791
  dyld4::DyldCacheDataConstLazyScopedWriter::DyldCacheDataConstLazyScopedWriter(dyld4::RuntimeState&)            14000
  dyld4::Loader::loadDependents(Diagnostics&, dyld4::RuntimeState&, dyld4::Loader::LoadOptions const&)            14083
  lsl::EphemeralAllocator::~EphemeralAllocator()                14333
  DSO_free                                                      14499
  small_free_list_remove_ptr                                    14500
  sa_doall                                                      14541
  dyld4::Loader::path() const                                   14792
  BIO_get_data                                                  14918
  camellia_cbc_cts_gettable_ctx_params                          15126
  CRYPTO_atomic_add                                             15167
  _NSGetEnviron                                                 15251
  dyld4::JustInTimeLoader::loadDependents(Diagnostics&, dyld4::RuntimeState&, dyld4::Loader::LoadOptions const&)            15291
  ossl_aes_gcm_siv_gettable_ctx_params                          15292
  _kernelrpc_mach_vm_deallocate_trap                            15334
  __sflush                                                      15709
  dyld3::MachOFile::is64() const                                16333
  _kernelrpc_mach_port_destruct_trap                            16417
  os_unfair_recursive_lock_unlock                               16709
  file_free                                                     16957
  ossl_prov_is_running                                          16999
  file_new                                                      17042
  invocation function for block in dyld4::Loader::forEachPath(Diagnostics&, dyld4::RuntimeState&, char const*, dyld4::Loader::Loa            17541
  CRYPTO_THREAD_lock_free                                       17626
  ossl_property_value                                           17667
  small_free_list_remove_ptr_no_clear                           17959
  dyld4::JustInTimeLoader::path() const                         18334
  OPENSSL_LH_get_down_load                                      18583
  pthread_mutex_destroy                                         18709
  BIO_new                                                       18957
  kdebug_is_enabled                                             18958
  FMT_istext                                                    19292
  small_try_realloc_in_place                                    19708
  pthread_cond_init                                             19876
  lsl::EphemeralAllocator::deallocate_buffer(lsl::MemoryManager::Buffer)            20792
  dyld4::LibSystemHelpers::pthread_getspecific(unsigned long) const            20833
  os_unfair_recursive_lock_lock_with_options                    21208
  __chkstk_darwin_probe                                         21251
  dyld4::Loader::matchesPath(char const*) const                 21334
  property_free                                                 21376
  ___chkstk_darwin                                              22084
  small_size                                                    22250
  dyld4::ProcessConfig::DyldCache::indexOfPath(char const*, unsigned int&) const            22958
  rack_region_insert                                            23167
  mach_msg2_trap                                                25125
  os_unfair_lock_assert_not_owner                               25292
  dyld4::Loader::loadAddress(dyld4::RuntimeState&) const            25583
  pthread_mutex_init                                            26251
  dyld3::ScopedTimer::endTimer()                                26501
  __findenv_locked                                              26960
  ossl_property_name                                            27125
  lsl::MemoryManager::lockGuard()                               27875
  OPENSSL_sk_delete                                             28374
  OPENSSL_strnlen                                               28584
  dyld4::JustInTimeLoader::loadAddress(dyld4::RuntimeState&) const            29293
  _tiny_check_and_zero_inline_meta_from_freelist                30333
  _pthread_mutex_check_init_slow                                33458
  lsl::AllocationMetadata::AllocationMetadata(lsl::Allocator*, unsigned long)            33833
  __open                                                        34542
  CRYPTO_new_ex_data                                            35127
  OPENSSL_LH_set_down_load                                      35625
  small_free_list_add_ptr                                       35834
  tiny_free_list_remove_ptr                                     37624
  szone_good_size                                               38834
  dyld4::LibSystemHelpers::os_unfair_recursive_lock_unlock(os_unfair_recursive_lock_s*) const            39208
  OPENSSL_sk_free                                               40210
  Diagnostics::hasError() const                                 40498
  dyld4::LibSystemHelpers::os_unfair_lock_unlock(os_unfair_lock_s*) const            41333
  __read_nocancel                                               42250
  _kernelrpc_mach_vm_map_trap                                   42501
  __write_nocancel                                              42666
  ossl_rcu_write_lock                                           42834
  EVP_PKEY_asn1_get0                                            43126
  small_malloc_from_free_list                                   45459
  ossl_tdes_gettable_ctx_params                                 45834
  ossl_rcu_write_unlock                                         46042
  pthread_setspecific                                           46459
  madvise                                                       46791
  get_tiny_previous_free_msize                                  47336
  dyld4::RuntimeState::PermanentRanges::contains(unsigned long, unsigned long, unsigned char*, dyld4::Loader const**) const            51000
  dyld3::MachOFile::read_uleb128(Diagnostics&, unsigned char const*&, unsigned char const*)            51667
  Diagnostics::noError() const                                  53541
  EVP_PKEY_asn1_get0_info                                       54625
  szone_malloc                                                  54710
  dyld4::LibSystemHelpers::os_unfair_recursive_lock_lock_with_options(os_unfair_recursive_lock_s*, os_unfair_lock_options_t) cons            54916
  pthread_cond_broadcast                                        55334
  tiny_free_list_add_ptr                                        56001
  tiny_size                                                     59213
  os_unfair_lock_assert_owner                                   59624
  dyld4::LibSystemHelpers::os_unfair_lock_lock_with_options(os_unfair_lock_s*, os_unfair_lock_options_t) const            60291
  realloc                                                       62124
  lsl::EphemeralAllocator::allocate_buffer(unsigned long, unsigned long, unsigned long)            64084
  _qsort                                                        64542
  set_tiny_meta_header_in_use                                   64831
  _szone_free                                                   70336
  strcmp                                                        70916
  ossl_cipher_aead_gettable_ctx_params                          70956
  OPENSSL_sk_pop_free                                           71040
  szone_try_free_default                                        76876
  __close_nocancel                                              77166
  invocation function for block in dyld3::MachOFile::getDylibInstallName(char const**, unsigned int*, unsigned int*) const            80874
  dyld3::kdebug_trace_dyld_duration_end(unsigned long long, unsigned int, dyld3::kt_arg, dyld3::kt_arg, dyld3::kt_arg)            81374
  rack_get_thread_index                                         83121
  EVP_CIPHER_get_type                                           90415
  property_hash                                                 91961
  dyld3::OverflowSafeArray<unsigned int, 4294967295ul>::verifySpace(unsigned long)            92917
  dyld4::Loader::contains(dyld4::RuntimeState&, void const*, void const**, unsigned long long*, unsigned char*) const            96753
  pthread_cond_signal                                          105249
  Diagnostics::assertNoError() const                           108959
  __open_nocancel                                              115835
  pthread_rwlock_init                                          116252
  nanov2_size                                                  117917
  pthread_rwlock_destroy                                       125209
  os_unfair_lock_unlock                                        129463
  Diagnostics::~Diagnostics()                                  140291
  Diagnostics::Diagnostics(bool)                               148460
  get_legacy_evp_names                                         160708
  ossl_ctype_check                                             169624
  os_unfair_lock_lock_with_options                             172712
  nanov2_pointer_size                                          194000
  invocation function for block in dyld3::MachOFile::getEntry(unsigned long long&, bool&) const           194876
  EVP_MD_get_type                                              195173
  free                                                         211713
  _Block_object_dispose                                        223623
  OPENSSL_hexchar2int                                          232832
  nanov2_allocate_from_block                                   240294
  ossl_sa_set                                                  251915
  strncmp                                                      268498
  trim_ws                                                      275340
  invocation function for block in dyld4::JustInTimeLoader::contains(dyld4::RuntimeState&, void const*, void const**, unsigned lo           292834
  BUF_MEM_new                                                  305956
  names_free                                                   321841
  OPENSSL_LH_flush                                             330711
  OBJ_get0_data                                                331206
  OPENSSL_LH_doall                                             335922
  OSSL_PARAM_set_uint                                          340705
  ossl_provider_ctx                                            342458
  EVP_CIPHER_get_nid                                           364362
  conf_value_cmp                                               378874
  ossl_lib_ctx_unlock                                          380789
  invocation function for block in dyld3::MachOLoaded::findClosestSymbol(unsigned long long, char const**, unsigned long long*) c           397333
  OSSL_PARAM_locate_const                                      399206
  ossl_lib_ctx_read_lock                                       425833
  OPENSSL_LH_set_thunks                                        431532
  property_defn_cmp                                            438169
  ossl_cipher_generic_gettable_ctx_params                      446704
  evp_cipher_up_ref                                            449952
  property_defn_hash                                           464087
  BN_free                                                      476089
  value_free_hash                                              477162
  ossl_provider_free                                           485955
  ossl_provider_up_ref                                         489375
  CRYPTO_realloc                                               491126
  function_hash                                                494999
  ASN1_OBJECT_free                                             500669
  OSSL_PARAM_set_uint32                                        502081
  ossl_sa_get                                                  511376
  eat_alpha_numeric                                            512411
  sa_free_node                                                 542345
  OSSL_PARAM_construct_end                                     549543
  EVP_CIPHER_get0_provider                                     559173
  OSSL_PARAM_construct_uint                                    564586
  evp_cipher_free                                              571785
  do_all_fn                                                    582669
  EVP_CIPHER_free                                              635538
  ossl_provider_libctx                                         801009
  internal_free_nop                                            849091
  invocation function for block in dyld3::MachOLoaded::getLinkEditLoadCommands(Diagnostics&, dyld3::MachOLoaded::LinkEditInfo&) c           849208
  _platform_strncmp                                            888922
  name_string_free                                             891836
  OPENSSL_LH_error                                             918391
  invocation function for block in dyld3::MachOFile::forEachSegment(void (dyld3::MachOFile::SegmentInfo const&, bool&) block_poin          1100336
  OSSL_PARAM_set_size_t                                       1116345
  BUF_MEM_grow                                                1149907
  pthread_getspecific                                         1150744
  sk_reserve                                                  1159906
  _os_once                                                    1209598
  CRYPTO_THREAD_get_local                                     1283717
  _platform_memchr                                            1361043
  ossl_rcu_assign_uptr                                        1409405
  OSSL_PARAM_set_uint64                                       1507089
  names_lh_free_doall                                         1538548
  ossl_lib_ctx_get_data                                       1600660
  OSSL_PARAM_set_int                                          1617249
  _platform_strchr                                            1721556
  pthread_mutex_lock                                          1727504
  OSSL_PARAM_construct_size_t                                 1809242
  pthread_mutex_unlock                                        1843782
  _nanov2_free                                                1887641
  OPENSSL_sk_num                                              1986715
  OPENSSL_sk_push                                             1989089
  _pthread_mutex_lock_init_slow                               1999425
  _pthread_mutex_unlock_init_slow                             2122663
  _pthread_mutex_firstfit_lock_slow                           2222412
  OPENSSL_sk_value                                            2313671
  _pthread_mutex_firstfit_unlock_slow                         2322946
  OSSL_PARAM_set_int32                                        2436970
  obj_name_cmp                                                2478376
  _platform_memcmp                                            2730887
  OPENSSL_LH_strhash                                          2731010
  OSSL_PARAM_construct_int                                    2739786
  pthread_once                                                3052439
  OBJ_nid2obj                                                 3141477
  CRYPTO_atomic_load                                          3285165
  pthread_rwlock_rdlock                                       3318526
  SortFnByName                                                3344538
  ossl_lh_strcasehash                                         3670945
  __error                                                     3892440
  cipher_compare                                              3960668
  ossl_isdigit                                                3963303
  fnv1a_hash                                                  4400460
  _platform_memmove                                           6552955
  pthread_rwlock_wrlock                                       6616416
  pthread_rwlock_unlock                                       9962098
  err_string_data_cmp                                        10855511
  CRYPTO_free                                                12217098
  malloc                                                     13313974
  doapr_outch                                                15044878
  err_string_data_hash                                       16505305
  nanov2_malloc                                              18507047
  _platform_strlen                                           23207366
  _platform_memset                                           25402212
  nanov2_try_free_default                                    25958896
  _platform_strcmp                                           27960809
  ossl_tolower                                               59810618
