
  sigaction                                                      1791
  pd_free                                                        1875
  EVP_md5                                                        1959
  EVP_des_ofb                                                    2000
  EVP_rc2_cbc                                                    2000
  EVP_sm4_ctr                                                    2000
  EVP_rc2_ofb                                                    2041
  EVP_sha224                                                     2041
  EVP_sha1                                                       2042
  EVP_rc4_40                                                     2083
  EVP_des_ecb                                                    2125
  EVP_sha512                                                     2125
  EVP_sm4_cbc                                                    2125
  EVP_sm4_ofb                                                    2125
  UI_OpenSSL                                                     2125
  _cleanup                                                       2125
  EVP_rc4                                                        2167
  EVP_sha384                                                     2167
  EVP_des_cfb8                                                   2208
  EVP_des_ede                                                    2208
  EVP_sm3                                                        2208
  EVP_bf_ofb                                                     2209
  EVP_idea_ofb                                                   2209
  EVP_mdc2                                                       2209
  EVP_sm4_ecb                                                    2209
  EVP_des_cbc                                                    2250
  EVP_seed_cbc                                                   2250
  opt_unknown                                                    2250
  EVP_seed_ofb                                                   2291
  EVP_cast5_ofb                                                  2333
  UI_null                                                        2333
  strchr                                                         2333
  EVP_sha512_256                                                 2334
  EVP_idea_cbc                                                   2375
  EVP_sha3_512                                                   2375
  EVP_shake128                                                   2375
  opt_next                                                       2375
  EVP_des_ede3                                                   2416
  EVP_sha3_224                                                   2416
  EVP_bf_cbc                                                     2417
  EVP_shake256                                                   2417
  EVP_blake2s256                                                 2458
  EVP_rc2_cfb64                                                  2458
  EVP_rc2_ecb                                                    2458
  EVP_md4                                                        2459
  EVP_ripemd160                                                  2459
  EVP_cast5_cbc                                                  2500
  EVP_sha3_384                                                   2500
  EVP_sha512_224                                                 2500
  app_get0_propq                                                 2500
  EVP_seed_ecb                                                   2541
  EVP_bf_cfb64                                                   2542
  EVP_desx_cbc                                                   2542
  EVP_idea_ecb                                                   2542
  EVP_rc2_64_cbc                                                 2542
  release_engine                                                 2542
  EVP_aes_256_xts                                                2583
  EVP_des_ede_ofb                                                2583
  EVP_aes_256_ofb                                                2584
  EVP_aes_256_ctr                                                2625
  EVP_rc2_40_cbc                                                 2625
  vm_deallocate                                                  2625
  EVP_MD_free                                                    2666
  EVP_aes_192_ccm                                                2666
  EVP_aes_256_cbc                                                2666
  EVP_aes_256_cfb8                                               2666
  COMP_get_type                                                  2667
  EVP_aes_128_ctr                                                2667
  EVP_aria_256_ctr                                               2667
  EVP_bf_ecb                                                     2667
  EVP_des_ede_cbc                                                2667
  EVP_idea_cfb64                                                 2667
  lh_FUNCTION_free                                               2667
  ENGINE_set_name                                                2708
  EVP_aes_128_ccm                                                2708
  EVP_aes_192_cbc                                                2708
  EVP_aes_192_cfb8                                               2708
  EVP_aria_192_ccm                                               2708
  EVP_chacha20                                                   2708
  EVP_md5_sha1                                                   2708
  EVP_seed_cfb128                                                2708
  def_to_int                                                     2708
  query_hash                                                     2708
  EVP_aes_128_cbc                                                2709
  EVP_aes_192_ecb                                                2709
  EVP_aes_256_gcm                                                2709
  EVP_aes_256_wrap                                               2709
  EVP_aria_256_ofb                                               2709
  BIO_f_cipher                                                   2750
  EVP_aes_128_cfb1                                               2750
  EVP_aes_192_gcm                                                2750
  EVP_aes_256_cfb1                                               2750
  EVP_aes_256_ocb                                                2750
  EVP_aria_128_ecb                                               2750
  EVP_aria_192_cbc                                               2750
  EVP_aria_192_ctr                                               2750
  EVP_aria_192_ofb                                               2750
  EVP_aria_256_cbc                                               2750
  EVP_des_cfb1                                                   2750
  EVP_aes_128_ofb                                                2791
  EVP_aes_192_ctr                                                2792
  EVP_aria_192_cfb1                                              2792
  EVP_cast5_ecb                                                  2792
  EVP_sm4_cfb128                                                 2792
  EVP_aes_192_cfb1                                               2833
  EVP_aes_192_ocb                                                2833
  EVP_aes_192_ofb                                                2833
  EVP_aes_256_ccm                                                2833
  EVP_aria_128_ofb                                               2833
  EVP_aria_256_ccm                                               2833
  EVP_aria_256_ecb                                               2833
  EVP_aria_256_gcm                                               2833
  EVP_des_ede3_ofb                                               2834
  ENGINE_set_id                                                  2875
  EVP_aes_192_wrap                                               2875
  EVP_aes_256_ecb                                                2875
  EVP_aria_192_gcm                                               2875
  EVP_cast5_cfb64                                                2875
  EVP_des_ede3_cfb8                                              2875
  EVP_sha3_256                                                   2875
  EVP_aria_256_cfb1                                              2916
  OBJ_obj2txt                                                    2917
  ossl_trace_cleanup                                             2917
  EVP_aes_128_xts                                                3000
  EVP_aria_128_ctr                                               3000
  EVP_aria_192_cfb8                                              3000
  EVP_des_ede3_cbc                                               3000
  EVP_des_ede3_wrap                                              3000
  EVP_rc4_hmac_md5                                               3000
  property_cmp                                                   3000
  function_cmp                                                   3041
  EVP_aes_128_wrap                                               3042
  EVP_aria_192_ecb                                               3042
  EVP_aria_256_cfb8                                              3042
  EVP_blake2b512                                                 3042
  EVP_des_ede3_cfb1                                              3042
  __cxa_finalize                                                 3042
  EVP_aes_128_ocb                                                3083
  EVP_aes_256_cfb128                                             3083
  NCONF_default                                                  3083
  signal                                                         3083
  strrchr                                                        3083
  EVP_aria_128_cfb1                                              3084
  EVP_aria_256_cfb128                                            3084
  EVP_whirlpool                                                  3084
  EVP_aes_128_gcm                                                3125
  EVP_aes_192_cfb128                                             3125
  EVP_aria_128_cbc                                               3125
  EVP_aria_192_cfb128                                            3125
  OSSL_LIB_CTX_get_data                                          3166
  UI_method_set_writer                                           3166
  EVP_aes_128_cfb8                                               3167
  EVP_aria_128_cfb8                                              3167
  EVP_camellia_128_ctr                                           3167
  EVP_camellia_192_ctr                                           3167
  EVP_camellia_256_cbc                                           3167
  EVP_des_ede3_cfb64                                             3167
  EVP_des_ede_cfb64                                              3167
  ossl_store_cleanup_int                                         3167
  EVP_aria_128_cfb128                                            3208
  getrlimit                                                      3208
  EVP_aria_128_gcm                                               3250
  EVP_camellia_256_ofb                                           3250
  EVP_des_cfb64                                                  3250
  EVP_aes_128_wrap_pad                                           3291
  EVP_aes_192_wrap_pad                                           3291
  EVP_aes_256_wrap_pad                                           3291
  UI_method_set_closer                                           3291
  EVP_CIPHER_get_flags                                           3292
  EVP_aes_128_cfb128                                             3292
  EVP_camellia_256_cfb1                                          3292
  EVP_camellia_256_ctr                                           3292
  EVP_camellia_128_cbc                                           3333
  UI_method_set_reader                                           3334
  bio_sock_cleanup_int                                           3334
  EVP_aria_128_ccm                                               3375
  EVP_camellia_192_cfb8                                          3375
  EVP_camellia_192_ofb                                           3375
  EVP_camellia_256_cfb8                                          3375
  OSSL_PARAM_modified                                            3375
  opt_set_unknown_name                                           3375
  ossl_comp_zstd_cleanup                                         3375
  EVP_camellia_128_ofb                                           3417
  EVP_camellia_192_cfb1                                          3458
  EVP_camellia_256_ecb                                           3458
  EVP_camellia_192_cbc                                           3459
  EVP_aes_128_ecb                                                3500
  EVP_camellia_128_cfb8                                          3500
  EVP_camellia_192_ecb                                           3500
  def_init_default                                               3500
  app_RAND_write                                                 3541
  ENGINE_set_flags                                               3542
  BIO_meth_set_ctrl                                              3583
  EVP_camellia_128_cfb1                                          3583
  OSSL_STORE_register_loader                                     3583
  ossl_prov_ctx_free                                             3583
  init_thread_stop                                               3584
  COMP_zlib                                                      3625
  ossl_lib_ctx_write_lock                                        3625
  BIO_meth_set_puts                                              3667
  free_medium                                                    3667
  store_loader_cmp                                               3667
  EVP_chacha20_poly1305                                          3708
  UI_method_set_opener                                           3708
  engine_load_rdrand_int                                         3708
  ossl_comp_brotli_cleanup                                       3708
  ossl_comp_zlib_cleanup                                         3708
  ossl_prov_ctx_set0_handle                                      3708
  EVP_CipherUpdate                                               3750
  EVP_add_alg_module                                             3750
  EVP_camellia_256_cfb128                                        3750
  evp_app_cleanup_int                                            3750
  BIO_meth_set_gets                                              3792
  ossl_prov_ctx_set0_libctx                                      3833
  EVP_camellia_192_cfb128                                        3834
  __smakebuf                                                     3834
  ERR_print_errors                                               3875
  EVP_camellia_128_cfb128                                        3875
  ERR_get_error_all                                              3917
  core_get_libctx                                                3917
  opt_check_rest_arg                                             3917
  ossl_prov_ctx_new                                              3959
  ASN1_add_oid_module                                            4000
  ASN1_add_stable_module                                         4000
  ENGINE_set_cmd_defns                                           4000
  EVP_CIPHER_fetch                                               4000
  EVP_CipherFinal_ex                                             4000
  dyld4::APIs::_tlv_exit()                                       4000
  NCONF_get0_libctx                                              4041
  BIO_meth_set_create                                            4042
  tiny_free_no_lock                                              4042
  EVP_camellia_128_ecb                                           4083
  OSSL_LIB_CTX_free                                              4083
  __getrlimit                                                    4083
  ossl_child_prov_ctx_new                                        4083
  BIO_meth_set_destroy                                           4125
  CRYPTO_THREAD_get_current_id                                   4125
  aes_256_ctr_get_params                                         4166
  aes_v8_set_encrypt_key                                         4208
  BIO_meth_set_read_ex                                           4209
  EVP_PKEY_asn1_get_count                                        4209
  EVP_CIPHER_get_iv_length                                       4250
  aes_256_siv_get_params                                         4250
  chacha20_get_params                                            4250
  ossl_method_unlock_store                                       4250
  ossl_prov_ctx_get0_libctx                                      4250
  aes_192_ctr_get_params                                         4292
  close                                                          4292
  ossl_stored_namemap_free                                       4292
  aes_128_ecb_get_params                                         4333
  aes_192_cfb_get_params                                         4333
  aes_192_siv_get_params                                         4333
  aria_128_ofb_get_params                                        4333
  aria_192_ctr_get_params                                        4333
  lsl::Lock::unlock()                                            4333
  ENGINE_add_conf_module                                         4334
  OSSL_CMP_log_close                                             4375
  aes_128_cbc_get_params                                         4375
  aes_128_ofb_get_params                                         4375
  aes_192_cfb1_get_params                                        4375
  aria_192_ofb_get_params                                        4375
  aria_256_ofb_get_params                                        4375
  null_gettable_ctx_params                                       4375
  ossl_lib_ctx_is_default                                        4375
  OSSL_ERR_STATE_new                                             4416
  sm4_128_cbc_get_params                                         4417
  BIO_meth_set_write_ex                                          4458
  ENGINE_set_ctrl_function                                       4458
  EVP_sha256                                                     4458
  aes_128_xts_get_params                                         4458
  aes_192_ecb_get_params                                         4458
  aes_256_cfb8_get_params                                        4458
  aes_256_cfb_get_params                                         4458
  aria_256_cfb1_get_params                                       4458
  chacha20_gettable_ctx_params                                   4458
  ossl_cipher_generic_reset_ctx                                  4458
  OSSL_STORE_unregister_loader                                   4459
  __sigaction                                                    4459
  aes_128_cfb_get_params                                         4459
  aes_128_ctr_get_params                                         4459
  aes_192_ccm_get_params                                         4459
  aria_192_cbc_get_params                                        4459
  ossl_method_lock_store                                         4459
  sm4_128_ctr_get_params                                         4459
  CONF_imodule_get_value                                         4500
  aes_128_ccm_get_params                                         4500
  aes_128_cfb1_get_params                                        4500
  aes_128_cfb8_get_params                                        4500
  aria_128_ecb_get_params                                        4500
  aria_256_ctr_get_params                                        4500
  aes_192_cbc_get_params                                         4542
  aes_v8_ctr32_encrypt_blocks                                    4542
  aria_256_cfb_get_params                                        4542
  ossl_bio_core_globals_free                                     4542
  ossl_bio_core_globals_new                                      4542
  ossl_config_add_ssl_module                                     4542
  ENGINE_set_init_function                                       4583
  OSSL_STORE_LOADER_set_eof                                      4583
  aes_128_ocb_get_params                                         4583
  aria_128_cfb8_get_params                                       4583
  tdes_ede3_cbc_get_params                                       4583
  aria_128_cbc_get_params                                        4584
  sm4_128_cfb128_get_params                                      4584
  sm4_128_xts_get_params                                         4584
  OSSL_STORE_LOADER_set_close                                    4625
  OSSL_STORE_LOADER_set_error                                    4625
  UI_method_set_prompt_constructor                               4625
  aes_192_wrap_get_params                                        4625
  aes_256_gcm_get_params                                         4625
  aria_192_ecb_get_params                                        4625
  tdes_ede2_ecb_get_params                                       4625
  tdes_wrap_get_params                                           4625
  aes_192_cfb8_get_params                                        4666
  aes_192_ofb_get_params                                         4666
  aria_192_cfb1_get_params                                       4666
  ossl_rand_cleanup_int                                          4666
  tdes_ede2_cbc_get_params                                       4666
  tdes_ede2_ofb_get_params                                       4666
  OSSL_STORE_LOADER_set_load                                     4667
  OSSL_trace_set_channel                                         4667
  aes_192_gcm_get_params                                         4667
  aria_192_cfb8_get_params                                       4667
  BIO_free                                                       4708
  OSSL_STORE_LOADER_free                                         4708
  aes_256_ccm_get_params                                         4708
  aes_256_ofb_get_params                                         4708
  aria_256_cbc_get_params                                        4708
  EVP_aes_256_cbc_hmac_sha1                                      4750
  aes_192_ocb_get_params                                         4750
  aes_256_cbc_get_params                                         4750
  aria_128_ctr_get_params                                        4750
  aria_128_gcm_get_params                                        4750
  ossl_random_add_conf_module                                    4750
  ossl_store_register_init                                       4750
  sm4_128_ccm_get_params                                         4750
  EVP_aes_256_cbc_hmac_sha256                                    4791
  OPENSSL_cpuid_setup                                            4791
  pthread_cond_destroy                                           4791
  sm4_128_ecb_get_params                                         4791
  sm4_128_gcm_get_params                                         4791
  tdes_ede3_cfb8_get_params                                      4791
  tiny_try_realloc_in_place                                      4791
  aes_128_wrap_get_params                                        4792
  EVP_aes_128_cbc_hmac_sha256                                    4833
  aes_128_gcm_get_params                                         4833
  aes_256_ecb_get_params                                         4833
  aria_192_ccm_get_params                                        4833
  camellia_128_cfb_get_params                                    4833
  ossl_prov_ctx_set0_core_bio_method                             4833
  tdes_ede3_ofb_get_params                                       4833
  aes_cts_192_cbc_get_params                                     4834
  ossl_prov_cipher_hw_aes_ctr                                    4834
  OSSL_STORE_LOADER_set_open                                     4875
  aes_128_wrappad_get_params                                     4875
  aes_256_wrapinv_get_params                                     4875
  aes_cts_256_cbc_get_params                                     4875
  aria_192_cfb_get_params                                        4875
  aria_192_gcm_get_params                                        4875
  camellia_128_ecb_get_params                                    4875
  sm4_128_ofb128_get_params                                      4875
  aes_192_wrapinv_get_params                                     4916
  aria_256_ecb_get_params                                        4916
  tdes_ede3_cfb_get_params                                       4916
  OSSL_STORE_LOADER_set_expect                                   4917
  aes_256_cfb1_get_params                                        4917
  aes_cts_128_cbc_get_params                                     4917
  aria_128_cfb1_get_params                                       4917
  aria_256_ccm_get_params                                        4917
  aria_256_cfb8_get_params                                       4917
  def_is_number                                                  4917
  engine_pkey_meths_free                                         4917
  ossl_ctx_global_properties_new                                 4917
  ossl_property_has_optional                                     4917
  ossl_provider_add_conf_module                                  4917
  camellia_256_cfb1_get_params                                   4958
  camellia_256_cfb_get_params                                    4958
  camellia_256_ofb_get_params                                    4958
  aes_192_wrappad_get_params                                     4959
  aes_256_xts_get_params                                         4959
  camellia_192_ctr_get_params                                    4959
  camellia_256_cbc_get_params                                    4959
  tdes_ede3_cfb1_get_params                                      4959
  aes_128_siv_get_params                                         5000
  aes_256_wrappadinv_get_params                                  5000
  aria_128_cfb_get_params                                        5000
  camellia_128_cbc_get_params                                    5000
  camellia_128_cfb8_get_params                                   5000
  camellia_192_cfb_get_params                                    5000
  ossl_self_test_set_callback_free                               5000
  camellia_192_ecb_get_params                                    5041
  ossl_property_match_count                                      5041
  aes_256_wrappad_get_params                                     5042
  camellia_192_cbc_get_params                                    5042
  aes_128_wrappadinv_get_params                                  5083
  aria_256_gcm_get_params                                        5083
  tdes_ede2_cfb_get_params                                       5083
  aes_256_wrap_get_params                                        5084
  camellia_128_cfb1_get_params                                   5084
  memset                                                         5084
  EVP_CIPHER_get_key_length                                      5125
  aes_256_ocb_get_params                                         5125
  camellia_192_cfb8_get_params                                   5125
  ossl_indicator_set_callback_free                               5125
  ossl_init_thread_deregister                                    5125
  camellia_128_ctr_get_params                                    5166
  camellia_192_cfb1_get_params                                   5166
  aria_128_ccm_get_params                                        5167
  camellia_192_ofb_get_params                                    5167
  camellia_256_cfb8_get_params                                   5208
  camellia_256_ctr_get_params                                    5208
  camellia_cts_192_cbc_get_params                                5208
  pthread_self                                                   5208
  OPENSSL_sk_sort                                                5209
  aes_128_wrapinv_get_params                                     5209
  camellia_128_ofb_get_params                                    5209
  Diagnostics::clearError()                                      5250
  ENGINE_load_builtin_engines                                    5291
  tdes_ede3_ecb_get_params                                       5291
  ENGINE_get_cipher_engine                                       5292
  EVP_aes_128_cbc_hmac_sha1                                      5292
  engine_pkey_asn1_meths_free                                    5292
  engine_remove_dynamic_id                                       5292
  ossl_free_compression_methods_int                              5292
  ossl_indicator_set_callback_new                                5333
  OSSL_PARAM_get_int                                             5334
  camellia_256_ecb_get_params                                    5375
  aes_192_wrappadinv_get_params                                  5458
  chacha20_poly1305_get_params                                   5500
  chacha20_poly1305_gettable_ctx_params                          5500
  medium_region_for_ptr_no_lock                                  5500
  ossl_prov_ctx_get0_core_bio_method                             5500
  ossl_self_test_set_callback_new                                5500
  camellia_cts_256_cbc_get_params                                5625
  ossl_aes_192_gcm_siv_get_params                                5667
  ossl_provider_unquery_operation                                5667
  __fcntl                                                        5708
  app_get0_libctx                                                5708
  ossl_aes_256_gcm_siv_get_params                                5709
  OSSL_LIB_CTX_set_conf_diagnostics                              5833
  camellia_cts_128_cbc_get_params                                5833
  getegid                                                        5833
  EVP_CIPHER_CTX_get_block_size                                  5834
  ossl_aes_128_gcm_siv_get_params                                5959
  medium_malloc_from_free_list                                   6000
  BIO_set_data                                                   6084
  opt_arg                                                        6210
  EVP_CIPHER_get_mode                                            6250
  ossl_prov_bio_from_dispatch                                    6291
  lsl::Lock::lock()                                              6292
  ossl_prov_seeding_from_dispatch                                6333
  EVP_RAND_CTX_free                                              6375
  ENGINE_set_finish_function                                     6583
  geteuid                                                        6708
  OSSL_PARAM_get_int32                                           6750
  dyld3::kdebug_trace_dyld_enabled(unsigned int)                 6833
  dyld4::Loader::hiddenFromFlat(bool) const                      6917
  dyld4::RuntimeState::notifyObjCPatching()                      7041
  getgid                                                         7042
  bio_open_default                                               7083
  BIO_next                                                       7125
  getuid                                                         7249
  store_loader_hash                                              7251
  _kernelrpc_mach_port_deallocate_trap                           7291
  dyld4::BumpAllocator::~BumpAllocator()                         7292
  EVP_CipherInit_ex                                              7334
  _platform_strnlen                                              7376
  ENGINE_register_EC                                             7416
  dyld4::handleFromLoader(dyld4::Loader const*, bool)             7417
  OPENSSL_sk_pop                                                 7668
  _kernelrpc_mach_port_construct_trap                            7708
  openssl_fopen                                                  7875
  file_ctrl                                                      8001
  ENGINE_register_DSA                                            8042
  ENGINE_register_RAND                                           8042
  ENGINE_register_DH                                             8125
  ENGINE_register_RSA                                            8125
  BIO_copy_next_retry                                            8167
  dyld4::JustInTimeLoader::hiddenFromFlat(bool) const             8167
  err_unshelve_state                                             8333
  flsl                                                           8374
  ossl_lib_ctx_get_concrete                                      8458
  __sclose                                                       8624
  BIO_set_init                                                   8626
  dyld4::Loader::beginInitializers(dyld4::RuntimeState&)             8875
  ossl_sa_new                                                    8918
  __sflags                                                       8959
  strlen                                                         9000
  dyld4::RuntimeState::incDlRefCount(dyld4::Loader const*)             9208
  X509_get_default_cert_area                                     9249
  lsl::Vector<dyld4::Loader const*>::reserveExact(unsigned long)             9500
  ENGINE_register_digests                                        9541
  ossl_cipher_generic_einit                                      9584
  ENGINE_register_pkey_meths                                     9625
  ossl_property_free                                             9668
  ENGINE_register_ciphers                                        9709
  BIO_set_flags                                                  9875
  dyld4::JustInTimeLoader::beginInitializers(dyld4::RuntimeState&)             9917
  ossl_cipher_generic_set_ctx_params                             9917
  DSO_METHOD_openssl                                             9959
  lsl::Vector<lsl::MemoryManager::Buffer>::reserve(unsigned long)            10500
  lsl::EphemeralAllocator::reset()                              10542
  ENGINE_register_pkey_asn1_meths                               10624
  CRYPTO_atomic_or                                              10834
  OSSL_LIB_CTX_get_conf_diagnostics                             10875
  ossl_lib_ctx_get_ex_data_global                               10958
  ossl_sa_doall_arg                                             11042
  tiny_malloc_from_free_list                                    11125
  ossl_lib_ctx_get_rcukey                                       11334
  NCONF_get_section                                             11415
  OPENSSL_cleanse                                               11583
  aes_siv_gettable_ctx_params                                   11874
  deflt_query                                                   11875
  engine_free_util                                              12082
  free_small                                                    12124
  __bzero                                                       12167
  dyld4::RuntimeState::doSingletonPatching(dyld4::DyldCacheDataConstLazyScopedWriter&)            12583
  ossl_cipher_capable_aes_cbc_hmac_sha256                       12583
  ossl_cipher_capable_aes_cbc_hmac_sha1                         13041
  ossl_property_value                                           13041
  EVP_add_cipher                                                13124
  cipher_ocb_gettable_ctx_params                                13374
  aes_cbc_cts_gettable_ctx_params                               13542
  fstat                                                         13792
  dyld4::Loader::loadDependents(Diagnostics&, dyld4::RuntimeState&, dyld4::Loader::LoadOptions const&)            14209
  BIO_clear_flags                                               14249
  CRYPTO_atomic_add                                             14417
  lsl::EphemeralAllocator::~EphemeralAllocator()                14584
  DSO_free                                                      14623
  dyld4::DyldCacheDataConstLazyScopedWriter::DyldCacheDataConstLazyScopedWriter(dyld4::RuntimeState&)            14667
  sa_doall                                                      14877
  BIO_get_data                                                  15083
  _kernelrpc_mach_vm_deallocate_trap                            15250
  dyld4::Loader::path() const                                   15334
  ossl_aes_gcm_siv_gettable_ctx_params                          15334
  camellia_cbc_cts_gettable_ctx_params                          15500
  dyld4::JustInTimeLoader::loadDependents(Diagnostics&, dyld4::RuntimeState&, dyld4::Loader::LoadOptions const&)            15917
  __sflush                                                      16166
  _NSGetEnviron                                                 16208
  dyld3::MachOFile::is64() const                                16458
  ossl_prov_is_running                                          16459
  os_unfair_recursive_lock_unlock                               16500
  file_new                                                      16917
  _kernelrpc_mach_port_destruct_trap                            16958
  CRYPTO_THREAD_lock_free                                       17335
  file_free                                                     17669
  OPENSSL_LH_get_down_load                                      17959
  FMT_istext                                                    18041
  invocation function for block in dyld4::Loader::forEachPath(Diagnostics&, dyld4::RuntimeState&, char const*, dyld4::Loader::Loa            18292
  pthread_mutex_destroy                                         18709
  kdebug_is_enabled                                             19292
  pthread_cond_init                                             19293
  dyld4::JustInTimeLoader::path() const                         19417
  small_free_list_find_by_ptr                                   19834
  property_free                                                 20208
  dyld4::LibSystemHelpers::pthread_getspecific(unsigned long) const            20875
  os_unfair_recursive_lock_lock_with_options                    21041
  __chkstk_darwin_probe                                         21250
  dyld4::Loader::matchesPath(char const*) const                 21458
  lsl::EphemeralAllocator::deallocate_buffer(lsl::MemoryManager::Buffer)            21500
  rack_region_insert                                            21957
  BIO_new                                                       21960
  small_try_realloc_in_place                                    22124
  os_unfair_lock_assert_not_owner                               22333
  small_size                                                    22500
  ___chkstk_darwin                                              22541
  small_free_list_remove_ptr                                    23541
  dyld4::ProcessConfig::DyldCache::indexOfPath(char const*, unsigned int&) const            23583
  mach_msg2_trap                                                23625
  pthread_mutex_init                                            24750
  dyld3::ScopedTimer::endTimer()                                27083
  ossl_property_name                                            27209
  dyld4::Loader::loadAddress(dyld4::RuntimeState&) const            27666
  OPENSSL_strnlen                                               28042
  lsl::MemoryManager::lockGuard()                               28499
  OPENSSL_sk_delete                                             28501
  __findenv_locked                                              29084
  small_free_list_remove_ptr_no_clear                           29168
  dyld4::JustInTimeLoader::loadAddress(dyld4::RuntimeState&) const            30458
  tiny_free_list_remove_ptr                                     33416
  _pthread_mutex_check_init_slow                                33500
  lsl::AllocationMetadata::AllocationMetadata(lsl::Allocator*, unsigned long)            35167
  OPENSSL_LH_set_down_load                                      35334
  CRYPTO_new_ex_data                                            35540
  __open                                                        36791
  _tiny_check_and_zero_inline_meta_from_freelist                38001
  dyld4::LibSystemHelpers::os_unfair_recursive_lock_unlock(os_unfair_recursive_lock_s*) const            39458
  OPENSSL_sk_free                                               39625
  szone_good_size                                               39918
  small_free_list_add_ptr                                       40000
  ossl_rcu_write_lock                                           41373
  Diagnostics::hasError() const                                 41583
  dyld4::LibSystemHelpers::os_unfair_lock_unlock(os_unfair_lock_s*) const            42000
  EVP_PKEY_asn1_get0                                            42375
  madvise                                                       43540
  _kernelrpc_mach_vm_map_trap                                   44582
  ossl_rcu_write_unlock                                         44666
  ossl_tdes_gettable_ctx_params                                 46001
  Diagnostics::noError() const                                  46125
  get_tiny_previous_free_msize                                  47127
  __write_nocancel                                              47999
  small_malloc_from_free_list                                   48956
  pthread_setspecific                                           49209
  dyld3::MachOFile::read_uleb128(Diagnostics&, unsigned char const*&, unsigned char const*)            51082
  dyld4::RuntimeState::PermanentRanges::contains(unsigned long, unsigned long, unsigned char*, dyld4::Loader const**) const            53374
  dyld4::LibSystemHelpers::os_unfair_recursive_lock_lock_with_options(os_unfair_recursive_lock_s*, os_unfair_lock_options_t) cons            53417
  szone_malloc                                                  54876
  pthread_cond_broadcast                                        55126
  EVP_PKEY_asn1_get0_info                                       56042
  tiny_free_list_add_ptr                                        56919
  __read_nocancel                                               57000
  dyld4::LibSystemHelpers::os_unfair_lock_lock_with_options(os_unfair_lock_s*, os_unfair_lock_options_t) const            60875
  tiny_size                                                     61750
  realloc                                                       62914
  lsl::EphemeralAllocator::allocate_buffer(unsigned long, unsigned long, unsigned long)            64083
  set_tiny_meta_header_in_use                                   66124
  _qsort                                                        67208
  os_unfair_lock_assert_owner                                   68876
  _szone_free                                                   69546
  OPENSSL_sk_pop_free                                           70375
  ossl_cipher_aead_gettable_ctx_params                          70667
  __close_nocancel                                              72708
  strcmp                                                        76001
  szone_try_free_default                                        77626
  dyld3::kdebug_trace_dyld_duration_end(unsigned long long, unsigned int, dyld3::kt_arg, dyld3::kt_arg, dyld3::kt_arg)            83001
  invocation function for block in dyld3::MachOFile::getDylibInstallName(char const**, unsigned int*, unsigned int*) const            83707
  rack_get_thread_index                                         87414
  property_hash                                                 90082
  dyld3::OverflowSafeArray<unsigned int, 4294967295ul>::verifySpace(unsigned long)            93459
  EVP_CIPHER_get_type                                           94456
  dyld4::Loader::contains(dyld4::RuntimeState&, void const*, void const**, unsigned long long*, unsigned char*) const            99584
  pthread_cond_signal                                          102541
  Diagnostics::assertNoError() const                           112874
  nanov2_size                                                  113040
  pthread_rwlock_init                                          116373
  pthread_rwlock_destroy                                       120708
  os_unfair_lock_unlock                                        128710
  __open_nocancel                                              132000
  Diagnostics::~Diagnostics()                                  145996
  Diagnostics::Diagnostics(bool)                               150955
  get_legacy_evp_names                                         161208
  ossl_ctype_check                                             167454
  os_unfair_lock_lock_with_options                             176418
  EVP_MD_get_type                                              195583
  invocation function for block in dyld3::MachOFile::getEntry(unsigned long long&, bool&) const           196415
  nanov2_pointer_size                                          198538
  free                                                         206135
  _Block_object_dispose                                        222002
  OPENSSL_hexchar2int                                          232419
  ossl_sa_set                                                  247792
  nanov2_allocate_from_block                                   254958
  strncmp                                                      272287
  trim_ws                                                      284002
  invocation function for block in dyld4::JustInTimeLoader::contains(dyld4::RuntimeState&, void const*, void const**, unsigned lo           303625
  BUF_MEM_new                                                  311408
  names_free                                                   313293
  OPENSSL_LH_doall                                             329921
  OPENSSL_LH_flush                                             330380
  OBJ_get0_data                                                331003
  OSSL_PARAM_set_uint                                          339544
  ossl_provider_ctx                                            341418
  EVP_CIPHER_get_nid                                           366798
  conf_value_cmp                                               374245
  ossl_lib_ctx_unlock                                          376593
  OSSL_PARAM_locate_const                                      398579
  invocation function for block in dyld3::MachOLoaded::findClosestSymbol(unsigned long long, char const**, unsigned long long*) c           414915
  ossl_lib_ctx_read_lock                                       421621
  OPENSSL_LH_set_thunks                                        427090
  property_defn_cmp                                            437665
  ossl_cipher_generic_gettable_ctx_params                      446042
  evp_cipher_up_ref                                            453456
  value_free_hash                                              467414
  property_defn_hash                                           467751
  function_hash                                                470300
  ossl_provider_free                                           475001
  BN_free                                                      481461
  ossl_provider_up_ref                                         489289
  CRYPTO_realloc                                               500830
  OSSL_PARAM_set_uint32                                        501914
  ASN1_OBJECT_free                                             507867
  ossl_sa_get                                                  514359
  eat_alpha_numeric                                            527168
  sa_free_node                                                 542632
  OSSL_PARAM_construct_end                                     545746
  EVP_CIPHER_get0_provider                                     560750
  OSSL_PARAM_construct_uint                                    563667
  evp_cipher_free                                              576427
  do_all_fn                                                    585965
  EVP_CIPHER_free                                              623958
  ossl_provider_libctx                                         802546
  internal_free_nop                                            855363
  invocation function for block in dyld3::MachOLoaded::getLinkEditLoadCommands(Diagnostics&, dyld3::MachOLoaded::LinkEditInfo&) c           873501
  _platform_strncmp                                            881787
  name_string_free                                             887419
  OPENSSL_LH_error                                             944495
  OSSL_PARAM_set_size_t                                       1115914
  invocation function for block in dyld3::MachOFile::forEachSegment(void (dyld3::MachOFile::SegmentInfo const&, bool&) block_poin          1143914
  pthread_getspecific                                         1150372
  BUF_MEM_grow                                                1155120
  sk_reserve                                                  1157920
  _os_once                                                    1259945
  CRYPTO_THREAD_get_local                                     1294513
  _platform_memchr                                            1370496
  ossl_rcu_assign_uptr                                        1404136
  names_lh_free_doall                                         1511298
  OSSL_PARAM_set_uint64                                       1515422
  ossl_lib_ctx_get_data                                       1604731
  OSSL_PARAM_set_int                                          1611084
  _platform_strchr                                            1723422
  pthread_mutex_lock                                          1759664
  OSSL_PARAM_construct_size_t                                 1802595
  pthread_mutex_unlock                                        1871865
  _nanov2_free                                                1873752
  OPENSSL_sk_push                                             1986148
  OPENSSL_sk_num                                              2002730
  _pthread_mutex_lock_init_slow                               2035499
  _pthread_mutex_unlock_init_slow                             2146582
  _pthread_mutex_firstfit_lock_slow                           2259448
  OPENSSL_sk_value                                            2315098
  _pthread_mutex_firstfit_unlock_slow                         2353086
  OSSL_PARAM_set_int32                                        2427674
  obj_name_cmp                                                2517068
  OSSL_PARAM_construct_int                                    2724236
  OPENSSL_LH_strhash                                          2738043
  _platform_memcmp                                            2762958
  pthread_once                                                3020126
  OBJ_nid2obj                                                 3186329
  CRYPTO_atomic_load                                          3279606
  SortFnByName                                                3317235
  pthread_rwlock_rdlock                                       3324931
  ossl_lh_strcasehash                                         3713073
  __error                                                     3842179
  cipher_compare                                              3952367
  ossl_isdigit                                                4013447
  fnv1a_hash                                                  4446750
  _platform_memmove                                           6530478
  pthread_rwlock_wrlock                                       6706658
  pthread_rwlock_unlock                                      10039861
  err_string_data_cmp                                        11170901
  CRYPTO_free                                                12247762
  malloc                                                     13529195
  doapr_outch                                                15186414
  err_string_data_hash                                       17096661
  nanov2_malloc                                              18662629
  _platform_strlen                                           23320773
  _platform_memset                                           25532644
  nanov2_try_free_default                                    25914469
  _platform_strcmp                                           27895737
  ossl_tolower                                               60182721
