
  pd_free                                                        1916
  EVP_sha224                                                     1958
  EVP_bf_cbc                                                     1959
  EVP_md5                                                        2000
  EVP_rc4_40                                                     2000
  EVP_idea_cbc                                                   2042
  EVP_sha512                                                     2042
  EVP_des_ofb                                                    2125
  EVP_sha1                                                       2166
  EVP_des_ecb                                                    2208
  EVP_rc2_cbc                                                    2208
  EVP_seed_cbc                                                   2208
  EVP_sha384                                                     2209
  EVP_rc4                                                        2250
  EVP_seed_ofb                                                   2250
  EVP_sha3_512                                                   2250
  UI_OpenSSL                                                     2250
  sigaction                                                      2250
  EVP_des_cbc                                                    2291
  EVP_bf_ofb                                                     2292
  EVP_idea_ofb                                                   2292
  EVP_rc2_ofb                                                    2292
  EVP_sha3_224                                                   2292
  strchr                                                         2292
  EVP_blake2s256                                                 2333
  EVP_mdc2                                                       2333
  _cleanup                                                       2333
  EVP_cast5_ofb                                                  2375
  EVP_chacha20                                                   2375
  EVP_shake256                                                   2375
  EVP_sm3                                                        2375
  UI_null                                                        2375
  EVP_sha512_224                                                 2416
  EVP_sm4_ofb                                                    2416
  EVP_sha3_384                                                   2417
  EVP_shake128                                                   2417
  EVP_sm4_cbc                                                    2417
  EVP_bf_cfb64                                                   2458
  EVP_des_ede3                                                   2458
  EVP_seed_ecb                                                   2459
  EVP_sha3_256                                                   2459
  EVP_aes_192_cbc                                                2500
  EVP_rc2_40_cbc                                                 2500
  EVP_sha512_256                                                 2500
  EVP_sm4_ctr                                                    2500
  vm_deallocate                                                  2500
  EVP_aes_192_ccm                                                2583
  EVP_aes_256_ccm                                                2583
  EVP_aes_256_ctr                                                2583
  EVP_idea_cfb64                                                 2583
  EVP_rc2_64_cbc                                                 2583
  opt_unknown                                                    2583
  EVP_md4                                                        2584
  EVP_aes_192_ecb                                                2625
  EVP_aes_256_gcm                                                2625
  EVP_des_ede                                                    2625
  EVP_des_ede_ofb                                                2625
  EVP_md5_sha1                                                   2625
  EVP_rc2_cfb64                                                  2625
  opt_next                                                       2625
  EVP_aes_128_cbc                                                2666
  EVP_des_cfb8                                                   2667
  EVP_aes_192_ocb                                                2708
  EVP_aes_192_ofb                                                2708
  EVP_aes_256_cbc                                                2708
  EVP_idea_ecb                                                   2708
  EVP_ripemd160                                                  2708
  app_get0_propq                                                 2708
  release_engine                                                 2708
  EVP_aes_128_ctr                                                2750
  EVP_aes_192_ctr                                                2750
  EVP_aes_256_cfb8                                               2750
  EVP_aes_256_xts                                                2750
  EVP_aria_256_ctr                                               2750
  EVP_bf_ecb                                                     2750
  EVP_cast5_cbc                                                  2750
  EVP_des_ede3_ofb                                               2750
  EVP_aes_256_cfb1                                               2791
  EVP_des_cfb1                                                   2791
  EVP_aes_192_cfb8                                               2792
  EVP_aes_256_ofb                                                2792
  EVP_sm4_ecb                                                    2792
  EVP_MD_free                                                    2833
  EVP_aes_128_gcm                                                2833
  EVP_aes_256_ocb                                                2833
  EVP_aes_256_wrap                                               2833
  EVP_aria_128_ecb                                               2833
  def_to_int                                                     2833
  lh_FUNCTION_free                                               2833
  EVP_aria_192_gcm                                               2834
  EVP_aria_256_cbc                                               2834
  EVP_aria_256_cfb8                                              2834
  EVP_desx_cbc                                                   2834
  ossl_trace_cleanup                                             2834
  EVP_aes_128_ccm                                                2875
  EVP_aes_192_gcm                                                2875
  EVP_aria_128_cbc                                               2875
  EVP_aria_256_ccm                                               2875
  EVP_cast5_ecb                                                  2875
  EVP_seed_cfb128                                                2875
  EVP_whirlpool                                                  2875
  ENGINE_set_name                                                2916
  EVP_aes_128_xts                                                2916
  EVP_aria_192_cbc                                               2916
  EVP_cast5_cfb64                                                2916
  COMP_get_type                                                  2917
  EVP_aes_128_ofb                                                2917
  EVP_des_ede3_wrap                                              2917
  EVP_aes_256_ecb                                                2958
  EVP_aria_256_ecb                                               2958
  EVP_des_ede3_cfb8                                              2958
  EVP_aria_128_ctr                                               2959
  EVP_aria_256_ofb                                               2959
  EVP_des_ede3_cfb1                                              2959
  EVP_des_ede_cbc                                                2959
  EVP_rc4_hmac_md5                                               2959
  EVP_aes_128_cfb1                                               3000
  EVP_aria_128_cfb8                                              3000
  EVP_aria_192_ctr                                               3000
  EVP_aria_256_gcm                                               3000
  OBJ_obj2txt                                                    3000
  BIO_f_cipher                                                   3041
  ENGINE_set_id                                                  3041
  EVP_rc2_ecb                                                    3042
  NCONF_default                                                  3042
  query_hash                                                     3042
  EVP_CIPHER_get_flags                                           3083
  EVP_aes_128_ocb                                                3083
  EVP_aes_256_cfb128                                             3083
  EVP_aria_192_ccm                                               3083
  EVP_aria_192_ofb                                               3083
  EVP_aes_192_wrap                                               3084
  __cxa_finalize                                                 3084
  strrchr                                                        3084
  EVP_aes_192_cfb1                                               3125
  function_cmp                                                   3125
  EVP_aes_128_cfb8                                               3166
  EVP_aria_128_ofb                                               3167
  EVP_aria_256_cfb1                                              3167
  EVP_aria_256_cfb128                                            3167
  EVP_camellia_192_ctr                                           3167
  EVP_camellia_128_ofb                                           3208
  UI_method_set_writer                                           3208
  EVP_aria_192_cfb8                                              3209
  EVP_camellia_192_ofb                                           3209
  COMP_zlib                                                      3250
  EVP_aria_128_cfb1                                              3250
  EVP_aria_192_ecb                                               3250
  EVP_camellia_256_ofb                                           3250
  EVP_des_ede3_cbc                                               3250
  EVP_des_cfb64                                                  3291
  EVP_aes_128_cfb128                                             3292
  EVP_aes_128_wrap                                               3292
  EVP_aes_192_wrap_pad                                           3292
  EVP_camellia_256_cbc                                           3292
  UI_method_set_reader                                           3292
  getrlimit                                                      3292
  EVP_aes_192_cfb128                                             3333
  EVP_aria_192_cfb1                                              3333
  EVP_aria_192_cfb128                                            3333
  EVP_camellia_128_ctr                                           3333
  EVP_camellia_256_cfb8                                          3333
  EVP_camellia_256_ctr                                           3333
  EVP_des_ede_cfb64                                              3333
  EVP_camellia_128_cbc                                           3334
  EVP_camellia_192_cfb1                                          3334
  UI_method_set_closer                                           3334
  EVP_blake2b512                                                 3375
  EVP_sm4_cfb128                                                 3375
  OSSL_PARAM_modified                                            3375
  signal                                                         3375
  EVP_camellia_256_cfb1                                          3416
  __smakebuf                                                     3416
  EVP_aria_128_cfb128                                            3417
  EVP_camellia_128_cfb1                                          3417
  EVP_camellia_192_cbc                                           3417
  EVP_camellia_192_ecb                                           3417
  EVP_camellia_256_ecb                                           3417
  EVP_aria_128_ccm                                               3458
  EVP_camellia_192_cfb8                                          3458
  ossl_comp_zstd_cleanup                                         3458
  EVP_camellia_128_cfb8                                          3459
  def_init_default                                               3459
  EVP_aes_128_wrap_pad                                           3500
  OSSL_LIB_CTX_get_data                                          3500
  ENGINE_set_flags                                               3583
  EVP_aes_128_ecb                                                3583
  ossl_store_cleanup_int                                         3584
  EVP_aes_256_wrap_pad                                           3625
  EVP_des_ede3_cfb64                                             3625
  opt_set_unknown_name                                           3666
  EVP_aria_128_gcm                                               3667
  bio_sock_cleanup_int                                           3667
  ASN1_add_stable_module                                         3708
  EVP_chacha20_poly1305                                          3708
  UI_method_set_opener                                           3708
  BIO_meth_set_ctrl                                              3709
  BIO_meth_set_puts                                              3709
  EVP_camellia_192_cfb128                                        3709
  EVP_add_alg_module                                             3750
  EVP_camellia_128_cfb128                                        3750
  engine_load_rdrand_int                                         3750
  init_thread_stop                                               3750
  ossl_prov_ctx_free                                             3750
  store_loader_cmp                                               3792
  OSSL_STORE_register_loader                                     3833
  free_medium                                                    3833
  ossl_prov_ctx_set0_handle                                      3834
  BIO_meth_set_create                                            3875
  tiny_free_no_lock                                              3875
  ASN1_add_oid_module                                            3916
  EVP_camellia_256_cfb128                                        3916
  ossl_lib_ctx_write_lock                                        3916
  EVP_camellia_128_ecb                                           3917
  app_RAND_write                                                 3917
  evp_app_cleanup_int                                            3917
  ossl_comp_zlib_cleanup                                         3917
  BIO_meth_set_gets                                              4000
  EVP_CipherFinal_ex                                             4000
  ossl_comp_brotli_cleanup                                       4000
  EVP_CipherUpdate                                               4042
  core_get_libctx                                                4042
  NCONF_get0_libctx                                              4083
  dyld4::APIs::_tlv_exit()                                       4083
  ERR_get_error_all                                              4084
  OSSL_LIB_CTX_free                                              4084
  BIO_meth_set_destroy                                           4125
  ENGINE_set_cmd_defns                                           4125
  ossl_child_prov_ctx_new                                        4125
  ERR_print_errors                                               4167
  ossl_method_unlock_store                                       4167
  EVP_CIPHER_fetch                                               4208
  ossl_prov_ctx_new                                              4208
  lsl::Lock::unlock()                                            4250
  __getrlimit                                                    4292
  CRYPTO_THREAD_get_current_id                                   4333
  EVP_CIPHER_get_iv_length                                       4333
  OSSL_CMP_log_close                                             4375
  aes_256_ctr_get_params                                         4375
  opt_check_rest_arg                                             4375
  chacha20_get_params                                            4416
  lsl::Lock::lock()                                              4416
  ossl_prov_ctx_set0_libctx                                      4416
  ENGINE_add_conf_module                                         4458
  ossl_method_lock_store                                         4458
  aes_128_cfb_get_params                                         4500
  aes_v8_set_encrypt_key                                         4500
  aria_256_ofb_get_params                                        4500
  chacha20_gettable_ctx_params                                   4500
  ossl_prov_ctx_get0_libctx                                      4500
  aes_128_ctr_get_params                                         4541
  ossl_lib_ctx_is_default                                        4541
  BIO_meth_set_read_ex                                           4542
  BIO_meth_set_write_ex                                          4542
  EVP_PKEY_asn1_get_count                                        4542
  OSSL_ERR_STATE_new                                             4542
  OSSL_STORE_unregister_loader                                   4542
  aria_192_cfb1_get_params                                       4542
  sm4_128_xts_get_params                                         4542
  ENGINE_set_ctrl_function                                       4583
  aes_128_cbc_get_params                                         4583
  aes_128_ofb_get_params                                         4583
  aes_192_ecb_get_params                                         4583
  aria_128_cfb1_get_params                                       4583
  aria_256_ctr_get_params                                        4583
  aes_192_ofb_get_params                                         4584
  aria_256_cfb_get_params                                        4584
  ossl_config_add_ssl_module                                     4584
  CONF_imodule_get_value                                         4625
  __sigaction                                                    4625
  aes_192_cfb_get_params                                         4625
  aria_192_ecb_get_params                                        4625
  aria_192_ofb_get_params                                        4625
  aria_192_cbc_get_params                                        4666
  ENGINE_set_init_function                                       4667
  OSSL_trace_set_channel                                         4667
  aes_256_cfb_get_params                                         4667
  close                                                          4667
  null_gettable_ctx_params                                       4667
  ossl_bio_core_globals_new                                      4667
  ossl_stored_namemap_free                                       4667
  pthread_cond_destroy                                           4667
  aes_128_xts_get_params                                         4708
  aes_256_ccm_get_params                                         4708
  sm4_128_cbc_get_params                                         4708
  tdes_ede3_cfb8_get_params                                      4708
  aes_192_gcm_get_params                                         4709
  aes_256_cfb8_get_params                                        4709
  UI_method_set_prompt_constructor                               4750
  aes_128_siv_get_params                                         4750
  aes_192_wrap_get_params                                        4750
  aes_v8_ctr32_encrypt_blocks                                    4750
  ossl_random_add_conf_module                                    4750
  sm4_128_ccm_get_params                                         4750
  tdes_ede2_cbc_get_params                                       4750
  tdes_ede2_ecb_get_params                                       4750
  aes_192_siv_get_params                                         4791
  aria_256_cfb1_get_params                                       4791
  tdes_ede3_cbc_get_params                                       4791
  tdes_ede3_cfb_get_params                                       4791
  EVP_aes_256_cbc_hmac_sha1                                      4792
  EVP_sha256                                                     4792
  OPENSSL_cpuid_setup                                            4792
  aes_192_ctr_get_params                                         4792
  aes_256_xts_get_params                                         4792
  aria_128_cbc_get_params                                        4792
  aria_256_cbc_get_params                                        4792
  ossl_provider_add_conf_module                                  4792
  sm4_128_gcm_get_params                                         4792
  aes_128_ecb_get_params                                         4833
  aes_256_cbc_get_params                                         4833
  aria_192_ccm_get_params                                        4833
  sm4_128_ctr_get_params                                         4833
  aes_128_ccm_get_params                                         4834
  aes_128_cfb1_get_params                                        4834
  aes_192_cbc_get_params                                         4834
  tdes_wrap_get_params                                           4834
  ENGINE_set_finish_function                                     4875
  aes_128_wrappad_get_params                                     4875
  aes_192_cfb1_get_params                                        4875
  aes_192_ocb_get_params                                         4875
  aes_256_cfb1_get_params                                        4875
  aria_128_cfb8_get_params                                       4875
  aria_128_cfb_get_params                                        4875
  aria_128_gcm_get_params                                        4875
  aria_192_ctr_get_params                                        4875
  aria_192_gcm_get_params                                        4875
  ossl_ctx_global_properties_new                                 4875
  sm4_128_ecb_get_params                                         4875
  aes_192_cfb8_get_params                                        4916
  aria_256_cfb8_get_params                                       4916
  aes_128_ocb_get_params                                         4917
  aes_192_wrappad_get_params                                     4917
  aes_256_gcm_get_params                                         4917
  aes_256_siv_get_params                                         4917
  aria_128_ofb_get_params                                        4917
  aria_192_cfb8_get_params                                       4917
  def_is_number                                                  4917
  sm4_128_cfb128_get_params                                      4917
  Diagnostics::clearError()                                      4958
  aes_256_ofb_get_params                                         4958
  aes_256_wrap_get_params                                        4958
  aes_192_ccm_get_params                                         4959
  aria_128_ecb_get_params                                        4959
  EVP_aes_256_cbc_hmac_sha256                                    5000
  OSSL_STORE_LOADER_set_eof                                      5000
  aes_128_gcm_get_params                                         5000
  aria_192_cfb_get_params                                        5000
  ossl_cipher_generic_reset_ctx                                  5000
  ossl_prov_ctx_set0_core_bio_method                             5000
  tdes_ede3_cfb1_get_params                                      5000
  BIO_free                                                       5042
  aes_256_ocb_get_params                                         5042
  tiny_try_realloc_in_place                                      5042
  OSSL_STORE_LOADER_set_error                                    5083
  camellia_128_ofb_get_params                                    5083
  ossl_prov_cipher_hw_aes_ctr                                    5083
  sm4_128_ofb128_get_params                                      5083
  aes_128_cfb8_get_params                                        5084
  aes_cts_128_cbc_get_params                                     5084
  aria_256_ccm_get_params                                        5084
  OSSL_STORE_LOADER_set_close                                    5125
  OSSL_STORE_LOADER_set_open                                     5125
  aes_192_wrapinv_get_params                                     5125
  aes_256_ecb_get_params                                         5125
  aes_256_wrapinv_get_params                                     5125
  aria_256_gcm_get_params                                        5125
  camellia_128_cfb_get_params                                    5125
  camellia_192_cfb_get_params                                    5125
  ossl_store_register_init                                       5166
  pthread_self                                                   5166
  tdes_ede2_ofb_get_params                                       5166
  ENGINE_load_builtin_engines                                    5167
  EVP_aes_128_cbc_hmac_sha1                                      5167
  OSSL_STORE_LOADER_free                                         5167
  tdes_ede2_cfb_get_params                                       5167
  OSSL_STORE_LOADER_set_load                                     5208
  aes_cts_192_cbc_get_params                                     5208
  engine_pkey_meths_free                                         5208
  aes_cts_256_cbc_get_params                                     5209
  camellia_128_cfb8_get_params                                   5209
  ossl_indicator_set_callback_free                               5209
  EVP_CIPHER_get_key_length                                      5250
  EVP_aes_128_cbc_hmac_sha256                                    5250
  aes_256_wrappad_get_params                                     5250
  aria_128_ccm_get_params                                        5250
  camellia_128_cbc_get_params                                    5250
  camellia_192_cbc_get_params                                    5250
  camellia_192_cfb1_get_params                                   5250
  camellia_256_cfb_get_params                                    5250
  ossl_bio_core_globals_free                                     5250
  ossl_rand_cleanup_int                                          5250
  tdes_ede3_ofb_get_params                                       5250
  camellia_256_ctr_get_params                                    5291
  __fcntl                                                        5292
  aes_128_wrapinv_get_params                                     5292
  camellia_128_cfb1_get_params                                   5292
  ossl_free_compression_methods_int                              5292
  aes_128_wrap_get_params                                        5333
  aria_256_ecb_get_params                                        5333
  camellia_192_cfb8_get_params                                   5333
  engine_remove_dynamic_id                                       5333
  memset                                                         5334
  OSSL_PARAM_get_int                                             5375
  aes_128_wrappadinv_get_params                                  5375
  aes_256_wrappadinv_get_params                                  5375
  aria_128_ctr_get_params                                        5375
  camellia_128_ctr_get_params                                    5375
  camellia_192_ofb_get_params                                    5375
  camellia_256_cfb8_get_params                                   5375
  ossl_init_thread_deregister                                    5375
  camellia_256_ofb_get_params                                    5416
  camellia_192_ecb_get_params                                    5417
  camellia_256_cbc_get_params                                    5417
  camellia_256_cfb1_get_params                                   5417
  tdes_ede3_ecb_get_params                                       5417
  camellia_192_ctr_get_params                                    5458
  ossl_property_has_optional                                     5459
  camellia_cts_192_cbc_get_params                                5500
  chacha20_poly1305_gettable_ctx_params                          5541
  ossl_self_test_set_callback_free                               5541
  camellia_128_ecb_get_params                                    5542
  ossl_indicator_set_callback_new                                5542
  ossl_property_match_count                                      5542
  ENGINE_get_cipher_engine                                       5583
  OPENSSL_sk_sort                                                5624
  medium_region_for_ptr_no_lock                                  5625
  OSSL_STORE_LOADER_set_expect                                   5666
  aes_192_wrappadinv_get_params                                  5708
  chacha20_poly1305_get_params                                   5708
  ossl_aes_256_gcm_siv_get_params                                5708
  ossl_provider_unquery_operation                                5708
  ossl_prov_ctx_get0_core_bio_method                             5709
  engine_pkey_asn1_meths_free                                    5792
  ossl_self_test_set_callback_new                                5792
  camellia_256_ecb_get_params                                    5917
  OSSL_LIB_CTX_set_conf_diagnostics                              6000
  ossl_aes_192_gcm_siv_get_params                                6000
  EVP_CIPHER_CTX_get_block_size                                  6042
  camellia_cts_256_cbc_get_params                                6084
  ossl_aes_128_gcm_siv_get_params                                6125
  camellia_cts_128_cbc_get_params                                6166
  app_get0_libctx                                                6167
  ossl_prov_seeding_from_dispatch                                6291
  getegid                                                        6292
  medium_malloc_from_free_list                                   6375
  EVP_CIPHER_get_mode                                            6458
  ossl_prov_bio_from_dispatch                                    6459
  opt_arg                                                        6500
  BIO_set_data                                                   6501
  EVP_RAND_CTX_free                                              6750
  geteuid                                                        6750
  dyld3::kdebug_trace_dyld_enabled(unsigned int)                 6833
  OSSL_PARAM_get_int32                                           6875
  dyld4::Loader::hiddenFromFlat(bool) const                      6875
  BIO_next                                                       7000
  dyld4::RuntimeState::notifyObjCPatching()                      7042
  getgid                                                         7208
  _kernelrpc_mach_port_deallocate_trap                           7375
  _platform_strnlen                                              7583
  bio_open_default                                               7625
  dyld4::BumpAllocator::~BumpAllocator()                         7625
  EVP_CipherInit_ex                                              7626
  getuid                                                         7708
  dyld4::handleFromLoader(dyld4::Loader const*, bool)             7709
  store_loader_hash                                              7792
  _kernelrpc_mach_port_construct_trap                            7833
  ENGINE_register_DH                                             8000
  BIO_copy_next_retry                                            8041
  dyld4::JustInTimeLoader::hiddenFromFlat(bool) const             8042
  ENGINE_register_EC                                             8083
  OPENSSL_sk_pop                                                 8251
  err_unshelve_state                                             8375
  ENGINE_register_DSA                                            8583
  file_ctrl                                                      8583
  ENGINE_register_RAND                                           8584
  openssl_fopen                                                  8624
  flsl                                                           8625
  __sclose                                                       8708
  dyld4::Loader::beginInitializers(dyld4::RuntimeState&)             8708
  ENGINE_register_RSA                                            8876
  strlen                                                         8916
  dyld4::RuntimeState::incDlRefCount(dyld4::Loader const*)             8958
  property_cmp                                                   9125
  ossl_lib_ctx_get_concrete                                      9208
  lsl::Vector<dyld4::Loader const*>::reserveExact(unsigned long)             9333
  X509_get_default_cert_area                                     9375
  BIO_set_init                                                   9417
  ENGINE_register_digests                                        9542
  __sflags                                                       9542
  ossl_cipher_generic_einit                                      9666
  ENGINE_register_ciphers                                        9792
  dyld4::JustInTimeLoader::beginInitializers(dyld4::RuntimeState&)             9792
  ossl_sa_new                                                    9959
  ossl_property_free                                            10000
  ossl_cipher_generic_set_ctx_params                            10084
  BIO_set_flags                                                 10125
  DSO_METHOD_openssl                                            10333
  lsl::Vector<lsl::MemoryManager::Buffer>::reserve(unsigned long)            10458
  ENGINE_register_pkey_meths                                    10500
  deflt_query                                                   10625
  OSSL_LIB_CTX_get_conf_diagnostics                             10667
  ossl_lib_ctx_get_ex_data_global                               10833
  CRYPTO_atomic_or                                              10875
  ENGINE_register_pkey_asn1_meths                               11458
  ossl_lib_ctx_get_rcukey                                       11708
  OPENSSL_cleanse                                               11791
  NCONF_get_section                                             12001
  free_small                                                    12167
  ossl_sa_doall_arg                                             12250
  engine_free_util                                              12291
  dyld4::RuntimeState::doSingletonPatching(dyld4::DyldCacheDataConstLazyScopedWriter&)            12583
  aes_siv_gettable_ctx_params                                   12625
  ossl_property_value                                           12959
  ossl_cipher_capable_aes_cbc_hmac_sha256                       13041
  ossl_cipher_capable_aes_cbc_hmac_sha1                         13125
  EVP_add_cipher                                                13626
  dyld4::Loader::loadDependents(Diagnostics&, dyld4::RuntimeState&, dyld4::Loader::LoadOptions const&)            13875
  cipher_ocb_gettable_ctx_params                                13916
  fstat                                                         14084
  aes_cbc_cts_gettable_ctx_params                               14126
  BIO_clear_flags                                               14501
  dyld4::DyldCacheDataConstLazyScopedWriter::DyldCacheDataConstLazyScopedWriter(dyld4::RuntimeState&)            14750
  lsl::EphemeralAllocator::~EphemeralAllocator()                14875
  __bzero                                                       14959
  DSO_free                                                      15124
  sa_doall                                                      15333
  BIO_get_data                                                  15375
  dyld4::JustInTimeLoader::loadDependents(Diagnostics&, dyld4::RuntimeState&, dyld4::Loader::LoadOptions const&)            15417
  small_try_realloc_in_place                                    15583
  CRYPTO_atomic_add                                             15625
  dyld4::Loader::path() const                                   15709
  ossl_aes_gcm_siv_gettable_ctx_params                          15791
  tiny_malloc_from_free_list                                    15791
  __sflush                                                      16499
  camellia_cbc_cts_gettable_ctx_params                          16541
  _NSGetEnviron                                                 16709
  os_unfair_recursive_lock_unlock                               16958
  dyld3::MachOFile::is64() const                                17040
  ossl_prov_is_running                                          17374
  file_free                                                     17416
  file_new                                                      17959
  FMT_istext                                                    18625
  _kernelrpc_mach_port_destruct_trap                            18625
  CRYPTO_THREAD_lock_free                                       18751
  OPENSSL_LH_get_down_load                                      19000
  pthread_mutex_destroy                                         19125
  invocation function for block in dyld4::Loader::forEachPath(Diagnostics&, dyld4::RuntimeState&, char const*, dyld4::Loader::Loa            19166
  dyld4::JustInTimeLoader::path() const                         19375
  pthread_cond_init                                             19875
  kdebug_is_enabled                                             19959
  BIO_new                                                       20166
  __chkstk_darwin_probe                                         20876
  lsl::EphemeralAllocator::reset()                              20958
  property_free                                                 21375
  dyld4::LibSystemHelpers::pthread_getspecific(unsigned long) const            21542
  lsl::EphemeralAllocator::deallocate_buffer(lsl::MemoryManager::Buffer)            21542
  dyld4::Loader::matchesPath(char const*) const                 22084
  ___chkstk_darwin                                              22291
  os_unfair_recursive_lock_lock_with_options                    22375
  os_unfair_lock_assert_not_owner                               22917
  small_size                                                    23457
  dyld4::ProcessConfig::DyldCache::indexOfPath(char const*, unsigned int&) const            24375
  pthread_mutex_init                                            26457
  ossl_property_name                                            27458
  dyld3::ScopedTimer::endTimer()                                27708
  lsl::MemoryManager::lockGuard()                               27833
  dyld4::Loader::loadAddress(dyld4::RuntimeState&) const            28084
  OPENSSL_strnlen                                               29375
  OPENSSL_sk_delete                                             30375
  __findenv_locked                                              30375
  dyld4::JustInTimeLoader::loadAddress(dyld4::RuntimeState&) const            30542
  rack_region_insert                                            30917
  small_free_list_find_by_ptr                                   31334
  __close_nocancel                                              31875
  __open                                                        32500
  lsl::AllocationMetadata::AllocationMetadata(lsl::Allocator*, unsigned long)            34124
  small_free_list_remove_ptr                                    34626
  _pthread_mutex_check_init_slow                                34918
  mach_msg2_trap                                                35000
  _kernelrpc_mach_vm_deallocate_trap                            35417
  CRYPTO_new_ex_data                                            35958
  OPENSSL_LH_set_down_load                                      37040
  madvise                                                       37042
  dyld4::LibSystemHelpers::os_unfair_recursive_lock_unlock(os_unfair_recursive_lock_s*) const            39584
  tiny_free_list_remove_ptr                                     39832
  _tiny_check_and_zero_inline_meta_from_freelist                41543
  szone_good_size                                               42503
  dyld4::LibSystemHelpers::os_unfair_lock_unlock(os_unfair_lock_s*) const            42583
  Diagnostics::hasError() const                                 42624
  small_free_list_remove_ptr_no_clear                           42835
  OPENSSL_sk_free                                               43207
  small_free_list_add_ptr                                       43581
  EVP_PKEY_asn1_get0                                            44165
  ossl_rcu_write_lock                                           44249
  get_tiny_previous_free_msize                                  46002
  Diagnostics::noError() const                                  47416
  ossl_tdes_gettable_ctx_params                                 47626
  ossl_rcu_write_unlock                                         47919
  pthread_setspecific                                           49916
  dyld3::MachOFile::read_uleb128(Diagnostics&, unsigned char const*&, unsigned char const*)            52042
  dyld4::RuntimeState::PermanentRanges::contains(unsigned long, unsigned long, unsigned char*, dyld4::Loader const**) const            53459
  small_malloc_from_free_list                                   55292
  dyld4::LibSystemHelpers::os_unfair_recursive_lock_lock_with_options(os_unfair_recursive_lock_s*, os_unfair_lock_options_t) cons            55626
  os_unfair_lock_assert_owner                                   56792
  pthread_cond_broadcast                                        57332
  EVP_PKEY_asn1_get0_info                                       57915
  szone_malloc                                                  58208
  dyld4::LibSystemHelpers::os_unfair_lock_lock_with_options(os_unfair_lock_s*, os_unfair_lock_options_t) const            61875
  tiny_size                                                     62086
  _kernelrpc_mach_vm_map_trap                                   63082
  __write_nocancel                                              65125
  realloc                                                       65877
  set_tiny_meta_header_in_use                                   67128
  lsl::EphemeralAllocator::allocate_buffer(unsigned long, unsigned long, unsigned long)            67290
  _qsort                                                        69669
  tiny_free_list_add_ptr                                        69876
  ossl_cipher_aead_gettable_ctx_params                          74084
  OPENSSL_sk_pop_free                                           74209
  strcmp                                                        74665
  _szone_free                                                   78290
  szone_try_free_default                                        81748
  invocation function for block in dyld3::MachOFile::getDylibInstallName(char const**, unsigned int*, unsigned int*) const            83668
  dyld3::kdebug_trace_dyld_duration_end(unsigned long long, unsigned int, dyld3::kt_arg, dyld3::kt_arg, dyld3::kt_arg)            84333
  property_hash                                                 87624
  rack_get_thread_index                                         89585
  EVP_CIPHER_get_type                                           94376
  dyld3::OverflowSafeArray<unsigned int, 4294967295ul>::verifySpace(unsigned long)            95042
  dyld4::Loader::contains(dyld4::RuntimeState&, void const*, void const**, unsigned long long*, unsigned char*) const           100001
  pthread_cond_signal                                          108413
  Diagnostics::assertNoError() const                           113960
  pthread_rwlock_init                                          118919
  nanov2_size                                                  119329
  pthread_rwlock_destroy                                       126629
  os_unfair_lock_unlock                                        133997
  Diagnostics::~Diagnostics()                                  145583
  Diagnostics::Diagnostics(bool)                               154167
  get_legacy_evp_names                                         164169
  __open_nocancel                                              174250
  ossl_ctype_check                                             175500
  os_unfair_lock_lock_with_options                             180874
  invocation function for block in dyld3::MachOFile::getEntry(unsigned long long&, bool&) const           193373
  EVP_MD_get_type                                              201836
  nanov2_pointer_size                                          203165
  free                                                         215498
  _Block_object_dispose                                        223539
  OPENSSL_hexchar2int                                          241503
  ossl_sa_set                                                  255164
  __read_nocancel                                              260375
  nanov2_allocate_from_block                                   272162
  strncmp                                                      274503
  trim_ws                                                      286250
  invocation function for block in dyld4::JustInTimeLoader::contains(dyld4::RuntimeState&, void const*, void const**, unsigned lo           306960
  BUF_MEM_new                                                  317036
  names_free                                                   322949
  OPENSSL_LH_doall                                             339741
  OPENSSL_LH_flush                                             341627
  OBJ_get0_data                                                343331
  OSSL_PARAM_set_uint                                          354510
  ossl_provider_ctx                                            355293
  EVP_CIPHER_get_nid                                           379794
  conf_value_cmp                                               389413
  ossl_lib_ctx_unlock                                          393783
  OSSL_PARAM_locate_const                                      413455
  invocation function for block in dyld3::MachOLoaded::findClosestSymbol(unsigned long long, char const**, unsigned long long*) c           426377
  ossl_lib_ctx_read_lock                                       440248
  OPENSSL_LH_set_thunks                                        446539
  property_defn_cmp                                            456044
  ossl_cipher_generic_gettable_ctx_params                      463708
  evp_cipher_up_ref                                            475459
  ossl_provider_free                                           479997
  property_defn_hash                                           483873
  value_free_hash                                              492707
  BN_free                                                      495007
  CRYPTO_realloc                                               506790
  function_hash                                                508247
  ossl_provider_up_ref                                         513006
  OSSL_PARAM_set_uint32                                        518338
  ASN1_OBJECT_free                                             525414
  eat_alpha_numeric                                            530374
  ossl_sa_get                                                  533878
  sa_free_node                                                 567954
  OSSL_PARAM_construct_end                                     571793
  EVP_CIPHER_get0_provider                                     581004
  OSSL_PARAM_construct_uint                                    593214
  evp_cipher_free                                              595702
  do_all_fn                                                    596507
  EVP_CIPHER_free                                              652630
  ossl_provider_libctx                                         831410
  internal_free_nop                                            876837
  invocation function for block in dyld3::MachOLoaded::getLinkEditLoadCommands(Diagnostics&, dyld3::MachOLoaded::LinkEditInfo&) c           876915
  _platform_strncmp                                            901002
  name_string_free                                             919389
  OPENSSL_LH_error                                             958460
  _os_once                                                    1043615
  OSSL_PARAM_set_size_t                                       1165135
  BUF_MEM_grow                                                1168245
  invocation function for block in dyld3::MachOFile::forEachSegment(void (dyld3::MachOFile::SegmentInfo const&, bool&) block_poin          1172170
  sk_reserve                                                  1202587
  pthread_getspecific                                         1203951
  CRYPTO_THREAD_get_local                                     1336501
  _platform_memchr                                            1398875
  ossl_rcu_assign_uptr                                        1464919
  OSSL_PARAM_set_uint64                                       1564334
  names_lh_free_doall                                         1579217
  ossl_lib_ctx_get_data                                       1662337
  OSSL_PARAM_set_int                                          1675534
  pthread_mutex_lock                                          1790255
  _platform_strchr                                            1802133
  OSSL_PARAM_construct_size_t                                 1883714
  pthread_mutex_unlock                                        1903918
  _nanov2_free                                                1943648
  OPENSSL_sk_push                                             2053596
  _pthread_mutex_lock_init_slow                               2058337
  OPENSSL_sk_num                                              2082494
  _pthread_mutex_unlock_init_slow                             2169861
  _pthread_mutex_firstfit_lock_slow                           2291461
  _pthread_mutex_firstfit_unlock_slow                         2379009
  OPENSSL_sk_value                                            2406916
  OSSL_PARAM_set_int32                                        2537374
  obj_name_cmp                                                2603578
  OPENSSL_LH_strhash                                          2817787
  _platform_memcmp                                            2844840
  OSSL_PARAM_construct_int                                    2852285
  OBJ_nid2obj                                                 3303473
  pthread_once                                                3404994
  CRYPTO_atomic_load                                          3408600
  pthread_rwlock_rdlock                                       3454878
  SortFnByName                                                3528966
  ossl_lh_strcasehash                                         3816538
  __error                                                     3926512
  cipher_compare                                              4138199
  ossl_isdigit                                                4159857
  fnv1a_hash                                                  4601471
  _platform_memmove                                           6749028
  pthread_rwlock_wrlock                                       6931309
  pthread_rwlock_unlock                                      10323280
  err_string_data_cmp                                        11313624
  CRYPTO_free                                                12706128
  malloc                                                     13913393
  doapr_outch                                                15772157
  err_string_data_hash                                       17321717
  nanov2_malloc                                              19198448
  _platform_strlen                                           24114360
  _platform_memset                                           26458870
  nanov2_try_free_default                                    26906662
  _platform_strcmp                                           29059583
  ossl_tolower                                               62076264
