
  pd_free                                                        1750
  EVP_md5                                                        1792
  UI_OpenSSL                                                     1958
  EVP_sha1                                                       2000
  EVP_sha384                                                     2041
  EVP_bf_ofb                                                     2042
  EVP_des_ecb                                                    2042
  EVP_rc4_40                                                     2042
  EVP_sha512                                                     2042
  EVP_sm3                                                        2042
  EVP_des_cbc                                                    2125
  EVP_rc2_cbc                                                    2125
  EVP_rc2_ofb                                                    2125
  sigaction                                                      2125
  EVP_md4                                                        2167
  EVP_mdc2                                                       2167
  EVP_rc4                                                        2208
  opt_unknown                                                    2208
  EVP_bf_cbc                                                     2250
  EVP_cast5_ofb                                                  2250
  EVP_des_cfb8                                                   2250
  EVP_des_ofb                                                    2250
  EVP_idea_cbc                                                   2250
  EVP_idea_ofb                                                   2250
  EVP_sha224                                                     2250
  EVP_sha3_224                                                   2250
  UI_null                                                        2250
  EVP_shake256                                                   2291
  EVP_sm4_ofb                                                    2291
  _cleanup                                                       2291
  EVP_ripemd160                                                  2292
  EVP_seed_ofb                                                   2333
  EVP_sha3_384                                                   2333
  EVP_seed_cbc                                                   2334
  EVP_blake2s256                                                 2375
  EVP_des_ede                                                    2375
  EVP_des_ede3                                                   2375
  EVP_md5_sha1                                                   2375
  EVP_sha512_256                                                 2375
  EVP_sm4_ecb                                                    2375
  strchr                                                         2375
  EVP_chacha20                                                   2416
  EVP_bf_ecb                                                     2417
  EVP_sha3_512                                                   2417
  EVP_sha512_224                                                 2417
  EVP_bf_cfb64                                                   2458
  EVP_idea_ecb                                                   2458
  EVP_rc2_cfb64                                                  2458
  app_get0_propq                                                 2458
  EVP_aes_256_ofb                                                2500
  EVP_des_ede_ofb                                                2500
  EVP_sm4_cbc                                                    2500
  EVP_sm4_ctr                                                    2500
  EVP_aes_256_cbc                                                2541
  EVP_aes_256_gcm                                                2541
  EVP_desx_cbc                                                   2541
  EVP_rc2_64_cbc                                                 2541
  EVP_aes_192_gcm                                                2542
  EVP_cast5_cbc                                                  2542
  release_engine                                                 2542
  EVP_aes_256_ccm                                                2583
  EVP_aes_256_ctr                                                2583
  EVP_aes_192_ocb                                                2584
  EVP_seed_ecb                                                   2584
  EVP_MD_free                                                    2625
  EVP_aes_128_cbc                                                2625
  EVP_aes_192_ccm                                                2625
  EVP_aes_256_xts                                                2625
  EVP_aria_256_ctr                                               2625
  EVP_des_ede_cbc                                                2625
  EVP_rc2_ecb                                                    2625
  EVP_sha3_256                                                   2625
  opt_next                                                       2625
  ENGINE_set_id                                                  2666
  EVP_aes_128_ctr                                                2666
  EVP_aria_256_ofb                                               2666
  EVP_aes_128_ofb                                                2667
  EVP_aria_192_cbc                                               2667
  EVP_aria_256_gcm                                               2667
  lh_FUNCTION_free                                               2667
  EVP_aes_192_cfb1                                               2708
  EVP_aes_192_ecb                                                2708
  EVP_aes_256_ecb                                                2708
  EVP_blake2b512                                                 2708
  EVP_idea_cfb64                                                 2708
  EVP_aes_192_ofb                                                2709
  EVP_aes_256_ocb                                                2750
  EVP_aria_128_cbc                                               2750
  EVP_aria_128_ctr                                               2750
  EVP_aria_192_ctr                                               2750
  EVP_aria_256_cbc                                               2750
  EVP_des_cfb1                                                   2750
  EVP_rc2_40_cbc                                                 2750
  EVP_sm4_cfb128                                                 2750
  EVP_cast5_cfb64                                                2791
  EVP_cast5_ecb                                                  2791
  EVP_aes_128_ccm                                                2792
  EVP_aes_192_cfb8                                               2792
  EVP_aes_256_cfb8                                               2792
  EVP_aria_128_ecb                                               2792
  EVP_aria_192_ofb                                               2792
  EVP_shake128                                                   2792
  def_to_int                                                     2792
  ossl_trace_cleanup                                             2792
  strrchr                                                        2792
  vm_deallocate                                                  2792
  EVP_aes_256_cfb1                                               2833
  EVP_aria_192_ecb                                               2833
  EVP_aria_256_ccm                                               2833
  EVP_aria_256_cfb1                                              2833
  EVP_des_ede3_ofb                                               2833
  EVP_whirlpool                                                  2833
  ENGINE_set_name                                                2834
  EVP_aes_128_cfb1                                               2834
  EVP_aria_128_ofb                                               2834
  EVP_aria_192_cfb8                                              2834
  EVP_aria_256_ecb                                               2834
  OBJ_obj2txt                                                    2834
  BIO_f_cipher                                                   2875
  EVP_aes_128_xts                                                2875
  EVP_aria_192_ccm                                               2875
  EVP_aria_192_cfb1                                              2875
  EVP_aria_192_gcm                                               2875
  EVP_des_ede3_cbc                                               2875
  EVP_seed_cfb128                                                2875
  COMP_get_type                                                  2916
  EVP_aes_128_ocb                                                2916
  EVP_aria_256_cfb8                                              2916
  EVP_aes_128_cfb8                                               2917
  EVP_aes_192_cbc                                                2917
  EVP_aes_192_ctr                                                2917
  EVP_aes_192_wrap                                               2917
  EVP_aes_256_wrap                                               2917
  EVP_aria_128_cfb8                                              2917
  EVP_des_cfb64                                                  2917
  EVP_des_ede3_cfb1                                              2917
  EVP_aes_192_cfb128                                             2958
  EVP_rc4_hmac_md5                                               2958
  getrlimit                                                      2959
  EVP_aria_128_ccm                                               3000
  EVP_aria_192_cfb128                                            3000
  EVP_des_ede3_cfb8                                              3000
  EVP_des_ede3_wrap                                              3000
  property_cmp                                                   3000
  EVP_aes_128_wrap                                               3041
  query_hash                                                     3041
  function_cmp                                                   3042
  EVP_aes_128_gcm                                                3083
  EVP_aria_128_cfb1                                              3083
  NCONF_default                                                  3083
  EVP_aes_128_cfb128                                             3084
  def_init_default                                               3084
  signal                                                         3084
  EVP_aria_128_cfb128                                            3125
  EVP_camellia_128_cbc                                           3125
  EVP_camellia_192_ctr                                           3125
  EVP_camellia_256_ofb                                           3125
  EVP_des_ede_cfb64                                              3125
  __cxa_finalize                                                 3125
  EVP_aes_128_ecb                                                3166
  EVP_camellia_256_ctr                                           3166
  EVP_aria_128_gcm                                               3167
  EVP_camellia_128_ofb                                           3167
  EVP_camellia_128_ctr                                           3209
  EVP_camellia_256_ecb                                           3250
  OSSL_LIB_CTX_get_data                                          3250
  EVP_camellia_192_cbc                                           3291
  EVP_des_ede3_cfb64                                             3291
  EVP_CIPHER_get_flags                                           3292
  EVP_add_alg_module                                             3292
  EVP_aes_256_cfb128                                             3292
  EVP_camellia_128_cfb1                                          3292
  EVP_camellia_192_ofb                                           3292
  EVP_camellia_256_cfb1                                          3292
  UI_method_set_writer                                           3292
  ossl_store_cleanup_int                                         3292
  EVP_camellia_256_cbc                                           3333
  EVP_chacha20_poly1305                                          3333
  opt_set_unknown_name                                           3334
  ossl_comp_zstd_cleanup                                         3334
  EVP_aes_128_wrap_pad                                           3375
  UI_method_set_closer                                           3375
  OSSL_PARAM_modified                                            3416
  EVP_camellia_192_cfb1                                          3417
  EVP_aes_256_wrap_pad                                           3458
  bio_sock_cleanup_int                                           3458
  EVP_aes_192_wrap_pad                                           3459
  EVP_camellia_128_cfb8                                          3459
  EVP_camellia_192_ecb                                           3459
  init_thread_stop                                               3459
  ENGINE_set_flags                                               3500
  EVP_aria_256_cfb128                                            3500
  EVP_camellia_192_cfb8                                          3500
  EVP_camellia_256_cfb8                                          3500
  ossl_comp_brotli_cleanup                                       3500
  tiny_free_no_lock                                              3542
  COMP_zlib                                                      3625
  EVP_camellia_256_cfb128                                        3625
  OSSL_STORE_register_loader                                     3625
  UI_method_set_reader                                           3625
  __getrlimit                                                    3625
  __smakebuf                                                     3625
  app_RAND_write                                                 3625
  store_loader_cmp                                               3625
  ASN1_add_stable_module                                         3667
  engine_load_rdrand_int                                         3667
  ossl_lib_ctx_write_lock                                        3667
  EVP_camellia_128_cfb128                                        3708
  BIO_meth_set_puts                                              3709
  ERR_get_error_all                                              3709
  ossl_comp_zlib_cleanup                                         3709
  ASN1_add_oid_module                                            3750
  BIO_meth_set_ctrl                                              3750
  EVP_camellia_192_cfb128                                        3750
  evp_app_cleanup_int                                            3750
  free_medium                                                    3750
  pthread_self                                                   3750
  NCONF_get0_libctx                                              3791
  ossl_prov_ctx_new                                              3791
  EVP_camellia_128_ecb                                           3792
  BIO_meth_set_create                                            3833
  BIO_meth_set_gets                                              3833
  ossl_prov_ctx_set0_handle                                      3833
  ossl_prov_ctx_set0_libctx                                      3833
  EVP_CipherUpdate                                               3834
  UI_method_set_opener                                           3875
  opt_check_rest_arg                                             3917
  ossl_prov_ctx_free                                             3917
  EVP_CipherFinal_ex                                             3958
  ENGINE_set_cmd_defns                                           3959
  OSSL_LIB_CTX_free                                              4000
  dyld4::APIs::_tlv_exit()                                       4000
  core_get_libctx                                                4041
  BIO_meth_set_destroy                                           4042
  ERR_print_errors                                               4042
  OSSL_ERR_STATE_new                                             4083
  ENGINE_add_conf_module                                         4125
  EVP_CIPHER_fetch                                               4125
  ossl_child_prov_ctx_new                                        4125
  ossl_method_unlock_store                                       4167
  ossl_config_add_ssl_module                                     4208
  EVP_PKEY_asn1_get_count                                        4250
  ossl_prov_ctx_get0_libctx                                      4250
  ossl_stored_namemap_free                                       4250
  CONF_imodule_get_value                                         4291
  OSSL_STORE_unregister_loader                                   4291
  chacha20_get_params                                            4291
  null_gettable_ctx_params                                       4291
  CRYPTO_THREAD_get_current_id                                   4292
  EVP_CIPHER_get_iv_length                                       4292
  aes_128_ofb_get_params                                         4292
  aes_128_xts_get_params                                         4333
  aes_192_cbc_get_params                                         4333
  aes_192_cfb_get_params                                         4333
  aes_v8_set_encrypt_key                                         4333
  BIO_meth_set_read_ex                                           4334
  aes_v8_ctr32_encrypt_blocks                                    4334
  aes_192_ecb_get_params                                         4375
  aes_256_cbc_get_params                                         4375
  aes_256_cfb_get_params                                         4375
  ossl_cipher_generic_reset_ctx                                  4375
  ossl_bio_core_globals_new                                      4416
  ENGINE_set_ctrl_function                                       4417
  tdes_ede3_cbc_get_params                                       4417
  aes_256_ctr_get_params                                         4458
  lsl::Lock::unlock()                                            4458
  sm4_128_ctr_get_params                                         4458
  aes_256_siv_get_params                                         4459
  OSSL_STORE_LOADER_set_eof                                      4500
  aes_128_cfb_get_params                                         4500
  aes_192_cfb1_get_params                                        4500
  aes_192_ctr_get_params                                         4500
  aes_192_gcm_get_params                                         4500
  aes_256_cfb8_get_params                                        4500
  aes_256_ofb_get_params                                         4500
  aria_192_ecb_get_params                                        4500
  aria_192_ofb_get_params                                        4500
  ossl_lib_ctx_is_default                                        4500
  ossl_method_lock_store                                         4500
  BIO_meth_set_write_ex                                          4541
  OSSL_CMP_log_close                                             4541
  aes_128_ecb_get_params                                         4541
  aes_192_siv_get_params                                         4541
  aes_192_wrap_get_params                                        4541
  aria_128_ecb_get_params                                        4542
  aria_128_gcm_get_params                                        4542
  aria_192_ctr_get_params                                        4542
  aria_256_ctr_get_params                                        4542
  aes_128_ctr_get_params                                         4583
  aes_192_ccm_get_params                                         4583
  aes_192_ofb_get_params                                         4583
  tdes_ede2_cbc_get_params                                       4583
  aes_256_cfb1_get_params                                        4584
  aria_192_gcm_get_params                                        4584
  ENGINE_set_init_function                                       4625
  EVP_aes_256_cbc_hmac_sha1                                      4625
  aes_128_cbc_get_params                                         4625
  aria_128_ctr_get_params                                        4625
  aria_128_ofb_get_params                                        4625
  aria_256_ofb_get_params                                        4625
  ossl_ctx_global_properties_new                                 4625
  sm4_128_xts_get_params                                         4625
  tdes_ede2_ecb_get_params                                       4625
  aes_256_ccm_get_params                                         4666
  aria_256_cfb_get_params                                        4666
  tiny_try_realloc_in_place                                      4666
  OSSL_STORE_LOADER_set_error                                    4667
  aes_128_ocb_get_params                                         4667
  aes_256_gcm_get_params                                         4667
  aria_128_cfb1_get_params                                       4667
  aria_192_cbc_get_params                                        4667
  aria_192_cfb8_get_params                                       4667
  ENGINE_set_finish_function                                     4708
  OSSL_STORE_LOADER_set_close                                    4708
  aria_192_cfb_get_params                                        4708
  chacha20_gettable_ctx_params                                   4708
  ossl_prov_ctx_set0_core_bio_method                             4708
  sm4_128_cfb128_get_params                                      4708
  sm4_128_ecb_get_params                                         4708
  aes_192_cfb8_get_params                                        4709
  aria_192_cfb1_get_params                                       4709
  aria_256_cfb1_get_params                                       4709
  def_is_number                                                  4709
  ossl_prov_cipher_hw_aes_ctr                                    4709
  sm4_128_cbc_get_params                                         4709
  tdes_ede2_cfb_get_params                                       4709
  BIO_free                                                       4750
  aes_cts_192_cbc_get_params                                     4750
  aria_128_cbc_get_params                                        4750
  aria_256_cfb8_get_params                                       4750
  ossl_random_add_conf_module                                    4750
  aes_256_wrap_get_params                                        4791
  tdes_ede3_cfb_get_params                                       4791
  UI_method_set_prompt_constructor                               4792
  aria_128_cfb8_get_params                                       4792
  aria_256_cbc_get_params                                        4792
  EVP_sha256                                                     4833
  aes_128_siv_get_params                                         4833
  aria_128_ccm_get_params                                        4833
  ossl_store_register_init                                       4833
  tdes_ede2_ofb_get_params                                       4833
  sm4_128_gcm_get_params                                         4834
  EVP_aes_256_cbc_hmac_sha256                                    4875
  OSSL_trace_set_channel                                         4875
  aes_128_cfb1_get_params                                        4875
  aes_128_wrappad_get_params                                     4875
  aes_256_xts_get_params                                         4875
  camellia_192_cbc_get_params                                    4875
  ossl_provider_add_conf_module                                  4875
  sm4_128_ccm_get_params                                         4875
  sm4_128_ofb128_get_params                                      4875
  tdes_wrap_get_params                                           4875
  aes_128_ccm_get_params                                         4916
  camellia_256_cfb_get_params                                    4916
  OSSL_STORE_LOADER_set_load                                     4917
  aes_256_ecb_get_params                                         4917
  aria_128_cfb_get_params                                        4917
  aria_192_ccm_get_params                                        4917
  engine_pkey_meths_free                                         4917
  OPENSSL_cpuid_setup                                            4958
  aes_128_cfb8_get_params                                        4958
  aes_192_ocb_get_params                                         4958
  aes_cts_128_cbc_get_params                                     4958
  aria_256_ecb_get_params                                        4958
  camellia_128_ctr_get_params                                    4958
  ossl_bio_core_globals_free                                     4958
  aes_128_wrapinv_get_params                                     4959
  aes_256_ocb_get_params                                         4959
  ossl_rand_cleanup_int                                          4959
  tdes_ede3_cfb1_get_params                                      4959
  ENGINE_load_builtin_engines                                    5000
  EVP_aes_128_cbc_hmac_sha1                                      5000
  aes_192_wrapinv_get_params                                     5000
  aes_256_wrappad_get_params                                     5000
  camellia_128_ecb_get_params                                    5000
  tdes_ede3_ofb_get_params                                       5000
  EVP_CIPHER_get_key_length                                      5041
  tdes_ede3_cfb8_get_params                                      5041
  OSSL_STORE_LOADER_free                                         5042
  __sigaction                                                    5042
  camellia_128_cfb1_get_params                                   5042
  camellia_192_ecb_get_params                                    5042
  camellia_256_cbc_get_params                                    5042
  camellia_192_ofb_get_params                                    5083
  camellia_128_cfb8_get_params                                   5084
  Diagnostics::clearError()                                      5125
  OSSL_STORE_LOADER_set_open                                     5125
  aes_192_wrappad_get_params                                     5125
  aes_256_wrapinv_get_params                                     5125
  camellia_192_cfb8_get_params                                   5125
  camellia_192_ctr_get_params                                    5125
  ossl_indicator_set_callback_free                               5125
  tdes_ede3_ecb_get_params                                       5125
  OSSL_STORE_LOADER_set_expect                                   5166
  aes_128_gcm_get_params                                         5166
  aes_128_wrap_get_params                                        5166
  aria_256_ccm_get_params                                        5166
  camellia_256_cfb8_get_params                                   5166
  engine_remove_dynamic_id                                       5166
  aes_128_wrappadinv_get_params                                  5167
  camellia_256_ecb_get_params                                    5167
  camellia_256_ofb_get_params                                    5167
  ENGINE_get_cipher_engine                                       5208
  aes_256_wrappadinv_get_params                                  5208
  aes_cts_256_cbc_get_params                                     5208
  camellia_192_cfb1_get_params                                   5208
  ossl_property_match_count                                      5208
  engine_pkey_asn1_meths_free                                    5209
  camellia_256_cfb1_get_params                                   5250
  camellia_256_ctr_get_params                                    5250
  medium_region_for_ptr_no_lock                                  5250
  pthread_cond_destroy                                           5250
  EVP_aes_128_cbc_hmac_sha256                                    5291
  aria_256_gcm_get_params                                        5292
  camellia_128_cfb_get_params                                    5292
  camellia_192_cfb_get_params                                    5292
  ossl_free_compression_methods_int                              5292
  aes_192_wrappadinv_get_params                                  5333
  ossl_self_test_set_callback_free                               5333
  camellia_cts_192_cbc_get_params                                5334
  __fcntl                                                        5458
  ossl_provider_unquery_operation                                5458
  ossl_property_has_optional                                     5459
  camellia_128_cbc_get_params                                    5500
  OSSL_PARAM_get_int                                             5501
  chacha20_poly1305_get_params                                   5583
  OSSL_LIB_CTX_set_conf_diagnostics                              5625
  getegid                                                        5625
  ossl_aes_256_gcm_siv_get_params                                5625
  ossl_aes_192_gcm_siv_get_params                                5666
  ossl_init_thread_deregister                                    5666
  EVP_CIPHER_CTX_get_block_size                                  5708
  chacha20_poly1305_gettable_ctx_params                          5708
  ossl_indicator_set_callback_new                                5708
  camellia_128_ofb_get_params                                    5750
  close                                                          5750
  ossl_self_test_set_callback_new                                5791
  app_get0_libctx                                                5792
  ossl_prov_ctx_get0_core_bio_method                             5792
  medium_malloc_from_free_list                                   5833
  ossl_aes_128_gcm_siv_get_params                                5834
  OPENSSL_sk_sort                                                5875
  geteuid                                                        5916
  memset                                                         5957
  ossl_prov_seeding_from_dispatch                                6041
  camellia_cts_256_cbc_get_params                                6042
  ossl_prov_bio_from_dispatch                                    6084
  BIO_set_data                                                   6125
  opt_arg                                                        6126
  camellia_cts_128_cbc_get_params                                6208
  free_small                                                     6334
  getuid                                                         6334
  EVP_RAND_CTX_free                                              6458
  getgid                                                         6458
  EVP_CIPHER_get_mode                                            6542
  lsl::Lock::lock()                                              6625
  OSSL_PARAM_get_int32                                           6667
  dyld4::RuntimeState::notifyObjCPatching()                      6917
  BIO_next                                                       7041
  dyld4::Loader::hiddenFromFlat(bool) const                      7125
  _platform_strnlen                                              7291
  EVP_CipherInit_ex                                              7292
  dyld3::kdebug_trace_dyld_enabled(unsigned int)                 7333
  dyld4::BumpAllocator::~BumpAllocator()                         7375
  dyld4::handleFromLoader(dyld4::Loader const*, bool)             7417
  OPENSSL_sk_pop                                                 7457
  store_loader_hash                                              7499
  bio_open_default                                               7542
  ENGINE_register_EC                                             7751
  ENGINE_register_DH                                             7791
  _kernelrpc_mach_port_deallocate_trap                           7792
  err_unshelve_state                                             7792
  BIO_copy_next_retry                                            7833
  file_ctrl                                                      7958
  dyld4::JustInTimeLoader::hiddenFromFlat(bool) const             8000
  ENGINE_register_RSA                                            8042
  _kernelrpc_mach_port_construct_trap                            8042
  openssl_fopen                                                  8084
  X509_get_default_cert_area                                     8125
  ENGINE_register_RAND                                           8166
  __sclose                                                       8208
  flsl                                                           8209
  ENGINE_register_DSA                                            8292
  dyld4::Loader::beginInitializers(dyld4::RuntimeState&)             8375
  lsl::EphemeralAllocator::reset()                               8375
  ossl_lib_ctx_get_concrete                                      8417
  __sflags                                                       8750
  strlen                                                         9000
  BIO_set_init                                                   9001
  ENGINE_register_digests                                        9042
  ENGINE_register_ciphers                                        9209
  ossl_cipher_generic_einit                                      9375
  dyld4::RuntimeState::incDlRefCount(dyld4::Loader const*)             9458
  dyld4::JustInTimeLoader::beginInitializers(dyld4::RuntimeState&)             9541
  tiny_malloc_from_free_list                                     9541
  ossl_property_free                                             9667
  ENGINE_register_pkey_meths                                     9750
  lsl::Vector<dyld4::Loader const*>::reserveExact(unsigned long)             9791
  BIO_set_flags                                                  9792
  ossl_sa_new                                                    9874
  ossl_cipher_generic_set_ctx_params                             9875
  DSO_METHOD_openssl                                            10083
  CRYPTO_atomic_or                                              10208
  OSSL_LIB_CTX_get_conf_diagnostics                             10208
  lsl::Vector<lsl::MemoryManager::Buffer>::reserve(unsigned long)            10416
  ENGINE_register_pkey_asn1_meths                               10751
  NCONF_get_section                                             11207
  ossl_lib_ctx_get_ex_data_global                               11375
  ossl_lib_ctx_get_rcukey                                       11376
  engine_free_util                                              11542
  OPENSSL_cleanse                                               11583
  ossl_sa_doall_arg                                             11667
  fstat                                                         12000
  aes_siv_gettable_ctx_params                                   12209
  dyld4::RuntimeState::doSingletonPatching(dyld4::DyldCacheDataConstLazyScopedWriter&)            12500
  ossl_cipher_capable_aes_cbc_hmac_sha1                         12542
  ossl_cipher_capable_aes_cbc_hmac_sha256                       12667
  ossl_property_value                                           12959
  EVP_add_cipher                                                13126
  _kernelrpc_mach_vm_deallocate_trap                            13416
  cipher_ocb_gettable_ctx_params                                13458
  __bzero                                                       13584
  aes_cbc_cts_gettable_ctx_params                               13874
  BIO_clear_flags                                               13875
  deflt_query                                                   14125
  lsl::EphemeralAllocator::~EphemeralAllocator()                14542
  BIO_get_data                                                  14582
  DSO_free                                                      14583
  dyld4::Loader::loadDependents(Diagnostics&, dyld4::RuntimeState&, dyld4::Loader::LoadOptions const&)            15041
  CRYPTO_atomic_add                                             15209
  _NSGetEnviron                                                 15291
  sa_doall                                                      15291
  dyld4::Loader::path() const                                   15292
  ossl_aes_gcm_siv_gettable_ctx_params                          15459
  camellia_cbc_cts_gettable_ctx_params                          15542
  __sflush                                                      15875
  dyld4::DyldCacheDataConstLazyScopedWriter::DyldCacheDataConstLazyScopedWriter(dyld4::RuntimeState&)            15875
  dyld4::JustInTimeLoader::loadDependents(Diagnostics&, dyld4::RuntimeState&, dyld4::Loader::LoadOptions const&)            16125
  os_unfair_recursive_lock_unlock                               16291
  file_new                                                      16666
  dyld3::MachOFile::is64() const                                16917
  ossl_prov_is_running                                          17042
  file_free                                                     17165
  _kernelrpc_mach_port_destruct_trap                            17625
  invocation function for block in dyld4::Loader::forEachPath(Diagnostics&, dyld4::RuntimeState&, char const*, dyld4::Loader::Loa            17708
  CRYPTO_THREAD_lock_free                                       17709
  OPENSSL_LH_get_down_load                                      18168
  pthread_mutex_destroy                                         18417
  FMT_istext                                                    18500
  BIO_new                                                       18750
  dyld4::JustInTimeLoader::path() const                         18916
  kdebug_is_enabled                                             19498
  pthread_cond_init                                             19749
  small_try_realloc_in_place                                    20084
  rack_region_insert                                            20166
  property_free                                                 20291
  os_unfair_recursive_lock_lock_with_options                    21208
  dyld4::Loader::matchesPath(char const*) const                 21459
  small_size                                                    21625
  lsl::EphemeralAllocator::deallocate_buffer(lsl::MemoryManager::Buffer)            21708
  ___chkstk_darwin                                              22501
  __chkstk_darwin_probe                                         22833
  dyld4::ProcessConfig::DyldCache::indexOfPath(char const*, unsigned int&) const            23084
  mach_msg2_trap                                                23458
  dyld4::LibSystemHelpers::pthread_getspecific(unsigned long) const            24083
  os_unfair_lock_assert_not_owner                               24208
  small_free_list_find_by_ptr                                   24708
  pthread_mutex_init                                            25706
  __findenv_locked                                              26876
  ossl_property_name                                            26958
  get_tiny_previous_free_msize                                  27001
  OPENSSL_strnlen                                               27208
  lsl::MemoryManager::lockGuard()                               27959
  OPENSSL_sk_delete                                             28416
  dyld4::Loader::loadAddress(dyld4::RuntimeState&) const            28791
  small_free_list_remove_ptr                                    28915
  dyld3::ScopedTimer::endTimer()                                29543
  dyld4::JustInTimeLoader::loadAddress(dyld4::RuntimeState&) const            29917
  tiny_free_list_remove_ptr                                     32667
  __open                                                        32750
  _pthread_mutex_check_init_slow                                34042
  lsl::AllocationMetadata::AllocationMetadata(lsl::Allocator*, unsigned long)            34542
  CRYPTO_new_ex_data                                            35126
  OPENSSL_LH_set_down_load                                      35167
  small_free_list_remove_ptr_no_clear                           35500
  __read_nocancel                                               36002
  _kernelrpc_mach_vm_map_trap                                   37499
  szone_good_size                                               37916
  dyld4::LibSystemHelpers::os_unfair_recursive_lock_unlock(os_unfair_recursive_lock_s*) const            38584
  OPENSSL_sk_free                                               39790
  Diagnostics::hasError() const                                 40541
  dyld4::LibSystemHelpers::os_unfair_lock_unlock(os_unfair_lock_s*) const            42208
  ossl_rcu_write_lock                                           42333
  EVP_PKEY_asn1_get0                                            42455
  small_free_list_add_ptr                                       44584
  ossl_rcu_write_unlock                                         45459
  Diagnostics::noError() const                                  45833
  ossl_tdes_gettable_ctx_params                                 46582
  pthread_setspecific                                           46749
  small_malloc_from_free_list                                   48625
  dyld3::MachOFile::read_uleb128(Diagnostics&, unsigned char const*&, unsigned char const*)            50043
  madvise                                                       51918
  dyld4::RuntimeState::PermanentRanges::contains(unsigned long, unsigned long, unsigned char*, dyld4::Loader const**) const            52000
  EVP_PKEY_asn1_get0_info                                       54167
  szone_malloc                                                  55000
  dyld4::LibSystemHelpers::os_unfair_recursive_lock_lock_with_options(os_unfair_recursive_lock_s*, os_unfair_lock_options_t) cons            55084
  __write_nocancel                                              55458
  pthread_cond_broadcast                                        56084
  tiny_size                                                     58084
  _tiny_check_and_zero_inline_meta_from_freelist                60498
  realloc                                                       61087
  set_tiny_meta_header_in_use                                   62707
  lsl::EphemeralAllocator::allocate_buffer(unsigned long, unsigned long, unsigned long)            63500
  dyld4::LibSystemHelpers::os_unfair_lock_lock_with_options(os_unfair_lock_s*, os_unfair_lock_options_t) const            63708
  _qsort                                                        64876
  _szone_free                                                   69333
  tiny_free_list_add_ptr                                        69835
  ossl_cipher_aead_gettable_ctx_params                          71000
  OPENSSL_sk_pop_free                                           72292
  strcmp                                                        72667
  __close_nocancel                                              75208
  szone_try_free_default                                        76916
  os_unfair_lock_assert_owner                                   79916
  invocation function for block in dyld3::MachOFile::getDylibInstallName(char const**, unsigned int*, unsigned int*) const            80959
  rack_get_thread_index                                         82208
  dyld3::kdebug_trace_dyld_duration_end(unsigned long long, unsigned int, dyld3::kt_arg, dyld3::kt_arg, dyld3::kt_arg)            83334
  property_hash                                                 87582
  EVP_CIPHER_get_type                                           90293
  dyld3::OverflowSafeArray<unsigned int, 4294967295ul>::verifySpace(unsigned long)            91084
  dyld4::Loader::contains(dyld4::RuntimeState&, void const*, void const**, unsigned long long*, unsigned char*) const            98084
  pthread_cond_signal                                          105665
  Diagnostics::assertNoError() const                           111042
  nanov2_size                                                  112165
  pthread_rwlock_init                                          116292
  pthread_rwlock_destroy                                       122414
  __open_nocancel                                              124543
  os_unfair_lock_unlock                                        129460
  Diagnostics::~Diagnostics()                                  140917
  Diagnostics::Diagnostics(bool)                               149585
  get_legacy_evp_names                                         161126
  ossl_ctype_check                                             168330
  os_unfair_lock_lock_with_options                             173708
  EVP_MD_get_type                                              193373
  invocation function for block in dyld3::MachOFile::getEntry(unsigned long long&, bool&) const           194542
  nanov2_pointer_size                                          196915
  free                                                         201919
  _Block_object_dispose                                        215547
  OPENSSL_hexchar2int                                          232622
  ossl_sa_set                                                  248212
  nanov2_allocate_from_block                                   250005
  strncmp                                                      268750
  trim_ws                                                      275585
  invocation function for block in dyld4::JustInTimeLoader::contains(dyld4::RuntimeState&, void const*, void const**, unsigned lo           299249
  BUF_MEM_new                                                  300370
  names_free                                                   315705
  OPENSSL_LH_doall                                             329169
  OPENSSL_LH_flush                                             331120
  OBJ_get0_data                                                331130
  OSSL_PARAM_set_uint                                          339500
  ossl_provider_ctx                                            345514
  EVP_CIPHER_get_nid                                           365044
  conf_value_cmp                                               374671
  ossl_lib_ctx_unlock                                          378044
  invocation function for block in dyld3::MachOLoaded::findClosestSymbol(unsigned long long, char const**, unsigned long long*) c           396585
  OSSL_PARAM_locate_const                                      397747
  ossl_lib_ctx_read_lock                                       424286
  OPENSSL_LH_set_thunks                                        430869
  property_defn_cmp                                            440381
  ossl_cipher_generic_gettable_ctx_params                      445876
  evp_cipher_up_ref                                            451579
  ossl_provider_free                                           462043
  property_defn_hash                                           462666
  value_free_hash                                              470908
  function_hash                                                476917
  BN_free                                                      479998
  ossl_provider_up_ref                                         488123
  CRYPTO_realloc                                               488378
  OSSL_PARAM_set_uint32                                        500916
  ASN1_OBJECT_free                                             503924
  eat_alpha_numeric                                            510373
  ossl_sa_get                                                  513456
  OSSL_PARAM_construct_end                                     547068
  sa_free_node                                                 550996
  EVP_CIPHER_get0_provider                                     556877
  OSSL_PARAM_construct_uint                                    564585
  evp_cipher_free                                              574915
  do_all_fn                                                    584838
  EVP_CIPHER_free                                              635706
  ossl_provider_libctx                                         800621
  invocation function for block in dyld3::MachOLoaded::getLinkEditLoadCommands(Diagnostics&, dyld3::MachOLoaded::LinkEditInfo&) c           843126
  internal_free_nop                                            864789
  _platform_strncmp                                            864876
  name_string_free                                             897170
  OPENSSL_LH_error                                             930343
  BUF_MEM_grow                                                1124176
  OSSL_PARAM_set_size_t                                       1125754
  invocation function for block in dyld3::MachOFile::forEachSegment(void (dyld3::MachOFile::SegmentInfo const&, bool&) block_poin          1142792
  pthread_getspecific                                         1155458
  sk_reserve                                                  1164250
  _os_once                                                    1225759
  CRYPTO_THREAD_get_local                                     1284118
  _platform_memchr                                            1346967
  ossl_rcu_assign_uptr                                        1400501
  OSSL_PARAM_set_uint64                                       1507454
  names_lh_free_doall                                         1552795
  ossl_lib_ctx_get_data                                       1600876
  OSSL_PARAM_set_int                                          1611874
  _platform_strchr                                            1715699
  pthread_mutex_lock                                          1722209
  OSSL_PARAM_construct_size_t                                 1803919
  pthread_mutex_unlock                                        1838422
  _nanov2_free                                                1881596
  OPENSSL_sk_push                                             1972094
  _pthread_mutex_lock_init_slow                               1978633
  OPENSSL_sk_num                                              2002300
  _pthread_mutex_unlock_init_slow                             2094075
  _pthread_mutex_firstfit_lock_slow                           2205238
  _pthread_mutex_firstfit_unlock_slow                         2288495
  OPENSSL_sk_value                                            2305418
  OSSL_PARAM_set_int32                                        2436668
  obj_name_cmp                                                2508685
  OPENSSL_LH_strhash                                          2696957
  _platform_memcmp                                            2736204
  OSSL_PARAM_construct_int                                    2739834
  pthread_once                                                3039730
  OBJ_nid2obj                                                 3156691
  CRYPTO_atomic_load                                          3289137
  pthread_rwlock_rdlock                                       3329199
  SortFnByName                                                3444356
  ossl_lh_strcasehash                                         3701921
  __error                                                     3735097
  cipher_compare                                              3973496
  ossl_isdigit                                                3983993
  fnv1a_hash                                                  4412207
  _platform_memmove                                           6449433
  pthread_rwlock_wrlock                                       6684533
  pthread_rwlock_unlock                                       9971834
  err_string_data_cmp                                        10796076
  CRYPTO_free                                                12320319
  malloc                                                     13313788
  doapr_outch                                                15142757
  err_string_data_hash                                       16479586
  nanov2_malloc                                              18418632
  _platform_strlen                                           23125022
  _platform_memset                                           25472949
  nanov2_try_free_default                                    25969247
  _platform_strcmp                                           27845766
  ossl_tolower                                               60155414
