
  pd_free                                                        1708
  EVP_md5                                                        1750
  sigaction                                                      1833
  UI_OpenSSL                                                     1959
  EVP_rc4_40                                                     2000
  EVP_rc2_cbc                                                    2042
  EVP_sha224                                                     2042
  UI_null                                                        2042
  EVP_sha1                                                       2083
  EVP_des_ecb                                                    2084
  EVP_des_ofb                                                    2125
  EVP_md4                                                        2125
  opt_unknown                                                    2125
  EVP_idea_ofb                                                   2166
  EVP_sha384                                                     2166
  EVP_des_cbc                                                    2167
  EVP_des_cfb8                                                   2167
  EVP_bf_ofb                                                     2208
  EVP_des_ede                                                    2208
  EVP_seed_cbc                                                   2208
  EVP_sm4_cbc                                                    2208
  EVP_sm4_ecb                                                    2208
  EVP_bf_cbc                                                     2209
  EVP_rc2_ofb                                                    2209
  EVP_sm4_ctr                                                    2209
  EVP_idea_cbc                                                   2250
  EVP_sha512                                                     2250
  EVP_sm4_ofb                                                    2250
  _cleanup                                                       2250
  EVP_mdc2                                                       2291
  EVP_rc4                                                        2291
  EVP_sha3_224                                                   2291
  EVP_cast5_ofb                                                  2292
  EVP_sm3                                                        2292
  strchr                                                         2292
  EVP_sha3_384                                                   2333
  EVP_shake256                                                   2333
  EVP_sha3_512                                                   2334
  EVP_bf_cfb64                                                   2375
  EVP_shake128                                                   2375
  EVP_seed_ofb                                                   2416
  EVP_md5_sha1                                                   2459
  app_get0_propq                                                 2459
  EVP_MD_free                                                    2500
  EVP_aes_128_ccm                                                2500
  EVP_bf_ecb                                                     2500
  EVP_cast5_cbc                                                  2500
  EVP_des_ede3                                                   2500
  opt_next                                                       2500
  EVP_aes_256_xts                                                2541
  EVP_rc2_64_cbc                                                 2541
  EVP_rc2_cfb64                                                  2541
  EVP_aes_128_cbc                                                2542
  EVP_des_cfb1                                                   2542
  EVP_aes_128_ctr                                                2583
  EVP_aes_256_ctr                                                2583
  EVP_sha512_256                                                 2583
  EVP_des_ede_cbc                                                2584
  COMP_get_type                                                  2625
  EVP_aes_192_cbc                                                2625
  EVP_aes_192_ccm                                                2625
  EVP_aes_192_ecb                                                2625
  EVP_aes_256_gcm                                                2625
  EVP_aes_256_ofb                                                2625
  EVP_aria_128_ecb                                               2625
  EVP_aria_256_ofb                                               2625
  EVP_des_ede_ofb                                                2625
  EVP_ripemd160                                                  2625
  release_engine                                                 2625
  EVP_aes_256_wrap                                               2666
  EVP_aria_256_cbc                                               2666
  EVP_sha512_224                                                 2666
  strrchr                                                        2666
  EVP_aes_256_cbc                                                2667
  EVP_aes_256_ccm                                                2667
  EVP_aes_256_cfb1                                               2667
  EVP_aria_256_ctr                                               2667
  EVP_aria_256_ecb                                               2667
  EVP_aria_256_gcm                                               2667
  EVP_desx_cbc                                                   2667
  EVP_rc2_ecb                                                    2667
  lh_FUNCTION_free                                               2667
  ENGINE_set_id                                                  2708
  EVP_cast5_ecb                                                  2708
  EVP_chacha20                                                   2708
  EVP_idea_cfb64                                                 2708
  EVP_seed_ecb                                                   2708
  EVP_sha3_256                                                   2708
  EVP_aria_256_ccm                                               2709
  ENGINE_set_name                                                2750
  EVP_aes_192_cfb1                                               2750
  EVP_aes_192_cfb8                                               2750
  EVP_aes_192_gcm                                                2750
  EVP_aes_192_ocb                                                2750
  EVP_aes_192_ofb                                                2750
  EVP_aes_256_ecb                                                2750
  EVP_aes_256_ocb                                                2750
  EVP_aria_192_cbc                                               2750
  EVP_aria_192_ofb                                               2750
  EVP_des_ede3_ofb                                               2750
  ossl_trace_cleanup                                             2750
  vm_deallocate                                                  2750
  EVP_aes_256_cfb8                                               2791
  EVP_aria_128_cbc                                               2791
  EVP_whirlpool                                                  2791
  EVP_aria_192_gcm                                               2792
  EVP_des_ede3_cbc                                               2792
  EVP_sm4_cfb128                                                 2792
  query_hash                                                     2792
  EVP_aes_128_xts                                                2833
  EVP_aes_192_ctr                                                2833
  EVP_aes_192_wrap                                               2833
  EVP_aria_128_ctr                                               2833
  EVP_idea_ecb                                                   2833
  EVP_rc2_40_cbc                                                 2833
  NCONF_default                                                  2833
  EVP_aes_128_ofb                                                2834
  EVP_aria_192_ctr                                               2834
  EVP_aes_128_cfb1                                               2875
  EVP_aria_128_ccm                                               2875
  EVP_aria_128_ofb                                               2875
  EVP_aria_192_ccm                                               2875
  EVP_aria_192_ecb                                               2875
  EVP_des_ede3_cfb8                                              2875
  EVP_des_ede3_wrap                                              2875
  EVP_seed_cfb128                                                2875
  def_to_int                                                     2875
  EVP_blake2s256                                                 2916
  EVP_aria_256_cfb8                                              2917
  OBJ_obj2txt                                                    2917
  EVP_aria_128_cfb8                                              2958
  EVP_aria_192_cfb1                                              2958
  EVP_des_cfb64                                                  2958
  BIO_f_cipher                                                   2959
  EVP_aes_128_gcm                                                3000
  EVP_aes_192_cfb128                                             3000
  EVP_aria_192_cfb128                                            3000
  EVP_blake2b512                                                 3000
  EVP_des_ede3_cfb1                                              3000
  EVP_aes_256_cfb128                                             3041
  EVP_aes_128_cfb8                                               3042
  EVP_aes_128_wrap                                               3042
  EVP_aria_256_cfb1                                              3042
  EVP_des_ede_cfb64                                              3042
  UI_method_set_writer                                           3042
  def_init_default                                               3042
  function_cmp                                                   3042
  EVP_aria_128_cfb128                                            3083
  EVP_aria_128_gcm                                               3083
  EVP_aes_128_ocb                                                3084
  EVP_aria_128_cfb1                                              3084
  EVP_aria_192_cfb8                                              3084
  EVP_aes_128_ecb                                                3125
  EVP_aria_256_cfb128                                            3125
  EVP_camellia_192_ctr                                           3125
  EVP_aes_128_cfb128                                             3166
  EVP_camellia_256_ofb                                           3166
  EVP_rc4_hmac_md5                                               3166
  getrlimit                                                      3166
  EVP_aes_128_wrap_pad                                           3167
  EVP_aes_192_wrap_pad                                           3167
  EVP_aes_256_wrap_pad                                           3167
  EVP_camellia_192_ofb                                           3167
  EVP_des_ede3_cfb64                                             3167
  __cxa_finalize                                                 3167
  ossl_store_cleanup_int                                         3167
  OSSL_LIB_CTX_get_data                                          3208
  property_cmp                                                   3208
  EVP_cast5_cfb64                                                3209
  EVP_camellia_128_cbc                                           3250
  EVP_camellia_128_ctr                                           3250
  EVP_camellia_192_cfb8                                          3250
  EVP_camellia_256_ctr                                           3250
  UI_method_set_reader                                           3250
  ossl_comp_zstd_cleanup                                         3250
  EVP_camellia_256_cbc                                           3291
  UI_method_set_closer                                           3291
  EVP_camellia_128_cfb8                                          3292
  EVP_camellia_256_cfb1                                          3292
  EVP_CIPHER_get_flags                                           3333
  EVP_camellia_128_ofb                                           3375
  EVP_camellia_256_cfb8                                          3375
  ossl_prov_ctx_new                                              3375
  EVP_camellia_192_cbc                                           3416
  OSSL_PARAM_modified                                            3416
  UI_method_set_opener                                           3416
  EVP_camellia_192_cfb1                                          3417
  bio_sock_cleanup_int                                           3417
  opt_set_unknown_name                                           3417
  ossl_prov_ctx_free                                             3417
  ENGINE_set_flags                                               3458
  signal                                                         3458
  EVP_camellia_128_cfb1                                          3500
  free_medium                                                    3541
  OSSL_STORE_register_loader                                     3542
  store_loader_cmp                                               3542
  ASN1_add_oid_module                                            3583
  EVP_add_alg_module                                             3583
  EVP_camellia_192_ecb                                           3583
  EVP_chacha20_poly1305                                          3583
  BIO_meth_set_ctrl                                              3625
  ossl_comp_brotli_cleanup                                       3625
  evp_app_cleanup_int                                            3667
  core_get_libctx                                                3708
  init_thread_stop                                               3709
  ossl_lib_ctx_write_lock                                        3709
  pthread_self                                                   3709
  __smakebuf                                                     3750
  ossl_comp_zlib_cleanup                                         3750
  ossl_prov_ctx_set0_handle                                      3750
  COMP_zlib                                                      3791
  EVP_camellia_128_ecb                                           3791
  EVP_camellia_256_ecb                                           3792
  ASN1_add_stable_module                                         3833
  EVP_CIPHER_fetch                                               3833
  EVP_CipherUpdate                                               3833
  EVP_camellia_128_cfb128                                        3833
  app_RAND_write                                                 3833
  opt_check_rest_arg                                             3833
  ossl_prov_ctx_set0_libctx                                      3833
  BIO_meth_set_create                                            3834
  BIO_meth_set_puts                                              3834
  engine_load_rdrand_int                                         3834
  ERR_print_errors                                               3875
  EVP_camellia_192_cfb128                                        3875
  BIO_meth_set_destroy                                           3916
  ossl_child_prov_ctx_new                                        3916
  BIO_meth_set_gets                                              3917
  dyld4::APIs::_tlv_exit()                                       3917
  EVP_CipherFinal_ex                                             3958
  EVP_camellia_256_cfb128                                        3958
  NCONF_get0_libctx                                              3959
  ERR_get_error_all                                              4000
  aes_v8_set_encrypt_key                                         4000
  ENGINE_set_cmd_defns                                           4042
  ossl_lib_ctx_is_default                                        4042
  CRYPTO_THREAD_get_current_id                                   4083
  null_gettable_ctx_params                                       4083
  tiny_free_no_lock                                              4125
  ENGINE_add_conf_module                                         4208
  EVP_PKEY_asn1_get_count                                        4208
  ossl_bio_core_globals_new                                      4208
  ossl_config_add_ssl_module                                     4208
  EVP_CIPHER_get_iv_length                                       4209
  OSSL_ERR_STATE_new                                             4209
  CONF_imodule_get_value                                         4291
  BIO_meth_set_read_ex                                           4292
  aes_128_ofb_get_params                                         4292
  lsl::Lock::unlock()                                            4292
  aes_192_ctr_get_params                                         4333
  ossl_method_lock_store                                         4333
  BIO_meth_set_write_ex                                          4375
  aria_192_cbc_get_params                                        4375
  ossl_prov_ctx_get0_libctx                                      4375
  ossl_stored_namemap_free                                       4375
  ENGINE_set_ctrl_function                                       4417
  aes_128_cbc_get_params                                         4417
  aes_192_cbc_get_params                                         4417
  aes_192_cfb_get_params                                         4417
  aes_256_ofb_get_params                                         4417
  chacha20_get_params                                            4417
  ossl_cipher_generic_reset_ctx                                  4417
  ossl_method_unlock_store                                       4417
  OSSL_CMP_log_close                                             4458
  aes_128_ctr_get_params                                         4458
  aes_128_xts_get_params                                         4458
  aria_256_ofb_get_params                                        4458
  ossl_random_add_conf_module                                    4458
  aes_192_ofb_get_params                                         4459
  OSSL_STORE_LOADER_set_eof                                      4500
  aes_128_ecb_get_params                                         4500
  aes_192_ecb_get_params                                         4500
  aria_192_ofb_get_params                                        4500
  tdes_ede2_cbc_get_params                                       4500
  aes_192_gcm_get_params                                         4541
  aes_256_siv_get_params                                         4541
  ossl_bio_core_globals_free                                     4541
  ossl_ctx_global_properties_new                                 4542
  sm4_128_cbc_get_params                                         4542
  ENGINE_set_finish_function                                     4583
  OSSL_STORE_unregister_loader                                   4583
  aria_256_cbc_get_params                                        4583
  pthread_cond_destroy                                           4583
  tdes_ede2_ofb_get_params                                       4583
  tdes_ede3_cbc_get_params                                       4583
  OPENSSL_cpuid_setup                                            4584
  aes_256_cbc_get_params                                         4584
  aes_v8_ctr32_encrypt_blocks                                    4584
  chacha20_gettable_ctx_params                                   4584
  sm4_128_ctr_get_params                                         4584
  ENGINE_set_init_function                                       4625
  EVP_aes_256_cbc_hmac_sha1                                      4625
  OSSL_trace_set_channel                                         4625
  aes_192_cfb1_get_params                                        4625
  aes_256_cfb8_get_params                                        4625
  aes_256_cfb_get_params                                         4625
  aes_256_gcm_get_params                                         4625
  aria_128_cbc_get_params                                        4625
  aes_256_ctr_get_params                                         4666
  aes_128_ocb_get_params                                         4667
  aes_192_cfb8_get_params                                        4667
  aes_256_cfb1_get_params                                        4667
  aria_192_cfb_get_params                                        4667
  def_is_number                                                  4667
  EVP_aes_256_cbc_hmac_sha256                                    4708
  OSSL_STORE_LOADER_set_error                                    4708
  aes_cts_192_cbc_get_params                                     4708
  aria_128_ecb_get_params                                        4708
  aria_128_ofb_get_params                                        4708
  aria_192_cfb1_get_params                                       4708
  aria_192_cfb8_get_params                                       4708
  aria_256_cfb1_get_params                                       4708
  ossl_prov_ctx_set0_core_bio_method                             4708
  aes_192_wrap_get_params                                        4709
  aria_128_cfb1_get_params                                       4709
  close                                                          4709
  OSSL_STORE_LOADER_set_close                                    4750
  aes_128_cfb8_get_params                                        4750
  aes_128_cfb_get_params                                         4750
  aes_256_ecb_get_params                                         4750
  aria_128_cfb8_get_params                                       4750
  aria_192_ecb_get_params                                        4750
  ossl_rand_cleanup_int                                          4750
  ossl_store_register_init                                       4750
  sm4_128_ccm_get_params                                         4750
  BIO_free                                                       4791
  __sigaction                                                    4791
  aria_192_ccm_get_params                                        4791
  aria_256_cfb_get_params                                        4791
  aria_256_ctr_get_params                                        4791
  OSSL_STORE_LOADER_free                                         4792
  aes_128_siv_get_params                                         4792
  aes_cts_128_cbc_get_params                                     4792
  aria_128_cfb_get_params                                        4792
  aria_256_cfb8_get_params                                       4792
  engine_remove_dynamic_id                                       4792
  ossl_provider_add_conf_module                                  4792
  tdes_wrap_get_params                                           4792
  EVP_aes_128_cbc_hmac_sha1                                      4833
  UI_method_set_prompt_constructor                               4833
  aes_128_ccm_get_params                                         4833
  aes_256_ccm_get_params                                         4833
  sm4_128_ecb_get_params                                         4833
  tdes_ede2_cfb_get_params                                       4833
  tdes_ede3_ofb_get_params                                       4833
  EVP_CIPHER_get_key_length                                      4875
  OSSL_STORE_LOADER_set_load                                     4875
  OSSL_STORE_LOADER_set_open                                     4875
  aes_128_cfb1_get_params                                        4875
  camellia_128_cfb_get_params                                    4875
  engine_pkey_meths_free                                         4875
  ossl_prov_cipher_hw_aes_ctr                                    4875
  tdes_ede2_ecb_get_params                                       4875
  aes_cts_256_cbc_get_params                                     4916
  aria_128_ccm_get_params                                        4916
  EVP_aes_128_cbc_hmac_sha256                                    4917
  EVP_sha256                                                     4917
  aes_192_siv_get_params                                         4917
  aes_256_ocb_get_params                                         4917
  aria_128_ctr_get_params                                        4958
  camellia_128_ecb_get_params                                    4958
  sm4_128_ofb128_get_params                                      4958
  sm4_128_xts_get_params                                         4958
  aes_128_gcm_get_params                                         4959
  aes_192_ocb_get_params                                         4959
  aria_256_ccm_get_params                                        4959
  camellia_256_ctr_get_params                                    4959
  Diagnostics::clearError()                                      5000
  ENGINE_get_cipher_engine                                       5000
  aes_256_wrappad_get_params                                     5000
  aes_256_xts_get_params                                         5000
  aria_128_gcm_get_params                                        5000
  camellia_192_cfb_get_params                                    5000
  camellia_192_ctr_get_params                                    5000
  camellia_256_cfb_get_params                                    5000
  camellia_192_ecb_get_params                                    5041
  camellia_128_cfb8_get_params                                   5042
  camellia_256_cbc_get_params                                    5042
  OSSL_STORE_LOADER_set_expect                                   5083
  aes_256_wrapinv_get_params                                     5083
  aria_256_ecb_get_params                                        5083
  camellia_128_cbc_get_params                                    5083
  camellia_128_ofb_get_params                                    5083
  ossl_property_has_optional                                     5083
  aes_128_wrap_get_params                                        5084
  aes_192_wrapinv_get_params                                     5084
  sm4_128_gcm_get_params                                         5084
  ENGINE_load_builtin_engines                                    5125
  aes_128_wrappad_get_params                                     5125
  aria_192_gcm_get_params                                        5125
  sm4_128_cfb128_get_params                                      5125
  tdes_ede3_cfb1_get_params                                      5125
  memset                                                         5126
  camellia_192_ofb_get_params                                    5166
  camellia_128_ctr_get_params                                    5167
  tdes_ede3_cfb_get_params                                       5167
  aes_192_ccm_get_params                                         5208
  aes_256_wrap_get_params                                        5208
  aria_256_gcm_get_params                                        5208
  ossl_property_match_count                                      5208
  camellia_128_cfb1_get_params                                   5209
  aes_128_wrapinv_get_params                                     5250
  aes_192_wrappad_get_params                                     5250
  camellia_192_cbc_get_params                                    5250
  camellia_192_cfb1_get_params                                   5250
  camellia_256_cfb1_get_params                                   5250
  camellia_256_cfb8_get_params                                   5250
  camellia_cts_192_cbc_get_params                                5250
  ossl_free_compression_methods_int                              5250
  ossl_indicator_set_callback_free                               5250
  ossl_indicator_set_callback_new                                5250
  ossl_init_thread_deregister                                    5250
  ossl_self_test_set_callback_free                               5250
  tdes_ede3_cfb8_get_params                                      5250
  aes_256_wrappadinv_get_params                                  5292
  aria_192_ctr_get_params                                        5292
  tdes_ede3_ecb_get_params                                       5292
  aes_192_wrappadinv_get_params                                  5333
  engine_pkey_asn1_meths_free                                    5333
  ossl_self_test_set_callback_new                                5333
  medium_region_for_ptr_no_lock                                  5375
  camellia_192_cfb8_get_params                                   5416
  OSSL_PARAM_get_int                                             5458
  ossl_prov_ctx_get0_core_bio_method                             5458
  getegid                                                        5499
  chacha20_poly1305_gettable_ctx_params                          5542
  ossl_aes_192_gcm_siv_get_params                                5542
  camellia_cts_256_cbc_get_params                                5583
  camellia_256_ecb_get_params                                    5584
  aes_128_wrappadinv_get_params                                  5625
  chacha20_poly1305_get_params                                   5625
  ossl_aes_256_gcm_siv_get_params                                5625
  ossl_provider_unquery_operation                                5625
  OPENSSL_sk_sort                                                5666
  tiny_malloc_from_free_list                                     5667
  OSSL_LIB_CTX_set_conf_diagnostics                              5750
  EVP_CIPHER_CTX_get_block_size                                  5792
  getgid                                                         5832
  app_get0_libctx                                                5875
  geteuid                                                        5916
  ossl_prov_seeding_from_dispatch                                5917
  ossl_prov_bio_from_dispatch                                    5958
  opt_arg                                                        5959
  camellia_cts_128_cbc_get_params                                6000
  medium_malloc_from_free_list                                   6042
  ossl_aes_128_gcm_siv_get_params                                6042
  BIO_set_data                                                   6167
  EVP_CIPHER_get_mode                                            6208
  lsl::Lock::lock()                                              6250
  free_small                                                     6251
  __fcntl                                                        6333
  EVP_RAND_CTX_free                                              6417
  getuid                                                         6417
  __getrlimit                                                    6625
  camellia_256_ofb_get_params                                    6666
  OSSL_LIB_CTX_free                                              6708
  dyld4::Loader::hiddenFromFlat(bool) const                      6792
  dyld4::RuntimeState::notifyObjCPatching()                      6834
  OSSL_PARAM_get_int32                                           6874
  BIO_next                                                       7042
  dyld3::kdebug_trace_dyld_enabled(unsigned int)                 7083
  dyld4::BumpAllocator::~BumpAllocator()                         7083
  dyld4::handleFromLoader(dyld4::Loader const*, bool)             7125
  EVP_CipherInit_ex                                              7250
  _kernelrpc_mach_port_deallocate_trap                           7334
  _platform_strnlen                                              7416
  store_loader_hash                                              7499
  _kernelrpc_mach_port_construct_trap                            7500
  err_unshelve_state                                             7500
  ENGINE_register_EC                                             7541
  ENGINE_register_DH                                             7625
  OPENSSL_sk_pop                                                 7834
  dyld4::JustInTimeLoader::hiddenFromFlat(bool) const             8000
  BIO_copy_next_retry                                            8083
  ENGINE_register_DSA                                            8208
  file_ctrl                                                      8209
  flsl                                                           8210
  X509_get_default_cert_area                                     8250
  openssl_fopen                                                  8251
  ENGINE_register_RAND                                           8291
  ENGINE_register_RSA                                            8292
  __sclose                                                       8292
  bio_open_default                                               8292
  dyld4::Loader::beginInitializers(dyld4::RuntimeState&)             8375
  ossl_lib_ctx_get_concrete                                      8625
  lsl::EphemeralAllocator::reset()                               8709
  ossl_sa_new                                                    8790
  BIO_set_init                                                   8958
  __sflags                                                       9083
  dyld4::RuntimeState::incDlRefCount(dyld4::Loader const*)             9084
  ENGINE_register_digests                                        9125
  ossl_cipher_generic_einit                                      9209
  lsl::Vector<dyld4::Loader const*>::reserveExact(unsigned long)             9250
  ossl_property_free                                             9291
  ENGINE_register_ciphers                                        9333
  tiny_try_realloc_in_place                                      9542
  ENGINE_register_pkey_meths                                     9584
  dyld4::JustInTimeLoader::beginInitializers(dyld4::RuntimeState&)             9708
  BIO_set_flags                                                  9833
  DSO_METHOD_openssl                                             9834
  deflt_query                                                   10000
  ossl_cipher_generic_set_ctx_params                            10042
  OSSL_LIB_CTX_get_conf_diagnostics                             10167
  lsl::Vector<lsl::MemoryManager::Buffer>::reserve(unsigned long)            10333
  CRYPTO_atomic_or                                              10458
  ENGINE_register_pkey_asn1_meths                               10959
  ossl_lib_ctx_get_ex_data_global                               11083
  ossl_lib_ctx_get_rcukey                                       11207
  NCONF_get_section                                             11292
  engine_free_util                                              11375
  ossl_sa_doall_arg                                             11416
  OPENSSL_cleanse                                               11582
  strlen                                                        11792
  aes_siv_gettable_ctx_params                                   12083
  rack_region_insert                                            12124
  __bzero                                                       12333
  ossl_property_value                                           12460
  dyld4::RuntimeState::doSingletonPatching(dyld4::DyldCacheDataConstLazyScopedWriter&)            12583
  ossl_cipher_capable_aes_cbc_hmac_sha256                       12584
  EVP_add_cipher                                                12667
  ossl_cipher_capable_aes_cbc_hmac_sha1                         12750
  _kernelrpc_mach_vm_deallocate_trap                            13167
  aes_cbc_cts_gettable_ctx_params                               13500
  cipher_ocb_gettable_ctx_params                                13708
  BIO_clear_flags                                               13792
  dyld4::Loader::loadDependents(Diagnostics&, dyld4::RuntimeState&, dyld4::Loader::LoadOptions const&)            13875
  dyld4::DyldCacheDataConstLazyScopedWriter::DyldCacheDataConstLazyScopedWriter(dyld4::RuntimeState&)            14000
  DSO_free                                                      14458
  lsl::EphemeralAllocator::~EphemeralAllocator()                14542
  dyld4::Loader::path() const                                   14584
  _NSGetEnviron                                                 14624
  sa_doall                                                      14708
  BIO_get_data                                                  14875
  CRYPTO_atomic_add                                             14875
  camellia_cbc_cts_gettable_ctx_params                          15500
  dyld4::JustInTimeLoader::loadDependents(Diagnostics&, dyld4::RuntimeState&, dyld4::Loader::LoadOptions const&)            15542
  ossl_aes_gcm_siv_gettable_ctx_params                          15667
  dyld3::MachOFile::is64() const                                15707
  __sflush                                                      15873
  os_unfair_recursive_lock_unlock                               16292
  file_new                                                      16375
  fstat                                                         16416
  ossl_prov_is_running                                          16500
  file_free                                                     16918
  _kernelrpc_mach_port_destruct_trap                            17001
  pthread_mutex_destroy                                         17666
  CRYPTO_THREAD_lock_free                                       17708
  invocation function for block in dyld4::Loader::forEachPath(Diagnostics&, dyld4::RuntimeState&, char const*, dyld4::Loader::Loa            17791
  BIO_new                                                       18124
  FMT_istext                                                    18124
  OPENSSL_LH_get_down_load                                      18249
  dyld4::JustInTimeLoader::path() const                         18292
  kdebug_is_enabled                                             18834
  pthread_cond_init                                             19668
  small_try_realloc_in_place                                    19750
  property_free                                                 20501
  dyld4::LibSystemHelpers::pthread_getspecific(unsigned long) const            20667
  __chkstk_darwin_probe                                         20793
  _kernelrpc_mach_vm_map_trap                                   20875
  lsl::EphemeralAllocator::deallocate_buffer(lsl::MemoryManager::Buffer)            21042
  os_unfair_recursive_lock_lock_with_options                    21083
  dyld4::Loader::matchesPath(char const*) const                 21292
  ___chkstk_darwin                                              22000
  os_unfair_lock_assert_not_owner                               22042
  small_size                                                    22416
  dyld4::ProcessConfig::DyldCache::indexOfPath(char const*, unsigned int&) const            23208
  small_free_list_find_by_ptr                                   24460
  pthread_mutex_init                                            25125
  mach_msg2_trap                                                25500
  dyld4::Loader::loadAddress(dyld4::RuntimeState&) const            25875
  __findenv_locked                                              26209
  dyld3::ScopedTimer::endTimer()                                26251
  ossl_property_name                                            27084
  OPENSSL_strnlen                                               27500
  OPENSSL_sk_delete                                             28417
  small_free_list_remove_ptr                                    28668
  dyld4::JustInTimeLoader::loadAddress(dyld4::RuntimeState&) const            28708
  lsl::MemoryManager::lockGuard()                               29542
  __open                                                        32833
  lsl::AllocationMetadata::AllocationMetadata(lsl::Allocator*, unsigned long)            33834
  CRYPTO_new_ex_data                                            34747
  small_free_list_remove_ptr_no_clear                           35166
  OPENSSL_LH_set_down_load                                      35207
  _pthread_mutex_check_init_slow                                35832
  tiny_free_list_remove_ptr                                     36751
  szone_good_size                                               37666
  OPENSSL_sk_free                                               39292
  dyld4::LibSystemHelpers::os_unfair_recursive_lock_unlock(os_unfair_recursive_lock_s*) const            39416
  __read_nocancel                                               40500
  Diagnostics::hasError() const                                 41251
  ossl_rcu_write_lock                                           41998
  EVP_PKEY_asn1_get0                                            42332
  dyld4::LibSystemHelpers::os_unfair_lock_unlock(os_unfair_lock_s*) const            43001
  small_free_list_add_ptr                                       44288
  Diagnostics::noError() const                                  44416
  ossl_rcu_write_unlock                                         45040
  ossl_tdes_gettable_ctx_params                                 46084
  pthread_setspecific                                           46123
  __write_nocancel                                              46917
  madvise                                                       47083
  small_malloc_from_free_list                                   49207
  dyld4::RuntimeState::PermanentRanges::contains(unsigned long, unsigned long, unsigned char*, dyld4::Loader const**) const            50543
  dyld3::MachOFile::read_uleb128(Diagnostics&, unsigned char const*&, unsigned char const*)            51042
  _tiny_check_and_zero_inline_meta_from_freelist                51499
  szone_malloc                                                  54002
  dyld4::LibSystemHelpers::os_unfair_recursive_lock_lock_with_options(os_unfair_recursive_lock_s*, os_unfair_lock_options_t) cons            54334
  pthread_cond_broadcast                                        55292
  EVP_PKEY_asn1_get0_info                                       56208
  tiny_size                                                     58877
  dyld4::LibSystemHelpers::os_unfair_lock_lock_with_options(os_unfair_lock_s*, os_unfair_lock_options_t) const            59458
  get_tiny_previous_free_msize                                  60542
  realloc                                                       60999
  set_tiny_meta_header_in_use                                   63499
  lsl::EphemeralAllocator::allocate_buffer(unsigned long, unsigned long, unsigned long)            63917
  _qsort                                                        65500
  tiny_free_list_add_ptr                                        68542
  strcmp                                                        69797
  OPENSSL_sk_pop_free                                           70623
  ossl_cipher_aead_gettable_ctx_params                          70749
  _szone_free                                                   71087
  os_unfair_lock_assert_owner                                   73627
  __close_nocancel                                              76083
  szone_try_free_default                                        77375
  dyld3::kdebug_trace_dyld_duration_end(unsigned long long, unsigned int, dyld3::kt_arg, dyld3::kt_arg, dyld3::kt_arg)            79749
  invocation function for block in dyld3::MachOFile::getDylibInstallName(char const**, unsigned int*, unsigned int*) const            81083
  rack_get_thread_index                                         85082
  property_hash                                                 85874
  EVP_CIPHER_get_type                                           90623
  dyld3::OverflowSafeArray<unsigned int, 4294967295ul>::verifySpace(unsigned long)            93373
  dyld4::Loader::contains(dyld4::RuntimeState&, void const*, void const**, unsigned long long*, unsigned char*) const            95499
  pthread_cond_signal                                          103044
  Diagnostics::assertNoError() const                           107666
  pthread_rwlock_init                                          111664
  nanov2_size                                                  112080
  pthread_rwlock_destroy                                       120624
  os_unfair_lock_unlock                                        127335
  Diagnostics::~Diagnostics()                                  140333
  __open_nocancel                                              142917
  Diagnostics::Diagnostics(bool)                               147168
  get_legacy_evp_names                                         159791
  ossl_ctype_check                                             168333
  os_unfair_lock_lock_with_options                             170666
  invocation function for block in dyld3::MachOFile::getEntry(unsigned long long&, bool&) const           187711
  EVP_MD_get_type                                              194377
  nanov2_pointer_size                                          194790
  free                                                         200551
  _Block_object_dispose                                        210129
  nanov2_allocate_from_block                                   222000
  OPENSSL_hexchar2int                                          236621
  ossl_sa_set                                                  244784
  strncmp                                                      276996
  trim_ws                                                      277210
  invocation function for block in dyld4::JustInTimeLoader::contains(dyld4::RuntimeState&, void const*, void const**, unsigned lo           298126
  BUF_MEM_new                                                  301548
  names_free                                                   316167
  OBJ_get0_data                                                324454
  OPENSSL_LH_doall                                             325786
  OPENSSL_LH_flush                                             328335
  OSSL_PARAM_set_uint                                          339874
  ossl_provider_ctx                                            341878
  EVP_CIPHER_get_nid                                           363169
  ossl_lib_ctx_unlock                                          377961
  conf_value_cmp                                               378838
  invocation function for block in dyld3::MachOLoaded::findClosestSymbol(unsigned long long, char const**, unsigned long long*) c           390335
  OSSL_PARAM_locate_const                                      398211
  ossl_lib_ctx_read_lock                                       423208
  OPENSSL_LH_set_thunks                                        429086
  property_defn_cmp                                            440628
  ossl_cipher_generic_gettable_ctx_params                      446036
  evp_cipher_up_ref                                            455451
  ossl_provider_free                                           460958
  property_defn_hash                                           467459
  value_free_hash                                              470923
  function_hash                                                476626
  BN_free                                                      482864
  CRYPTO_realloc                                               487379
  ossl_provider_up_ref                                         490292
  OSSL_PARAM_set_uint32                                        501581
  ASN1_OBJECT_free                                             502759
  eat_alpha_numeric                                            511293
  ossl_sa_get                                                  512595
  sa_free_node                                                 546873
  OSSL_PARAM_construct_end                                     549416
  EVP_CIPHER_get0_provider                                     561341
  OSSL_PARAM_construct_uint                                    564961
  evp_cipher_free                                              572496
  do_all_fn                                                    589843
  EVP_CIPHER_free                                              624204
  ossl_provider_libctx                                         800375
  invocation function for block in dyld3::MachOLoaded::getLinkEditLoadCommands(Diagnostics&, dyld3::MachOLoaded::LinkEditInfo&) c           826250
  internal_free_nop                                            863701
  _platform_strncmp                                            867380
  name_string_free                                             892988
  OPENSSL_LH_error                                             920587
  invocation function for block in dyld3::MachOFile::forEachSegment(void (dyld3::MachOFile::SegmentInfo const&, bool&) block_poin          1108578
  OSSL_PARAM_set_size_t                                       1116707
  BUF_MEM_grow                                                1130747
  pthread_getspecific                                         1151411
  sk_reserve                                                  1160222
  _os_once                                                    1218761
  CRYPTO_THREAD_get_local                                     1279121
  _platform_memchr                                            1350414
  ossl_rcu_assign_uptr                                        1406240
  OSSL_PARAM_set_uint64                                       1514501
  names_lh_free_doall                                         1518206
  ossl_lib_ctx_get_data                                       1603210
  OSSL_PARAM_set_int                                          1612017
  _platform_strchr                                            1727198
  pthread_mutex_lock                                          1730073
  OSSL_PARAM_construct_size_t                                 1806336
  pthread_mutex_unlock                                        1847029
  _nanov2_free                                                1878265
  OPENSSL_sk_push                                             1962799
  OPENSSL_sk_num                                              1993863
  _pthread_mutex_lock_init_slow                               1994258
  _pthread_mutex_unlock_init_slow                             2087456
  _pthread_mutex_firstfit_lock_slow                           2207585
  _pthread_mutex_firstfit_unlock_slow                         2291032
  OPENSSL_sk_value                                            2317212
  OSSL_PARAM_set_int32                                        2442200
  obj_name_cmp                                                2503082
  OPENSSL_LH_strhash                                          2699750
  OSSL_PARAM_construct_int                                    2745075
  _platform_memcmp                                            2746210
  pthread_once                                                3019209
  OBJ_nid2obj                                                 3161161
  CRYPTO_atomic_load                                          3278536
  pthread_rwlock_rdlock                                       3320503
  SortFnByName                                                3451890
  ossl_lh_strcasehash                                         3643527
  __error                                                     3785689
  cipher_compare                                              3984883
  ossl_isdigit                                                3991569
  fnv1a_hash                                                  4447851
  _platform_memmove                                           6493377
  pthread_rwlock_wrlock                                       6650515
  pthread_rwlock_unlock                                       9965462
  err_string_data_cmp                                        10890807
  CRYPTO_free                                                12240718
  malloc                                                     13468553
  doapr_outch                                                15159148
  err_string_data_hash                                       16625044
  nanov2_malloc                                              18465475
  _platform_strlen                                           23224147
  _platform_memset                                           25389431
  nanov2_try_free_default                                    25745136
  _platform_strcmp                                           27977945
  ossl_tolower                                               59691670
