
  sigaction                                                      1750
  EVP_bf_cbc                                                     1834
  EVP_md5                                                        1875
  pd_free                                                        1875
  EVP_rc4_40                                                     1917
  EVP_sha224                                                     1917
  EVP_des_ecb                                                    1958
  EVP_sha1                                                       2000
  EVP_md4                                                        2041
  EVP_des_ofb                                                    2083
  EVP_seed_cbc                                                   2083
  EVP_bf_ofb                                                     2084
  EVP_mdc2                                                       2125
  UI_OpenSSL                                                     2125
  opt_unknown                                                    2166
  EVP_rc2_ofb                                                    2167
  EVP_sha384                                                     2167
  EVP_sha3_224                                                   2208
  EVP_sm4_cbc                                                    2208
  EVP_des_ede                                                    2209
  EVP_idea_cbc                                                   2209
  EVP_des_cbc                                                    2250
  EVP_idea_ofb                                                   2250
  EVP_sm4_ctr                                                    2250
  EVP_sm4_ofb                                                    2250
  strchr                                                         2250
  EVP_sha3_384                                                   2291
  EVP_cast5_ofb                                                  2292
  EVP_rc2_cbc                                                    2292
  EVP_rc4                                                        2292
  EVP_ripemd160                                                  2292
  UI_null                                                        2292
  EVP_bf_cfb64                                                   2333
  EVP_sha512_256                                                 2333
  EVP_sm3                                                        2333
  _cleanup                                                       2333
  EVP_sha3_512                                                   2334
  EVP_shake128                                                   2375
  EVP_rc2_64_cbc                                                 2416
  EVP_des_cfb8                                                   2417
  EVP_md5_sha1                                                   2417
  EVP_sha512_224                                                 2417
  lh_FUNCTION_free                                               2458
  EVP_blake2s256                                                 2500
  EVP_des_ede3                                                   2500
  EVP_shake256                                                   2500
  EVP_des_ede_ofb                                                2541
  EVP_aes_128_cbc                                                2542
  EVP_aes_128_ccm                                                2542
  EVP_aes_192_ccm                                                2542
  EVP_aes_256_ccm                                                2542
  EVP_bf_ecb                                                     2542
  EVP_chacha20                                                   2542
  EVP_sha3_256                                                   2542
  release_engine                                                 2542
  EVP_aes_192_cbc                                                2583
  EVP_aes_192_ocb                                                2583
  EVP_aes_192_ofb                                                2583
  EVP_aes_256_ofb                                                2583
  EVP_cast5_ecb                                                  2583
  app_get0_propq                                                 2583
  EVP_MD_free                                                    2584
  EVP_aes_128_ctr                                                2584
  EVP_aes_256_cbc                                                2584
  EVP_aria_256_ecb                                               2584
  EVP_sm4_ecb                                                    2584
  EVP_aes_192_ecb                                                2625
  EVP_aria_256_ctr                                               2625
  EVP_cast5_cbc                                                  2625
  EVP_des_ede_cbc                                                2625
  EVP_desx_cbc                                                   2625
  EVP_rc2_40_cbc                                                 2625
  EVP_rc2_ecb                                                    2625
  opt_next                                                       2625
  EVP_aes_192_gcm                                                2666
  EVP_aes_256_ocb                                                2666
  EVP_aes_128_ofb                                                2667
  EVP_aes_256_ctr                                                2667
  EVP_aria_192_ctr                                               2667
  EVP_idea_ecb                                                   2667
  EVP_seed_ecb                                                   2667
  COMP_get_type                                                  2708
  EVP_aes_128_wrap                                               2708
  EVP_aes_256_cfb1                                               2708
  EVP_aes_256_cfb8                                               2708
  EVP_aes_256_gcm                                                2708
  EVP_aria_256_ofb                                               2708
  EVP_des_ede3_ofb                                               2708
  EVP_rc2_cfb64                                                  2708
  EVP_seed_cfb128                                                2708
  ENGINE_set_name                                                2709
  EVP_aes_128_xts                                                2709
  EVP_aria_128_ctr                                               2709
  EVP_aria_192_ofb                                               2709
  NCONF_default                                                  2709
  EVP_aes_192_cfb1                                               2750
  EVP_aes_192_cfb8                                               2750
  EVP_aes_192_ctr                                                2750
  EVP_aes_256_wrap                                               2750
  EVP_aria_128_ofb                                               2750
  EVP_aria_192_gcm                                               2750
  EVP_rc4_hmac_md5                                               2750
  EVP_sm4_cfb128                                                 2750
  EVP_aes_256_xts                                                2792
  EVP_aria_128_ecb                                               2792
  EVP_aria_192_cbc                                               2792
  EVP_aria_256_cbc                                               2792
  EVP_des_ede3_cfb8                                              2792
  EVP_idea_cfb64                                                 2792
  query_hash                                                     2792
  EVP_aes_256_ecb                                                2833
  EVP_aria_256_ccm                                               2833
  EVP_blake2b512                                                 2833
  EVP_seed_ofb                                                   2833
  EVP_sha512                                                     2833
  ossl_trace_cleanup                                             2833
  EVP_aria_192_cfb1                                              2875
  EVP_aria_192_cfb8                                              2875
  EVP_aria_256_cfb1                                              2875
  EVP_aria_256_gcm                                               2875
  EVP_des_cfb1                                                   2875
  BIO_f_cipher                                                   2916
  EVP_aes_128_ocb                                                2916
  EVP_aes_192_cfb128                                             2916
  EVP_des_ede3_wrap                                              2916
  def_to_int                                                     2916
  vm_deallocate                                                  2916
  EVP_aes_128_cfb1                                               2917
  EVP_aria_192_ecb                                               2917
  EVP_aes_128_gcm                                                2958
  EVP_aes_192_wrap                                               2958
  EVP_aria_128_ccm                                               2958
  EVP_aria_192_ccm                                               2958
  EVP_aria_256_cfb8                                              2958
  EVP_whirlpool                                                  2958
  EVP_des_ede3_cfb1                                              2959
  OBJ_obj2txt                                                    2959
  EVP_aes_128_cfb128                                             3000
  EVP_aria_128_cbc                                               3000
  EVP_aria_128_cfb8                                              3000
  EVP_des_cfb64                                                  3000
  property_cmp                                                   3000
  EVP_cast5_cfb64                                                3041
  ENGINE_set_id                                                  3042
  EVP_camellia_128_cbc                                           3042
  def_init_default                                               3083
  function_cmp                                                   3083
  getrlimit                                                      3083
  strrchr                                                        3083
  EVP_aria_192_cfb128                                            3084
  EVP_des_ede3_cbc                                               3084
  EVP_des_ede3_cfb64                                             3084
  EVP_des_ede_cfb64                                              3084
  EVP_aes_128_cfb8                                               3125
  EVP_aes_128_wrap_pad                                           3125
  EVP_aes_256_wrap_pad                                           3125
  EVP_aria_128_cfb1                                              3125
  EVP_aes_192_wrap_pad                                           3166
  EVP_aria_256_cfb128                                            3166
  EVP_aes_128_ecb                                                3167
  EVP_camellia_256_cbc                                           3167
  EVP_camellia_192_cbc                                           3208
  EVP_camellia_256_ofb                                           3208
  OSSL_PARAM_modified                                            3208
  UI_method_set_writer                                           3208
  __cxa_finalize                                                 3208
  ossl_comp_zstd_cleanup                                         3208
  EVP_camellia_192_ofb                                           3209
  EVP_aes_256_cfb128                                             3250
  EVP_camellia_192_ctr                                           3250
  UI_method_set_closer                                           3250
  EVP_aria_128_gcm                                               3291
  EVP_camellia_256_ecb                                           3291
  OSSL_LIB_CTX_get_data                                          3291
  EVP_camellia_128_ctr                                           3292
  EVP_camellia_192_cfb1                                          3292
  bio_sock_cleanup_int                                           3292
  signal                                                         3292
  EVP_camellia_128_ofb                                           3333
  EVP_camellia_192_cfb8                                          3333
  __smakebuf                                                     3333
  EVP_CIPHER_get_flags                                           3334
  ossl_prov_ctx_new                                              3334
  EVP_camellia_128_cfb8                                          3375
  EVP_camellia_256_cfb1                                          3375
  UI_method_set_reader                                           3375
  EVP_chacha20_poly1305                                          3416
  EVP_add_alg_module                                             3417
  EVP_aria_128_cfb128                                            3417
  EVP_camellia_128_cfb1                                          3417
  EVP_camellia_192_ecb                                           3417
  EVP_camellia_256_cfb8                                          3417
  ossl_prov_ctx_free                                             3417
  ossl_comp_zlib_cleanup                                         3458
  ENGINE_set_flags                                               3500
  EVP_camellia_256_ctr                                           3500
  UI_method_set_opener                                           3500
  store_loader_cmp                                               3541
  OSSL_STORE_register_loader                                     3583
  opt_set_unknown_name                                           3583
  ASN1_add_stable_module                                         3584
  init_thread_stop                                               3584
  COMP_zlib                                                      3625
  EVP_CipherUpdate                                               3625
  EVP_camellia_256_cfb128                                        3625
  app_RAND_write                                                 3625
  free_medium                                                    3625
  engine_load_rdrand_int                                         3666
  ossl_comp_brotli_cleanup                                       3666
  EVP_camellia_128_cfb128                                        3667
  EVP_camellia_192_cfb128                                        3667
  ASN1_add_oid_module                                            3708
  BIO_meth_set_ctrl                                              3708
  __getrlimit                                                    3708
  ossl_lib_ctx_write_lock                                        3708
  pthread_self                                                   3708
  BIO_meth_set_puts                                              3750
  EVP_CIPHER_fetch                                               3750
  EVP_camellia_128_ecb                                           3750
  evp_app_cleanup_int                                            3750
  ossl_prov_ctx_set0_handle                                      3750
  ossl_store_cleanup_int                                         3750
  BIO_meth_set_gets                                              3792
  EVP_CipherFinal_ex                                             3792
  ossl_prov_ctx_get0_libctx                                      3833
  ERR_print_errors                                               3834
  core_get_libctx                                                3875
  ossl_child_prov_ctx_new                                        3917
  ENGINE_add_conf_module                                         3958
  ossl_prov_ctx_set0_libctx                                      3958
  BIO_meth_set_destroy                                           3959
  ENGINE_set_cmd_defns                                           4000
  ossl_method_unlock_store                                       4041
  NCONF_get0_libctx                                              4042
  EVP_CIPHER_get_iv_length                                       4083
  ERR_get_error_all                                              4084
  aes_v8_set_encrypt_key                                         4125
  opt_check_rest_arg                                             4125
  ossl_method_lock_store                                         4125
  aes_192_ecb_get_params                                         4166
  dyld4::APIs::_tlv_exit()                                       4166
  BIO_meth_set_create                                            4208
  ossl_stored_namemap_free                                       4208
  CRYPTO_THREAD_get_current_id                                   4209
  EVP_PKEY_asn1_get_count                                        4209
  null_gettable_ctx_params                                       4209
  OSSL_CMP_log_close                                             4250
  aes_128_cbc_get_params                                         4250
  aes_192_ctr_get_params                                         4250
  OSSL_STORE_unregister_loader                                   4291
  aes_192_cfb_get_params                                         4292
  aes_192_siv_get_params                                         4333
  CONF_imodule_get_value                                         4334
  ossl_lib_ctx_is_default                                        4334
  ENGINE_set_ctrl_function                                       4375
  aes_256_ofb_get_params                                         4375
  aria_256_ctr_get_params                                        4375
  ossl_bio_core_globals_new                                      4375
  aria_192_ecb_get_params                                        4416
  BIO_meth_set_read_ex                                           4417
  OSSL_ERR_STATE_new                                             4417
  __sigaction                                                    4417
  aes_192_cbc_get_params                                         4417
  aes_256_ctr_get_params                                         4417
  lsl::Lock::unlock()                                            4417
  OSSL_LIB_CTX_free                                              4458
  aes_128_xts_get_params                                         4458
  aes_256_cfb_get_params                                         4458
  aria_192_cbc_get_params                                        4458
  ossl_random_add_conf_module                                    4458
  sm4_128_cbc_get_params                                         4458
  tdes_ede3_cbc_get_params                                       4458
  aes_128_ofb_get_params                                         4459
  aes_192_cfb1_get_params                                        4459
  aria_128_cfb8_get_params                                       4459
  aria_192_cfb1_get_params                                       4459
  aria_256_ofb_get_params                                        4459
  ossl_cipher_generic_reset_ctx                                  4459
  BIO_meth_set_write_ex                                          4500
  OSSL_STORE_LOADER_set_eof                                      4500
  aes_128_cfb_get_params                                         4500
  aes_128_ctr_get_params                                         4500
  aes_128_ocb_get_params                                         4500
  aria_128_cfb_get_params                                        4500
  aria_128_ecb_get_params                                        4500
  aria_192_cfb8_get_params                                       4500
  aria_192_ctr_get_params                                        4500
  ossl_bio_core_globals_free                                     4500
  ossl_ctx_global_properties_new                                 4500
  rack_region_insert                                             4500
  ENGINE_set_init_function                                       4541
  aes_256_cfb8_get_params                                        4541
  aes_256_siv_get_params                                         4541
  aria_128_cbc_get_params                                        4541
  engine_pkey_meths_free                                         4541
  tiny_try_realloc_in_place                                      4541
  EVP_aes_256_cbc_hmac_sha1                                      4542
  EVP_sha256                                                     4542
  OSSL_trace_set_channel                                         4542
  aes_256_cbc_get_params                                         4542
  ossl_config_add_ssl_module                                     4542
  sm4_128_gcm_get_params                                         4542
  UI_method_set_prompt_constructor                               4583
  aes_128_cfb1_get_params                                        4583
  aes_128_ecb_get_params                                         4583
  aria_128_cfb1_get_params                                       4583
  aria_128_ofb_get_params                                        4583
  aria_256_cfb1_get_params                                       4583
  aria_256_cfb_get_params                                        4583
  tdes_ede2_cbc_get_params                                       4583
  aria_256_cfb8_get_params                                       4584
  chacha20_get_params                                            4584
  aes_256_cfb1_get_params                                        4625
  aes_v8_ctr32_encrypt_blocks                                    4625
  aria_192_cfb_get_params                                        4625
  aria_192_ofb_get_params                                        4625
  tdes_wrap_get_params                                           4625
  aes_192_cfb8_get_params                                        4666
  aes_256_ocb_get_params                                         4666
  aria_256_ecb_get_params                                        4666
  sm4_128_cfb128_get_params                                      4666
  ENGINE_set_finish_function                                     4667
  OPENSSL_cpuid_setup                                            4667
  aes_128_ccm_get_params                                         4667
  aes_128_cfb8_get_params                                        4667
  aes_cts_192_cbc_get_params                                     4667
  aria_128_gcm_get_params                                        4667
  chacha20_gettable_ctx_params                                   4667
  ossl_provider_add_conf_module                                  4667
  tdes_ede3_cfb_get_params                                       4667
  BIO_free                                                       4707
  aes_192_ccm_get_params                                         4708
  aes_192_wrap_get_params                                        4708
  sm4_128_ctr_get_params                                         4708
  tdes_ede2_ecb_get_params                                       4709
  aes_128_siv_get_params                                         4750
  aes_256_ccm_get_params                                         4750
  aes_256_xts_get_params                                         4750
  aria_192_gcm_get_params                                        4750
  aria_256_cbc_get_params                                        4750
  ossl_rand_cleanup_int                                          4750
  sm4_128_ecb_get_params                                         4750
  OSSL_STORE_LOADER_set_error                                    4791
  aes_192_gcm_get_params                                         4791
  aes_cts_128_cbc_get_params                                     4791
  pthread_cond_destroy                                           4791
  OSSL_STORE_LOADER_set_load                                     4792
  aes_256_gcm_get_params                                         4792
  aria_128_ccm_get_params                                        4792
  aria_128_ctr_get_params                                        4792
  camellia_192_ecb_get_params                                    4792
  tdes_ede3_cfb8_get_params                                      4792
  OSSL_STORE_LOADER_set_close                                    4833
  aes_192_ocb_get_params                                         4833
  aria_256_gcm_get_params                                        4833
  camellia_256_cfb_get_params                                    4833
  camellia_256_ctr_get_params                                    4833
  ossl_prov_ctx_set0_core_bio_method                             4833
  EVP_aes_128_cbc_hmac_sha1                                      4834
  EVP_aes_128_cbc_hmac_sha256                                    4834
  EVP_aes_256_cbc_hmac_sha256                                    4834
  def_is_number                                                  4834
  sm4_128_ofb128_get_params                                      4834
  EVP_CIPHER_get_key_length                                      4875
  aes_128_gcm_get_params                                         4875
  aes_128_wrap_get_params                                        4875
  aes_256_wrappad_get_params                                     4875
  ossl_prov_cipher_hw_aes_ctr                                    4875
  sm4_128_ccm_get_params                                         4875
  aes_256_wrapinv_get_params                                     4916
  aes_256_wrap_get_params                                        4917
  camellia_128_cfb_get_params                                    4917
  camellia_128_ecb_get_params                                    4917
  camellia_192_ctr_get_params                                    4917
  sm4_128_xts_get_params                                         4917
  tdes_ede2_cfb_get_params                                       4917
  ENGINE_load_builtin_engines                                    4958
  aes_128_wrappad_get_params                                     4958
  aes_192_wrapinv_get_params                                     4958
  aria_192_ccm_get_params                                        4958
  camellia_256_cbc_get_params                                    4958
  camellia_256_ofb_get_params                                    4958
  tdes_ede3_ofb_get_params                                       4958
  aes_256_ecb_get_params                                         4959
  OSSL_STORE_LOADER_free                                         5000
  OSSL_STORE_LOADER_set_open                                     5000
  aes_cts_256_cbc_get_params                                     5000
  camellia_128_cfb1_get_params                                   5000
  camellia_192_cfb1_get_params                                   5000
  camellia_192_cfb_get_params                                    5000
  ossl_self_test_set_callback_free                               5000
  tdes_ede3_cfb1_get_params                                      5000
  aria_256_ccm_get_params                                        5041
  ossl_indicator_set_callback_new                                5042
  ossl_property_match_count                                      5042
  camellia_128_ctr_get_params                                    5083
  engine_remove_dynamic_id                                       5083
  ossl_free_compression_methods_int                              5083
  aes_128_wrapinv_get_params                                     5084
  aes_192_wrappad_get_params                                     5084
  ossl_store_register_init                                       5084
  tdes_ede3_ecb_get_params                                       5084
  OSSL_STORE_LOADER_set_expect                                   5125
  aes_192_ofb_get_params                                         5125
  aes_256_wrappadinv_get_params                                  5125
  camellia_128_cbc_get_params                                    5125
  camellia_192_cfb8_get_params                                   5125
  camellia_256_ecb_get_params                                    5125
  ossl_property_has_optional                                     5125
  camellia_128_cfb8_get_params                                   5166
  close                                                          5166
  camellia_256_cfb1_get_params                                   5167
  camellia_192_cbc_get_params                                    5208
  camellia_256_cfb8_get_params                                   5208
  ossl_indicator_set_callback_free                               5208
  ossl_self_test_set_callback_new                                5208
  aes_192_wrappadinv_get_params                                  5209
  camellia_128_ofb_get_params                                    5209
  camellia_192_ofb_get_params                                    5209
  ENGINE_get_cipher_engine                                       5250
  aes_128_wrappadinv_get_params                                  5250
  memset                                                         5250
  tdes_ede2_ofb_get_params                                       5250
  OPENSSL_sk_sort                                                5333
  ossl_init_thread_deregister                                    5333
  ossl_prov_ctx_get0_core_bio_method                             5334
  camellia_cts_192_cbc_get_params                                5375
  ossl_aes_256_gcm_siv_get_params                                5417
  ossl_provider_unquery_operation                                5417
  Diagnostics::clearError()                                      5459
  OSSL_PARAM_get_int                                             5459
  engine_pkey_asn1_meths_free                                    5459
  chacha20_poly1305_get_params                                   5500
  medium_region_for_ptr_no_lock                                  5500
  chacha20_poly1305_gettable_ctx_params                          5584
  camellia_cts_256_cbc_get_params                                5666
  EVP_CIPHER_CTX_get_block_size                                  5708
  getegid                                                        5708
  ossl_aes_192_gcm_siv_get_params                                5708
  ossl_prov_bio_from_dispatch                                    5709
  OSSL_LIB_CTX_set_conf_diagnostics                              5750
  __fcntl                                                        5875
  opt_arg                                                        5918
  camellia_cts_128_cbc_get_params                                5958
  medium_malloc_from_free_list                                   6000
  ossl_aes_128_gcm_siv_get_params                                6000
  app_get0_libctx                                                6041
  getgid                                                         6042
  free_small                                                     6083
  ossl_prov_seeding_from_dispatch                                6084
  BIO_set_data                                                   6167
  geteuid                                                        6250
  EVP_CIPHER_get_mode                                            6375
  getuid                                                         6375
  EVP_RAND_CTX_free                                              6416
  dyld3::kdebug_trace_dyld_enabled(unsigned int)                 6458
  OSSL_PARAM_get_int32                                           6667
  BIO_next                                                       6874
  dyld4::RuntimeState::notifyObjCPatching()                      6916
  _kernelrpc_mach_port_deallocate_trap                           7166
  bio_open_default                                               7209
  EVP_CipherInit_ex                                              7292
  dyld4::handleFromLoader(dyld4::Loader const*, bool)             7292
  _platform_strnlen                                              7375
  store_loader_hash                                              7417
  dyld4::Loader::hiddenFromFlat(bool) const                      7500
  ENGINE_register_EC                                             7541
  dyld4::BumpAllocator::~BumpAllocator()                         7583
  lsl::Lock::lock()                                              7583
  _kernelrpc_mach_port_construct_trap                            7625
  ENGINE_register_DH                                             7750
  OPENSSL_sk_pop                                                 7834
  openssl_fopen                                                  7834
  file_ctrl                                                      7876
  ENGINE_register_DSA                                            8000
  BIO_copy_next_retry                                            8041
  flsl                                                           8041
  ENGINE_register_RAND                                           8042
  dyld4::JustInTimeLoader::hiddenFromFlat(bool) const             8042
  err_unshelve_state                                             8167
  __sclose                                                       8209
  lsl::EphemeralAllocator::reset()                               8375
  ENGINE_register_RSA                                            8416
  X509_get_default_cert_area                                     8416
  ossl_lib_ctx_get_concrete                                      8417
  ossl_sa_new                                                    8540
  __sflags                                                       8791
  dyld4::Loader::beginInitializers(dyld4::RuntimeState&)             8833
  BIO_set_init                                                   8917
  ENGINE_register_ciphers                                        9042
  ENGINE_register_digests                                        9042
  dyld4::RuntimeState::incDlRefCount(dyld4::Loader const*)             9250
  ossl_cipher_generic_einit                                      9333
  strlen                                                         9333
  ossl_property_free                                             9334
  DSO_METHOD_openssl                                             9374
  _kernelrpc_mach_vm_map_trap                                    9375
  ENGINE_register_pkey_meths                                     9666
  BIO_set_flags                                                  9917
  ossl_cipher_generic_set_ctx_params                            10041
  lsl::Vector<dyld4::Loader const*>::reserveExact(unsigned long)            10083
  dyld4::JustInTimeLoader::beginInitializers(dyld4::RuntimeState&)            10125
  deflt_query                                                   10209
  OSSL_LIB_CTX_get_conf_diagnostics                             10292
  CRYPTO_atomic_or                                              10709
  ossl_lib_ctx_get_ex_data_global                               10750
  engine_free_util                                              10959
  ENGINE_register_pkey_asn1_meths                               11084
  ossl_lib_ctx_get_rcukey                                       11125
  NCONF_get_section                                             11208
  ossl_sa_doall_arg                                             11292
  aes_siv_gettable_ctx_params                                   11999
  OPENSSL_cleanse                                               12000
  ossl_property_value                                           12333
  ossl_cipher_capable_aes_cbc_hmac_sha256                       12542
  lsl::Vector<lsl::MemoryManager::Buffer>::reserve(unsigned long)            12625
  ossl_cipher_capable_aes_cbc_hmac_sha1                         12666
  EVP_add_cipher                                                12749
  fstat                                                         12752
  dyld4::RuntimeState::doSingletonPatching(dyld4::DyldCacheDataConstLazyScopedWriter&)            12917
  cipher_ocb_gettable_ctx_params                                13334
  aes_cbc_cts_gettable_ctx_params                               13541
  __bzero                                                       13625
  DSO_free                                                      13999
  BIO_clear_flags                                               14042
  small_try_realloc_in_place                                    14375
  sa_doall                                                      14542
  CRYPTO_atomic_add                                             14667
  dyld4::DyldCacheDataConstLazyScopedWriter::DyldCacheDataConstLazyScopedWriter(dyld4::RuntimeState&)            14667
  dyld4::Loader::path() const                                   14708
  BIO_get_data                                                  14834
  dyld4::Loader::loadDependents(Diagnostics&, dyld4::RuntimeState&, dyld4::Loader::LoadOptions const&)            14834
  lsl::EphemeralAllocator::~EphemeralAllocator()                14875
  _NSGetEnviron                                                 15000
  __sflush                                                      15209
  _kernelrpc_mach_vm_deallocate_trap                            15291
  ossl_aes_gcm_siv_gettable_ctx_params                          15334
  camellia_cbc_cts_gettable_ctx_params                          15375
  dyld4::JustInTimeLoader::loadDependents(Diagnostics&, dyld4::RuntimeState&, dyld4::Loader::LoadOptions const&)            15709
  dyld3::MachOFile::is64() const                                15875
  file_new                                                      16003
  _kernelrpc_mach_port_destruct_trap                            16333
  ossl_prov_is_running                                          16792
  file_free                                                     16999
  os_unfair_recursive_lock_unlock                               17041
  CRYPTO_THREAD_lock_free                                       17500
  BIO_new                                                       17917
  pthread_mutex_destroy                                         17959
  OPENSSL_LH_get_down_load                                      17960
  dyld4::JustInTimeLoader::path() const                         18083
  FMT_istext                                                    18165
  invocation function for block in dyld4::Loader::forEachPath(Diagnostics&, dyld4::RuntimeState&, char const*, dyld4::Loader::Loa            18333
  kdebug_is_enabled                                             18459
  pthread_cond_init                                             19168
  dyld4::LibSystemHelpers::pthread_getspecific(unsigned long) const            20167
  os_unfair_recursive_lock_lock_with_options                    20208
  property_free                                                 20290
  __chkstk_darwin_probe                                         21168
  lsl::EphemeralAllocator::deallocate_buffer(lsl::MemoryManager::Buffer)            21500
  small_size                                                    22124
  dyld4::Loader::matchesPath(char const*) const                 22166
  ___chkstk_darwin                                              22167
  dyld4::ProcessConfig::DyldCache::indexOfPath(char const*, unsigned int&) const            22625
  os_unfair_lock_assert_not_owner                               22875
  dyld4::Loader::loadAddress(dyld4::RuntimeState&) const            24874
  ossl_property_name                                            25957
  pthread_mutex_init                                            26167
  dyld3::ScopedTimer::endTimer()                                26418
  __findenv_locked                                              26459
  OPENSSL_strnlen                                               27416
  lsl::MemoryManager::lockGuard()                               28000
  dyld4::JustInTimeLoader::loadAddress(dyld4::RuntimeState&) const            28542
  OPENSSL_sk_delete                                             28959
  mach_msg2_trap                                                30708
  __open                                                        30750
  _pthread_mutex_check_init_slow                                32791
  CRYPTO_new_ex_data                                            34500
  OPENSSL_LH_set_down_load                                      34875
  lsl::AllocationMetadata::AllocationMetadata(lsl::Allocator*, unsigned long)            34876
  __read_nocancel                                               34916
  szone_good_size                                               37874
  small_malloc_from_free_list                                   38917
  OPENSSL_sk_free                                               39085
  dyld4::LibSystemHelpers::os_unfair_recursive_lock_unlock(os_unfair_recursive_lock_s*) const            39417
  small_free_list_find_by_ptr                                   39877
  Diagnostics::hasError() const                                 40332
  dyld4::LibSystemHelpers::os_unfair_lock_unlock(os_unfair_lock_s*) const            42083
  ossl_rcu_write_lock                                           42334
  EVP_PKEY_asn1_get0                                            43082
  Diagnostics::noError() const                                  44833
  ossl_rcu_write_unlock                                         44874
  __write_nocancel                                              45834
  ossl_tdes_gettable_ctx_params                                 45834
  tiny_free_list_remove_ptr                                     46374
  pthread_setspecific                                           46835
  small_free_list_remove_ptr                                    47209
  dyld3::MachOFile::read_uleb128(Diagnostics&, unsigned char const*&, unsigned char const*)            49499
  dyld4::RuntimeState::PermanentRanges::contains(unsigned long, unsigned long, unsigned char*, dyld4::Loader const**) const            49749
  dyld4::LibSystemHelpers::os_unfair_recursive_lock_lock_with_options(os_unfair_recursive_lock_s*, os_unfair_lock_options_t) cons            51583
  szone_malloc                                                  54166
  pthread_cond_broadcast                                        54708
  EVP_PKEY_asn1_get0_info                                       55834
  small_free_list_add_ptr                                       57084
  small_free_list_remove_ptr_no_clear                           57790
  madvise                                                       57956
  tiny_size                                                     58044
  get_tiny_previous_free_msize                                  61208
  realloc                                                       61626
  dyld4::LibSystemHelpers::os_unfair_lock_lock_with_options(os_unfair_lock_s*, os_unfair_lock_options_t) const            61999
  set_tiny_meta_header_in_use                                   63999
  _qsort                                                        64960
  lsl::EphemeralAllocator::allocate_buffer(unsigned long, unsigned long, unsigned long)            65041
  _tiny_check_and_zero_inline_meta_from_freelist                66625
  _szone_free                                                   67838
  OPENSSL_sk_pop_free                                           70292
  ossl_cipher_aead_gettable_ctx_params                          70417
  strcmp                                                        70837
  __close_nocancel                                              72916
  os_unfair_lock_assert_owner                                   74332
  tiny_free_list_add_ptr                                        76416
  szone_try_free_default                                        76459
  dyld3::kdebug_trace_dyld_duration_end(unsigned long long, unsigned int, dyld3::kt_arg, dyld3::kt_arg, dyld3::kt_arg)            79708
  rack_get_thread_index                                         81042
  property_hash                                                 84955
  invocation function for block in dyld3::MachOFile::getDylibInstallName(char const**, unsigned int*, unsigned int*) const            86459
  dyld3::OverflowSafeArray<unsigned int, 4294967295ul>::verifySpace(unsigned long)            90207
  EVP_CIPHER_get_type                                           90416
  dyld4::Loader::contains(dyld4::RuntimeState&, void const*, void const**, unsigned long long*, unsigned char*) const            94750
  pthread_cond_signal                                          102958
  Diagnostics::assertNoError() const                           107623
  pthread_rwlock_init                                          112997
  nanov2_size                                                  113245
  pthread_rwlock_destroy                                       121049
  os_unfair_lock_unlock                                        127212
  __open_nocancel                                              128000
  Diagnostics::~Diagnostics()                                  138876
  Diagnostics::Diagnostics(bool)                               145622
  get_legacy_evp_names                                         160251
  nanov2_allocate_from_block                                   165252
  ossl_ctype_check                                             168169
  os_unfair_lock_lock_with_options                             170664
  invocation function for block in dyld3::MachOFile::getEntry(unsigned long long&, bool&) const           187791
  nanov2_pointer_size                                          192956
  EVP_MD_get_type                                              196291
  free                                                         208792
  _Block_object_dispose                                        210373
  OPENSSL_hexchar2int                                          233167
  ossl_sa_set                                                  250497
  trim_ws                                                      274036
  strncmp                                                      283125
  invocation function for block in dyld4::JustInTimeLoader::contains(dyld4::RuntimeState&, void const*, void const**, unsigned lo           291209
  BUF_MEM_new                                                  302790
  names_free                                                   321422
  OPENSSL_LH_flush                                             327962
  OBJ_get0_data                                                329839
  OPENSSL_LH_doall                                             332171
  OSSL_PARAM_set_uint                                          341257
  ossl_provider_ctx                                            341872
  EVP_CIPHER_get_nid                                           363837
  conf_value_cmp                                               374753
  ossl_lib_ctx_unlock                                          377797
  invocation function for block in dyld3::MachOLoaded::findClosestSymbol(unsigned long long, char const**, unsigned long long*) c           391500
  OSSL_PARAM_locate_const                                      396916
  ossl_lib_ctx_read_lock                                       423629
  OPENSSL_LH_set_thunks                                        431538
  property_defn_cmp                                            440420
  ossl_cipher_generic_gettable_ctx_params                      445374
  evp_cipher_up_ref                                            452172
  property_defn_hash                                           467167
  ossl_provider_free                                           469875
  value_free_hash                                              474117
  function_hash                                                475833
  BN_free                                                      476496
  CRYPTO_realloc                                               487169
  ossl_provider_up_ref                                         489380
  OSSL_PARAM_set_uint32                                        500836
  ASN1_OBJECT_free                                             503039
  eat_alpha_numeric                                            509959
  ossl_sa_get                                                  510216
  sa_free_node                                                 541875
  OSSL_PARAM_construct_end                                     548417
  EVP_CIPHER_get0_provider                                     558002
  OSSL_PARAM_construct_uint                                    564126
  evp_cipher_free                                              571342
  do_all_fn                                                    582630
  EVP_CIPHER_free                                              632081
  ossl_provider_libctx                                         798287
  invocation function for block in dyld3::MachOLoaded::getLinkEditLoadCommands(Diagnostics&, dyld3::MachOLoaded::LinkEditInfo&) c           817041
  internal_free_nop                                            847804
  _platform_strncmp                                            874837
  name_string_free                                             890296
  OPENSSL_LH_error                                             925205
  invocation function for block in dyld3::MachOFile::forEachSegment(void (dyld3::MachOFile::SegmentInfo const&, bool&) block_poin          1087250
  OSSL_PARAM_set_size_t                                       1116867
  BUF_MEM_grow                                                1137576
  pthread_getspecific                                         1154547
  sk_reserve                                                  1157344
  _os_once                                                    1227961
  CRYPTO_THREAD_get_local                                     1283087
  _platform_memchr                                            1355343
  ossl_rcu_assign_uptr                                        1407667
  OSSL_PARAM_set_uint64                                       1505873
  names_lh_free_doall                                         1523797
  ossl_lib_ctx_get_data                                       1602082
  OSSL_PARAM_set_int                                          1620282
  _platform_strchr                                            1726589
  pthread_mutex_lock                                          1726623
  OSSL_PARAM_construct_size_t                                 1804003
  pthread_mutex_unlock                                        1837542
  _nanov2_free                                                1875245
  OPENSSL_sk_push                                             1978708
  OPENSSL_sk_num                                              1979487
  _pthread_mutex_lock_init_slow                               1989083
  _pthread_mutex_unlock_init_slow                             2092205
  _pthread_mutex_firstfit_lock_slow                           2211627
  _pthread_mutex_firstfit_unlock_slow                         2302452
  OPENSSL_sk_value                                            2316911
  OSSL_PARAM_set_int32                                        2438546
  obj_name_cmp                                                2485418
  OPENSSL_LH_strhash                                          2699248
  _platform_memcmp                                            2734748
  OSSL_PARAM_construct_int                                    2742245
  pthread_once                                                3043864
  OBJ_nid2obj                                                 3166179
  CRYPTO_atomic_load                                          3283823
  pthread_rwlock_rdlock                                       3311704
  SortFnByName                                                3384028
  ossl_lh_strcasehash                                         3649956
  __error                                                     3764948
  cipher_compare                                              3985316
  ossl_isdigit                                                3992384
  fnv1a_hash                                                  4419517
  _platform_memmove                                           6487309
  pthread_rwlock_wrlock                                       6642643
  pthread_rwlock_unlock                                       9939775
  err_string_data_cmp                                        10995702
  CRYPTO_free                                                12196897
  malloc                                                     13403427
  doapr_outch                                                15152482
  err_string_data_hash                                       16675209
  nanov2_malloc                                              18499606
  _platform_strlen                                           23121598
  _platform_memset                                           25288661
  nanov2_try_free_default                                    25828636
  _platform_strcmp                                           28056625
  ossl_tolower                                               60132630
