
  pd_free                                                        1875
  EVP_md5                                                        1917
  sigaction                                                      1959
  UI_OpenSSL                                                     2041
  EVP_sha1                                                       2083
  EVP_sha224                                                     2084
  EVP_rc2_ofb                                                    2125
  EVP_sm4_cbc                                                    2125
  _cleanup                                                       2125
  EVP_sha384                                                     2167
  EVP_sha512                                                     2167
  EVP_bf_ofb                                                     2208
  EVP_rc2_cbc                                                    2209
  EVP_bf_cbc                                                     2250
  EVP_mdc2                                                       2250
  EVP_idea_ofb                                                   2291
  EVP_des_ede                                                    2333
  EVP_des_ofb                                                    2333
  opt_unknown                                                    2334
  EVP_cast5_ofb                                                  2375
  EVP_des_ecb                                                    2375
  EVP_idea_cbc                                                   2375
  EVP_rc4_40                                                     2375
  app_get0_propq                                                 2375
  EVP_sha3_384                                                   2416
  EVP_sm4_ctr                                                    2416
  EVP_sm4_ofb                                                    2417
  EVP_md4                                                        2458
  EVP_seed_ofb                                                   2458
  EVP_sha512_224                                                 2458
  EVP_shake128                                                   2458
  EVP_sm4_ecb                                                    2458
  EVP_seed_cbc                                                   2500
  EVP_sha3_224                                                   2500
  EVP_sha512_256                                                 2500
  strchr                                                         2500
  EVP_cast5_cbc                                                  2541
  EVP_des_cfb8                                                   2541
  opt_next                                                       2541
  EVP_bf_cfb64                                                   2542
  EVP_sha3_512                                                   2542
  EVP_MD_free                                                    2583
  EVP_aes_192_cbc                                                2583
  EVP_des_cbc                                                    2583
  EVP_rc2_ecb                                                    2583
  EVP_bf_ecb                                                     2584
  EVP_des_ede3                                                   2584
  EVP_chacha20                                                   2625
  release_engine                                                 2625
  EVP_aria_256_gcm                                               2666
  EVP_blake2s256                                                 2666
  EVP_rc2_cfb64                                                  2666
  EVP_shake256                                                   2667
  EVP_aes_128_cbc                                                2708
  EVP_aes_256_gcm                                                2708
  EVP_seed_ecb                                                   2708
  UI_null                                                        2708
  ossl_trace_cleanup                                             2708
  EVP_aes_256_cfb1                                               2709
  EVP_rc2_40_cbc                                                 2709
  EVP_sm3                                                        2709
  EVP_aria_128_ecb                                               2750
  EVP_aria_256_ofb                                               2750
  EVP_rc2_64_cbc                                                 2750
  lh_FUNCTION_free                                               2750
  EVP_desx_cbc                                                   2791
  EVP_aes_256_ccm                                                2792
  EVP_des_ede_ofb                                                2792
  def_to_int                                                     2792
  EVP_aes_128_cfb1                                               2833
  EVP_aes_128_ctr                                                2833
  EVP_aes_128_ofb                                                2833
  EVP_aes_192_cfb1                                               2833
  EVP_aes_192_gcm                                                2833
  EVP_aes_256_cbc                                                2833
  EVP_aria_256_cbc                                               2833
  EVP_ripemd160                                                  2833
  EVP_idea_cfb64                                                 2834
  EVP_md5_sha1                                                   2834
  EVP_rc4_hmac_md5                                               2834
  EVP_aes_192_ccm                                                2875
  EVP_aes_256_ofb                                                2875
  EVP_aria_256_ccm                                               2875
  EVP_aria_256_cfb1                                              2875
  EVP_des_cfb1                                                   2875
  EVP_aes_192_ctr                                                2916
  ENGINE_set_name                                                2917
  EVP_aes_192_cfb8                                               2917
  EVP_aes_256_ocb                                                2917
  EVP_aria_192_gcm                                               2917
  EVP_idea_ecb                                                   2917
  EVP_sm4_cfb128                                                 2917
  EVP_aes_192_ocb                                                2958
  EVP_aria_128_ctr                                               2958
  EVP_aria_128_ofb                                               2958
  EVP_aes_128_gcm                                                2959
  EVP_des_ede3_cfb8                                              2959
  vm_deallocate                                                  2959
  BIO_f_cipher                                                   3000
  ENGINE_set_id                                                  3000
  EVP_aes_128_ccm                                                3000
  EVP_aes_256_ctr                                                3000
  EVP_aria_192_ctr                                               3000
  EVP_aria_256_cfb8                                              3000
  EVP_aria_256_ctr                                               3000
  EVP_des_ede3_cbc                                               3000
  EVP_des_ede3_wrap                                              3000
  NCONF_default                                                  3000
  property_cmp                                                   3000
  EVP_rc4                                                        3041
  COMP_get_type                                                  3042
  EVP_aes_192_wrap                                               3042
  EVP_aes_256_wrap                                               3042
  EVP_blake2b512                                                 3042
  EVP_cast5_ecb                                                  3042
  OBJ_obj2txt                                                    3042
  EVP_aria_128_cbc                                               3083
  EVP_aria_192_cbc                                               3083
  __cxa_finalize                                                 3083
  EVP_aes_192_ecb                                                3084
  EVP_aria_192_ofb                                               3084
  EVP_aes_192_ofb                                                3125
  EVP_aes_256_cfb8                                               3125
  EVP_aes_256_xts                                                3125
  EVP_aria_128_cfb8                                              3125
  function_cmp                                                   3125
  ossl_store_cleanup_int                                         3125
  EVP_aes_128_wrap                                               3166
  EVP_aria_256_cfb128                                            3166
  EVP_aria_256_ecb                                               3167
  EVP_seed_cfb128                                                3167
  EVP_sha3_256                                                   3167
  query_hash                                                     3167
  EVP_aes_128_cfb128                                             3208
  EVP_camellia_192_cbc                                           3208
  EVP_des_cfb64                                                  3208
  EVP_aria_192_cfb8                                              3209
  UI_method_set_writer                                           3209
  ossl_comp_zstd_cleanup                                         3209
  EVP_aes_128_cfb8                                               3250
  EVP_aria_128_cfb128                                            3250
  EVP_aria_128_gcm                                               3250
  EVP_aria_192_ccm                                               3250
  EVP_aria_192_cfb1                                              3250
  EVP_camellia_128_cbc                                           3250
  EVP_camellia_192_ofb                                           3250
  EVP_camellia_256_ofb                                           3250
  EVP_des_ede3_cfb1                                              3250
  EVP_des_ede_cbc                                                3250
  EVP_whirlpool                                                  3250
  UI_method_set_closer                                           3250
  strrchr                                                        3250
  EVP_camellia_128_ofb                                           3291
  EVP_des_ede3_cfb64                                             3291
  EVP_aes_128_ocb                                                3292
  EVP_aes_128_xts                                                3292
  EVP_cast5_cfb64                                                3292
  EVP_aes_256_wrap_pad                                           3333
  ossl_prov_ctx_free                                             3333
  EVP_aes_128_wrap_pad                                           3334
  EVP_aria_128_cfb1                                              3334
  OSSL_PARAM_modified                                            3334
  EVP_aes_192_cfb128                                             3375
  EVP_aria_192_ecb                                               3375
  EVP_camellia_128_ctr                                           3375
  EVP_camellia_256_cbc                                           3375
  EVP_des_ede3_ofb                                               3375
  EVP_CIPHER_get_flags                                           3417
  EVP_aes_128_ecb                                                3417
  EVP_aes_256_cfb128                                             3417
  EVP_aria_192_cfb128                                            3417
  __smakebuf                                                     3417
  EVP_aes_192_wrap_pad                                           3458
  EVP_aes_256_ecb                                                3458
  EVP_camellia_192_cfb1                                          3458
  EVP_camellia_256_cfb8                                          3458
  store_loader_cmp                                               3458
  getrlimit                                                      3459
  init_thread_stop                                               3459
  EVP_camellia_192_cfb8                                          3500
  EVP_camellia_192_ctr                                           3500
  EVP_camellia_256_cfb1                                          3500
  EVP_camellia_256_ctr                                           3500
  EVP_chacha20_poly1305                                          3500
  close                                                          3500
  def_init_default                                               3500
  free_medium                                                    3500
  opt_set_unknown_name                                           3500
  EVP_camellia_192_ecb                                           3541
  EVP_camellia_256_ecb                                           3541
  app_RAND_write                                                 3583
  signal                                                         3583
  EVP_aria_128_ccm                                               3584
  OSSL_LIB_CTX_get_data                                          3584
  UI_method_set_reader                                           3584
  EVP_camellia_128_cfb1                                          3625
  ossl_comp_zlib_cleanup                                         3625
  bio_sock_cleanup_int                                           3666
  evp_app_cleanup_int                                            3666
  COMP_zlib                                                      3667
  EVP_des_ede_cfb64                                              3667
  ossl_comp_brotli_cleanup                                       3667
  ossl_prov_ctx_set0_handle                                      3667
  pthread_self                                                   3667
  BIO_meth_set_ctrl                                              3708
  BIO_meth_set_puts                                              3708
  EVP_CipherUpdate                                               3708
  OSSL_STORE_register_loader                                     3708
  ossl_prov_ctx_new                                              3709
  EVP_camellia_192_cfb128                                        3750
  UI_method_set_opener                                           3750
  BIO_meth_set_gets                                              3791
  EVP_camellia_256_cfb128                                        3792
  EVP_camellia_128_cfb128                                        3834
  opt_check_rest_arg                                             3834
  ASN1_add_stable_module                                         3875
  ENGINE_set_flags                                               3875
  ERR_print_errors                                               3875
  core_get_libctx                                                3875
  ERR_get_error_all                                              3916
  EVP_camellia_128_cfb8                                          3917
  engine_load_rdrand_int                                         3917
  EVP_CipherFinal_ex                                             3958
  ossl_prov_ctx_set0_libctx                                      3958
  EVP_CIPHER_fetch                                               4000
  __getrlimit                                                    4000
  EVP_PKEY_asn1_get_count                                        4041
  OSSL_LIB_CTX_free                                              4041
  BIO_meth_set_destroy                                           4042
  dyld4::APIs::_tlv_exit()                                       4042
  EVP_camellia_128_ecb                                           4083
  ossl_prov_ctx_get0_libctx                                      4083
  ossl_lib_ctx_write_lock                                        4084
  BIO_meth_set_create                                            4167
  CRYPTO_THREAD_get_current_id                                   4167
  lsl::Lock::unlock()                                            4167
  ossl_method_unlock_store                                       4167
  ossl_stored_namemap_free                                       4208
  null_gettable_ctx_params                                       4209
  ossl_method_lock_store                                         4209
  NCONF_get0_libctx                                              4250
  ENGINE_add_conf_module                                         4292
  ENGINE_set_cmd_defns                                           4292
  chacha20_get_params                                            4292
  OSSL_STORE_unregister_loader                                   4333
  aes_192_ecb_get_params                                         4333
  ossl_child_prov_ctx_new                                        4333
  EVP_add_alg_module                                             4334
  BIO_meth_set_read_ex                                           4375
  aes_128_ctr_get_params                                         4375
  aes_128_ofb_get_params                                         4375
  aes_192_cfb_get_params                                         4375
  aes_192_gcm_get_params                                         4375
  sm4_128_ctr_get_params                                         4375
  tdes_wrap_get_params                                           4375
  EVP_CIPHER_get_iv_length                                       4417
  aes_192_siv_get_params                                         4417
  BIO_meth_set_write_ex                                          4458
  aes_128_cfb1_get_params                                        4458
  aes_192_ctr_get_params                                         4458
  aes_256_cfb_get_params                                         4458
  aes_v8_set_encrypt_key                                         4458
  aria_192_ctr_get_params                                        4458
  tdes_ede2_ecb_get_params                                       4458
  ASN1_add_oid_module                                            4500
  aes_128_cfb_get_params                                         4500
  aes_128_xts_get_params                                         4500
  aes_192_cfb1_get_params                                        4500
  aes_256_ofb_get_params                                         4500
  aes_256_siv_get_params                                         4500
  aria_192_cfb1_get_params                                       4500
  aria_192_gcm_get_params                                        4500
  ossl_bio_core_globals_free                                     4500
  tdes_ede2_cbc_get_params                                       4500
  OSSL_CMP_log_close                                             4541
  aes_192_ofb_get_params                                         4541
  aes_v8_ctr32_encrypt_blocks                                    4541
  ossl_cipher_generic_reset_ctx                                  4542
  ossl_lib_ctx_is_default                                        4542
  aes_192_cbc_get_params                                         4583
  aes_256_cfb8_get_params                                        4583
  aria_128_cfb8_get_params                                       4583
  aria_128_ctr_get_params                                        4583
  aria_256_cbc_get_params                                        4583
  aria_256_ctr_get_params                                        4583
  ossl_config_add_ssl_module                                     4583
  CONF_imodule_get_value                                         4584
  aes_128_ccm_get_params                                         4584
  aes_256_cfb1_get_params                                        4584
  OSSL_ERR_STATE_new                                             4625
  OSSL_STORE_LOADER_set_eof                                      4625
  aes_192_wrap_get_params                                        4625
  aria_128_cfb_get_params                                        4625
  sm4_128_ofb128_get_params                                      4625
  OSSL_trace_set_channel                                         4666
  aria_128_cfb1_get_params                                       4666
  tiny_try_realloc_in_place                                      4666
  aes_128_gcm_get_params                                         4667
  aes_256_ccm_get_params                                         4667
  aes_256_ctr_get_params                                         4667
  aria_128_ecb_get_params                                        4667
  aria_192_ecb_get_params                                        4667
  aria_256_cfb8_get_params                                       4667
  aria_256_ofb_get_params                                        4667
  sm4_128_gcm_get_params                                         4667
  ENGINE_set_ctrl_function                                       4708
  aes_128_ecb_get_params                                         4708
  aes_256_gcm_get_params                                         4708
  aria_128_gcm_get_params                                        4708
  aria_128_ofb_get_params                                        4708
  aria_192_cbc_get_params                                        4708
  chacha20_gettable_ctx_params                                   4708
  ossl_prov_ctx_set0_core_bio_method                             4708
  tdes_ede2_ofb_get_params                                       4708
  tdes_ede3_ofb_get_params                                       4708
  UI_method_set_prompt_constructor                               4709
  aes_cts_192_cbc_get_params                                     4709
  aria_192_ofb_get_params                                        4709
  EVP_sha256                                                     4749
  EVP_aes_256_cbc_hmac_sha1                                      4750
  OPENSSL_cpuid_setup                                            4750
  OSSL_STORE_LOADER_set_error                                    4750
  OSSL_STORE_LOADER_set_load                                     4750
  aes_128_cfb8_get_params                                        4750
  aes_192_ocb_get_params                                         4750
  aes_256_cbc_get_params                                         4750
  aria_192_cfb8_get_params                                       4750
  aes_128_ocb_get_params                                         4791
  aes_192_wrapinv_get_params                                     4791
  sm4_128_cbc_get_params                                         4791
  sm4_128_ecb_get_params                                         4791
  OSSL_STORE_LOADER_free                                         4792
  OSSL_STORE_LOADER_set_close                                    4792
  aes_128_cbc_get_params                                         4792
  aes_192_cfb8_get_params                                        4792
  aes_cts_128_cbc_get_params                                     4792
  aria_256_cfb1_get_params                                       4792
  camellia_128_ctr_get_params                                    4792
  ossl_rand_cleanup_int                                          4792
  tdes_ede3_cbc_get_params                                       4792
  ENGINE_set_init_function                                       4833
  aes_256_ocb_get_params                                         4833
  aria_128_cbc_get_params                                        4833
  engine_pkey_meths_free                                         4833
  ossl_store_register_init                                       4833
  sm4_128_ccm_get_params                                         4833
  sm4_128_cfb128_get_params                                      4833
  tdes_ede2_cfb_get_params                                       4833
  BIO_free                                                       4875
  aes_128_siv_get_params                                         4875
  aes_128_wrappad_get_params                                     4875
  aes_192_ccm_get_params                                         4875
  aes_256_wrapinv_get_params                                     4875
  aria_192_ccm_get_params                                        4875
  aria_256_ccm_get_params                                        4875
  camellia_192_cfb_get_params                                    4875
  sm4_128_xts_get_params                                         4875
  tdes_ede3_cfb_get_params                                       4875
  camellia_256_cfb8_get_params                                   4916
  tdes_ede3_cfb1_get_params                                      4916
  aes_cts_256_cbc_get_params                                     4917
  aria_192_cfb_get_params                                        4917
  aria_256_cfb_get_params                                        4917
  camellia_256_cfb_get_params                                    4917
  aes_256_wrap_get_params                                        4958
  camellia_128_cfb8_get_params                                   4958
  camellia_128_ecb_get_params                                    4958
  camellia_256_cfb1_get_params                                   4958
  pthread_cond_destroy                                           4958
  EVP_aes_256_cbc_hmac_sha256                                    4959
  camellia_192_ctr_get_params                                    4959
  camellia_256_ofb_get_params                                    4959
  EVP_CIPHER_get_key_length                                      5000
  aes_128_wrap_get_params                                        5000
  aria_256_ecb_get_params                                        5000
  camellia_128_cfb_get_params                                    5000
  camellia_192_ecb_get_params                                    5000
  tdes_ede3_cfb8_get_params                                      5000
  tdes_ede3_ecb_get_params                                       5000
  camellia_256_ctr_get_params                                    5041
  aes_128_wrapinv_get_params                                     5042
  aes_192_wrappad_get_params                                     5042
  aria_128_ccm_get_params                                        5042
  camellia_128_cfb1_get_params                                   5042
  camellia_192_ofb_get_params                                    5042
  ossl_prov_cipher_hw_aes_ctr                                    5042
  OSSL_STORE_LOADER_set_expect                                   5083
  camellia_192_cbc_get_params                                    5083
  aes_256_wrappad_get_params                                     5084
  ENGINE_set_finish_function                                     5125
  aes_256_xts_get_params                                         5125
  camellia_256_cbc_get_params                                    5125
  engine_pkey_asn1_meths_free                                    5125
  engine_remove_dynamic_id                                       5125
  ossl_provider_add_conf_module                                  5125
  ossl_indicator_set_callback_free                               5166
  __sigaction                                                    5167
  aes_256_ecb_get_params                                         5167
  aria_256_gcm_get_params                                        5167
  camellia_128_cbc_get_params                                    5167
  camellia_192_cfb8_get_params                                   5167
  ossl_ctx_global_properties_new                                 5167
  EVP_aes_128_cbc_hmac_sha256                                    5208
  camellia_cts_192_cbc_get_params                                5208
  ossl_random_add_conf_module                                    5208
  def_is_number                                                  5209
  EVP_aes_128_cbc_hmac_sha1                                      5250
  aes_256_wrappadinv_get_params                                  5250
  camellia_128_ofb_get_params                                    5250
  medium_region_for_ptr_no_lock                                  5250
  ossl_property_has_optional                                     5292
  ENGINE_get_cipher_engine                                       5333
  ossl_init_thread_deregister                                    5333
  aes_128_wrappadinv_get_params                                  5334
  aes_192_wrappadinv_get_params                                  5334
  camellia_192_cfb1_get_params                                   5334
  Diagnostics::clearError()                                      5375
  ENGINE_load_builtin_engines                                    5375
  OSSL_PARAM_get_int                                             5375
  OSSL_STORE_LOADER_set_open                                     5375
  ossl_property_match_count                                      5375
  ossl_prov_ctx_get0_core_bio_method                             5375
  ossl_self_test_set_callback_free                               5375
  camellia_cts_256_cbc_get_params                                5416
  ossl_free_compression_methods_int                              5417
  camellia_256_ecb_get_params                                    5458
  app_get0_libctx                                                5500
  memset                                                         5500
  chacha20_poly1305_gettable_ctx_params                          5541
  ossl_provider_unquery_operation                                5625
  ossl_aes_256_gcm_siv_get_params                                5667
  ossl_bio_core_globals_new                                      5667
  ossl_self_test_set_callback_new                                5708
  chacha20_poly1305_get_params                                   5709
  OPENSSL_sk_sort                                                5750
  ossl_indicator_set_callback_new                                5792
  __fcntl                                                        5833
  camellia_cts_128_cbc_get_params                                5834
  ossl_aes_192_gcm_siv_get_params                                5875
  ossl_aes_128_gcm_siv_get_params                                5916
  EVP_CIPHER_CTX_get_block_size                                  5958
  medium_malloc_from_free_list                                   5959
  opt_arg                                                        5999
  ossl_prov_bio_from_dispatch                                    6083
  ossl_prov_seeding_from_dispatch                                6083
  OSSL_LIB_CTX_set_conf_diagnostics                              6167
  lsl::Lock::lock()                                              6208
  BIO_set_data                                                   6334
  EVP_CIPHER_get_mode                                            6375
  EVP_RAND_CTX_free                                              6416
  getegid                                                        6583
  OSSL_PARAM_get_int32                                           6584
  geteuid                                                        6874
  BIO_next                                                       7041
  dyld3::kdebug_trace_dyld_enabled(unsigned int)                 7042
  getgid                                                         7166
  dyld4::Loader::hiddenFromFlat(bool) const                      7209
  bio_open_default                                               7292
  store_loader_hash                                              7499
  dyld4::RuntimeState::notifyObjCPatching()                      7500
  EVP_CipherInit_ex                                              7583
  dyld4::BumpAllocator::~BumpAllocator()                         7583
  _platform_strnlen                                              7666
  getuid                                                         7792
  ENGINE_register_EC                                             7875
  OPENSSL_sk_pop                                                 8000
  file_ctrl                                                      8041
  openssl_fopen                                                  8041
  dyld4::handleFromLoader(dyld4::Loader const*, bool)             8083
  _kernelrpc_mach_port_deallocate_trap                           8167
  _kernelrpc_mach_port_construct_trap                            8333
  BIO_copy_next_retry                                            8334
  __sclose                                                       8374
  dyld4::JustInTimeLoader::hiddenFromFlat(bool) const             8458
  ENGINE_register_DSA                                            8708
  lsl::EphemeralAllocator::reset()                               8709
  ENGINE_register_DH                                             8750
  ENGINE_register_RSA                                            8875
  dyld4::Loader::beginInitializers(dyld4::RuntimeState&)             8875
  BIO_set_init                                                   8959
  ENGINE_register_RAND                                           9000
  flsl                                                           9000
  ossl_lib_ctx_get_concrete                                      9084
  err_unshelve_state                                             9125
  ossl_sa_new                                                    9208
  __sflags                                                       9210
  X509_get_default_cert_area                                     9250
  ossl_cipher_generic_einit                                      9375
  ossl_property_free                                             9416
  dyld4::RuntimeState::incDlRefCount(dyld4::Loader const*)             9625
  ossl_cipher_generic_set_ctx_params                             9834
  lsl::Vector<dyld4::Loader const*>::reserveExact(unsigned long)             9916
  ENGINE_register_digests                                       10000
  ENGINE_register_ciphers                                       10041
  strlen                                                        10167
  BIO_set_flags                                                 10333
  ENGINE_register_pkey_meths                                    10375
  lsl::Vector<lsl::MemoryManager::Buffer>::reserve(unsigned long)            10458
  free_small                                                    10459
  deflt_query                                                   10625
  DSO_METHOD_openssl                                            10666
  OSSL_LIB_CTX_get_conf_diagnostics                             10917
  ossl_lib_ctx_get_ex_data_global                               10917
  tiny_malloc_from_free_list                                    10917
  CRYPTO_atomic_or                                              11042
  dyld4::JustInTimeLoader::beginInitializers(dyld4::RuntimeState&)            11458
  ENGINE_register_pkey_asn1_meths                               11626
  ossl_sa_doall_arg                                             11666
  ossl_lib_ctx_get_rcukey                                       11750
  NCONF_get_section                                             11874
  aes_siv_gettable_ctx_params                                   11875
  engine_free_util                                              12208
  OPENSSL_cleanse                                               12333
  ossl_cipher_capable_aes_cbc_hmac_sha1                         12584
  ossl_cipher_capable_aes_cbc_hmac_sha256                       12709
  dyld4::RuntimeState::doSingletonPatching(dyld4::DyldCacheDataConstLazyScopedWriter&)            13083
  ossl_property_value                                           13167
  cipher_ocb_gettable_ctx_params                                13248
  EVP_add_cipher                                                13333
  aes_cbc_cts_gettable_ctx_params                               13583
  fstat                                                         13583
  DSO_free                                                      14416
  BIO_clear_flags                                               14541
  __bzero                                                       14583
  sa_doall                                                      14710
  dyld4::Loader::loadDependents(Diagnostics&, dyld4::RuntimeState&, dyld4::Loader::LoadOptions const&)            14791
  BIO_get_data                                                  14876
  camellia_cbc_cts_gettable_ctx_params                          15208
  ossl_aes_gcm_siv_gettable_ctx_params                          15208
  CRYPTO_atomic_add                                             15332
  dyld4::DyldCacheDataConstLazyScopedWriter::DyldCacheDataConstLazyScopedWriter(dyld4::RuntimeState&)            15375
  __sflush                                                      15500
  dyld4::JustInTimeLoader::loadDependents(Diagnostics&, dyld4::RuntimeState&, dyld4::Loader::LoadOptions const&)            15583
  lsl::EphemeralAllocator::~EphemeralAllocator()                15583
  dyld4::Loader::path() const                                   15958
  _NSGetEnviron                                                 16541
  ossl_prov_is_running                                          16958
  file_new                                                      17542
  os_unfair_recursive_lock_unlock                               17665
  dyld3::MachOFile::is64() const                                17666
  _kernelrpc_mach_port_destruct_trap                            17792
  CRYPTO_THREAD_lock_free                                       17834
  file_free                                                     17874
  OPENSSL_LH_get_down_load                                      18374
  pthread_mutex_destroy                                         18874
  invocation function for block in dyld4::Loader::forEachPath(Diagnostics&, dyld4::RuntimeState&, char const*, dyld4::Loader::Loa            18875
  FMT_istext                                                    19000
  dyld4::JustInTimeLoader::path() const                         19208
  BIO_new                                                       19250
  small_free_list_find_by_ptr                                   19875
  pthread_cond_init                                             20250
  property_free                                                 20458
  small_try_realloc_in_place                                    20542
  _kernelrpc_mach_vm_deallocate_trap                            20876
  dyld4::LibSystemHelpers::pthread_getspecific(unsigned long) const            21167
  kdebug_is_enabled                                             21457
  rack_region_insert                                            21666
  lsl::EphemeralAllocator::deallocate_buffer(lsl::MemoryManager::Buffer)            21917
  os_unfair_recursive_lock_lock_with_options                    22376
  dyld4::Loader::matchesPath(char const*) const                 22709
  __chkstk_darwin_probe                                         23376
  small_free_list_remove_ptr                                    23834
  os_unfair_lock_assert_not_owner                               23917
  small_size                                                    24082
  dyld4::ProcessConfig::DyldCache::indexOfPath(char const*, unsigned int&) const            24667
  pthread_mutex_init                                            26750
  dyld4::Loader::loadAddress(dyld4::RuntimeState&) const            27208
  __open                                                        27292
  dyld3::ScopedTimer::endTimer()                                28333
  ossl_property_name                                            28376
  OPENSSL_sk_delete                                             28584
  __findenv_locked                                              29166
  small_free_list_remove_ptr_no_clear                           29500
  lsl::MemoryManager::lockGuard()                               29585
  OPENSSL_strnlen                                               29791
  dyld4::JustInTimeLoader::loadAddress(dyld4::RuntimeState&) const            30418
  ___chkstk_darwin                                              34083
  _pthread_mutex_check_init_slow                                34957
  lsl::AllocationMetadata::AllocationMetadata(lsl::Allocator*, unsigned long)            35375
  OPENSSL_LH_set_down_load                                      35625
  CRYPTO_new_ex_data                                            37417
  dyld4::LibSystemHelpers::os_unfair_recursive_lock_unlock(os_unfair_recursive_lock_s*) const            40834
  szone_good_size                                               40917
  small_free_list_add_ptr                                       41001
  OPENSSL_sk_free                                               41376
  mach_msg2_trap                                                41458
  tiny_free_list_remove_ptr                                     42457
  madvise                                                       42957
  EVP_PKEY_asn1_get0                                            43334
  ossl_rcu_write_lock                                           43667
  dyld4::LibSystemHelpers::os_unfair_lock_unlock(os_unfair_lock_s*) const            43917
  Diagnostics::hasError() const                                 44126
  __read_nocancel                                               45666
  ossl_tdes_gettable_ctx_params                                 46168
  ossl_rcu_write_unlock                                         46834
  Diagnostics::noError() const                                  47958
  get_tiny_previous_free_msize                                  49209
  _kernelrpc_mach_vm_map_trap                                   51709
  pthread_setspecific                                           51751
  small_malloc_from_free_list                                   52834
  dyld4::RuntimeState::PermanentRanges::contains(unsigned long, unsigned long, unsigned char*, dyld4::Loader const**) const            53249
  EVP_PKEY_asn1_get0_info                                       53497
  __close_nocancel                                              53834
  dyld3::MachOFile::read_uleb128(Diagnostics&, unsigned char const*&, unsigned char const*)            54208
  _tiny_check_and_zero_inline_meta_from_freelist                55999
  pthread_cond_broadcast                                        56500
  szone_malloc                                                  56582
  dyld4::LibSystemHelpers::os_unfair_recursive_lock_lock_with_options(os_unfair_recursive_lock_s*, os_unfair_lock_options_t) cons            56750
  tiny_size                                                     62624
  dyld4::LibSystemHelpers::os_unfair_lock_lock_with_options(os_unfair_lock_s*, os_unfair_lock_options_t) const            63418
  realloc                                                       65042
  _qsort                                                        67081
  set_tiny_meta_header_in_use                                   67875
  lsl::EphemeralAllocator::allocate_buffer(unsigned long, unsigned long, unsigned long)            68125
  os_unfair_lock_assert_owner                                   70415
  OPENSSL_sk_pop_free                                           70666
  ossl_cipher_aead_gettable_ctx_params                          70752
  _szone_free                                                   74417
  tiny_free_list_add_ptr                                        76375
  strcmp                                                        76830
  szone_try_free_default                                        77668
  __write_nocancel                                              79209
  dyld3::kdebug_trace_dyld_duration_end(unsigned long long, unsigned int, dyld3::kt_arg, dyld3::kt_arg, dyld3::kt_arg)            85915
  invocation function for block in dyld3::MachOFile::getDylibInstallName(char const**, unsigned int*, unsigned int*) const            86416
  rack_get_thread_index                                         87961
  property_hash                                                 89000
  EVP_CIPHER_get_type                                           90042
  dyld3::OverflowSafeArray<unsigned int, 4294967295ul>::verifySpace(unsigned long)            99289
  dyld4::Loader::contains(dyld4::RuntimeState&, void const*, void const**, unsigned long long*, unsigned char*) const           100834
  pthread_cond_signal                                          105751
  Diagnostics::assertNoError() const                           117289
  nanov2_size                                                  118666
  pthread_rwlock_destroy                                       120834
  pthread_rwlock_init                                          121211
  os_unfair_lock_unlock                                        131749
  Diagnostics::~Diagnostics()                                  148457
  Diagnostics::Diagnostics(bool)                               157417
  get_legacy_evp_names                                         158918
  ossl_ctype_check                                             170293
  os_unfair_lock_lock_with_options                             176118
  EVP_MD_get_type                                              196542
  invocation function for block in dyld3::MachOFile::getEntry(unsigned long long&, bool&) const           196962
  nanov2_pointer_size                                          202376
  free                                                         218291
  _Block_object_dispose                                        224791
  OPENSSL_hexchar2int                                          236543
  ossl_sa_set                                                  250751
  nanov2_allocate_from_block                                   264789
  trim_ws                                                      285167
  __open_nocancel                                              292084
  strncmp                                                      294453
  invocation function for block in dyld4::JustInTimeLoader::contains(dyld4::RuntimeState&, void const*, void const**, unsigned lo           310835
  BUF_MEM_new                                                  320923
  names_free                                                   324675
  OPENSSL_LH_flush                                             329086
  OBJ_get0_data                                                332586
  OPENSSL_LH_doall                                             333918
  OSSL_PARAM_set_uint                                          340206
  ossl_provider_ctx                                            341957
  EVP_CIPHER_get_nid                                           364454
  ossl_lib_ctx_unlock                                          379876
  conf_value_cmp                                               382827
  OSSL_PARAM_locate_const                                      398082
  ossl_lib_ctx_read_lock                                       424625
  OPENSSL_LH_set_thunks                                        433300
  property_defn_cmp                                            439752
  ossl_cipher_generic_gettable_ctx_params                      446290
  evp_cipher_up_ref                                            452912
  invocation function for block in dyld3::MachOLoaded::findClosestSymbol(unsigned long long, char const**, unsigned long long*) c           461998
  ossl_provider_free                                           463079
  property_defn_hash                                           467081
  function_hash                                                471005
  BN_free                                                      474615
  value_free_hash                                              486374
  ossl_provider_up_ref                                         489538
  ASN1_OBJECT_free                                             499456
  OSSL_PARAM_set_uint32                                        504166
  ossl_sa_get                                                  511879
  CRYPTO_realloc                                               514746
  eat_alpha_numeric                                            531134
  sa_free_node                                                 544875
  OSSL_PARAM_construct_end                                     547257
  EVP_CIPHER_get0_provider                                     560290
  OSSL_PARAM_construct_uint                                    565920
  evp_cipher_free                                              572174
  do_all_fn                                                    584004
  EVP_CIPHER_free                                              634301
  ossl_provider_libctx                                         799791
  invocation function for block in dyld3::MachOLoaded::getLinkEditLoadCommands(Diagnostics&, dyld3::MachOLoaded::LinkEditInfo&) c           873873
  internal_free_nop                                            880383
  name_string_free                                             903006
  _platform_strncmp                                            909955
  OPENSSL_LH_error                                             961998
  OSSL_PARAM_set_size_t                                       1115913
  pthread_getspecific                                         1154448
  sk_reserve                                                  1170550
  invocation function for block in dyld3::MachOFile::forEachSegment(void (dyld3::MachOFile::SegmentInfo const&, bool&) block_poin          1172291
  BUF_MEM_grow                                                1179152
  _os_once                                                    1280834
  CRYPTO_THREAD_get_local                                     1288037
  ossl_rcu_assign_uptr                                        1399130
  _platform_memchr                                            1424499
  OSSL_PARAM_set_uint64                                       1508825
  names_lh_free_doall                                         1534784
  ossl_lib_ctx_get_data                                       1604535
  OSSL_PARAM_set_int                                          1619954
  _platform_strchr                                            1726456
  pthread_mutex_lock                                          1785828
  OSSL_PARAM_construct_size_t                                 1806752
  _nanov2_free                                                1901913
  pthread_mutex_unlock                                        1908544
  OPENSSL_sk_num                                              1991454
  OPENSSL_sk_push                                             2003177
  _pthread_mutex_lock_init_slow                               2066464
  _pthread_mutex_unlock_init_slow                             2179459
  _pthread_mutex_firstfit_lock_slow                           2297663
  OPENSSL_sk_value                                            2327656
  _pthread_mutex_firstfit_unlock_slow                         2392344
  OSSL_PARAM_set_int32                                        2432017
  obj_name_cmp                                                2499286
  _platform_memcmp                                            2731578
  OSSL_PARAM_construct_int                                    2736829
  OPENSSL_LH_strhash                                          2795071
  pthread_once                                                3054262
  OBJ_nid2obj                                                 3198639
  CRYPTO_atomic_load                                          3281488
  pthread_rwlock_rdlock                                       3328726
  SortFnByName                                                3360757
  ossl_lh_strcasehash                                         3733127
  __error                                                     3937092
  ossl_isdigit                                                3965334
  cipher_compare                                              4099905
  fnv1a_hash                                                  4416899
  _platform_memmove                                           6596231
  pthread_rwlock_wrlock                                       6735592
  pthread_rwlock_unlock                                      10037070
  err_string_data_cmp                                        11385848
  CRYPTO_free                                                12314960
  malloc                                                     13621752
  doapr_outch                                                15065987
  err_string_data_hash                                       17320525
  nanov2_malloc                                              18851038
  _platform_strlen                                           23317789
  _platform_memset                                           25441208
  nanov2_try_free_default                                    25924507
  _platform_strcmp                                           27986295
  ossl_tolower                                               60404459
