
  pd_free                                                        1750
  EVP_md5                                                        1875
  EVP_rc4_40                                                     1958
  EVP_bf_cbc                                                     1959
  sigaction                                                      1959
  EVP_bf_ofb                                                     2000
  EVP_des_cbc                                                    2041
  EVP_sha224                                                     2042
  UI_OpenSSL                                                     2042
  EVP_idea_ofb                                                   2083
  EVP_mdc2                                                       2084
  EVP_sha1                                                       2084
  EVP_sm4_cbc                                                    2084
  EVP_des_ofb                                                    2125
  EVP_des_cfb8                                                   2166
  EVP_seed_cbc                                                   2166
  EVP_des_ecb                                                    2208
  EVP_md4                                                        2208
  EVP_rc4                                                        2208
  EVP_sha512                                                     2208
  EVP_sm4_ofb                                                    2208
  UI_null                                                        2208
  opt_unknown                                                    2208
  EVP_idea_cbc                                                   2209
  EVP_rc2_cbc                                                    2209
  EVP_cast5_ofb                                                  2250
  EVP_md5_sha1                                                   2250
  EVP_des_ede                                                    2291
  EVP_rc2_ofb                                                    2292
  EVP_sha3_512                                                   2292
  EVP_sha3_224                                                   2333
  EVP_sha3_384                                                   2333
  EVP_sha512_224                                                 2333
  strchr                                                         2334
  EVP_des_ede3                                                   2375
  EVP_shake256                                                   2375
  EVP_sm3                                                        2375
  _cleanup                                                       2375
  app_get0_propq                                                 2375
  EVP_seed_ofb                                                   2416
  EVP_sha384                                                     2416
  EVP_bf_ecb                                                     2417
  EVP_cast5_cbc                                                  2417
  EVP_ripemd160                                                  2417
  EVP_sm4_ctr                                                    2417
  EVP_aes_192_ccm                                                2458
  EVP_sha512_256                                                 2458
  EVP_blake2s256                                                 2459
  EVP_aes_192_cbc                                                2500
  EVP_cast5_ecb                                                  2500
  EVP_seed_ecb                                                   2500
  EVP_des_ede_cbc                                                2541
  EVP_shake128                                                   2541
  release_engine                                                 2541
  EVP_sha3_256                                                   2542
  EVP_sm4_ecb                                                    2542
  EVP_aes_192_gcm                                                2583
  EVP_aria_128_ecb                                               2583
  EVP_rc2_64_cbc                                                 2583
  EVP_aes_256_ctr                                                2584
  EVP_bf_cfb64                                                   2584
  EVP_aes_192_cfb1                                               2625
  EVP_aes_192_ofb                                                2625
  EVP_aes_256_cbc                                                2625
  EVP_aes_256_ofb                                                2625
  EVP_aria_256_ctr                                               2625
  EVP_aria_256_ecb                                               2625
  EVP_desx_cbc                                                   2625
  EVP_rc2_cfb64                                                  2625
  ENGINE_set_name                                                2666
  EVP_aes_128_cfb1                                               2666
  EVP_aes_256_gcm                                                2666
  EVP_des_cfb1                                                   2666
  EVP_aes_128_ccm                                                2667
  EVP_aes_128_ctr                                                2667
  EVP_aes_192_ocb                                                2667
  EVP_aria_192_ctr                                               2667
  EVP_aria_192_ecb                                               2667
  EVP_aria_192_ofb                                               2667
  EVP_aria_256_ofb                                               2667
  EVP_aes_128_cbc                                                2708
  EVP_aria_192_gcm                                               2708
  EVP_des_ede_ofb                                                2708
  EVP_idea_ecb                                                   2708
  opt_next                                                       2708
  COMP_get_type                                                  2709
  EVP_aes_256_cfb8                                               2709
  EVP_aria_256_gcm                                               2709
  EVP_des_ede3_ofb                                               2709
  EVP_MD_free                                                    2750
  EVP_aes_128_wrap                                               2750
  EVP_aes_256_ccm                                                2750
  EVP_aes_256_ecb                                                2750
  EVP_aria_192_cbc                                               2750
  EVP_aria_192_ccm                                               2750
  EVP_aria_256_cbc                                               2750
  EVP_whirlpool                                                  2750
  def_to_int                                                     2750
  EVP_aes_128_ofb                                                2791
  EVP_aes_192_cfb8                                               2791
  EVP_aes_192_ctr                                                2792
  EVP_aes_256_cfb1                                               2792
  EVP_aes_256_xts                                                2792
  EVP_aria_256_ccm                                               2792
  EVP_chacha20                                                   2792
  EVP_des_ede3_wrap                                              2792
  ossl_trace_cleanup                                             2792
  strrchr                                                        2792
  ENGINE_set_id                                                  2833
  EVP_aria_128_ofb                                               2833
  EVP_aria_256_cfb1                                              2833
  EVP_rc2_ecb                                                    2833
  EVP_aes_256_ocb                                                2834
  EVP_aria_128_cfb8                                              2834
  EVP_aria_192_cfb1                                              2834
  EVP_idea_cfb64                                                 2834
  EVP_rc2_40_cbc                                                 2834
  BIO_f_cipher                                                   2875
  EVP_aes_128_xts                                                2875
  EVP_aes_192_wrap                                               2875
  EVP_aria_128_cbc                                               2875
  EVP_cast5_cfb64                                                2875
  vm_deallocate                                                  2875
  EVP_aria_192_cfb8                                              2917
  EVP_des_ede3_cbc                                               2917
  EVP_des_ede3_cfb8                                              2917
  NCONF_default                                                  2917
  getrlimit                                                      2917
  lh_FUNCTION_free                                               2917
  EVP_aes_128_cfb8                                               2958
  EVP_aes_256_wrap                                               2958
  EVP_aria_256_cfb8                                              2958
  EVP_blake2b512                                                 2958
  OBJ_obj2txt                                                    2958
  property_cmp                                                   2958
  EVP_seed_cfb128                                                2959
  EVP_sm4_cfb128                                                 2959
  EVP_aes_192_cfb128                                             3000
  EVP_aes_192_ecb                                                3000
  EVP_aria_128_ccm                                               3000
  EVP_aria_128_ctr                                               3000
  EVP_des_ede3_cfb1                                              3000
  EVP_des_ede_cfb64                                              3000
  EVP_rc4_hmac_md5                                               3000
  function_cmp                                                   3000
  query_hash                                                     3000
  EVP_aes_128_cfb128                                             3041
  EVP_aria_128_cfb128                                            3084
  EVP_des_cfb64                                                  3084
  EVP_aes_128_gcm                                                3125
  EVP_aria_192_cfb128                                            3125
  EVP_camellia_128_cbc                                           3125
  EVP_camellia_128_ofb                                           3125
  EVP_camellia_192_cbc                                           3125
  def_init_default                                               3125
  signal                                                         3125
  EVP_camellia_192_ctr                                           3167
  EVP_camellia_192_ofb                                           3167
  EVP_camellia_256_ofb                                           3167
  EVP_aes_128_wrap_pad                                           3208
  EVP_aes_256_cfb128                                             3208
  EVP_camellia_128_ctr                                           3208
  EVP_des_ede3_cfb64                                             3208
  __cxa_finalize                                                 3208
  EVP_aes_192_wrap_pad                                           3250
  EVP_aria_128_gcm                                               3250
  EVP_aria_256_cfb128                                            3250
  EVP_camellia_256_ctr                                           3250
  EVP_chacha20_poly1305                                          3250
  ossl_comp_zstd_cleanup                                         3250
  EVP_aria_128_cfb1                                              3291
  EVP_camellia_128_cfb8                                          3291
  OSSL_PARAM_modified                                            3291
  __smakebuf                                                     3291
  opt_set_unknown_name                                           3291
  EVP_camellia_128_cfb1                                          3333
  EVP_camellia_192_cfb8                                          3333
  EVP_camellia_256_cbc                                           3333
  EVP_camellia_256_cfb8                                          3334
  ossl_store_cleanup_int                                         3375
  OSSL_LIB_CTX_get_data                                          3416
  UI_method_set_writer                                           3416
  EVP_add_alg_module                                             3417
  EVP_camellia_192_cfb1                                          3417
  EVP_camellia_256_cfb1                                          3417
  EVP_camellia_256_ecb                                           3417
  bio_sock_cleanup_int                                           3417
  ENGINE_set_flags                                               3458
  EVP_CIPHER_get_flags                                           3458
  EVP_camellia_192_ecb                                           3458
  UI_method_set_closer                                           3458
  ossl_comp_brotli_cleanup                                       3458
  EVP_aes_128_ecb                                                3459
  EVP_aes_128_ocb                                                3500
  EVP_aes_256_wrap_pad                                           3500
  OSSL_STORE_register_loader                                     3541
  UI_method_set_reader                                           3541
  init_thread_stop                                               3541
  app_RAND_write                                                 3542
  ossl_comp_zlib_cleanup                                         3583
  store_loader_cmp                                               3584
  ASN1_add_oid_module                                            3625
  UI_method_set_opener                                           3625
  EVP_camellia_128_cfb128                                        3666
  engine_load_rdrand_int                                         3666
  evp_app_cleanup_int                                            3666
  COMP_zlib                                                      3667
  ossl_prov_ctx_new                                              3667
  EVP_CipherUpdate                                               3708
  EVP_camellia_256_cfb128                                        3708
  core_get_libctx                                                3708
  ASN1_add_stable_module                                         3709
  BIO_meth_set_gets                                              3709
  BIO_meth_set_ctrl                                              3750
  BIO_meth_set_puts                                              3791
  free_medium                                                    3792
  NCONF_get0_libctx                                              3833
  ossl_lib_ctx_write_lock                                        3833
  ossl_prov_ctx_free                                             3833
  ossl_prov_ctx_set0_handle                                      3833
  pthread_self                                                   3833
  EVP_CipherFinal_ex                                             3834
  ENGINE_add_conf_module                                         3875
  close                                                          3875
  opt_check_rest_arg                                             3875
  EVP_camellia_128_ecb                                           3916
  OSSL_LIB_CTX_free                                              3916
  BIO_meth_set_create                                            3958
  ENGINE_set_cmd_defns                                           3958
  EVP_CIPHER_fetch                                               3958
  ossl_child_prov_ctx_new                                        3958
  ossl_prov_ctx_set0_libctx                                      3958
  EVP_camellia_192_cfb128                                        3959
  ossl_method_unlock_store                                       4041
  aes_v8_set_encrypt_key                                         4042
  BIO_meth_set_destroy                                           4125
  ERR_print_errors                                               4125
  dyld4::APIs::_tlv_exit()                                       4125
  ossl_stored_namemap_free                                       4166
  ossl_prov_ctx_get0_libctx                                      4167
  EVP_CIPHER_get_iv_length                                       4208
  chacha20_gettable_ctx_params                                   4208
  ERR_get_error_all                                              4209
  EVP_PKEY_asn1_get_count                                        4209
  CONF_imodule_get_value                                         4292
  OSSL_ERR_STATE_new                                             4333
  lsl::Lock::unlock()                                            4333
  null_gettable_ctx_params                                       4333
  BIO_meth_set_read_ex                                           4334
  ENGINE_set_ctrl_function                                       4375
  aes_192_cfb_get_params                                         4375
  ossl_bio_core_globals_new                                      4375
  ossl_cipher_generic_reset_ctx                                  4375
  ossl_config_add_ssl_module                                     4375
  ossl_method_lock_store                                         4375
  aria_256_cfb_get_params                                        4416
  ossl_lib_ctx_is_default                                        4416
  OSSL_CMP_log_close                                             4417
  aes_v8_ctr32_encrypt_blocks                                    4417
  aria_256_ofb_get_params                                        4417
  sm4_128_cbc_get_params                                         4417
  OSSL_STORE_unregister_loader                                   4458
  aes_128_ofb_get_params                                         4458
  aes_128_xts_get_params                                         4458
  aes_256_cfb8_get_params                                        4458
  aria_128_ecb_get_params                                        4458
  aria_256_ctr_get_params                                        4458
  CRYPTO_THREAD_get_current_id                                   4500
  EVP_aes_256_cbc_hmac_sha1                                      4500
  OSSL_STORE_LOADER_set_eof                                      4500
  aes_128_cfb1_get_params                                        4500
  aes_128_ocb_get_params                                         4500
  aes_256_cfb_get_params                                         4500
  aes_256_ofb_get_params                                         4500
  aes_256_siv_get_params                                         4500
  aria_192_cfb8_get_params                                       4500
  chacha20_get_params                                            4500
  sm4_128_ctr_get_params                                         4500
  tdes_ede3_cbc_get_params                                       4500
  aria_128_cfb8_get_params                                       4541
  aria_192_cfb1_get_params                                       4541
  aria_256_cfb8_get_params                                       4541
  ossl_bio_core_globals_free                                     4541
  OSSL_trace_set_channel                                         4542
  aes_128_ctr_get_params                                         4542
  aria_256_cfb1_get_params                                       4542
  def_is_number                                                  4542
  ossl_rand_cleanup_int                                          4542
  ossl_random_add_conf_module                                    4542
  tiny_try_realloc_in_place                                      4542
  OPENSSL_cpuid_setup                                            4583
  aes_192_ctr_get_params                                         4583
  aria_128_ctr_get_params                                        4583
  aria_192_cbc_get_params                                        4583
  tdes_ede2_ecb_get_params                                       4583
  aes_128_ecb_get_params                                         4584
  aes_192_wrap_get_params                                        4584
  EVP_sha256                                                     4625
  aes_128_cbc_get_params                                         4625
  aes_192_cbc_get_params                                         4625
  aes_192_ecb_get_params                                         4625
  aes_256_xts_get_params                                         4625
  aria_192_ctr_get_params                                        4625
  aria_192_gcm_get_params                                        4625
  tdes_ede2_cbc_get_params                                       4625
  aes_128_gcm_get_params                                         4666
  aria_192_ofb_get_params                                        4666
  ossl_ctx_global_properties_new                                 4666
  sm4_128_xts_get_params                                         4666
  ENGINE_set_finish_function                                     4667
  UI_method_set_prompt_constructor                               4667
  aes_128_cfb8_get_params                                        4667
  aes_192_cfb8_get_params                                        4667
  aes_256_gcm_get_params                                         4667
  aes_256_ocb_get_params                                         4667
  aria_192_cfb_get_params                                        4667
  BIO_meth_set_write_ex                                          4708
  aes_128_cfb_get_params                                         4708
  aes_192_cfb1_get_params                                        4708
  aes_192_ocb_get_params                                         4708
  aes_192_ofb_get_params                                         4708
  aes_256_ctr_get_params                                         4708
  sm4_128_gcm_get_params                                         4708
  tdes_wrap_get_params                                           4708
  EVP_aes_256_cbc_hmac_sha256                                    4709
  aes_256_ccm_get_params                                         4709
  aria_128_ofb_get_params                                        4709
  aria_256_cbc_get_params                                        4709
  ENGINE_set_init_function                                       4750
  aes_192_gcm_get_params                                         4750
  aes_cts_128_cbc_get_params                                     4750
  aria_128_cfb_get_params                                        4750
  aria_192_ccm_get_params                                        4750
  ossl_provider_add_conf_module                                  4750
  tdes_ede3_cfb8_get_params                                      4750
  OSSL_STORE_LOADER_set_error                                    4791
  engine_pkey_meths_free                                         4791
  sm4_128_ccm_get_params                                         4791
  tdes_ede2_cfb_get_params                                       4792
  BIO_free                                                       4833
  OSSL_STORE_LOADER_set_close                                    4833
  OSSL_STORE_LOADER_set_load                                     4833
  aes_128_siv_get_params                                         4833
  aes_256_ecb_get_params                                         4833
  aria_128_cbc_get_params                                        4833
  aria_128_cfb1_get_params                                       4833
  pthread_cond_destroy                                           4833
  tdes_ede2_ofb_get_params                                       4833
  aes_192_wrapinv_get_params                                     4834
  aria_192_ecb_get_params                                        4834
  ENGINE_load_builtin_engines                                    4875
  OSSL_STORE_LOADER_free                                         4875
  aes_128_ccm_get_params                                         4875
  aes_192_siv_get_params                                         4875
  aes_192_wrappad_get_params                                     4875
  aes_256_wrap_get_params                                        4875
  aes_cts_256_cbc_get_params                                     4875
  camellia_256_cbc_get_params                                    4875
  ossl_prov_ctx_set0_core_bio_method                             4875
  sm4_128_ofb128_get_params                                      4875
  tdes_ede3_cfb_get_params                                       4875
  aes_256_wrappad_get_params                                     4916
  EVP_CIPHER_get_key_length                                      4917
  camellia_128_ctr_get_params                                    4917
  camellia_192_cfb_get_params                                    4958
  camellia_256_ctr_get_params                                    4958
  ossl_prov_cipher_hw_aes_ctr                                    4958
  sm4_128_cfb128_get_params                                      4958
  EVP_aes_128_cbc_hmac_sha256                                    5000
  OSSL_STORE_LOADER_set_open                                     5000
  aes_128_wrappad_get_params                                     5000
  aes_256_cbc_get_params                                         5000
  aes_256_wrapinv_get_params                                     5000
  aria_128_gcm_get_params                                        5000
  engine_remove_dynamic_id                                       5000
  aria_256_ecb_get_params                                        5042
  camellia_192_ctr_get_params                                    5042
  camellia_192_ofb_get_params                                    5042
  camellia_256_cfb1_get_params                                   5042
  sm4_128_ecb_get_params                                         5042
  tdes_ede3_ofb_get_params                                       5042
  aes_128_wrap_get_params                                        5083
  camellia_128_cbc_get_params                                    5083
  camellia_128_cfb_get_params                                    5083
  camellia_128_ecb_get_params                                    5083
  aes_192_ccm_get_params                                         5084
  camellia_128_cfb8_get_params                                   5084
  camellia_192_cfb1_get_params                                   5084
  camellia_192_ecb_get_params                                    5084
  camellia_256_ofb_get_params                                    5084
  EVP_aes_128_cbc_hmac_sha1                                      5125
  OSSL_STORE_LOADER_set_expect                                   5125
  aria_256_ccm_get_params                                        5125
  camellia_192_cbc_get_params                                    5125
  ossl_self_test_set_callback_new                                5125
  ossl_property_match_count                                      5166
  Diagnostics::clearError()                                      5167
  __sigaction                                                    5167
  aes_256_cfb1_get_params                                        5167
  aria_128_ccm_get_params                                        5167
  camellia_192_cfb8_get_params                                   5167
  camellia_256_cfb_get_params                                    5167
  ossl_free_compression_methods_int                              5167
  ossl_self_test_set_callback_free                               5167
  ossl_store_register_init                                       5167
  aes_128_wrapinv_get_params                                     5208
  camellia_128_cfb1_get_params                                   5208
  camellia_128_ofb_get_params                                    5208
  tdes_ede3_cfb1_get_params                                      5208
  camellia_cts_192_cbc_get_params                                5209
  aes_128_wrappadinv_get_params                                  5250
  aes_cts_192_cbc_get_params                                     5250
  ossl_indicator_set_callback_free                               5250
  ossl_property_has_optional                                     5250
  ossl_indicator_set_callback_new                                5291
  aes_256_wrappadinv_get_params                                  5292
  ENGINE_get_cipher_engine                                       5333
  medium_region_for_ptr_no_lock                                  5333
  camellia_256_cfb8_get_params                                   5334
  aes_192_wrappadinv_get_params                                  5375
  OSSL_PARAM_get_int                                             5416
  chacha20_poly1305_get_params                                   5416
  __fcntl                                                        5417
  camellia_256_ecb_get_params                                    5417
  engine_pkey_asn1_meths_free                                    5417
  memset                                                         5458
  ossl_provider_unquery_operation                                5458
  OPENSSL_sk_sort                                                5459
  chacha20_poly1305_gettable_ctx_params                          5500
  tdes_ede3_ecb_get_params                                       5500
  aria_256_gcm_get_params                                        5542
  ossl_init_thread_deregister                                    5584
  getegid                                                        5625
  ossl_aes_192_gcm_siv_get_params                                5666
  EVP_CIPHER_CTX_get_block_size                                  5667
  camellia_cts_256_cbc_get_params                                5708
  ossl_aes_256_gcm_siv_get_params                                5708
  camellia_cts_128_cbc_get_params                                5792
  getuid                                                         5833
  ossl_aes_128_gcm_siv_get_params                                5833
  OSSL_LIB_CTX_set_conf_diagnostics                              5875
  app_get0_libctx                                                5875
  geteuid                                                        6000
  EVP_CIPHER_get_mode                                            6167
  getgid                                                         6167
  medium_malloc_from_free_list                                   6167
  BIO_set_data                                                   6208
  ossl_prov_seeding_from_dispatch                                6250
  opt_arg                                                        6334
  ossl_prov_bio_from_dispatch                                    6334
  __getrlimit                                                    6417
  ossl_prov_ctx_get0_core_bio_method                             6500
  EVP_RAND_CTX_free                                              6543
  OSSL_PARAM_get_int32                                           6583
  dyld4::RuntimeState::notifyObjCPatching()                      6708
  lsl::Lock::lock()                                              6834
  dyld3::kdebug_trace_dyld_enabled(unsigned int)                 6875
  dyld4::Loader::hiddenFromFlat(bool) const                      6958
  BIO_next                                                       7084
  dyld4::BumpAllocator::~BumpAllocator()                         7167
  dyld4::handleFromLoader(dyld4::Loader const*, bool)             7208
  _platform_strnlen                                              7249
  _kernelrpc_mach_port_deallocate_trap                           7291
  EVP_CipherInit_ex                                              7292
  bio_open_default                                               7375
  OPENSSL_sk_pop                                                 7501
  ENGINE_register_DH                                             7750
  ENGINE_register_EC                                             7750
  _kernelrpc_mach_port_construct_trap                            7750
  store_loader_hash                                              7750
  err_unshelve_state                                             7917
  lsl::EphemeralAllocator::reset()                               7917
  BIO_copy_next_retry                                            8000
  file_ctrl                                                      8042
  openssl_fopen                                                  8042
  ENGINE_register_DSA                                            8125
  dyld4::JustInTimeLoader::hiddenFromFlat(bool) const             8166
  X509_get_default_cert_area                                     8167
  ENGINE_register_RAND                                           8250
  ENGINE_register_RSA                                            8291
  __sclose                                                       8375
  dyld4::Loader::beginInitializers(dyld4::RuntimeState&)             8375
  flsl                                                           8458
  ossl_lib_ctx_get_concrete                                      8708
  __sflags                                                       8791
  BIO_set_init                                                   8958
  dyld4::RuntimeState::incDlRefCount(dyld4::Loader const*)             9000
  ENGINE_register_digests                                        9167
  ossl_sa_new                                                    9167
  rack_region_insert                                             9167
  free_small                                                     9208
  ossl_property_free                                             9334
  ossl_cipher_generic_einit                                      9500
  ENGINE_register_ciphers                                        9541
  lsl::Vector<dyld4::Loader const*>::reserveExact(unsigned long)             9542
  DSO_METHOD_openssl                                             9666
  deflt_query                                                    9666
  dyld4::JustInTimeLoader::beginInitializers(dyld4::RuntimeState&)             9667
  ENGINE_register_pkey_meths                                     9792
  CRYPTO_atomic_or                                              10250
  ossl_cipher_generic_set_ctx_params                            10250
  OSSL_LIB_CTX_get_conf_diagnostics                             10334
  BIO_set_flags                                                 10374
  lsl::Vector<lsl::MemoryManager::Buffer>::reserve(unsigned long)            10417
  ossl_lib_ctx_get_ex_data_global                               10874
  ENGINE_register_pkey_asn1_meths                               11041
  strlen                                                        11167
  engine_free_util                                              11292
  NCONF_get_section                                             11333
  ossl_lib_ctx_get_rcukey                                       11333
  fstat                                                         11416
  OPENSSL_cleanse                                               11668
  ossl_sa_doall_arg                                             12041
  aes_siv_gettable_ctx_params                                   12250
  dyld4::RuntimeState::doSingletonPatching(dyld4::DyldCacheDataConstLazyScopedWriter&)            12250
  EVP_add_cipher                                                12666
  ossl_cipher_capable_aes_cbc_hmac_sha256                       12750
  ossl_property_value                                           12916
  ossl_cipher_capable_aes_cbc_hmac_sha1                         12917
  __bzero                                                       13083
  cipher_ocb_gettable_ctx_params                                13375
  aes_cbc_cts_gettable_ctx_params                               13584
  BIO_clear_flags                                               13833
  lsl::EphemeralAllocator::~EphemeralAllocator()                14208
  dyld4::Loader::loadDependents(Diagnostics&, dyld4::RuntimeState&, dyld4::Loader::LoadOptions const&)            14542
  small_try_realloc_in_place                                    14709
  DSO_free                                                      14748
  BIO_get_data                                                  14752
  dyld4::DyldCacheDataConstLazyScopedWriter::DyldCacheDataConstLazyScopedWriter(dyld4::RuntimeState&)            14792
  ossl_aes_gcm_siv_gettable_ctx_params                          15292
  CRYPTO_atomic_add                                             15457
  dyld4::Loader::path() const                                   15542
  sa_doall                                                      15625
  camellia_cbc_cts_gettable_ctx_params                          15626
  __sflush                                                      15749
  _NSGetEnviron                                                 16208
  dyld4::JustInTimeLoader::loadDependents(Diagnostics&, dyld4::RuntimeState&, dyld4::Loader::LoadOptions const&)            16333
  os_unfair_recursive_lock_unlock                               16500
  ossl_prov_is_running                                          16707
  file_free                                                     16833
  dyld3::MachOFile::is64() const                                17040
  pthread_mutex_destroy                                         17417
  CRYPTO_THREAD_lock_free                                       17583
  _kernelrpc_mach_port_destruct_trap                            17751
  OPENSSL_LH_get_down_load                                      18001
  FMT_istext                                                    18790
  BIO_new                                                       18832
  dyld4::JustInTimeLoader::path() const                         18876
  invocation function for block in dyld4::Loader::forEachPath(Diagnostics&, dyld4::RuntimeState&, char const*, dyld4::Loader::Loa            19125
  kdebug_is_enabled                                             19375
  pthread_cond_init                                             19624
  file_new                                                      19876
  property_free                                                 20540
  os_unfair_recursive_lock_lock_with_options                    20751
  lsl::EphemeralAllocator::deallocate_buffer(lsl::MemoryManager::Buffer)            21041
  dyld4::LibSystemHelpers::pthread_getspecific(unsigned long) const            21208
  _kernelrpc_mach_vm_deallocate_trap                            21251
  ___chkstk_darwin                                              21791
  small_size                                                    21958
  os_unfair_lock_assert_not_owner                               21999
  dyld4::Loader::matchesPath(char const*) const                 22416
  __chkstk_darwin_probe                                         23917
  dyld4::ProcessConfig::DyldCache::indexOfPath(char const*, unsigned int&) const            24958
  pthread_mutex_init                                            25707
  dyld4::Loader::loadAddress(dyld4::RuntimeState&) const            25958
  _kernelrpc_mach_vm_map_trap                                   26250
  mach_msg2_trap                                                27042
  ossl_property_name                                            27125
  __findenv_locked                                              27249
  OPENSSL_strnlen                                               27419
  dyld3::ScopedTimer::endTimer()                                27499
  lsl::MemoryManager::lockGuard()                               27834
  OPENSSL_sk_delete                                             28292
  dyld4::JustInTimeLoader::loadAddress(dyld4::RuntimeState&) const            29917
  _pthread_mutex_check_init_slow                                33165
  __open                                                        33167
  lsl::AllocationMetadata::AllocationMetadata(lsl::Allocator*, unsigned long)            33791
  CRYPTO_new_ex_data                                            34834
  OPENSSL_LH_set_down_load                                      35002
  __read_nocancel                                               35417
  small_free_list_find_by_ptr                                   35458
  small_free_list_remove_ptr                                    38082
  szone_good_size                                               38458
  dyld4::LibSystemHelpers::os_unfair_recursive_lock_unlock(os_unfair_recursive_lock_s*) const            38583
  OPENSSL_sk_free                                               39916
  Diagnostics::hasError() const                                 40248
  __close_nocancel                                              42000
  dyld4::LibSystemHelpers::os_unfair_lock_unlock(os_unfair_lock_s*) const            42166
  ossl_rcu_write_lock                                           42623
  EVP_PKEY_asn1_get0                                            43126
  Diagnostics::noError() const                                  45001
  ossl_rcu_write_unlock                                         45915
  small_malloc_from_free_list                                   46291
  ossl_tdes_gettable_ctx_params                                 46292
  small_free_list_remove_ptr_no_clear                           46333
  small_free_list_add_ptr                                       46499
  pthread_setspecific                                           46748
  tiny_free_list_remove_ptr                                     46958
  dyld3::MachOFile::read_uleb128(Diagnostics&, unsigned char const*&, unsigned char const*)            50126
  __write_nocancel                                              50792
  dyld4::LibSystemHelpers::os_unfair_recursive_lock_lock_with_options(os_unfair_recursive_lock_s*, os_unfair_lock_options_t) cons            53043
  dyld4::RuntimeState::PermanentRanges::contains(unsigned long, unsigned long, unsigned char*, dyld4::Loader const**) const            54375
  szone_malloc                                                  54628
  madvise                                                       54664
  pthread_cond_broadcast                                        56915
  tiny_size                                                     57751
  EVP_PKEY_asn1_get0_info                                       57917
  dyld4::LibSystemHelpers::os_unfair_lock_lock_with_options(os_unfair_lock_s*, os_unfair_lock_options_t) const            59416
  realloc                                                       61335
  get_tiny_previous_free_msize                                  62002
  set_tiny_meta_header_in_use                                   63126
  lsl::EphemeralAllocator::allocate_buffer(unsigned long, unsigned long, unsigned long)            64460
  _tiny_check_and_zero_inline_meta_from_freelist                67585
  _qsort                                                        68042
  _szone_free                                                   70130
  strcmp                                                        70749
  OPENSSL_sk_pop_free                                           71209
  ossl_cipher_aead_gettable_ctx_params                          71291
  os_unfair_lock_assert_owner                                   74125
  szone_try_free_default                                        77379
  tiny_free_list_add_ptr                                        77999
  dyld3::kdebug_trace_dyld_duration_end(unsigned long long, unsigned int, dyld3::kt_arg, dyld3::kt_arg, dyld3::kt_arg)            81540
  rack_get_thread_index                                         82378
  invocation function for block in dyld3::MachOFile::getDylibInstallName(char const**, unsigned int*, unsigned int*) const            83792
  property_hash                                                 88710
  EVP_CIPHER_get_type                                           90042
  dyld3::OverflowSafeArray<unsigned int, 4294967295ul>::verifySpace(unsigned long)            91497
  dyld4::Loader::contains(dyld4::RuntimeState&, void const*, void const**, unsigned long long*, unsigned char*) const            97626
  pthread_cond_signal                                          105044
  Diagnostics::assertNoError() const                           108582
  nanov2_size                                                  113625
  pthread_rwlock_init                                          115872
  pthread_rwlock_destroy                                       123958
  os_unfair_lock_unlock                                        127164
  __open_nocancel                                              127416
  Diagnostics::~Diagnostics()                                  144127
  Diagnostics::Diagnostics(bool)                               148625
  get_legacy_evp_names                                         160251
  ossl_ctype_check                                             169208
  nanov2_allocate_from_block                                   170749
  os_unfair_lock_lock_with_options                             172584
  nanov2_pointer_size                                          195791
  EVP_MD_get_type                                              196501
  free                                                         202625
  invocation function for block in dyld3::MachOFile::getEntry(unsigned long long&, bool&) const           204374
  _Block_object_dispose                                        215288
  OPENSSL_hexchar2int                                          235791
  ossl_sa_set                                                  248119
  trim_ws                                                      275961
  invocation function for block in dyld4::JustInTimeLoader::contains(dyld4::RuntimeState&, void const*, void const**, unsigned lo           299834
  BUF_MEM_new                                                  303422
  strncmp                                                      309919
  names_free                                                   312707
  OPENSSL_LH_doall                                             330296
  OBJ_get0_data                                                331172
  OPENSSL_LH_flush                                             331878
  OSSL_PARAM_set_uint                                          343750
  ossl_provider_ctx                                            345755
  EVP_CIPHER_get_nid                                           367463
  conf_value_cmp                                               378668
  ossl_lib_ctx_unlock                                          379336
  invocation function for block in dyld3::MachOLoaded::findClosestSymbol(unsigned long long, char const**, unsigned long long*) c           395957
  OSSL_PARAM_locate_const                                      399876
  ossl_lib_ctx_read_lock                                       424374
  OPENSSL_LH_set_thunks                                        434589
  property_defn_cmp                                            441130
  ossl_cipher_generic_gettable_ctx_params                      447915
  evp_cipher_up_ref                                            453671
  property_defn_hash                                           462544
  function_hash                                                468671
  value_free_hash                                              472919
  ossl_provider_free                                           477709
  BN_free                                                      483842
  CRYPTO_realloc                                               487550
  ossl_provider_up_ref                                         489342
  OSSL_PARAM_set_uint32                                        504540
  ASN1_OBJECT_free                                             506460
  eat_alpha_numeric                                            510033
  ossl_sa_get                                                  513915
  sa_free_node                                                 550002
  OSSL_PARAM_construct_end                                     550083
  EVP_CIPHER_get0_provider                                     557455
  OSSL_PARAM_construct_uint                                    566375
  evp_cipher_free                                              576790
  do_all_fn                                                    590840
  EVP_CIPHER_free                                              641036
  ossl_provider_libctx                                         803509
  invocation function for block in dyld3::MachOLoaded::getLinkEditLoadCommands(Diagnostics&, dyld3::MachOLoaded::LinkEditInfo&) c           855834
  internal_free_nop                                            863615
  _platform_strncmp                                            867124
  name_string_free                                             895298
  OPENSSL_LH_error                                             935343
  invocation function for block in dyld3::MachOFile::forEachSegment(void (dyld3::MachOFile::SegmentInfo const&, bool&) block_poin          1101337
  BUF_MEM_grow                                                1127382
  OSSL_PARAM_set_size_t                                       1133034
  pthread_getspecific                                         1156253
  sk_reserve                                                  1161589
  _os_once                                                    1224815
  CRYPTO_THREAD_get_local                                     1285664
  _platform_memchr                                            1350572
  ossl_rcu_assign_uptr                                        1416996
  names_lh_free_doall                                         1516413
  OSSL_PARAM_set_uint64                                       1525843
  ossl_lib_ctx_get_data                                       1605089
  OSSL_PARAM_set_int                                          1624210
  _platform_strchr                                            1722864
  pthread_mutex_lock                                          1801424
  OSSL_PARAM_construct_size_t                                 1802764
  pthread_mutex_unlock                                        1842465
  _nanov2_free                                                1909882
  _pthread_mutex_lock_init_slow                               1978744
  OPENSSL_sk_push                                             1981393
  OPENSSL_sk_num                                              2009325
  _pthread_mutex_unlock_init_slow                             2102912
  _pthread_mutex_firstfit_lock_slow                           2204864
  _pthread_mutex_firstfit_unlock_slow                         2292036
  OPENSSL_sk_value                                            2324922
  OSSL_PARAM_set_int32                                        2450956
  obj_name_cmp                                                2501078
  OPENSSL_LH_strhash                                          2702042
  OSSL_PARAM_construct_int                                    2759118
  _platform_memcmp                                            2774262
  pthread_once                                                3038379
  OBJ_nid2obj                                                 3161554
  CRYPTO_atomic_load                                          3318074
  pthread_rwlock_rdlock                                       3331581
  SortFnByName                                                3355700
  ossl_lh_strcasehash                                         3682819
  __error                                                     3776666
  cipher_compare                                              4005589
  ossl_isdigit                                                4022918
  fnv1a_hash                                                  4420496
  _platform_memmove                                           6501869
  pthread_rwlock_wrlock                                       6703352
  pthread_rwlock_unlock                                       9971786
  err_string_data_cmp                                        10878631
  CRYPTO_free                                                12180244
  malloc                                                     13321714
  doapr_outch                                                15233397
  err_string_data_hash                                       16605332
  nanov2_malloc                                              18513409
  _platform_strlen                                           23232235
  _platform_memset                                           25550638
  nanov2_try_free_default                                    26066620
  _platform_strcmp                                           27992053
  ossl_tolower                                               60253206
