
  EVP_md5                                                        1625
  pd_free                                                        1875
  EVP_sm4_cbc                                                    1958
  EVP_sha1                                                       1959
  EVP_rc4_40                                                     2000
  UI_OpenSSL                                                     2000
  EVP_bf_ofb                                                     2083
  EVP_mdc2                                                       2083
  EVP_des_ofb                                                    2084
  sigaction                                                      2084
  EVP_bf_cbc                                                     2125
  EVP_rc2_ofb                                                    2125
  EVP_sha224                                                     2125
  EVP_sm4_ctr                                                    2125
  _cleanup                                                       2125
  opt_unknown                                                    2125
  EVP_cast5_ofb                                                  2250
  EVP_des_cbc                                                    2250
  EVP_idea_cbc                                                   2250
  EVP_idea_ofb                                                   2250
  EVP_md4                                                        2250
  EVP_rc2_cbc                                                    2250
  EVP_rc4                                                        2250
  EVP_sm4_ofb                                                    2250
  strchr                                                         2250
  EVP_md5_sha1                                                   2291
  EVP_sha3_384                                                   2291
  EVP_sha3_512                                                   2291
  EVP_des_cfb8                                                   2292
  EVP_sha384                                                     2292
  EVP_sha3_224                                                   2292
  EVP_sha512                                                     2292
  UI_null                                                        2292
  EVP_cast5_cbc                                                  2375
  EVP_seed_cbc                                                   2375
  EVP_seed_ecb                                                   2375
  EVP_seed_ofb                                                   2375
  EVP_bf_ecb                                                     2417
  EVP_des_ecb                                                    2417
  EVP_des_ede                                                    2417
  EVP_sha512_256                                                 2417
  EVP_shake128                                                   2417
  EVP_sm4_ecb                                                    2417
  app_get0_propq                                                 2417
  EVP_bf_cfb64                                                   2458
  EVP_des_ede3                                                   2458
  EVP_ripemd160                                                  2459
  EVP_shake256                                                   2459
  EVP_MD_free                                                    2500
  EVP_aes_192_cbc                                                2500
  EVP_aes_192_ocb                                                2500
  EVP_blake2s256                                                 2500
  opt_next                                                       2500
  EVP_des_ede_cbc                                                2541
  EVP_idea_cfb64                                                 2541
  EVP_aes_256_cbc                                                2542
  EVP_aes_256_xts                                                2542
  EVP_rc2_cfb64                                                  2542
  EVP_sm3                                                        2542
  EVP_aria_192_cbc                                               2583
  EVP_aria_256_ctr                                               2583
  EVP_cast5_cfb64                                                2583
  EVP_des_ede_ofb                                                2583
  EVP_aes_256_ccm                                                2584
  EVP_des_cfb1                                                   2584
  EVP_desx_cbc                                                   2584
  EVP_sha512_224                                                 2584
  ENGINE_set_id                                                  2625
  EVP_aes_128_cbc                                                2625
  EVP_aes_192_cfb1                                               2625
  EVP_aes_192_ecb                                                2625
  EVP_aes_256_ctr                                                2625
  EVP_aes_256_ocb                                                2625
  EVP_rc2_64_cbc                                                 2625
  EVP_rc2_ecb                                                    2625
  ENGINE_set_name                                                2667
  EVP_aes_192_ccm                                                2667
  EVP_aria_192_gcm                                               2667
  EVP_aria_256_ecb                                               2667
  EVP_idea_ecb                                                   2667
  release_engine                                                 2667
  EVP_aes_256_gcm                                                2708
  EVP_aes_256_ofb                                                2708
  lh_FUNCTION_free                                               2708
  EVP_aes_128_ofb                                                2709
  EVP_aes_192_cfb8                                               2709
  EVP_aria_256_gcm                                               2709
  EVP_whirlpool                                                  2709
  EVP_aes_128_ctr                                                2750
  EVP_aes_256_cfb1                                               2750
  EVP_aria_256_cbc                                               2750
  EVP_aria_256_cfb1                                              2750
  EVP_aria_256_ofb                                               2750
  EVP_cast5_ecb                                                  2750
  EVP_chacha20                                                   2750
  EVP_des_ede3_ofb                                               2750
  EVP_sha3_256                                                   2750
  BIO_f_cipher                                                   2791
  EVP_blake2b512                                                 2791
  EVP_aes_192_gcm                                                2792
  EVP_aria_128_ecb                                               2792
  EVP_aria_192_cfb1                                              2792
  EVP_aria_256_ccm                                               2792
  EVP_sm4_cfb128                                                 2792
  COMP_get_type                                                  2833
  EVP_aes_128_cfb1                                               2833
  EVP_aes_256_ecb                                                2833
  EVP_aria_192_ccm                                               2833
  EVP_des_ede3_cfb8                                              2833
  EVP_seed_cfb128                                                2833
  EVP_des_ede3_cfb1                                              2834
  EVP_aes_128_cfb8                                               2875
  EVP_aes_128_gcm                                                2875
  EVP_aes_256_wrap                                               2875
  EVP_aria_192_ecb                                               2875
  EVP_des_ede3_cbc                                               2875
  OBJ_obj2txt                                                    2875
  vm_deallocate                                                  2875
  EVP_aes_192_wrap                                               2916
  EVP_aria_192_cfb8                                              2916
  EVP_des_ede_cfb64                                              2916
  NCONF_default                                                  2916
  def_to_int                                                     2916
  EVP_aria_128_cbc                                               2917
  EVP_aria_128_cfb8                                              2917
  EVP_rc4_hmac_md5                                               2917
  EVP_aes_128_ocb                                                2958
  EVP_aria_192_ofb                                               2958
  ossl_trace_cleanup                                             2958
  EVP_aes_128_ccm                                                2959
  EVP_aes_192_ofb                                                2959
  EVP_aria_128_ccm                                               2959
  EVP_aria_128_ofb                                               2959
  EVP_aria_192_ctr                                               2959
  EVP_aes_128_xts                                                3000
  EVP_aria_256_cfb128                                            3000
  EVP_aria_256_cfb8                                              3000
  EVP_des_ede3_wrap                                              3000
  getrlimit                                                      3000
  property_cmp                                                   3000
  query_hash                                                     3000
  EVP_aria_192_cfb128                                            3041
  EVP_des_cfb64                                                  3041
  EVP_aes_128_ecb                                                3042
  EVP_aes_256_cfb8                                               3042
  EVP_aria_128_cfb1                                              3042
  EVP_aria_128_ctr                                               3042
  EVP_rc2_40_cbc                                                 3042
  def_init_default                                               3042
  function_cmp                                                   3083
  EVP_aria_128_cfb128                                            3084
  EVP_aes_128_cfb128                                             3125
  EVP_aes_192_cfb128                                             3125
  EVP_aes_192_ctr                                                3125
  EVP_camellia_256_ofb                                           3125
  UI_method_set_closer                                           3125
  __cxa_finalize                                                 3125
  EVP_camellia_192_ctr                                           3166
  EVP_aes_192_wrap_pad                                           3167
  OSSL_LIB_CTX_get_data                                          3167
  EVP_CIPHER_get_flags                                           3208
  EVP_camellia_128_ctr                                           3208
  signal                                                         3208
  EVP_aria_128_gcm                                               3250
  EVP_camellia_256_ctr                                           3250
  UI_method_set_writer                                           3250
  ossl_comp_zstd_cleanup                                         3250
  EVP_aes_128_wrap_pad                                           3291
  EVP_camellia_128_ofb                                           3291
  EVP_camellia_256_cbc                                           3291
  EVP_aes_128_wrap                                               3292
  EVP_aes_256_wrap_pad                                           3292
  EVP_camellia_192_cbc                                           3292
  EVP_camellia_192_ofb                                           3292
  __smakebuf                                                     3292
  EVP_camellia_256_ecb                                           3333
  pthread_self                                                   3334
  EVP_aes_256_cfb128                                             3375
  EVP_camellia_128_cfb1                                          3375
  EVP_camellia_128_cfb8                                          3375
  EVP_camellia_192_cfb1                                          3375
  EVP_camellia_192_ecb                                           3375
  EVP_camellia_256_cfb1                                          3375
  EVP_camellia_256_cfb8                                          3375
  OSSL_PARAM_modified                                            3375
  opt_set_unknown_name                                           3375
  ossl_store_cleanup_int                                         3375
  UI_method_set_reader                                           3416
  ossl_comp_brotli_cleanup                                       3417
  EVP_camellia_192_cfb8                                          3458
  EVP_des_ede3_cfb64                                             3458
  app_RAND_write                                                 3458
  ossl_prov_ctx_new                                              3458
  ENGINE_set_flags                                               3500
  EVP_camellia_128_cbc                                           3500
  EVP_chacha20_poly1305                                          3500
  bio_sock_cleanup_int                                           3542
  EVP_add_alg_module                                             3583
  ASN1_add_oid_module                                            3584
  init_thread_stop                                               3584
  ASN1_add_stable_module                                         3625
  BIO_meth_set_ctrl                                              3625
  store_loader_cmp                                               3625
  ossl_comp_zlib_cleanup                                         3666
  OSSL_STORE_register_loader                                     3667
  engine_load_rdrand_int                                         3667
  UI_method_set_opener                                           3708
  free_medium                                                    3708
  ossl_prov_ctx_free                                             3708
  EVP_camellia_256_cfb128                                        3709
  strrchr                                                        3792
  BIO_meth_set_puts                                              3833
  NCONF_get0_libctx                                              3833
  core_get_libctx                                                3833
  evp_app_cleanup_int                                            3833
  ossl_prov_ctx_set0_handle                                      3833
  EVP_camellia_128_ecb                                           3834
  ossl_lib_ctx_write_lock                                        3834
  BIO_meth_set_gets                                              3875
  ERR_print_errors                                               3875
  EVP_CIPHER_fetch                                               3875
  EVP_CipherFinal_ex                                             3916
  EVP_CipherUpdate                                               3916
  __getrlimit                                                    3916
  EVP_camellia_192_cfb128                                        3917
  ENGINE_set_cmd_defns                                           3958
  BIO_meth_set_create                                            3959
  OSSL_LIB_CTX_free                                              4000
  aes_v8_set_encrypt_key                                         4000
  ossl_method_unlock_store                                       4000
  dyld4::APIs::_tlv_exit()                                       4041
  EVP_CIPHER_get_iv_length                                       4083
  null_gettable_ctx_params                                       4083
  BIO_meth_set_destroy                                           4084
  ENGINE_add_conf_module                                         4084
  COMP_zlib                                                      4125
  opt_check_rest_arg                                             4125
  ossl_prov_ctx_get0_libctx                                      4125
  ossl_method_lock_store                                         4166
  ossl_prov_ctx_set0_libctx                                      4166
  ERR_get_error_all                                              4250
  EVP_camellia_128_cfb128                                        4250
  EVP_PKEY_asn1_get_count                                        4291
  close                                                          4292
  aes_192_ecb_get_params                                         4333
  aria_192_ctr_get_params                                        4333
  CRYPTO_THREAD_get_current_id                                   4334
  aes_192_ctr_get_params                                         4334
  aes_256_ctr_get_params                                         4334
  aria_256_ctr_get_params                                        4334
  ossl_lib_ctx_is_default                                        4334
  BIO_meth_set_read_ex                                           4375
  aes_128_ctr_get_params                                         4375
  chacha20_get_params                                            4375
  ossl_config_add_ssl_module                                     4375
  tdes_ede2_cbc_get_params                                       4375
  ENGINE_set_ctrl_function                                       4416
  OSSL_ERR_STATE_new                                             4416
  aes_192_cfb_get_params                                         4416
  sm4_128_cbc_get_params                                         4416
  BIO_meth_set_write_ex                                          4417
  OSSL_STORE_unregister_loader                                   4417
  sm4_128_ctr_get_params                                         4417
  CONF_imodule_get_value                                         4458
  EVP_sha256                                                     4458
  aes_128_ecb_get_params                                         4458
  aes_128_xts_get_params                                         4458
  aria_128_cfb1_get_params                                       4458
  ossl_bio_core_globals_free                                     4458
  ossl_cipher_generic_reset_ctx                                  4458
  aes_256_siv_get_params                                         4459
  __sigaction                                                    4500
  aes_128_cbc_get_params                                         4500
  aes_128_cfb1_get_params                                        4500
  aes_128_ofb_get_params                                         4500
  aes_192_cfb8_get_params                                        4500
  aria_128_cfb8_get_params                                       4500
  aria_128_gcm_get_params                                        4500
  aria_192_gcm_get_params                                        4500
  ossl_child_prov_ctx_new                                        4500
  aes_256_ofb_get_params                                         4541
  ossl_stored_namemap_free                                       4541
  aes_128_ocb_get_params                                         4542
  aes_256_cfb8_get_params                                        4542
  aes_256_cfb_get_params                                         4542
  tdes_ede3_cfb_get_params                                       4542
  aes_128_cfb_get_params                                         4583
  aes_192_ccm_get_params                                         4583
  aes_192_wrapinv_get_params                                     4583
  aes_256_cbc_get_params                                         4583
  aes_256_ccm_get_params                                         4583
  ossl_rand_cleanup_int                                          4583
  aria_128_cfb_get_params                                        4584
  tdes_ede2_ecb_get_params                                       4584
  ENGINE_set_finish_function                                     4625
  OSSL_STORE_LOADER_set_eof                                      4625
  aes_128_siv_get_params                                         4625
  aes_192_cbc_get_params                                         4625
  aes_192_gcm_get_params                                         4625
  aes_192_ofb_get_params                                         4625
  aes_192_wrap_get_params                                        4625
  aes_cts_192_cbc_get_params                                     4625
  aria_256_cfb8_get_params                                       4625
  aria_256_ofb_get_params                                        4625
  tdes_ede3_cbc_get_params                                       4625
  tiny_try_realloc_in_place                                      4625
  aria_128_ccm_get_params                                        4666
  aes_192_cfb1_get_params                                        4667
  aes_cts_128_cbc_get_params                                     4667
  ossl_random_add_conf_module                                    4667
  pthread_cond_destroy                                           4667
  sm4_128_ofb128_get_params                                      4667
  UI_method_set_prompt_constructor                               4708
  aes_128_gcm_get_params                                         4708
  aes_192_siv_get_params                                         4708
  aes_256_gcm_get_params                                         4708
  aes_256_xts_get_params                                         4708
  aria_192_cfb1_get_params                                       4708
  aria_192_ecb_get_params                                        4708
  aria_256_cbc_get_params                                        4708
  sm4_128_ecb_get_params                                         4708
  EVP_aes_256_cbc_hmac_sha1                                      4709
  EVP_aes_256_cbc_hmac_sha256                                    4709
  sm4_128_cfb128_get_params                                      4709
  tiny_free_no_lock                                              4709
  BIO_free                                                       4750
  OSSL_CMP_log_close                                             4750
  OSSL_STORE_LOADER_free                                         4750
  OSSL_STORE_LOADER_set_error                                    4750
  OSSL_STORE_LOADER_set_load                                     4750
  aes_128_wrappad_get_params                                     4750
  aes_192_wrappad_get_params                                     4750
  aria_128_ctr_get_params                                        4750
  aria_192_cbc_get_params                                        4750
  aria_256_cfb_get_params                                        4750
  aria_256_ecb_get_params                                        4750
  chacha20_gettable_ctx_params                                   4750
  ossl_bio_core_globals_new                                      4750
  ossl_ctx_global_properties_new                                 4750
  sm4_128_gcm_get_params                                         4750
  tdes_ede3_cfb1_get_params                                      4750
  tdes_wrap_get_params                                           4750
  OSSL_STORE_LOADER_set_close                                    4791
  memset                                                         4791
  ossl_prov_ctx_set0_core_bio_method                             4791
  ENGINE_set_init_function                                       4792
  aes_256_wrap_get_params                                        4792
  aria_128_cbc_get_params                                        4792
  aria_128_ecb_get_params                                        4792
  aria_128_ofb_get_params                                        4792
  aria_192_cfb_get_params                                        4792
  camellia_128_ctr_get_params                                    4792
  aes_128_ccm_get_params                                         4833
  aes_192_ocb_get_params                                         4833
  aes_256_ocb_get_params                                         4833
  camellia_256_cfb_get_params                                    4833
  camellia_256_ctr_get_params                                    4833
  ossl_prov_cipher_hw_aes_ctr                                    4833
  tdes_ede3_cfb8_get_params                                      4833
  aria_192_ccm_get_params                                        4834
  sm4_128_xts_get_params                                         4834
  aes_256_cfb1_get_params                                        4875
  aes_256_wrappad_get_params                                     4875
  aria_192_cfb8_get_params                                       4875
  aria_256_cfb1_get_params                                       4875
  engine_pkey_meths_free                                         4875
  sm4_128_ccm_get_params                                         4875
  Diagnostics::clearError()                                      4917
  OSSL_trace_set_channel                                         4917
  aes_128_wrap_get_params                                        4917
  aria_192_ofb_get_params                                        4917
  camellia_192_ecb_get_params                                    4917
  ossl_provider_add_conf_module                                  4917
  tdes_ede2_ofb_get_params                                       4917
  aes_128_wrapinv_get_params                                     4958
  aes_256_ecb_get_params                                         4958
  aria_256_gcm_get_params                                        4958
  camellia_256_ofb_get_params                                    4958
  lsl::Lock::unlock()                                            4958
  ossl_store_register_init                                       4958
  tdes_ede2_cfb_get_params                                       4958
  tdes_ede3_ofb_get_params                                       4958
  aes_v8_ctr32_encrypt_blocks                                    4959
  camellia_192_cfb_get_params                                    4959
  engine_remove_dynamic_id                                       4959
  def_is_number                                                  4999
  ENGINE_load_builtin_engines                                    5000
  aes_cts_256_cbc_get_params                                     5000
  camellia_128_cfb_get_params                                    5000
  camellia_128_ofb_get_params                                    5000
  camellia_192_cbc_get_params                                    5000
  camellia_192_ctr_get_params                                    5000
  aes_128_cfb8_get_params                                        5042
  OSSL_STORE_LOADER_set_open                                     5083
  aria_256_ccm_get_params                                        5083
  EVP_aes_128_cbc_hmac_sha256                                    5125
  aes_128_wrappadinv_get_params                                  5166
  camellia_128_cbc_get_params                                    5166
  tdes_ede3_ecb_get_params                                       5166
  aes_256_wrapinv_get_params                                     5167
  camellia_128_cfb8_get_params                                   5167
  camellia_128_ecb_get_params                                    5167
  camellia_192_ofb_get_params                                    5167
  camellia_256_cbc_get_params                                    5167
  ossl_property_match_count                                      5167
  OPENSSL_sk_sort                                                5208
  OSSL_STORE_LOADER_set_expect                                   5208
  aes_192_wrappadinv_get_params                                  5208
  camellia_128_cfb1_get_params                                   5208
  camellia_256_cfb1_get_params                                   5208
  ossl_free_compression_methods_int                              5208
  ossl_indicator_set_callback_free                               5208
  ossl_self_test_set_callback_free                               5208
  EVP_CIPHER_get_key_length                                      5209
  camellia_192_cfb8_get_params                                   5209
  ENGINE_get_cipher_engine                                       5250
  camellia_192_cfb1_get_params                                   5250
  aes_256_wrappadinv_get_params                                  5291
  camellia_cts_192_cbc_get_params                                5292
  ossl_init_thread_deregister                                    5334
  OSSL_PARAM_get_int                                             5375
  chacha20_poly1305_gettable_ctx_params                          5375
  ossl_property_has_optional                                     5375
  camellia_256_ecb_get_params                                    5458
  camellia_cts_256_cbc_get_params                                5500
  engine_pkey_asn1_meths_free                                    5500
  getuid                                                         5500
  ossl_provider_unquery_operation                                5500
  medium_region_for_ptr_no_lock                                  5541
  camellia_256_cfb8_get_params                                   5542
  ossl_aes_256_gcm_siv_get_params                                5625
  ossl_aes_128_gcm_siv_get_params                                5666
  EVP_CIPHER_CTX_get_block_size                                  5667
  OPENSSL_cpuid_setup                                            5667
  getegid                                                        5667
  __fcntl                                                        5708
  ossl_indicator_set_callback_new                                5708
  OSSL_LIB_CTX_set_conf_diagnostics                              5750
  getgid                                                         5791
  chacha20_poly1305_get_params                                   5792
  ossl_aes_192_gcm_siv_get_params                                5792
  opt_arg                                                        5832
  ossl_prov_bio_from_dispatch                                    5834
  ossl_self_test_set_callback_new                                5875
  geteuid                                                        5876
  ossl_prov_ctx_get0_core_bio_method                             5917
  ossl_prov_seeding_from_dispatch                                5958
  BIO_set_data                                                   6000
  camellia_cts_128_cbc_get_params                                6000
  free_small                                                     6084
  app_get0_libctx                                                6250
  EVP_CIPHER_get_mode                                            6375
  dyld4::Loader::hiddenFromFlat(bool) const                      6750
  dyld4::RuntimeState::notifyObjCPatching()                      6750
  OSSL_PARAM_get_int32                                           6751
  EVP_RAND_CTX_free                                              6791
  dyld3::kdebug_trace_dyld_enabled(unsigned int)                 6791
  BIO_next                                                       6917
  dyld4::BumpAllocator::~BumpAllocator()                         7042
  _kernelrpc_mach_port_deallocate_trap                           7125
  _platform_strnlen                                              7209
  dyld4::handleFromLoader(dyld4::Loader const*, bool)             7209
  bio_open_default                                               7250
  EVP_CipherInit_ex                                              7458
  medium_malloc_from_free_list                                   7500
  ENGINE_register_EC                                             7542
  OPENSSL_sk_pop                                                 7542
  ENGINE_register_DH                                             7709
  store_loader_hash                                              7709
  __sclose                                                       7834
  BIO_copy_next_retry                                            7916
  flsl                                                           7957
  ENGINE_register_RSA                                            7958
  dyld4::JustInTimeLoader::hiddenFromFlat(bool) const             7959
  openssl_fopen                                                  8000
  file_ctrl                                                      8042
  ENGINE_register_DSA                                            8083
  err_unshelve_state                                             8125
  lsl::Lock::lock()                                              8125
  _kernelrpc_mach_port_construct_trap                            8166
  X509_get_default_cert_area                                     8333
  ENGINE_register_RAND                                           8375
  dyld4::Loader::beginInitializers(dyld4::RuntimeState&)             8417
  ossl_lib_ctx_get_concrete                                      8667
  dyld4::RuntimeState::incDlRefCount(dyld4::Loader const*)             8792
  EVP_aes_128_cbc_hmac_sha1                                      8833
  strlen                                                         8959
  ENGINE_register_digests                                        9000
  BIO_set_init                                                   9125
  ENGINE_register_ciphers                                        9125
  lsl::Vector<dyld4::Loader const*>::reserveExact(unsigned long)             9166
  ossl_cipher_generic_einit                                      9292
  __sflags                                                       9416
  DSO_METHOD_openssl                                             9417
  ossl_sa_new                                                    9458
  ENGINE_register_pkey_meths                                     9666
  dyld4::JustInTimeLoader::beginInitializers(dyld4::RuntimeState&)             9833
  ossl_property_free                                             9874
  BIO_set_flags                                                  9876
  lsl::Vector<lsl::MemoryManager::Buffer>::reserve(unsigned long)            10000
  ossl_cipher_generic_set_ctx_params                            10166
  CRYPTO_atomic_or                                              10209
  lsl::EphemeralAllocator::reset()                              10375
  tiny_malloc_from_free_list                                    10375
  OSSL_LIB_CTX_get_conf_diagnostics                             10791
  ENGINE_register_pkey_asn1_meths                               10958
  engine_free_util                                              10959
  ossl_lib_ctx_get_rcukey                                       11209
  NCONF_get_section                                             11417
  ossl_sa_doall_arg                                             11583
  OPENSSL_cleanse                                               11624
  ossl_lib_ctx_get_ex_data_global                               11708
  aes_siv_gettable_ctx_params                                   12083
  dyld4::RuntimeState::doSingletonPatching(dyld4::DyldCacheDataConstLazyScopedWriter&)            12084
  fstat                                                         12127
  deflt_query                                                   12292
  ossl_cipher_capable_aes_cbc_hmac_sha256                       12584
  ossl_cipher_capable_aes_cbc_hmac_sha1                         12667
  ossl_property_value                                           13000
  aes_cbc_cts_gettable_ctx_params                               13542
  cipher_ocb_gettable_ctx_params                                13583
  BIO_clear_flags                                               13584
  EVP_add_cipher                                                13666
  dyld4::Loader::loadDependents(Diagnostics&, dyld4::RuntimeState&, dyld4::Loader::LoadOptions const&)            13916
  dyld4::DyldCacheDataConstLazyScopedWriter::DyldCacheDataConstLazyScopedWriter(dyld4::RuntimeState&)            14167
  lsl::EphemeralAllocator::~EphemeralAllocator()                14209
  dyld4::Loader::path() const                                   14543
  BIO_get_data                                                  14707
  sa_doall                                                      14749
  _NSGetEnviron                                                 14834
  CRYPTO_atomic_add                                             15167
  dyld4::JustInTimeLoader::loadDependents(Diagnostics&, dyld4::RuntimeState&, dyld4::Loader::LoadOptions const&)            15208
  DSO_free                                                      15373
  ossl_aes_gcm_siv_gettable_ctx_params                          15500
  camellia_cbc_cts_gettable_ctx_params                          15501
  dyld3::MachOFile::is64() const                                15583
  _kernelrpc_mach_port_destruct_trap                            16084
  __bzero                                                       16125
  file_new                                                      16333
  __sflush                                                      16376
  ossl_prov_is_running                                          16541
  file_free                                                     16626
  _kernelrpc_mach_vm_deallocate_trap                            16708
  invocation function for block in dyld4::Loader::forEachPath(Diagnostics&, dyld4::RuntimeState&, char const*, dyld4::Loader::Loa            17792
  pthread_mutex_destroy                                         17834
  dyld4::JustInTimeLoader::path() const                         18000
  CRYPTO_THREAD_lock_free                                       18125
  FMT_istext                                                    18332
  OPENSSL_LH_get_down_load                                      18375
  os_unfair_recursive_lock_unlock                               18626
  kdebug_is_enabled                                             18750
  mach_msg2_trap                                                18833
  BIO_new                                                       19042
  pthread_cond_init                                             19542
  small_try_realloc_in_place                                    20250
  os_unfair_recursive_lock_lock_with_options                    20542
  __chkstk_darwin_probe                                         20875
  dyld4::Loader::matchesPath(char const*) const                 21125
  dyld4::LibSystemHelpers::pthread_getspecific(unsigned long) const            21333
  property_free                                                 21500
  ___chkstk_darwin                                              21666
  lsl::EphemeralAllocator::deallocate_buffer(lsl::MemoryManager::Buffer)            21834
  os_unfair_lock_assert_not_owner                               21959
  small_size                                                    22250
  dyld4::ProcessConfig::DyldCache::indexOfPath(char const*, unsigned int&) const            23751
  rack_region_insert                                            24333
  dyld4::Loader::loadAddress(dyld4::RuntimeState&) const            24750
  small_free_list_find_by_ptr                                   24957
  pthread_mutex_init                                            25541
  __findenv_locked                                              26458
  dyld3::ScopedTimer::endTimer()                                26626
  OPENSSL_strnlen                                               26917
  lsl::MemoryManager::lockGuard()                               27376
  ossl_property_name                                            27584
  OPENSSL_sk_delete                                             28041
  dyld4::JustInTimeLoader::loadAddress(dyld4::RuntimeState&) const            28334
  small_free_list_remove_ptr                                    29168
  tiny_free_list_remove_ptr                                     32167
  _pthread_mutex_check_init_slow                                32541
  lsl::AllocationMetadata::AllocationMetadata(lsl::Allocator*, unsigned long)            33626
  small_free_list_remove_ptr_no_clear                           35417
  CRYPTO_new_ex_data                                            35793
  __open                                                        35917
  OPENSSL_LH_set_down_load                                      37290
  szone_good_size                                               37501
  dyld4::LibSystemHelpers::os_unfair_recursive_lock_unlock(os_unfair_recursive_lock_s*) const            38417
  OPENSSL_sk_free                                               39664
  get_tiny_previous_free_msize                                  40667
  dyld4::LibSystemHelpers::os_unfair_lock_unlock(os_unfair_lock_s*) const            41417
  Diagnostics::hasError() const                                 41458
  ossl_rcu_write_lock                                           42709
  __read_nocancel                                               42747
  EVP_PKEY_asn1_get0                                            43000
  _kernelrpc_mach_vm_map_trap                                   43374
  small_free_list_add_ptr                                       44544
  ossl_tdes_gettable_ctx_params                                 45707
  Diagnostics::noError() const                                  46292
  ossl_rcu_write_unlock                                         46420
  pthread_setspecific                                           46458
  small_malloc_from_free_list                                   48542
  dyld4::RuntimeState::PermanentRanges::contains(unsigned long, unsigned long, unsigned char*, dyld4::Loader const**) const            49625
  _tiny_check_and_zero_inline_meta_from_freelist                51249
  dyld3::MachOFile::read_uleb128(Diagnostics&, unsigned char const*&, unsigned char const*)            51375
  dyld4::LibSystemHelpers::os_unfair_recursive_lock_lock_with_options(os_unfair_recursive_lock_s*, os_unfair_lock_options_t) cons            52540
  EVP_PKEY_asn1_get0_info                                       53669
  pthread_cond_broadcast                                        55916
  szone_malloc                                                  56080
  madvise                                                       56625
  tiny_size                                                     58333
  __write_nocancel                                              59792
  dyld4::LibSystemHelpers::os_unfair_lock_lock_with_options(os_unfair_lock_s*, os_unfair_lock_options_t) const            60166
  realloc                                                       61959
  set_tiny_meta_header_in_use                                   63125
  lsl::EphemeralAllocator::allocate_buffer(unsigned long, unsigned long, unsigned long)            63708
  tiny_free_list_add_ptr                                        64044
  _qsort                                                        65414
  _szone_free                                                   70254
  ossl_cipher_aead_gettable_ctx_params                          70541
  OPENSSL_sk_pop_free                                           73336
  __close_nocancel                                              73417
  strcmp                                                        74041
  szone_try_free_default                                        77210
  os_unfair_lock_assert_owner                                   79124
  dyld3::kdebug_trace_dyld_duration_end(unsigned long long, unsigned int, dyld3::kt_arg, dyld3::kt_arg, dyld3::kt_arg)            79918
  rack_get_thread_index                                         82788
  invocation function for block in dyld3::MachOFile::getDylibInstallName(char const**, unsigned int*, unsigned int*) const            86042
  EVP_CIPHER_get_type                                           90375
  property_hash                                                 91956
  dyld4::Loader::contains(dyld4::RuntimeState&, void const*, void const**, unsigned long long*, unsigned char*) const            93250
  dyld3::OverflowSafeArray<unsigned int, 4294967295ul>::verifySpace(unsigned long)            93624
  pthread_cond_signal                                          104748
  Diagnostics::assertNoError() const                           106878
  nanov2_size                                                  115962
  pthread_rwlock_destroy                                       122708
  pthread_rwlock_init                                          125918
  os_unfair_lock_unlock                                        132084
  __open_nocancel                                              135791
  Diagnostics::~Diagnostics()                                  137626
  Diagnostics::Diagnostics(bool)                               145833
  get_legacy_evp_names                                         158292
  ossl_ctype_check                                             168541
  os_unfair_lock_lock_with_options                             173123
  invocation function for block in dyld3::MachOFile::getEntry(unsigned long long&, bool&) const           192374
  nanov2_pointer_size                                          192665
  EVP_MD_get_type                                              194001
  free                                                         206404
  _Block_object_dispose                                        212334
  OPENSSL_hexchar2int                                          237080
  nanov2_allocate_from_block                                   247874
  ossl_sa_set                                                  248623
  strncmp                                                      281673
  invocation function for block in dyld4::JustInTimeLoader::contains(dyld4::RuntimeState&, void const*, void const**, unsigned lo           289541
  trim_ws                                                      293661
  BUF_MEM_new                                                  304329
  names_free                                                   315504
  OBJ_get0_data                                                330129
  OPENSSL_LH_doall                                             331253
  OPENSSL_LH_flush                                             331590
  ossl_provider_ctx                                            340117
  OSSL_PARAM_set_uint                                          340578
  EVP_CIPHER_get_nid                                           364796
  conf_value_cmp                                               375789
  ossl_lib_ctx_unlock                                          377952
  OSSL_PARAM_locate_const                                      397782
  invocation function for block in dyld3::MachOLoaded::findClosestSymbol(unsigned long long, char const**, unsigned long long*) c           404626
  ossl_lib_ctx_read_lock                                       428120
  OPENSSL_LH_set_thunks                                        428370
  property_defn_cmp                                            436037
  ossl_cipher_generic_gettable_ctx_params                      445748
  evp_cipher_up_ref                                            453417
  property_defn_hash                                           460705
  ossl_provider_free                                           462587
  value_free_hash                                              473795
  BN_free                                                      475873
  function_hash                                                482663
  CRYPTO_realloc                                               486287
  ossl_provider_up_ref                                         490670
  OSSL_PARAM_set_uint32                                        497131
  ASN1_OBJECT_free                                             504213
  ossl_sa_get                                                  511453
  eat_alpha_numeric                                            511705
  sa_free_node                                                 544619
  OSSL_PARAM_construct_end                                     547748
  EVP_CIPHER_get0_provider                                     557166
  OSSL_PARAM_construct_uint                                    565540
  evp_cipher_free                                              575037
  do_all_fn                                                    577795
  EVP_CIPHER_free                                              626955
  ossl_provider_libctx                                         798910
  invocation function for block in dyld3::MachOLoaded::getLinkEditLoadCommands(Diagnostics&, dyld3::MachOLoaded::LinkEditInfo&) c           820084
  internal_free_nop                                            855173
  _platform_strncmp                                            872379
  name_string_free                                             898365
  OPENSSL_LH_error                                             933576
  invocation function for block in dyld3::MachOFile::forEachSegment(void (dyld3::MachOFile::SegmentInfo const&, bool&) block_poin          1091955
  BUF_MEM_grow                                                1121212
  OSSL_PARAM_set_size_t                                       1122257
  pthread_getspecific                                         1149546
  sk_reserve                                                  1163537
  _os_once                                                    1232279
  CRYPTO_THREAD_get_local                                     1276467
  _platform_memchr                                            1348469
  ossl_rcu_assign_uptr                                        1417125
  OSSL_PARAM_set_uint64                                       1501089
  names_lh_free_doall                                         1527628
  ossl_lib_ctx_get_data                                       1598506
  OSSL_PARAM_set_int                                          1614789
  _platform_strchr                                            1718841
  pthread_mutex_lock                                          1727666
  OSSL_PARAM_construct_size_t                                 1799255
  pthread_mutex_unlock                                        1831326
  _nanov2_free                                                1869660
  OPENSSL_sk_push                                             1963247
  _pthread_mutex_lock_init_slow                               1981128
  OPENSSL_sk_num                                              2003079
  _pthread_mutex_unlock_init_slow                             2095119
  _pthread_mutex_firstfit_lock_slow                           2206464
  _pthread_mutex_firstfit_unlock_slow                         2295089
  OPENSSL_sk_value                                            2309538
  OSSL_PARAM_set_int32                                        2426539
  obj_name_cmp                                                2511127
  OPENSSL_LH_strhash                                          2708824
  _platform_memcmp                                            2725341
  OSSL_PARAM_construct_int                                    2725574
  pthread_once                                                3012965
  OBJ_nid2obj                                                 3134865
  CRYPTO_atomic_load                                          3266962
  pthread_rwlock_rdlock                                       3313545
  SortFnByName                                                3430538
  ossl_lh_strcasehash                                         3657492
  __error                                                     3743716
  ossl_isdigit                                                3998876
  cipher_compare                                              4004788
  fnv1a_hash                                                  4406836
  _platform_memmove                                           6484358
  pthread_rwlock_wrlock                                       6697055
  pthread_rwlock_unlock                                       9906559
  err_string_data_cmp                                        10835974
  CRYPTO_free                                                12280106
  malloc                                                     13288590
  doapr_outch                                                15105293
  err_string_data_hash                                       16547376
  nanov2_malloc                                              18452844
  _platform_strlen                                           23175383
  _platform_memset                                           25590632
  nanov2_try_free_default                                    26029971
  _platform_strcmp                                           27849977
  ossl_tolower                                               59851469
