
  pd_free                                                        1792
  EVP_md5                                                        1916
  EVP_mdc2                                                       1958
  sigaction                                                      1959
  EVP_des_ecb                                                    2041
  EVP_rc4_40                                                     2041
  UI_null                                                        2042
  EVP_des_ofb                                                    2083
  EVP_sha1                                                       2083
  UI_OpenSSL                                                     2083
  EVP_md4                                                        2084
  EVP_bf_cbc                                                     2125
  EVP_sm4_cbc                                                    2125
  EVP_sm4_ctr                                                    2125
  EVP_bf_ofb                                                     2167
  EVP_idea_ofb                                                   2167
  EVP_sha512                                                     2167
  _cleanup                                                       2167
  EVP_idea_cbc                                                   2208
  EVP_sha3_512                                                   2208
  EVP_des_cfb8                                                   2209
  EVP_rc2_ofb                                                    2250
  EVP_sha224                                                     2250
  EVP_sha3_224                                                   2250
  EVP_shake128                                                   2250
  opt_unknown                                                    2250
  strchr                                                         2250
  EVP_cast5_ofb                                                  2291
  EVP_rc2_cbc                                                    2292
  EVP_rc4                                                        2292
  EVP_sha384                                                     2292
  EVP_sm4_ofb                                                    2292
  EVP_des_cbc                                                    2333
  EVP_seed_cbc                                                   2333
  EVP_chacha20                                                   2375
  EVP_des_ede                                                    2375
  EVP_seed_ofb                                                   2375
  EVP_sha512_256                                                 2375
  EVP_aes_256_ctr                                                2416
  app_get0_propq                                                 2416
  EVP_bf_cfb64                                                   2417
  EVP_md5_sha1                                                   2417
  EVP_sha3_384                                                   2417
  release_engine                                                 2417
  EVP_blake2s256                                                 2458
  EVP_cast5_cbc                                                  2458
  EVP_des_ede3                                                   2458
  EVP_rc2_64_cbc                                                 2458
  EVP_ripemd160                                                  2458
  EVP_rc2_cfb64                                                  2500
  EVP_sha512_224                                                 2500
  EVP_sm3                                                        2500
  EVP_aes_256_cbc                                                2542
  EVP_aes_256_ofb                                                2583
  EVP_des_cfb1                                                   2583
  opt_next                                                       2583
  EVP_aes_192_cbc                                                2584
  EVP_aes_256_ccm                                                2584
  EVP_rc2_ecb                                                    2584
  EVP_aes_128_ccm                                                2625
  EVP_aes_192_ofb                                                2625
  EVP_bf_ecb                                                     2625
  EVP_sha3_256                                                   2625
  EVP_shake256                                                   2625
  def_to_int                                                     2625
  lh_FUNCTION_free                                               2625
  strrchr                                                        2625
  EVP_aria_256_ctr                                               2666
  EVP_aria_256_ecb                                               2666
  EVP_MD_free                                                    2667
  EVP_aes_128_ofb                                                2667
  EVP_aes_192_ocb                                                2667
  EVP_aes_256_cfb1                                               2667
  EVP_aes_256_gcm                                                2667
  EVP_aria_192_ctr                                               2667
  EVP_aria_192_ofb                                               2667
  EVP_aria_256_ccm                                               2667
  EVP_aria_256_gcm                                               2667
  EVP_desx_cbc                                                   2667
  COMP_get_type                                                  2708
  EVP_aes_128_cbc                                                2708
  EVP_aes_256_cfb8                                               2708
  EVP_aria_128_ofb                                               2708
  EVP_aria_192_gcm                                               2708
  EVP_aria_256_ofb                                               2708
  EVP_blake2b512                                                 2708
  EVP_idea_ecb                                                   2708
  EVP_aes_128_ctr                                                2709
  EVP_aes_192_ccm                                                2709
  EVP_aes_192_gcm                                                2709
  EVP_aes_192_cfb8                                               2750
  EVP_aes_192_ecb                                                2750
  EVP_aes_256_xts                                                2750
  EVP_aria_128_ecb                                               2750
  EVP_des_ede_ofb                                                2750
  EVP_rc2_40_cbc                                                 2750
  EVP_rc4_hmac_md5                                               2750
  EVP_seed_ecb                                                   2750
  ossl_trace_cleanup                                             2750
  EVP_aes_192_ctr                                                2791
  EVP_aria_192_cfb1                                              2791
  EVP_aes_128_cfb1                                               2792
  EVP_aes_192_cfb1                                               2792
  EVP_aes_256_wrap                                               2792
  EVP_aria_192_cbc                                               2792
  EVP_aria_256_cbc                                               2792
  EVP_aria_256_cfb1                                              2792
  EVP_des_ede3_ofb                                               2792
  BIO_f_cipher                                                   2833
  ENGINE_set_id                                                  2833
  EVP_des_ede3_cfb8                                              2833
  EVP_whirlpool                                                  2833
  query_hash                                                     2833
  EVP_aes_128_xts                                                2834
  EVP_aes_256_ocb                                                2834
  EVP_cast5_cfb64                                                2834
  EVP_des_ede_cbc                                                2834
  ENGINE_set_name                                                2875
  EVP_aes_128_wrap                                               2875
  EVP_aria_192_ecb                                               2875
  EVP_aria_256_cfb8                                              2875
  EVP_des_ede3_cfb1                                              2875
  EVP_seed_cfb128                                                2875
  EVP_sm4_cfb128                                                 2875
  EVP_sm4_ecb                                                    2875
  NCONF_default                                                  2875
  OBJ_obj2txt                                                    2875
  EVP_aes_192_wrap                                               2958
  EVP_cast5_ecb                                                  2958
  EVP_aria_128_ctr                                               2959
  EVP_aria_128_gcm                                               2959
  EVP_aria_192_ccm                                               2959
  EVP_aria_192_cfb8                                              2959
  EVP_aes_256_ecb                                                3000
  EVP_aria_192_cfb128                                            3000
  def_init_default                                               3000
  EVP_aria_128_cbc                                               3041
  property_cmp                                                   3041
  vm_deallocate                                                  3041
  EVP_aes_192_cfb128                                             3042
  EVP_aria_128_cfb8                                              3042
  EVP_des_cfb64                                                  3042
  EVP_des_ede_cfb64                                              3042
  EVP_aes_128_cfb128                                             3083
  EVP_aria_256_cfb128                                            3083
  EVP_idea_cfb64                                                 3083
  OSSL_LIB_CTX_get_data                                          3083
  function_cmp                                                   3083
  signal                                                         3083
  EVP_des_ede3_wrap                                              3084
  EVP_aes_192_wrap_pad                                           3125
  EVP_aes_256_wrap_pad                                           3125
  EVP_camellia_128_cbc                                           3125
  EVP_camellia_256_ofb                                           3125
  EVP_des_ede3_cbc                                               3125
  EVP_des_ede3_cfb64                                             3125
  COMP_zlib                                                      3166
  EVP_aes_128_ocb                                                3166
  EVP_camellia_128_ofb                                           3166
  EVP_aes_128_cfb8                                               3167
  EVP_camellia_192_cbc                                           3167
  EVP_camellia_192_ofb                                           3167
  EVP_aes_256_cfb128                                             3208
  EVP_aria_128_cfb1                                              3208
  UI_method_set_writer                                           3208
  getrlimit                                                      3208
  EVP_aria_128_ccm                                               3209
  EVP_aes_128_gcm                                                3250
  EVP_camellia_192_cfb1                                          3250
  EVP_camellia_192_ctr                                           3250
  __cxa_finalize                                                 3250
  EVP_CIPHER_get_flags                                           3292
  EVP_aes_128_wrap_pad                                           3292
  EVP_camellia_128_cfb8                                          3333
  EVP_camellia_256_cfb8                                          3333
  opt_set_unknown_name                                           3333
  ossl_comp_zstd_cleanup                                         3333
  EVP_camellia_256_cfb1                                          3334
  EVP_camellia_256_ecb                                           3375
  EVP_chacha20_poly1305                                          3375
  ossl_prov_ctx_new                                              3375
  UI_method_set_closer                                           3416
  EVP_camellia_128_cfb1                                          3417
  EVP_camellia_128_ctr                                           3417
  EVP_camellia_192_cfb8                                          3417
  EVP_camellia_192_ecb                                           3417
  EVP_camellia_256_ctr                                           3417
  OSSL_PARAM_modified                                            3417
  ossl_prov_ctx_free                                             3417
  EVP_aes_128_ecb                                                3458
  init_thread_stop                                               3458
  ossl_store_cleanup_int                                         3459
  EVP_camellia_256_cbc                                           3500
  UI_method_set_reader                                           3500
  app_RAND_write                                                 3500
  bio_sock_cleanup_int                                           3500
  evp_app_cleanup_int                                            3500
  EVP_aria_128_cfb128                                            3541
  ENGINE_set_flags                                               3542
  UI_method_set_opener                                           3542
  __smakebuf                                                     3542
  ossl_comp_brotli_cleanup                                       3542
  tiny_free_no_lock                                              3583
  engine_load_rdrand_int                                         3584
  pthread_self                                                   3584
  __getrlimit                                                    3625
  free_medium                                                    3625
  store_loader_cmp                                               3625
  ossl_lib_ctx_write_lock                                        3666
  EVP_add_alg_module                                             3667
  OSSL_STORE_register_loader                                     3667
  ossl_prov_ctx_set0_handle                                      3667
  EVP_CipherUpdate                                               3708
  EVP_camellia_256_cfb128                                        3709
  ASN1_add_oid_module                                            3750
  ossl_comp_zlib_cleanup                                         3750
  ERR_get_error_all                                              3792
  EVP_camellia_192_cfb128                                        3792
  BIO_meth_set_puts                                              3833
  dyld4::APIs::_tlv_exit()                                       3833
  BIO_meth_set_ctrl                                              3834
  EVP_camellia_128_cfb128                                        3834
  NCONF_get0_libctx                                              3834
  EVP_CipherFinal_ex                                             3875
  BIO_meth_set_gets                                              3917
  ENGINE_add_conf_module                                         3917
  core_get_libctx                                                3917
  ossl_prov_ctx_get0_libctx                                      3958
  BIO_meth_set_destroy                                           4000
  ENGINE_set_cmd_defns                                           4000
  EVP_CIPHER_fetch                                               4000
  opt_check_rest_arg                                             4000
  ASN1_add_stable_module                                         4041
  EVP_camellia_128_ecb                                           4042
  ossl_prov_ctx_set0_libctx                                      4042
  OSSL_LIB_CTX_free                                              4083
  ossl_child_prov_ctx_new                                        4083
  BIO_meth_set_create                                            4125
  EVP_PKEY_asn1_get_count                                        4166
  OSSL_ERR_STATE_new                                             4167
  EVP_CIPHER_get_iv_length                                       4208
  ossl_config_add_ssl_module                                     4208
  ossl_method_unlock_store                                       4208
  CRYPTO_THREAD_get_current_id                                   4209
  ossl_lib_ctx_is_default                                        4209
  chacha20_get_params                                            4250
  OSSL_STORE_unregister_loader                                   4292
  aes_v8_set_encrypt_key                                         4292
  OSSL_CMP_log_close                                             4333
  ossl_method_lock_store                                         4333
  aes_128_cbc_get_params                                         4334
  aria_256_ofb_get_params                                        4334
  BIO_meth_set_read_ex                                           4375
  ENGINE_set_ctrl_function                                       4375
  OPENSSL_cpuid_setup                                            4375
  aes_128_ccm_get_params                                         4375
  aes_128_ctr_get_params                                         4375
  aes_128_ofb_get_params                                         4375
  aes_256_ctr_get_params                                         4375
  sm4_128_cbc_get_params                                         4375
  aes_192_cbc_get_params                                         4416
  aes_192_ecb_get_params                                         4416
  CONF_imodule_get_value                                         4417
  __sigaction                                                    4417
  aes_128_cfb_get_params                                         4417
  aria_256_ctr_get_params                                        4417
  ossl_cipher_generic_reset_ctx                                  4417
  sm4_128_gcm_get_params                                         4417
  aes_192_siv_get_params                                         4458
  chacha20_gettable_ctx_params                                   4458
  aes_192_ctr_get_params                                         4459
  aria_192_ctr_get_params                                        4459
  aes_128_cfb1_get_params                                        4500
  aes_128_xts_get_params                                         4500
  aes_256_ccm_get_params                                         4500
  aes_256_cfb_get_params                                         4500
  null_gettable_ctx_params                                       4500
  ossl_stored_namemap_free                                       4500
  tdes_ede2_ofb_get_params                                       4500
  aria_128_ecb_get_params                                        4541
  EVP_aes_256_cbc_hmac_sha1                                      4542
  aes_192_cfb_get_params                                         4542
  aes_256_cfb1_get_params                                        4542
  ossl_rand_cleanup_int                                          4542
  BIO_meth_set_write_ex                                          4583
  aes_256_cbc_get_params                                         4583
  aes_256_ofb_get_params                                         4583
  aria_128_cfb1_get_params                                       4583
  aria_192_cbc_get_params                                        4583
  aria_192_cfb1_get_params                                       4583
  def_is_number                                                  4583
  tdes_ede2_cbc_get_params                                       4583
  OSSL_STORE_LOADER_set_eof                                      4584
  ENGINE_set_init_function                                       4625
  aes_128_cfb8_get_params                                        4625
  aes_192_cfb1_get_params                                        4625
  aes_192_ofb_get_params                                         4625
  aes_cts_192_cbc_get_params                                     4625
  aes_v8_ctr32_encrypt_blocks                                    4625
  aria_192_ofb_get_params                                        4625
  aria_256_cbc_get_params                                        4625
  aria_256_cfb1_get_params                                       4625
  aria_256_cfb_get_params                                        4625
  ossl_provider_add_conf_module                                  4625
  tdes_ede3_cbc_get_params                                       4625
  tdes_ede3_cfb_get_params                                       4625
  EVP_sha256                                                     4666
  aria_128_ctr_get_params                                        4666
  aria_192_ecb_get_params                                        4666
  close                                                          4666
  sm4_128_ctr_get_params                                         4666
  OSSL_trace_set_channel                                         4667
  aes_128_ecb_get_params                                         4667
  aes_192_ocb_get_params                                         4667
  aes_256_cfb8_get_params                                        4667
  aria_128_ofb_get_params                                        4667
  aria_192_cfb8_get_params                                       4667
  aria_192_cfb_get_params                                        4667
  sm4_128_ofb128_get_params                                      4667
  tdes_ede2_ecb_get_params                                       4667
  ENGINE_set_finish_function                                     4708
  aes_192_wrap_get_params                                        4708
  lsl::Lock::unlock()                                            4708
  sm4_128_cfb128_get_params                                      4708
  sm4_128_ecb_get_params                                         4708
  aes_192_ccm_get_params                                         4709
  aria_192_gcm_get_params                                        4709
  engine_pkey_meths_free                                         4709
  EVP_aes_256_cbc_hmac_sha256                                    4750
  UI_method_set_prompt_constructor                               4750
  aes_128_wrap_get_params                                        4750
  aes_cts_128_cbc_get_params                                     4750
  ossl_bio_core_globals_free                                     4750
  aria_128_ccm_get_params                                        4791
  ossl_prov_ctx_set0_core_bio_method                             4791
  OSSL_STORE_LOADER_set_error                                    4792
  aes_192_gcm_get_params                                         4792
  aes_256_xts_get_params                                         4792
  aria_128_cfb8_get_params                                       4792
  camellia_128_ecb_get_params                                    4792
  tdes_ede3_cfb8_get_params                                      4792
  tdes_wrap_get_params                                           4792
  aes_128_gcm_get_params                                         4833
  aes_192_cfb8_get_params                                        4833
  aes_256_wrapinv_get_params                                     4833
  aria_128_cfb_get_params                                        4833
  aria_128_gcm_get_params                                        4833
  ossl_random_add_conf_module                                    4833
  pthread_cond_destroy                                           4833
  BIO_free                                                       4834
  OSSL_STORE_LOADER_free                                         4834
  aria_128_cbc_get_params                                        4834
  ENGINE_load_builtin_engines                                    4875
  EVP_aes_128_cbc_hmac_sha256                                    4875
  OSSL_STORE_LOADER_set_close                                    4875
  OSSL_STORE_LOADER_set_load                                     4875
  aes_128_ocb_get_params                                         4875
  aes_192_wrapinv_get_params                                     4875
  aes_256_siv_get_params                                         4875
  ossl_prov_cipher_hw_aes_ctr                                    4875
  aes_192_wrappad_get_params                                     4916
  ossl_bio_core_globals_new                                      4916
  aes_256_gcm_get_params                                         4917
  aria_256_ecb_get_params                                        4917
  camellia_128_cfb_get_params                                    4917
  camellia_128_ctr_get_params                                    4917
  sm4_128_xts_get_params                                         4917
  tdes_ede3_ofb_get_params                                       4917
  aes_128_siv_get_params                                         4958
  camellia_192_ctr_get_params                                    4958
  camellia_256_ctr_get_params                                    4958
  camellia_256_ofb_get_params                                    4958
  sm4_128_ccm_get_params                                         4958
  tdes_ede2_cfb_get_params                                       4958
  OSSL_STORE_LOADER_set_open                                     4959
  aes_128_wrappad_get_params                                     4959
  aes_256_ocb_get_params                                         4959
  EVP_CIPHER_get_key_length                                      5000
  aes_256_wrap_get_params                                        5000
  aes_256_wrappad_get_params                                     5000
  aria_256_ccm_get_params                                        5000
  aria_256_gcm_get_params                                        5000
  camellia_192_ecb_get_params                                    5000
  ossl_ctx_global_properties_new                                 5000
  ossl_store_register_init                                       5000
  aes_256_ecb_get_params                                         5041
  aes_cts_256_cbc_get_params                                     5041
  EVP_aes_128_cbc_hmac_sha1                                      5042
  aes_256_wrappadinv_get_params                                  5042
  camellia_128_cfb1_get_params                                   5042
  camellia_256_cfb_get_params                                    5042
  ossl_property_match_count                                      5042
  tdes_ede3_ecb_get_params                                       5042
  aes_128_wrapinv_get_params                                     5083
  aria_256_cfb8_get_params                                       5083
  camellia_128_ofb_get_params                                    5083
  camellia_192_ofb_get_params                                    5083
  OSSL_STORE_LOADER_set_expect                                   5084
  camellia_256_cfb1_get_params                                   5084
  Diagnostics::clearError()                                      5125
  camellia_128_cbc_get_params                                    5125
  camellia_192_cfb1_get_params                                   5166
  ossl_init_thread_deregister                                    5166
  aes_192_wrappadinv_get_params                                  5167
  camellia_256_cbc_get_params                                    5167
  engine_remove_dynamic_id                                       5167
  memset                                                         5167
  ossl_indicator_set_callback_free                               5167
  tdes_ede3_cfb1_get_params                                      5167
  aes_128_wrappadinv_get_params                                  5208
  camellia_192_cbc_get_params                                    5250
  camellia_192_cfb_get_params                                    5250
  engine_pkey_asn1_meths_free                                    5250
  ossl_self_test_set_callback_free                               5250
  camellia_256_cfb8_get_params                                   5291
  camellia_128_cfb8_get_params                                   5292
  ossl_property_has_optional                                     5292
  ENGINE_get_cipher_engine                                       5333
  medium_region_for_ptr_no_lock                                  5333
  ossl_provider_unquery_operation                                5333
  ossl_self_test_set_callback_new                                5333
  ossl_indicator_set_callback_new                                5334
  camellia_256_ecb_get_params                                    5375
  chacha20_poly1305_get_params                                   5375
  ossl_free_compression_methods_int                              5417
  camellia_192_cfb8_get_params                                   5458
  OSSL_PARAM_get_int                                             5499
  OPENSSL_sk_sort                                                5500
  aria_192_ccm_get_params                                        5500
  camellia_cts_192_cbc_get_params                                5500
  chacha20_poly1305_gettable_ctx_params                          5500
  ossl_aes_256_gcm_siv_get_params                                5500
  app_get0_libctx                                                5624
  ossl_aes_192_gcm_siv_get_params                                5625
  __fcntl                                                        5667
  EVP_CIPHER_CTX_get_block_size                                  5708
  camellia_cts_128_cbc_get_params                                5708
  camellia_cts_256_cbc_get_params                                5708
  OSSL_LIB_CTX_set_conf_diagnostics                              5750
  medium_malloc_from_free_list                                   5917
  ossl_aes_128_gcm_siv_get_params                                6000
  ossl_prov_ctx_get0_core_bio_method                             6000
  getgid                                                         6042
  opt_arg                                                        6082
  ossl_prov_seeding_from_dispatch                                6083
  getegid                                                        6125
  BIO_set_data                                                   6166
  geteuid                                                        6167
  ossl_prov_bio_from_dispatch                                    6167
  free_small                                                     6292
  EVP_CIPHER_get_mode                                            6458
  EVP_RAND_CTX_free                                              6500
  getuid                                                         6500
  OSSL_PARAM_get_int32                                           6584
  ERR_print_errors                                               6625
  dyld4::RuntimeState::notifyObjCPatching()                      6708
  dyld3::kdebug_trace_dyld_enabled(unsigned int)                 6834
  dyld4::Loader::hiddenFromFlat(bool) const                      6834
  BIO_next                                                       6917
  dyld4::BumpAllocator::~BumpAllocator()                         6917
  bio_open_default                                               7291
  _kernelrpc_mach_port_deallocate_trap                           7333
  dyld4::handleFromLoader(dyld4::Loader const*, bool)             7333
  _platform_strnlen                                              7417
  store_loader_hash                                              7417
  OPENSSL_sk_pop                                                 7458
  _kernelrpc_mach_port_construct_trap                            7542
  EVP_CipherInit_ex                                              7584
  ENGINE_register_EC                                             7751
  dyld4::JustInTimeLoader::hiddenFromFlat(bool) const             7875
  file_ctrl                                                      7876
  openssl_fopen                                                  7876
  ENGINE_register_DH                                             7959
  ENGINE_register_RAND                                           8124
  ENGINE_register_DSA                                            8125
  err_unshelve_state                                             8125
  dyld4::Loader::beginInitializers(dyld4::RuntimeState&)             8166
  BIO_copy_next_retry                                            8209
  __sclose                                                       8209
  ENGINE_register_RSA                                            8250
  X509_get_default_cert_area                                     8333
  flsl                                                           8333
  lsl::EphemeralAllocator::reset()                               8333
  lsl::Lock::lock()                                              8333
  ossl_sa_new                                                    8751
  strlen                                                         8833
  dyld4::RuntimeState::incDlRefCount(dyld4::Loader const*)             8958
  ossl_lib_ctx_get_concrete                                      8959
  __sflags                                                       8999
  ENGINE_register_digests                                        9084
  BIO_set_init                                                   9126
  lsl::Vector<dyld4::Loader const*>::reserveExact(unsigned long)             9166
  ENGINE_register_ciphers                                        9207
  ossl_property_free                                             9251
  ossl_cipher_generic_einit                                      9375
  tiny_try_realloc_in_place                                      9500
  dyld4::JustInTimeLoader::beginInitializers(dyld4::RuntimeState&)             9625
  ENGINE_register_pkey_meths                                     9791
  DSO_METHOD_openssl                                             9792
  lsl::Vector<lsl::MemoryManager::Buffer>::reserve(unsigned long)            10084
  ossl_cipher_generic_set_ctx_params                            10208
  OSSL_LIB_CTX_get_conf_diagnostics                             10459
  CRYPTO_atomic_or                                              10709
  deflt_query                                                   10875
  ENGINE_register_pkey_asn1_meths                               10917
  ossl_lib_ctx_get_ex_data_global                               10958
  tiny_malloc_from_free_list                                    11000
  ossl_lib_ctx_get_rcukey                                       11042
  engine_free_util                                              11210
  NCONF_get_section                                             11374
  OPENSSL_cleanse                                               11457
  ossl_sa_doall_arg                                             11459
  aes_siv_gettable_ctx_params                                   11874
  dyld4::RuntimeState::doSingletonPatching(dyld4::DyldCacheDataConstLazyScopedWriter&)            12084
  ossl_cipher_capable_aes_cbc_hmac_sha256                       12458
  __bzero                                                       12584
  ossl_cipher_capable_aes_cbc_hmac_sha1                         12750
  ossl_property_value                                           12834
  EVP_add_cipher                                                12875
  fstat                                                         13041
  BIO_set_flags                                                 13375
  cipher_ocb_gettable_ctx_params                                13416
  aes_cbc_cts_gettable_ctx_params                               13707
  dyld4::Loader::loadDependents(Diagnostics&, dyld4::RuntimeState&, dyld4::Loader::LoadOptions const&)            13875
  dyld4::DyldCacheDataConstLazyScopedWriter::DyldCacheDataConstLazyScopedWriter(dyld4::RuntimeState&)            14000
  lsl::EphemeralAllocator::~EphemeralAllocator()                14250
  _kernelrpc_mach_vm_deallocate_trap                            14375
  BIO_clear_flags                                               14417
  sa_doall                                                      14582
  DSO_free                                                      14626
  BIO_get_data                                                  14875
  CRYPTO_atomic_add                                             14958
  dyld4::Loader::path() const                                   14999
  dyld4::JustInTimeLoader::loadDependents(Diagnostics&, dyld4::RuntimeState&, dyld4::Loader::LoadOptions const&)            15291
  _NSGetEnviron                                                 15377
  camellia_cbc_cts_gettable_ctx_params                          15417
  ossl_aes_gcm_siv_gettable_ctx_params                          15500
  __sflush                                                      15708
  rack_region_insert                                            15875
  dyld3::MachOFile::is64() const                                16084
  file_new                                                      16166
  os_unfair_recursive_lock_unlock                               16417
  _kernelrpc_mach_port_destruct_trap                            16542
  ossl_prov_is_running                                          16750
  file_free                                                     16874
  CRYPTO_THREAD_lock_free                                       17541
  invocation function for block in dyld4::Loader::forEachPath(Diagnostics&, dyld4::RuntimeState&, char const*, dyld4::Loader::Loa            17542
  pthread_mutex_destroy                                         17874
  OPENSSL_LH_get_down_load                                      18126
  dyld4::JustInTimeLoader::path() const                         18416
  BIO_new                                                       18500
  kdebug_is_enabled                                             18543
  FMT_istext                                                    18666
  small_try_realloc_in_place                                    19500
  mach_msg2_trap                                                20750
  dyld4::LibSystemHelpers::pthread_getspecific(unsigned long) const            20875
  lsl::EphemeralAllocator::deallocate_buffer(lsl::MemoryManager::Buffer)            21000
  property_free                                                 21083
  __chkstk_darwin_probe                                         21125
  dyld4::Loader::matchesPath(char const*) const                 21250
  pthread_cond_init                                             21417
  ___chkstk_darwin                                              22210
  os_unfair_lock_assert_not_owner                               22292
  small_size                                                    22582
  dyld4::ProcessConfig::DyldCache::indexOfPath(char const*, unsigned int&) const            22959
  os_unfair_recursive_lock_lock_with_options                    23542
  small_free_list_find_by_ptr                                   24833
  dyld4::Loader::loadAddress(dyld4::RuntimeState&) const            25791
  pthread_mutex_init                                            26042
  dyld3::ScopedTimer::endTimer()                                26416
  lsl::MemoryManager::lockGuard()                               27625
  __findenv_locked                                              27751
  OPENSSL_strnlen                                               28459
  OPENSSL_sk_delete                                             28499
  small_free_list_remove_ptr                                    28541
  ossl_property_name                                            28624
  dyld4::JustInTimeLoader::loadAddress(dyld4::RuntimeState&) const            29250
  __open                                                        33292
  _kernelrpc_mach_vm_map_trap                                   33457
  _pthread_mutex_check_init_slow                                33498
  lsl::AllocationMetadata::AllocationMetadata(lsl::Allocator*, unsigned long)            33875
  OPENSSL_LH_set_down_load                                      35125
  small_free_list_remove_ptr_no_clear                           35333
  __read_nocancel                                               35918
  tiny_free_list_remove_ptr                                     36916
  szone_good_size                                               37834
  dyld4::LibSystemHelpers::os_unfair_recursive_lock_unlock(os_unfair_recursive_lock_s*) const            37999
  CRYPTO_new_ex_data                                            38583
  __close_nocancel                                              39708
  OPENSSL_sk_free                                               40085
  Diagnostics::hasError() const                                 40750
  get_tiny_previous_free_msize                                  41124
  dyld4::LibSystemHelpers::os_unfair_lock_unlock(os_unfair_lock_s*) const            41625
  ossl_rcu_write_lock                                           42917
  EVP_PKEY_asn1_get0                                            43040
  small_free_list_add_ptr                                       44541
  ossl_rcu_write_unlock                                         45293
  ossl_tdes_gettable_ctx_params                                 45874
  Diagnostics::noError() const                                  46834
  pthread_setspecific                                           46834
  small_malloc_from_free_list                                   49418
  dyld3::MachOFile::read_uleb128(Diagnostics&, unsigned char const*&, unsigned char const*)            50834
  dyld4::RuntimeState::PermanentRanges::contains(unsigned long, unsigned long, unsigned char*, dyld4::Loader const**) const            51375
  _tiny_check_and_zero_inline_meta_from_freelist                51416
  madvise                                                       52748
  dyld4::LibSystemHelpers::os_unfair_recursive_lock_lock_with_options(os_unfair_recursive_lock_s*, os_unfair_lock_options_t) cons            53416
  EVP_PKEY_asn1_get0_info                                       53710
  szone_malloc                                                  54332
  pthread_cond_broadcast                                        55208
  tiny_size                                                     58746
  dyld4::LibSystemHelpers::os_unfair_lock_lock_with_options(os_unfair_lock_s*, os_unfair_lock_options_t) const            60251
  realloc                                                       61833
  lsl::EphemeralAllocator::allocate_buffer(unsigned long, unsigned long, unsigned long)            63167
  set_tiny_meta_header_in_use                                   63791
  _qsort                                                        65375
  ossl_cipher_aead_gettable_ctx_params                          70500
  OPENSSL_sk_pop_free                                           70999
  _szone_free                                                   71749
  strcmp                                                        72164
  tiny_free_list_add_ptr                                        72749
  os_unfair_lock_assert_owner                                   76042
  szone_try_free_default                                        76708
  dyld3::kdebug_trace_dyld_duration_end(unsigned long long, unsigned int, dyld3::kt_arg, dyld3::kt_arg, dyld3::kt_arg)            80667
  invocation function for block in dyld3::MachOFile::getDylibInstallName(char const**, unsigned int*, unsigned int*) const            82500
  rack_get_thread_index                                         85626
  property_hash                                                 89665
  EVP_CIPHER_get_type                                           90667
  dyld3::OverflowSafeArray<unsigned int, 4294967295ul>::verifySpace(unsigned long)            92418
  dyld4::Loader::contains(dyld4::RuntimeState&, void const*, void const**, unsigned long long*, unsigned char*) const            97417
  pthread_cond_signal                                          103584
  Diagnostics::assertNoError() const                           107377
  pthread_rwlock_init                                          113210
  nanov2_size                                                  113541
  pthread_rwlock_destroy                                       120664
  __open_nocancel                                              121417
  os_unfair_lock_unlock                                        128080
  Diagnostics::~Diagnostics()                                  139582
  Diagnostics::Diagnostics(bool)                               147791
  get_legacy_evp_names                                         159417
  ossl_ctype_check                                             168623
  os_unfair_lock_lock_with_options                             170839
  invocation function for block in dyld3::MachOFile::getEntry(unsigned long long&, bool&) const           193541
  EVP_MD_get_type                                              193874
  nanov2_pointer_size                                          194208
  free                                                         208674
  _Block_object_dispose                                        209956
  OPENSSL_hexchar2int                                          232958
  ossl_sa_set                                                  252080
  nanov2_allocate_from_block                                   265330
  trim_ws                                                      274747
  strncmp                                                      286710
  invocation function for block in dyld4::JustInTimeLoader::contains(dyld4::RuntimeState&, void const*, void const**, unsigned lo           298252
  BUF_MEM_new                                                  305207
  names_free                                                   320750
  OPENSSL_LH_flush                                             330587
  OBJ_get0_data                                                330750
  OPENSSL_LH_doall                                             332248
  OSSL_PARAM_set_uint                                          340374
  ossl_provider_ctx                                            341125
  EVP_CIPHER_get_nid                                           362796
  conf_value_cmp                                               374876
  ossl_lib_ctx_unlock                                          379539
  OSSL_PARAM_locate_const                                      397042
  invocation function for block in dyld3::MachOLoaded::findClosestSymbol(unsigned long long, char const**, unsigned long long*) c           406795
  ossl_lib_ctx_read_lock                                       422379
  OPENSSL_LH_set_thunks                                        430086
  property_defn_cmp                                            438878
  ossl_cipher_generic_gettable_ctx_params                      445502
  evp_cipher_up_ref                                            453415
  property_defn_hash                                           464622
  value_free_hash                                              476038
  BN_free                                                      478460
  ossl_provider_free                                           480376
  function_hash                                                485076
  ossl_provider_up_ref                                         487746
  CRYPTO_realloc                                               491166
  OSSL_PARAM_set_uint32                                        502209
  ASN1_OBJECT_free                                             503866
  eat_alpha_numeric                                            508961
  ossl_sa_get                                                  509792
  OSSL_PARAM_construct_end                                     546421
  sa_free_node                                                 546527
  EVP_CIPHER_get0_provider                                     558505
  OSSL_PARAM_construct_uint                                    563627
  evp_cipher_free                                              572147
  do_all_fn                                                    584754
  EVP_CIPHER_free                                              633865
  ossl_provider_libctx                                         800504
  invocation function for block in dyld3::MachOLoaded::getLinkEditLoadCommands(Diagnostics&, dyld3::MachOLoaded::LinkEditInfo&) c           831709
  internal_free_nop                                            847955
  __write_nocancel                                             860208
  _platform_strncmp                                            874968
  name_string_free                                             891707
  OPENSSL_LH_error                                             923414
  OSSL_PARAM_set_size_t                                       1115627
  invocation function for block in dyld3::MachOFile::forEachSegment(void (dyld3::MachOFile::SegmentInfo const&, bool&) block_poin          1141127
  BUF_MEM_grow                                                1141718
  pthread_getspecific                                         1151699
  sk_reserve                                                  1156333
  _os_once                                                    1211178
  CRYPTO_THREAD_get_local                                     1280541
  _platform_memchr                                            1362912
  ossl_rcu_assign_uptr                                        1409661
  OSSL_PARAM_set_uint64                                       1511164
  names_lh_free_doall                                         1521407
  ossl_lib_ctx_get_data                                       1600049
  OSSL_PARAM_set_int                                          1613416
  _platform_strchr                                            1720754
  pthread_mutex_lock                                          1726875
  OSSL_PARAM_construct_size_t                                 1801749
  pthread_mutex_unlock                                        1861385
  _nanov2_free                                                1879705
  OPENSSL_sk_push                                             1980652
  OPENSSL_sk_num                                              1982100
  _pthread_mutex_lock_init_slow                               1988300
  _pthread_mutex_unlock_init_slow                             2096669
  _pthread_mutex_firstfit_lock_slow                           2215709
  _pthread_mutex_firstfit_unlock_slow                         2302008
  OPENSSL_sk_value                                            2306114
  OSSL_PARAM_set_int32                                        2434461
  obj_name_cmp                                                2487969
  OPENSSL_LH_strhash                                          2701596
  OSSL_PARAM_construct_int                                    2735917
  _platform_memcmp                                            2740544
  pthread_once                                                3076982
  OBJ_nid2obj                                                 3170486
  CRYPTO_atomic_load                                          3289915
  pthread_rwlock_rdlock                                       3334381
  SortFnByName                                                3482648
  ossl_lh_strcasehash                                         3674673
  __error                                                     3788774
  cipher_compare                                              3970998
  ossl_isdigit                                                3992541
  fnv1a_hash                                                  4419553
  _platform_memmove                                           6504057
  pthread_rwlock_wrlock                                       6639726
  pthread_rwlock_unlock                                       9995321
  err_string_data_cmp                                        11012103
  CRYPTO_free                                                12202880
  malloc                                                     13377166
  doapr_outch                                                15109944
  err_string_data_hash                                       16697425
  nanov2_malloc                                              18580353
  _platform_strlen                                           23182673
  _platform_memset                                           25434884
  nanov2_try_free_default                                    25887873
  _platform_strcmp                                           28018763
  ossl_tolower                                               60157998
