
  EVP_md5                                                        1667
  pd_free                                                        1834
  sigaction                                                      2000
  UI_OpenSSL                                                     2042
  EVP_mdc2                                                       2125
  EVP_sha224                                                     2125
  EVP_bf_ofb                                                     2166
  EVP_sha1                                                       2166
  EVP_sm4_cbc                                                    2167
  EVP_idea_ofb                                                   2208
  EVP_rc2_ofb                                                    2208
  EVP_des_ecb                                                    2250
  EVP_des_ofb                                                    2250
  EVP_rc4                                                        2250
  EVP_rc4_40                                                     2250
  EVP_sha512                                                     2250
  EVP_bf_cbc                                                     2292
  EVP_md4                                                        2292
  EVP_rc2_cbc                                                    2292
  EVP_sm4_ofb                                                    2292
  EVP_cast5_ofb                                                  2334
  EVP_sha384                                                     2334
  opt_unknown                                                    2334
  strchr                                                         2334
  EVP_des_cbc                                                    2375
  EVP_seed_cbc                                                   2375
  app_get0_propq                                                 2375
  EVP_des_cfb8                                                   2417
  _cleanup                                                       2417
  EVP_des_cfb1                                                   2459
  EVP_sha3_224                                                   2459
  EVP_shake128                                                   2500
  EVP_sm4_ctr                                                    2500
  EVP_sha512_224                                                 2541
  opt_next                                                       2541
  EVP_seed_ofb                                                   2542
  EVP_sha3_384                                                   2542
  EVP_sha512_256                                                 2542
  UI_null                                                        2542
  EVP_bf_ecb                                                     2583
  EVP_md5_sha1                                                   2583
  EVP_sm4_ecb                                                    2583
  release_engine                                                 2583
  ENGINE_set_name                                                2625
  EVP_aes_192_cbc                                                2625
  EVP_aes_256_ofb                                                2625
  EVP_des_ede3                                                   2625
  EVP_aes_256_gcm                                                2667
  EVP_des_ede                                                    2667
  EVP_aes_256_cbc                                                2708
  EVP_aes_256_ccm                                                2708
  EVP_aria_192_ofb                                               2708
  EVP_sha3_256                                                   2708
  EVP_chacha20                                                   2709
  EVP_rc2_64_cbc                                                 2709
  EVP_MD_free                                                    2750
  EVP_aes_128_ofb                                                2750
  EVP_aes_192_ccm                                                2750
  EVP_aes_192_gcm                                                2750
  EVP_aes_256_wrap                                               2750
  EVP_aes_256_xts                                                2750
  EVP_blake2s256                                                 2750
  EVP_ripemd160                                                  2750
  EVP_sha3_512                                                   2750
  lh_FUNCTION_free                                               2750
  EVP_aes_128_ctr                                                2791
  EVP_aes_192_ocb                                                2791
  EVP_aes_128_cbc                                                2792
  EVP_aes_192_ecb                                                2792
  EVP_aes_256_cfb1                                               2792
  EVP_aes_256_ctr                                                2792
  EVP_aria_256_ccm                                               2792
  EVP_aria_256_ofb                                               2792
  EVP_idea_cbc                                                   2792
  EVP_idea_ecb                                                   2792
  EVP_aes_192_cfb8                                               2833
  EVP_aria_128_ofb                                               2833
  EVP_aria_192_ccm                                               2833
  EVP_aria_192_ctr                                               2833
  EVP_cast5_ecb                                                  2833
  EVP_seed_ecb                                                   2833
  EVP_sm3                                                        2833
  ossl_trace_cleanup                                             2833
  EVP_bf_cfb64                                                   2834
  EVP_des_ede_cbc                                                2834
  EVP_shake256                                                   2834
  BIO_f_cipher                                                   2875
  COMP_get_type                                                  2875
  EVP_aes_192_cfb1                                               2875
  EVP_aes_256_ocb                                                2875
  EVP_aria_128_ecb                                               2875
  EVP_cast5_cbc                                                  2875
  EVP_desx_cbc                                                   2875
  OBJ_obj2txt                                                    2875
  def_to_int                                                     2875
  EVP_blake2b512                                                 2916
  EVP_rc2_cfb64                                                  2916
  EVP_aes_128_ccm                                                2917
  EVP_aes_192_ofb                                                2917
  EVP_aes_256_ecb                                                2917
  EVP_aria_256_gcm                                               2917
  EVP_des_ede3_ofb                                               2917
  EVP_des_ede_ofb                                                2917
  EVP_sm4_cfb128                                                 2917
  vm_deallocate                                                  2917
  EVP_aes_128_cfb1                                               2958
  EVP_aes_192_ctr                                                2958
  EVP_aes_192_wrap                                               2958
  EVP_cast5_cfb64                                                2958
  property_cmp                                                   2958
  query_hash                                                     2958
  strrchr                                                        2958
  ENGINE_set_id                                                  2959
  EVP_aes_256_cfb8                                               2959
  EVP_aria_128_cbc                                               2959
  EVP_rc2_ecb                                                    2959
  EVP_seed_cfb128                                                2959
  EVP_aes_128_cfb128                                             3000
  EVP_aes_128_gcm                                                3000
  EVP_aes_192_cfb128                                             3000
  EVP_aria_192_cbc                                               3000
  EVP_aria_192_gcm                                               3000
  EVP_aria_256_cbc                                               3000
  EVP_aria_256_cfb1                                              3000
  EVP_aria_256_ctr                                               3000
  EVP_aria_256_ecb                                               3000
  EVP_rc2_40_cbc                                                 3000
  EVP_whirlpool                                                  3000
  EVP_aes_128_wrap                                               3042
  EVP_aria_128_cfb8                                              3042
  EVP_des_ede3_cfb8                                              3042
  function_cmp                                                   3042
  EVP_aes_128_cfb8                                               3083
  EVP_aria_256_cfb8                                              3083
  EVP_aria_128_ctr                                               3084
  EVP_des_ede3_cbc                                               3084
  EVP_aria_192_cfb1                                              3125
  EVP_aria_192_cfb8                                              3125
  EVP_aria_192_ecb                                               3125
  EVP_des_cfb64                                                  3166
  EVP_idea_cfb64                                                 3166
  EVP_aria_128_cfb1                                              3167
  EVP_camellia_192_cbc                                           3208
  NCONF_default                                                  3208
  EVP_aria_128_cfb128                                            3209
  EVP_des_ede3_cfb1                                              3209
  UI_method_set_writer                                           3209
  getrlimit                                                      3209
  EVP_aria_128_ccm                                               3250
  EVP_aria_192_cfb128                                            3250
  EVP_camellia_192_ofb                                           3250
  __cxa_finalize                                                 3250
  def_init_default                                               3250
  ossl_prov_ctx_free                                             3250
  ossl_store_cleanup_int                                         3292
  signal                                                         3292
  EVP_aes_128_xts                                                3333
  EVP_camellia_128_cbc                                           3333
  ossl_comp_zstd_cleanup                                         3333
  EVP_camellia_256_ofb                                           3334
  EVP_aes_256_wrap_pad                                           3375
  EVP_camellia_128_cfb1                                          3375
  EVP_camellia_128_ofb                                           3375
  EVP_camellia_192_ctr                                           3375
  EVP_camellia_256_cbc                                           3375
  OSSL_PARAM_modified                                            3375
  EVP_CIPHER_get_flags                                           3416
  EVP_camellia_128_ctr                                           3416
  EVP_rc4_hmac_md5                                               3416
  UI_method_set_reader                                           3416
  EVP_aes_256_cfb128                                             3417
  EVP_aria_256_cfb128                                            3417
  EVP_camellia_256_cfb8                                          3417
  EVP_des_ede_cfb64                                              3417
  OSSL_LIB_CTX_get_data                                          3417
  bio_sock_cleanup_int                                           3417
  EVP_aes_128_ocb                                                3458
  EVP_aria_128_gcm                                               3458
  EVP_camellia_256_cfb1                                          3458
  EVP_chacha20_poly1305                                          3458
  EVP_aes_192_wrap_pad                                           3459
  EVP_camellia_192_cfb8                                          3459
  __smakebuf                                                     3500
  app_RAND_write                                                 3500
  init_thread_stop                                               3500
  EVP_camellia_192_cfb1                                          3541
  EVP_des_ede3_wrap                                              3542
  ossl_prov_ctx_new                                              3542
  ENGINE_set_flags                                               3583
  EVP_aes_128_ecb                                                3584
  EVP_camellia_256_ctr                                           3584
  EVP_aes_128_wrap_pad                                           3625
  EVP_camellia_128_cfb8                                          3625
  EVP_camellia_256_ecb                                           3625
  UI_method_set_closer                                           3625
  engine_load_rdrand_int                                         3625
  EVP_add_alg_module                                             3666
  store_loader_cmp                                               3666
  EVP_des_ede3_cfb64                                             3667
  UI_method_set_opener                                           3667
  EVP_camellia_192_ecb                                           3708
  ossl_prov_ctx_set0_handle                                      3708
  BIO_meth_set_puts                                              3750
  EVP_camellia_128_ecb                                           3750
  ossl_comp_zlib_cleanup                                         3750
  ossl_lib_ctx_write_lock                                        3750
  ASN1_add_stable_module                                         3791
  BIO_meth_set_ctrl                                              3792
  EVP_CipherFinal_ex                                             3792
  EVP_camellia_128_cfb128                                        3792
  ossl_prov_ctx_set0_libctx                                      3792
  ERR_print_errors                                               3833
  OSSL_STORE_register_loader                                     3833
  opt_set_unknown_name                                           3833
  EVP_CipherUpdate                                               3834
  EVP_camellia_192_cfb128                                        3834
  ossl_comp_brotli_cleanup                                       3834
  BIO_meth_set_gets                                              3875
  COMP_zlib                                                      3875
  opt_check_rest_arg                                             3875
  core_get_libctx                                                3917
  NCONF_get0_libctx                                              3958
  pthread_self                                                   3958
  EVP_camellia_256_cfb128                                        3959
  free_medium                                                    3959
  EVP_CIPHER_get_iv_length                                       4000
  CRYPTO_THREAD_get_current_id                                   4042
  ERR_get_error_all                                              4042
  null_gettable_ctx_params                                       4042
  EVP_CIPHER_fetch                                               4083
  evp_app_cleanup_int                                            4083
  ossl_prov_ctx_get0_libctx                                      4084
  ENGINE_add_conf_module                                         4125
  ENGINE_set_cmd_defns                                           4125
  BIO_meth_set_destroy                                           4167
  aes_v8_set_encrypt_key                                         4167
  lsl::Lock::lock()                                              4208
  OSSL_LIB_CTX_free                                              4209
  __getrlimit                                                    4209
  ASN1_add_oid_module                                            4250
  BIO_meth_set_create                                            4250
  EVP_PKEY_asn1_get_count                                        4250
  aes_256_ofb_get_params                                         4250
  aes_192_ecb_get_params                                         4292
  ossl_stored_namemap_free                                       4292
  aes_128_ecb_get_params                                         4333
  aes_128_ofb_get_params                                         4333
  aes_256_ctr_get_params                                         4333
  aes_192_wrap_get_params                                        4334
  dyld4::APIs::_tlv_exit()                                       4334
  ossl_method_unlock_store                                       4334
  aes_128_cbc_get_params                                         4375
  ossl_child_prov_ctx_new                                        4375
  ossl_cipher_generic_reset_ctx                                  4375
  BIO_meth_set_read_ex                                           4416
  ossl_lib_ctx_is_default                                        4416
  aes_128_xts_get_params                                         4417
  aes_192_cbc_get_params                                         4417
  aes_192_cfb1_get_params                                        4417
  aes_192_ctr_get_params                                         4417
  ossl_method_lock_store                                         4417
  ENGINE_set_ctrl_function                                       4458
  aria_256_ofb_get_params                                        4458
  chacha20_gettable_ctx_params                                   4459
  aes_128_cfb_get_params                                         4500
  aes_128_ctr_get_params                                         4500
  aes_192_cfb_get_params                                         4500
  aria_128_ofb_get_params                                        4500
  aria_256_cbc_get_params                                        4500
  aria_256_ctr_get_params                                        4500
  ossl_config_add_ssl_module                                     4500
  aes_256_cfb_get_params                                         4541
  aria_192_ctr_get_params                                        4541
  OSSL_CMP_log_close                                             4542
  aria_128_ctr_get_params                                        4542
  chacha20_get_params                                            4542
  sm4_128_ctr_get_params                                         4542
  tdes_ede3_cbc_get_params                                       4542
  BIO_meth_set_write_ex                                          4583
  aes_192_siv_get_params                                         4583
  tiny_try_realloc_in_place                                      4583
  EVP_sha256                                                     4584
  aria_128_ecb_get_params                                        4584
  tdes_ede2_ofb_get_params                                       4584
  ENGINE_set_init_function                                       4625
  aes_128_gcm_get_params                                         4625
  aes_128_ocb_get_params                                         4625
  aes_192_ccm_get_params                                         4625
  aes_256_cbc_get_params                                         4625
  aes_256_gcm_get_params                                         4625
  aria_128_cfb1_get_params                                       4625
  aria_128_cfb8_get_params                                       4625
  aria_192_cbc_get_params                                        4625
  tdes_ede2_cbc_get_params                                       4625
  tdes_ede2_ecb_get_params                                       4625
  tdes_wrap_get_params                                           4625
  OSSL_STORE_LOADER_set_eof                                      4666
  aria_256_cfb1_get_params                                       4666
  ossl_bio_core_globals_new                                      4666
  aes_cts_192_cbc_get_params                                     4667
  aria_128_cfb_get_params                                        4667
  EVP_aes_256_cbc_hmac_sha1                                      4708
  aes_192_ocb_get_params                                         4708
  aes_256_ccm_get_params                                         4708
  aria_128_ccm_get_params                                        4708
  aria_192_ecb_get_params                                        4708
  aria_192_ofb_get_params                                        4708
  sm4_128_cbc_get_params                                         4708
  sm4_128_xts_get_params                                         4708
  CONF_imodule_get_value                                         4709
  ENGINE_set_finish_function                                     4709
  aes_v8_ctr32_encrypt_blocks                                    4709
  aria_192_gcm_get_params                                        4709
  OSSL_STORE_unregister_loader                                   4750
  aes_256_cfb1_get_params                                        4750
  aria_128_cbc_get_params                                        4750
  aria_192_cfb1_get_params                                       4750
  aria_256_cfb8_get_params                                       4750
  aria_256_ecb_get_params                                        4750
  engine_pkey_meths_free                                         4750
  aes_192_wrapinv_get_params                                     4791
  aes_256_xts_get_params                                         4791
  OSSL_ERR_STATE_new                                             4792
  aes_cts_128_cbc_get_params                                     4792
  aria_192_cfb_get_params                                        4792
  ossl_prov_ctx_set0_core_bio_method                             4792
  pthread_cond_destroy                                           4792
  sm4_128_ecb_get_params                                         4792
  BIO_free                                                       4793
  EVP_CIPHER_get_key_length                                      4833
  OPENSSL_cpuid_setup                                            4833
  aes_128_cfb1_get_params                                        4833
  aes_256_ecb_get_params                                         4833
  OSSL_STORE_LOADER_set_error                                    4834
  aria_192_cfb8_get_params                                       4834
  ossl_bio_core_globals_free                                     4834
  sm4_128_gcm_get_params                                         4834
  OSSL_STORE_LOADER_set_close                                    4875
  aes_128_wrappad_get_params                                     4875
  camellia_128_ecb_get_params                                    4875
  ossl_prov_cipher_hw_aes_ctr                                    4875
  ossl_rand_cleanup_int                                          4875
  ossl_random_add_conf_module                                    4875
  sm4_128_cfb128_get_params                                      4875
  tdes_ede2_cfb_get_params                                       4875
  OSSL_STORE_LOADER_free                                         4916
  aria_256_cfb_get_params                                        4916
  camellia_192_cbc_get_params                                    4916
  camellia_256_cbc_get_params                                    4916
  camellia_256_cfb_get_params                                    4916
  OSSL_STORE_LOADER_set_load                                     4917
  aes_192_gcm_get_params                                         4917
  aes_256_siv_get_params                                         4917
  aria_256_gcm_get_params                                        4917
  lsl::Lock::unlock()                                            4917
  sm4_128_ccm_get_params                                         4917
  tdes_ede3_cfb8_get_params                                      4917
  UI_method_set_prompt_constructor                               4958
  aes_192_wrappad_get_params                                     4958
  aes_256_cfb8_get_params                                        4958
  aes_256_wrap_get_params                                        4958
  aes_cts_256_cbc_get_params                                     4958
  camellia_192_cfb1_get_params                                   4958
  ossl_provider_add_conf_module                                  4958
  sm4_128_ofb128_get_params                                      4958
  camellia_192_ctr_get_params                                    4959
  EVP_aes_256_cbc_hmac_sha256                                    5000
  OSSL_trace_set_channel                                         5000
  aria_128_gcm_get_params                                        5000
  aria_256_ccm_get_params                                        5000
  camellia_128_cfb_get_params                                    5000
  camellia_192_ofb_get_params                                    5000
  camellia_256_ctr_get_params                                    5000
  engine_remove_dynamic_id                                       5000
  camellia_256_cfb1_get_params                                   5041
  ossl_store_register_init                                       5041
  Diagnostics::clearError()                                      5042
  aes_128_ccm_get_params                                         5042
  aes_128_cfb8_get_params                                        5042
  aes_256_wrapinv_get_params                                     5042
  EVP_aes_128_cbc_hmac_sha1                                      5083
  OSSL_STORE_LOADER_set_open                                     5083
  aes_128_siv_get_params                                         5083
  camellia_128_ofb_get_params                                    5083
  camellia_256_ofb_get_params                                    5083
  tdes_ede3_ofb_get_params                                       5083
  aes_128_wrapinv_get_params                                     5084
  camellia_128_cfb1_get_params                                   5084
  aes_128_wrap_get_params                                        5125
  aes_192_ofb_get_params                                         5125
  aria_192_ccm_get_params                                        5125
  camellia_192_ecb_get_params                                    5125
  camellia_256_cfb8_get_params                                   5125
  ossl_init_thread_deregister                                    5125
  tdes_ede3_cfb1_get_params                                      5125
  tdes_ede3_cfb_get_params                                       5125
  aes_128_wrappadinv_get_params                                  5166
  aes_192_cfb8_get_params                                        5166
  aes_192_wrappadinv_get_params                                  5166
  aes_256_wrappadinv_get_params                                  5166
  ossl_ctx_global_properties_new                                 5166
  camellia_128_cbc_get_params                                    5167
  camellia_128_ctr_get_params                                    5167
  aes_256_wrappad_get_params                                     5208
  camellia_192_cfb_get_params                                    5208
  OSSL_STORE_LOADER_set_expect                                   5209
  def_is_number                                                  5209
  ossl_free_compression_methods_int                              5209
  ossl_indicator_set_callback_free                               5209
  EVP_aes_128_cbc_hmac_sha256                                    5250
  ossl_property_match_count                                      5250
  __fcntl                                                        5291
  engine_pkey_asn1_meths_free                                    5292
  ENGINE_load_builtin_engines                                    5333
  ossl_prov_ctx_get0_core_bio_method                             5333
  OSSL_PARAM_get_int                                             5334
  camellia_128_cfb8_get_params                                   5417
  camellia_192_cfb8_get_params                                   5417
  camellia_256_ecb_get_params                                    5417
  camellia_cts_192_cbc_get_params                                5458
  camellia_cts_256_cbc_get_params                                5458
  ossl_self_test_set_callback_free                               5458
  OPENSSL_sk_sort                                                5459
  ossl_aes_256_gcm_siv_get_params                                5500
  memset                                                         5501
  medium_region_for_ptr_no_lock                                  5583
  ossl_aes_192_gcm_siv_get_params                                5625
  ossl_property_has_optional                                     5625
  chacha20_poly1305_get_params                                   5667
  chacha20_poly1305_gettable_ctx_params                          5667
  ossl_aes_128_gcm_siv_get_params                                5709
  EVP_CIPHER_CTX_get_block_size                                  5750
  tdes_ede3_ecb_get_params                                       5750
  camellia_cts_128_cbc_get_params                                5791
  aes_256_ocb_get_params                                         5792
  app_get0_libctx                                                5875
  getegid                                                        5875
  ossl_provider_unquery_operation                                5875
  opt_arg                                                        5916
  ossl_prov_bio_from_dispatch                                    6000
  ENGINE_get_cipher_engine                                       6083
  OSSL_LIB_CTX_set_conf_diagnostics                              6083
  BIO_set_data                                                   6166
  EVP_CIPHER_get_mode                                            6209
  ossl_prov_seeding_from_dispatch                                6209
  close                                                          6250
  medium_malloc_from_free_list                                   6250
  __sigaction                                                    6375
  ossl_indicator_set_callback_new                                6416
  ossl_self_test_set_callback_new                                6416
  EVP_RAND_CTX_free                                              6500
  OSSL_PARAM_get_int32                                           6500
  geteuid                                                        6918
  dyld3::kdebug_trace_dyld_enabled(unsigned int)                 6958
  BIO_next                                                       7041
  _kernelrpc_mach_port_deallocate_trap                           7041
  EVP_CipherInit_ex                                              7333
  dyld4::RuntimeState::notifyObjCPatching()                      7334
  dyld4::BumpAllocator::~BumpAllocator()                         7416
  _kernelrpc_mach_port_construct_trap                            7625
  _platform_strnlen                                              7666
  getuid                                                         7666
  store_loader_hash                                              7667
  dyld4::handleFromLoader(dyld4::Loader const*, bool)             7708
  openssl_fopen                                                  7834
  getgid                                                         7875
  BIO_copy_next_retry                                            7959
  OPENSSL_sk_pop                                                 8083
  file_ctrl                                                      8125
  ENGINE_register_DH                                             8208
  ENGINE_register_EC                                             8209
  lsl::EphemeralAllocator::reset()                               8333
  dyld4::JustInTimeLoader::hiddenFromFlat(bool) const             8334
  bio_open_default                                               8417
  __sclose                                                       8541
  err_unshelve_state                                             8542
  ENGINE_register_DSA                                            8626
  ENGINE_register_RSA                                            8708
  dyld4::Loader::hiddenFromFlat(bool) const                      8708
  ENGINE_register_RAND                                           8917
  BIO_set_init                                                   9083
  dyld4::Loader::beginInitializers(dyld4::RuntimeState&)             9083
  ossl_lib_ctx_get_concrete                                      9125
  __sflags                                                       9167
  X509_get_default_cert_area                                     9209
  strlen                                                         9251
  ossl_property_free                                             9334
  ossl_cipher_generic_einit                                      9376
  ENGINE_register_digests                                        9583
  dyld4::RuntimeState::incDlRefCount(dyld4::Loader const*)             9708
  ossl_sa_new                                                    9793
  lsl::Vector<dyld4::Loader const*>::reserveExact(unsigned long)             9917
  ENGINE_register_ciphers                                        9959
  DSO_METHOD_openssl                                            10000
  BIO_set_flags                                                 10208
  dyld4::JustInTimeLoader::beginInitializers(dyld4::RuntimeState&)            10375
  ossl_cipher_generic_set_ctx_params                            10375
  ENGINE_register_pkey_meths                                    10458
  lsl::Vector<lsl::MemoryManager::Buffer>::reserve(unsigned long)            10458
  free_small                                                    10624
  tiny_malloc_from_free_list                                    10875
  flsl                                                          10958
  deflt_query                                                   11209
  CRYPTO_atomic_or                                              11459
  OSSL_LIB_CTX_get_conf_diagnostics                             11500
  ossl_lib_ctx_get_ex_data_global                               11500
  ossl_sa_doall_arg                                             11500
  ENGINE_register_pkey_asn1_meths                               11583
  NCONF_get_section                                             11708
  ossl_lib_ctx_get_rcukey                                       11709
  OPENSSL_cleanse                                               11875
  engine_free_util                                              12042
  fstat                                                         12167
  aes_siv_gettable_ctx_params                                   12458
  ossl_cipher_capable_aes_cbc_hmac_sha256                       12542
  ossl_cipher_capable_aes_cbc_hmac_sha1                         12750
  dyld4::RuntimeState::doSingletonPatching(dyld4::DyldCacheDataConstLazyScopedWriter&)            13000
  EVP_add_cipher                                                13207
  ossl_property_value                                           13209
  aes_cbc_cts_gettable_ctx_params                               13499
  cipher_ocb_gettable_ctx_params                                13500
  BIO_clear_flags                                               13708
  sa_doall                                                      14501
  _kernelrpc_mach_vm_deallocate_trap                            14541
  DSO_free                                                      14627
  BIO_get_data                                                  14834
  dyld4::DyldCacheDataConstLazyScopedWriter::DyldCacheDataConstLazyScopedWriter(dyld4::RuntimeState&)            14917
  lsl::EphemeralAllocator::~EphemeralAllocator()                14959
  __bzero                                                       15000
  dyld4::Loader::loadDependents(Diagnostics&, dyld4::RuntimeState&, dyld4::Loader::LoadOptions const&)            15084
  CRYPTO_atomic_add                                             15416
  ossl_aes_gcm_siv_gettable_ctx_params                          15417
  dyld4::Loader::path() const                                   15501
  camellia_cbc_cts_gettable_ctx_params                          15584
  dyld4::JustInTimeLoader::loadDependents(Diagnostics&, dyld4::RuntimeState&, dyld4::Loader::LoadOptions const&)            16291
  __sflush                                                      16334
  dyld3::MachOFile::is64() const                                16541
  ossl_prov_is_running                                          16707
  file_free                                                     16919
  os_unfair_recursive_lock_unlock                               16958
  rack_region_insert                                            17625
  pthread_mutex_destroy                                         17834
  _kernelrpc_mach_port_destruct_trap                            17916
  _NSGetEnviron                                                 17957
  OPENSSL_LH_get_down_load                                      18165
  invocation function for block in dyld4::Loader::forEachPath(Diagnostics&, dyld4::RuntimeState&, char const*, dyld4::Loader::Loa            18166
  dyld4::JustInTimeLoader::path() const                         18875
  CRYPTO_THREAD_lock_free                                       18915
  FMT_istext                                                    19041
  kdebug_is_enabled                                             19582
  BIO_new                                                       19624
  property_free                                                 20499
  pthread_cond_init                                             20624
  small_try_realloc_in_place                                    20791
  os_unfair_recursive_lock_lock_with_options                    20916
  dyld4::LibSystemHelpers::pthread_getspecific(unsigned long) const            21334
  file_new                                                      21416
  dyld4::Loader::matchesPath(char const*) const                 21585
  lsl::EphemeralAllocator::deallocate_buffer(lsl::MemoryManager::Buffer)            21958
  __chkstk_darwin_probe                                         22583
  small_size                                                    22709
  ___chkstk_darwin                                              23001
  os_unfair_lock_assert_not_owner                               23041
  dyld4::ProcessConfig::DyldCache::indexOfPath(char const*, unsigned int&) const            23458
  tiny_free_list_remove_ptr                                     23540
  __open                                                        23959
  get_tiny_previous_free_msize                                  27125
  pthread_mutex_init                                            27542
  mach_msg2_trap                                                28292
  dyld4::Loader::loadAddress(dyld4::RuntimeState&) const            28542
  OPENSSL_sk_delete                                             28709
  OPENSSL_strnlen                                               29001
  __findenv_locked                                              29165
  dyld4::JustInTimeLoader::loadAddress(dyld4::RuntimeState&) const            30082
  dyld3::ScopedTimer::endTimer()                                30667
  ossl_property_name                                            30708
  small_free_list_find_by_ptr                                   31084
  lsl::MemoryManager::lockGuard()                               32208
  _pthread_mutex_check_init_slow                                33876
  small_free_list_remove_ptr                                    34002
  _kernelrpc_mach_vm_map_trap                                   35917
  lsl::AllocationMetadata::AllocationMetadata(lsl::Allocator*, unsigned long)            35957
  OPENSSL_LH_set_down_load                                      36335
  CRYPTO_new_ex_data                                            36584
  dyld4::LibSystemHelpers::os_unfair_recursive_lock_unlock(os_unfair_recursive_lock_s*) const            39791
  small_free_list_add_ptr                                       41125
  szone_good_size                                               41210
  OPENSSL_sk_free                                               41748
  small_free_list_remove_ptr_no_clear                           41875
  EVP_PKEY_asn1_get0                                            42500
  __read_nocancel                                               42582
  dyld4::LibSystemHelpers::os_unfair_lock_unlock(os_unfair_lock_s*) const            42751
  Diagnostics::hasError() const                                 42915
  ossl_rcu_write_lock                                           43917
  small_malloc_from_free_list                                   46039
  ossl_tdes_gettable_ctx_params                                 46332
  Diagnostics::noError() const                                  46542
  ossl_rcu_write_unlock                                         46625
  __write_nocancel                                              49416
  pthread_setspecific                                           50043
  dyld3::MachOFile::read_uleb128(Diagnostics&, unsigned char const*&, unsigned char const*)            51333
  dyld4::LibSystemHelpers::os_unfair_recursive_lock_lock_with_options(os_unfair_recursive_lock_s*, os_unfair_lock_options_t) cons            53626
  EVP_PKEY_asn1_get0_info                                       54290
  madvise                                                       56417
  szone_malloc                                                  57292
  pthread_cond_broadcast                                        58248
  tiny_size                                                     60336
  dyld4::LibSystemHelpers::os_unfair_lock_lock_with_options(os_unfair_lock_s*, os_unfair_lock_options_t) const            62750
  realloc                                                       63416
  _tiny_check_and_zero_inline_meta_from_freelist                63418
  tiny_free_list_add_ptr                                        64000
  dyld4::RuntimeState::PermanentRanges::contains(unsigned long, unsigned long, unsigned char*, dyld4::Loader const**) const            65334
  lsl::EphemeralAllocator::allocate_buffer(unsigned long, unsigned long, unsigned long)            65335
  _qsort                                                        66917
  set_tiny_meta_header_in_use                                   68206
  ossl_cipher_aead_gettable_ctx_params                          70790
  strcmp                                                        72500
  OPENSSL_sk_pop_free                                           72541
  _szone_free                                                   75667
  __close_nocancel                                              76250
  szone_try_free_default                                        79292
  os_unfair_lock_assert_owner                                   80418
  invocation function for block in dyld3::MachOFile::getDylibInstallName(char const**, unsigned int*, unsigned int*) const            83833
  dyld3::kdebug_trace_dyld_duration_end(unsigned long long, unsigned int, dyld3::kt_arg, dyld3::kt_arg, dyld3::kt_arg)            84126
  rack_get_thread_index                                         86709
  EVP_CIPHER_get_type                                           89957
  property_hash                                                 90501
  dyld3::OverflowSafeArray<unsigned int, 4294967295ul>::verifySpace(unsigned long)            93334
  dyld4::Loader::contains(dyld4::RuntimeState&, void const*, void const**, unsigned long long*, unsigned char*) const            99001
  pthread_cond_signal                                          106378
  Diagnostics::assertNoError() const                           113418
  nanov2_size                                                  117376
  pthread_rwlock_destroy                                       122122
  pthread_rwlock_init                                          124000
  __open_nocancel                                              127417
  os_unfair_lock_unlock                                        130498
  Diagnostics::~Diagnostics()                                  142838
  get_legacy_evp_names                                         159709
  Diagnostics::Diagnostics(bool)                               166791
  ossl_ctype_check                                             171045
  os_unfair_lock_lock_with_options                             176873
  EVP_MD_get_type                                              192959
  invocation function for block in dyld3::MachOFile::getEntry(unsigned long long&, bool&) const           196960
  nanov2_pointer_size                                          200504
  free                                                         210864
  _Block_object_dispose                                        219251
  OPENSSL_hexchar2int                                          234207
  ossl_sa_set                                                  246708
  strncmp                                                      273798
  trim_ws                                                      287041
  nanov2_allocate_from_block                                   287665
  invocation function for block in dyld4::JustInTimeLoader::contains(dyld4::RuntimeState&, void const*, void const**, unsigned lo           306086
  names_free                                                   313173
  BUF_MEM_new                                                  318217
  OBJ_get0_data                                                330279
  OPENSSL_LH_doall                                             330459
  OPENSSL_LH_flush                                             332001
  OSSL_PARAM_set_uint                                          342503
  ossl_provider_ctx                                            346422
  EVP_CIPHER_get_nid                                           366495
  ossl_lib_ctx_unlock                                          378964
  conf_value_cmp                                               389460
  OSSL_PARAM_locate_const                                      399631
  invocation function for block in dyld3::MachOLoaded::findClosestSymbol(unsigned long long, char const**, unsigned long long*) c           412001
  ossl_lib_ctx_read_lock                                       424715
  OPENSSL_LH_set_thunks                                        434131
  property_defn_cmp                                            440505
  ossl_cipher_generic_gettable_ctx_params                      446920
  evp_cipher_up_ref                                            453205
  function_hash                                                463964
  property_defn_hash                                           464412
  ossl_provider_free                                           470079
  BN_free                                                      480821
  value_free_hash                                              487670
  ossl_provider_up_ref                                         489458
  OSSL_PARAM_set_uint32                                        501503
  ASN1_OBJECT_free                                             503544
  CRYPTO_realloc                                               509457
  ossl_sa_get                                                  515576
  eat_alpha_numeric                                            527582
  sa_free_node                                                 547956
  OSSL_PARAM_construct_end                                     549456
  EVP_CIPHER_get0_provider                                     561459
  OSSL_PARAM_construct_uint                                    567327
  evp_cipher_free                                              573750
  do_all_fn                                                    583118
  EVP_CIPHER_free                                              636702
  ossl_provider_libctx                                         802049
  internal_free_nop                                            851095
  invocation function for block in dyld3::MachOLoaded::getLinkEditLoadCommands(Diagnostics&, dyld3::MachOLoaded::LinkEditInfo&) c           865244
  name_string_free                                             895166
  _platform_strncmp                                            901993
  OPENSSL_LH_error                                             969501
  OSSL_PARAM_set_size_t                                       1131807
  invocation function for block in dyld3::MachOFile::forEachSegment(void (dyld3::MachOFile::SegmentInfo const&, bool&) block_poin          1137291
  pthread_getspecific                                         1161380
  BUF_MEM_grow                                                1165379
  sk_reserve                                                  1168173
  CRYPTO_THREAD_get_local                                     1295087
  _os_once                                                    1339608
  _platform_memchr                                            1400969
  ossl_rcu_assign_uptr                                        1404327
  OSSL_PARAM_set_uint64                                       1517988
  names_lh_free_doall                                         1545453
  ossl_lib_ctx_get_data                                       1600253
  OSSL_PARAM_set_int                                          1617870
  _platform_strchr                                            1727832
  pthread_mutex_lock                                          1780531
  OSSL_PARAM_construct_size_t                                 1809291
  pthread_mutex_unlock                                        1900428
  _nanov2_free                                                1923668
  OPENSSL_sk_push                                             1994653
  OPENSSL_sk_num                                              2012294
  _pthread_mutex_lock_init_slow                               2046506
  _pthread_mutex_unlock_init_slow                             2179494
  _pthread_mutex_firstfit_lock_slow                           2281952
  OPENSSL_sk_value                                            2331542
  _pthread_mutex_firstfit_unlock_slow                         2389611
  OSSL_PARAM_set_int32                                        2437789
  obj_name_cmp                                                2538751
  OSSL_PARAM_construct_int                                    2746588
  _platform_memcmp                                            2753386
  OPENSSL_LH_strhash                                          2779781
  pthread_once                                                3067753
  OBJ_nid2obj                                                 3178988
  CRYPTO_atomic_load                                          3299462
  pthread_rwlock_rdlock                                       3344570
  SortFnByName                                                3446779
  ossl_lh_strcasehash                                         3740161
  __error                                                     3936092
  ossl_isdigit                                                3976018
  cipher_compare                                              4134551
  fnv1a_hash                                                  4394829
  _platform_memmove                                           6573709
  pthread_rwlock_wrlock                                       6805466
  pthread_rwlock_unlock                                      10092654
  err_string_data_cmp                                        11285614
  CRYPTO_free                                                12352126
  malloc                                                     13547129
  doapr_outch                                                15066117
  err_string_data_hash                                       17196977
  nanov2_malloc                                              18807704
  _platform_strlen                                           23274167
  _platform_memset                                           25797058
  nanov2_try_free_default                                    26329343
  _platform_strcmp                                           28091047
  ossl_tolower                                               60871160
