
  EVP_md5                                                        1792
  pd_free                                                        1875
  sigaction                                                      1875
  EVP_rc4_40                                                     1917
  UI_OpenSSL                                                     1958
  EVP_sm4_cbc                                                    2041
  EVP_bf_ofb                                                     2042
  EVP_md4                                                        2042
  EVP_rc2_ofb                                                    2042
  EVP_sha512                                                     2042
  EVP_bf_cbc                                                     2084
  EVP_des_ede                                                    2084
  EVP_rc2_cbc                                                    2084
  EVP_sha224                                                     2084
  EVP_sha1                                                       2125
  _cleanup                                                       2125
  opt_unknown                                                    2125
  EVP_sm4_ecb                                                    2166
  EVP_idea_ofb                                                   2167
  EVP_sha384                                                     2167
  EVP_sm4_ofb                                                    2167
  EVP_des_ofb                                                    2208
  EVP_sha3_224                                                   2208
  EVP_des_cfb8                                                   2250
  EVP_des_ecb                                                    2250
  EVP_md5_sha1                                                   2250
  EVP_sm3                                                        2250
  EVP_bf_cfb64                                                   2291
  EVP_ripemd160                                                  2291
  EVP_shake128                                                   2291
  EVP_idea_cbc                                                   2292
  EVP_sha3_512                                                   2292
  EVP_sm4_ctr                                                    2292
  UI_null                                                        2292
  EVP_mdc2                                                       2333
  EVP_rc4                                                        2375
  EVP_seed_cbc                                                   2375
  release_engine                                                 2375
  app_get0_propq                                                 2416
  EVP_bf_ecb                                                     2417
  EVP_rc2_cfb64                                                  2417
  EVP_sha512_224                                                 2417
  EVP_sha512_256                                                 2417
  EVP_MD_free                                                    2458
  EVP_seed_ofb                                                   2458
  EVP_sha3_256                                                   2458
  EVP_sha3_384                                                   2458
  strchr                                                         2458
  EVP_cast5_ofb                                                  2459
  EVP_aes_128_cbc                                                2500
  EVP_aes_128_ctr                                                2500
  EVP_des_cbc                                                    2500
  EVP_des_ede_cbc                                                2500
  EVP_rc2_64_cbc                                                 2500
  EVP_rc2_ecb                                                    2500
  lh_FUNCTION_free                                               2500
  EVP_aes_256_ctr                                                2541
  EVP_aes_256_ofb                                                2541
  EVP_aes_256_xts                                                2541
  EVP_aes_192_cbc                                                2542
  EVP_cast5_ecb                                                  2542
  EVP_des_cfb1                                                   2542
  EVP_aes_256_cbc                                                2583
  EVP_chacha20                                                   2583
  EVP_aes_192_gcm                                                2584
  EVP_blake2s256                                                 2584
  EVP_des_ede3                                                   2584
  EVP_aes_128_ccm                                                2625
  EVP_aes_192_cfb8                                               2625
  EVP_aes_256_ecb                                                2625
  EVP_cast5_cbc                                                  2625
  EVP_idea_ecb                                                   2625
  EVP_rc2_40_cbc                                                 2625
  opt_next                                                       2625
  EVP_aria_192_ctr                                               2666
  EVP_aes_128_cfb1                                               2667
  EVP_aes_128_ofb                                                2667
  EVP_aes_192_ecb                                                2667
  EVP_aes_256_ocb                                                2667
  EVP_aria_192_cbc                                               2667
  EVP_aria_256_ctr                                               2667
  EVP_desx_cbc                                                   2667
  EVP_aes_256_cfb8                                               2708
  EVP_aria_256_gcm                                               2708
  EVP_cast5_cfb64                                                2708
  ENGINE_set_name                                                2709
  EVP_aes_192_ccm                                                2709
  EVP_aria_128_ecb                                               2709
  EVP_aria_192_ofb                                               2709
  EVP_sm4_cfb128                                                 2709
  COMP_get_type                                                  2750
  EVP_aes_192_cfb1                                               2750
  EVP_aes_192_ocb                                                2750
  EVP_aes_256_cfb1                                               2750
  EVP_aes_256_gcm                                                2750
  EVP_aes_256_wrap                                               2750
  EVP_aria_128_ofb                                               2750
  EVP_aria_192_ccm                                               2750
  EVP_aria_192_cfb1                                              2750
  EVP_aria_256_cbc                                               2750
  EVP_aria_256_ccm                                               2750
  EVP_aria_256_ofb                                               2750
  EVP_des_ede3_ofb                                               2750
  ossl_trace_cleanup                                             2750
  EVP_aria_256_cfb1                                              2791
  EVP_shake256                                                   2791
  strrchr                                                        2791
  ENGINE_set_id                                                  2792
  EVP_aes_192_ofb                                                2792
  EVP_aes_256_ccm                                                2792
  EVP_aria_128_ctr                                               2792
  EVP_aria_192_gcm                                               2792
  EVP_aria_256_ecb                                               2792
  EVP_des_ede_ofb                                                2792
  EVP_rc4_hmac_md5                                               2792
  EVP_seed_ecb                                                   2792
  EVP_aes_192_wrap                                               2833
  EVP_aria_128_cbc                                               2833
  EVP_aria_192_cfb8                                              2833
  EVP_aes_192_ctr                                                2834
  EVP_aes_192_cfb128                                             2875
  EVP_aria_128_cfb8                                              2875
  EVP_aria_192_ecb                                               2875
  EVP_aria_256_cfb8                                              2875
  EVP_blake2b512                                                 2875
  EVP_des_ede3_wrap                                              2875
  EVP_whirlpool                                                  2875
  NCONF_default                                                  2875
  OBJ_obj2txt                                                    2875
  BIO_f_cipher                                                   2917
  EVP_aes_128_wrap                                               2917
  def_to_int                                                     2917
  EVP_aes_128_xts                                                2958
  EVP_aria_128_ccm                                               2958
  EVP_des_ede3_cfb1                                              2958
  signal                                                         2958
  EVP_des_ede3_cbc                                               2959
  query_hash                                                     2959
  EVP_aes_128_ocb                                                3000
  EVP_aria_192_cfb128                                            3000
  EVP_aria_256_cfb128                                            3000
  EVP_des_ede3_cfb8                                              3000
  EVP_idea_cfb64                                                 3000
  def_init_default                                               3000
  property_cmp                                                   3000
  EVP_camellia_192_ofb                                           3041
  function_cmp                                                   3041
  EVP_aes_128_gcm                                                3042
  EVP_aria_128_gcm                                               3042
  EVP_camellia_256_ofb                                           3042
  EVP_seed_cfb128                                                3042
  getrlimit                                                      3042
  EVP_aria_128_cfb128                                            3083
  __cxa_finalize                                                 3084
  EVP_aes_128_ecb                                                3125
  EVP_camellia_192_ctr                                           3125
  EVP_aes_128_wrap_pad                                           3166
  EVP_aes_128_cfb8                                               3167
  EVP_aes_192_wrap_pad                                           3167
  EVP_camellia_128_cbc                                           3167
  EVP_camellia_128_ctr                                           3167
  EVP_camellia_256_cbc                                           3167
  EVP_des_cfb64                                                  3167
  OSSL_LIB_CTX_get_data                                          3167
  EVP_aes_256_wrap_pad                                           3208
  EVP_camellia_256_ctr                                           3208
  EVP_des_ede_cfb64                                              3208
  OSSL_PARAM_modified                                            3208
  UI_method_set_closer                                           3208
  UI_method_set_reader                                           3208
  EVP_aes_256_cfb128                                             3209
  EVP_aes_128_cfb128                                             3250
  EVP_aria_128_cfb1                                              3250
  UI_method_set_writer                                           3250
  EVP_camellia_192_cbc                                           3292
  EVP_camellia_256_cfb1                                          3292
  ossl_comp_zstd_cleanup                                         3292
  EVP_camellia_128_cfb8                                          3333
  EVP_camellia_192_cfb1                                          3333
  EVP_camellia_256_cfb8                                          3333
  EVP_camellia_192_cfb8                                          3334
  EVP_camellia_128_cfb1                                          3375
  EVP_camellia_256_ecb                                           3375
  opt_set_unknown_name                                           3375
  ossl_store_cleanup_int                                         3375
  vm_deallocate                                                  3375
  COMP_zlib                                                      3416
  EVP_des_ede3_cfb64                                             3417
  EVP_camellia_128_ofb                                           3459
  EVP_camellia_192_ecb                                           3459
  __smakebuf                                                     3459
  EVP_CIPHER_get_flags                                           3500
  EVP_add_alg_module                                             3500
  app_RAND_write                                                 3500
  ossl_comp_zlib_cleanup                                         3500
  ossl_prov_ctx_new                                              3500
  store_loader_cmp                                               3500
  bio_sock_cleanup_int                                           3583
  ENGINE_set_flags                                               3625
  EVP_camellia_192_cfb128                                        3625
  OSSL_STORE_register_loader                                     3625
  engine_load_rdrand_int                                         3625
  ASN1_add_stable_module                                         3666
  init_thread_stop                                               3666
  ossl_prov_ctx_free                                             3666
  BIO_meth_set_ctrl                                              3667
  EVP_CipherUpdate                                               3667
  EVP_camellia_128_cfb128                                        3667
  EVP_camellia_256_cfb128                                        3708
  EVP_chacha20_poly1305                                          3709
  BIO_meth_set_puts                                              3750
  UI_method_set_opener                                           3750
  ossl_comp_brotli_cleanup                                       3750
  ASN1_add_oid_module                                            3792
  __getrlimit                                                    3792
  core_get_libctx                                                3792
  ossl_prov_ctx_set0_handle                                      3792
  BIO_meth_set_create                                            3833
  OSSL_LIB_CTX_free                                              3833
  evp_app_cleanup_int                                            3833
  free_medium                                                    3833
  ossl_prov_ctx_get0_libctx                                      3833
  ossl_prov_ctx_set0_libctx                                      3833
  BIO_meth_set_gets                                              3875
  ERR_get_error_all                                              3875
  ERR_print_errors                                               3875
  EVP_CIPHER_fetch                                               3875
  EVP_camellia_128_ecb                                           3875
  NCONF_get0_libctx                                              3916
  BIO_meth_set_destroy                                           3917
  ENGINE_set_cmd_defns                                           3917
  EVP_CipherFinal_ex                                             3958
  dyld4::APIs::_tlv_exit()                                       3959
  ossl_lib_ctx_write_lock                                        4000
  null_gettable_ctx_params                                       4041
  ossl_method_unlock_store                                       4041
  EVP_CIPHER_get_iv_length                                       4042
  aes_v8_set_encrypt_key                                         4042
  opt_check_rest_arg                                             4042
  CRYPTO_THREAD_get_current_id                                   4167
  aes_256_ctr_get_params                                         4167
  ossl_child_prov_ctx_new                                        4167
  BIO_meth_set_read_ex                                           4208
  ossl_method_lock_store                                         4209
  OSSL_STORE_unregister_loader                                   4292
  ossl_config_add_ssl_module                                     4292
  ossl_stored_namemap_free                                       4292
  EVP_sha256                                                     4332
  BIO_meth_set_write_ex                                          4333
  EVP_PKEY_asn1_get_count                                        4333
  aes_192_ofb_get_params                                         4333
  ossl_lib_ctx_is_default                                        4333
  OSSL_CMP_log_close                                             4334
  ENGINE_add_conf_module                                         4375
  OSSL_ERR_STATE_new                                             4375
  aes_128_xts_get_params                                         4375
  chacha20_get_params                                            4375
  tdes_ede2_cbc_get_params                                       4375
  aes_128_cfb8_get_params                                        4417
  aes_128_cfb_get_params                                         4458
  aes_128_ofb_get_params                                         4458
  aria_192_ecb_get_params                                        4458
  aria_256_ofb_get_params                                        4458
  ossl_bio_core_globals_new                                      4458
  aes_192_ctr_get_params                                         4459
  tdes_ede2_cfb_get_params                                       4459
  CONF_imodule_get_value                                         4500
  ENGINE_set_ctrl_function                                       4500
  aes_192_cfb1_get_params                                        4500
  aes_192_gcm_get_params                                         4500
  aes_256_cbc_get_params                                         4500
  aes_256_siv_get_params                                         4500
  aria_192_cfb8_get_params                                       4500
  aria_192_ctr_get_params                                        4500
  aria_256_cfb_get_params                                        4500
  ossl_cipher_generic_reset_ctx                                  4500
  ossl_random_add_conf_module                                    4500
  sm4_128_ctr_get_params                                         4500
  aria_256_ctr_get_params                                        4541
  pthread_cond_destroy                                           4541
  tiny_free_no_lock                                              4541
  aes_128_cbc_get_params                                         4542
  aria_128_cfb8_get_params                                       4542
  ossl_store_register_init                                       4542
  EVP_aes_256_cbc_hmac_sha1                                      4583
  aes_192_cbc_get_params                                         4583
  aes_192_wrap_get_params                                        4583
  aes_256_ccm_get_params                                         4583
  chacha20_gettable_ctx_params                                   4583
  tdes_ede3_cbc_get_params                                       4583
  OSSL_trace_set_channel                                         4584
  aes_128_ctr_get_params                                         4584
  aes_128_ecb_get_params                                         4584
  aes_128_gcm_get_params                                         4584
  aes_256_cfb_get_params                                         4584
  sm4_128_cbc_get_params                                         4584
  ENGINE_set_init_function                                       4625
  OSSL_STORE_LOADER_set_eof                                      4625
  aes_128_cfb1_get_params                                        4625
  aes_128_ocb_get_params                                         4625
  aes_192_ccm_get_params                                         4625
  aes_256_cfb8_get_params                                        4625
  aes_256_ofb_get_params                                         4625
  aes_v8_ctr32_encrypt_blocks                                    4625
  aria_128_cbc_get_params                                        4625
  aria_256_cfb1_get_params                                       4625
  ENGINE_set_finish_function                                     4666
  def_is_number                                                  4666
  ossl_bio_core_globals_free                                     4666
  OSSL_STORE_LOADER_free                                         4667
  aria_128_cfb_get_params                                        4667
  aria_192_cfb1_get_params                                       4667
  aria_192_ofb_get_params                                        4667
  OSSL_STORE_LOADER_set_error                                    4708
  aria_128_ecb_get_params                                        4708
  ossl_prov_cipher_hw_aes_ctr                                    4708
  sm4_128_cfb128_get_params                                      4708
  tdes_ede3_cfb1_get_params                                      4708
  tdes_wrap_get_params                                           4708
  OSSL_STORE_LOADER_set_close                                    4709
  aes_128_wrap_get_params                                        4709
  aes_192_cfb_get_params                                         4709
  aes_256_wrap_get_params                                        4709
  aria_128_cfb1_get_params                                       4709
  ossl_prov_ctx_set0_core_bio_method                             4709
  ossl_rand_cleanup_int                                          4709
  sm4_128_ccm_get_params                                         4709
  tdes_ede2_ecb_get_params                                       4709
  OPENSSL_cpuid_setup                                            4750
  UI_method_set_prompt_constructor                               4750
  aes_192_siv_get_params                                         4750
  aes_192_wrappad_get_params                                     4750
  aes_256_ecb_get_params                                         4750
  aria_128_ctr_get_params                                        4750
  aria_192_cfb_get_params                                        4750
  tdes_ede3_cfb_get_params                                       4791
  EVP_aes_256_cbc_hmac_sha256                                    4792
  OSSL_STORE_LOADER_set_load                                     4792
  aes_256_cfb1_get_params                                        4792
  aria_128_ofb_get_params                                        4792
  aria_256_cbc_get_params                                        4792
  lsl::Lock::unlock()                                            4792
  sm4_128_gcm_get_params                                         4792
  tdes_ede2_ofb_get_params                                       4792
  BIO_free                                                       4832
  EVP_aes_128_cbc_hmac_sha256                                    4833
  __sigaction                                                    4833
  aes_192_cfb8_get_params                                        4833
  aes_256_gcm_get_params                                         4833
  aria_256_ccm_get_params                                        4833
  camellia_256_cfb_get_params                                    4833
  engine_pkey_meths_free                                         4833
  sm4_128_ecb_get_params                                         4833
  sm4_128_ofb128_get_params                                      4833
  ossl_ctx_global_properties_new                                 4834
  EVP_CIPHER_get_key_length                                      4875
  aes_128_wrappad_get_params                                     4875
  aes_256_xts_get_params                                         4875
  aes_cts_192_cbc_get_params                                     4875
  aes_cts_256_cbc_get_params                                     4875
  aria_128_gcm_get_params                                        4875
  aria_192_cbc_get_params                                        4875
  aria_256_cfb8_get_params                                       4875
  camellia_192_ecb_get_params                                    4875
  ossl_provider_add_conf_module                                  4875
  tdes_ede3_ofb_get_params                                       4875
  aes_192_ecb_get_params                                         4916
  aria_128_ccm_get_params                                        4916
  aria_256_gcm_get_params                                        4917
  ENGINE_load_builtin_engines                                    4958
  aes_128_siv_get_params                                         4958
  aria_192_gcm_get_params                                        4958
  camellia_128_cbc_get_params                                    4958
  camellia_256_ctr_get_params                                    4958
  tdes_ede3_cfb8_get_params                                      4958
  EVP_aes_128_cbc_hmac_sha1                                      4959
  aes_256_ocb_get_params                                         5000
  aes_cts_128_cbc_get_params                                     5000
  ossl_property_match_count                                      5000
  ENGINE_get_cipher_engine                                       5041
  OSSL_STORE_LOADER_set_open                                     5041
  aes_128_wrapinv_get_params                                     5041
  aes_192_ocb_get_params                                         5041
  camellia_192_ctr_get_params                                    5041
  camellia_128_ecb_get_params                                    5042
  camellia_192_cbc_get_params                                    5042
  engine_remove_dynamic_id                                       5042
  aes_192_wrappadinv_get_params                                  5083
  camellia_128_ofb_get_params                                    5083
  aes_192_wrapinv_get_params                                     5084
  aes_256_wrapinv_get_params                                     5084
  aes_128_ccm_get_params                                         5125
  camellia_128_cfb8_get_params                                   5125
  camellia_192_cfb1_get_params                                   5125
  camellia_256_cfb1_get_params                                   5125
  ossl_indicator_set_callback_free                               5125
  aria_192_ccm_get_params                                        5167
  camellia_256_cbc_get_params                                    5167
  camellia_256_cfb8_get_params                                   5167
  camellia_128_ctr_get_params                                    5208
  camellia_256_ofb_get_params                                    5208
  tdes_ede3_ecb_get_params                                       5208
  aes_256_wrappad_get_params                                     5209
  camellia_128_cfb_get_params                                    5209
  OSSL_STORE_LOADER_set_expect                                   5250
  camellia_192_ofb_get_params                                    5250
  camellia_256_ecb_get_params                                    5250
  ossl_init_thread_deregister                                    5250
  ossl_property_has_optional                                     5250
  Diagnostics::clearError()                                      5291
  camellia_192_cfb_get_params                                    5291
  ossl_free_compression_methods_int                              5291
  pthread_self                                                   5291
  ossl_self_test_set_callback_free                               5292
  camellia_cts_192_cbc_get_params                                5333
  ossl_indicator_set_callback_new                                5333
  aria_256_ecb_get_params                                        5334
  camellia_128_cfb1_get_params                                   5334
  engine_pkey_asn1_meths_free                                    5334
  aes_128_wrappadinv_get_params                                  5375
  aes_256_wrappadinv_get_params                                  5375
  camellia_192_cfb8_get_params                                   5375
  OSSL_PARAM_get_int                                             5376
  medium_region_for_ptr_no_lock                                  5417
  OPENSSL_sk_sort                                                5459
  chacha20_poly1305_gettable_ctx_params                          5500
  ossl_provider_unquery_operation                                5500
  ossl_self_test_set_callback_new                                5500
  __fcntl                                                        5583
  camellia_cts_256_cbc_get_params                                5584
  getgid                                                         5625
  memset                                                         5625
  ossl_aes_192_gcm_siv_get_params                                5625
  ossl_aes_256_gcm_siv_get_params                                5666
  app_get0_libctx                                                5708
  chacha20_poly1305_get_params                                   5750
  ossl_prov_bio_from_dispatch                                    5750
  EVP_CIPHER_CTX_get_block_size                                  5791
  ossl_prov_ctx_get0_core_bio_method                             5792
  ossl_aes_128_gcm_siv_get_params                                5916
  getegid                                                        5917
  opt_arg                                                        5918
  OSSL_LIB_CTX_set_conf_diagnostics                              6000
  camellia_cts_128_cbc_get_params                                6000
  EVP_CIPHER_get_mode                                            6124
  geteuid                                                        6125
  ossl_prov_seeding_from_dispatch                                6292
  BIO_set_data                                                   6334
  getuid                                                         6416
  OSSL_PARAM_get_int32                                           6542
  dyld4::Loader::hiddenFromFlat(bool) const                      6708
  dyld4::RuntimeState::notifyObjCPatching()                      6708
  EVP_RAND_CTX_free                                              6792
  BIO_next                                                       6958
  medium_malloc_from_free_list                                   6959
  dyld4::handleFromLoader(dyld4::Loader const*, bool)             7125
  dyld3::kdebug_trace_dyld_enabled(unsigned int)                 7167
  OPENSSL_sk_pop                                                 7208
  store_loader_hash                                              7208
  EVP_CipherInit_ex                                              7332
  _kernelrpc_mach_port_deallocate_trap                           7375
  sm4_128_xts_get_params                                         7500
  close                                                          7542
  ENGINE_register_EC                                             7749
  ENGINE_register_DH                                             7750
  _platform_strnlen                                              7791
  __sclose                                                       7916
  dyld4::JustInTimeLoader::hiddenFromFlat(bool) const             7958
  err_unshelve_state                                             8000
  BIO_copy_next_retry                                            8041
  file_ctrl                                                      8041
  bio_open_default                                               8042
  ENGINE_register_RSA                                            8084
  flsl                                                           8167
  openssl_fopen                                                  8251
  _kernelrpc_mach_port_construct_trap                            8292
  ENGINE_register_DSA                                            8375
  ENGINE_register_RAND                                           8458
  X509_get_default_cert_area                                     8499
  dyld4::Loader::beginInitializers(dyld4::RuntimeState&)             8500
  lsl::EphemeralAllocator::reset()                               8542
  __sflags                                                       8792
  ossl_lib_ctx_get_concrete                                      8792
  dyld4::RuntimeState::incDlRefCount(dyld4::Loader const*)             8875
  lsl::Lock::lock()                                              8875
  ossl_sa_new                                                    8999
  BIO_set_init                                                   9042
  lsl::Vector<dyld4::Loader const*>::reserveExact(unsigned long)             9084
  ENGINE_register_ciphers                                        9166
  ossl_property_free                                             9167
  ENGINE_register_digests                                        9208
  strlen                                                         9334
  ossl_cipher_generic_einit                                      9417
  dyld4::JustInTimeLoader::beginInitializers(dyld4::RuntimeState&)             9666
  DSO_METHOD_openssl                                             9791
  ENGINE_register_pkey_meths                                     9792
  ossl_cipher_generic_set_ctx_params                             9876
  tiny_try_realloc_in_place                                     10083
  BIO_set_flags                                                 10167
  deflt_query                                                   10458
  CRYPTO_atomic_or                                              10583
  lsl::Vector<lsl::MemoryManager::Buffer>::reserve(unsigned long)            10709
  OSSL_LIB_CTX_get_conf_diagnostics                             10834
  ENGINE_register_pkey_asn1_meths                               11084
  ossl_lib_ctx_get_rcukey                                       11168
  NCONF_get_section                                             11210
  engine_free_util                                              11249
  ossl_lib_ctx_get_ex_data_global                               11333
  free_small                                                    11417
  tiny_malloc_from_free_list                                    11542
  OPENSSL_cleanse                                               11708
  ossl_sa_doall_arg                                             11832
  aes_siv_gettable_ctx_params                                   11957
  dyld4::RuntimeState::doSingletonPatching(dyld4::DyldCacheDataConstLazyScopedWriter&)            12292
  EVP_add_cipher                                                12833
  ossl_cipher_capable_aes_cbc_hmac_sha256                       12916
  ossl_property_value                                           12917
  ossl_cipher_capable_aes_cbc_hmac_sha1                         12958
  __bzero                                                       13250
  cipher_ocb_gettable_ctx_params                                13292
  aes_cbc_cts_gettable_ctx_params                               13584
  BIO_clear_flags                                               13709
  dyld4::DyldCacheDataConstLazyScopedWriter::DyldCacheDataConstLazyScopedWriter(dyld4::RuntimeState&)            13875
  dyld4::Loader::loadDependents(Diagnostics&, dyld4::RuntimeState&, dyld4::Loader::LoadOptions const&)            13916
  lsl::EphemeralAllocator::~EphemeralAllocator()                14375
  small_free_list_remove_ptr                                    14375
  _NSGetEnviron                                                 14502
  DSO_free                                                      14665
  dyld4::Loader::path() const                                   14750
  fstat                                                         14750
  CRYPTO_atomic_add                                             14917
  small_free_list_find_by_ptr                                   14959
  BIO_get_data                                                  15000
  dyld4::JustInTimeLoader::loadDependents(Diagnostics&, dyld4::RuntimeState&, dyld4::Loader::LoadOptions const&)            15375
  camellia_cbc_cts_gettable_ctx_params                          15458
  ossl_aes_gcm_siv_gettable_ctx_params                          15500
  sa_doall                                                      15543
  _kernelrpc_mach_vm_deallocate_trap                            15833
  os_unfair_recursive_lock_unlock                               16041
  dyld3::MachOFile::is64() const                                16043
  __sflush                                                      16209
  dyld4::BumpAllocator::~BumpAllocator()                        16458
  ossl_prov_is_running                                          16666
  _kernelrpc_mach_port_destruct_trap                            16832
  file_free                                                     17165
  CRYPTO_THREAD_lock_free                                       17416
  small_free_list_remove_ptr_no_clear                           17667
  invocation function for block in dyld4::Loader::forEachPath(Diagnostics&, dyld4::RuntimeState&, char const*, dyld4::Loader::Loa            17875
  OPENSSL_LH_get_down_load                                      18041
  dyld4::JustInTimeLoader::path() const                         18208
  pthread_mutex_destroy                                         18208
  BIO_new                                                       18416
  FMT_istext                                                    18499
  kdebug_is_enabled                                             18916
  small_try_realloc_in_place                                    19666
  pthread_cond_init                                             19792
  file_new                                                      20667
  dyld4::LibSystemHelpers::pthread_getspecific(unsigned long) const            20708
  property_free                                                 20790
  lsl::EphemeralAllocator::deallocate_buffer(lsl::MemoryManager::Buffer)            21084
  os_unfair_recursive_lock_lock_with_options                    21208
  dyld4::Loader::matchesPath(char const*) const                 21292
  os_unfair_lock_assert_not_owner                               21583
  __chkstk_darwin_probe                                         21751
  small_size                                                    22083
  ___chkstk_darwin                                              22666
  dyld4::ProcessConfig::DyldCache::indexOfPath(char const*, unsigned int&) const            24001
  rack_region_insert                                            24334
  dyld4::Loader::loadAddress(dyld4::RuntimeState&) const            25209
  pthread_mutex_init                                            25958
  ossl_property_name                                            26792
  lsl::MemoryManager::lockGuard()                               27291
  __findenv_locked                                              27709
  OPENSSL_strnlen                                               27999
  OPENSSL_sk_delete                                             28375
  dyld4::JustInTimeLoader::loadAddress(dyld4::RuntimeState&) const            28668
  dyld3::ScopedTimer::endTimer()                                30251
  small_free_list_add_ptr                                       31585
  mach_msg2_trap                                                32750
  lsl::AllocationMetadata::AllocationMetadata(lsl::Allocator*, unsigned long)            33333
  _pthread_mutex_check_init_slow                                33582
  CRYPTO_new_ex_data                                            34624
  OPENSSL_LH_set_down_load                                      34876
  __open                                                        37458
  szone_good_size                                               37914
  __read_nocancel                                               38083
  dyld4::LibSystemHelpers::os_unfair_recursive_lock_unlock(os_unfair_recursive_lock_s*) const            38209
  OPENSSL_sk_free                                               39376
  dyld4::LibSystemHelpers::os_unfair_lock_unlock(os_unfair_lock_s*) const            41208
  tiny_free_list_remove_ptr                                     41542
  ossl_rcu_write_lock                                           42334
  EVP_PKEY_asn1_get0                                            42582
  Diagnostics::noError() const                                  44417
  _tiny_check_and_zero_inline_meta_from_freelist                44792
  ossl_rcu_write_unlock                                         45501
  Diagnostics::hasError() const                                 45875
  ossl_tdes_gettable_ctx_params                                 46042
  pthread_setspecific                                           46625
  __write_nocancel                                              47417
  _kernelrpc_mach_vm_map_trap                                   49709
  get_tiny_previous_free_msize                                  50334
  dyld4::RuntimeState::PermanentRanges::contains(unsigned long, unsigned long, unsigned char*, dyld4::Loader const**) const            50500
  EVP_PKEY_asn1_get0_info                                       53500
  szone_malloc                                                  54873
  small_malloc_from_free_list                                   55124
  pthread_cond_broadcast                                        55334
  dyld3::MachOFile::read_uleb128(Diagnostics&, unsigned char const*&, unsigned char const*)            55499
  madvise                                                       55834
  dyld4::LibSystemHelpers::os_unfair_recursive_lock_lock_with_options(os_unfair_recursive_lock_s*, os_unfair_lock_options_t) cons            58124
  dyld4::LibSystemHelpers::os_unfair_lock_lock_with_options(os_unfair_lock_s*, os_unfair_lock_options_t) const            58750
  tiny_size                                                     59502
  realloc                                                       60712
  lsl::EphemeralAllocator::allocate_buffer(unsigned long, unsigned long, unsigned long)            62958
  set_tiny_meta_header_in_use                                   63539
  _qsort                                                        65873
  strcmp                                                        69877
  ossl_cipher_aead_gettable_ctx_params                          70374
  OPENSSL_sk_pop_free                                           71125
  _szone_free                                                   71419
  os_unfair_lock_assert_owner                                   74831
  tiny_free_list_add_ptr                                        76119
  szone_try_free_default                                        77206
  __close_nocancel                                              78499
  invocation function for block in dyld3::MachOFile::getDylibInstallName(char const**, unsigned int*, unsigned int*) const            81208
  dyld3::kdebug_trace_dyld_duration_end(unsigned long long, unsigned int, dyld3::kt_arg, dyld3::kt_arg, dyld3::kt_arg)            81376
  property_hash                                                 85294
  rack_get_thread_index                                         85669
  EVP_CIPHER_get_type                                           91248
  dyld3::OverflowSafeArray<unsigned int, 4294967295ul>::verifySpace(unsigned long)            96166
  dyld4::Loader::contains(dyld4::RuntimeState&, void const*, void const**, unsigned long long*, unsigned char*) const            97458
  pthread_cond_signal                                          103252
  nanov2_size                                                  112001
  Diagnostics::assertNoError() const                           112172
  pthread_rwlock_init                                          115586
  pthread_rwlock_destroy                                       124206
  os_unfair_lock_unlock                                        129585
  __open_nocancel                                              142542
  Diagnostics::~Diagnostics()                                  143123
  Diagnostics::Diagnostics(bool)                               146957
  get_legacy_evp_names                                         160913
  ossl_ctype_check                                             168086
  os_unfair_lock_lock_with_options                             172538
  invocation function for block in dyld3::MachOFile::getEntry(unsigned long long&, bool&) const           191000
  EVP_MD_get_type                                              194586
  nanov2_pointer_size                                          194789
  free                                                         202544
  _Block_object_dispose                                        214289
  OPENSSL_hexchar2int                                          232749
  ossl_sa_set                                                  247423
  strncmp                                                      270919
  nanov2_allocate_from_block                                   277042
  trim_ws                                                      277580
  invocation function for block in dyld4::JustInTimeLoader::contains(dyld4::RuntimeState&, void const*, void const**, unsigned lo           292835
  BUF_MEM_new                                                  303836
  names_free                                                   314037
  OBJ_get0_data                                                326400
  OPENSSL_LH_doall                                             329789
  OPENSSL_LH_flush                                             331039
  OSSL_PARAM_set_uint                                          339002
  ossl_provider_ctx                                            340546
  EVP_CIPHER_get_nid                                           363455
  ossl_lib_ctx_unlock                                          377585
  conf_value_cmp                                               381787
  OSSL_PARAM_locate_const                                      397716
  invocation function for block in dyld3::MachOLoaded::findClosestSymbol(unsigned long long, char const**, unsigned long long*) c           399458
  ossl_lib_ctx_read_lock                                       423120
  OPENSSL_LH_set_thunks                                        428666
  property_defn_cmp                                            439711
  ossl_cipher_generic_gettable_ctx_params                      445293
  evp_cipher_up_ref                                            454496
  property_defn_hash                                           464669
  ossl_provider_free                                           465873
  value_free_hash                                              477835
  function_hash                                                483171
  BN_free                                                      484043
  CRYPTO_realloc                                               487531
  ossl_provider_up_ref                                         489625
  OSSL_PARAM_set_uint32                                        501877
  ASN1_OBJECT_free                                             507083
  eat_alpha_numeric                                            511168
  ossl_sa_get                                                  512588
  OSSL_PARAM_construct_end                                     548420
  sa_free_node                                                 554573
  EVP_CIPHER_get0_provider                                     565421
  OSSL_PARAM_construct_uint                                    565544
  evp_cipher_free                                              575586
  do_all_fn                                                    587793
  EVP_CIPHER_free                                              622874
  ossl_provider_libctx                                         804996
  invocation function for block in dyld3::MachOLoaded::getLinkEditLoadCommands(Diagnostics&, dyld3::MachOLoaded::LinkEditInfo&) c           839961
  _platform_strncmp                                            867588
  internal_free_nop                                            867626
  name_string_free                                             892962
  OPENSSL_LH_error                                             922749
  invocation function for block in dyld3::MachOFile::forEachSegment(void (dyld3::MachOFile::SegmentInfo const&, bool&) block_poin          1103584
  OSSL_PARAM_set_size_t                                       1115784
  BUF_MEM_grow                                                1122704
  pthread_getspecific                                         1152044
  sk_reserve                                                  1167121
  _os_once                                                    1237991
  CRYPTO_THREAD_get_local                                     1282338
  _platform_memchr                                            1348620
  ossl_rcu_assign_uptr                                        1414457
  OSSL_PARAM_set_uint64                                       1513633
  names_lh_free_doall                                         1519959
  ossl_lib_ctx_get_data                                       1605457
  OSSL_PARAM_set_int                                          1609424
  _platform_strchr                                            1725727
  pthread_mutex_lock                                          1730419
  OSSL_PARAM_construct_size_t                                 1808840
  pthread_mutex_unlock                                        1834610
  _nanov2_free                                                1886727
  OPENSSL_sk_push                                             1963155
  _pthread_mutex_lock_init_slow                               1995309
  OPENSSL_sk_num                                              1997937
  _pthread_mutex_unlock_init_slow                             2092715
  _pthread_mutex_firstfit_lock_slow                           2201670
  _pthread_mutex_firstfit_unlock_slow                         2296923
  OPENSSL_sk_value                                            2321296
  OSSL_PARAM_set_int32                                        2437781
  obj_name_cmp                                                2522202
  OPENSSL_LH_strhash                                          2701326
  OSSL_PARAM_construct_int                                    2740413
  _platform_memcmp                                            2752794
  pthread_once                                                3028762
  OBJ_nid2obj                                                 3175919
  CRYPTO_atomic_load                                          3282083
  pthread_rwlock_rdlock                                       3322160
  SortFnByName                                                3468856
  ossl_lh_strcasehash                                         3670537
  __error                                                     3762281
  cipher_compare                                              4008001
  ossl_isdigit                                                4015126
  fnv1a_hash                                                  4448136
  _platform_memmove                                           6497127
  pthread_rwlock_wrlock                                       6653962
  pthread_rwlock_unlock                                       9994913
  err_string_data_cmp                                        10939313
  CRYPTO_free                                                12222610
  malloc                                                     13530113
  doapr_outch                                                15246550
  err_string_data_hash                                       16711926
  nanov2_malloc                                              18568782
  _platform_strlen                                           23242355
  _platform_memset                                           25476374
  nanov2_try_free_default                                    25846442
  _platform_strcmp                                           27953481
  ossl_tolower                                               59964533
