
  EVP_md5                                                        1750
  EVP_rc4_40                                                     1959
  pd_free                                                        1959
  EVP_sha1                                                       2042
  EVP_sha224                                                     2042
  EVP_des_ofb                                                    2083
  EVP_rc2_cbc                                                    2083
  EVP_sm4_cbc                                                    2083
  UI_OpenSSL                                                     2083
  sigaction                                                      2083
  EVP_sha384                                                     2125
  opt_unknown                                                    2125
  EVP_des_ecb                                                    2166
  EVP_bf_cbc                                                     2167
  EVP_bf_ofb                                                     2167
  EVP_md4                                                        2167
  EVP_rc4                                                        2167
  EVP_mdc2                                                       2208
  EVP_sha3_224                                                   2208
  UI_null                                                        2209
  EVP_idea_ofb                                                   2250
  app_get0_propq                                                 2250
  EVP_cast5_ofb                                                  2291
  EVP_des_ede3                                                   2291
  EVP_seed_cbc                                                   2291
  EVP_sm3                                                        2291
  EVP_sm4_ofb                                                    2291
  EVP_des_ede                                                    2292
  EVP_rc2_ofb                                                    2292
  strchr                                                         2292
  EVP_des_cbc                                                    2333
  EVP_seed_ofb                                                   2333
  EVP_sha3_512                                                   2334
  EVP_des_cfb8                                                   2375
  EVP_md5_sha1                                                   2375
  EVP_ripemd160                                                  2375
  EVP_sha3_384                                                   2375
  EVP_sha512_224                                                 2375
  EVP_shake128                                                   2375
  EVP_idea_cbc                                                   2416
  EVP_bf_ecb                                                     2417
  EVP_sha512                                                     2417
  _cleanup                                                       2417
  opt_next                                                       2417
  EVP_blake2s256                                                 2458
  release_engine                                                 2458
  EVP_des_cfb1                                                   2459
  EVP_sha512_256                                                 2459
  EVP_aes_256_ctr                                                2500
  EVP_rc2_cfb64                                                  2500
  EVP_shake256                                                   2500
  EVP_sm4_ctr                                                    2500
  EVP_aes_256_ofb                                                2541
  EVP_aes_192_cbc                                                2542
  EVP_aes_256_cbc                                                2542
  EVP_chacha20                                                   2542
  EVP_rc2_64_cbc                                                 2542
  EVP_aes_192_gcm                                                2583
  EVP_aes_256_xts                                                2583
  EVP_seed_ecb                                                   2583
  vm_deallocate                                                  2583
  EVP_aes_192_ccm                                                2584
  EVP_des_ede_ofb                                                2584
  COMP_get_type                                                  2625
  EVP_aes_128_cbc                                                2625
  EVP_aes_128_ctr                                                2625
  EVP_aes_256_ccm                                                2625
  EVP_aes_256_gcm                                                2625
  EVP_bf_cfb64                                                   2625
  EVP_cast5_cbc                                                  2625
  EVP_aes_128_ofb                                                2667
  EVP_aes_192_ofb                                                2667
  EVP_aes_256_cfb8                                               2667
  EVP_aria_192_ctr                                               2667
  EVP_aria_192_gcm                                               2667
  EVP_idea_ecb                                                   2667
  EVP_sha3_256                                                   2667
  lh_FUNCTION_free                                               2667
  ossl_trace_cleanup                                             2667
  EVP_aes_192_ocb                                                2708
  EVP_aes_256_wrap                                               2708
  EVP_cast5_cfb64                                                2708
  EVP_rc2_ecb                                                    2708
  EVP_aes_192_cfb1                                               2709
  ENGINE_set_id                                                  2750
  EVP_aria_128_ctr                                               2750
  EVP_aria_256_ccm                                               2750
  EVP_aria_256_ofb                                               2750
  EVP_cast5_ecb                                                  2750
  EVP_rc4_hmac_md5                                               2750
  EVP_seed_cfb128                                                2750
  EVP_aria_192_cfb1                                              2791
  EVP_aria_192_ofb                                               2791
  EVP_aria_256_ecb                                               2791
  EVP_MD_free                                                    2792
  EVP_aria_192_cbc                                               2792
  EVP_aria_256_cfb1                                              2792
  EVP_desx_cbc                                                   2792
  EVP_sm4_ecb                                                    2792
  BIO_f_cipher                                                   2833
  EVP_aes_128_cfb8                                               2833
  EVP_aes_192_cfb8                                               2833
  EVP_aes_192_ecb                                                2833
  EVP_aes_256_cfb1                                               2833
  EVP_aria_256_ctr                                               2833
  EVP_aria_256_gcm                                               2833
  EVP_blake2b512                                                 2833
  ENGINE_set_name                                                2834
  EVP_aes_256_ocb                                                2834
  EVP_aria_128_cbc                                               2834
  EVP_des_ede3_cfb8                                              2834
  EVP_aria_128_ofb                                               2875
  EVP_aria_256_cbc                                               2875
  EVP_idea_cfb64                                                 2875
  def_to_int                                                     2875
  EVP_aes_256_ecb                                                2916
  EVP_aria_192_ccm                                               2916
  EVP_aria_256_cfb8                                              2916
  EVP_des_ede3_ofb                                               2916
  EVP_aes_128_cfb1                                               2917
  EVP_des_ede_cbc                                                2917
  EVP_rc2_40_cbc                                                 2917
  getrlimit                                                      2917
  query_hash                                                     2917
  EVP_aes_128_xts                                                2958
  EVP_aria_192_cfb8                                              2958
  EVP_des_ede3_cfb1                                              2958
  EVP_whirlpool                                                  2958
  OBJ_obj2txt                                                    2958
  strrchr                                                        2958
  EVP_aria_192_ecb                                               2959
  EVP_aes_192_cfb128                                             3000
  EVP_des_cfb64                                                  3000
  EVP_des_ede3_cbc                                               3000
  EVP_sm4_cfb128                                                 3000
  function_cmp                                                   3000
  signal                                                         3000
  EVP_aes_128_ccm                                                3041
  NCONF_default                                                  3041
  EVP_aes_192_ctr                                                3042
  EVP_aria_128_ecb                                               3083
  EVP_aria_128_gcm                                               3083
  EVP_aria_256_cfb128                                            3083
  EVP_des_ede3_cfb64                                             3083
  EVP_aes_128_gcm                                                3084
  EVP_aes_128_wrap                                               3084
  property_cmp                                                   3084
  EVP_aria_128_ccm                                               3125
  EVP_aria_128_cfb1                                              3125
  EVP_camellia_128_cbc                                           3125
  EVP_des_ede3_wrap                                              3125
  EVP_des_ede_cfb64                                              3125
  UI_method_set_writer                                           3125
  def_init_default                                               3125
  EVP_aes_128_ocb                                                3166
  EVP_aria_192_cfb128                                            3166
  EVP_camellia_192_ofb                                           3167
  EVP_aes_192_wrap                                               3208
  EVP_aes_256_wrap_pad                                           3208
  EVP_camellia_192_ctr                                           3208
  OSSL_LIB_CTX_get_data                                          3208
  __cxa_finalize                                                 3208
  __smakebuf                                                     3208
  ossl_comp_zstd_cleanup                                         3208
  EVP_camellia_256_ofb                                           3209
  EVP_aes_192_wrap_pad                                           3250
  EVP_camellia_128_ctr                                           3250
  EVP_camellia_256_cfb8                                          3250
  EVP_aria_128_cfb8                                              3292
  EVP_camellia_128_ofb                                           3292
  EVP_aes_128_ecb                                                3333
  EVP_chacha20_poly1305                                          3333
  OSSL_PARAM_modified                                            3333
  UI_method_set_closer                                           3333
  ossl_store_cleanup_int                                         3334
  EVP_camellia_256_cbc                                           3375
  EVP_camellia_256_ecb                                           3375
  bio_sock_cleanup_int                                           3375
  EVP_camellia_128_cfb1                                          3416
  app_RAND_write                                                 3416
  ENGINE_set_flags                                               3417
  EVP_CIPHER_get_flags                                           3417
  EVP_aes_128_cfb128                                             3458
  EVP_camellia_192_cbc                                           3458
  EVP_camellia_256_cfb1                                          3458
  EVP_camellia_256_ctr                                           3458
  EVP_camellia_192_cfb8                                          3459
  EVP_camellia_192_ecb                                           3459
  EVP_aes_128_wrap_pad                                           3500
  EVP_camellia_128_cfb8                                          3500
  ossl_prov_ctx_free                                             3500
  EVP_add_alg_module                                             3541
  OSSL_STORE_register_loader                                     3542
  UI_method_set_reader                                           3542
  ASN1_add_stable_module                                         3583
  COMP_zlib                                                      3583
  opt_set_unknown_name                                           3583
  __getrlimit                                                    3584
  EVP_camellia_192_cfb1                                          3625
  EVP_camellia_192_cfb128                                        3625
  evp_app_cleanup_int                                            3625
  init_thread_stop                                               3625
  EVP_aes_256_cfb128                                             3667
  EVP_aria_128_cfb128                                            3667
  UI_method_set_opener                                           3667
  pthread_self                                                   3667
  store_loader_cmp                                               3667
  EVP_CipherUpdate                                               3708
  EVP_camellia_128_cfb128                                        3708
  engine_load_rdrand_int                                         3709
  ossl_lib_ctx_write_lock                                        3709
  BIO_meth_set_gets                                              3750
  BIO_meth_set_puts                                              3750
  ossl_comp_brotli_cleanup                                       3750
  ossl_comp_zlib_cleanup                                         3750
  ossl_prov_ctx_new                                              3750
  ossl_prov_ctx_set0_handle                                      3791
  NCONF_get0_libctx                                              3792
  BIO_meth_set_create                                            3833
  BIO_meth_set_ctrl                                              3833
  EVP_camellia_256_cfb128                                        3833
  dyld4::APIs::_tlv_exit()                                       3833
  free_medium                                                    3833
  ossl_prov_ctx_set0_libctx                                      3833
  ASN1_add_oid_module                                            3875
  EVP_CipherFinal_ex                                             3875
  core_get_libctx                                                3875
  ENGINE_set_cmd_defns                                           3917
  ERR_get_error_all                                              3917
  EVP_camellia_128_ecb                                           3917
  opt_check_rest_arg                                             3958
  ossl_prov_ctx_get0_libctx                                      3958
  BIO_meth_set_destroy                                           3959
  close                                                          4000
  ossl_method_unlock_store                                       4000
  EVP_CIPHER_fetch                                               4042
  aes_v8_set_encrypt_key                                         4042
  ENGINE_add_conf_module                                         4083
  ERR_print_errors                                               4083
  ossl_config_add_ssl_module                                     4083
  EVP_PKEY_asn1_get_count                                        4084
  ossl_lib_ctx_is_default                                        4125
  OSSL_LIB_CTX_free                                              4166
  EVP_CIPHER_get_iv_length                                       4167
  ossl_stored_namemap_free                                       4167
  OSSL_ERR_STATE_new                                             4208
  BIO_meth_set_read_ex                                           4250
  CRYPTO_THREAD_get_current_id                                   4250
  aes_192_siv_get_params                                         4250
  null_gettable_ctx_params                                       4250
  ossl_child_prov_ctx_new                                        4250
  ossl_cipher_generic_reset_ctx                                  4291
  __sigaction                                                    4333
  tiny_free_no_lock                                              4333
  chacha20_get_params                                            4334
  CONF_imodule_get_value                                         4375
  aes_192_ccm_get_params                                         4375
  aes_192_cfb_get_params                                         4375
  aes_192_ecb_get_params                                         4375
  ENGINE_set_ctrl_function                                       4416
  OSSL_STORE_unregister_loader                                   4416
  aes_256_cbc_get_params                                         4416
  aria_192_ecb_get_params                                        4416
  tdes_wrap_get_params                                           4416
  aes_128_cbc_get_params                                         4417
  aes_128_ccm_get_params                                         4417
  aes_v8_ctr32_encrypt_blocks                                    4417
  OSSL_CMP_log_close                                             4458
  sm4_128_cbc_get_params                                         4458
  aria_192_ofb_get_params                                        4459
  BIO_meth_set_write_ex                                          4500
  aes_128_ctr_get_params                                         4500
  aes_256_siv_get_params                                         4500
  aria_128_cfb_get_params                                        4500
  aria_192_ctr_get_params                                        4500
  ossl_method_lock_store                                         4500
  ossl_store_register_init                                       4500
  aes_128_ofb_get_params                                         4541
  chacha20_gettable_ctx_params                                   4541
  ENGINE_set_init_function                                       4542
  OSSL_STORE_LOADER_set_eof                                      4542
  aes_128_cfb8_get_params                                        4542
  aes_128_ocb_get_params                                         4542
  aes_256_gcm_get_params                                         4542
  def_is_number                                                  4542
  sm4_128_ecb_get_params                                         4542
  aes_128_cfb_get_params                                         4583
  aes_256_cfb_get_params                                         4583
  aria_256_cbc_get_params                                        4583
  aria_256_ctr_get_params                                        4583
  ossl_bio_core_globals_new                                      4583
  sm4_128_ccm_get_params                                         4583
  UI_method_set_prompt_constructor                               4584
  aes_192_cbc_get_params                                         4584
  tdes_ede2_cbc_get_params                                       4584
  ENGINE_set_finish_function                                     4625
  EVP_aes_256_cbc_hmac_sha1                                      4625
  aes_192_cfb1_get_params                                        4625
  aes_192_ctr_get_params                                         4625
  aes_256_ccm_get_params                                         4625
  aes_256_ctr_get_params                                         4625
  aria_128_gcm_get_params                                        4625
  aria_256_cfb_get_params                                        4625
  sm4_128_cfb128_get_params                                      4625
  tiny_try_realloc_in_place                                      4625
  aes_192_wrap_get_params                                        4666
  aes_256_ofb_get_params                                         4666
  aria_128_cfb1_get_params                                       4666
  aria_128_ecb_get_params                                        4666
  EVP_sha256                                                     4667
  aes_192_cfb8_get_params                                        4667
  aria_128_ofb_get_params                                        4667
  aria_192_cbc_get_params                                        4667
  aria_192_gcm_get_params                                        4667
  aria_256_cfb1_get_params                                       4667
  aria_256_ofb_get_params                                        4667
  lsl::Lock::unlock()                                            4667
  sm4_128_ctr_get_params                                         4667
  sm4_128_xts_get_params                                         4667
  tdes_ede2_ofb_get_params                                       4667
  tdes_ede3_cfb_get_params                                       4667
  OPENSSL_cpuid_setup                                            4708
  aes_128_cfb1_get_params                                        4708
  aes_128_xts_get_params                                         4708
  aria_128_cfb8_get_params                                       4708
  aria_192_cfb8_get_params                                       4708
  ossl_bio_core_globals_free                                     4708
  ossl_prov_ctx_set0_core_bio_method                             4708
  tdes_ede3_cbc_get_params                                       4708
  aria_128_ctr_get_params                                        4709
  sm4_128_ofb128_get_params                                      4709
  BIO_free                                                       4750
  OSSL_STORE_LOADER_set_close                                    4750
  aes_192_gcm_get_params                                         4750
  aes_192_ocb_get_params                                         4750
  aes_cts_192_cbc_get_params                                     4750
  ossl_prov_cipher_hw_aes_ctr                                    4750
  ossl_rand_cleanup_int                                          4750
  sm4_128_gcm_get_params                                         4750
  tdes_ede2_cfb_get_params                                       4750
  tdes_ede2_ecb_get_params                                       4750
  OSSL_STORE_LOADER_free                                         4791
  aes_256_cfb8_get_params                                        4791
  OSSL_trace_set_channel                                         4792
  aes_128_wrappad_get_params                                     4792
  aes_192_wrappad_get_params                                     4792
  aria_192_cfb1_get_params                                       4792
  aria_256_cfb8_get_params                                       4792
  ossl_random_add_conf_module                                    4792
  ENGINE_load_builtin_engines                                    4833
  EVP_aes_256_cbc_hmac_sha256                                    4833
  OSSL_STORE_LOADER_set_error                                    4833
  aria_128_cbc_get_params                                        4833
  aes_256_cfb1_get_params                                        4834
  engine_pkey_meths_free                                         4834
  aes_128_ecb_get_params                                         4875
  aes_128_gcm_get_params                                         4875
  aes_192_wrapinv_get_params                                     4875
  aes_cts_128_cbc_get_params                                     4875
  aria_128_ccm_get_params                                        4875
  camellia_128_ctr_get_params                                    4875
  camellia_192_ctr_get_params                                    4875
  aes_128_wrap_get_params                                        4917
  aria_192_cfb_get_params                                        4917
  camellia_256_cfb8_get_params                                   4917
  ossl_ctx_global_properties_new                                 4917
  OSSL_STORE_LOADER_set_load                                     4958
  OSSL_STORE_LOADER_set_open                                     4958
  aes_256_ecb_get_params                                         4958
  aes_256_xts_get_params                                         4958
  camellia_256_cbc_get_params                                    4958
  pthread_cond_destroy                                           4958
  tdes_ede3_cfb1_get_params                                      4958
  aes_256_wrap_get_params                                        5000
  aes_256_wrappad_get_params                                     5000
  aria_256_gcm_get_params                                        5000
  camellia_128_cbc_get_params                                    5000
  camellia_192_cbc_get_params                                    5000
  ossl_provider_add_conf_module                                  5000
  tdes_ede3_cfb8_get_params                                      5000
  OSSL_STORE_LOADER_set_expect                                   5041
  aes_256_ocb_get_params                                         5042
  aes_cts_256_cbc_get_params                                     5042
  aria_256_ecb_get_params                                        5042
  camellia_192_cfb8_get_params                                   5042
  aes_128_wrappadinv_get_params                                  5083
  aes_256_wrapinv_get_params                                     5083
  camellia_128_cfb_get_params                                    5083
  ossl_property_match_count                                      5083
  ossl_self_test_set_callback_free                               5083
  tdes_ede3_ofb_get_params                                       5083
  camellia_256_ctr_get_params                                    5084
  aes_192_ofb_get_params                                         5125
  aes_192_wrappadinv_get_params                                  5125
  camellia_128_ecb_get_params                                    5125
  camellia_128_cfb1_get_params                                   5166
  camellia_192_cfb_get_params                                    5166
  ENGINE_get_cipher_engine                                       5167
  aes_128_siv_get_params                                         5167
  aes_128_wrapinv_get_params                                     5167
  camellia_256_cfb1_get_params                                   5167
  camellia_256_cfb_get_params                                    5167
  ossl_free_compression_methods_int                              5167
  tdes_ede3_ecb_get_params                                       5167
  EVP_aes_128_cbc_hmac_sha256                                    5208
  camellia_128_cfb8_get_params                                   5208
  camellia_192_ecb_get_params                                    5208
  engine_remove_dynamic_id                                       5209
  EVP_CIPHER_get_key_length                                      5250
  aria_256_ccm_get_params                                        5250
  camellia_256_ecb_get_params                                    5250
  camellia_256_ofb_get_params                                    5250
  engine_pkey_asn1_meths_free                                    5250
  ossl_indicator_set_callback_free                               5250
  camellia_128_ofb_get_params                                    5291
  aria_192_ccm_get_params                                        5292
  camellia_192_cfb1_get_params                                   5292
  camellia_192_ofb_get_params                                    5292
  OSSL_PARAM_get_int                                             5332
  aes_256_wrappadinv_get_params                                  5333
  OPENSSL_sk_sort                                                5334
  ossl_init_thread_deregister                                    5334
  EVP_aes_128_cbc_hmac_sha1                                      5375
  chacha20_poly1305_gettable_ctx_params                          5375
  ossl_provider_unquery_operation                                5416
  Diagnostics::clearError()                                      5417
  medium_region_for_ptr_no_lock                                  5417
  __fcntl                                                        5458
  camellia_cts_128_cbc_get_params                                5458
  ossl_aes_256_gcm_siv_get_params                                5458
  camellia_cts_256_cbc_get_params                                5500
  getegid                                                        5500
  ossl_aes_128_gcm_siv_get_params                                5500
  ossl_indicator_set_callback_new                                5500
  ossl_property_has_optional                                     5500
  chacha20_poly1305_get_params                                   5542
  memset                                                         5583
  camellia_cts_192_cbc_get_params                                5584
  app_get0_libctx                                                5626
  ossl_prov_ctx_get0_core_bio_method                             5666
  EVP_CIPHER_CTX_get_block_size                                  5709
  ossl_self_test_set_callback_new                                5709
  OSSL_LIB_CTX_set_conf_diagnostics                              5750
  geteuid                                                        5791
  ossl_aes_192_gcm_siv_get_params                                5875
  getuid                                                         5917
  ossl_prov_bio_from_dispatch                                    5958
  opt_arg                                                        6041
  EVP_CIPHER_get_mode                                            6042
  BIO_set_data                                                   6125
  medium_malloc_from_free_list                                   6167
  ossl_prov_seeding_from_dispatch                                6167
  dyld3::kdebug_trace_dyld_enabled(unsigned int)                 6541
  OSSL_PARAM_get_int32                                           6625
  getgid                                                         6709
  dyld4::RuntimeState::notifyObjCPatching()                      6792
  EVP_RAND_CTX_free                                              6958
  lsl::Lock::lock()                                              6958
  _kernelrpc_mach_port_deallocate_trap                           7000
  BIO_next                                                       7125
  dyld4::handleFromLoader(dyld4::Loader const*, bool)             7250
  dyld4::Loader::hiddenFromFlat(bool) const                      7292
  EVP_CipherInit_ex                                              7334
  _platform_strnlen                                              7375
  dyld4::BumpAllocator::~BumpAllocator()                         7375
  bio_open_default                                               7459
  ENGINE_register_EC                                             7625
  ENGINE_register_DH                                             7666
  store_loader_hash                                              7667
  err_unshelve_state                                             7709
  OPENSSL_sk_pop                                                 7749
  _kernelrpc_mach_port_construct_trap                            7833
  BIO_copy_next_retry                                            7917
  openssl_fopen                                                  7917
  file_ctrl                                                      8042
  lsl::EphemeralAllocator::reset()                               8166
  ENGINE_register_DSA                                            8168
  ENGINE_register_RAND                                           8168
  ENGINE_register_RSA                                            8208
  __sclose                                                       8250
  X509_get_default_cert_area                                     8334
  dyld4::JustInTimeLoader::hiddenFromFlat(bool) const             8334
  dyld4::Loader::beginInitializers(dyld4::RuntimeState&)             8541
  ENGINE_register_digests                                        8833
  dyld4::RuntimeState::incDlRefCount(dyld4::Loader const*)             8834
  ossl_lib_ctx_get_concrete                                      8834
  BIO_set_init                                                   8875
  __sflags                                                       9042
  strlen                                                         9124
  ossl_sa_new                                                    9166
  ENGINE_register_ciphers                                        9167
  ossl_cipher_generic_einit                                      9292
  ossl_property_free                                             9458
  lsl::Vector<dyld4::Loader const*>::reserveExact(unsigned long)             9584
  BIO_set_flags                                                  9667
  DSO_METHOD_openssl                                             9708
  ENGINE_register_pkey_meths                                     9708
  dyld4::JustInTimeLoader::beginInitializers(dyld4::RuntimeState&)             9708
  ossl_cipher_generic_set_ctx_params                            10125
  tiny_malloc_from_free_list                                    10125
  CRYPTO_atomic_or                                              10376
  OSSL_LIB_CTX_get_conf_diagnostics                             10417
  flsl                                                          10542
  ENGINE_register_pkey_asn1_meths                               10875
  ossl_lib_ctx_get_rcukey                                       10958
  free_small                                                    11082
  lsl::Vector<lsl::MemoryManager::Buffer>::reserve(unsigned long)            11250
  NCONF_get_section                                             11292
  ossl_lib_ctx_get_ex_data_global                               11333
  engine_free_util                                              11415
  deflt_query                                                   11542
  OPENSSL_cleanse                                               11623
  ossl_sa_doall_arg                                             11749
  aes_siv_gettable_ctx_params                                   11833
  dyld4::RuntimeState::doSingletonPatching(dyld4::DyldCacheDataConstLazyScopedWriter&)            12125
  fstat                                                         12167
  ossl_cipher_capable_aes_cbc_hmac_sha1                         12584
  ossl_cipher_capable_aes_cbc_hmac_sha256                       12666
  EVP_add_cipher                                                12708
  ossl_property_value                                           12874
  cipher_ocb_gettable_ctx_params                                13543
  BIO_clear_flags                                               13583
  aes_cbc_cts_gettable_ctx_params                               13708
  lsl::EphemeralAllocator::~EphemeralAllocator()                14209
  dyld4::DyldCacheDataConstLazyScopedWriter::DyldCacheDataConstLazyScopedWriter(dyld4::RuntimeState&)            14417
  dyld4::Loader::loadDependents(Diagnostics&, dyld4::RuntimeState&, dyld4::Loader::LoadOptions const&)            14583
  __bzero                                                       14584
  BIO_get_data                                                  14666
  _kernelrpc_mach_vm_deallocate_trap                            14667
  dyld4::Loader::path() const                                   14957
  DSO_free                                                      14999
  sa_doall                                                      15000
  CRYPTO_atomic_add                                             15166
  ossl_aes_gcm_siv_gettable_ctx_params                          15499
  camellia_cbc_cts_gettable_ctx_params                          15583
  __sflush                                                      15623
  _NSGetEnviron                                                 15750
  dyld3::MachOFile::is64() const                                16166
  file_new                                                      16208
  file_free                                                     16374
  dyld4::JustInTimeLoader::loadDependents(Diagnostics&, dyld4::RuntimeState&, dyld4::Loader::LoadOptions const&)            16500
  ossl_prov_is_running                                          16583
  pthread_mutex_destroy                                         17126
  os_unfair_recursive_lock_unlock                               17375
  CRYPTO_THREAD_lock_free                                       17417
  _kernelrpc_mach_port_destruct_trap                            17459
  OPENSSL_LH_get_down_load                                      17958
  FMT_istext                                                    18209
  invocation function for block in dyld4::Loader::forEachPath(Diagnostics&, dyld4::RuntimeState&, char const*, dyld4::Loader::Loa            18416
  kdebug_is_enabled                                             18459
  BIO_new                                                       18583
  dyld4::JustInTimeLoader::path() const                         19083
  small_try_realloc_in_place                                    19666
  pthread_cond_init                                             20042
  rack_region_insert                                            20499
  property_free                                                 20666
  dyld4::LibSystemHelpers::pthread_getspecific(unsigned long) const            20668
  __chkstk_darwin_probe                                         21292
  lsl::EphemeralAllocator::deallocate_buffer(lsl::MemoryManager::Buffer)            21333
  ___chkstk_darwin                                              21708
  small_size                                                    21791
  dyld4::Loader::matchesPath(char const*) const                 22458
  os_unfair_lock_assert_not_owner                               22541
  dyld4::ProcessConfig::DyldCache::indexOfPath(char const*, unsigned int&) const            22708
  os_unfair_recursive_lock_lock_with_options                    23375
  tiny_free_list_remove_ptr                                     23375
  small_free_list_remove_ptr                                    23709
  pthread_mutex_init                                            25374
  small_free_list_find_by_ptr                                   25416
  dyld4::Loader::loadAddress(dyld4::RuntimeState&) const            25417
  dyld3::ScopedTimer::endTimer()                                26125
  mach_msg2_trap                                                26459
  OPENSSL_strnlen                                               27167
  ossl_property_name                                            27332
  lsl::MemoryManager::lockGuard()                               27376
  __findenv_locked                                              27833
  OPENSSL_sk_delete                                             28624
  dyld4::JustInTimeLoader::loadAddress(dyld4::RuntimeState&) const            28958
  small_free_list_remove_ptr_no_clear                           29665
  _pthread_mutex_check_init_slow                                32706
  lsl::AllocationMetadata::AllocationMetadata(lsl::Allocator*, unsigned long)            34125
  CRYPTO_new_ex_data                                            34874
  OPENSSL_LH_set_down_load                                      34915
  __read_nocancel                                               36332
  __open                                                        36792
  szone_good_size                                               38126
  small_free_list_add_ptr                                       38211
  _kernelrpc_mach_vm_map_trap                                   38664
  OPENSSL_sk_free                                               39876
  Diagnostics::hasError() const                                 40293
  dyld4::LibSystemHelpers::os_unfair_recursive_lock_unlock(os_unfair_recursive_lock_s*) const            42167
  ossl_rcu_write_lock                                           42167
  EVP_PKEY_asn1_get0                                            42333
  dyld4::LibSystemHelpers::os_unfair_lock_unlock(os_unfair_lock_s*) const            42585
  Diagnostics::noError() const                                  44334
  ossl_rcu_write_unlock                                         44999
  ossl_tdes_gettable_ctx_params                                 46248
  pthread_setspecific                                           46918
  __write_nocancel                                              48376
  small_malloc_from_free_list                                   49790
  get_tiny_previous_free_msize                                  50252
  dyld4::RuntimeState::PermanentRanges::contains(unsigned long, unsigned long, unsigned char*, dyld4::Loader const**) const            51000
  dyld3::MachOFile::read_uleb128(Diagnostics&, unsigned char const*&, unsigned char const*)            51083
  _tiny_check_and_zero_inline_meta_from_freelist                51707
  dyld4::LibSystemHelpers::os_unfair_recursive_lock_lock_with_options(os_unfair_recursive_lock_s*, os_unfair_lock_options_t) cons            52874
  madvise                                                       53960
  EVP_PKEY_asn1_get0_info                                       54211
  szone_malloc                                                  55251
  tiny_free_list_add_ptr                                        55749
  pthread_cond_broadcast                                        56085
  tiny_size                                                     57876
  realloc                                                       61292
  dyld4::LibSystemHelpers::os_unfair_lock_lock_with_options(os_unfair_lock_s*, os_unfair_lock_options_t) const            61708
  set_tiny_meta_header_in_use                                   63209
  lsl::EphemeralAllocator::allocate_buffer(unsigned long, unsigned long, unsigned long)            66749
  _qsort                                                        68291
  _szone_free                                                   68835
  OPENSSL_sk_pop_free                                           70210
  strcmp                                                        70378
  ossl_cipher_aead_gettable_ctx_params                          70667
  szone_try_free_default                                        76627
  __close_nocancel                                              78334
  os_unfair_lock_assert_owner                                   79208
  dyld3::kdebug_trace_dyld_duration_end(unsigned long long, unsigned int, dyld3::kt_arg, dyld3::kt_arg, dyld3::kt_arg)            79833
  rack_get_thread_index                                         81627
  invocation function for block in dyld3::MachOFile::getDylibInstallName(char const**, unsigned int*, unsigned int*) const            84708
  EVP_CIPHER_get_type                                           90083
  dyld3::OverflowSafeArray<unsigned int, 4294967295ul>::verifySpace(unsigned long)            91790
  property_hash                                                 92539
  dyld4::Loader::contains(dyld4::RuntimeState&, void const*, void const**, unsigned long long*, unsigned char*) const            96082
  pthread_cond_signal                                          106957
  Diagnostics::assertNoError() const                           109291
  nanov2_size                                                  113455
  pthread_rwlock_init                                          115334
  pthread_rwlock_destroy                                       122457
  os_unfair_lock_unlock                                        129043
  __open_nocancel                                              132124
  Diagnostics::~Diagnostics()                                  140456
  get_legacy_evp_names                                         160498
  Diagnostics::Diagnostics(bool)                               165497
  ossl_ctype_check                                             168209
  os_unfair_lock_lock_with_options                             171875
  invocation function for block in dyld3::MachOFile::getEntry(unsigned long long&, bool&) const           187541
  EVP_MD_get_type                                              193542
  nanov2_pointer_size                                          195168
  free                                                         204328
  _Block_object_dispose                                        217875
  OPENSSL_hexchar2int                                          235249
  nanov2_allocate_from_block                                   246838
  ossl_sa_set                                                  249042
  trim_ws                                                      275964
  strncmp                                                      295035
  invocation function for block in dyld4::JustInTimeLoader::contains(dyld4::RuntimeState&, void const*, void const**, unsigned lo           299999
  BUF_MEM_new                                                  303421
  names_free                                                   311960
  OPENSSL_LH_doall                                             329496
  OBJ_get0_data                                                330545
  OPENSSL_LH_flush                                             332127
  OSSL_PARAM_set_uint                                          340546
  ossl_provider_ctx                                            345698
  EVP_CIPHER_get_nid                                           366214
  conf_value_cmp                                               375040
  ossl_lib_ctx_unlock                                          376250
  OSSL_PARAM_locate_const                                      398035
  invocation function for block in dyld3::MachOLoaded::findClosestSymbol(unsigned long long, char const**, unsigned long long*) c           402208
  ossl_lib_ctx_read_lock                                       423459
  OPENSSL_LH_set_thunks                                        429950
  property_defn_cmp                                            440827
  ossl_cipher_generic_gettable_ctx_params                      445580
  evp_cipher_up_ref                                            454540
  property_defn_hash                                           461503
  ossl_provider_free                                           467999
  value_free_hash                                              468785
  function_hash                                                475664
  BN_free                                                      476665
  CRYPTO_realloc                                               488990
  ossl_provider_up_ref                                         489456
  OSSL_PARAM_set_uint32                                        501341
  ASN1_OBJECT_free                                             509166
  eat_alpha_numeric                                            509291
  ossl_sa_get                                                  512868
  sa_free_node                                                 547334
  OSSL_PARAM_construct_end                                     549041
  EVP_CIPHER_get0_provider                                     558744
  OSSL_PARAM_construct_uint                                    567253
  evp_cipher_free                                              575285
  do_all_fn                                                    582919
  EVP_CIPHER_free                                              638882
  ossl_provider_libctx                                         799421
  invocation function for block in dyld3::MachOLoaded::getLinkEditLoadCommands(Diagnostics&, dyld3::MachOLoaded::LinkEditInfo&) c           837750
  internal_free_nop                                            842663
  _platform_strncmp                                            875048
  name_string_free                                             891879
  OPENSSL_LH_error                                             927588
  invocation function for block in dyld3::MachOFile::forEachSegment(void (dyld3::MachOFile::SegmentInfo const&, bool&) block_poin          1117332
  OSSL_PARAM_set_size_t                                       1129536
  BUF_MEM_grow                                                1132421
  pthread_getspecific                                         1151720
  sk_reserve                                                  1161585
  _os_once                                                    1240711
  CRYPTO_THREAD_get_local                                     1285160
  _platform_memchr                                            1349752
  ossl_rcu_assign_uptr                                        1416330
  OSSL_PARAM_set_uint64                                       1514415
  names_lh_free_doall                                         1521035
  ossl_lib_ctx_get_data                                       1604838
  OSSL_PARAM_set_int                                          1616841
  _platform_strchr                                            1721422
  OSSL_PARAM_construct_size_t                                 1807006
  pthread_mutex_lock                                          1815575
  pthread_mutex_unlock                                        1835002
  _nanov2_free                                                1897589
  OPENSSL_sk_push                                             1979162
  _pthread_mutex_lock_init_slow                               1984422
  OPENSSL_sk_num                                              2003537
  _pthread_mutex_unlock_init_slow                             2101880
  _pthread_mutex_firstfit_lock_slow                           2206117
  _pthread_mutex_firstfit_unlock_slow                         2303743
  OPENSSL_sk_value                                            2306587
  OSSL_PARAM_set_int32                                        2455163
  obj_name_cmp                                                2503245
  OPENSSL_LH_strhash                                          2697233
  _platform_memcmp                                            2752652
  OSSL_PARAM_construct_int                                    2757126
  pthread_once                                                3025454
  OBJ_nid2obj                                                 3154917
  CRYPTO_atomic_load                                          3300494
  pthread_rwlock_rdlock                                       3310708
  SortFnByName                                                3360454
  ossl_lh_strcasehash                                         3678271
  __error                                                     3773714
  cipher_compare                                              3975213
  ossl_isdigit                                                3979015
  fnv1a_hash                                                  4423754
  _platform_memmove                                           6479431
  pthread_rwlock_wrlock                                       6674878
  pthread_rwlock_unlock                                       9946873
  err_string_data_cmp                                        10878330
  CRYPTO_free                                                12160253
  malloc                                                     13419869
  doapr_outch                                                15053408
  err_string_data_hash                                       16626948
  nanov2_malloc                                              18516946
  _platform_strlen                                           23119414
  _platform_memset                                           25507016
  nanov2_try_free_default                                    25879476
  _platform_strcmp                                           28029101
  ossl_tolower                                               60014037
