
  sigaction                                                      1666
  pd_free                                                        1750
  EVP_md5                                                        1875
  UI_OpenSSL                                                     1917
  EVP_rc4_40                                                     2000
  EVP_rc2_cbc                                                    2041
  EVP_bf_ofb                                                     2042
  EVP_rc2_ofb                                                    2042
  EVP_rc4                                                        2042
  EVP_des_ofb                                                    2083
  EVP_sha1                                                       2083
  EVP_bf_cbc                                                     2125
  EVP_md4                                                        2125
  EVP_sha384                                                     2125
  EVP_sha224                                                     2166
  EVP_des_cbc                                                    2167
  EVP_idea_ofb                                                   2167
  EVP_seed_cbc                                                   2167
  EVP_idea_cbc                                                   2208
  EVP_sha3_512                                                   2208
  EVP_sha512                                                     2208
  opt_unknown                                                    2208
  _cleanup                                                       2209
  EVP_des_ede                                                    2250
  EVP_sm4_cbc                                                    2250
  EVP_sm4_ofb                                                    2250
  UI_null                                                        2250
  EVP_mdc2                                                       2291
  EVP_cast5_ofb                                                  2292
  EVP_seed_ofb                                                   2292
  EVP_sha3_384                                                   2292
  EVP_md5_sha1                                                   2333
  EVP_des_cfb8                                                   2334
  EVP_cast5_cbc                                                  2375
  EVP_aes_192_ofb                                                2416
  EVP_des_ecb                                                    2416
  EVP_des_ede3                                                   2416
  EVP_ripemd160                                                  2416
  EVP_sha3_224                                                   2416
  EVP_sm4_ecb                                                    2416
  COMP_get_type                                                  2417
  EVP_seed_ecb                                                   2417
  EVP_sha3_256                                                   2417
  EVP_shake128                                                   2417
  EVP_sm4_ctr                                                    2458
  EVP_aria_256_ecb                                               2500
  EVP_bf_ecb                                                     2500
  EVP_sha512_256                                                 2500
  app_get0_propq                                                 2500
  EVP_aes_192_cbc                                                2541
  EVP_sm3                                                        2541
  EVP_aes_192_gcm                                                2542
  EVP_aes_256_cbc                                                2542
  EVP_aes_256_ctr                                                2542
  EVP_aes_256_gcm                                                2542
  EVP_aes_256_ofb                                                2542
  EVP_blake2s256                                                 2542
  EVP_des_ede_ofb                                                2542
  EVP_idea_ecb                                                   2542
  EVP_rc2_64_cbc                                                 2542
  lh_FUNCTION_free                                               2542
  vm_deallocate                                                  2542
  EVP_aes_256_ccm                                                2583
  EVP_aes_256_xts                                                2583
  strchr                                                         2583
  EVP_shake256                                                   2584
  ENGINE_set_id                                                  2625
  EVP_MD_free                                                    2625
  EVP_aes_192_ccm                                                2625
  EVP_aes_192_cfb8                                               2625
  EVP_aes_192_ecb                                                2625
  EVP_aria_192_cbc                                               2625
  EVP_bf_cfb64                                                   2625
  EVP_cast5_cfb64                                                2625
  EVP_cast5_ecb                                                  2625
  EVP_chacha20                                                   2625
  EVP_rc2_cfb64                                                  2625
  opt_next                                                       2625
  EVP_aes_128_ctr                                                2666
  EVP_aes_192_ocb                                                2666
  EVP_aria_192_ofb                                               2667
  EVP_aria_256_cbc                                               2667
  EVP_aria_256_ctr                                               2667
  EVP_des_ede_cbc                                                2667
  EVP_aes_128_cbc                                                2708
  EVP_aes_192_cfb1                                               2708
  EVP_aria_128_ecb                                               2708
  EVP_aria_192_ctr                                               2708
  EVP_aria_256_ofb                                               2708
  EVP_des_cfb1                                                   2708
  EVP_rc2_40_cbc                                                 2708
  def_to_int                                                     2708
  EVP_aria_192_ccm                                               2709
  EVP_rc2_ecb                                                    2709
  ENGINE_set_name                                                2750
  EVP_aes_128_ofb                                                2750
  EVP_aes_256_cfb1                                               2750
  EVP_aes_256_ecb                                                2750
  EVP_aria_128_cbc                                               2750
  EVP_aria_192_ecb                                               2750
  EVP_aria_256_cfb1                                              2750
  EVP_idea_cfb64                                                 2750
  EVP_seed_cfb128                                                2750
  EVP_whirlpool                                                  2750
  release_engine                                                 2750
  EVP_aria_256_gcm                                               2791
  EVP_blake2b512                                                 2791
  EVP_des_ede3_cfb8                                              2791
  EVP_aes_128_wrap                                               2792
  EVP_aes_192_wrap                                               2792
  EVP_aes_256_cfb8                                               2792
  EVP_aria_128_ofb                                               2792
  EVP_aria_192_cfb1                                              2792
  EVP_aria_192_gcm                                               2792
  EVP_desx_cbc                                                   2792
  BIO_f_cipher                                                   2833
  EVP_des_ede3_cfb1                                              2833
  EVP_des_ede3_ofb                                               2833
  EVP_aes_128_cfb1                                               2834
  EVP_aes_128_xts                                                2834
  EVP_aes_256_wrap                                               2834
  query_hash                                                     2834
  EVP_aes_192_ctr                                                2875
  EVP_aria_192_cfb8                                              2875
  EVP_aria_256_cfb8                                              2875
  EVP_des_ede3_cbc                                               2875
  EVP_sha512_224                                                 2875
  getrlimit                                                      2916
  ossl_trace_cleanup                                             2916
  EVP_aes_192_cfb128                                             2917
  EVP_aes_256_ocb                                                2917
  EVP_aria_128_ctr                                               2917
  OBJ_obj2txt                                                    2917
  signal                                                         2958
  strrchr                                                        2958
  EVP_aria_256_ccm                                               2959
  EVP_rc4_hmac_md5                                               2959
  EVP_aes_128_gcm                                                3000
  NCONF_default                                                  3000
  EVP_aes_128_ocb                                                3041
  property_cmp                                                   3041
  EVP_aes_128_ccm                                                3042
  EVP_aria_128_ccm                                               3042
  EVP_aria_192_cfb128                                            3042
  EVP_aes_128_cfb8                                               3083
  EVP_aria_256_cfb128                                            3083
  EVP_des_ede_cfb64                                              3083
  EVP_camellia_192_cbc                                           3084
  EVP_aria_128_cfb8                                              3125
  OSSL_LIB_CTX_get_data                                          3125
  UI_method_set_writer                                           3125
  __cxa_finalize                                                 3125
  def_init_default                                               3125
  EVP_aes_256_cfb128                                             3167
  EVP_aria_128_cfb128                                            3167
  EVP_camellia_128_ofb                                           3167
  EVP_camellia_192_ctr                                           3167
  EVP_camellia_192_ofb                                           3167
  EVP_camellia_256_cbc                                           3167
  EVP_aes_128_cfb128                                             3208
  EVP_aes_256_wrap_pad                                           3208
  EVP_camellia_128_ctr                                           3208
  EVP_des_ede3_wrap                                              3208
  EVP_camellia_256_ofb                                           3209
  EVP_add_alg_module                                             3250
  EVP_aes_128_wrap_pad                                           3250
  EVP_aes_192_wrap_pad                                           3250
  __smakebuf                                                     3250
  function_cmp                                                   3250
  EVP_aria_128_gcm                                               3292
  EVP_camellia_128_cbc                                           3333
  EVP_chacha20_poly1305                                          3333
  ossl_comp_zstd_cleanup                                         3333
  ossl_store_cleanup_int                                         3333
  EVP_camellia_192_cfb8                                          3334
  EVP_camellia_256_cfb1                                          3334
  OSSL_PARAM_modified                                            3334
  EVP_aes_128_ecb                                                3375
  EVP_camellia_128_cfb1                                          3375
  EVP_camellia_128_cfb8                                          3375
  EVP_camellia_192_cfb1                                          3375
  EVP_camellia_192_ecb                                           3375
  EVP_camellia_256_cfb8                                          3375
  init_thread_stop                                               3375
  bio_sock_cleanup_int                                           3416
  EVP_aria_128_cfb1                                              3417
  EVP_sm4_cfb128                                                 3417
  ossl_prov_ctx_new                                              3417
  EVP_CIPHER_get_flags                                           3458
  UI_method_set_closer                                           3458
  ossl_prov_ctx_free                                             3458
  ENGINE_set_flags                                               3459
  EVP_camellia_256_ctr                                           3459
  engine_load_rdrand_int                                         3500
  opt_set_unknown_name                                           3500
  ossl_comp_zlib_cleanup                                         3500
  EVP_des_cfb64                                                  3542
  OSSL_STORE_register_loader                                     3542
  app_RAND_write                                                 3542
  ossl_comp_brotli_cleanup                                       3542
  EVP_camellia_256_ecb                                           3583
  ossl_prov_ctx_set0_handle                                      3583
  store_loader_cmp                                               3583
  EVP_des_ede3_cfb64                                             3584
  EVP_camellia_192_cfb128                                        3625
  UI_method_set_reader                                           3625
  EVP_camellia_128_cfb128                                        3667
  EVP_camellia_256_cfb128                                        3667
  ASN1_add_stable_module                                         3708
  NCONF_get0_libctx                                              3708
  free_medium                                                    3708
  BIO_meth_set_gets                                              3750
  EVP_CipherFinal_ex                                             3750
  EVP_camellia_128_ecb                                           3750
  UI_method_set_opener                                           3750
  __getrlimit                                                    3791
  ASN1_add_oid_module                                            3792
  BIO_meth_set_puts                                              3792
  EVP_CipherUpdate                                               3792
  COMP_zlib                                                      3833
  core_get_libctx                                                3833
  pthread_self                                                   3833
  ossl_lib_ctx_write_lock                                        3834
  BIO_meth_set_ctrl                                              3875
  evp_app_cleanup_int                                            3875
  opt_check_rest_arg                                             3875
  ossl_method_unlock_store                                       3875
  ERR_print_errors                                               3916
  BIO_meth_set_create                                            3917
  ENGINE_set_cmd_defns                                           3917
  ossl_child_prov_ctx_new                                        3917
  dyld4::APIs::_tlv_exit()                                       3958
  ERR_get_error_all                                              3959
  ossl_stored_namemap_free                                       3959
  ENGINE_add_conf_module                                         4000
  ossl_prov_ctx_set0_libctx                                      4000
  EVP_CIPHER_get_iv_length                                       4042
  BIO_meth_set_destroy                                           4083
  CRYPTO_THREAD_get_current_id                                   4083
  EVP_CIPHER_fetch                                               4125
  OSSL_LIB_CTX_free                                              4125
  aes_v8_set_encrypt_key                                         4125
  null_gettable_ctx_params                                       4167
  ossl_config_add_ssl_module                                     4167
  ossl_prov_ctx_get0_libctx                                      4208
  __sigaction                                                    4209
  aes_192_ofb_get_params                                         4209
  CONF_imodule_get_value                                         4250
  EVP_PKEY_asn1_get_count                                        4250
  OSSL_STORE_unregister_loader                                   4250
  aes_192_ctr_get_params                                         4250
  OSSL_ERR_STATE_new                                             4291
  ossl_bio_core_globals_new                                      4291
  ENGINE_set_ctrl_function                                       4333
  chacha20_get_params                                            4334
  aes_128_ofb_get_params                                         4375
  chacha20_gettable_ctx_params                                   4375
  aes_192_siv_get_params                                         4416
  sm4_128_ctr_get_params                                         4416
  BIO_meth_set_read_ex                                           4417
  aes_128_cbc_get_params                                         4417
  aes_192_cfb_get_params                                         4417
  aes_256_cfb_get_params                                         4417
  aes_128_cfb1_get_params                                        4458
  aes_192_ccm_get_params                                         4458
  aes_256_cbc_get_params                                         4458
  aes_256_ctr_get_params                                         4458
  aes_128_ctr_get_params                                         4459
  ossl_cipher_generic_reset_ctx                                  4459
  ossl_lib_ctx_is_default                                        4459
  EVP_aes_256_cbc_hmac_sha1                                      4500
  OSSL_STORE_LOADER_set_eof                                      4500
  aes_128_ocb_get_params                                         4500
  aes_128_xts_get_params                                         4500
  aria_128_ctr_get_params                                        4500
  aria_192_ecb_get_params                                        4500
  aria_256_ctr_get_params                                        4500
  aes_192_ecb_get_params                                         4541
  ENGINE_set_init_function                                       4542
  OPENSSL_cpuid_setup                                            4542
  aria_128_ofb_get_params                                        4542
  ossl_method_lock_store                                         4542
  BIO_meth_set_write_ex                                          4583
  OSSL_CMP_log_close                                             4583
  aes_128_cfb_get_params                                         4583
  aes_192_cbc_get_params                                         4583
  aria_256_ofb_get_params                                        4583
  ossl_bio_core_globals_free                                     4583
  ossl_ctx_global_properties_new                                 4583
  sm4_128_cfb128_get_params                                      4583
  ENGINE_set_finish_function                                     4584
  EVP_sha256                                                     4584
  aes_128_ccm_get_params                                         4584
  aes_256_siv_get_params                                         4584
  tdes_ede3_cbc_get_params                                       4584
  OSSL_trace_set_channel                                         4625
  aes_128_ecb_get_params                                         4625
  aes_256_ccm_get_params                                         4625
  aes_256_gcm_get_params                                         4625
  aria_128_ecb_get_params                                        4625
  aria_192_cfb1_get_params                                       4625
  aria_192_ctr_get_params                                        4625
  aria_256_cfb1_get_params                                       4625
  ossl_provider_add_conf_module                                  4625
  ossl_rand_cleanup_int                                          4625
  aes_256_ofb_get_params                                         4666
  aria_192_gcm_get_params                                        4666
  tdes_ede2_ecb_get_params                                       4666
  BIO_free                                                       4667
  aes_256_cfb1_get_params                                        4667
  aes_256_ocb_get_params                                         4667
  aes_256_xts_get_params                                         4667
  aria_256_cfb8_get_params                                       4667
  UI_method_set_prompt_constructor                               4708
  aes_192_cfb1_get_params                                        4708
  aes_256_cfb8_get_params                                        4708
  ossl_store_register_init                                       4708
  sm4_128_ofb128_get_params                                      4708
  aes_256_ecb_get_params                                         4709
  sm4_128_cbc_get_params                                         4709
  OSSL_STORE_LOADER_set_close                                    4750
  OSSL_STORE_LOADER_set_error                                    4750
  aria_128_gcm_get_params                                        4750
  aria_192_ofb_get_params                                        4750
  ossl_random_add_conf_module                                    4750
  sm4_128_gcm_get_params                                         4750
  tdes_ede2_cbc_get_params                                       4750
  tdes_ede2_ofb_get_params                                       4750
  tiny_try_realloc_in_place                                      4750
  aes_cts_192_cbc_get_params                                     4791
  aes_v8_ctr32_encrypt_blocks                                    4791
  aria_128_ccm_get_params                                        4791
  def_is_number                                                  4791
  lsl::Lock::unlock()                                            4791
  sm4_128_ecb_get_params                                         4791
  aes_128_cfb8_get_params                                        4792
  aes_192_wrap_get_params                                        4792
  aria_128_cfb1_get_params                                       4792
  aria_192_cbc_get_params                                        4792
  aria_192_cfb8_get_params                                       4792
  aria_192_cfb_get_params                                        4792
  sm4_128_ccm_get_params                                         4792
  tdes_wrap_get_params                                           4792
  aes_192_gcm_get_params                                         4833
  aes_192_ocb_get_params                                         4833
  aes_256_wrappad_get_params                                     4833
  aria_128_cfb8_get_params                                       4833
  aria_128_cfb_get_params                                        4833
  aria_256_cfb_get_params                                        4833
  EVP_CIPHER_get_key_length                                      4834
  OSSL_STORE_LOADER_set_load                                     4834
  ossl_prov_ctx_set0_core_bio_method                             4834
  sm4_128_xts_get_params                                         4834
  EVP_aes_256_cbc_hmac_sha256                                    4875
  aes_128_siv_get_params                                         4875
  aes_cts_128_cbc_get_params                                     4875
  aria_256_cbc_get_params                                        4875
  engine_pkey_meths_free                                         4875
  ossl_prov_cipher_hw_aes_ctr                                    4875
  pthread_cond_destroy                                           4875
  tdes_ede3_ofb_get_params                                       4875
  ENGINE_load_builtin_engines                                    4916
  aria_256_gcm_get_params                                        4916
  tdes_ede3_cfb_get_params                                       4916
  aria_256_ecb_get_params                                        4917
  tdes_ede2_cfb_get_params                                       4917
  aes_192_cfb8_get_params                                        4958
  tdes_ede3_cfb8_get_params                                      4958
  aria_128_cbc_get_params                                        4959
  ENGINE_get_cipher_engine                                       5000
  EVP_aes_128_cbc_hmac_sha1                                      5000
  OSSL_STORE_LOADER_free                                         5000
  OSSL_STORE_LOADER_set_open                                     5000
  aes_128_wrap_get_params                                        5000
  aes_192_wrapinv_get_params                                     5000
  camellia_128_ecb_get_params                                    5000
  camellia_192_cbc_get_params                                    5000
  camellia_256_cbc_get_params                                    5000
  aes_128_gcm_get_params                                         5041
  aes_cts_256_cbc_get_params                                     5041
  close                                                          5041
  camellia_256_ctr_get_params                                    5042
  camellia_256_ofb_get_params                                    5042
  tdes_ede3_cfb1_get_params                                      5042
  aes_128_wrappad_get_params                                     5083
  aes_192_wrappad_get_params                                     5083
  camellia_128_cbc_get_params                                    5083
  camellia_128_cfb8_get_params                                   5083
  ossl_indicator_set_callback_new                                5083
  ossl_self_test_set_callback_free                               5083
  OSSL_STORE_LOADER_set_expect                                   5125
  aes_256_wrapinv_get_params                                     5125
  aria_192_ccm_get_params                                        5125
  camellia_256_cfb_get_params                                    5125
  engine_remove_dynamic_id                                       5125
  ossl_property_match_count                                      5125
  ossl_self_test_set_callback_new                                5125
  aes_256_wrap_get_params                                        5166
  camellia_192_cfb1_get_params                                   5166
  camellia_192_ofb_get_params                                    5167
  camellia_256_cfb1_get_params                                   5167
  camellia_128_cfb1_get_params                                   5208
  camellia_128_cfb_get_params                                    5208
  camellia_128_ctr_get_params                                    5208
  camellia_128_ofb_get_params                                    5208
  camellia_256_cfb8_get_params                                   5208
  aes_128_wrapinv_get_params                                     5250
  camellia_192_cfb8_get_params                                   5250
  camellia_192_cfb_get_params                                    5250
  ossl_indicator_set_callback_free                               5250
  tdes_ede3_ecb_get_params                                       5250
  camellia_192_ecb_get_params                                    5291
  OSSL_PARAM_get_int                                             5292
  aes_192_wrappadinv_get_params                                  5292
  aes_256_wrappadinv_get_params                                  5292
  ossl_free_compression_methods_int                              5292
  aes_128_wrappadinv_get_params                                  5333
  camellia_192_ctr_get_params                                    5333
  medium_region_for_ptr_no_lock                                  5333
  EVP_aes_128_cbc_hmac_sha256                                    5334
  aria_256_ccm_get_params                                        5375
  camellia_256_ecb_get_params                                    5375
  camellia_cts_192_cbc_get_params                                5375
  OPENSSL_sk_sort                                                5417
  ossl_property_has_optional                                     5459
  engine_pkey_asn1_meths_free                                    5500
  ossl_aes_192_gcm_siv_get_params                                5500
  ossl_init_thread_deregister                                    5500
  chacha20_poly1305_get_params                                   5625
  chacha20_poly1305_gettable_ctx_params                          5625
  ossl_provider_unquery_operation                                5625
  Diagnostics::clearError()                                      5667
  __fcntl                                                        5667
  EVP_CIPHER_CTX_get_block_size                                  5708
  camellia_cts_128_cbc_get_params                                5750
  camellia_cts_256_cbc_get_params                                5791
  ossl_aes_256_gcm_siv_get_params                                5791
  getegid                                                        5792
  ossl_prov_ctx_get0_core_bio_method                             5792
  OSSL_LIB_CTX_set_conf_diagnostics                              5834
  opt_arg                                                        5916
  medium_malloc_from_free_list                                   5917
  app_get0_libctx                                                5959
  ossl_aes_128_gcm_siv_get_params                                6000
  getuid                                                         6041
  memset                                                         6041
  geteuid                                                        6082
  BIO_set_data                                                   6125
  getgid                                                         6208
  ossl_prov_bio_from_dispatch                                    6208
  EVP_CIPHER_get_mode                                            6250
  ossl_prov_seeding_from_dispatch                                6291
  EVP_RAND_CTX_free                                              6541
  OSSL_PARAM_get_int32                                           6709
  dyld4::RuntimeState::notifyObjCPatching()                      6875
  BIO_next                                                       6916
  dyld3::kdebug_trace_dyld_enabled(unsigned int)                 6917
  dyld4::BumpAllocator::~BumpAllocator()                         7208
  _kernelrpc_mach_port_deallocate_trap                           7292
  EVP_CipherInit_ex                                              7334
  bio_open_default                                               7417
  dyld4::Loader::hiddenFromFlat(bool) const                      7417
  _platform_strnlen                                              7500
  OPENSSL_sk_pop                                                 7583
  _kernelrpc_mach_port_construct_trap                            7625
  store_loader_hash                                              7625
  ENGINE_register_DH                                             7666
  ENGINE_register_EC                                             7667
  openssl_fopen                                                  7708
  lsl::Lock::lock()                                              7750
  dyld4::handleFromLoader(dyld4::Loader const*, bool)             8000
  BIO_copy_next_retry                                            8041
  X509_get_default_cert_area                                     8041
  tiny_free_no_lock                                              8083
  ENGINE_register_RSA                                            8124
  err_unshelve_state                                             8126
  lsl::EphemeralAllocator::reset()                               8208
  file_ctrl                                                      8209
  ENGINE_register_RAND                                           8250
  dyld4::JustInTimeLoader::hiddenFromFlat(bool) const             8333
  flsl                                                           8373
  ENGINE_register_DSA                                            8375
  __sclose                                                       8375
  ossl_lib_ctx_get_concrete                                      8626
  ENGINE_register_digests                                        8792
  ossl_sa_new                                                    8917
  __sflags                                                       9001
  BIO_set_init                                                   9041
  dyld4::Loader::beginInitializers(dyld4::RuntimeState&)             9208
  dyld4::RuntimeState::incDlRefCount(dyld4::Loader const*)             9250
  ossl_property_free                                             9251
  free_small                                                     9291
  ENGINE_register_ciphers                                        9333
  lsl::Vector<dyld4::Loader const*>::reserveExact(unsigned long)             9417
  DSO_METHOD_openssl                                             9500
  BIO_set_flags                                                  9541
  ENGINE_register_pkey_meths                                     9624
  ossl_cipher_generic_einit                                      9666
  strlen                                                         9874
  lsl::Vector<lsl::MemoryManager::Buffer>::reserve(unsigned long)             9959
  ossl_cipher_generic_set_ctx_params                            10208
  OSSL_LIB_CTX_get_conf_diagnostics                             10292
  CRYPTO_atomic_or                                              10375
  dyld4::JustInTimeLoader::beginInitializers(dyld4::RuntimeState&)            10708
  tiny_malloc_from_free_list                                    10874
  ossl_lib_ctx_get_ex_data_global                               10917
  ossl_lib_ctx_get_rcukey                                       11000
  ENGINE_register_pkey_asn1_meths                               11042
  engine_free_util                                              11209
  NCONF_get_section                                             11291
  OPENSSL_cleanse                                               11458
  ossl_sa_doall_arg                                             11667
  aes_siv_gettable_ctx_params                                   12209
  ossl_property_value                                           12292
  dyld4::RuntimeState::doSingletonPatching(dyld4::DyldCacheDataConstLazyScopedWriter&)            12584
  fstat                                                         12667
  EVP_add_cipher                                                12709
  ossl_cipher_capable_aes_cbc_hmac_sha1                         12749
  ossl_cipher_capable_aes_cbc_hmac_sha256                       12791
  _kernelrpc_mach_vm_deallocate_trap                            13292
  cipher_ocb_gettable_ctx_params                                13458
  __bzero                                                       13459
  deflt_query                                                   13500
  aes_cbc_cts_gettable_ctx_params                               13790
  BIO_clear_flags                                               14126
  dyld4::Loader::path() const                                   14459
  dyld4::DyldCacheDataConstLazyScopedWriter::DyldCacheDataConstLazyScopedWriter(dyld4::RuntimeState&)            14500
  DSO_free                                                      14791
  CRYPTO_atomic_add                                             14876
  BIO_get_data                                                  14917
  dyld4::Loader::loadDependents(Diagnostics&, dyld4::RuntimeState&, dyld4::Loader::LoadOptions const&)            15166
  lsl::EphemeralAllocator::~EphemeralAllocator()                15167
  sa_doall                                                      15208
  _NSGetEnviron                                                 15291
  ossl_aes_gcm_siv_gettable_ctx_params                          15375
  camellia_cbc_cts_gettable_ctx_params                          15750
  dyld3::MachOFile::is64() const                                15792
  __sflush                                                      16042
  dyld4::JustInTimeLoader::loadDependents(Diagnostics&, dyld4::RuntimeState&, dyld4::Loader::LoadOptions const&)            16417
  file_free                                                     16501
  file_new                                                      16540
  ossl_prov_is_running                                          16750
  _kernelrpc_mach_port_destruct_trap                            16792
  CRYPTO_THREAD_lock_free                                       17458
  pthread_mutex_destroy                                         17458
  dyld4::JustInTimeLoader::path() const                         17959
  FMT_istext                                                    18043
  OPENSSL_LH_get_down_load                                      18083
  BIO_new                                                       18293
  os_unfair_recursive_lock_unlock                               18334
  kdebug_is_enabled                                             18583
  invocation function for block in dyld4::Loader::forEachPath(Diagnostics&, dyld4::RuntimeState&, char const*, dyld4::Loader::Loa            19125
  small_free_list_remove_ptr                                    19166
  small_try_realloc_in_place                                    19458
  pthread_cond_init                                             19918
  rack_region_insert                                            20042
  property_free                                                 20208
  small_free_list_find_by_ptr                                   20208
  dyld4::LibSystemHelpers::pthread_getspecific(unsigned long) const            21250
  os_unfair_recursive_lock_lock_with_options                    21458
  small_size                                                    21750
  ___chkstk_darwin                                              22499
  os_unfair_lock_assert_not_owner                               23543
  lsl::EphemeralAllocator::deallocate_buffer(lsl::MemoryManager::Buffer)            23667
  small_free_list_remove_ptr_no_clear                           23708
  mach_msg2_trap                                                23959
  dyld4::ProcessConfig::DyldCache::indexOfPath(char const*, unsigned int&) const            24000
  __chkstk_darwin_probe                                         24291
  dyld4::Loader::loadAddress(dyld4::RuntimeState&) const            24875
  pthread_mutex_init                                            25585
  __findenv_locked                                              25958
  ossl_property_name                                            26750
  dyld3::ScopedTimer::endTimer()                                26791
  dyld4::Loader::matchesPath(char const*) const                 27083
  OPENSSL_strnlen                                               27958
  dyld4::JustInTimeLoader::loadAddress(dyld4::RuntimeState&) const            28249
  OPENSSL_sk_delete                                             28666
  lsl::MemoryManager::lockGuard()                               30084
  tiny_free_list_remove_ptr                                     32501
  _pthread_mutex_check_init_slow                                33374
  lsl::AllocationMetadata::AllocationMetadata(lsl::Allocator*, unsigned long)            34416
  CRYPTO_new_ex_data                                            34417
  get_tiny_previous_free_msize                                  35793
  small_free_list_add_ptr                                       36083
  OPENSSL_LH_set_down_load                                      36167
  __open                                                        37125
  szone_good_size                                               38084
  _kernelrpc_mach_vm_map_trap                                   38167
  __read_nocancel                                               38959
  OPENSSL_sk_free                                               39706
  dyld4::LibSystemHelpers::os_unfair_recursive_lock_unlock(os_unfair_recursive_lock_s*) const            40459
  ossl_rcu_write_lock                                           41666
  EVP_PKEY_asn1_get0                                            42584
  Diagnostics::hasError() const                                 43331
  Diagnostics::noError() const                                  44875
  ossl_rcu_write_unlock                                         45167
  ossl_tdes_gettable_ctx_params                                 46458
  dyld4::LibSystemHelpers::os_unfair_lock_unlock(os_unfair_lock_s*) const            46918
  pthread_setspecific                                           47000
  dyld4::RuntimeState::PermanentRanges::contains(unsigned long, unsigned long, unsigned char*, dyld4::Loader const**) const            49667
  _tiny_check_and_zero_inline_meta_from_freelist                52166
  dyld3::MachOFile::read_uleb128(Diagnostics&, unsigned char const*&, unsigned char const*)            53416
  EVP_PKEY_asn1_get0_info                                       53750
  small_malloc_from_free_list                                   54291
  dyld4::LibSystemHelpers::os_unfair_recursive_lock_lock_with_options(os_unfair_recursive_lock_s*, os_unfair_lock_options_t) cons            54709
  pthread_cond_broadcast                                        56211
  szone_malloc                                                  56794
  tiny_size                                                     58663
  realloc                                                       60501
  set_tiny_meta_header_in_use                                   63123
  dyld4::LibSystemHelpers::os_unfair_lock_lock_with_options(os_unfair_lock_s*, os_unfair_lock_options_t) const            63543
  madvise                                                       63667
  lsl::EphemeralAllocator::allocate_buffer(unsigned long, unsigned long, unsigned long)            64624
  tiny_free_list_add_ptr                                        64667
  _qsort                                                        65207
  __write_nocancel                                              65583
  _szone_free                                                   69790
  OPENSSL_sk_pop_free                                           70541
  ossl_cipher_aead_gettable_ctx_params                          70792
  strcmp                                                        71209
  __close_nocancel                                              72958
  szone_try_free_default                                        77500
  os_unfair_lock_assert_owner                                   79414
  rack_get_thread_index                                         82166
  dyld3::kdebug_trace_dyld_duration_end(unsigned long long, unsigned int, dyld3::kt_arg, dyld3::kt_arg, dyld3::kt_arg)            82709
  property_hash                                                 85959
  invocation function for block in dyld3::MachOFile::getDylibInstallName(char const**, unsigned int*, unsigned int*) const            86459
  EVP_CIPHER_get_type                                           91543
  dyld4::Loader::contains(dyld4::RuntimeState&, void const*, void const**, unsigned long long*, unsigned char*) const            95166
  dyld3::OverflowSafeArray<unsigned int, 4294967295ul>::verifySpace(unsigned long)            96084
  pthread_cond_signal                                          102792
  Diagnostics::assertNoError() const                           108458
  nanov2_size                                                  111749
  pthread_rwlock_init                                          113627
  __open_nocancel                                              121793
  pthread_rwlock_destroy                                       123003
  os_unfair_lock_unlock                                        127457
  Diagnostics::~Diagnostics()                                  140665
  Diagnostics::Diagnostics(bool)                               148543
  get_legacy_evp_names                                         161374
  ossl_ctype_check                                             168499
  os_unfair_lock_lock_with_options                             176120
  invocation function for block in dyld3::MachOFile::getEntry(unsigned long long&, bool&) const           193163
  nanov2_pointer_size                                          194582
  EVP_MD_get_type                                              197128
  free                                                         205916
  _Block_object_dispose                                        211456
  OPENSSL_hexchar2int                                          235750
  nanov2_allocate_from_block                                   246082
  ossl_sa_set                                                  250961
  trim_ws                                                      269590
  invocation function for block in dyld4::JustInTimeLoader::contains(dyld4::RuntimeState&, void const*, void const**, unsigned lo           297539
  BUF_MEM_new                                                  302374
  names_free                                                   309834
  strncmp                                                      323002
  OBJ_get0_data                                                331247
  OPENSSL_LH_doall                                             332709
  OPENSSL_LH_flush                                             333208
  OSSL_PARAM_set_uint                                          339801
  ossl_provider_ctx                                            344752
  EVP_CIPHER_get_nid                                           365281
  conf_value_cmp                                               372666
  ossl_lib_ctx_unlock                                          377209
  invocation function for block in dyld3::MachOLoaded::findClosestSymbol(unsigned long long, char const**, unsigned long long*) c           397458
  OSSL_PARAM_locate_const                                      397967
  ossl_lib_ctx_read_lock                                       422126
  OPENSSL_LH_set_thunks                                        429037
  property_defn_cmp                                            443712
  ossl_cipher_generic_gettable_ctx_params                      445918
  evp_cipher_up_ref                                            453829
  property_defn_hash                                           463459
  value_free_hash                                              466418
  function_hash                                                478081
  ossl_provider_free                                           478086
  BN_free                                                      484426
  CRYPTO_realloc                                               486918
  ossl_provider_up_ref                                         492377
  eat_alpha_numeric                                            503629
  OSSL_PARAM_set_uint32                                        504455
  ossl_sa_get                                                  513341
  ASN1_OBJECT_free                                             517212
  sa_free_node                                                 546079
  OSSL_PARAM_construct_end                                     551502
  EVP_CIPHER_get0_provider                                     558799
  OSSL_PARAM_construct_uint                                    569706
  evp_cipher_free                                              577115
  do_all_fn                                                    598667
  EVP_CIPHER_free                                              640714
  ossl_provider_libctx                                         799240
  invocation function for block in dyld3::MachOLoaded::getLinkEditLoadCommands(Diagnostics&, dyld3::MachOLoaded::LinkEditInfo&) c           832127
  internal_free_nop                                            848628
  _platform_strncmp                                            858875
  name_string_free                                             890371
  OPENSSL_LH_error                                             930538
  BUF_MEM_grow                                                1104661
  invocation function for block in dyld3::MachOFile::forEachSegment(void (dyld3::MachOFile::SegmentInfo const&, bool&) block_poin          1106044
  OSSL_PARAM_set_size_t                                       1126839
  pthread_getspecific                                         1157459
  sk_reserve                                                  1166793
  _os_once                                                    1244211
  CRYPTO_THREAD_get_local                                     1288707
  _platform_memchr                                            1333127
  ossl_rcu_assign_uptr                                        1422702
  names_lh_free_doall                                         1517539
  OSSL_PARAM_set_uint64                                       1523334
  ossl_lib_ctx_get_data                                       1611838
  OSSL_PARAM_set_int                                          1615204
  _platform_strchr                                            1728969
  pthread_mutex_lock                                          1778013
  OSSL_PARAM_construct_size_t                                 1812325
  pthread_mutex_unlock                                        1815956
  _nanov2_free                                                1904381
  _pthread_mutex_lock_init_slow                               1961411
  OPENSSL_sk_push                                             1975614
  OPENSSL_sk_num                                              1998697
  _pthread_mutex_unlock_init_slow                             2083331
  _pthread_mutex_firstfit_lock_slow                           2184740
  _pthread_mutex_firstfit_unlock_slow                         2274502
  OPENSSL_sk_value                                            2319142
  OSSL_PARAM_set_int32                                        2455801
  obj_name_cmp                                                2519459
  OPENSSL_LH_strhash                                          2695294
  _platform_memcmp                                            2761892
  OSSL_PARAM_construct_int                                    2767157
  pthread_once                                                3036201
  OBJ_nid2obj                                                 3186190
  pthread_rwlock_rdlock                                       3319413
  CRYPTO_atomic_load                                          3321290
  SortFnByName                                                3448534
  __error                                                     3682478
  ossl_lh_strcasehash                                         3687574
  cipher_compare                                              3964766
  ossl_isdigit                                                4028755
  fnv1a_hash                                                  4459202
  _platform_memmove                                           6461119
  pthread_rwlock_wrlock                                       6700830
  pthread_rwlock_unlock                                       9985604
  err_string_data_cmp                                        10759915
  CRYPTO_free                                                12175814
  malloc                                                     13352297
  doapr_outch                                                15262568
  err_string_data_hash                                       16442112
  nanov2_malloc                                              18442583
  _platform_strlen                                           23224003
  _platform_memset                                           25591121
  nanov2_try_free_default                                    26049343
  _platform_strcmp                                           28079353
  ossl_tolower                                               60466510
