
  sigaction                                                      1708
  EVP_md5                                                        1709
  pd_free                                                        1792
  EVP_rc4_40                                                     1875
  EVP_bf_cbc                                                     1958
  UI_OpenSSL                                                     2000
  EVP_mdc2                                                       2042
  EVP_rc2_cbc                                                    2042
  EVP_des_ecb                                                    2125
  EVP_sha1                                                       2125
  opt_unknown                                                    2125
  EVP_sha224                                                     2166
  UI_null                                                        2166
  EVP_seed_cbc                                                   2167
  EVP_des_ofb                                                    2208
  EVP_rc2_ofb                                                    2208
  EVP_sha512                                                     2208
  EVP_sm4_cbc                                                    2208
  EVP_bf_ofb                                                     2209
  EVP_rc4                                                        2209
  EVP_des_cfb8                                                   2250
  EVP_des_ede                                                    2250
  EVP_idea_cbc                                                   2250
  EVP_idea_ofb                                                   2250
  EVP_md5_sha1                                                   2250
  EVP_sm4_ecb                                                    2250
  EVP_sm4_ofb                                                    2250
  EVP_sha384                                                     2292
  EVP_sha3_224                                                   2292
  EVP_sm3                                                        2292
  EVP_sha3_512                                                   2333
  strchr                                                         2333
  EVP_des_cbc                                                    2375
  EVP_cast5_ofb                                                  2416
  EVP_md4                                                        2416
  COMP_get_type                                                  2458
  EVP_seed_ofb                                                   2458
  EVP_sm4_ctr                                                    2458
  _cleanup                                                       2458
  app_get0_propq                                                 2458
  EVP_sha512_224                                                 2459
  EVP_aes_256_gcm                                                2500
  EVP_bf_cfb64                                                   2500
  EVP_des_ede3                                                   2500
  EVP_sha3_256                                                   2500
  EVP_sha512_256                                                 2500
  EVP_shake128                                                   2500
  EVP_shake256                                                   2500
  opt_next                                                       2500
  EVP_blake2s256                                                 2541
  EVP_ripemd160                                                  2541
  EVP_aes_256_cbc                                                2542
  EVP_des_cfb1                                                   2542
  EVP_rc2_64_cbc                                                 2542
  EVP_MD_free                                                    2583
  EVP_aes_128_ctr                                                2583
  EVP_aes_192_cbc                                                2583
  EVP_aes_256_ctr                                                2583
  EVP_chacha20                                                   2583
  EVP_seed_ecb                                                   2583
  EVP_aes_256_ofb                                                2584
  release_engine                                                 2584
  EVP_aes_128_cbc                                                2625
  EVP_aes_192_cfb1                                               2625
  EVP_aes_192_ofb                                                2625
  EVP_aes_256_ccm                                                2625
  EVP_aes_256_cfb1                                               2625
  EVP_cast5_cbc                                                  2625
  EVP_desx_cbc                                                   2625
  EVP_sha3_384                                                   2625
  EVP_bf_ecb                                                     2666
  EVP_rc2_cfb64                                                  2666
  EVP_aes_192_ccm                                                2667
  EVP_aes_192_ocb                                                2667
  EVP_aes_256_xts                                                2667
  EVP_aria_192_ctr                                               2667
  EVP_aria_192_gcm                                               2667
  EVP_aria_192_ofb                                               2667
  EVP_cast5_ecb                                                  2667
  EVP_idea_ecb                                                   2667
  EVP_rc2_40_cbc                                                 2667
  EVP_aes_128_ccm                                                2708
  EVP_aes_128_ofb                                                2708
  EVP_aes_192_cfb8                                               2708
  EVP_aes_256_ocb                                                2708
  EVP_rc2_ecb                                                    2708
  EVP_sm4_cfb128                                                 2708
  EVP_aria_256_gcm                                               2709
  EVP_blake2b512                                                 2709
  EVP_aes_128_cfb1                                               2750
  EVP_aes_128_xts                                                2750
  EVP_aria_128_ctr                                               2750
  EVP_aria_256_cbc                                               2750
  EVP_aria_256_ccm                                               2750
  EVP_aria_256_ofb                                               2750
  EVP_des_ede3_cfb8                                              2750
  def_to_int                                                     2750
  lh_FUNCTION_free                                               2750
  EVP_aes_192_ecb                                                2791
  EVP_aria_256_ctr                                               2791
  EVP_whirlpool                                                  2791
  ENGINE_set_name                                                2792
  EVP_aes_192_gcm                                                2792
  EVP_aes_256_cfb8                                               2792
  EVP_aes_192_wrap                                               2833
  EVP_aria_128_ofb                                               2833
  EVP_aria_192_ccm                                               2833
  EVP_aria_192_ecb                                               2833
  EVP_des_ede_cbc                                                2833
  EVP_rc4_hmac_md5                                               2833
  strrchr                                                        2833
  ENGINE_set_id                                                  2834
  EVP_aria_192_cbc                                               2834
  EVP_aes_128_wrap                                               2875
  EVP_aes_192_ctr                                                2875
  EVP_des_ede3_cbc                                               2875
  EVP_idea_cfb64                                                 2875
  ossl_trace_cleanup                                             2875
  EVP_aria_128_ccm                                               2916
  EVP_des_ede3_wrap                                              2916
  EVP_aes_128_gcm                                                2917
  EVP_aria_192_cfb8                                              2917
  EVP_des_cfb64                                                  2917
  EVP_des_ede_ofb                                                2917
  EVP_aria_128_cbc                                               2958
  EVP_aria_128_ecb                                               2958
  EVP_aria_256_cfb1                                              2958
  EVP_des_ede3_cfb1                                              2958
  NCONF_default                                                  2958
  OBJ_obj2txt                                                    2959
  signal                                                         2959
  EVP_aes_256_ecb                                                3000
  EVP_aria_192_cfb1                                              3000
  EVP_seed_cfb128                                                3000
  query_hash                                                     3000
  vm_deallocate                                                  3041
  EVP_aria_128_cfb8                                              3042
  EVP_aria_192_cfb128                                            3042
  EVP_des_ede_cfb64                                              3042
  getrlimit                                                      3042
  BIO_f_cipher                                                   3083
  EVP_aes_128_cfb128                                             3083
  EVP_aes_192_cfb128                                             3083
  EVP_aria_256_cfb8                                              3083
  EVP_camellia_256_ofb                                           3083
  EVP_cast5_cfb64                                                3083
  EVP_aes_256_cfb128                                             3084
  function_cmp                                                   3084
  EVP_aes_128_cfb8                                               3125
  EVP_aes_128_ocb                                                3125
  EVP_aria_128_cfb1                                              3125
  EVP_camellia_128_cbc                                           3125
  EVP_camellia_128_ofb                                           3166
  EVP_camellia_192_cbc                                           3167
  def_init_default                                               3167
  property_cmp                                                   3167
  EVP_aes_128_ecb                                                3208
  EVP_aes_128_wrap_pad                                           3208
  EVP_camellia_128_ctr                                           3208
  EVP_aria_256_ecb                                               3209
  EVP_des_ede3_ofb                                               3209
  EVP_aes_256_wrap                                               3250
  EVP_aes_256_wrap_pad                                           3250
  EVP_aria_128_gcm                                               3250
  EVP_camellia_192_ofb                                           3250
  EVP_camellia_256_cbc                                           3250
  EVP_camellia_256_cfb1                                          3250
  OSSL_LIB_CTX_get_data                                          3250
  EVP_camellia_256_cfb8                                          3292
  UI_method_set_writer                                           3292
  COMP_zlib                                                      3333
  EVP_add_alg_module                                             3333
  EVP_aes_192_wrap_pad                                           3333
  EVP_chacha20_poly1305                                          3333
  ossl_comp_zstd_cleanup                                         3334
  EVP_aria_256_cfb128                                            3375
  opt_set_unknown_name                                           3375
  EVP_camellia_192_cfb8                                          3416
  UI_method_set_closer                                           3416
  EVP_des_ede3_cfb64                                             3417
  UI_method_set_reader                                           3417
  __cxa_finalize                                                 3417
  EVP_camellia_192_ctr                                           3459
  EVP_aria_128_cfb128                                            3500
  EVP_camellia_128_cfb1                                          3500
  EVP_camellia_128_cfb8                                          3500
  OSSL_PARAM_modified                                            3500
  UI_method_set_opener                                           3500
  EVP_camellia_192_cfb1                                          3541
  EVP_camellia_256_ecb                                           3541
  OSSL_STORE_register_loader                                     3541
  ENGINE_set_flags                                               3542
  EVP_camellia_192_ecb                                           3542
  engine_load_rdrand_int                                         3542
  ASN1_add_stable_module                                         3583
  EVP_camellia_256_ctr                                           3583
  ossl_prov_ctx_free                                             3583
  ASN1_add_oid_module                                            3584
  EVP_CIPHER_get_flags                                           3625
  bio_sock_cleanup_int                                           3625
  ossl_prov_ctx_new                                              3625
  ossl_store_cleanup_int                                         3625
  __getrlimit                                                    3666
  NCONF_get0_libctx                                              3667
  core_get_libctx                                                3667
  EVP_CIPHER_fetch                                               3708
  EVP_camellia_128_cfb128                                        3750
  store_loader_cmp                                               3750
  BIO_meth_set_ctrl                                              3791
  BIO_meth_set_puts                                              3791
  EVP_camellia_128_ecb                                           3791
  opt_check_rest_arg                                             3791
  EVP_camellia_192_cfb128                                        3792
  ossl_comp_zlib_cleanup                                         3792
  ossl_lib_ctx_write_lock                                        3792
  ossl_prov_ctx_set0_handle                                      3792
  BIO_meth_set_gets                                              3833
  EVP_CipherUpdate                                               3834
  __smakebuf                                                     3916
  ossl_child_prov_ctx_new                                        3917
  BIO_meth_set_create                                            3958
  ENGINE_add_conf_module                                         3958
  init_thread_stop                                               3958
  ossl_comp_brotli_cleanup                                       3959
  ENGINE_set_cmd_defns                                           4000
  app_RAND_write                                                 4000
  aes_v8_set_encrypt_key                                         4042
  evp_app_cleanup_int                                            4042
  EVP_camellia_256_cfb128                                        4083
  null_gettable_ctx_params                                       4083
  ossl_prov_ctx_set0_libctx                                      4083
  EVP_CipherFinal_ex                                             4125
  free_medium                                                    4125
  EVP_PKEY_asn1_get_count                                        4166
  BIO_meth_set_destroy                                           4209
  __sigaction                                                    4209
  ossl_config_add_ssl_module                                     4209
  ossl_lib_ctx_is_default                                        4250
  ossl_bio_core_globals_new                                      4291
  CONF_imodule_get_value                                         4333
  ERR_print_errors                                               4333
  OSSL_CMP_log_close                                             4333
  ossl_method_lock_store                                         4333
  ossl_stored_namemap_free                                       4333
  EVP_CIPHER_get_iv_length                                       4334
  dyld4::APIs::_tlv_exit()                                       4334
  aes_256_ctr_get_params                                         4375
  close                                                          4375
  lsl::Lock::unlock()                                            4375
  BIO_meth_set_read_ex                                           4416
  OSSL_ERR_STATE_new                                             4417
  ENGINE_set_ctrl_function                                       4458
  OSSL_LIB_CTX_free                                              4458
  aes_128_ofb_get_params                                         4458
  OSSL_STORE_LOADER_set_eof                                      4500
  aes_128_ecb_get_params                                         4500
  aes_192_cfb1_get_params                                        4500
  aes_192_cfb_get_params                                         4500
  aes_256_ofb_get_params                                         4500
  aria_192_cbc_get_params                                        4500
  aria_256_cbc_get_params                                        4500
  ossl_random_add_conf_module                                    4500
  aes_128_ocb_get_params                                         4542
  aes_192_ctr_get_params                                         4542
  def_is_number                                                  4542
  UI_method_set_prompt_constructor                               4583
  aes_256_cbc_get_params                                         4583
  aria_192_ofb_get_params                                        4583
  ossl_ctx_global_properties_new                                 4583
  sm4_128_cbc_get_params                                         4583
  CRYPTO_THREAD_get_current_id                                   4584
  aes_256_cfb_get_params                                         4584
  tdes_ede3_cbc_get_params                                       4584
  ENGINE_set_init_function                                       4625
  aes_192_ecb_get_params                                         4625
  ossl_method_unlock_store                                       4625
  aes_128_ccm_get_params                                         4666
  aes_192_cbc_get_params                                         4666
  aes_192_ocb_get_params                                         4666
  tdes_ede2_cbc_get_params                                       4666
  tiny_free_no_lock                                              4666
  BIO_meth_set_write_ex                                          4667
  OSSL_trace_set_channel                                         4667
  aes_128_cfb_get_params                                         4667
  aes_256_cfb8_get_params                                        4667
  aria_128_cfb1_get_params                                       4667
  aria_192_cfb8_get_params                                       4667
  ossl_prov_ctx_get0_libctx                                      4667
  ENGINE_set_finish_function                                     4708
  aes_128_xts_get_params                                         4708
  aes_192_ofb_get_params                                         4708
  aria_128_ecb_get_params                                        4708
  aria_192_ctr_get_params                                        4708
  aria_256_ofb_get_params                                        4708
  OSSL_STORE_LOADER_set_error                                    4709
  aes_192_wrap_get_params                                        4709
  aria_128_ctr_get_params                                        4709
  ossl_rand_cleanup_int                                          4709
  EVP_aes_256_cbc_hmac_sha1                                      4750
  aes_256_cfb1_get_params                                        4750
  aes_256_ecb_get_params                                         4750
  aes_256_siv_get_params                                         4750
  aria_128_cfb8_get_params                                       4750
  aria_128_ofb_get_params                                        4750
  aria_192_ecb_get_params                                        4750
  aria_256_cfb1_get_params                                       4750
  aria_256_ctr_get_params                                        4750
  OPENSSL_cpuid_setup                                            4792
  OSSL_STORE_LOADER_set_close                                    4792
  OSSL_STORE_unregister_loader                                   4792
  aes_128_cbc_get_params                                         4792
  aes_128_ctr_get_params                                         4792
  aes_cts_192_cbc_get_params                                     4792
  aria_128_gcm_get_params                                        4792
  aria_192_cfb1_get_params                                       4792
  aria_192_gcm_get_params                                        4792
  aes_128_cfb1_get_params                                        4833
  aes_192_cfb8_get_params                                        4833
  aes_256_ccm_get_params                                         4833
  ossl_cipher_generic_reset_ctx                                  4833
  aes_128_cfb8_get_params                                        4875
  aes_192_gcm_get_params                                         4875
  aes_v8_ctr32_encrypt_blocks                                    4875
  chacha20_get_params                                            4875
  ossl_prov_ctx_set0_core_bio_method                             4875
  ossl_provider_add_conf_module                                  4875
  ENGINE_load_builtin_engines                                    4916
  aria_256_cfb_get_params                                        4916
  tdes_ede3_cfb8_get_params                                      4916
  EVP_sha256                                                     4917
  aes_192_siv_get_params                                         4917
  aes_192_wrappad_get_params                                     4917
  aria_256_gcm_get_params                                        4917
  sm4_128_ccm_get_params                                         4917
  tdes_ede2_ecb_get_params                                       4917
  tdes_wrap_get_params                                           4917
  OSSL_STORE_LOADER_set_load                                     4958
  aes_128_gcm_get_params                                         4958
  aes_128_wrappad_get_params                                     4958
  aria_128_cfb_get_params                                        4958
  ossl_bio_core_globals_free                                     4958
  sm4_128_gcm_get_params                                         4958
  sm4_128_xts_get_params                                         4958
  tdes_ede3_cfb_get_params                                       4958
  tdes_ede3_ofb_get_params                                       4958
  aes_256_ocb_get_params                                         4959
  BIO_free                                                       5000
  aes_256_wrapinv_get_params                                     5000
  aes_256_wrappad_get_params                                     5000
  aria_128_ccm_get_params                                        5000
  aria_256_cfb8_get_params                                       5000
  camellia_256_cfb_get_params                                    5000
  chacha20_gettable_ctx_params                                   5000
  ossl_prov_cipher_hw_aes_ctr                                    5000
  sm4_128_cfb128_get_params                                      5000
  Diagnostics::clearError()                                      5041
  pthread_cond_destroy                                           5041
  aes_192_ccm_get_params                                         5042
  aes_256_gcm_get_params                                         5042
  camellia_128_cbc_get_params                                    5042
  EVP_aes_128_cbc_hmac_sha1                                      5083
  OSSL_STORE_LOADER_set_open                                     5083
  camellia_256_cbc_get_params                                    5083
  sm4_128_ofb128_get_params                                      5083
  tdes_ede2_ofb_get_params                                       5083
  aes_256_wrap_get_params                                        5084
  aria_192_cfb_get_params                                        5084
  aria_256_ecb_get_params                                        5084
  tdes_ede2_cfb_get_params                                       5084
  OSSL_STORE_LOADER_set_expect                                   5125
  aria_256_ccm_get_params                                        5125
  engine_pkey_meths_free                                         5125
  aes_128_siv_get_params                                         5167
  aes_192_wrapinv_get_params                                     5167
  aes_cts_128_cbc_get_params                                     5167
  aria_192_ccm_get_params                                        5167
  camellia_128_ctr_get_params                                    5167
  tdes_ede3_cfb1_get_params                                      5167
  aes_cts_256_cbc_get_params                                     5208
  camellia_128_cfb_get_params                                    5208
  camellia_256_ctr_get_params                                    5208
  camellia_256_ofb_get_params                                    5208
  aes_128_wrapinv_get_params                                     5209
  camellia_128_ecb_get_params                                    5209
  ossl_indicator_set_callback_new                                5209
  ossl_store_register_init                                       5209
  OSSL_STORE_LOADER_free                                         5250
  aes_256_xts_get_params                                         5250
  camellia_128_ofb_get_params                                    5250
  camellia_192_cfb1_get_params                                   5250
  camellia_256_cfb8_get_params                                   5250
  aes_128_wrap_get_params                                        5291
  aes_192_wrappadinv_get_params                                  5291
  camellia_192_ctr_get_params                                    5291
  camellia_192_ecb_get_params                                    5292
  aes_128_wrappadinv_get_params                                  5333
  aes_256_wrappadinv_get_params                                  5333
  camellia_128_cfb1_get_params                                   5333
  camellia_128_cfb8_get_params                                   5333
  camellia_192_ofb_get_params                                    5333
  ossl_self_test_set_callback_new                                5333
  sm4_128_ecb_get_params                                         5333
  camellia_192_cbc_get_params                                    5375
  camellia_192_cfb_get_params                                    5375
  memset                                                         5376
  EVP_CIPHER_get_key_length                                      5416
  EVP_aes_128_cbc_hmac_sha256                                    5416
  aria_128_cbc_get_params                                        5417
  camellia_256_cfb1_get_params                                   5417
  camellia_192_cfb8_get_params                                   5458
  ossl_property_has_optional                                     5458
  camellia_cts_192_cbc_get_params                                5500
  ossl_free_compression_methods_int                              5541
  ossl_self_test_set_callback_free                               5541
  tdes_ede3_ecb_get_params                                       5541
  engine_remove_dynamic_id                                       5542
  ossl_indicator_set_callback_free                               5542
  ossl_aes_256_gcm_siv_get_params                                5583
  __fcntl                                                        5584
  chacha20_poly1305_get_params                                   5584
  getegid                                                        5624
  ENGINE_get_cipher_engine                                       5625
  camellia_256_ecb_get_params                                    5667
  ossl_property_match_count                                      5667
  OSSL_LIB_CTX_set_conf_diagnostics                              5708
  engine_pkey_asn1_meths_free                                    5708
  OSSL_PARAM_get_int                                             5709
  camellia_cts_256_cbc_get_params                                5750
  pthread_self                                                   5750
  ossl_init_thread_deregister                                    5792
  OPENSSL_sk_sort                                                5832
  ossl_aes_128_gcm_siv_get_params                                5834
  geteuid                                                        5875
  ossl_provider_unquery_operation                                5875
  medium_region_for_ptr_no_lock                                  5916
  tiny_malloc_from_free_list                                     5917
  EVP_CIPHER_CTX_get_block_size                                  5959
  chacha20_poly1305_gettable_ctx_params                          6000
  opt_arg                                                        6000
  ossl_aes_192_gcm_siv_get_params                                6000
  ossl_prov_bio_from_dispatch                                    6042
  ossl_prov_ctx_get0_core_bio_method                             6042
  camellia_cts_128_cbc_get_params                                6083
  app_get0_libctx                                                6124
  getuid                                                         6209
  getgid                                                         6249
  ossl_prov_seeding_from_dispatch                                6292
  EVP_aes_256_cbc_hmac_sha256                                    6416
  medium_malloc_from_free_list                                   6417
  ERR_get_error_all                                              6458
  EVP_CIPHER_get_mode                                            6541
  BIO_set_data                                                   6542
  dyld4::RuntimeState::notifyObjCPatching()                      6583
  lsl::Lock::lock()                                              6625
  dyld3::kdebug_trace_dyld_enabled(unsigned int)                 6667
  EVP_RAND_CTX_free                                              6834
  dyld4::Loader::hiddenFromFlat(bool) const                      6875
  dyld4::BumpAllocator::~BumpAllocator()                         7125
  sm4_128_ctr_get_params                                         7125
  dyld4::handleFromLoader(dyld4::Loader const*, bool)             7292
  BIO_next                                                       7374
  OSSL_PARAM_get_int32                                           7375
  _platform_strnlen                                              7376
  ENGINE_register_EC                                             7626
  bio_open_default                                               7708
  EVP_CipherInit_ex                                              7750
  _kernelrpc_mach_port_construct_trap                            7750
  ENGINE_register_DH                                             7834
  OPENSSL_sk_pop                                                 7834
  store_loader_hash                                              7999
  _kernelrpc_mach_port_deallocate_trap                           8000
  err_unshelve_state                                             8042
  openssl_fopen                                                  8042
  ENGINE_register_RSA                                            8125
  lsl::EphemeralAllocator::reset()                               8166
  dyld4::JustInTimeLoader::hiddenFromFlat(bool) const             8291
  dyld4::Loader::beginInitializers(dyld4::RuntimeState&)             8292
  ENGINE_register_RAND                                           8332
  ENGINE_register_DSA                                            8333
  X509_get_default_cert_area                                     8417
  file_ctrl                                                      8459
  BIO_copy_next_retry                                            8666
  ossl_sa_new                                                    8668
  ossl_lib_ctx_get_concrete                                      8749
  __sclose                                                       8834
  flsl                                                           8875
  dyld4::RuntimeState::incDlRefCount(dyld4::Loader const*)             8916
  ENGINE_register_digests                                        9083
  ENGINE_register_ciphers                                        9208
  lsl::Vector<dyld4::Loader const*>::reserveExact(unsigned long)             9208
  BIO_set_flags                                                  9291
  strlen                                                         9292
  tiny_try_realloc_in_place                                      9376
  __sflags                                                       9541
  dyld4::JustInTimeLoader::beginInitializers(dyld4::RuntimeState&)             9584
  DSO_METHOD_openssl                                             9708
  ossl_cipher_generic_einit                                      9791
  ENGINE_register_pkey_meths                                     9833
  ossl_property_free                                            10125
  free_small                                                    10291
  BIO_set_init                                                  10293
  OSSL_LIB_CTX_get_conf_diagnostics                             10374
  CRYPTO_atomic_or                                              10416
  ossl_cipher_generic_set_ctx_params                            10499
  lsl::Vector<lsl::MemoryManager::Buffer>::reserve(unsigned long)            10625
  ossl_lib_ctx_get_ex_data_global                               11083
  ENGINE_register_pkey_asn1_meths                               11126
  NCONF_get_section                                             11250
  ossl_lib_ctx_get_rcukey                                       11583
  engine_free_util                                              11626
  OPENSSL_cleanse                                               12083
  dyld4::RuntimeState::doSingletonPatching(dyld4::DyldCacheDataConstLazyScopedWriter&)            12125
  fstat                                                         12125
  ossl_property_value                                           12250
  aes_siv_gettable_ctx_params                                   12416
  __bzero                                                       12542
  ossl_sa_doall_arg                                             12583
  deflt_query                                                   12750
  ossl_cipher_capable_aes_cbc_hmac_sha1                         12958
  ossl_cipher_capable_aes_cbc_hmac_sha256                       12958
  EVP_add_cipher                                                13375
  cipher_ocb_gettable_ctx_params                                13875
  aes_cbc_cts_gettable_ctx_params                               14082
  lsl::EphemeralAllocator::~EphemeralAllocator()                14209
  dyld4::Loader::path() const                                   14500
  BIO_clear_flags                                               14584
  dyld4::DyldCacheDataConstLazyScopedWriter::DyldCacheDataConstLazyScopedWriter(dyld4::RuntimeState&)            15041
  dyld4::Loader::loadDependents(Diagnostics&, dyld4::RuntimeState&, dyld4::Loader::LoadOptions const&)            15042
  sa_doall                                                      15374
  DSO_free                                                      15540
  _NSGetEnviron                                                 15542
  BIO_get_data                                                  15873
  CRYPTO_atomic_add                                             15875
  dyld3::MachOFile::is64() const                                15958
  camellia_cbc_cts_gettable_ctx_params                          16167
  ossl_aes_gcm_siv_gettable_ctx_params                          16209
  os_unfair_recursive_lock_unlock                               16542
  file_new                                                      16668
  __sflush                                                      16709
  _kernelrpc_mach_port_destruct_trap                            16916
  rack_region_insert                                            17126
  file_free                                                     17208
  ossl_prov_is_running                                          17542
  _kernelrpc_mach_vm_deallocate_trap                            17625
  invocation function for block in dyld4::Loader::forEachPath(Diagnostics&, dyld4::RuntimeState&, char const*, dyld4::Loader::Loa            17750
  dyld4::JustInTimeLoader::path() const                         18000
  pthread_mutex_destroy                                         18376
  kdebug_is_enabled                                             18541
  BIO_new                                                       18582
  FMT_istext                                                    18583
  OPENSSL_LH_get_down_load                                      18792
  CRYPTO_THREAD_lock_free                                       19208
  pthread_cond_init                                             19416
  small_free_list_remove_ptr                                    20000
  small_try_realloc_in_place                                    20125
  lsl::EphemeralAllocator::deallocate_buffer(lsl::MemoryManager::Buffer)            20791
  os_unfair_recursive_lock_lock_with_options                    20792
  dyld4::Loader::matchesPath(char const*) const                 21041
  dyld4::JustInTimeLoader::loadDependents(Diagnostics&, dyld4::RuntimeState&, dyld4::Loader::LoadOptions const&)            21083
  __chkstk_darwin_probe                                         21292
  small_free_list_find_by_ptr                                   21416
  property_free                                                 21627
  os_unfair_lock_assert_not_owner                               22208
  dyld4::LibSystemHelpers::pthread_getspecific(unsigned long) const            22209
  ___chkstk_darwin                                              22583
  dyld4::ProcessConfig::DyldCache::indexOfPath(char const*, unsigned int&) const            23124
  small_size                                                    24458
  small_free_list_remove_ptr_no_clear                           24792
  dyld4::Loader::loadAddress(dyld4::RuntimeState&) const            25207
  ossl_property_name                                            26167
  pthread_mutex_init                                            26416
  mach_msg2_trap                                                26458
  dyld3::ScopedTimer::endTimer()                                26833
  lsl::MemoryManager::lockGuard()                               27292
  OPENSSL_strnlen                                               28083
  dyld4::JustInTimeLoader::loadAddress(dyld4::RuntimeState&) const            28542
  __findenv_locked                                              28836
  OPENSSL_sk_delete                                             30458
  lsl::AllocationMetadata::AllocationMetadata(lsl::Allocator*, unsigned long)            33875
  CRYPTO_new_ex_data                                            35041
  __read_nocancel                                               35458
  _pthread_mutex_check_init_slow                                35916
  OPENSSL_LH_set_down_load                                      36583
  __open                                                        37042
  tiny_free_list_remove_ptr                                     38460
  dyld4::LibSystemHelpers::os_unfair_recursive_lock_unlock(os_unfair_recursive_lock_s*) const            38500
  small_free_list_add_ptr                                       38667
  _kernelrpc_mach_vm_map_trap                                   39000
  szone_good_size                                               39626
  OPENSSL_sk_free                                               41455
  Diagnostics::hasError() const                                 41625
  dyld4::LibSystemHelpers::os_unfair_lock_unlock(os_unfair_lock_s*) const            41627
  ossl_rcu_write_lock                                           43124
  EVP_PKEY_asn1_get0                                            44082
  Diagnostics::noError() const                                  44501
  ossl_rcu_write_unlock                                         46793
  ossl_tdes_gettable_ctx_params                                 47585
  pthread_setspecific                                           47625
  dyld4::RuntimeState::PermanentRanges::contains(unsigned long, unsigned long, unsigned char*, dyld4::Loader const**) const            50250
  __write_nocancel                                              51250
  dyld3::MachOFile::read_uleb128(Diagnostics&, unsigned char const*&, unsigned char const*)            51667
  _tiny_check_and_zero_inline_meta_from_freelist                52666
  dyld4::LibSystemHelpers::os_unfair_recursive_lock_lock_with_options(os_unfair_recursive_lock_s*, os_unfair_lock_options_t) cons            53624
  szone_malloc                                                  55836
  EVP_PKEY_asn1_get0_info                                       56166
  pthread_cond_broadcast                                        58749
  tiny_size                                                     59081
  dyld4::LibSystemHelpers::os_unfair_lock_lock_with_options(os_unfair_lock_s*, os_unfair_lock_options_t) const            60375
  small_malloc_from_free_list                                   60543
  realloc                                                       61535
  madvise                                                       61873
  get_tiny_previous_free_msize                                  61999
  lsl::EphemeralAllocator::allocate_buffer(unsigned long, unsigned long, unsigned long)            64084
  _qsort                                                        66377
  set_tiny_meta_header_in_use                                   68623
  tiny_free_list_add_ptr                                        70709
  ossl_cipher_aead_gettable_ctx_params                          73334
  OPENSSL_sk_pop_free                                           76335
  _szone_free                                                   77624
  os_unfair_lock_assert_owner                                   78250
  strcmp                                                        79620
  __close_nocancel                                              80291
  invocation function for block in dyld3::MachOFile::getDylibInstallName(char const**, unsigned int*, unsigned int*) const            80916
  szone_try_free_default                                        81208
  dyld3::kdebug_trace_dyld_duration_end(unsigned long long, unsigned int, dyld3::kt_arg, dyld3::kt_arg, dyld3::kt_arg)            81501
  property_hash                                                 85125
  rack_get_thread_index                                         87083
  EVP_CIPHER_get_type                                           90417
  dyld3::OverflowSafeArray<unsigned int, 4294967295ul>::verifySpace(unsigned long)            92789
  dyld4::Loader::contains(dyld4::RuntimeState&, void const*, void const**, unsigned long long*, unsigned char*) const            95708
  pthread_cond_signal                                          107792
  Diagnostics::assertNoError() const                           108999
  __open_nocancel                                              112916
  pthread_rwlock_init                                          112958
  nanov2_size                                                  113503
  pthread_rwlock_destroy                                       129584
  os_unfair_lock_unlock                                        131791
  Diagnostics::Diagnostics(bool)                               147667
  Diagnostics::~Diagnostics()                                  147875
  get_legacy_evp_names                                         161006
  ossl_ctype_check                                             173415
  os_unfair_lock_lock_with_options                             180168
  invocation function for block in dyld3::MachOFile::getEntry(unsigned long long&, bool&) const           186503
  EVP_MD_get_type                                              198330
  nanov2_pointer_size                                          199170
  free                                                         206784
  _Block_object_dispose                                        212630
  nanov2_allocate_from_block                                   229921
  OPENSSL_hexchar2int                                          246871
  ossl_sa_set                                                  263627
  trim_ws                                                      273457
  invocation function for block in dyld4::JustInTimeLoader::contains(dyld4::RuntimeState&, void const*, void const**, unsigned lo           294167
  BUF_MEM_new                                                  304952
  strncmp                                                      316581
  names_free                                                   329541
  OBJ_get0_data                                                329744
  OPENSSL_LH_doall                                             350334
  OPENSSL_LH_flush                                             350915
  OSSL_PARAM_set_uint                                          352660
  ossl_provider_ctx                                            357500
  EVP_CIPHER_get_nid                                           378409
  conf_value_cmp                                               379703
  ossl_lib_ctx_unlock                                          390582
  OSSL_PARAM_locate_const                                      412791
  invocation function for block in dyld3::MachOLoaded::findClosestSymbol(unsigned long long, char const**, unsigned long long*) c           413460
  ossl_lib_ctx_read_lock                                       437709
  OPENSSL_LH_set_thunks                                        444668
  property_defn_cmp                                            452123
  ossl_cipher_generic_gettable_ctx_params                      461578
  evp_cipher_up_ref                                            466918
  property_defn_hash                                           474871
  value_free_hash                                              478123
  function_hash                                                480708
  BN_free                                                      487444
  CRYPTO_realloc                                               492580
  ossl_provider_free                                           493166
  ossl_provider_up_ref                                         503549
  ASN1_OBJECT_free                                             507874
  eat_alpha_numeric                                            508583
  OSSL_PARAM_set_uint32                                        517084
  ossl_sa_get                                                  534286
  OSSL_PARAM_construct_end                                     564370
  EVP_CIPHER_get0_provider                                     573246
  sa_free_node                                                 575087
  OSSL_PARAM_construct_uint                                    583460
  do_all_fn                                                    597836
  evp_cipher_free                                              600283
  EVP_CIPHER_free                                              665921
  ossl_provider_libctx                                         830010
  invocation function for block in dyld3::MachOLoaded::getLinkEditLoadCommands(Diagnostics&, dyld3::MachOLoaded::LinkEditInfo&) c           837286
  _platform_strncmp                                            864704
  internal_free_nop                                            905543
  OPENSSL_LH_error                                             925048
  name_string_free                                             942836
  invocation function for block in dyld3::MachOFile::forEachSegment(void (dyld3::MachOFile::SegmentInfo const&, bool&) block_poin          1117998
  BUF_MEM_grow                                                1118289
  OSSL_PARAM_set_size_t                                       1169256
  pthread_getspecific                                         1184960
  sk_reserve                                                  1185755
  _os_once                                                    1226707
  CRYPTO_THREAD_get_local                                     1323282
  _platform_memchr                                            1351241
  ossl_rcu_assign_uptr                                        1427178
  OSSL_PARAM_set_uint64                                       1562408
  names_lh_free_doall                                         1590666
  ossl_lib_ctx_get_data                                       1647079
  OSSL_PARAM_set_int                                          1669254
  pthread_mutex_lock                                          1734699
  _platform_strchr                                            1765178
  pthread_mutex_unlock                                        1855407
  OSSL_PARAM_construct_size_t                                 1858490
  _pthread_mutex_lock_init_slow                               1983421
  _nanov2_free                                                1985024
  OPENSSL_sk_push                                             2010492
  OPENSSL_sk_num                                              2064994
  _pthread_mutex_unlock_init_slow                             2107868
  _pthread_mutex_firstfit_lock_slow                           2210110
  _pthread_mutex_firstfit_unlock_slow                         2299330
  OPENSSL_sk_value                                            2368877
  OSSL_PARAM_set_int32                                        2514878
  obj_name_cmp                                                2527046
  OPENSSL_LH_strhash                                          2706073
  _platform_memcmp                                            2813586
  OSSL_PARAM_construct_int                                    2843415
  pthread_once                                                3113862
  OBJ_nid2obj                                                 3174744
  CRYPTO_atomic_load                                          3374192
  pthread_rwlock_rdlock                                       3387330
  SortFnByName                                                3413030
  ossl_lh_strcasehash                                         3750791
  __error                                                     3863468
  ossl_isdigit                                                4030552
  cipher_compare                                              4076000
  fnv1a_hash                                                  4484454
  _platform_memmove                                           6571781
  pthread_rwlock_wrlock                                       6785372
  pthread_rwlock_unlock                                      10117317
  err_string_data_cmp                                        10927869
  CRYPTO_free                                                12666699
  malloc                                                     13493064
  doapr_outch                                                15314248
  err_string_data_hash                                       16646270
  nanov2_malloc                                              18695810
  _platform_strlen                                           23359394
  _platform_memset                                           26314055
  nanov2_try_free_default                                    26901738
  _platform_strcmp                                           28602003
  ossl_tolower                                               61383250
