
  EVP_md5                                                        1834
  pd_free                                                        1834
  sigaction                                                      1875
  UI_OpenSSL                                                     1958
  EVP_rc4_40                                                     2000
  EVP_sha384                                                     2042
  EVP_sha224                                                     2083
  EVP_des_ofb                                                    2084
  UI_null                                                        2125
  _cleanup                                                       2125
  EVP_sha512                                                     2166
  EVP_md4                                                        2167
  EVP_mdc2                                                       2167
  opt_unknown                                                    2167
  EVP_des_ecb                                                    2208
  EVP_rc2_cbc                                                    2208
  EVP_bf_cbc                                                     2209
  EVP_des_ede                                                    2209
  EVP_sha1                                                       2209
  EVP_sm4_cbc                                                    2209
  EVP_sm4_ofb                                                    2209
  EVP_des_cfb8                                                   2250
  EVP_rc4                                                        2250
  EVP_seed_cbc                                                   2250
  EVP_md5_sha1                                                   2292
  EVP_rc2_ofb                                                    2292
  EVP_seed_ofb                                                   2292
  EVP_sha3_512                                                   2292
  strchr                                                         2292
  EVP_sm3                                                        2333
  EVP_sm4_ecb                                                    2333
  EVP_bf_ofb                                                     2334
  EVP_idea_ofb                                                   2334
  EVP_bf_ecb                                                     2375
  EVP_cast5_ofb                                                  2375
  EVP_des_cbc                                                    2375
  EVP_ripemd160                                                  2375
  EVP_sha3_256                                                   2375
  EVP_sha3_384                                                   2375
  app_get0_propq                                                 2375
  EVP_aes_256_ofb                                                2417
  EVP_idea_cbc                                                   2417
  EVP_seed_ecb                                                   2417
  EVP_sha512_256                                                 2417
  EVP_sm4_ctr                                                    2417
  release_engine                                                 2417
  EVP_blake2s256                                                 2458
  EVP_des_ede3                                                   2458
  EVP_sha3_224                                                   2458
  EVP_aes_256_cbc                                                2500
  EVP_shake128                                                   2500
  EVP_aes_192_ocb                                                2541
  EVP_aes_256_gcm                                                2541
  EVP_des_ede_ofb                                                2541
  EVP_idea_ecb                                                   2542
  EVP_sha512_224                                                 2542
  EVP_shake256                                                   2542
  EVP_MD_free                                                    2583
  EVP_aes_192_gcm                                                2583
  EVP_des_ede_cbc                                                2583
  EVP_rc2_cfb64                                                  2583
  opt_next                                                       2583
  COMP_get_type                                                  2584
  EVP_aes_256_ctr                                                2584
  EVP_aria_192_gcm                                               2584
  EVP_aes_128_ofb                                                2625
  EVP_aes_192_ccm                                                2625
  EVP_aes_256_ecb                                                2625
  EVP_aes_256_xts                                                2625
  EVP_aria_256_gcm                                               2625
  EVP_bf_cfb64                                                   2625
  EVP_rc2_ecb                                                    2625
  lh_FUNCTION_free                                               2625
  EVP_aria_256_ctr                                               2666
  EVP_cast5_cbc                                                  2666
  EVP_aes_192_ofb                                                2667
  EVP_aes_256_ccm                                                2667
  EVP_aes_256_ocb                                                2667
  EVP_aria_128_ecb                                               2667
  EVP_cast5_ecb                                                  2667
  EVP_rc2_64_cbc                                                 2667
  EVP_whirlpool                                                  2667
  EVP_aes_128_cbc                                                2708
  EVP_aes_128_ccm                                                2708
  EVP_aes_192_cfb1                                               2708
  EVP_aria_256_ecb                                               2708
  EVP_aes_128_cfb1                                               2709
  EVP_aria_192_ofb                                               2709
  ENGINE_set_id                                                  2750
  EVP_aes_192_cfb8                                               2750
  EVP_aes_256_cfb1                                               2750
  EVP_aes_256_cfb8                                               2750
  EVP_aria_128_ctr                                               2750
  EVP_aria_192_cfb1                                              2750
  EVP_aria_192_ctr                                               2750
  EVP_aria_192_ecb                                               2750
  EVP_aria_256_ofb                                               2750
  EVP_blake2b512                                                 2750
  EVP_chacha20                                                   2750
  EVP_desx_cbc                                                   2750
  def_to_int                                                     2750
  ENGINE_set_name                                                2791
  EVP_aria_192_cbc                                               2791
  EVP_aria_192_ccm                                               2791
  EVP_rc2_40_cbc                                                 2791
  strrchr                                                        2791
  EVP_aria_256_cfb1                                              2792
  EVP_cast5_cfb64                                                2792
  EVP_des_ede3_wrap                                              2792
  EVP_idea_cfb64                                                 2792
  BIO_f_cipher                                                   2833
  EVP_aes_128_wrap                                               2833
  EVP_aes_192_ctr                                                2833
  EVP_aes_256_wrap                                               2833
  EVP_aria_128_cbc                                               2833
  EVP_des_ede3_cbc                                               2833
  EVP_aes_192_cbc                                                2834
  EVP_aria_128_ofb                                               2834
  EVP_aria_256_cbc                                               2834
  EVP_rc4_hmac_md5                                               2834
  EVP_aes_192_ecb                                                2875
  EVP_aria_256_ccm                                               2875
  EVP_aria_256_cfb8                                              2875
  EVP_des_cfb1                                                   2875
  EVP_des_ede3_cfb1                                              2875
  EVP_des_ede3_ofb                                               2875
  signal                                                         2875
  EVP_aes_192_wrap                                               2916
  EVP_sm4_cfb128                                                 2916
  ossl_trace_cleanup                                             2916
  EVP_seed_cfb128                                                2917
  query_hash                                                     2917
  EVP_aes_128_ctr                                                2958
  EVP_aria_128_cfb8                                              2958
  EVP_des_cfb64                                                  2958
  OBJ_obj2txt                                                    2958
  getrlimit                                                      2958
  EVP_aes_128_cfb8                                               2959
  EVP_aria_192_cfb8                                              3000
  EVP_des_ede_cfb64                                              3000
  NCONF_default                                                  3000
  def_init_default                                               3000
  vm_deallocate                                                  3041
  EVP_aes_128_gcm                                                3042
  EVP_aria_128_cfb128                                            3042
  EVP_aria_192_cfb128                                            3042
  EVP_des_ede3_cfb8                                              3042
  OSSL_LIB_CTX_get_data                                          3083
  function_cmp                                                   3083
  property_cmp                                                   3084
  EVP_aes_192_cfb128                                             3125
  EVP_aria_256_cfb128                                            3125
  EVP_camellia_128_ofb                                           3125
  EVP_camellia_192_cbc                                           3125
  EVP_aes_128_cfb128                                             3166
  EVP_aes_128_ocb                                                3166
  EVP_aes_128_xts                                                3167
  EVP_aria_128_ccm                                               3167
  EVP_aria_128_cfb1                                              3167
  EVP_camellia_192_ctr                                           3208
  EVP_camellia_192_ofb                                           3208
  ossl_comp_zstd_cleanup                                         3208
  EVP_aes_256_wrap_pad                                           3209
  UI_method_set_writer                                           3209
  EVP_CIPHER_get_flags                                           3250
  EVP_aes_128_ecb                                                3250
  EVP_camellia_256_cbc                                           3250
  EVP_chacha20_poly1305                                          3250
  ossl_prov_ctx_free                                             3250
  EVP_add_alg_module                                             3291
  EVP_aria_128_gcm                                               3292
  EVP_camellia_128_cbc                                           3292
  EVP_camellia_256_cfb8                                          3292
  __cxa_finalize                                                 3292
  __smakebuf                                                     3292
  EVP_aes_192_wrap_pad                                           3333
  EVP_aes_256_cfb128                                             3333
  EVP_camellia_192_cfb8                                          3333
  EVP_des_ede3_cfb64                                             3334
  UI_method_set_closer                                           3334
  ossl_store_cleanup_int                                         3334
  EVP_camellia_128_ctr                                           3375
  EVP_camellia_192_ecb                                           3375
  EVP_camellia_256_cfb1                                          3375
  EVP_camellia_256_ctr                                           3375
  OSSL_PARAM_modified                                            3416
  EVP_aes_128_wrap_pad                                           3417
  ENGINE_set_flags                                               3458
  EVP_camellia_192_cfb1                                          3458
  EVP_camellia_256_ecb                                           3458
  EVP_camellia_256_ofb                                           3458
  UI_method_set_reader                                           3458
  EVP_camellia_128_cfb8                                          3500
  OSSL_STORE_register_loader                                     3500
  bio_sock_cleanup_int                                           3500
  init_thread_stop                                               3500
  ASN1_add_oid_module                                            3542
  EVP_camellia_128_cfb1                                          3542
  ossl_comp_zlib_cleanup                                         3542
  ossl_prov_ctx_new                                              3583
  ASN1_add_stable_module                                         3625
  COMP_zlib                                                      3625
  EVP_camellia_192_cfb128                                        3625
  UI_method_set_opener                                           3625
  ossl_prov_ctx_set0_handle                                      3625
  store_loader_cmp                                               3625
  engine_load_rdrand_int                                         3666
  opt_set_unknown_name                                           3666
  BIO_meth_set_puts                                              3708
  free_medium                                                    3708
  ossl_comp_brotli_cleanup                                       3708
  EVP_CipherUpdate                                               3709
  BIO_meth_set_ctrl                                              3750
  EVP_CIPHER_fetch                                               3750
  EVP_camellia_128_cfb128                                        3750
  EVP_camellia_256_cfb128                                        3750
  BIO_meth_set_gets                                              3791
  EVP_camellia_128_ecb                                           3792
  NCONF_get0_libctx                                              3792
  app_RAND_write                                                 3792
  evp_app_cleanup_int                                            3792
  opt_check_rest_arg                                             3792
  ossl_method_unlock_store                                       3792
  ossl_lib_ctx_write_lock                                        3833
  ossl_prov_ctx_set0_libctx                                      3833
  ENGINE_add_conf_module                                         3875
  core_get_libctx                                                3875
  EVP_CipherFinal_ex                                             3916
  ENGINE_set_cmd_defns                                           3917
  ERR_print_errors                                               3917
  BIO_meth_set_create                                            3959
  EVP_CIPHER_get_iv_length                                       4041
  aes_v8_set_encrypt_key                                         4042
  dyld4::APIs::_tlv_exit()                                       4042
  ossl_prov_ctx_get0_libctx                                      4084
  BIO_meth_set_destroy                                           4125
  CRYPTO_THREAD_get_current_id                                   4125
  ERR_get_error_all                                              4125
  null_gettable_ctx_params                                       4125
  ossl_config_add_ssl_module                                     4125
  close                                                          4166
  BIO_meth_set_read_ex                                           4208
  OSSL_LIB_CTX_free                                              4208
  lsl::Lock::unlock()                                            4208
  ossl_child_prov_ctx_new                                        4209
  CONF_imodule_get_value                                         4250
  EVP_PKEY_asn1_get_count                                        4250
  ossl_lib_ctx_is_default                                        4250
  ossl_method_lock_store                                         4250
  OSSL_ERR_STATE_new                                             4292
  chacha20_get_params                                            4292
  ossl_bio_core_globals_new                                      4292
  OSSL_STORE_unregister_loader                                   4333
  aes_192_ctr_get_params                                         4334
  ENGINE_set_ctrl_function                                       4375
  ENGINE_set_init_function                                       4375
  aes_128_ofb_get_params                                         4375
  aes_128_xts_get_params                                         4375
  tiny_free_no_lock                                              4375
  aes_256_ctr_get_params                                         4416
  ossl_random_add_conf_module                                    4416
  __sigaction                                                    4417
  aes_128_cfb_get_params                                         4417
  chacha20_gettable_ctx_params                                   4417
  aes_128_cbc_get_params                                         4458
  aes_128_cfb1_get_params                                        4458
  aes_256_cbc_get_params                                         4458
  aria_192_ecb_get_params                                        4458
  ossl_cipher_generic_reset_ctx                                  4458
  ossl_stored_namemap_free                                       4458
  BIO_meth_set_write_ex                                          4500
  EVP_aes_256_cbc_hmac_sha1                                      4500
  EVP_sha256                                                     4500
  aes_128_ccm_get_params                                         4500
  aes_128_ocb_get_params                                         4500
  aria_256_ctr_get_params                                        4500
  aria_256_ofb_get_params                                        4500
  ossl_store_register_init                                       4500
  sm4_128_cbc_get_params                                         4500
  sm4_128_ctr_get_params                                         4500
  ENGINE_set_finish_function                                     4541
  OSSL_CMP_log_close                                             4542
  OSSL_STORE_LOADER_set_eof                                      4542
  aes_192_cfb_get_params                                         4542
  aes_192_ecb_get_params                                         4542
  aes_192_siv_get_params                                         4542
  aria_128_cfb8_get_params                                       4542
  aria_128_ecb_get_params                                        4542
  aria_128_ofb_get_params                                        4542
  aes_192_gcm_get_params                                         4583
  aria_192_ofb_get_params                                        4583
  sm4_128_xts_get_params                                         4583
  tdes_ede2_cbc_get_params                                       4583
  tdes_ede2_ecb_get_params                                       4583
  OPENSSL_cpuid_setup                                            4584
  aes_128_ctr_get_params                                         4625
  aes_192_cbc_get_params                                         4625
  aes_192_ocb_get_params                                         4625
  aes_192_ofb_get_params                                         4625
  aes_256_cfb1_get_params                                        4625
  aes_256_cfb_get_params                                         4625
  aes_256_ofb_get_params                                         4625
  aria_192_cbc_get_params                                        4625
  aria_192_ctr_get_params                                        4625
  ossl_rand_cleanup_int                                          4625
  sm4_128_cfb128_get_params                                      4625
  sm4_128_gcm_get_params                                         4625
  tdes_ede3_cbc_get_params                                       4625
  tdes_ede3_cfb_get_params                                       4625
  BIO_free                                                       4666
  OSSL_trace_set_channel                                         4666
  UI_method_set_prompt_constructor                               4666
  aes_192_cfb1_get_params                                        4666
  aes_128_ecb_get_params                                         4667
  aes_192_ccm_get_params                                         4667
  aes_v8_ctr32_encrypt_blocks                                    4667
  aria_128_ccm_get_params                                        4667
  aria_128_gcm_get_params                                        4667
  EVP_aes_256_cbc_hmac_sha256                                    4708
  OSSL_STORE_LOADER_set_error                                    4708
  aes_128_gcm_get_params                                         4708
  aes_192_cfb8_get_params                                        4708
  aes_cts_192_cbc_get_params                                     4708
  aria_128_cbc_get_params                                        4708
  aria_128_cfb1_get_params                                       4708
  aria_128_cfb_get_params                                        4708
  aria_192_cfb8_get_params                                       4708
  aria_256_cfb1_get_params                                       4708
  aria_256_cfb8_get_params                                       4708
  ossl_prov_ctx_set0_core_bio_method                             4708
  ossl_provider_add_conf_module                                  4708
  pthread_cond_destroy                                           4708
  tdes_ede2_cfb_get_params                                       4708
  OSSL_STORE_LOADER_set_load                                     4709
  aria_128_ctr_get_params                                        4709
  def_is_number                                                  4709
  OSSL_STORE_LOADER_set_close                                    4750
  aes_192_wrap_get_params                                        4750
  aes_256_gcm_get_params                                         4750
  ossl_bio_core_globals_free                                     4750
  aes_256_siv_get_params                                         4791
  ossl_ctx_global_properties_new                                 4791
  sm4_128_ccm_get_params                                         4791
  sm4_128_ecb_get_params                                         4791
  OSSL_STORE_LOADER_free                                         4792
  aes_256_ccm_get_params                                         4792
  aria_256_cfb_get_params                                        4792
  tdes_ede2_ofb_get_params                                       4792
  tdes_ede3_cfb8_get_params                                      4792
  ENGINE_load_builtin_engines                                    4833
  aes_128_cfb8_get_params                                        4833
  aes_192_wrappad_get_params                                     4833
  camellia_256_cfb_get_params                                    4833
  ossl_prov_cipher_hw_aes_ctr                                    4833
  tdes_ede3_cfb1_get_params                                      4833
  aria_192_cfb1_get_params                                       4834
  aes_128_wrap_get_params                                        4875
  aes_256_ecb_get_params                                         4875
  aes_256_ocb_get_params                                         4875
  aes_cts_128_cbc_get_params                                     4875
  aria_192_ccm_get_params                                        4875
  aria_192_cfb_get_params                                        4875
  aria_256_cbc_get_params                                        4875
  camellia_192_ofb_get_params                                    4875
  tdes_wrap_get_params                                           4875
  EVP_aes_128_cbc_hmac_sha1                                      4916
  aes_128_wrappad_get_params                                     4916
  aria_192_gcm_get_params                                        4917
  aes_192_wrapinv_get_params                                     4958
  aes_cts_256_cbc_get_params                                     4958
  camellia_192_cfb_get_params                                    4958
  camellia_256_ofb_get_params                                    4958
  EVP_CIPHER_get_key_length                                      4959
  camellia_128_cfb_get_params                                    4959
  camellia_256_cbc_get_params                                    4959
  tdes_ede3_ofb_get_params                                       4959
  ENGINE_get_cipher_engine                                       5000
  OSSL_STORE_LOADER_set_open                                     5000
  aes_256_cfb8_get_params                                        5000
  aes_256_wrapinv_get_params                                     5000
  aria_256_gcm_get_params                                        5000
  camellia_192_cfb1_get_params                                   5000
  EVP_aes_128_cbc_hmac_sha256                                    5041
  camellia_128_ecb_get_params                                    5041
  OSSL_STORE_LOADER_set_expect                                   5042
  camellia_128_ofb_get_params                                    5042
  sm4_128_ofb128_get_params                                      5042
  aria_256_ccm_get_params                                        5083
  camellia_128_cbc_get_params                                    5083
  camellia_192_cbc_get_params                                    5083
  camellia_256_cfb1_get_params                                   5083
  engine_pkey_meths_free                                         5083
  aes_128_siv_get_params                                         5125
  aes_128_wrapinv_get_params                                     5125
  camellia_128_ctr_get_params                                    5125
  ossl_property_match_count                                      5125
  camellia_256_ctr_get_params                                    5166
  ossl_free_compression_methods_int                              5166
  aes_256_xts_get_params                                         5167
  camellia_192_ctr_get_params                                    5167
  aes_256_wrappad_get_params                                     5208
  aria_256_ecb_get_params                                        5208
  camellia_128_cfb1_get_params                                   5208
  camellia_256_cfb8_get_params                                   5208
  engine_remove_dynamic_id                                       5208
  tdes_ede3_ecb_get_params                                       5208
  ossl_indicator_set_callback_free                               5209
  ossl_property_has_optional                                     5209
  tiny_malloc_from_free_list                                     5209
  Diagnostics::clearError()                                      5250
  camellia_128_cfb8_get_params                                   5250
  aes_128_wrappadinv_get_params                                  5291
  aes_256_wrap_get_params                                        5291
  ossl_prov_ctx_get0_core_bio_method                             5291
  chacha20_poly1305_get_params                                   5292
  pthread_self                                                   5292
  __fcntl                                                        5333
  aes_192_wrappadinv_get_params                                  5333
  aes_256_wrappadinv_get_params                                  5333
  camellia_cts_192_cbc_get_params                                5333
  ossl_self_test_set_callback_new                                5333
  ossl_provider_unquery_operation                                5334
  ossl_self_test_set_callback_free                               5334
  OPENSSL_sk_sort                                                5416
  engine_pkey_asn1_meths_free                                    5417
  medium_region_for_ptr_no_lock                                  5417
  ossl_indicator_set_callback_new                                5417
  camellia_256_ecb_get_params                                    5458
  OSSL_PARAM_get_int                                             5500
  camellia_192_cfb8_get_params                                   5500
  chacha20_poly1305_gettable_ctx_params                          5500
  ossl_aes_256_gcm_siv_get_params                                5500
  EVP_CIPHER_CTX_get_block_size                                  5542
  camellia_cts_256_cbc_get_params                                5542
  ossl_init_thread_deregister                                    5542
  getegid                                                        5583
  ossl_aes_192_gcm_siv_get_params                                5666
  OSSL_LIB_CTX_set_conf_diagnostics                              5708
  camellia_cts_128_cbc_get_params                                5750
  app_get0_libctx                                                5792
  medium_malloc_from_free_list                                   5875
  lsl::Lock::lock()                                              5916
  ossl_aes_128_gcm_siv_get_params                                5958
  ossl_prov_bio_from_dispatch                                    5958
  opt_arg                                                        5959
  BIO_set_data                                                   5999
  geteuid                                                        6042
  free_small                                                     6208
  ossl_prov_seeding_from_dispatch                                6208
  getuid                                                         6334
  getgid                                                         6417
  EVP_CIPHER_get_mode                                            6458
  OSSL_PARAM_get_int32                                           6541
  __getrlimit                                                    6750
  EVP_RAND_CTX_free                                              6792
  dyld3::kdebug_trace_dyld_enabled(unsigned int)                 6875
  BIO_next                                                       6958
  camellia_192_ecb_get_params                                    7125
  _kernelrpc_mach_port_deallocate_trap                           7166
  dyld4::BumpAllocator::~BumpAllocator()                         7209
  EVP_CipherInit_ex                                              7250
  dyld4::handleFromLoader(dyld4::Loader const*, bool)             7250
  _platform_strnlen                                              7375
  dyld4::RuntimeState::notifyObjCPatching()                      7458
  bio_open_default                                               7541
  _kernelrpc_mach_port_construct_trap                            7542
  store_loader_hash                                              7584
  openssl_fopen                                                  7666
  OPENSSL_sk_pop                                                 7667
  ENGINE_register_DH                                             7750
  ENGINE_register_EC                                             7751
  ENGINE_register_RSA                                            7875
  dyld4::Loader::hiddenFromFlat(bool) const                      7917
  err_unshelve_state                                             7917
  BIO_copy_next_retry                                            8042
  ENGINE_register_DSA                                            8083
  __sclose                                                       8083
  flsl                                                           8166
  file_ctrl                                                      8167
  dyld4::JustInTimeLoader::hiddenFromFlat(bool) const             8208
  ENGINE_register_RAND                                           8250
  X509_get_default_cert_area                                     8250
  lsl::EphemeralAllocator::reset()                               8250
  __sflags                                                       8417
  dyld4::Loader::beginInitializers(dyld4::RuntimeState&)             8500
  memset                                                         8500
  ossl_lib_ctx_get_concrete                                      8542
  ENGINE_register_digests                                        8876
  BIO_set_init                                                   8958
  ENGINE_register_ciphers                                        9209
  ossl_property_free                                             9375
  ossl_sa_new                                                    9416
  tiny_try_realloc_in_place                                      9584
  ossl_cipher_generic_einit                                      9709
  ENGINE_register_pkey_meths                                     9750
  dyld4::JustInTimeLoader::beginInitializers(dyld4::RuntimeState&)             9750
  DSO_METHOD_openssl                                             9791
  BIO_set_flags                                                  9793
  OSSL_LIB_CTX_get_conf_diagnostics                             10083
  ossl_cipher_generic_set_ctx_params                            10166
  CRYPTO_atomic_or                                              10583
  deflt_query                                                   10667
  lsl::Vector<dyld4::Loader const*>::reserveExact(unsigned long)            10709
  ossl_lib_ctx_get_ex_data_global                               10749
  lsl::Vector<lsl::MemoryManager::Buffer>::reserve(unsigned long)            10917
  strlen                                                        10958
  ENGINE_register_pkey_asn1_meths                               11000
  engine_free_util                                              11001
  ossl_lib_ctx_get_rcukey                                       11125
  NCONF_get_section                                             11376
  OPENSSL_cleanse                                               11417
  dyld4::RuntimeState::incDlRefCount(dyld4::Loader const*)            11417
  ossl_sa_doall_arg                                             11708
  aes_siv_gettable_ctx_params                                   12083
  fstat                                                         12167
  rack_region_insert                                            12542
  EVP_add_cipher                                                12583
  ossl_cipher_capable_aes_cbc_hmac_sha256                       12625
  ossl_cipher_capable_aes_cbc_hmac_sha1                         12667
  ossl_property_value                                           12708
  dyld4::RuntimeState::doSingletonPatching(dyld4::DyldCacheDataConstLazyScopedWriter&)            13084
  _kernelrpc_mach_vm_deallocate_trap                            13375
  cipher_ocb_gettable_ctx_params                                13458
  BIO_clear_flags                                               13834
  aes_cbc_cts_gettable_ctx_params                               13916
  dyld4::DyldCacheDataConstLazyScopedWriter::DyldCacheDataConstLazyScopedWriter(dyld4::RuntimeState&)            14500
  DSO_free                                                      14541
  dyld4::Loader::loadDependents(Diagnostics&, dyld4::RuntimeState&, dyld4::Loader::LoadOptions const&)            14542
  lsl::EphemeralAllocator::~EphemeralAllocator()                14749
  BIO_get_data                                                  14917
  dyld4::Loader::path() const                                   14958
  sa_doall                                                      14958
  CRYPTO_atomic_add                                             15250
  _NSGetEnviron                                                 15376
  ossl_aes_gcm_siv_gettable_ctx_params                          15459
  camellia_cbc_cts_gettable_ctx_params                          15542
  __sflush                                                      15668
  dyld4::JustInTimeLoader::loadDependents(Diagnostics&, dyld4::RuntimeState&, dyld4::Loader::LoadOptions const&)            15833
  dyld3::MachOFile::is64() const                                15999
  file_new                                                      16167
  file_free                                                     16458
  os_unfair_recursive_lock_unlock                               16459
  ossl_prov_is_running                                          16667
  __bzero                                                       17125
  pthread_mutex_destroy                                         17208
  _kernelrpc_mach_port_destruct_trap                            17334
  CRYPTO_THREAD_lock_free                                       17499
  FMT_istext                                                    17792
  OPENSSL_LH_get_down_load                                      17832
  dyld4::JustInTimeLoader::path() const                         18084
  invocation function for block in dyld4::Loader::forEachPath(Diagnostics&, dyld4::RuntimeState&, char const*, dyld4::Loader::Loa            18291
  BIO_new                                                       18334
  kdebug_is_enabled                                             18667
  small_try_realloc_in_place                                    19502
  pthread_cond_init                                             19625
  os_unfair_recursive_lock_lock_with_options                    20459
  property_free                                                 20584
  dyld4::LibSystemHelpers::pthread_getspecific(unsigned long) const            20958
  __chkstk_darwin_probe                                         21084
  lsl::EphemeralAllocator::deallocate_buffer(lsl::MemoryManager::Buffer)            21125
  _kernelrpc_mach_vm_map_trap                                   21208
  small_size                                                    21542
  ___chkstk_darwin                                              21626
  dyld4::Loader::matchesPath(char const*) const                 22708
  dyld4::ProcessConfig::DyldCache::indexOfPath(char const*, unsigned int&) const            22708
  os_unfair_lock_assert_not_owner                               22709
  small_free_list_find_by_ptr                                   24375
  dyld4::Loader::loadAddress(dyld4::RuntimeState&) const            25250
  __findenv_locked                                              26043
  pthread_mutex_init                                            26251
  dyld3::ScopedTimer::endTimer()                                26376
  ossl_property_name                                            26751
  OPENSSL_strnlen                                               27127
  lsl::MemoryManager::lockGuard()                               27958
  small_free_list_remove_ptr                                    28459
  OPENSSL_sk_delete                                             28542
  dyld4::JustInTimeLoader::loadAddress(dyld4::RuntimeState&) const            29291
  __open                                                        29917
  mach_msg2_trap                                                30916
  _pthread_mutex_check_init_slow                                33001
  lsl::AllocationMetadata::AllocationMetadata(lsl::Allocator*, unsigned long)            33958
  CRYPTO_new_ex_data                                            34624
  OPENSSL_LH_set_down_load                                      34957
  small_free_list_remove_ptr_no_clear                           35292
  __read_nocancel                                               36541
  tiny_free_list_remove_ptr                                     37043
  szone_good_size                                               37292
  dyld4::LibSystemHelpers::os_unfair_recursive_lock_unlock(os_unfair_recursive_lock_s*) const            38333
  OPENSSL_sk_free                                               39291
  Diagnostics::hasError() const                                 40914
  dyld4::LibSystemHelpers::os_unfair_lock_unlock(os_unfair_lock_s*) const            41125
  ossl_rcu_write_lock                                           42249
  EVP_PKEY_asn1_get0                                            42583
  Diagnostics::noError() const                                  44750
  small_free_list_add_ptr                                       44792
  ossl_rcu_write_unlock                                         45790
  pthread_setspecific                                           45958
  ossl_tdes_gettable_ctx_params                                 46417
  __write_nocancel                                              48458
  small_malloc_from_free_list                                   48625
  madvise                                                       49167
  dyld3::MachOFile::read_uleb128(Diagnostics&, unsigned char const*&, unsigned char const*)            49791
  dyld4::RuntimeState::PermanentRanges::contains(unsigned long, unsigned long, unsigned char*, dyld4::Loader const**) const            50833
  dyld4::LibSystemHelpers::os_unfair_recursive_lock_lock_with_options(os_unfair_recursive_lock_s*, os_unfair_lock_options_t) cons            51418
  _tiny_check_and_zero_inline_meta_from_freelist                51458
  EVP_PKEY_asn1_get0_info                                       53666
  szone_malloc                                                  54706
  pthread_cond_broadcast                                        56208
  tiny_size                                                     57666
  dyld4::LibSystemHelpers::os_unfair_lock_lock_with_options(os_unfair_lock_s*, os_unfair_lock_options_t) const            59917
  get_tiny_previous_free_msize                                  60290
  realloc                                                       60584
  set_tiny_meta_header_in_use                                   63127
  lsl::EphemeralAllocator::allocate_buffer(unsigned long, unsigned long, unsigned long)            64625
  _qsort                                                        65413
  tiny_free_list_add_ptr                                        68209
  strcmp                                                        69459
  ossl_cipher_aead_gettable_ctx_params                          70501
  OPENSSL_sk_pop_free                                           70542
  _szone_free                                                   71042
  os_unfair_lock_assert_owner                                   73332
  szone_try_free_default                                        76373
  __close_nocancel                                              78042
  dyld3::kdebug_trace_dyld_duration_end(unsigned long long, unsigned int, dyld3::kt_arg, dyld3::kt_arg, dyld3::kt_arg)            81541
  rack_get_thread_index                                         84585
  invocation function for block in dyld3::MachOFile::getDylibInstallName(char const**, unsigned int*, unsigned int*) const            86457
  property_hash                                                 86957
  dyld3::OverflowSafeArray<unsigned int, 4294967295ul>::verifySpace(unsigned long)            91043
  EVP_CIPHER_get_type                                           91083
  dyld4::Loader::contains(dyld4::RuntimeState&, void const*, void const**, unsigned long long*, unsigned char*) const            93833
  pthread_cond_signal                                          103624
  Diagnostics::assertNoError() const                           107170
  nanov2_size                                                  111876
  pthread_rwlock_init                                          114586
  __open_nocancel                                              121291
  pthread_rwlock_destroy                                       122874
  os_unfair_lock_unlock                                        126917
  Diagnostics::~Diagnostics()                                  144918
  Diagnostics::Diagnostics(bool)                               148130
  get_legacy_evp_names                                         162665
  ossl_ctype_check                                             169874
  os_unfair_lock_lock_with_options                             172541
  nanov2_pointer_size                                          193997
  EVP_MD_get_type                                              195792
  invocation function for block in dyld3::MachOFile::getEntry(unsigned long long&, bool&) const           195916
  free                                                         202287
  _Block_object_dispose                                        214295
  nanov2_allocate_from_block                                   224413
  OPENSSL_hexchar2int                                          237334
  ossl_sa_set                                                  248953
  trim_ws                                                      273002
  invocation function for block in dyld4::JustInTimeLoader::contains(dyld4::RuntimeState&, void const*, void const**, unsigned lo           289793
  BUF_MEM_new                                                  300510
  names_free                                                   313248
  OBJ_get0_data                                                330555
  OPENSSL_LH_flush                                             332874
  strncmp                                                      332877
  OPENSSL_LH_doall                                             334209
  OSSL_PARAM_set_uint                                          339906
  ossl_provider_ctx                                            343205
  EVP_CIPHER_get_nid                                           363964
  ossl_lib_ctx_unlock                                          375041
  conf_value_cmp                                               376337
  OSSL_PARAM_locate_const                                      397414
  invocation function for block in dyld3::MachOLoaded::findClosestSymbol(unsigned long long, char const**, unsigned long long*) c           404915
  ossl_lib_ctx_read_lock                                       421875
  OPENSSL_LH_set_thunks                                        430078
  ossl_cipher_generic_gettable_ctx_params                      445373
  property_defn_cmp                                            447171
  evp_cipher_up_ref                                            455755
  property_defn_hash                                           466168
  value_free_hash                                              470909
  function_hash                                                480000
  CRYPTO_realloc                                               483416
  BN_free                                                      483880
  ossl_provider_free                                           491872
  ossl_provider_up_ref                                         492330
  OSSL_PARAM_set_uint32                                        503748
  eat_alpha_numeric                                            506958
  ossl_sa_get                                                  511246
  ASN1_OBJECT_free                                             511576
  sa_free_node                                                 547114
  OSSL_PARAM_construct_end                                     549874
  EVP_CIPHER_get0_provider                                     560370
  OSSL_PARAM_construct_uint                                    569661
  evp_cipher_free                                              574331
  do_all_fn                                                    589251
  EVP_CIPHER_free                                              639706
  ossl_provider_libctx                                         798921
  invocation function for block in dyld3::MachOLoaded::getLinkEditLoadCommands(Diagnostics&, dyld3::MachOLoaded::LinkEditInfo&) c           826457
  _platform_strncmp                                            858125
  internal_free_nop                                            861780
  name_string_free                                             898445
  OPENSSL_LH_error                                             918943
  invocation function for block in dyld3::MachOFile::forEachSegment(void (dyld3::MachOFile::SegmentInfo const&, bool&) block_poin          1096206
  BUF_MEM_grow                                                1112008
  OSSL_PARAM_set_size_t                                       1125047
  pthread_getspecific                                         1158916
  sk_reserve                                                  1165497
  _os_once                                                    1223589
  CRYPTO_THREAD_get_local                                     1283210
  _platform_memchr                                            1333920
  ossl_rcu_assign_uptr                                        1423426
  names_lh_free_doall                                         1516939
  OSSL_PARAM_set_uint64                                       1520085
  ossl_lib_ctx_get_data                                       1603420
  OSSL_PARAM_set_int                                          1605800
  pthread_mutex_lock                                          1713947
  _platform_strchr                                            1743585
  OSSL_PARAM_construct_size_t                                 1807079
  pthread_mutex_unlock                                        1821874
  _nanov2_free                                                1912038
  _pthread_mutex_lock_init_slow                               1968296
  OPENSSL_sk_push                                             1973510
  OPENSSL_sk_num                                              1994369
  _pthread_mutex_unlock_init_slow                             2086329
  _pthread_mutex_firstfit_lock_slow                           2186549
  _pthread_mutex_firstfit_unlock_slow                         2277451
  OPENSSL_sk_value                                            2318975
  OSSL_PARAM_set_int32                                        2450447
  obj_name_cmp                                                2495449
  OPENSSL_LH_strhash                                          2690419
  OSSL_PARAM_construct_int                                    2757874
  _platform_memcmp                                            2765583
  pthread_once                                                3037471
  OBJ_nid2obj                                                 3168569
  CRYPTO_atomic_load                                          3315926
  pthread_rwlock_rdlock                                       3334701
  SortFnByName                                                3372390
  ossl_lh_strcasehash                                         3664406
  __error                                                     3697043
  cipher_compare                                              3981587
  ossl_isdigit                                                4015707
  fnv1a_hash                                                  4439047
  _platform_memmove                                           6474915
  pthread_rwlock_wrlock                                       6686639
  pthread_rwlock_unlock                                       9973798
  err_string_data_cmp                                        10776782
  CRYPTO_free                                                12218835
  malloc                                                     13285090
  doapr_outch                                                15192377
  err_string_data_hash                                       16468855
  nanov2_malloc                                              18462160
  _platform_strlen                                           23172017
  _platform_memset                                           25439382
  nanov2_try_free_default                                    25907201
  _platform_strcmp                                           27975967
  ossl_tolower                                               60074140
