
  EVP_md5                                                        1625
  pd_free                                                        1791
  UI_OpenSSL                                                     1834
  sigaction                                                      1875
  EVP_sha224                                                     1917
  EVP_rc4_40                                                     2000
  EVP_mdc2                                                       2041
  EVP_sm4_cbc                                                    2041
  EVP_sha1                                                       2042
  EVP_bf_cbc                                                     2083
  EVP_des_ecb                                                    2083
  EVP_bf_ofb                                                     2125
  EVP_des_ede                                                    2125
  EVP_seed_cbc                                                   2166
  EVP_sm4_ctr                                                    2166
  EVP_rc4                                                        2167
  EVP_sha512                                                     2167
  UI_null                                                        2167
  EVP_sha3_224                                                   2208
  EVP_sm4_ofb                                                    2208
  opt_unknown                                                    2208
  EVP_md4                                                        2209
  EVP_des_cfb8                                                   2250
  EVP_des_ofb                                                    2250
  EVP_rc2_ofb                                                    2250
  EVP_sm4_ecb                                                    2250
  EVP_shake128                                                   2291
  EVP_cast5_ofb                                                  2333
  EVP_ripemd160                                                  2334
  EVP_sha384                                                     2334
  _cleanup                                                       2334
  EVP_des_ede3                                                   2375
  EVP_idea_ofb                                                   2375
  EVP_md5_sha1                                                   2375
  EVP_rc2_cbc                                                    2375
  EVP_rc2_cfb64                                                  2375
  EVP_seed_ofb                                                   2375
  app_get0_propq                                                 2375
  EVP_des_cbc                                                    2416
  EVP_sha512_224                                                 2416
  strchr                                                         2416
  EVP_des_cfb1                                                   2417
  EVP_idea_ecb                                                   2458
  EVP_chacha20                                                   2459
  EVP_bf_cfb64                                                   2500
  EVP_bf_ecb                                                     2500
  EVP_cast5_cbc                                                  2500
  EVP_rc2_64_cbc                                                 2500
  EVP_sha3_512                                                   2500
  EVP_sha512_256                                                 2500
  EVP_sm3                                                        2500
  EVP_aes_192_gcm                                                2541
  EVP_aes_256_cfb1                                               2542
  EVP_sha3_384                                                   2542
  EVP_aes_128_ctr                                                2583
  EVP_aes_256_gcm                                                2583
  EVP_blake2s256                                                 2583
  opt_next                                                       2583
  EVP_aes_256_ofb                                                2584
  EVP_aes_256_xts                                                2584
  COMP_get_type                                                  2625
  EVP_aes_192_cbc                                                2625
  EVP_aes_256_cbc                                                2625
  EVP_aes_256_ctr                                                2625
  EVP_idea_cbc                                                   2625
  EVP_shake256                                                   2625
  release_engine                                                 2625
  EVP_aes_128_cbc                                                2666
  EVP_aria_256_ctr                                               2666
  EVP_aes_192_ofb                                                2667
  EVP_aes_256_cfb8                                               2667
  EVP_aria_192_gcm                                               2667
  EVP_aria_256_gcm                                               2667
  EVP_des_ede_ofb                                                2667
  EVP_seed_ecb                                                   2667
  vm_deallocate                                                  2667
  EVP_aes_128_ofb                                                2708
  EVP_aes_192_cfb1                                               2708
  EVP_aes_192_ocb                                                2708
  EVP_aes_256_ocb                                                2708
  EVP_aes_256_wrap                                               2708
  EVP_aria_192_ctr                                               2708
  EVP_aria_256_ccm                                               2708
  EVP_cast5_cfb64                                                2708
  EVP_desx_cbc                                                   2708
  EVP_sha3_256                                                   2708
  EVP_sm4_cfb128                                                 2708
  ENGINE_set_name                                                2709
  EVP_aes_192_ecb                                                2709
  EVP_aria_192_cbc                                               2709
  EVP_des_ede3_ofb                                               2709
  EVP_aes_192_ccm                                                2750
  EVP_aria_128_ecb                                               2750
  EVP_aria_256_ofb                                               2750
  EVP_aes_128_cfb1                                               2791
  EVP_aria_256_cbc                                               2791
  EVP_aria_256_cfb1                                              2791
  EVP_rc2_ecb                                                    2791
  NCONF_default                                                  2791
  EVP_aes_128_ccm                                                2792
  EVP_aes_192_ctr                                                2792
  EVP_aria_192_ofb                                               2792
  EVP_des_ede_cbc                                                2792
  def_to_int                                                     2792
  signal                                                         2792
  EVP_aes_128_xts                                                2833
  EVP_aria_192_cfb8                                              2833
  EVP_rc2_40_cbc                                                 2833
  ossl_trace_cleanup                                             2833
  EVP_MD_free                                                    2834
  EVP_aes_256_ecb                                                2834
  EVP_aria_192_cfb1                                              2834
  ENGINE_set_id                                                  2875
  EVP_aes_192_cfb8                                               2875
  EVP_aria_192_ecb                                               2875
  EVP_aria_256_ecb                                               2875
  EVP_blake2b512                                                 2875
  EVP_cast5_ecb                                                  2875
  strrchr                                                        2875
  BIO_f_cipher                                                   2916
  COMP_zlib                                                      2916
  EVP_aes_128_cfb8                                               2916
  EVP_aria_128_ofb                                               2916
  EVP_aria_192_ccm                                               2916
  EVP_aes_192_wrap                                               2917
  EVP_des_ede3_cbc                                               2917
  lh_FUNCTION_free                                               2917
  EVP_des_cfb64                                                  2958
  EVP_aria_128_cbc                                               2959
  EVP_seed_cfb128                                                2959
  EVP_whirlpool                                                  2959
  OBJ_obj2txt                                                    2959
  EVP_aes_128_wrap                                               3000
  EVP_aes_192_cfb128                                             3000
  EVP_aes_256_ccm                                                3000
  EVP_aria_128_cfb1                                              3000
  EVP_aria_128_cfb8                                              3000
  EVP_aria_256_cfb8                                              3000
  query_hash                                                     3000
  EVP_aria_128_ccm                                               3042
  EVP_aria_128_ctr                                               3042
  EVP_rc4_hmac_md5                                               3042
  EVP_aes_128_ocb                                                3083
  EVP_des_ede3_wrap                                              3083
  EVP_des_ede_cfb64                                              3083
  OSSL_LIB_CTX_get_data                                          3083
  function_cmp                                                   3083
  EVP_aria_128_cfb128                                            3125
  EVP_aria_192_cfb128                                            3125
  EVP_aria_256_cfb128                                            3125
  EVP_camellia_256_ofb                                           3125
  __cxa_finalize                                                 3125
  EVP_aes_128_gcm                                                3166
  EVP_camellia_192_cbc                                           3166
  UI_method_set_writer                                           3167
  EVP_camellia_128_ofb                                           3208
  EVP_des_ede3_cfb1                                              3208
  EVP_idea_cfb64                                                 3208
  EVP_aes_256_wrap_pad                                           3209
  EVP_camellia_192_ctr                                           3209
  EVP_aes_128_ecb                                                3250
  EVP_aes_256_cfb128                                             3250
  EVP_camellia_128_ctr                                           3250
  EVP_camellia_192_ofb                                           3250
  EVP_chacha20_poly1305                                          3250
  getrlimit                                                      3250
  property_cmp                                                   3250
  EVP_camellia_256_cbc                                           3292
  EVP_camellia_256_ctr                                           3292
  UI_method_set_reader                                           3292
  def_init_default                                               3292
  EVP_aes_128_wrap_pad                                           3333
  EVP_aes_192_wrap_pad                                           3333
  EVP_camellia_256_cfb1                                          3333
  EVP_des_ede3_cfb8                                              3333
  UI_method_set_closer                                           3333
  EVP_aes_128_cfb128                                             3334
  EVP_aria_128_gcm                                               3334
  ossl_store_cleanup_int                                         3334
  EVP_camellia_128_cfb1                                          3375
  EVP_camellia_192_cfb8                                          3375
  EVP_camellia_128_cbc                                           3416
  EVP_camellia_256_cfb8                                          3458
  OSSL_PARAM_modified                                            3458
  ENGINE_set_flags                                               3459
  EVP_camellia_256_ecb                                           3459
  opt_set_unknown_name                                           3459
  UI_method_set_opener                                           3500
  bio_sock_cleanup_int                                           3500
  ossl_comp_zstd_cleanup                                         3500
  OSSL_STORE_register_loader                                     3541
  ossl_prov_ctx_free                                             3541
  EVP_CIPHER_get_flags                                           3542
  EVP_camellia_128_cfb8                                          3542
  __smakebuf                                                     3542
  EVP_add_alg_module                                             3625
  EVP_des_ede3_cfb64                                             3625
  EVP_camellia_192_cfb1                                          3666
  ASN1_add_stable_module                                         3667
  EVP_camellia_192_ecb                                           3667
  engine_load_rdrand_int                                         3667
  evp_app_cleanup_int                                            3667
  store_loader_cmp                                               3667
  init_thread_stop                                               3708
  ossl_comp_brotli_cleanup                                       3709
  pthread_self                                                   3709
  EVP_camellia_128_cfb128                                        3750
  free_medium                                                    3750
  ERR_print_errors                                               3791
  ossl_lib_ctx_write_lock                                        3791
  ossl_prov_ctx_new                                              3791
  BIO_meth_set_puts                                              3792
  EVP_camellia_256_cfb128                                        3792
  BIO_meth_set_ctrl                                              3833
  BIO_meth_set_gets                                              3833
  ossl_comp_zlib_cleanup                                         3833
  EVP_camellia_192_cfb128                                        3834
  opt_check_rest_arg                                             3834
  ossl_prov_ctx_set0_handle                                      3875
  NCONF_get0_libctx                                              3916
  ASN1_add_oid_module                                            3917
  EVP_camellia_128_ecb                                           3917
  ENGINE_set_cmd_defns                                           3958
  ERR_get_error_all                                              3958
  EVP_CipherUpdate                                               3959
  app_RAND_write                                                 4000
  ossl_config_add_ssl_module                                     4000
  BIO_meth_set_create                                            4041
  EVP_CipherFinal_ex                                             4042
  OSSL_ERR_STATE_new                                             4042
  dyld4::APIs::_tlv_exit()                                       4083
  core_get_libctx                                                4084
  BIO_meth_set_destroy                                           4125
  EVP_CIPHER_fetch                                               4166
  __getrlimit                                                    4167
  ossl_child_prov_ctx_new                                        4167
  ossl_prov_ctx_set0_libctx                                      4208
  ENGINE_add_conf_module                                         4250
  OSSL_LIB_CTX_free                                              4250
  lsl::Lock::unlock()                                            4250
  CRYPTO_THREAD_get_current_id                                   4292
  EVP_PKEY_asn1_get_count                                        4292
  __sigaction                                                    4292
  CONF_imodule_get_value                                         4333
  EVP_CIPHER_get_iv_length                                       4333
  OSSL_STORE_unregister_loader                                   4375
  aes_256_ctr_get_params                                         4375
  null_gettable_ctx_params                                       4375
  ossl_method_lock_store                                         4375
  ossl_method_unlock_store                                       4375
  ossl_prov_ctx_get0_libctx                                      4375
  ENGINE_set_ctrl_function                                       4417
  OSSL_CMP_log_close                                             4458
  aes_128_ofb_get_params                                         4458
  ossl_stored_namemap_free                                       4458
  ENGINE_set_init_function                                       4459
  chacha20_get_params                                            4459
  ossl_bio_core_globals_new                                      4459
  BIO_meth_set_read_ex                                           4500
  OPENSSL_cpuid_setup                                            4500
  aes_128_xts_get_params                                         4500
  aes_192_ecb_get_params                                         4500
  aria_192_cfb8_get_params                                       4500
  ossl_cipher_generic_reset_ctx                                  4500
  OSSL_STORE_LOADER_set_eof                                      4542
  aes_192_gcm_get_params                                         4542
  EVP_aes_256_cbc_hmac_sha1                                      4583
  aria_192_ofb_get_params                                        4583
  aria_256_cfb1_get_params                                       4583
  pthread_cond_destroy                                           4583
  aes_192_ctr_get_params                                         4584
  aes_192_ofb_get_params                                         4584
  aes_v8_ctr32_encrypt_blocks                                    4584
  BIO_meth_set_write_ex                                          4625
  aes_192_cfb_get_params                                         4625
  aria_256_cfb_get_params                                        4625
  ossl_random_add_conf_module                                    4625
  sm4_128_cbc_get_params                                         4625
  tiny_free_no_lock                                              4625
  tiny_try_realloc_in_place                                      4625
  ENGINE_set_finish_function                                     4666
  aes_128_ctr_get_params                                         4666
  ossl_lib_ctx_is_default                                        4666
  UI_method_set_prompt_constructor                               4667
  aes_192_cbc_get_params                                         4667
  aes_192_siv_get_params                                         4667
  aes_256_cbc_get_params                                         4667
  aes_256_siv_get_params                                         4667
  aria_256_ctr_get_params                                        4667
  aes_192_cfb8_get_params                                        4708
  aes_192_ocb_get_params                                         4708
  aes_v8_set_encrypt_key                                         4708
  aria_128_cfb_get_params                                        4708
  aria_192_cfb1_get_params                                       4708
  chacha20_gettable_ctx_params                                   4708
  aes_128_cbc_get_params                                         4709
  aria_192_ecb_get_params                                        4709
  def_is_number                                                  4709
  OSSL_STORE_LOADER_set_error                                    4750
  OSSL_STORE_LOADER_set_load                                     4750
  aes_192_wrapinv_get_params                                     4750
  aes_256_cfb_get_params                                         4750
  aes_256_gcm_get_params                                         4750
  aria_128_ccm_get_params                                        4750
  aria_128_ofb_get_params                                        4750
  aria_192_cbc_get_params                                        4750
  aria_192_ctr_get_params                                        4750
  aria_256_ofb_get_params                                        4750
  ossl_bio_core_globals_free                                     4750
  aria_192_gcm_get_params                                        4791
  OSSL_STORE_LOADER_set_close                                    4792
  OSSL_STORE_LOADER_set_open                                     4792
  aes_256_ccm_get_params                                         4792
  sm4_128_cfb128_get_params                                      4792
  sm4_128_gcm_get_params                                         4792
  tdes_ede3_cbc_get_params                                       4792
  EVP_aes_256_cbc_hmac_sha256                                    4833
  aes_128_ccm_get_params                                         4833
  aes_128_cfb1_get_params                                        4833
  aes_cts_192_cbc_get_params                                     4833
  aria_128_cfb8_get_params                                       4833
  aria_128_gcm_get_params                                        4833
  sm4_128_ctr_get_params                                         4833
  tdes_wrap_get_params                                           4833
  aes_128_ocb_get_params                                         4834
  aria_128_cfb1_get_params                                       4834
  aria_128_ctr_get_params                                        4834
  ossl_ctx_global_properties_new                                 4834
  EVP_sha256                                                     4875
  aes_128_ecb_get_params                                         4875
  aes_192_wrappad_get_params                                     4875
  aes_256_cfb8_get_params                                        4875
  aes_256_ofb_get_params                                         4875
  aes_cts_128_cbc_get_params                                     4875
  ossl_provider_add_conf_module                                  4875
  ossl_rand_cleanup_int                                          4875
  sm4_128_ofb128_get_params                                      4875
  tdes_ede2_cbc_get_params                                       4875
  tdes_ede2_ofb_get_params                                       4875
  tdes_ede3_cfb8_get_params                                      4875
  tdes_ede3_cfb_get_params                                       4875
  tdes_ede3_ofb_get_params                                       4875
  OSSL_trace_set_channel                                         4916
  aes_192_wrap_get_params                                        4916
  camellia_256_cbc_get_params                                    4916
  sm4_128_ccm_get_params                                         4916
  aes_192_cfb1_get_params                                        4917
  aes_256_xts_get_params                                         4917
  aria_128_cbc_get_params                                        4917
  tdes_ede2_ecb_get_params                                       4917
  BIO_free                                                       4918
  aes_128_cfb_get_params                                         4958
  aes_256_cfb1_get_params                                        4958
  aria_128_ecb_get_params                                        4958
  aria_192_ccm_get_params                                        4958
  aria_192_cfb_get_params                                        4958
  ossl_prov_ctx_set0_core_bio_method                             4958
  sm4_128_xts_get_params                                         4958
  ENGINE_load_builtin_engines                                    4959
  aes_128_siv_get_params                                         4959
  aes_128_cfb8_get_params                                        5000
  aes_128_gcm_get_params                                         5000
  aria_256_cbc_get_params                                        5000
  aria_256_cfb8_get_params                                       5000
  camellia_128_ecb_get_params                                    5000
  engine_pkey_meths_free                                         5000
  ossl_indicator_set_callback_new                                5000
  sm4_128_ecb_get_params                                         5000
  aes_256_ecb_get_params                                         5041
  aes_256_wrappad_get_params                                     5041
  aria_256_gcm_get_params                                        5041
  Diagnostics::clearError()                                      5042
  EVP_aes_128_cbc_hmac_sha256                                    5042
  OSSL_STORE_LOADER_free                                         5042
  OSSL_STORE_LOADER_set_expect                                   5042
  aes_128_wrappad_get_params                                     5042
  aes_192_ccm_get_params                                         5042
  aria_256_ccm_get_params                                        5042
  tdes_ede3_cfb1_get_params                                      5042
  camellia_192_cbc_get_params                                    5083
  camellia_192_ctr_get_params                                    5083
  ossl_store_register_init                                       5083
  tdes_ede2_cfb_get_params                                       5083
  ossl_prov_cipher_hw_aes_ctr                                    5084
  aes_256_ocb_get_params                                         5125
  camellia_192_ofb_get_params                                    5166
  ossl_property_has_optional                                     5166
  aes_128_wrappadinv_get_params                                  5167
  aes_256_wrappadinv_get_params                                  5167
  aria_256_ecb_get_params                                        5167
  camellia_192_ecb_get_params                                    5167
  aes_128_wrap_get_params                                        5208
  camellia_128_cfb_get_params                                    5208
  tiny_malloc_from_free_list                                     5208
  camellia_256_ctr_get_params                                    5209
  camellia_256_ofb_get_params                                    5209
  ossl_self_test_set_callback_new                                5209
  aes_128_wrapinv_get_params                                     5250
  aes_256_wrapinv_get_params                                     5250
  camellia_128_cbc_get_params                                    5250
  camellia_128_cfb1_get_params                                   5250
  camellia_256_cfb1_get_params                                   5250
  close                                                          5250
  ossl_init_thread_deregister                                    5250
  camellia_256_ecb_get_params                                    5291
  aes_192_wrappadinv_get_params                                  5292
  aes_cts_256_cbc_get_params                                     5292
  camellia_192_cfb_get_params                                    5292
  ossl_self_test_set_callback_free                               5292
  memset                                                         5293
  EVP_CIPHER_get_key_length                                      5333
  camellia_192_cfb1_get_params                                   5333
  aes_256_wrap_get_params                                        5375
  camellia_128_ctr_get_params                                    5375
  camellia_192_cfb8_get_params                                   5375
  camellia_256_cfb_get_params                                    5375
  ossl_indicator_set_callback_free                               5375
  ossl_property_match_count                                      5375
  engine_remove_dynamic_id                                       5416
  medium_region_for_ptr_no_lock                                  5416
  camellia_128_ofb_get_params                                    5417
  camellia_256_cfb8_get_params                                   5417
  OSSL_PARAM_get_int                                             5458
  camellia_128_cfb8_get_params                                   5458
  engine_pkey_asn1_meths_free                                    5458
  getegid                                                        5542
  ossl_free_compression_methods_int                              5583
  ENGINE_get_cipher_engine                                       5625
  camellia_cts_192_cbc_get_params                                5625
  tdes_ede3_ecb_get_params                                       5625
  ossl_provider_unquery_operation                                5708
  chacha20_poly1305_get_params                                   5750
  OPENSSL_sk_sort                                                5791
  geteuid                                                        5792
  opt_arg                                                        5832
  camellia_cts_128_cbc_get_params                                5833
  camellia_cts_256_cbc_get_params                                5875
  EVP_CIPHER_CTX_get_block_size                                  5916
  OSSL_LIB_CTX_set_conf_diagnostics                              5917
  chacha20_poly1305_gettable_ctx_params                          5917
  ossl_aes_128_gcm_siv_get_params                                5917
  ossl_aes_192_gcm_siv_get_params                                5917
  ossl_aes_256_gcm_siv_get_params                                5917
  medium_malloc_from_free_list                                   6041
  ossl_prov_ctx_get0_core_bio_method                             6041
  getuid                                                         6125
  BIO_set_data                                                   6208
  app_get0_libctx                                                6291
  ossl_prov_seeding_from_dispatch                                6334
  ossl_prov_bio_from_dispatch                                    6375
  getgid                                                         6459
  dyld3::kdebug_trace_dyld_enabled(unsigned int)                 6542
  EVP_CIPHER_get_mode                                            6667
  dyld4::Loader::hiddenFromFlat(bool) const                      6750
  dyld4::RuntimeState::notifyObjCPatching()                      6750
  EVP_RAND_CTX_free                                              6792
  OSSL_PARAM_get_int32                                           6792
  __fcntl                                                        6833
  lsl::Lock::lock()                                              6833
  EVP_aes_128_cbc_hmac_sha1                                      6917
  free_small                                                     6918
  _kernelrpc_mach_port_deallocate_trap                           7042
  dyld4::BumpAllocator::~BumpAllocator()                         7125
  _platform_strnlen                                              7250
  BIO_next                                                       7291
  dyld4::handleFromLoader(dyld4::Loader const*, bool)             7375
  store_loader_hash                                              7375
  bio_open_default                                               7542
  ENGINE_register_DH                                             7583
  ENGINE_register_EC                                             7584
  EVP_CipherInit_ex                                              7625
  dyld4::JustInTimeLoader::hiddenFromFlat(bool) const             7750
  _kernelrpc_mach_port_construct_trap                            8000
  err_unshelve_state                                             8041
  OPENSSL_sk_pop                                                 8042
  lsl::EphemeralAllocator::reset()                               8042
  ENGINE_register_DSA                                            8083
  ENGINE_register_RSA                                            8125
  ENGINE_register_RAND                                           8167
  X509_get_default_cert_area                                     8167
  file_ctrl                                                      8208
  openssl_fopen                                                  8249
  dyld4::Loader::beginInitializers(dyld4::RuntimeState&)             8291
  __sclose                                                       8292
  flsl                                                           8333
  ossl_lib_ctx_get_concrete                                      8334
  BIO_copy_next_retry                                            8500
  ossl_sa_new                                                    8584
  dyld4::RuntimeState::incDlRefCount(dyld4::Loader const*)             9000
  __sflags                                                       9083
  ENGINE_register_digests                                        9084
  lsl::Vector<dyld4::Loader const*>::reserveExact(unsigned long)             9166
  ENGINE_register_ciphers                                        9209
  BIO_set_init                                                   9375
  strlen                                                         9582
  ossl_cipher_generic_einit                                      9668
  ossl_property_free                                             9709
  ENGINE_register_pkey_meths                                     9834
  dyld4::JustInTimeLoader::beginInitializers(dyld4::RuntimeState&)             9834
  BIO_set_flags                                                  9875
  DSO_METHOD_openssl                                             9917
  OSSL_LIB_CTX_get_conf_diagnostics                             10291
  ossl_cipher_generic_set_ctx_params                            10375
  CRYPTO_atomic_or                                              10458
  ENGINE_register_pkey_asn1_meths                               10666
  lsl::Vector<lsl::MemoryManager::Buffer>::reserve(unsigned long)            10708
  ossl_lib_ctx_get_rcukey                                       11084
  engine_free_util                                              11332
  ossl_lib_ctx_get_ex_data_global                               11501
  NCONF_get_section                                             11624
  ossl_sa_doall_arg                                             11999
  deflt_query                                                   12000
  dyld4::RuntimeState::doSingletonPatching(dyld4::DyldCacheDataConstLazyScopedWriter&)            12000
  OPENSSL_cleanse                                               12291
  aes_siv_gettable_ctx_params                                   12333
  ossl_property_value                                           12458
  rack_region_insert                                            12708
  ossl_cipher_capable_aes_cbc_hmac_sha1                         13000
  ossl_cipher_capable_aes_cbc_hmac_sha256                       13083
  EVP_add_cipher                                                13251
  __bzero                                                       13708
  dyld4::Loader::loadDependents(Diagnostics&, dyld4::RuntimeState&, dyld4::Loader::LoadOptions const&)            13917
  aes_cbc_cts_gettable_ctx_params                               14167
  BIO_clear_flags                                               14208
  cipher_ocb_gettable_ctx_params                                14291
  lsl::EphemeralAllocator::~EphemeralAllocator()                14293
  dyld4::Loader::path() const                                   14583
  _NSGetEnviron                                                 14960
  sa_doall                                                      15166
  BIO_get_data                                                  15334
  dyld4::JustInTimeLoader::loadDependents(Diagnostics&, dyld4::RuntimeState&, dyld4::Loader::LoadOptions const&)            15500
  CRYPTO_atomic_add                                             15750
  dyld4::DyldCacheDataConstLazyScopedWriter::DyldCacheDataConstLazyScopedWriter(dyld4::RuntimeState&)            15833
  ossl_aes_gcm_siv_gettable_ctx_params                          15957
  camellia_cbc_cts_gettable_ctx_params                          15999
  DSO_free                                                      16083
  dyld3::MachOFile::is64() const                                16125
  __sflush                                                      16208
  os_unfair_recursive_lock_unlock                               16418
  file_new                                                      16459
  file_free                                                     16499
  _kernelrpc_mach_port_destruct_trap                            16625
  fstat                                                         16708
  ossl_prov_is_running                                          17460
  invocation function for block in dyld4::Loader::forEachPath(Diagnostics&, dyld4::RuntimeState&, char const*, dyld4::Loader::Loa            17709
  FMT_istext                                                    18043
  dyld4::JustInTimeLoader::path() const                         18417
  CRYPTO_THREAD_lock_free                                       18541
  kdebug_is_enabled                                             18584
  BIO_new                                                       18748
  pthread_mutex_destroy                                         18834
  pthread_cond_init                                             18958
  OPENSSL_LH_get_down_load                                      20542
  __chkstk_darwin_probe                                         20832
  dyld4::LibSystemHelpers::pthread_getspecific(unsigned long) const            20916
  os_unfair_recursive_lock_lock_with_options                    21083
  dyld4::Loader::matchesPath(char const*) const                 21167
  property_free                                                 21542
  ___chkstk_darwin                                              21751
  os_unfair_lock_assert_not_owner                               21834
  _kernelrpc_mach_vm_deallocate_trap                            21875
  small_try_realloc_in_place                                    22083
  small_size                                                    22624
  lsl::EphemeralAllocator::deallocate_buffer(lsl::MemoryManager::Buffer)            22833
  mach_msg2_trap                                                23291
  dyld4::ProcessConfig::DyldCache::indexOfPath(char const*, unsigned int&) const            23750
  pthread_mutex_init                                            25167
  dyld4::Loader::loadAddress(dyld4::RuntimeState&) const            25584
  ossl_property_name                                            26167
  dyld3::ScopedTimer::endTimer()                                26584
  lsl::MemoryManager::lockGuard()                               26875
  __findenv_locked                                              27334
  OPENSSL_strnlen                                               28041
  OPENSSL_sk_delete                                             29208
  dyld4::JustInTimeLoader::loadAddress(dyld4::RuntimeState&) const            29583
  small_free_list_find_by_ptr                                   31291
  tiny_free_list_remove_ptr                                     32459
  lsl::AllocationMetadata::AllocationMetadata(lsl::Allocator*, unsigned long)            33833
  _kernelrpc_mach_vm_map_trap                                   34625
  _pthread_mutex_check_init_slow                                34833
  CRYPTO_new_ex_data                                            35211
  OPENSSL_LH_set_down_load                                      35960
  small_free_list_remove_ptr                                    36542
  dyld4::LibSystemHelpers::os_unfair_recursive_lock_unlock(os_unfair_recursive_lock_s*) const            38250
  szone_good_size                                               38710
  __read_nocancel                                               40417
  OPENSSL_sk_free                                               41001
  dyld4::LibSystemHelpers::os_unfair_lock_unlock(os_unfair_lock_s*) const            41083
  ossl_rcu_write_lock                                           42625
  small_free_list_remove_ptr_no_clear                           42625
  __open                                                        42833
  EVP_PKEY_asn1_get0                                            43748
  Diagnostics::noError() const                                  44377
  small_free_list_add_ptr                                       45917
  ossl_rcu_write_unlock                                         46540
  pthread_setspecific                                           47500
  ossl_tdes_gettable_ctx_params                                 47626
  small_malloc_from_free_list                                   50374
  dyld4::RuntimeState::PermanentRanges::contains(unsigned long, unsigned long, unsigned char*, dyld4::Loader const**) const            51334
  dyld3::MachOFile::read_uleb128(Diagnostics&, unsigned char const*&, unsigned char const*)            51999
  _tiny_check_and_zero_inline_meta_from_freelist                53000
  dyld4::LibSystemHelpers::os_unfair_recursive_lock_lock_with_options(os_unfair_recursive_lock_s*, os_unfair_lock_options_t) cons            53417
  Diagnostics::hasError() const                                 53501
  EVP_PKEY_asn1_get0_info                                       54834
  szone_malloc                                                  56334
  pthread_cond_broadcast                                        56874
  get_tiny_previous_free_msize                                  57290
  tiny_size                                                     58417
  __write_nocancel                                              58916
  madvise                                                       59043
  dyld4::LibSystemHelpers::os_unfair_lock_lock_with_options(os_unfair_lock_s*, os_unfair_lock_options_t) const            59625
  tiny_free_list_add_ptr                                        61749
  realloc                                                       62669
  set_tiny_meta_header_in_use                                   64335
  _qsort                                                        64419
  lsl::EphemeralAllocator::allocate_buffer(unsigned long, unsigned long, unsigned long)            65874
  strcmp                                                        70416
  _szone_free                                                   72834
  ossl_cipher_aead_gettable_ctx_params                          73667
  OPENSSL_sk_pop_free                                           73834
  szone_try_free_default                                        79748
  __close_nocancel                                              80375
  invocation function for block in dyld3::MachOFile::getDylibInstallName(char const**, unsigned int*, unsigned int*) const            80917
  dyld3::kdebug_trace_dyld_duration_end(unsigned long long, unsigned int, dyld3::kt_arg, dyld3::kt_arg, dyld3::kt_arg)            81250
  os_unfair_lock_assert_owner                                   81749
  property_hash                                                 83584
  rack_get_thread_index                                         84208
  EVP_CIPHER_get_type                                           90667
  dyld4::Loader::contains(dyld4::RuntimeState&, void const*, void const**, unsigned long long*, unsigned char*) const            97502
  pthread_cond_signal                                          105958
  Diagnostics::assertNoError() const                           110580
  dyld3::OverflowSafeArray<unsigned int, 4294967295ul>::verifySpace(unsigned long)           112709
  pthread_rwlock_init                                          112961
  nanov2_size                                                  113829
  pthread_rwlock_destroy                                       128747
  os_unfair_lock_unlock                                        132793
  __open_nocancel                                              140460
  Diagnostics::~Diagnostics()                                  141292
  Diagnostics::Diagnostics(bool)                               147585
  get_legacy_evp_names                                         159458
  ossl_ctype_check                                             172462
  os_unfair_lock_lock_with_options                             176495
  invocation function for block in dyld3::MachOFile::getEntry(unsigned long long&, bool&) const           187418
  nanov2_pointer_size                                          193460
  EVP_MD_get_type                                              200501
  free                                                         210458
  _Block_object_dispose                                        211498
  nanov2_allocate_from_block                                   215336
  OPENSSL_hexchar2int                                          243122
  ossl_sa_set                                                  257088
  trim_ws                                                      276335
  strncmp                                                      294743
  invocation function for block in dyld4::JustInTimeLoader::contains(dyld4::RuntimeState&, void const*, void const**, unsigned lo           301000
  BUF_MEM_new                                                  303087
  names_free                                                   322667
  OBJ_get0_data                                                330757
  OPENSSL_LH_flush                                             342576
  OSSL_PARAM_set_uint                                          351455
  ossl_provider_ctx                                            352375
  conf_value_cmp                                               371925
  EVP_CIPHER_get_nid                                           377536
  ossl_lib_ctx_unlock                                          390704
  invocation function for block in dyld3::MachOLoaded::findClosestSymbol(unsigned long long, char const**, unsigned long long*) c           398334
  OPENSSL_LH_doall                                             402922
  OSSL_PARAM_locate_const                                      410962
  ossl_lib_ctx_read_lock                                       436924
  OPENSSL_LH_set_thunks                                        442086
  property_defn_cmp                                            453706
  ossl_cipher_generic_gettable_ctx_params                      460756
  value_free_hash                                              470212
  evp_cipher_up_ref                                            470545
  function_hash                                                481127
  ossl_provider_free                                           481832
  property_defn_hash                                           482665
  BN_free                                                      484172
  CRYPTO_realloc                                               487623
  ASN1_OBJECT_free                                             508918
  eat_alpha_numeric                                            509290
  ossl_provider_up_ref                                         509295
  OSSL_PARAM_set_uint32                                        514581
  ossl_sa_get                                                  529957
  sa_free_node                                                 564786
  OSSL_PARAM_construct_end                                     566123
  EVP_CIPHER_get0_provider                                     577915
  OSSL_PARAM_construct_uint                                    586453
  evp_cipher_free                                              595366
  do_all_fn                                                    597415
  EVP_CIPHER_free                                              662876
  ossl_provider_libctx                                         825573
  invocation function for block in dyld3::MachOLoaded::getLinkEditLoadCommands(Diagnostics&, dyld3::MachOLoaded::LinkEditInfo&) c           833459
  _platform_strncmp                                            865876
  internal_free_nop                                            873872
  name_string_free                                             917212
  OPENSSL_LH_error                                             931624
  BUF_MEM_grow                                                1121711
  invocation function for block in dyld3::MachOFile::forEachSegment(void (dyld3::MachOFile::SegmentInfo const&, bool&) block_poin          1129834
  OSSL_PARAM_set_size_t                                       1151740
  sk_reserve                                                  1172413
  pthread_getspecific                                         1183591
  _os_once                                                    1219085
  CRYPTO_THREAD_get_local                                     1317081
  _platform_memchr                                            1348920
  ossl_rcu_assign_uptr                                        1443799
  OSSL_PARAM_set_uint64                                       1558266
  names_lh_free_doall                                         1570636
  ossl_lib_ctx_get_data                                       1648888
  OSSL_PARAM_set_int                                          1662454
  pthread_mutex_lock                                          1737090
  _platform_strchr                                            1781882
  pthread_mutex_unlock                                        1839874
  OSSL_PARAM_construct_size_t                                 1866045
  _nanov2_free                                                1903451
  _pthread_mutex_lock_init_slow                               1982425
  OPENSSL_sk_push                                             1995178
  OPENSSL_sk_num                                              2061497
  _pthread_mutex_unlock_init_slow                             2098089
  _pthread_mutex_firstfit_lock_slow                           2213586
  _pthread_mutex_firstfit_unlock_slow                         2295372
  OPENSSL_sk_value                                            2359338
  OSSL_PARAM_set_int32                                        2517739
  obj_name_cmp                                                2545741
  OPENSSL_LH_strhash                                          2714138
  _platform_memcmp                                            2799412
  OSSL_PARAM_construct_int                                    2827180
  pthread_once                                                3085185
  OBJ_nid2obj                                                 3156959
  CRYPTO_atomic_load                                          3351203
  SortFnByName                                                3354149
  pthread_rwlock_rdlock                                       3399270
  ossl_lh_strcasehash                                         3719356
  __error                                                     3763492
  cipher_compare                                              3949533
  ossl_isdigit                                                4051020
  fnv1a_hash                                                  4522106
  _platform_memmove                                           6654848
  pthread_rwlock_wrlock                                       6779220
  pthread_rwlock_unlock                                      10093838
  err_string_data_cmp                                        10890428
  CRYPTO_free                                                12578249
  malloc                                                     13455295
  doapr_outch                                                15323168
  err_string_data_hash                                       16644305
  nanov2_malloc                                              18701887
  _platform_strlen                                           23479589
  _platform_memset                                           25968656
  nanov2_try_free_default                                    26549109
  _platform_strcmp                                           28631889
  ossl_tolower                                               60789477
