
  sigaction                                                      1750
  EVP_md5                                                        1875
  UI_OpenSSL                                                     1916
  EVP_sha1                                                       2000
  pd_free                                                        2000
  EVP_bf_cbc                                                     2042
  EVP_rc4_40                                                     2042
  EVP_rc4                                                        2083
  EVP_des_cbc                                                    2125
  EVP_rc2_cbc                                                    2125
  EVP_bf_ofb                                                     2166
  EVP_des_ofb                                                    2166
  EVP_sha384                                                     2167
  EVP_idea_ofb                                                   2208
  UI_null                                                        2208
  EVP_idea_cbc                                                   2209
  EVP_mdc2                                                       2209
  EVP_sha224                                                     2209
  EVP_sha3_384                                                   2209
  _cleanup                                                       2209
  opt_unknown                                                    2209
  EVP_des_ecb                                                    2250
  EVP_sha512                                                     2250
  strchr                                                         2250
  EVP_seed_cbc                                                   2291
  EVP_cast5_ofb                                                  2292
  EVP_rc2_ofb                                                    2292
  EVP_seed_ofb                                                   2292
  EVP_sha3_512                                                   2292
  EVP_shake256                                                   2292
  EVP_des_cfb8                                                   2333
  EVP_des_ede                                                    2333
  EVP_ripemd160                                                  2333
  EVP_sm4_cbc                                                    2333
  EVP_sm4_ofb                                                    2333
  EVP_bf_cfb64                                                   2334
  EVP_bf_ecb                                                     2375
  EVP_cast5_cbc                                                  2375
  EVP_md4                                                        2375
  EVP_shake128                                                   2375
  EVP_rc2_ecb                                                    2416
  EVP_blake2s256                                                 2417
  EVP_sha512_256                                                 2417
  EVP_sm4_ctr                                                    2417
  EVP_idea_ecb                                                   2458
  EVP_seed_ecb                                                   2458
  COMP_get_type                                                  2500
  EVP_des_ede3                                                   2500
  EVP_md5_sha1                                                   2500
  EVP_sha3_224                                                   2500
  EVP_sm3                                                        2500
  EVP_sm4_ecb                                                    2500
  opt_next                                                       2500
  EVP_sha512_224                                                 2541
  release_engine                                                 2541
  EVP_aes_128_cbc                                                2542
  EVP_aes_192_cbc                                                2542
  app_get0_propq                                                 2542
  EVP_MD_free                                                    2583
  EVP_des_ede_ofb                                                2583
  EVP_rc2_cfb64                                                  2583
  vm_deallocate                                                  2583
  EVP_rc2_64_cbc                                                 2584
  EVP_aes_192_ccm                                                2625
  EVP_aria_256_ctr                                               2625
  EVP_cast5_cfb64                                                2625
  EVP_des_ede_cbc                                                2625
  lh_FUNCTION_free                                               2625
  EVP_desx_cbc                                                   2666
  EVP_aria_192_gcm                                               2667
  EVP_aria_256_ofb                                               2667
  EVP_rc2_40_cbc                                                 2667
  EVP_aes_128_ctr                                                2708
  EVP_aria_256_cbc                                               2708
  EVP_cast5_ecb                                                  2708
  EVP_chacha20                                                   2708
  EVP_des_cfb1                                                   2708
  EVP_idea_cfb64                                                 2709
  ossl_trace_cleanup                                             2709
  ENGINE_set_name                                                2750
  EVP_aes_192_cfb8                                               2750
  EVP_aes_192_ocb                                                2750
  EVP_aes_192_wrap                                               2750
  EVP_aes_256_ccm                                                2750
  EVP_aes_256_gcm                                                2750
  EVP_aes_256_wrap                                               2750
  EVP_aria_192_cfb1                                              2750
  EVP_aria_192_ctr                                               2750
  EVP_aria_256_ecb                                               2750
  EVP_des_ede3_ofb                                               2750
  EVP_sha3_256                                                   2750
  strrchr                                                        2750
  EVP_aria_256_ccm                                               2791
  NCONF_default                                                  2791
  EVP_aes_256_cfb1                                               2792
  EVP_aes_256_ofb                                                2792
  EVP_aria_128_cbc                                               2792
  BIO_f_cipher                                                   2833
  EVP_aes_128_ccm                                                2833
  EVP_aes_128_ofb                                                2833
  EVP_aes_256_cfb8                                               2833
  EVP_aes_256_ctr                                                2833
  EVP_aria_128_ecb                                               2833
  EVP_aria_128_ofb                                               2833
  EVP_aria_192_cfb8                                              2833
  EVP_aria_256_gcm                                               2833
  def_to_int                                                     2833
  EVP_aes_192_ofb                                                2834
  EVP_aes_192_cfb1                                               2875
  EVP_aes_192_ecb                                                2875
  EVP_aes_256_cbc                                                2875
  EVP_aria_192_ofb                                               2875
  EVP_aria_256_cfb1                                              2875
  EVP_blake2b512                                                 2875
  EVP_des_ede3_cfb1                                              2875
  EVP_aes_256_xts                                                2916
  EVP_sm4_cfb128                                                 2916
  EVP_seed_cfb128                                                2917
  EVP_whirlpool                                                  2917
  __smakebuf                                                     2917
  EVP_aes_128_cfb1                                               2958
  EVP_aes_256_ocb                                                2958
  EVP_des_ede3_cfb8                                              2958
  query_hash                                                     2958
  EVP_rc4_hmac_md5                                               2959
  signal                                                         2959
  EVP_aes_128_ecb                                                3000
  EVP_aria_192_ecb                                               3000
  EVP_aes_192_gcm                                                3041
  function_cmp                                                   3041
  ENGINE_set_id                                                  3042
  EVP_aria_128_cfb128                                            3042
  EVP_aria_128_ctr                                               3042
  EVP_aria_192_ccm                                               3042
  EVP_aria_192_cfb128                                            3042
  EVP_des_ede_cfb64                                              3042
  property_cmp                                                   3042
  EVP_aria_128_ccm                                               3083
  EVP_aria_256_cfb8                                              3083
  OSSL_LIB_CTX_get_data                                          3083
  EVP_aria_128_cfb8                                              3084
  EVP_aria_256_cfb128                                            3084
  EVP_aes_128_cfb128                                             3125
  EVP_aes_192_cfb128                                             3125
  EVP_aes_192_ctr                                                3125
  EVP_camellia_192_cbc                                           3125
  EVP_des_cfb64                                                  3125
  EVP_des_ede3_cbc                                               3125
  OBJ_obj2txt                                                    3125
  EVP_aes_256_ecb                                                3166
  EVP_aria_128_cfb1                                              3166
  EVP_aes_128_wrap                                               3167
  EVP_aes_256_cfb128                                             3167
  EVP_aria_192_cbc                                               3167
  EVP_camellia_192_ofb                                           3167
  EVP_des_ede3_wrap                                              3167
  __cxa_finalize                                                 3167
  EVP_aes_256_wrap_pad                                           3208
  COMP_zlib                                                      3250
  EVP_aes_128_cfb8                                               3250
  EVP_aes_192_wrap_pad                                           3250
  EVP_camellia_128_ctr                                           3250
  EVP_camellia_128_ofb                                           3250
  EVP_camellia_192_ctr                                           3250
  EVP_des_ede3_cfb64                                             3250
  EVP_CIPHER_get_flags                                           3291
  UI_method_set_closer                                           3291
  def_init_default                                               3291
  EVP_camellia_128_cbc                                           3292
  EVP_camellia_192_cfb1                                          3292
  getrlimit                                                      3292
  ossl_comp_zstd_cleanup                                         3292
  pthread_self                                                   3292
  OSSL_PARAM_modified                                            3333
  EVP_aes_128_wrap_pad                                           3334
  EVP_camellia_192_cfb8                                          3334
  EVP_camellia_256_ofb                                           3334
  EVP_aes_128_ocb                                                3375
  EVP_aes_128_xts                                                3375
  UI_method_set_writer                                           3375
  opt_set_unknown_name                                           3375
  ossl_store_cleanup_int                                         3375
  EVP_aes_128_gcm                                                3417
  EVP_camellia_256_ecb                                           3417
  EVP_chacha20_poly1305                                          3417
  EVP_camellia_256_cfb8                                          3458
  EVP_camellia_128_cfb8                                          3459
  EVP_camellia_192_ecb                                           3459
  EVP_camellia_256_ctr                                           3459
  evp_app_cleanup_int                                            3459
  ENGINE_set_flags                                               3500
  EVP_aria_128_gcm                                               3500
  app_RAND_write                                                 3500
  bio_sock_cleanup_int                                           3500
  init_thread_stop                                               3500
  EVP_camellia_256_cbc                                           3541
  EVP_camellia_128_cfb1                                          3542
  EVP_camellia_256_cfb1                                          3542
  engine_load_rdrand_int                                         3542
  store_loader_cmp                                               3583
  EVP_camellia_256_cfb128                                        3625
  UI_method_set_reader                                           3625
  __getrlimit                                                    3625
  ossl_comp_brotli_cleanup                                       3625
  ossl_comp_zlib_cleanup                                         3666
  EVP_CipherUpdate                                               3667
  OSSL_STORE_register_loader                                     3667
  ossl_prov_ctx_new                                              3708
  BIO_meth_set_ctrl                                              3709
  BIO_meth_set_puts                                              3750
  EVP_add_alg_module                                             3750
  UI_method_set_opener                                           3750
  core_get_libctx                                                3750
  free_medium                                                    3750
  ossl_prov_ctx_free                                             3750
  EVP_camellia_192_cfb128                                        3792
  ossl_lib_ctx_write_lock                                        3792
  ASN1_add_stable_module                                         3833
  BIO_meth_set_gets                                              3875
  ERR_get_error_all                                              3875
  EVP_camellia_128_ecb                                           3875
  ossl_prov_ctx_get0_libctx                                      3875
  ossl_prov_ctx_set0_handle                                      3875
  EVP_CipherFinal_ex                                             3916
  EVP_camellia_128_cfb128                                        3916
  ERR_print_errors                                               3917
  opt_check_rest_arg                                             3958
  BIO_meth_set_create                                            4000
  ENGINE_set_cmd_defns                                           4000
  ossl_method_unlock_store                                       4000
  ossl_prov_ctx_set0_libctx                                      4000
  BIO_meth_set_destroy                                           4042
  EVP_CIPHER_get_iv_length                                       4042
  chacha20_get_params                                            4083
  dyld4::APIs::_tlv_exit()                                       4084
  ASN1_add_oid_module                                            4125
  EVP_CIPHER_fetch                                               4125
  ossl_child_prov_ctx_new                                        4125
  CRYPTO_THREAD_get_current_id                                   4167
  ossl_lib_ctx_is_default                                        4167
  NCONF_get0_libctx                                              4208
  OSSL_LIB_CTX_free                                              4208
  OSSL_STORE_unregister_loader                                   4208
  aes_256_ofb_get_params                                         4209
  ENGINE_add_conf_module                                         4250
  __sigaction                                                    4250
  aes_192_cfb_get_params                                         4250
  close                                                          4250
  aes_192_ctr_get_params                                         4291
  EVP_PKEY_asn1_get_count                                        4292
  BIO_meth_set_read_ex                                           4333
  aes_128_ofb_get_params                                         4333
  BIO_meth_set_write_ex                                          4334
  OSSL_ERR_STATE_new                                             4375
  aes_128_xts_get_params                                         4375
  aes_192_ecb_get_params                                         4375
  aes_256_ctr_get_params                                         4375
  aes_v8_ctr32_encrypt_blocks                                    4375
  null_gettable_ctx_params                                       4375
  CONF_imodule_get_value                                         4416
  ENGINE_set_ctrl_function                                       4417
  aes_128_cfb_get_params                                         4417
  aes_192_cbc_get_params                                         4417
  ossl_config_add_ssl_module                                     4417
  ossl_method_lock_store                                         4417
  OSSL_STORE_LOADER_set_eof                                      4458
  aes_128_cbc_get_params                                         4458
  aes_128_ecb_get_params                                         4458
  aes_256_gcm_get_params                                         4458
  aes_v8_set_encrypt_key                                         4458
  aria_192_cbc_get_params                                        4458
  aria_192_ofb_get_params                                        4458
  aes_128_cfb1_get_params                                        4459
  aria_256_ofb_get_params                                        4459
  ossl_bio_core_globals_new                                      4459
  aes_192_cfb1_get_params                                        4500
  aes_192_siv_get_params                                         4500
  aes_256_cfb_get_params                                         4500
  aria_192_cfb8_get_params                                       4500
  ossl_cipher_generic_reset_ctx                                  4500
  ossl_stored_namemap_free                                       4500
  OPENSSL_cpuid_setup                                            4541
  aria_192_ctr_get_params                                        4541
  chacha20_gettable_ctx_params                                   4541
  aes_128_ccm_get_params                                         4542
  aria_128_cbc_get_params                                        4542
  aria_128_gcm_get_params                                        4542
  aria_256_cfb_get_params                                        4542
  aria_256_ctr_get_params                                        4542
  ossl_bio_core_globals_free                                     4542
  tdes_ede3_cbc_get_params                                       4542
  ENGINE_set_init_function                                       4583
  aes_256_cfb8_get_params                                        4583
  aria_128_cfb_get_params                                        4583
  aria_192_gcm_get_params                                        4583
  def_is_number                                                  4583
  sm4_128_ctr_get_params                                         4583
  ENGINE_set_finish_function                                     4625
  EVP_aes_256_cbc_hmac_sha1                                      4625
  aes_192_ocb_get_params                                         4625
  aes_192_ofb_get_params                                         4625
  aes_192_wrap_get_params                                        4625
  aria_128_cfb1_get_params                                       4625
  aria_128_ecb_get_params                                        4625
  aria_128_ofb_get_params                                        4625
  aria_256_cfb1_get_params                                       4625
  sm4_128_cbc_get_params                                         4625
  aes_256_cbc_get_params                                         4666
  sm4_128_xts_get_params                                         4666
  tdes_ede2_ecb_get_params                                       4666
  OSSL_STORE_LOADER_set_error                                    4667
  aes_128_ocb_get_params                                         4667
  aes_256_cfb1_get_params                                        4667
  aria_256_cbc_get_params                                        4667
  tdes_wrap_get_params                                           4667
  BIO_free                                                       4707
  EVP_aes_256_cbc_hmac_sha256                                    4708
  aes_128_ctr_get_params                                         4708
  aes_256_ccm_get_params                                         4708
  aria_128_cfb8_get_params                                       4708
  ossl_rand_cleanup_int                                          4708
  ossl_store_register_init                                       4708
  sm4_128_ccm_get_params                                         4708
  aes_256_siv_get_params                                         4709
  aria_192_ecb_get_params                                        4709
  ossl_ctx_global_properties_new                                 4709
  tdes_ede3_cfb_get_params                                       4709
  OSSL_CMP_log_close                                             4750
  OSSL_STORE_LOADER_free                                         4750
  OSSL_STORE_LOADER_set_close                                    4750
  aes_128_cfb8_get_params                                        4750
  aes_192_cfb8_get_params                                        4750
  aes_192_gcm_get_params                                         4750
  aes_256_xts_get_params                                         4750
  engine_pkey_meths_free                                         4750
  lsl::Lock::unlock()                                            4750
  ossl_random_add_conf_module                                    4750
  sm4_128_cfb128_get_params                                      4750
  tdes_ede2_cbc_get_params                                       4750
  tdes_ede3_ofb_get_params                                       4750
  tiny_malloc_from_free_list                                     4750
  OSSL_STORE_LOADER_set_load                                     4791
  aes_cts_192_cbc_get_params                                     4791
  sm4_128_ecb_get_params                                         4791
  sm4_128_ofb128_get_params                                      4791
  aes_192_wrapinv_get_params                                     4792
  aes_256_ocb_get_params                                         4792
  aria_256_ccm_get_params                                        4792
  aes_128_siv_get_params                                         4833
  aria_128_ctr_get_params                                        4833
  camellia_128_cfb_get_params                                    4833
  pthread_cond_destroy                                           4833
  ossl_prov_ctx_set0_core_bio_method                             4834
  EVP_sha256                                                     4875
  OSSL_trace_set_channel                                         4875
  aes_192_wrappad_get_params                                     4875
  aria_128_ccm_get_params                                        4875
  aria_256_cfb8_get_params                                       4875
  tdes_ede2_ofb_get_params                                       4875
  camellia_256_ofb_get_params                                    4916
  sm4_128_gcm_get_params                                         4916
  Diagnostics::clearError()                                      4917
  EVP_aes_128_cbc_hmac_sha256                                    4917
  aes_128_wrappad_get_params                                     4917
  aria_192_ccm_get_params                                        4917
  OSSL_STORE_LOADER_set_expect                                   4958
  aes_256_wrap_get_params                                        4958
  camellia_128_ecb_get_params                                    4958
  ossl_property_match_count                                      4958
  ossl_provider_add_conf_module                                  4958
  ossl_self_test_set_callback_new                                4958
  tdes_ede3_cfb8_get_params                                      4958
  ENGINE_load_builtin_engines                                    4959
  aes_128_gcm_get_params                                         5000
  aes_192_ccm_get_params                                         5000
  aes_256_ecb_get_params                                         5000
  aes_cts_128_cbc_get_params                                     5000
  aria_192_cfb1_get_params                                       5000
  aria_256_ecb_get_params                                        5000
  camellia_128_ctr_get_params                                    5000
  camellia_192_cfb_get_params                                    5000
  camellia_256_cbc_get_params                                    5000
  camellia_256_cfb_get_params                                    5000
  ossl_prov_cipher_hw_aes_ctr                                    5000
  tdes_ede3_cfb1_get_params                                      5000
  EVP_CIPHER_get_key_length                                      5042
  aria_192_cfb_get_params                                        5042
  memset                                                         5042
  ossl_self_test_set_callback_free                               5042
  EVP_aes_128_cbc_hmac_sha1                                      5083
  UI_method_set_prompt_constructor                               5083
  aes_cts_256_cbc_get_params                                     5083
  camellia_128_cfb8_get_params                                   5083
  aes_256_wrappad_get_params                                     5125
  camellia_128_cbc_get_params                                    5125
  camellia_128_ofb_get_params                                    5125
  camellia_192_ecb_get_params                                    5125
  camellia_256_ctr_get_params                                    5125
  engine_remove_dynamic_id                                       5125
  ossl_indicator_set_callback_free                               5125
  tdes_ede2_cfb_get_params                                       5125
  camellia_192_cfb8_get_params                                   5166
  camellia_256_cfb8_get_params                                   5166
  engine_pkey_asn1_meths_free                                    5166
  tdes_ede3_ecb_get_params                                       5166
  ENGINE_get_cipher_engine                                       5167
  aes_256_wrapinv_get_params                                     5167
  ossl_indicator_set_callback_new                                5167
  OSSL_STORE_LOADER_set_open                                     5208
  aes_128_wrapinv_get_params                                     5208
  aes_128_wrappadinv_get_params                                  5209
  aria_256_gcm_get_params                                        5209
  camellia_192_cbc_get_params                                    5209
  camellia_256_ecb_get_params                                    5250
  ossl_free_compression_methods_int                              5250
  ossl_property_has_optional                                     5250
  ossl_init_thread_deregister                                    5291
  __fcntl                                                        5292
  camellia_128_cfb1_get_params                                   5333
  OSSL_PARAM_get_int                                             5334
  aes_192_wrappadinv_get_params                                  5334
  camellia_192_ofb_get_params                                    5334
  camellia_256_cfb1_get_params                                   5334
  aes_128_wrap_get_params                                        5417
  camellia_192_cfb1_get_params                                   5417
  EVP_CIPHER_CTX_get_block_size                                  5458
  camellia_192_ctr_get_params                                    5458
  ossl_aes_192_gcm_siv_get_params                                5458
  aes_256_wrappadinv_get_params                                  5500
  app_get0_libctx                                                5500
  camellia_cts_192_cbc_get_params                                5500
  chacha20_poly1305_get_params                                   5541
  medium_region_for_ptr_no_lock                                  5583
  OPENSSL_sk_sort                                                5625
  camellia_cts_128_cbc_get_params                                5625
  ossl_aes_256_gcm_siv_get_params                                5667
  chacha20_poly1305_gettable_ctx_params                          5708
  ossl_prov_ctx_get0_core_bio_method                             5709
  medium_malloc_from_free_list                                   5791
  camellia_cts_256_cbc_get_params                                5792
  getegid                                                        5792
  ossl_prov_bio_from_dispatch                                    5792
  opt_arg                                                        5832
  OSSL_LIB_CTX_set_conf_diagnostics                              5833
  ossl_provider_unquery_operation                                5833
  ossl_aes_128_gcm_siv_get_params                                5875
  ossl_prov_seeding_from_dispatch                                6208
  EVP_CIPHER_get_mode                                            6292
  getgid                                                         6292
  BIO_set_data                                                   6375
  OSSL_PARAM_get_int32                                           6416
  getuid                                                         6417
  dyld4::Loader::hiddenFromFlat(bool) const                      6666
  EVP_RAND_CTX_free                                              6667
  geteuid                                                        6708
  BIO_next                                                       6834
  dyld3::kdebug_trace_dyld_enabled(unsigned int)                 6916
  dyld4::RuntimeState::notifyObjCPatching()                      7042
  _kernelrpc_mach_port_deallocate_trap                           7084
  dyld4::BumpAllocator::~BumpAllocator()                         7250
  bio_open_default                                               7333
  _platform_strnlen                                              7334
  store_loader_hash                                              7375
  EVP_CipherInit_ex                                              7416
  dyld4::handleFromLoader(dyld4::Loader const*, bool)             7500
  OPENSSL_sk_pop                                                 7583
  ENGINE_register_EC                                             7584
  openssl_fopen                                                  7792
  ENGINE_register_DH                                             7833
  lsl::Lock::lock()                                              7833
  dyld4::JustInTimeLoader::hiddenFromFlat(bool) const             7875
  BIO_copy_next_retry                                            8000
  file_ctrl                                                      8000
  ENGINE_register_RSA                                            8125
  ENGINE_register_RAND                                           8207
  err_unshelve_state                                             8249
  __sclose                                                       8292
  lsl::EphemeralAllocator::reset()                               8292
  ENGINE_register_DSA                                            8333
  flsl                                                           8333
  X509_get_default_cert_area                                     8375
  ossl_lib_ctx_get_concrete                                      8459
  _kernelrpc_mach_port_construct_trap                            8541
  ossl_sa_new                                                    8668
  strlen                                                         9000
  __sflags                                                       9041
  dyld4::Loader::beginInitializers(dyld4::RuntimeState&)             9042
  ENGINE_register_digests                                        9124
  BIO_set_init                                                   9125
  dyld4::RuntimeState::incDlRefCount(dyld4::Loader const*)             9209
  ossl_property_free                                             9292
  free_small                                                     9333
  DSO_METHOD_openssl                                             9334
  ENGINE_register_ciphers                                        9500
  ossl_cipher_generic_einit                                      9500
  BIO_set_flags                                                  9583
  ENGINE_register_pkey_meths                                     9666
  lsl::Vector<dyld4::Loader const*>::reserveExact(unsigned long)             9708
  ossl_cipher_generic_set_ctx_params                             9834
  lsl::Vector<lsl::MemoryManager::Buffer>::reserve(unsigned long)            10208
  dyld4::JustInTimeLoader::beginInitializers(dyld4::RuntimeState&)            10500
  OSSL_LIB_CTX_get_conf_diagnostics                             10541
  CRYPTO_atomic_or                                              10666
  ossl_lib_ctx_get_rcukey                                       10833
  ossl_lib_ctx_get_ex_data_global                               10875
  ENGINE_register_pkey_asn1_meths                               11000
  NCONF_get_section                                             11209
  deflt_query                                                   11250
  engine_free_util                                              11457
  ossl_sa_doall_arg                                             11500
  fstat                                                         11626
  OPENSSL_cleanse                                               11750
  aes_siv_gettable_ctx_params                                   11958
  ossl_property_value                                           11959
  dyld4::RuntimeState::doSingletonPatching(dyld4::DyldCacheDataConstLazyScopedWriter&)            12459
  ossl_cipher_capable_aes_cbc_hmac_sha256                       12708
  ossl_cipher_capable_aes_cbc_hmac_sha1                         12750
  EVP_add_cipher                                                12751
  __bzero                                                       13084
  cipher_ocb_gettable_ctx_params                                13416
  aes_cbc_cts_gettable_ctx_params                               13709
  dyld4::Loader::loadDependents(Diagnostics&, dyld4::RuntimeState&, dyld4::Loader::LoadOptions const&)            13791
  BIO_clear_flags                                               14209
  dyld4::DyldCacheDataConstLazyScopedWriter::DyldCacheDataConstLazyScopedWriter(dyld4::RuntimeState&)            14459
  small_try_realloc_in_place                                    14459
  lsl::EphemeralAllocator::~EphemeralAllocator()                14542
  dyld4::Loader::path() const                                   14667
  sa_doall                                                      14792
  BIO_get_data                                                  14876
  CRYPTO_atomic_add                                             14916
  DSO_free                                                      14917
  dyld4::JustInTimeLoader::loadDependents(Diagnostics&, dyld4::RuntimeState&, dyld4::Loader::LoadOptions const&)            15125
  _NSGetEnviron                                                 15209
  ossl_aes_gcm_siv_gettable_ctx_params                          15292
  camellia_cbc_cts_gettable_ctx_params                          15499
  __sflush                                                      15541
  dyld3::MachOFile::is64() const                                15834
  file_new                                                      16083
  rack_region_insert                                            16374
  file_free                                                     16709
  os_unfair_recursive_lock_unlock                               16875
  _kernelrpc_mach_port_destruct_trap                            17041
  ossl_prov_is_running                                          17124
  CRYPTO_THREAD_lock_free                                       17624
  invocation function for block in dyld4::Loader::forEachPath(Diagnostics&, dyld4::RuntimeState&, char const*, dyld4::Loader::Loa            17709
  pthread_mutex_destroy                                         17709
  FMT_istext                                                    18084
  OPENSSL_LH_get_down_load                                      18084
  dyld4::JustInTimeLoader::path() const                         18249
  kdebug_is_enabled                                             18457
  BIO_new                                                       18667
  pthread_cond_init                                             19250
  dyld4::LibSystemHelpers::pthread_getspecific(unsigned long) const            20416
  property_free                                                 20585
  os_unfair_recursive_lock_lock_with_options                    20835
  lsl::EphemeralAllocator::deallocate_buffer(lsl::MemoryManager::Buffer)            20999
  dyld4::Loader::matchesPath(char const*) const                 21041
  mach_msg2_trap                                                21083
  __chkstk_darwin_probe                                         21124
  ___chkstk_darwin                                              21959
  _kernelrpc_mach_vm_deallocate_trap                            22292
  small_size                                                    22415
  dyld4::ProcessConfig::DyldCache::indexOfPath(char const*, unsigned int&) const            22541
  os_unfair_lock_assert_not_owner                               22833
  dyld4::Loader::loadAddress(dyld4::RuntimeState&) const            25250
  dyld3::ScopedTimer::endTimer()                                26333
  ossl_property_name                                            26417
  pthread_mutex_init                                            27375
  __findenv_locked                                              27457
  lsl::MemoryManager::lockGuard()                               28083
  OPENSSL_strnlen                                               28498
  dyld4::JustInTimeLoader::loadAddress(dyld4::RuntimeState&) const            28667
  OPENSSL_sk_delete                                             28668
  __open                                                        29875
  lsl::AllocationMetadata::AllocationMetadata(lsl::Allocator*, unsigned long)            33250
  _pthread_mutex_check_init_slow                                33292
  CRYPTO_new_ex_data                                            34752
  OPENSSL_LH_set_down_load                                      35041
  small_free_list_find_by_ptr                                   35250
  szone_good_size                                               37835
  small_free_list_remove_ptr                                    37958
  dyld4::LibSystemHelpers::os_unfair_recursive_lock_unlock(os_unfair_recursive_lock_s*) const            38708
  __read_nocancel                                               38750
  OPENSSL_sk_free                                               40164
  Diagnostics::hasError() const                                 40583
  _kernelrpc_mach_vm_map_trap                                   40708
  tiny_free_list_remove_ptr                                     41750
  ossl_rcu_write_lock                                           42624
  EVP_PKEY_asn1_get0                                            42876
  small_free_list_add_ptr                                       43832
  small_malloc_from_free_list                                   44873
  dyld4::LibSystemHelpers::os_unfair_lock_unlock(os_unfair_lock_s*) const            44875
  ossl_rcu_write_unlock                                         45544
  ossl_tdes_gettable_ctx_params                                 46041
  Diagnostics::noError() const                                  46292
  small_free_list_remove_ptr_no_clear                           47209
  pthread_setspecific                                           47834
  __write_nocancel                                              49042
  dyld3::MachOFile::read_uleb128(Diagnostics&, unsigned char const*&, unsigned char const*)            49500
  dyld4::RuntimeState::PermanentRanges::contains(unsigned long, unsigned long, unsigned char*, dyld4::Loader const**) const            50584
  dyld4::LibSystemHelpers::os_unfair_recursive_lock_lock_with_options(os_unfair_recursive_lock_s*, os_unfair_lock_options_t) cons            52209
  madvise                                                       52417
  get_tiny_previous_free_msize                                  52709
  szone_malloc                                                  54168
  pthread_cond_broadcast                                        55458
  EVP_PKEY_asn1_get0_info                                       56080
  _tiny_check_and_zero_inline_meta_from_freelist                59166
  tiny_size                                                     59333
  realloc                                                       61622
  lsl::EphemeralAllocator::allocate_buffer(unsigned long, unsigned long, unsigned long)            62250
  dyld4::LibSystemHelpers::os_unfair_lock_lock_with_options(os_unfair_lock_s*, os_unfair_lock_options_t) const            63918
  set_tiny_meta_header_in_use                                   64085
  _qsort                                                        65250
  _szone_free                                                   66748
  OPENSSL_sk_pop_free                                           70459
  ossl_cipher_aead_gettable_ctx_params                          70583
  tiny_free_list_add_ptr                                        70959
  strcmp                                                        71793
  os_unfair_lock_assert_owner                                   74628
  __close_nocancel                                              76709
  szone_try_free_default                                        77001
  rack_get_thread_index                                         79919
  invocation function for block in dyld3::MachOFile::getDylibInstallName(char const**, unsigned int*, unsigned int*) const            81084
  dyld3::kdebug_trace_dyld_duration_end(unsigned long long, unsigned int, dyld3::kt_arg, dyld3::kt_arg, dyld3::kt_arg)            83040
  property_hash                                                 85043
  EVP_CIPHER_get_type                                           90332
  dyld3::OverflowSafeArray<unsigned int, 4294967295ul>::verifySpace(unsigned long)            90334
  dyld4::Loader::contains(dyld4::RuntimeState&, void const*, void const**, unsigned long long*, unsigned char*) const            97000
  pthread_cond_signal                                          105790
  Diagnostics::assertNoError() const                           108791
  pthread_rwlock_init                                          114125
  nanov2_size                                                  115001
  pthread_rwlock_destroy                                       120793
  __open_nocancel                                              128166
  os_unfair_lock_unlock                                        128375
  Diagnostics::~Diagnostics()                                  139165
  Diagnostics::Diagnostics(bool)                               146663
  get_legacy_evp_names                                         158871
  ossl_ctype_check                                             169332
  os_unfair_lock_lock_with_options                             171834
  invocation function for block in dyld3::MachOFile::getEntry(unsigned long long&, bool&) const           193166
  nanov2_pointer_size                                          193956
  EVP_MD_get_type                                              194541
  free                                                         210547
  _Block_object_dispose                                        212040
  nanov2_allocate_from_block                                   220837
  OPENSSL_hexchar2int                                          234666
  ossl_sa_set                                                  253830
  strncmp                                                      267959
  trim_ws                                                      274872
  invocation function for block in dyld4::JustInTimeLoader::contains(dyld4::RuntimeState&, void const*, void const**, unsigned lo           299667
  BUF_MEM_new                                                  304327
  names_free                                                   320124
  OBJ_get0_data                                                330646
  OPENSSL_LH_flush                                             331877
  OPENSSL_LH_doall                                             337457
  OSSL_PARAM_set_uint                                          340007
  ossl_provider_ctx                                            342040
  EVP_CIPHER_get_nid                                           365242
  conf_value_cmp                                               374377
  ossl_lib_ctx_unlock                                          380079
  invocation function for block in dyld3::MachOLoaded::findClosestSymbol(unsigned long long, char const**, unsigned long long*) c           397123
  OSSL_PARAM_locate_const                                      397624
  ossl_lib_ctx_read_lock                                       422750
  OPENSSL_LH_set_thunks                                        430167
  property_defn_cmp                                            438037
  ossl_cipher_generic_gettable_ctx_params                      444999
  evp_cipher_up_ref                                            453416
  property_defn_hash                                           464547
  ossl_provider_free                                           472792
  function_hash                                                472957
  value_free_hash                                              474667
  BN_free                                                      475584
  ossl_provider_up_ref                                         489081
  CRYPTO_realloc                                               490662
  ASN1_OBJECT_free                                             500775
  OSSL_PARAM_set_uint32                                        503042
  ossl_sa_get                                                  512177
  eat_alpha_numeric                                            514410
  sa_free_node                                                 544877
  OSSL_PARAM_construct_end                                     548333
  EVP_CIPHER_get0_provider                                     558632
  OSSL_PARAM_construct_uint                                    566375
  evp_cipher_free                                              578046
  do_all_fn                                                    579961
  EVP_CIPHER_free                                              638255
  ossl_provider_libctx                                         800544
  invocation function for block in dyld3::MachOLoaded::getLinkEditLoadCommands(Diagnostics&, dyld3::MachOLoaded::LinkEditInfo&) c           829419
  internal_free_nop                                            844460
  _platform_strncmp                                            878955
  name_string_free                                             891995
  OPENSSL_LH_error                                             927782
  OSSL_PARAM_set_size_t                                       1120251
  invocation function for block in dyld3::MachOFile::forEachSegment(void (dyld3::MachOFile::SegmentInfo const&, bool&) block_poin          1124668
  pthread_getspecific                                         1147168
  BUF_MEM_grow                                                1147925
  sk_reserve                                                  1155255
  _os_once                                                    1234957
  CRYPTO_THREAD_get_local                                     1284044
  _platform_memchr                                            1376413
  ossl_rcu_assign_uptr                                        1415590
  OSSL_PARAM_set_uint64                                       1507540
  names_lh_free_doall                                         1520714
  ossl_lib_ctx_get_data                                       1600204
  OSSL_PARAM_set_int                                          1621622
  _platform_strchr                                            1726669
  pthread_mutex_lock                                          1747536
  OSSL_PARAM_construct_size_t                                 1808832
  pthread_mutex_unlock                                        1857593
  _nanov2_free                                                1888120
  OPENSSL_sk_push                                             1984634
  OPENSSL_sk_num                                              1984766
  _pthread_mutex_lock_init_slow                               2024003
  _pthread_mutex_unlock_init_slow                             2114661
  _pthread_mutex_firstfit_lock_slow                           2226469
  _pthread_mutex_firstfit_unlock_slow                         2315790
  OPENSSL_sk_value                                            2318378
  OSSL_PARAM_set_int32                                        2439500
  obj_name_cmp                                                2498572
  OPENSSL_LH_strhash                                          2707582
  OSSL_PARAM_construct_int                                    2741628
  _platform_memcmp                                            2741673
  pthread_once                                                3047700
  OBJ_nid2obj                                                 3166793
  pthread_rwlock_rdlock                                       3309339
  CRYPTO_atomic_load                                          3320712
  SortFnByName                                                3340583
  ossl_lh_strcasehash                                         3675315
  __error                                                     3790931
  ossl_isdigit                                                3959600
  cipher_compare                                              3974546
  fnv1a_hash                                                  4413727
  _platform_memmove                                           6520547
  pthread_rwlock_wrlock                                       6683025
  pthread_rwlock_unlock                                       9956355
  err_string_data_cmp                                        11038417
  CRYPTO_free                                                12228697
  malloc                                                     13421916
  doapr_outch                                                14997296
  err_string_data_hash                                       16715948
  nanov2_malloc                                              18611696
  _platform_strlen                                           23211998
  _platform_memset                                           25452315
  nanov2_try_free_default                                    25928004
  _platform_strcmp                                           28056567
  ossl_tolower                                               60076763
