
  sigaction                                                      1709
  pd_free                                                        1791
  EVP_bf_cbc                                                     1875
  EVP_rc4_40                                                     1917
  EVP_md5                                                        1958
  EVP_rc4                                                        2000
  EVP_sha224                                                     2000
  EVP_sm4_ecb                                                    2041
  EVP_bf_ofb                                                     2042
  EVP_des_ofb                                                    2042
  EVP_rc2_ofb                                                    2042
  UI_OpenSSL                                                     2042
  EVP_rc2_cbc                                                    2083
  EVP_sha512                                                     2083
  EVP_sm4_cbc                                                    2083
  EVP_des_cbc                                                    2125
  EVP_des_cfb8                                                   2125
  EVP_des_ecb                                                    2125
  opt_unknown                                                    2125
  EVP_sha384                                                     2167
  EVP_sm3                                                        2167
  EVP_idea_cbc                                                   2209
  EVP_mdc2                                                       2209
  EVP_sm4_ofb                                                    2209
  EVP_cast5_ofb                                                  2250
  UI_null                                                        2250
  _cleanup                                                       2250
  EVP_bf_ecb                                                     2291
  EVP_des_ede                                                    2291
  EVP_idea_ofb                                                   2292
  EVP_md4                                                        2292
  EVP_seed_ofb                                                   2292
  EVP_sha1                                                       2292
  EVP_cast5_cbc                                                  2333
  EVP_des_cfb1                                                   2333
  EVP_des_ede3                                                   2333
  EVP_blake2s256                                                 2375
  EVP_seed_cbc                                                   2375
  EVP_sha3_512                                                   2375
  EVP_sha3_224                                                   2416
  EVP_shake128                                                   2416
  EVP_chacha20                                                   2417
  EVP_rc2_64_cbc                                                 2417
  EVP_ripemd160                                                  2417
  EVP_rc2_cfb64                                                  2459
  EVP_aes_128_cbc                                                2500
  EVP_aes_128_ctr                                                2500
  EVP_aes_192_ofb                                                2500
  EVP_desx_cbc                                                   2500
  EVP_md5_sha1                                                   2500
  EVP_seed_ecb                                                   2500
  EVP_sha3_256                                                   2500
  opt_next                                                       2500
  release_engine                                                 2500
  ENGINE_set_name                                                2541
  EVP_aes_192_ccm                                                2541
  EVP_aes_256_cbc                                                2541
  EVP_aes_256_gcm                                                2541
  EVP_des_ede_ofb                                                2541
  COMP_get_type                                                  2542
  EVP_aes_256_ofb                                                2542
  EVP_bf_cfb64                                                   2542
  app_get0_propq                                                 2542
  EVP_aes_192_cbc                                                2583
  EVP_aes_192_ecb                                                2583
  EVP_aes_192_ocb                                                2583
  EVP_aes_256_xts                                                2583
  EVP_des_ede_cbc                                                2583
  EVP_idea_ecb                                                   2583
  EVP_shake256                                                   2583
  EVP_sm4_ctr                                                    2583
  EVP_aes_192_gcm                                                2584
  EVP_MD_free                                                    2625
  EVP_aes_192_cfb1                                               2625
  EVP_aes_192_cfb8                                               2625
  EVP_aes_256_ccm                                                2625
  EVP_aes_256_ctr                                                2625
  EVP_aria_192_cbc                                               2625
  EVP_aria_256_ctr                                               2625
  EVP_rc2_40_cbc                                                 2625
  EVP_sha3_384                                                   2625
  EVP_sha512_224                                                 2625
  EVP_aria_256_gcm                                               2666
  EVP_aria_256_ofb                                               2666
  EVP_rc2_ecb                                                    2666
  EVP_aes_128_ofb                                                2667
  EVP_aes_192_ctr                                                2667
  EVP_aes_256_cfb1                                               2667
  EVP_aria_192_ofb                                               2667
  EVP_idea_cfb64                                                 2667
  EVP_aes_128_wrap                                               2708
  EVP_blake2b512                                                 2708
  EVP_sha512_256                                                 2708
  EVP_whirlpool                                                  2708
  EVP_aes_256_ocb                                                2709
  EVP_aria_192_ccm                                               2709
  EVP_aria_256_cbc                                               2709
  ENGINE_set_id                                                  2750
  EVP_aes_128_ccm                                                2750
  EVP_aria_128_cbc                                               2750
  EVP_aria_128_ecb                                               2750
  EVP_aria_192_ctr                                               2750
  EVP_cast5_cfb64                                                2750
  EVP_cast5_ecb                                                  2750
  EVP_des_ede3_ofb                                               2750
  EVP_aes_192_cfb128                                             2791
  EVP_seed_cfb128                                                2791
  EVP_aes_128_cfb1                                               2792
  EVP_aes_128_xts                                                2792
  EVP_aes_256_cfb8                                               2792
  EVP_aria_128_ofb                                               2792
  EVP_aria_192_cfb1                                              2792
  EVP_aria_192_cfb8                                              2792
  EVP_aria_192_gcm                                               2792
  EVP_aria_256_ccm                                               2792
  EVP_aria_256_cfb1                                              2792
  EVP_des_ede3_cbc                                               2792
  EVP_aes_256_wrap                                               2833
  EVP_aria_128_ctr                                               2833
  EVP_aria_192_ecb                                               2834
  EVP_des_ede3_cfb8                                              2834
  OBJ_obj2txt                                                    2834
  vm_deallocate                                                  2834
  EVP_aes_192_wrap                                               2875
  EVP_aes_256_ecb                                                2875
  EVP_aria_128_cfb8                                              2875
  EVP_aria_256_ecb                                               2875
  EVP_des_cfb64                                                  2875
  def_to_int                                                     2875
  lh_FUNCTION_free                                               2875
  ossl_trace_cleanup                                             2875
  EVP_aria_256_cfb8                                              2916
  BIO_f_cipher                                                   2917
  EVP_aes_128_cfb8                                               2917
  EVP_aria_128_ccm                                               2917
  EVP_rc4_hmac_md5                                               2917
  signal                                                         2917
  strrchr                                                        2958
  EVP_aes_128_cfb128                                             3000
  EVP_aria_192_cfb128                                            3000
  EVP_des_ede3_wrap                                              3000
  EVP_sm4_cfb128                                                 3000
  NCONF_default                                                  3000
  property_cmp                                                   3000
  EVP_aes_256_cfb128                                             3041
  getrlimit                                                      3041
  EVP_aes_128_gcm                                                3042
  EVP_camellia_192_cbc                                           3042
  query_hash                                                     3042
  EVP_aes_128_ocb                                                3083
  EVP_aria_128_gcm                                               3083
  function_cmp                                                   3083
  UI_method_set_writer                                           3084
  def_init_default                                               3084
  EVP_aria_256_cfb128                                            3125
  EVP_camellia_192_ofb                                           3125
  EVP_camellia_256_ofb                                           3125
  EVP_camellia_128_ctr                                           3166
  EVP_aes_256_wrap_pad                                           3167
  EVP_aria_128_cfb1                                              3167
  EVP_camellia_128_ofb                                           3167
  EVP_camellia_192_ctr                                           3167
  EVP_des_ede3_cfb64                                             3167
  EVP_des_ede_cfb64                                              3167
  EVP_aes_128_wrap_pad                                           3208
  EVP_aes_192_wrap_pad                                           3208
  EVP_camellia_128_cbc                                           3208
  EVP_aria_128_cfb128                                            3209
  EVP_camellia_256_cbc                                           3209
  __cxa_finalize                                                 3209
  OSSL_LIB_CTX_get_data                                          3250
  ENGINE_set_flags                                               3292
  EVP_camellia_192_cfb1                                          3292
  EVP_camellia_256_cfb8                                          3292
  UI_method_set_reader                                           3292
  EVP_camellia_192_cfb8                                          3333
  EVP_des_ede3_cfb1                                              3333
  UI_method_set_closer                                           3333
  ossl_comp_zstd_cleanup                                         3333
  EVP_camellia_256_cfb1                                          3334
  EVP_chacha20_poly1305                                          3334
  COMP_zlib                                                      3375
  EVP_aes_128_ecb                                                3375
  EVP_camellia_128_cfb8                                          3375
  OSSL_PARAM_modified                                            3375
  EVP_add_alg_module                                             3417
  EVP_camellia_256_ctr                                           3458
  ossl_store_cleanup_int                                         3458
  EVP_camellia_128_cfb128                                        3500
  EVP_camellia_192_ecb                                           3500
  EVP_camellia_256_ecb                                           3500
  opt_set_unknown_name                                           3500
  EVP_camellia_128_cfb1                                          3542
  EVP_camellia_128_ecb                                           3542
  OSSL_STORE_register_loader                                     3542
  bio_sock_cleanup_int                                           3542
  EVP_CIPHER_get_flags                                           3583
  UI_method_set_opener                                           3583
  ossl_prov_ctx_free                                             3583
  ASN1_add_stable_module                                         3584
  __smakebuf                                                     3625
  engine_load_rdrand_int                                         3625
  ossl_prov_ctx_new                                              3625
  NCONF_get0_libctx                                              3666
  evp_app_cleanup_int                                            3667
  ossl_comp_brotli_cleanup                                       3667
  ossl_lib_ctx_write_lock                                        3667
  ASN1_add_oid_module                                            3708
  EVP_CipherUpdate                                               3708
  store_loader_cmp                                               3708
  __getrlimit                                                    3709
  init_thread_stop                                               3709
  BIO_meth_set_puts                                              3750
  EVP_camellia_256_cfb128                                        3750
  ossl_prov_ctx_set0_handle                                      3750
  app_RAND_write                                                 3791
  EVP_camellia_192_cfb128                                        3833
  BIO_meth_set_gets                                              3834
  ERR_get_error_all                                              3875
  free_medium                                                    3875
  ossl_child_prov_ctx_new                                        3916
  BIO_meth_set_create                                            3917
  BIO_meth_set_ctrl                                              3917
  ENGINE_set_cmd_defns                                           3917
  ENGINE_add_conf_module                                         3958
  EVP_CipherFinal_ex                                             3958
  core_get_libctx                                                3958
  ossl_comp_zlib_cleanup                                         3958
  EVP_CIPHER_fetch                                               4000
  opt_check_rest_arg                                             4042
  BIO_meth_set_destroy                                           4083
  ERR_print_errors                                               4083
  OSSL_LIB_CTX_free                                              4083
  ossl_lib_ctx_is_default                                        4083
  EVP_PKEY_asn1_get_count                                        4167
  __sigaction                                                    4167
  dyld4::APIs::_tlv_exit()                                       4167
  ossl_method_unlock_store                                       4167
  OSSL_ERR_STATE_new                                             4208
  ossl_config_add_ssl_module                                     4208
  ossl_prov_ctx_get0_libctx                                      4208
  CONF_imodule_get_value                                         4250
  CRYPTO_THREAD_get_current_id                                   4250
  ossl_prov_ctx_set0_libctx                                      4250
  ENGINE_set_ctrl_function                                       4291
  EVP_CIPHER_get_iv_length                                       4291
  aes_256_ctr_get_params                                         4292
  aes_v8_set_encrypt_key                                         4292
  BIO_meth_set_read_ex                                           4333
  ossl_stored_namemap_free                                       4333
  aes_256_cfb_get_params                                         4375
  null_gettable_ctx_params                                       4375
  ossl_method_lock_store                                         4375
  aes_192_cfb1_get_params                                        4416
  sm4_128_ctr_get_params                                         4417
  aes_128_cbc_get_params                                         4458
  EVP_aes_256_cbc_hmac_sha1                                      4459
  OSSL_STORE_LOADER_set_eof                                      4459
  aes_192_ecb_get_params                                         4459
  BIO_meth_set_write_ex                                          4500
  ENGINE_set_init_function                                       4500
  OSSL_CMP_log_close                                             4500
  OSSL_STORE_unregister_loader                                   4500
  aes_128_ccm_get_params                                         4500
  aes_128_cfb_get_params                                         4500
  aes_192_cbc_get_params                                         4500
  aes_192_cfb_get_params                                         4500
  aes_192_gcm_get_params                                         4500
  aes_192_ofb_get_params                                         4500
  aes_256_cbc_get_params                                         4500
  aes_256_ccm_get_params                                         4500
  ossl_cipher_generic_reset_ctx                                  4500
  sm4_128_cbc_get_params                                         4500
  tdes_ede2_ecb_get_params                                       4500
  aes_128_ctr_get_params                                         4541
  tiny_try_realloc_in_place                                      4541
  OPENSSL_cpuid_setup                                            4542
  aria_192_gcm_get_params                                        4542
  aes_128_ecb_get_params                                         4583
  aes_128_ofb_get_params                                         4583
  aes_192_ccm_get_params                                         4583
  aes_256_gcm_get_params                                         4583
  ossl_bio_core_globals_new                                      4583
  tdes_ede3_cbc_get_params                                       4583
  ENGINE_set_finish_function                                     4584
  aes_192_ctr_get_params                                         4584
  aes_256_siv_get_params                                         4584
  aes_128_xts_get_params                                         4625
  aes_192_cfb8_get_params                                        4625
  aes_256_ofb_get_params                                         4625
  tdes_ede3_cfb_get_params                                       4625
  OSSL_STORE_LOADER_set_error                                    4666
  aria_128_gcm_get_params                                        4666
  EVP_sha256                                                     4667
  aes_128_cfb8_get_params                                        4667
  aes_192_ocb_get_params                                         4667
  ossl_random_add_conf_module                                    4667
  tdes_wrap_get_params                                           4667
  EVP_aes_256_cbc_hmac_sha256                                    4708
  aes_v8_ctr32_encrypt_blocks                                    4708
  aria_192_ecb_get_params                                        4708
  def_is_number                                                  4708
  tdes_ede3_ofb_get_params                                       4708
  OSSL_STORE_LOADER_set_close                                    4709
  aes_128_ocb_get_params                                         4709
  ossl_ctx_global_properties_new                                 4709
  tdes_ede2_cbc_get_params                                       4709
  OSSL_STORE_LOADER_set_load                                     4750
  OSSL_trace_set_channel                                         4750
  UI_method_set_prompt_constructor                               4750
  aes_128_gcm_get_params                                         4750
  aes_192_siv_get_params                                         4750
  aes_256_cfb1_get_params                                        4750
  aes_256_cfb8_get_params                                        4750
  aria_128_cfb_get_params                                        4750
  aria_192_cbc_get_params                                        4750
  aria_256_cbc_get_params                                        4750
  pthread_cond_destroy                                           4750
  aria_128_ecb_get_params                                        4791
  lsl::Lock::unlock()                                            4791
  OSSL_STORE_LOADER_set_open                                     4792
  aes_192_wrap_get_params                                        4792
  ossl_prov_ctx_set0_core_bio_method                             4792
  aes_128_siv_get_params                                         4833
  aria_192_ofb_get_params                                        4833
  ossl_prov_cipher_hw_aes_ctr                                    4833
  ossl_provider_add_conf_module                                  4833
  sm4_128_gcm_get_params                                         4833
  BIO_free                                                       4875
  aes_cts_128_cbc_get_params                                     4875
  aria_192_cfb1_get_params                                       4875
  aria_192_cfb8_get_params                                       4875
  chacha20_gettable_ctx_params                                   4875
  sm4_128_ccm_get_params                                         4875
  aes_256_wrappad_get_params                                     4916
  ossl_bio_core_globals_free                                     4916
  aes_128_cfb1_get_params                                        4917
  aes_128_wrappad_get_params                                     4917
  aes_192_wrapinv_get_params                                     4917
  aes_256_wrap_get_params                                        4917
  aria_128_cfb1_get_params                                       4917
  aria_128_ctr_get_params                                        4917
  aria_256_gcm_get_params                                        4917
  tiny_malloc_from_free_list                                     4917
  aes_256_ecb_get_params                                         4958
  aes_256_xts_get_params                                         4958
  aria_192_cfb_get_params                                        4958
  sm4_128_ecb_get_params                                         4958
  EVP_aes_128_cbc_hmac_sha1                                      4959
  aes_cts_192_cbc_get_params                                     4959
  aria_128_cbc_get_params                                        4959
  tdes_ede2_ofb_get_params                                       4959
  EVP_aes_128_cbc_hmac_sha256                                    5000
  aes_128_wrap_get_params                                        5000
  aes_cts_256_cbc_get_params                                     5000
  aria_256_cfb1_get_params                                       5000
  aria_256_ctr_get_params                                        5000
  aria_256_ecb_get_params                                        5000
  camellia_192_ctr_get_params                                    5000
  ossl_self_test_set_callback_new                                5000
  sm4_128_xts_get_params                                         5000
  tdes_ede2_cfb_get_params                                       5000
  ENGINE_load_builtin_engines                                    5041
  aes_256_ocb_get_params                                         5041
  aria_128_ccm_get_params                                        5041
  aria_256_ofb_get_params                                        5041
  engine_pkey_meths_free                                         5041
  sm4_128_cfb128_get_params                                      5041
  aes_192_wrappad_get_params                                     5042
  strchr                                                         5083
  OSSL_STORE_LOADER_set_expect                                   5084
  camellia_128_ctr_get_params                                    5084
  Diagnostics::clearError()                                      5125
  aria_128_cfb8_get_params                                       5125
  aria_256_cfb8_get_params                                       5125
  aria_256_cfb_get_params                                        5125
  camellia_128_ecb_get_params                                    5125
  ossl_indicator_set_callback_new                                5125
  ossl_rand_cleanup_int                                          5125
  ossl_store_register_init                                       5125
  sm4_128_ofb128_get_params                                      5125
  tdes_ede3_cfb1_get_params                                      5125
  OSSL_STORE_LOADER_free                                         5166
  aria_256_ccm_get_params                                        5166
  EVP_CIPHER_get_key_length                                      5167
  aria_128_ofb_get_params                                        5167
  tdes_ede3_cfb8_get_params                                      5167
  camellia_192_cfb8_get_params                                   5208
  pthread_self                                                   5208
  aes_128_wrapinv_get_params                                     5209
  camellia_256_cfb8_get_params                                   5209
  memset                                                         5209
  aria_192_ccm_get_params                                        5250
  camellia_128_cfb1_get_params                                   5250
  camellia_128_cfb8_get_params                                   5250
  camellia_128_cfb_get_params                                    5250
  camellia_192_ecb_get_params                                    5250
  camellia_256_ofb_get_params                                    5250
  engine_remove_dynamic_id                                       5250
  tdes_ede3_ecb_get_params                                       5250
  medium_region_for_ptr_no_lock                                  5291
  aes_192_wrappadinv_get_params                                  5292
  aes_256_wrapinv_get_params                                     5333
  camellia_192_cfb1_get_params                                   5333
  camellia_256_cfb_get_params                                    5333
  ossl_property_match_count                                      5333
  ENGINE_get_cipher_engine                                       5334
  camellia_256_ctr_get_params                                    5375
  aes_128_wrappadinv_get_params                                  5417
  aes_256_wrappadinv_get_params                                  5417
  camellia_192_cfb_get_params                                    5417
  ossl_free_compression_methods_int                              5417
  ossl_self_test_set_callback_free                               5417
  camellia_192_cbc_get_params                                    5459
  getegid                                                        5499
  __fcntl                                                        5500
  camellia_256_cbc_get_params                                    5500
  engine_pkey_asn1_meths_free                                    5500
  ossl_init_thread_deregister                                    5500
  camellia_256_ecb_get_params                                    5542
  ossl_indicator_set_callback_free                               5583
  OPENSSL_sk_sort                                                5584
  OSSL_PARAM_get_int                                             5584
  camellia_192_ofb_get_params                                    5625
  camellia_256_cfb1_get_params                                   5625
  chacha20_poly1305_gettable_ctx_params                          5625
  camellia_128_cbc_get_params                                    5666
  OSSL_LIB_CTX_set_conf_diagnostics                              5667
  chacha20_poly1305_get_params                                   5708
  camellia_cts_192_cbc_get_params                                5709
  ossl_aes_192_gcm_siv_get_params                                5750
  camellia_128_ofb_get_params                                    5792
  ossl_aes_128_gcm_siv_get_params                                5833
  medium_malloc_from_free_list                                   5875
  EVP_CIPHER_CTX_get_block_size                                  5917
  ossl_property_has_optional                                     5917
  ossl_prov_bio_from_dispatch                                    5917
  ossl_provider_unquery_operation                                5917
  ossl_aes_256_gcm_siv_get_params                                5958
  ossl_prov_ctx_get0_core_bio_method                             6000
  app_get0_libctx                                                6041
  opt_arg                                                        6082
  camellia_cts_256_cbc_get_params                                6083
  geteuid                                                        6084
  chacha20_get_params                                            6125
  camellia_cts_128_cbc_get_params                                6292
  getuid                                                         6292
  ossl_prov_seeding_from_dispatch                                6333
  getgid                                                         6374
  aria_192_ctr_get_params                                        6417
  EVP_CIPHER_get_mode                                            6500
  close                                                          6500
  BIO_set_data                                                   6542
  EVP_RAND_CTX_free                                              6624
  dyld4::RuntimeState::notifyObjCPatching()                      6667
  dyld4::Loader::hiddenFromFlat(bool) const                      6708
  dyld3::kdebug_trace_dyld_enabled(unsigned int)                 6750
  OSSL_PARAM_get_int32                                           6832
  dyld4::handleFromLoader(dyld4::Loader const*, bool)             7166
  BIO_next                                                       7167
  OPENSSL_sk_pop                                                 7375
  _kernelrpc_mach_port_deallocate_trap                           7375
  _platform_strnlen                                              7417
  _kernelrpc_mach_port_construct_trap                            7500
  err_unshelve_state                                             7500
  EVP_CipherInit_ex                                              7584
  ENGINE_register_DH                                             7708
  bio_open_default                                               7750
  dyld4::BumpAllocator::~BumpAllocator()                         7750
  store_loader_hash                                              7750
  dyld4::JustInTimeLoader::hiddenFromFlat(bool) const             7791
  ENGINE_register_EC                                             7792
  openssl_fopen                                                  7958
  ENGINE_register_RSA                                            8083
  X509_get_default_cert_area                                     8083
  flsl                                                           8083
  lsl::Lock::lock()                                              8083
  ENGINE_register_DSA                                            8125
  ENGINE_register_RAND                                           8167
  BIO_copy_next_retry                                            8209
  lsl::EphemeralAllocator::reset()                               8250
  dyld4::Loader::beginInitializers(dyld4::RuntimeState&)             8333
  file_ctrl                                                      8459
  __sclose                                                       8501
  ossl_lib_ctx_get_concrete                                      8583
  dyld4::RuntimeState::incDlRefCount(dyld4::Loader const*)             8792
  ENGINE_register_digests                                        9000
  ossl_sa_new                                                    9001
  lsl::Vector<dyld4::Loader const*>::reserveExact(unsigned long)             9083
  ENGINE_register_ciphers                                        9167
  __sflags                                                       9208
  BIO_set_flags                                                  9374
  BIO_set_init                                                   9375
  free_small                                                     9416
  DSO_METHOD_openssl                                             9542
  dyld4::JustInTimeLoader::beginInitializers(dyld4::RuntimeState&)             9542
  ENGINE_register_pkey_meths                                     9625
  ossl_cipher_generic_einit                                      9750
  deflt_query                                                   10041
  lsl::Vector<lsl::MemoryManager::Buffer>::reserve(unsigned long)            10041
  ossl_property_free                                            10042
  OSSL_LIB_CTX_get_conf_diagnostics                             10043
  CRYPTO_atomic_or                                              10209
  ossl_cipher_generic_set_ctx_params                            10458
  ENGINE_register_pkey_asn1_meths                               10875
  strlen                                                        11000
  NCONF_get_section                                             11167
  ossl_lib_ctx_get_rcukey                                       11333
  engine_free_util                                              11582
  OPENSSL_cleanse                                               11835
  fstat                                                         12000
  ossl_sa_doall_arg                                             12000
  ossl_property_value                                           12043
  aes_siv_gettable_ctx_params                                   12126
  dyld4::RuntimeState::doSingletonPatching(dyld4::DyldCacheDataConstLazyScopedWriter&)            12208
  __bzero                                                       12417
  ossl_lib_ctx_get_ex_data_global                               12500
  ossl_cipher_capable_aes_cbc_hmac_sha1                         12583
  EVP_add_cipher                                                12625
  ossl_cipher_capable_aes_cbc_hmac_sha256                       12750
  cipher_ocb_gettable_ctx_params                                13500
  _kernelrpc_mach_vm_deallocate_trap                            13542
  aes_cbc_cts_gettable_ctx_params                               13668
  dyld4::Loader::loadDependents(Diagnostics&, dyld4::RuntimeState&, dyld4::Loader::LoadOptions const&)            13958
  lsl::EphemeralAllocator::~EphemeralAllocator()                14208
  BIO_clear_flags                                               14416
  dyld4::Loader::path() const                                   14541
  _NSGetEnviron                                                 14708
  dyld4::DyldCacheDataConstLazyScopedWriter::DyldCacheDataConstLazyScopedWriter(dyld4::RuntimeState&)            15167
  BIO_get_data                                                  15249
  DSO_free                                                      15292
  dyld4::JustInTimeLoader::loadDependents(Diagnostics&, dyld4::RuntimeState&, dyld4::Loader::LoadOptions const&)            15292
  sa_doall                                                      15417
  ossl_aes_gcm_siv_gettable_ctx_params                          15584
  CRYPTO_atomic_add                                             15585
  file_new                                                      15917
  __sflush                                                      15957
  dyld3::MachOFile::is64() const                                16041
  os_unfair_recursive_lock_unlock                               16042
  camellia_cbc_cts_gettable_ctx_params                          16375
  _kernelrpc_mach_port_destruct_trap                            16417
  rack_region_insert                                            16584
  file_free                                                     16625
  ossl_prov_is_running                                          17124
  FMT_istext                                                    17834
  CRYPTO_THREAD_lock_free                                       18082
  OPENSSL_LH_get_down_load                                      18250
  invocation function for block in dyld4::Loader::forEachPath(Diagnostics&, dyld4::RuntimeState&, char const*, dyld4::Loader::Loa            18250
  pthread_mutex_destroy                                         18332
  dyld4::JustInTimeLoader::path() const                         18334
  BIO_new                                                       18750
  kdebug_is_enabled                                             18791
  pthread_cond_init                                             19083
  small_try_realloc_in_place                                    19459
  small_free_list_remove_ptr                                    19791
  __chkstk_darwin_probe                                         20542
  mach_msg2_trap                                                20875
  small_free_list_find_by_ptr                                   20959
  property_free                                                 21250
  ___chkstk_darwin                                              21375
  dyld4::LibSystemHelpers::pthread_getspecific(unsigned long) const            21375
  dyld4::Loader::matchesPath(char const*) const                 21458
  lsl::EphemeralAllocator::deallocate_buffer(lsl::MemoryManager::Buffer)            21501
  small_size                                                    21790
  os_unfair_lock_assert_not_owner                               21791
  os_unfair_recursive_lock_lock_with_options                    23082
  dyld4::ProcessConfig::DyldCache::indexOfPath(char const*, unsigned int&) const            23417
  small_free_list_remove_ptr_no_clear                           24166
  pthread_mutex_init                                            25500
  dyld4::Loader::loadAddress(dyld4::RuntimeState&) const            26125
  __findenv_locked                                              26209
  dyld3::ScopedTimer::endTimer()                                26251
  ossl_property_name                                            26416
  lsl::MemoryManager::lockGuard()                               26875
  OPENSSL_strnlen                                               27416
  dyld4::JustInTimeLoader::loadAddress(dyld4::RuntimeState&) const            28541
  OPENSSL_sk_delete                                             29291
  _pthread_mutex_check_init_slow                                33209
  lsl::AllocationMetadata::AllocationMetadata(lsl::Allocator*, unsigned long)            33667
  _kernelrpc_mach_vm_map_trap                                   34124
  CRYPTO_new_ex_data                                            34958
  OPENSSL_LH_set_down_load                                      35375
  __open                                                        37084
  small_free_list_add_ptr                                       37374
  szone_good_size                                               37666
  __read_nocancel                                               37791
  dyld4::LibSystemHelpers::os_unfair_recursive_lock_unlock(os_unfair_recursive_lock_s*) const            38293
  OPENSSL_sk_free                                               40791
  dyld4::LibSystemHelpers::os_unfair_lock_unlock(os_unfair_lock_s*) const            41167
  EVP_PKEY_asn1_get0                                            42664
  Diagnostics::hasError() const                                 42748
  ossl_rcu_write_lock                                           43041
  Diagnostics::noError() const                                  44292
  ossl_rcu_write_unlock                                         45417
  pthread_setspecific                                           46666
  ossl_tdes_gettable_ctx_params                                 46793
  get_tiny_previous_free_msize                                  47669
  tiny_free_list_remove_ptr                                     47833
  madvise                                                       48374
  __write_nocancel                                              49375
  dyld4::RuntimeState::PermanentRanges::contains(unsigned long, unsigned long, unsigned char*, dyld4::Loader const**) const            50292
  dyld3::MachOFile::read_uleb128(Diagnostics&, unsigned char const*&, unsigned char const*)            52041
  dyld4::LibSystemHelpers::os_unfair_recursive_lock_lock_with_options(os_unfair_recursive_lock_s*, os_unfair_lock_options_t) cons            52708
  EVP_PKEY_asn1_get0_info                                       53749
  small_malloc_from_free_list                                   55040
  szone_malloc                                                  55458
  pthread_cond_broadcast                                        55958
  tiny_size                                                     58208
  dyld4::LibSystemHelpers::os_unfair_lock_lock_with_options(os_unfair_lock_s*, os_unfair_lock_options_t) const            59999
  _tiny_check_and_zero_inline_meta_from_freelist                60500
  realloc                                                       61045
  lsl::EphemeralAllocator::allocate_buffer(unsigned long, unsigned long, unsigned long)            62042
  set_tiny_meta_header_in_use                                   64125
  _qsort                                                        67835
  os_unfair_lock_assert_owner                                   69915
  strcmp                                                        69959
  ossl_cipher_aead_gettable_ctx_params                          70582
  _szone_free                                                   71124
  OPENSSL_sk_pop_free                                           73045
  __close_nocancel                                              77168
  tiny_free_list_add_ptr                                        78627
  szone_try_free_default                                        79249
  dyld3::kdebug_trace_dyld_duration_end(unsigned long long, unsigned int, dyld3::kt_arg, dyld3::kt_arg, dyld3::kt_arg)            80583
  invocation function for block in dyld3::MachOFile::getDylibInstallName(char const**, unsigned int*, unsigned int*) const            81376
  rack_get_thread_index                                         82333
  property_hash                                                 84624
  EVP_CIPHER_get_type                                           91291
  dyld4::Loader::contains(dyld4::RuntimeState&, void const*, void const**, unsigned long long*, unsigned char*) const            94542
  dyld3::OverflowSafeArray<unsigned int, 4294967295ul>::verifySpace(unsigned long)            97415
  pthread_cond_signal                                          104503
  Diagnostics::assertNoError() const                           110251
  pthread_rwlock_init                                          111749
  nanov2_size                                                  112293
  __open_nocancel                                              121292
  pthread_rwlock_destroy                                       127794
  os_unfair_lock_unlock                                        129002
  Diagnostics::~Diagnostics()                                  139878
  Diagnostics::Diagnostics(bool)                               152373
  get_legacy_evp_names                                         161710
  ossl_ctype_check                                             169082
  os_unfair_lock_lock_with_options                             173624
  invocation function for block in dyld3::MachOFile::getEntry(unsigned long long&, bool&) const           190957
  nanov2_pointer_size                                          194124
  EVP_MD_get_type                                              195081
  nanov2_allocate_from_block                                   206957
  free                                                         207165
  _Block_object_dispose                                        209966
  OPENSSL_hexchar2int                                          242666
  ossl_sa_set                                                  256620
  trim_ws                                                      272376
  strncmp                                                      284167
  invocation function for block in dyld4::JustInTimeLoader::contains(dyld4::RuntimeState&, void const*, void const**, unsigned lo           291750
  BUF_MEM_new                                                  301546
  names_free                                                   323173
  OBJ_get0_data                                                330754
  OPENSSL_LH_doall                                             342664
  OPENSSL_LH_flush                                             343083
  OSSL_PARAM_set_uint                                          346380
  ossl_provider_ctx                                            350959
  EVP_CIPHER_get_nid                                           372081
  conf_value_cmp                                               374709
  ossl_lib_ctx_unlock                                          383294
  invocation function for block in dyld3::MachOLoaded::findClosestSymbol(unsigned long long, char const**, unsigned long long*) c           401084
  OSSL_PARAM_locate_const                                      406468
  ossl_lib_ctx_read_lock                                       430750
  OPENSSL_LH_set_thunks                                        437412
  property_defn_cmp                                            453666
  ossl_cipher_generic_gettable_ctx_params                      455835
  value_free_hash                                              465624
  evp_cipher_up_ref                                            466174
  property_defn_hash                                           471416
  function_hash                                                481794
  CRYPTO_realloc                                               484583
  BN_free                                                      487206
  ossl_provider_free                                           493831
  ossl_provider_up_ref                                         506046
  eat_alpha_numeric                                            506135
  ASN1_OBJECT_free                                             511296
  OSSL_PARAM_set_uint32                                        517999
  ossl_sa_get                                                  524464
  OSSL_PARAM_construct_end                                     561742
  sa_free_node                                                 562903
  EVP_CIPHER_get0_provider                                     573550
  OSSL_PARAM_construct_uint                                    579874
  do_all_fn                                                    588413
  evp_cipher_free                                              593241
  EVP_CIPHER_free                                              655630
  ossl_provider_libctx                                         812452
  invocation function for block in dyld3::MachOLoaded::getLinkEditLoadCommands(Diagnostics&, dyld3::MachOLoaded::LinkEditInfo&) c           824211
  _platform_strncmp                                            863330
  internal_free_nop                                            888207
  OPENSSL_LH_error                                             916999
  name_string_free                                             924504
  invocation function for block in dyld3::MachOFile::forEachSegment(void (dyld3::MachOFile::SegmentInfo const&, bool&) block_poin          1101330
  BUF_MEM_grow                                                1109007
  OSSL_PARAM_set_size_t                                       1149203
  sk_reserve                                                  1168413
  pthread_getspecific                                         1179669
  _os_once                                                    1217204
  CRYPTO_THREAD_get_local                                     1315123
  _platform_memchr                                            1342742
  ossl_rcu_assign_uptr                                        1421447
  OSSL_PARAM_set_uint64                                       1549168
  names_lh_free_doall                                         1570956
  ossl_lib_ctx_get_data                                       1640005
  OSSL_PARAM_set_int                                          1643008
  pthread_mutex_lock                                          1715289
  _platform_strchr                                            1771115
  pthread_mutex_unlock                                        1827464
  OSSL_PARAM_construct_size_t                                 1850675
  _nanov2_free                                                1936106
  _pthread_mutex_lock_init_slow                               1979286
  OPENSSL_sk_push                                             1984954
  OPENSSL_sk_num                                              2023095
  _pthread_mutex_unlock_init_slow                             2095331
  _pthread_mutex_firstfit_lock_slow                           2198411
  _pthread_mutex_firstfit_unlock_slow                         2287412
  OPENSSL_sk_value                                            2348602
  OSSL_PARAM_set_int32                                        2510088
  obj_name_cmp                                                2517164
  OPENSSL_LH_strhash                                          2692374
  _platform_memcmp                                            2795627
  OSSL_PARAM_construct_int                                    2815698
  pthread_once                                                3080995
  OBJ_nid2obj                                                 3144935
  CRYPTO_atomic_load                                          3344373
  pthread_rwlock_rdlock                                       3361839
  SortFnByName                                                3443918
  ossl_lh_strcasehash                                         3698219
  __error                                                     3721308
  cipher_compare                                              3975234
  ossl_isdigit                                                4011933
  fnv1a_hash                                                  4484480
  _platform_memmove                                           6541289
  pthread_rwlock_wrlock                                       6705818
  pthread_rwlock_unlock                                      10048843
  err_string_data_cmp                                        10846246
  CRYPTO_free                                                12511379
  malloc                                                     13414943
  doapr_outch                                                15244994
  err_string_data_hash                                       16507625
  nanov2_malloc                                              18616602
  _platform_strlen                                           23272072
  _platform_memset                                           25997720
  nanov2_try_free_default                                    26614265
  _platform_strcmp                                           28657882
  ossl_tolower                                               60767015
