
  sigaction                                                      1750
  pd_free                                                        1792
  EVP_md5                                                        1875
  EVP_mdc2                                                       1875
  EVP_sha224                                                     1917
  EVP_rc4_40                                                     2000
  UI_OpenSSL                                                     2000
  UI_null                                                        2000
  EVP_bf_cbc                                                     2042
  EVP_des_ecb                                                    2042
  EVP_des_ede                                                    2042
  EVP_sha1                                                       2042
  EVP_sha384                                                     2084
  EVP_rc4                                                        2125
  EVP_sha512                                                     2125
  EVP_sm3                                                        2125
  EVP_sm4_cbc                                                    2125
  EVP_sm4_ctr                                                    2125
  EVP_idea_ofb                                                   2166
  EVP_des_cfb8                                                   2167
  EVP_des_ofb                                                    2167
  EVP_rc2_ofb                                                    2167
  opt_unknown                                                    2167
  _cleanup                                                       2208
  EVP_cast5_ofb                                                  2250
  strchr                                                         2250
  EVP_bf_ofb                                                     2292
  EVP_des_cbc                                                    2292
  EVP_idea_cbc                                                   2292
  EVP_seed_cbc                                                   2292
  EVP_sha3_384                                                   2292
  EVP_bf_cfb64                                                   2333
  EVP_rc2_cbc                                                    2333
  EVP_sha3_512                                                   2333
  EVP_shake256                                                   2333
  EVP_md4                                                        2334
  EVP_ripemd160                                                  2375
  EVP_sha3_224                                                   2375
  EVP_shake128                                                   2375
  app_get0_propq                                                 2375
  EVP_rc2_ecb                                                    2417
  EVP_seed_ofb                                                   2417
  EVP_aes_256_cbc                                                2458
  EVP_aes_256_ctr                                                2458
  EVP_des_ede3                                                   2458
  EVP_rc2_cfb64                                                  2458
  EVP_seed_ecb                                                   2458
  EVP_sha512_256                                                 2458
  EVP_sm4_ecb                                                    2458
  EVP_sm4_ofb                                                    2458
  EVP_blake2s256                                                 2459
  COMP_get_type                                                  2500
  EVP_des_ede_ofb                                                2500
  EVP_rc2_64_cbc                                                 2541
  opt_next                                                       2541
  release_engine                                                 2541
  EVP_aes_128_cbc                                                2542
  EVP_bf_ecb                                                     2542
  EVP_des_ede_cbc                                                2542
  EVP_desx_cbc                                                   2542
  EVP_idea_cfb64                                                 2542
  EVP_sha512_224                                                 2542
  EVP_aes_128_ctr                                                2583
  EVP_aes_192_ccm                                                2583
  EVP_aes_192_gcm                                                2583
  EVP_aes_256_gcm                                                2583
  EVP_md5_sha1                                                   2583
  EVP_rc2_40_cbc                                                 2583
  EVP_aes_192_cbc                                                2584
  EVP_aria_192_gcm                                               2584
  EVP_cast5_ecb                                                  2584
  EVP_chacha20                                                   2584
  ENGINE_set_id                                                  2625
  EVP_aes_192_cfb8                                               2625
  EVP_aes_256_ofb                                                2625
  EVP_aria_256_ctr                                               2625
  EVP_cast5_cbc                                                  2625
  EVP_cast5_cfb64                                                2625
  EVP_idea_ecb                                                   2625
  EVP_sha3_256                                                   2625
  EVP_aes_128_ccm                                                2666
  EVP_sm4_cfb128                                                 2666
  EVP_aria_256_gcm                                               2667
  EVP_aria_256_ofb                                               2667
  lh_FUNCTION_free                                               2667
  vm_deallocate                                                  2667
  EVP_aes_128_ofb                                                2708
  EVP_aes_192_ecb                                                2708
  EVP_aes_256_ccm                                                2708
  EVP_aes_256_cfb8                                               2708
  EVP_aes_256_wrap                                               2708
  EVP_aria_128_ecb                                               2708
  EVP_aria_192_ecb                                               2708
  EVP_aria_256_ecb                                               2708
  EVP_MD_free                                                    2709
  EVP_aes_128_cfb1                                               2709
  EVP_aria_192_ctr                                               2709
  EVP_des_cfb1                                                   2709
  ENGINE_set_name                                                2750
  EVP_aes_128_xts                                                2750
  EVP_aes_192_ocb                                                2750
  EVP_aes_256_ocb                                                2750
  EVP_aria_256_cbc                                               2750
  EVP_des_ede3_cfb8                                              2750
  EVP_des_ede3_ofb                                               2750
  EVP_whirlpool                                                  2750
  EVP_aes_192_ctr                                                2791
  EVP_aria_128_ofb                                               2791
  EVP_aria_256_ccm                                               2791
  EVP_des_ede3_cbc                                               2791
  EVP_aes_192_cfb1                                               2792
  EVP_rc4_hmac_md5                                               2792
  EVP_seed_cfb128                                                2792
  query_hash                                                     2792
  EVP_aes_192_ofb                                                2833
  EVP_aes_256_cfb1                                               2833
  EVP_aria_192_cbc                                               2833
  EVP_aria_192_cfb1                                              2833
  EVP_aria_192_cfb8                                              2833
  EVP_aria_256_cfb1                                              2833
  EVP_aes_128_ocb                                                2834
  EVP_aria_192_ofb                                               2834
  ossl_trace_cleanup                                             2834
  EVP_aes_128_gcm                                                2875
  EVP_aes_192_wrap                                               2875
  EVP_aes_256_xts                                                2875
  EVP_aria_128_cbc                                               2875
  EVP_des_ede3_wrap                                              2875
  NCONF_default                                                  2875
  BIO_f_cipher                                                   2916
  EVP_aria_192_ccm                                               2917
  def_init_default                                               2958
  def_to_int                                                     2958
  OBJ_obj2txt                                                    2959
  strrchr                                                        2959
  EVP_aria_128_ctr                                               3000
  EVP_aria_256_cfb128                                            3000
  EVP_des_ede_cfb64                                              3000
  property_cmp                                                   3000
  EVP_aes_128_cfb128                                             3042
  EVP_aes_128_wrap                                               3042
  EVP_aes_256_cfb128                                             3042
  EVP_aes_256_ecb                                                3042
  EVP_aria_256_cfb8                                              3042
  EVP_des_ede3_cfb1                                              3042
  function_cmp                                                   3042
  getrlimit                                                      3042
  EVP_aes_128_wrap_pad                                           3083
  EVP_aria_128_cfb1                                              3083
  EVP_aria_128_cfb8                                              3083
  UI_method_set_writer                                           3083
  __cxa_finalize                                                 3083
  EVP_aes_192_cfb128                                             3125
  EVP_aria_128_ccm                                               3125
  EVP_blake2b512                                                 3125
  EVP_camellia_128_cbc                                           3125
  EVP_des_cfb64                                                  3125
  EVP_des_ede3_cfb64                                             3125
  UI_method_set_closer                                           3125
  EVP_aes_128_cfb8                                               3166
  EVP_aria_128_gcm                                               3166
  EVP_camellia_192_cfb8                                          3166
  EVP_aria_192_cfb128                                            3167
  EVP_camellia_128_ofb                                           3167
  EVP_camellia_256_ofb                                           3167
  EVP_aes_128_ecb                                                3208
  EVP_camellia_128_cfb8                                          3208
  EVP_camellia_192_ofb                                           3208
  OSSL_LIB_CTX_get_data                                          3208
  EVP_aria_128_cfb128                                            3209
  signal                                                         3209
  EVP_aes_192_wrap_pad                                           3250
  EVP_camellia_192_cbc                                           3250
  EVP_camellia_192_ctr                                           3250
  EVP_camellia_256_cbc                                           3250
  EVP_camellia_256_cfb1                                          3250
  OSSL_PARAM_modified                                            3250
  ossl_store_cleanup_int                                         3250
  EVP_camellia_256_cfb8                                          3291
  __smakebuf                                                     3291
  bio_sock_cleanup_int                                           3291
  EVP_camellia_192_cfb1                                          3292
  UI_method_set_reader                                           3292
  EVP_camellia_128_ctr                                           3333
  ossl_prov_ctx_new                                              3333
  EVP_camellia_256_ctr                                           3334
  ossl_comp_zstd_cleanup                                         3334
  EVP_CIPHER_get_flags                                           3375
  EVP_aes_256_wrap_pad                                           3375
  EVP_camellia_128_cfb1                                          3375
  EVP_camellia_256_ecb                                           3375
  EVP_chacha20_poly1305                                          3375
  app_RAND_write                                                 3417
  ENGINE_set_flags                                               3459
  init_thread_stop                                               3500
  opt_set_unknown_name                                           3542
  EVP_add_alg_module                                             3583
  UI_method_set_opener                                           3583
  OSSL_STORE_register_loader                                     3584
  COMP_zlib                                                      3625
  EVP_camellia_192_cfb128                                        3625
  EVP_camellia_192_ecb                                           3625
  __getrlimit                                                    3625
  ossl_comp_zlib_cleanup                                         3625
  ossl_prov_ctx_free                                             3625
  store_loader_cmp                                               3625
  BIO_meth_set_ctrl                                              3666
  EVP_camellia_256_cfb128                                        3666
  ASN1_add_stable_module                                         3667
  EVP_camellia_128_cfb128                                        3667
  engine_load_rdrand_int                                         3667
  evp_app_cleanup_int                                            3667
  ossl_lib_ctx_write_lock                                        3708
  EVP_camellia_128_ecb                                           3709
  tiny_free_no_lock                                              3709
  BIO_meth_set_puts                                              3750
  free_medium                                                    3750
  BIO_meth_set_gets                                              3791
  NCONF_get0_libctx                                              3791
  ossl_prov_ctx_set0_handle                                      3791
  ossl_comp_brotli_cleanup                                       3792
  EVP_CipherFinal_ex                                             3833
  EVP_CipherUpdate                                               3833
  ossl_prov_ctx_get0_libctx                                      3833
  ASN1_add_oid_module                                            3875
  ERR_get_error_all                                              3875
  dyld4::APIs::_tlv_exit()                                       3875
  ENGINE_set_cmd_defns                                           3916
  ERR_print_errors                                               3917
  opt_check_rest_arg                                             3917
  BIO_meth_set_destroy                                           4000
  ENGINE_add_conf_module                                         4000
  EVP_PKEY_asn1_get_count                                        4000
  core_get_libctx                                                4000
  close                                                          4042
  ossl_prov_ctx_set0_libctx                                      4042
  ossl_stored_namemap_free                                       4042
  EVP_CIPHER_fetch                                               4083
  EVP_CIPHER_get_iv_length                                       4083
  BIO_meth_set_create                                            4084
  ossl_child_prov_ctx_new                                        4084
  aes_v8_set_encrypt_key                                         4125
  ossl_method_unlock_store                                       4125
  OSSL_LIB_CTX_free                                              4166
  ossl_config_add_ssl_module                                     4166
  CRYPTO_THREAD_get_current_id                                   4167
  aes_192_ctr_get_params                                         4167
  lsl::Lock::unlock()                                            4167
  chacha20_get_params                                            4250
  ossl_method_lock_store                                         4250
  OSSL_CMP_log_close                                             4291
  ossl_bio_core_globals_new                                      4291
  ossl_lib_ctx_is_default                                        4291
  OSSL_STORE_unregister_loader                                   4292
  aes_128_ctr_get_params                                         4292
  aes_256_ccm_get_params                                         4292
  aes_192_ecb_get_params                                         4333
  aes_256_ofb_get_params                                         4333
  BIO_meth_set_read_ex                                           4334
  aes_256_siv_get_params                                         4334
  null_gettable_ctx_params                                       4334
  ENGINE_set_ctrl_function                                       4375
  aes_128_cbc_get_params                                         4375
  aes_128_ccm_get_params                                         4375
  aes_128_xts_get_params                                         4375
  aes_192_cfb_get_params                                         4375
  aes_256_ctr_get_params                                         4375
  aria_192_ecb_get_params                                        4375
  sm4_128_cbc_get_params                                         4375
  sm4_128_xts_get_params                                         4375
  CONF_imodule_get_value                                         4416
  EVP_aes_256_cbc_hmac_sha1                                      4416
  EVP_sha256                                                     4417
  ossl_bio_core_globals_free                                     4417
  OSSL_ERR_STATE_new                                             4458
  OSSL_STORE_LOADER_set_eof                                      4458
  __sigaction                                                    4458
  aes_192_gcm_get_params                                         4458
  aria_256_ctr_get_params                                        4458
  chacha20_gettable_ctx_params                                   4458
  aes_128_cfb1_get_params                                        4459
  aes_128_ecb_get_params                                         4459
  aes_192_cbc_get_params                                         4500
  aes_192_ofb_get_params                                         4500
  aes_192_wrap_get_params                                        4500
  aes_256_cbc_get_params                                         4500
  aria_128_cfb8_get_params                                       4500
  aria_128_ofb_get_params                                        4500
  aria_256_ofb_get_params                                        4500
  ossl_rand_cleanup_int                                          4500
  sm4_128_ccm_get_params                                         4500
  sm4_128_ctr_get_params                                         4500
  tdes_wrap_get_params                                           4500
  BIO_meth_set_write_ex                                          4542
  aes_v8_ctr32_encrypt_blocks                                    4542
  aria_192_cfb1_get_params                                       4542
  aes_256_cfb8_get_params                                        4583
  aes_256_gcm_get_params                                         4583
  aria_128_ccm_get_params                                        4583
  aria_128_cfb1_get_params                                       4583
  aria_256_cfb_get_params                                        4583
  tdes_ede3_cbc_get_params                                       4583
  aes_128_ofb_get_params                                         4584
  aes_128_cfb8_get_params                                        4625
  aes_192_ocb_get_params                                         4625
  aria_128_cbc_get_params                                        4625
  aria_192_ofb_get_params                                        4625
  aria_256_cfb8_get_params                                       4625
  ossl_cipher_generic_reset_ctx                                  4625
  ossl_ctx_global_properties_new                                 4625
  tdes_ede2_cbc_get_params                                       4625
  tdes_ede3_cfb_get_params                                       4625
  ENGINE_set_init_function                                       4667
  OSSL_STORE_LOADER_free                                         4667
  aes_128_cfb_get_params                                         4667
  aes_128_wrap_get_params                                        4667
  aes_192_siv_get_params                                         4667
  aes_256_cfb_get_params                                         4667
  sm4_128_ecb_get_params                                         4667
  OPENSSL_cpuid_setup                                            4708
  OSSL_STORE_LOADER_set_close                                    4708
  UI_method_set_prompt_constructor                               4708
  aes_128_ocb_get_params                                         4708
  aria_128_ctr_get_params                                        4708
  def_is_number                                                  4708
  ossl_provider_add_conf_module                                  4708
  ossl_random_add_conf_module                                    4708
  ossl_store_register_init                                       4708
  tdes_ede2_ecb_get_params                                       4708
  tiny_try_realloc_in_place                                      4708
  ENGINE_set_finish_function                                     4709
  OSSL_trace_set_channel                                         4709
  aria_192_ctr_get_params                                        4709
  tdes_ede2_cfb_get_params                                       4709
  EVP_aes_256_cbc_hmac_sha256                                    4750
  OSSL_STORE_LOADER_set_error                                    4750
  aes_192_ccm_get_params                                         4750
  aes_256_xts_get_params                                         4750
  aria_128_ecb_get_params                                        4750
  aria_128_gcm_get_params                                        4750
  aria_192_gcm_get_params                                        4750
  pthread_cond_destroy                                           4750
  aria_192_cfb8_get_params                                       4792
  aria_256_cfb1_get_params                                       4792
  camellia_128_ecb_get_params                                    4792
  aes_128_gcm_get_params                                         4833
  aes_128_siv_get_params                                         4833
  camellia_256_cfb_get_params                                    4833
  sm4_128_cfb128_get_params                                      4833
  sm4_128_gcm_get_params                                         4833
  aes_cts_192_cbc_get_params                                     4834
  aria_256_cbc_get_params                                        4834
  ossl_prov_ctx_set0_core_bio_method                             4834
  ENGINE_load_builtin_engines                                    4875
  OSSL_STORE_LOADER_set_load                                     4875
  aes_128_wrappad_get_params                                     4875
  aes_192_cfb8_get_params                                        4875
  aes_256_ocb_get_params                                         4875
  aria_192_cfb_get_params                                        4875
  ossl_prov_cipher_hw_aes_ctr                                    4875
  aria_128_cfb_get_params                                        4916
  EVP_aes_128_cbc_hmac_sha256                                    4917
  aes_256_ecb_get_params                                         4917
  aria_256_ccm_get_params                                        4917
  engine_pkey_meths_free                                         4917
  engine_remove_dynamic_id                                       4917
  tdes_ede3_cfb1_get_params                                      4917
  Diagnostics::clearError()                                      4958
  EVP_aes_128_cbc_hmac_sha1                                      4958
  aria_192_ccm_get_params                                        4958
  camellia_192_ecb_get_params                                    4958
  tdes_ede3_ecb_get_params                                       4958
  aes_cts_256_cbc_get_params                                     4959
  aria_192_cbc_get_params                                        4959
  camellia_192_cfb1_get_params                                   4959
  camellia_192_cfb_get_params                                    4959
  camellia_192_ctr_get_params                                    4959
  camellia_256_ctr_get_params                                    4959
  BIO_free                                                       5000
  OSSL_STORE_LOADER_set_expect                                   5000
  aes_192_wrapinv_get_params                                     5000
  camellia_192_ofb_get_params                                    5000
  camellia_256_cbc_get_params                                    5000
  camellia_256_cfb1_get_params                                   5000
  __fcntl                                                        5041
  aes_cts_128_cbc_get_params                                     5041
  aria_256_ecb_get_params                                        5041
  camellia_128_cfb8_get_params                                   5041
  ossl_property_has_optional                                     5041
  aes_256_wrap_get_params                                        5042
  aes_256_wrapinv_get_params                                     5042
  aes_256_wrappad_get_params                                     5042
  camellia_128_ctr_get_params                                    5042
  camellia_256_ofb_get_params                                    5042
  ossl_property_match_count                                      5042
  pthread_self                                                   5042
  sm4_128_ofb128_get_params                                      5042
  tdes_ede3_cfb8_get_params                                      5042
  camellia_256_cfb8_get_params                                   5083
  ossl_indicator_set_callback_free                               5083
  tdes_ede2_ofb_get_params                                       5083
  OSSL_STORE_LOADER_set_open                                     5084
  aes_256_wrappadinv_get_params                                  5084
  memset                                                         5124
  aes_256_cfb1_get_params                                        5125
  camellia_128_ofb_get_params                                    5125
  camellia_192_cfb8_get_params                                   5125
  ossl_self_test_set_callback_free                               5125
  tdes_ede3_ofb_get_params                                       5125
  OPENSSL_sk_sort                                                5166
  camellia_128_cfb1_get_params                                   5166
  engine_pkey_asn1_meths_free                                    5166
  ossl_indicator_set_callback_new                                5166
  EVP_CIPHER_get_key_length                                      5167
  camellia_128_cfb_get_params                                    5167
  ossl_self_test_set_callback_new                                5167
  camellia_cts_192_cbc_get_params                                5208
  ENGINE_get_cipher_engine                                       5250
  aes_128_wrapinv_get_params                                     5250
  aes_192_wrappad_get_params                                     5250
  camellia_192_cbc_get_params                                    5250
  medium_region_for_ptr_no_lock                                  5250
  aria_256_gcm_get_params                                        5291
  aes_128_wrappadinv_get_params                                  5292
  camellia_256_ecb_get_params                                    5292
  ossl_free_compression_methods_int                              5292
  OSSL_PARAM_get_int                                             5334
  ossl_prov_ctx_get0_core_bio_method                             5334
  ossl_init_thread_deregister                                    5375
  camellia_128_cbc_get_params                                    5458
  ossl_provider_unquery_operation                                5459
  aes_192_wrappadinv_get_params                                  5500
  chacha20_poly1305_get_params                                   5500
  ossl_aes_192_gcm_siv_get_params                                5541
  aes_192_cfb1_get_params                                        5542
  ossl_aes_256_gcm_siv_get_params                                5542
  app_get0_libctx                                                5584
  EVP_CIPHER_CTX_get_block_size                                  5625
  camellia_cts_128_cbc_get_params                                5667
  getegid                                                        5709
  camellia_cts_256_cbc_get_params                                5750
  chacha20_poly1305_gettable_ctx_params                          5750
  medium_malloc_from_free_list                                   5750
  ossl_aes_128_gcm_siv_get_params                                5750
  free_small                                                     5791
  OSSL_LIB_CTX_set_conf_diagnostics                              5834
  lsl::Lock::lock()                                              5875
  opt_arg                                                        5875
  geteuid                                                        5916
  ossl_prov_bio_from_dispatch                                    6083
  BIO_set_data                                                   6167
  getuid                                                         6167
  getgid                                                         6250
  ossl_prov_seeding_from_dispatch                                6250
  EVP_CIPHER_get_mode                                            6334
  OSSL_PARAM_get_int32                                           6499
  EVP_RAND_CTX_free                                              6500
  dyld4::Loader::hiddenFromFlat(bool) const                      6791
  dyld3::kdebug_trace_dyld_enabled(unsigned int)                 6833
  dyld4::RuntimeState::notifyObjCPatching()                      6875
  dyld4::BumpAllocator::~BumpAllocator()                         7000
  BIO_next                                                       7043
  _kernelrpc_mach_port_deallocate_trap                           7292
  _platform_strnlen                                              7333
  store_loader_hash                                              7333
  bio_open_default                                               7416
  EVP_CipherInit_ex                                              7583
  openssl_fopen                                                  7624
  dyld4::handleFromLoader(dyld4::Loader const*, bool)             7625
  _kernelrpc_mach_port_construct_trap                            7709
  dyld4::JustInTimeLoader::hiddenFromFlat(bool) const             7792
  flsl                                                           7874
  ENGINE_register_EC                                             7917
  ENGINE_register_DH                                             7958
  OPENSSL_sk_pop                                                 7959
  file_ctrl                                                      8000
  BIO_copy_next_retry                                            8083
  __sclose                                                       8083
  err_unshelve_state                                             8125
  X509_get_default_cert_area                                     8167
  ENGINE_register_RAND                                           8291
  ossl_lib_ctx_get_concrete                                      8333
  ENGINE_register_RSA                                            8374
  ENGINE_register_DSA                                            8459
  __sflags                                                       8542
  lsl::EphemeralAllocator::reset()                               8625
  dyld4::Loader::beginInitializers(dyld4::RuntimeState&)             8833
  strlen                                                         9000
  ossl_sa_new                                                    9042
  ossl_property_free                                             9084
  BIO_set_init                                                   9125
  lsl::Vector<dyld4::Loader const*>::reserveExact(unsigned long)             9167
  ENGINE_register_digests                                        9251
  ENGINE_register_ciphers                                        9292
  dyld4::RuntimeState::incDlRefCount(dyld4::Loader const*)             9334
  ossl_cipher_generic_einit                                      9458
  BIO_set_flags                                                  9459
  DSO_METHOD_openssl                                             9624
  dyld4::JustInTimeLoader::beginInitializers(dyld4::RuntimeState&)            10042
  ENGINE_register_pkey_meths                                    10126
  lsl::Vector<lsl::MemoryManager::Buffer>::reserve(unsigned long)            10167
  ossl_cipher_generic_set_ctx_params                            10167
  OSSL_LIB_CTX_get_conf_diagnostics                             10209
  tiny_malloc_from_free_list                                    10209
  ossl_lib_ctx_get_ex_data_global                               10333
  CRYPTO_atomic_or                                              10583
  ossl_lib_ctx_get_rcukey                                       10875
  ossl_sa_doall_arg                                             11041
  engine_free_util                                              11124
  ENGINE_register_pkey_asn1_meths                               11166
  NCONF_get_section                                             11375
  aes_siv_gettable_ctx_params                                   11957
  OPENSSL_cleanse                                               12085
  __bzero                                                       12208
  _kernelrpc_mach_vm_deallocate_trap                            12250
  dyld4::RuntimeState::doSingletonPatching(dyld4::DyldCacheDataConstLazyScopedWriter&)            12583
  ossl_property_value                                           12583
  EVP_add_cipher                                                12624
  ossl_cipher_capable_aes_cbc_hmac_sha1                         12792
  deflt_query                                                   12834
  aes_cbc_cts_gettable_ctx_params                               13542
  cipher_ocb_gettable_ctx_params                                13584
  DSO_free                                                      13750
  dyld4::Loader::loadDependents(Diagnostics&, dyld4::RuntimeState&, dyld4::Loader::LoadOptions const&)            13750
  dyld4::DyldCacheDataConstLazyScopedWriter::DyldCacheDataConstLazyScopedWriter(dyld4::RuntimeState&)            13959
  sa_doall                                                      14292
  BIO_clear_flags                                               14460
  lsl::EphemeralAllocator::~EphemeralAllocator()                14624
  CRYPTO_atomic_add                                             14707
  dyld4::Loader::path() const                                   14750
  __sflush                                                      14792
  ossl_cipher_capable_aes_cbc_hmac_sha256                       14792
  BIO_get_data                                                  14834
  _NSGetEnviron                                                 14834
  fstat                                                         15165
  ossl_aes_gcm_siv_gettable_ctx_params                          15291
  dyld4::JustInTimeLoader::loadDependents(Diagnostics&, dyld4::RuntimeState&, dyld4::Loader::LoadOptions const&)            15292
  camellia_cbc_cts_gettable_ctx_params                          15583
  file_new                                                      15791
  dyld3::MachOFile::is64() const                                16084
  _kernelrpc_mach_port_destruct_trap                            16417
  file_free                                                     16584
  os_unfair_recursive_lock_unlock                               16626
  ossl_prov_is_running                                          17041
  pthread_mutex_destroy                                         17166
  CRYPTO_THREAD_lock_free                                       17539
  invocation function for block in dyld4::Loader::forEachPath(Diagnostics&, dyld4::RuntimeState&, char const*, dyld4::Loader::Loa            17666
  FMT_istext                                                    17791
  OPENSSL_LH_get_down_load                                      18001
  dyld4::JustInTimeLoader::path() const                         18541
  BIO_new                                                       18542
  rack_region_insert                                            18959
  pthread_cond_init                                             19375
  small_try_realloc_in_place                                    19751
  property_free                                                 20292
  dyld4::LibSystemHelpers::pthread_getspecific(unsigned long) const            20333
  dyld4::Loader::matchesPath(char const*) const                 20874
  __chkstk_darwin_probe                                         20876
  os_unfair_recursive_lock_lock_with_options                    21041
  kdebug_is_enabled                                             21083
  lsl::EphemeralAllocator::deallocate_buffer(lsl::MemoryManager::Buffer)            21459
  mach_msg2_trap                                                21500
  small_size                                                    22248
  ___chkstk_darwin                                              22250
  os_unfair_lock_assert_not_owner                               22375
  dyld4::ProcessConfig::DyldCache::indexOfPath(char const*, unsigned int&) const            22751
  small_free_list_find_by_ptr                                   24416
  __open                                                        25209
  pthread_mutex_init                                            25250
  ossl_property_name                                            26166
  __findenv_locked                                              26707
  dyld3::ScopedTimer::endTimer()                                26750
  dyld4::Loader::loadAddress(dyld4::RuntimeState&) const            26792
  OPENSSL_strnlen                                               27249
  small_free_list_remove_ptr                                    28042
  lsl::MemoryManager::lockGuard()                               28083
  OPENSSL_sk_delete                                             28459
  dyld4::JustInTimeLoader::loadAddress(dyld4::RuntimeState&) const            29043
  tiny_free_list_remove_ptr                                     32375
  _pthread_mutex_check_init_slow                                32541
  lsl::AllocationMetadata::AllocationMetadata(lsl::Allocator*, unsigned long)            33208
  CRYPTO_new_ex_data                                            34083
  small_free_list_remove_ptr_no_clear                           34874
  OPENSSL_LH_set_down_load                                      34876
  _kernelrpc_mach_vm_map_trap                                   36041
  szone_good_size                                               37582
  __read_nocancel                                               38542
  dyld4::LibSystemHelpers::os_unfair_recursive_lock_unlock(os_unfair_recursive_lock_s*) const            38834
  OPENSSL_sk_free                                               39709
  get_tiny_previous_free_msize                                  40416
  __write_nocancel                                              40751
  dyld4::LibSystemHelpers::os_unfair_lock_unlock(os_unfair_lock_s*) const            41584
  ossl_rcu_write_lock                                           41876
  Diagnostics::hasError() const                                 42083
  EVP_PKEY_asn1_get0                                            42709
  small_free_list_add_ptr                                       44042
  ossl_rcu_write_unlock                                         44498
  Diagnostics::noError() const                                  45168
  ossl_tdes_gettable_ctx_params                                 46084
  small_malloc_from_free_list                                   48416
  pthread_setspecific                                           48709
  dyld3::MachOFile::read_uleb128(Diagnostics&, unsigned char const*&, unsigned char const*)            49374
  madvise                                                       49458
  _tiny_check_and_zero_inline_meta_from_freelist                50749
  dyld4::RuntimeState::PermanentRanges::contains(unsigned long, unsigned long, unsigned char*, dyld4::Loader const**) const            51375
  dyld4::LibSystemHelpers::os_unfair_recursive_lock_lock_with_options(os_unfair_recursive_lock_s*, os_unfair_lock_options_t) cons            52917
  szone_malloc                                                  53457
  pthread_cond_broadcast                                        54291
  EVP_PKEY_asn1_get0_info                                       55666
  tiny_size                                                     58461
  dyld4::LibSystemHelpers::os_unfair_lock_lock_with_options(os_unfair_lock_s*, os_unfair_lock_options_t) const            60376
  lsl::EphemeralAllocator::allocate_buffer(unsigned long, unsigned long, unsigned long)            61250
  realloc                                                       61497
  tiny_free_list_add_ptr                                        63001
  set_tiny_meta_header_in_use                                   63291
  _qsort                                                        64962
  _szone_free                                                   68916
  ossl_cipher_aead_gettable_ctx_params                          70584
  OPENSSL_sk_pop_free                                           70626
  strcmp                                                        72373
  __close_nocancel                                              74249
  szone_try_free_default                                        76460
  os_unfair_lock_assert_owner                                   76877
  invocation function for block in dyld3::MachOFile::getDylibInstallName(char const**, unsigned int*, unsigned int*) const            80917
  dyld3::kdebug_trace_dyld_duration_end(unsigned long long, unsigned int, dyld3::kt_arg, dyld3::kt_arg, dyld3::kt_arg)            81292
  rack_get_thread_index                                         81456
  property_hash                                                 85376
  EVP_CIPHER_get_type                                           89749
  dyld3::OverflowSafeArray<unsigned int, 4294967295ul>::verifySpace(unsigned long)            90126
  dyld4::Loader::contains(dyld4::RuntimeState&, void const*, void const**, unsigned long long*, unsigned char*) const            95668
  pthread_cond_signal                                          104709
  Diagnostics::assertNoError() const                           108165
  pthread_rwlock_init                                          111878
  nanov2_size                                                  112375
  pthread_rwlock_destroy                                       118459
  __open_nocancel                                              124501
  os_unfair_lock_unlock                                        126164
  Diagnostics::~Diagnostics()                                  139918
  Diagnostics::Diagnostics(bool)                               146794
  get_legacy_evp_names                                         159418
  ossl_ctype_check                                             167831
  os_unfair_lock_lock_with_options                             171253
  nanov2_pointer_size                                          192627
  invocation function for block in dyld3::MachOFile::getEntry(unsigned long long&, bool&) const           193623
  EVP_MD_get_type                                              194253
  free                                                         208036
  _Block_object_dispose                                        211707
  OPENSSL_hexchar2int                                          233335
  nanov2_allocate_from_block                                   241207
  ossl_sa_set                                                  247839
  strncmp                                                      271125
  trim_ws                                                      272378
  invocation function for block in dyld4::JustInTimeLoader::contains(dyld4::RuntimeState&, void const*, void const**, unsigned lo           300085
  BUF_MEM_new                                                  302910
  names_free                                                   318469
  OPENSSL_LH_flush                                             326626
  OPENSSL_LH_doall                                             327661
  OBJ_get0_data                                                330875
  OSSL_PARAM_set_uint                                          339752
  ossl_provider_ctx                                            341299
  EVP_CIPHER_get_nid                                           363244
  conf_value_cmp                                               375966
  ossl_lib_ctx_unlock                                          378246
  OSSL_PARAM_locate_const                                      396166
  invocation function for block in dyld3::MachOLoaded::findClosestSymbol(unsigned long long, char const**, unsigned long long*) c           397585
  ossl_lib_ctx_read_lock                                       422119
  OPENSSL_LH_set_thunks                                        430675
  property_defn_cmp                                            437296
  ossl_cipher_generic_gettable_ctx_params                      445498
  evp_cipher_up_ref                                            450587
  ossl_provider_free                                           455957
  property_defn_hash                                           464418
  value_free_hash                                              469911
  BN_free                                                      477077
  function_hash                                                479340
  CRYPTO_realloc                                               487622
  ossl_provider_up_ref                                         488631
  OSSL_PARAM_set_uint32                                        501995
  ASN1_OBJECT_free                                             503214
  eat_alpha_numeric                                            504368
  ossl_sa_get                                                  509755
  OSSL_PARAM_construct_end                                     547206
  sa_free_node                                                 557537
  EVP_CIPHER_get0_provider                                     559169
  OSSL_PARAM_construct_uint                                    563246
  evp_cipher_free                                              570250
  do_all_fn                                                    587128
  EVP_CIPHER_free                                              630000
  ossl_provider_libctx                                         799969
  internal_free_nop                                            846374
  invocation function for block in dyld3::MachOLoaded::getLinkEditLoadCommands(Diagnostics&, dyld3::MachOLoaded::LinkEditInfo&) c           849458
  _platform_strncmp                                            867413
  name_string_free                                             884299
  OPENSSL_LH_error                                             913034
  invocation function for block in dyld3::MachOFile::forEachSegment(void (dyld3::MachOFile::SegmentInfo const&, bool&) block_poin          1103623
  OSSL_PARAM_set_size_t                                       1113378
  BUF_MEM_grow                                                1121711
  pthread_getspecific                                         1144802
  sk_reserve                                                  1156265
  _os_once                                                    1203084
  CRYPTO_THREAD_get_local                                     1278531
  _platform_memchr                                            1347759
  ossl_rcu_assign_uptr                                        1415171
  OSSL_PARAM_set_uint64                                       1502426
  names_lh_free_doall                                         1521191
  ossl_lib_ctx_get_data                                       1597411
  OSSL_PARAM_set_int                                          1617748
  pthread_mutex_lock                                          1709089
  _platform_strchr                                            1716237
  OSSL_PARAM_construct_size_t                                 1799129
  pthread_mutex_unlock                                        1823740
  _nanov2_free                                                1854471
  _pthread_mutex_lock_init_slow                               1974838
  OPENSSL_sk_num                                              1981174
  OPENSSL_sk_push                                             1982626
  _pthread_mutex_unlock_init_slow                             2083757
  _pthread_mutex_firstfit_lock_slow                           2189750
  _pthread_mutex_firstfit_unlock_slow                         2290004
  OPENSSL_sk_value                                            2307468
  OSSL_PARAM_set_int32                                        2431627
  obj_name_cmp                                                2467542
  OPENSSL_LH_strhash                                          2697126
  OSSL_PARAM_construct_int                                    2729745
  _platform_memcmp                                            2735423
  pthread_once                                                3033109
  OBJ_nid2obj                                                 3145625
  CRYPTO_atomic_load                                          3284237
  pthread_rwlock_rdlock                                       3320295
  SortFnByName                                                3453811
  ossl_lh_strcasehash                                         3661343
  __error                                                     3735364
  cipher_compare                                              3945187
  ossl_isdigit                                                3981285
  fnv1a_hash                                                  4413890
  _platform_memmove                                           6462035
  pthread_rwlock_wrlock                                       6619386
  pthread_rwlock_unlock                                       9932022
  err_string_data_cmp                                        10895098
  CRYPTO_free                                                12177159
  malloc                                                     13306477
  doapr_outch                                                15069064
  err_string_data_hash                                       16569621
  nanov2_malloc                                              18408536
  _platform_strlen                                           23152088
  _platform_memset                                           25102129
  nanov2_try_free_default                                    25546974
  _platform_strcmp                                           27898428
  ossl_tolower                                               59518397
