
  EVP_md5                                                        1750
  EVP_rc4_40                                                     1875
  pd_free                                                        1875
  sigaction                                                      1875
  EVP_bf_cbc                                                     1917
  EVP_sha224                                                     1958
  EVP_des_ede                                                    2000
  EVP_sm4_ctr                                                    2000
  UI_OpenSSL                                                     2000
  EVP_des_ecb                                                    2041
  EVP_bf_ofb                                                     2042
  EVP_sha512                                                     2042
  EVP_des_ofb                                                    2083
  EVP_rc4                                                        2083
  EVP_sha384                                                     2083
  EVP_sm4_cbc                                                    2083
  EVP_sm4_ofb                                                    2083
  EVP_rc2_ofb                                                    2084
  EVP_seed_cbc                                                   2084
  _cleanup                                                       2125
  EVP_cast5_ofb                                                  2166
  EVP_des_cbc                                                    2166
  EVP_des_cfb8                                                   2167
  EVP_idea_ofb                                                   2167
  EVP_rc2_cbc                                                    2167
  EVP_sha1                                                       2167
  EVP_md4                                                        2208
  EVP_ripemd160                                                  2208
  EVP_sm3                                                        2208
  EVP_chacha20                                                   2250
  EVP_idea_cbc                                                   2250
  EVP_mdc2                                                       2250
  EVP_sha3_512                                                   2250
  EVP_shake128                                                   2250
  opt_unknown                                                    2250
  strchr                                                         2250
  EVP_cast5_cbc                                                  2291
  EVP_sha3_224                                                   2292
  EVP_sha3_384                                                   2292
  UI_null                                                        2292
  EVP_des_ede3                                                   2333
  EVP_seed_ofb                                                   2333
  EVP_bf_cfb64                                                   2375
  EVP_blake2s256                                                 2375
  EVP_des_cfb1                                                   2375
  EVP_sm4_ecb                                                    2375
  app_get0_propq                                                 2375
  EVP_sha3_256                                                   2416
  EVP_md5_sha1                                                   2417
  EVP_rc2_cfb64                                                  2417
  EVP_aes_256_cbc                                                2458
  EVP_aes_256_gcm                                                2458
  EVP_bf_ecb                                                     2458
  EVP_rc2_64_cbc                                                 2458
  EVP_aes_192_cbc                                                2459
  EVP_rc2_ecb                                                    2459
  EVP_sha512_256                                                 2459
  EVP_aes_192_ecb                                                2500
  EVP_aes_256_xts                                                2500
  EVP_seed_ecb                                                   2500
  EVP_aes_256_ofb                                                2541
  EVP_shake256                                                   2541
  strrchr                                                        2541
  EVP_aes_192_ocb                                                2542
  EVP_aes_256_ccm                                                2542
  EVP_aria_128_ecb                                               2542
  EVP_aria_128_ofb                                               2542
  EVP_aria_256_ctr                                               2542
  EVP_aria_256_gcm                                               2542
  EVP_cast5_ecb                                                  2542
  EVP_des_ede_ofb                                                2542
  opt_next                                                       2542
  EVP_aes_128_ctr                                                2583
  EVP_aes_192_cfb8                                               2583
  EVP_aes_256_wrap                                               2583
  EVP_aria_192_gcm                                               2583
  EVP_aria_256_ecb                                               2583
  EVP_desx_cbc                                                   2583
  EVP_idea_ecb                                                   2583
  EVP_seed_cfb128                                                2583
  EVP_sha512_224                                                 2583
  release_engine                                                 2583
  EVP_aes_192_gcm                                                2584
  EVP_aes_128_cbc                                                2625
  EVP_aes_128_ccm                                                2625
  EVP_aes_128_cfb1                                               2625
  EVP_aes_192_ccm                                                2625
  EVP_aes_256_cfb8                                               2625
  EVP_aes_256_ctr                                                2625
  EVP_aria_256_ofb                                               2625
  EVP_des_ede_cbc                                                2625
  EVP_sm4_cfb128                                                 2625
  EVP_whirlpool                                                  2625
  lh_FUNCTION_free                                               2625
  EVP_aes_128_gcm                                                2666
  EVP_aria_256_cfb1                                              2666
  EVP_des_ede3_ofb                                               2666
  EVP_aes_192_ctr                                                2667
  EVP_aes_256_cfb1                                               2667
  EVP_aria_192_ctr                                               2667
  EVP_aria_256_cbc                                               2667
  EVP_aria_256_ccm                                               2667
  EVP_aes_192_wrap                                               2708
  EVP_aria_256_cfb8                                              2708
  EVP_cast5_cfb64                                                2708
  EVP_rc2_40_cbc                                                 2708
  EVP_MD_free                                                    2709
  COMP_get_type                                                  2750
  ENGINE_set_name                                                2750
  EVP_aes_128_ofb                                                2750
  EVP_aes_192_ofb                                                2750
  EVP_aes_256_ocb                                                2750
  EVP_aria_192_ccm                                               2750
  EVP_aria_192_ofb                                               2750
  EVP_idea_cfb64                                                 2791
  ossl_trace_cleanup                                             2791
  EVP_aria_192_cbc                                               2792
  EVP_blake2b512                                                 2792
  ENGINE_set_id                                                  2833
  EVP_aria_128_ctr                                               2833
  EVP_aria_192_cfb1                                              2833
  EVP_rc4_hmac_md5                                               2833
  EVP_aria_128_cbc                                               2834
  EVP_aes_192_cfb1                                               2875
  EVP_aria_192_ecb                                               2875
  EVP_des_cfb64                                                  2875
  EVP_des_ede3_cfb8                                              2875
  EVP_des_ede3_wrap                                              2875
  def_to_int                                                     2875
  EVP_aria_128_cfb8                                              2916
  EVP_aria_192_cfb128                                            2916
  EVP_aes_128_xts                                                2917
  EVP_des_ede3_cbc                                               2917
  NCONF_default                                                  2917
  OBJ_obj2txt                                                    2917
  EVP_aes_128_wrap                                               2958
  EVP_aria_128_ccm                                               2958
  EVP_aria_192_cfb8                                              2959
  query_hash                                                     2959
  EVP_CIPHER_get_flags                                           3000
  EVP_aes_256_cfb128                                             3000
  EVP_des_ede3_cfb1                                              3000
  BIO_f_cipher                                                   3041
  EVP_aes_128_ocb                                                3041
  EVP_camellia_192_ofb                                           3041
  property_cmp                                                   3041
  EVP_aes_192_cfb128                                             3042
  EVP_aes_256_ecb                                                3042
  EVP_aria_256_cfb128                                            3042
  __cxa_finalize                                                 3042
  function_cmp                                                   3042
  EVP_aes_128_cfb8                                               3083
  EVP_camellia_192_ctr                                           3083
  EVP_des_ede3_cfb64                                             3083
  EVP_camellia_128_ctr                                           3084
  EVP_camellia_256_ctr                                           3084
  EVP_aes_128_cfb128                                             3125
  EVP_aria_128_cfb128                                            3125
  EVP_camellia_128_cbc                                           3125
  EVP_camellia_192_cbc                                           3125
  EVP_camellia_256_cbc                                           3125
  EVP_camellia_256_ofb                                           3125
  EVP_des_ede_cfb64                                              3166
  OSSL_LIB_CTX_get_data                                          3166
  EVP_camellia_128_ofb                                           3167
  signal                                                         3167
  EVP_aes_128_wrap_pad                                           3208
  EVP_aes_192_wrap_pad                                           3209
  EVP_chacha20_poly1305                                          3209
  EVP_aes_128_ecb                                                3250
  EVP_aria_128_cfb1                                              3250
  EVP_aria_128_gcm                                               3250
  UI_method_set_writer                                           3250
  opt_set_unknown_name                                           3250
  vm_deallocate                                                  3250
  EVP_camellia_256_cfb8                                          3291
  EVP_camellia_256_cfb1                                          3292
  def_init_default                                               3292
  getrlimit                                                      3292
  OSSL_PARAM_modified                                            3333
  EVP_camellia_128_cfb1                                          3334
  ossl_store_cleanup_int                                         3334
  COMP_zlib                                                      3375
  EVP_add_alg_module                                             3375
  EVP_camellia_128_cfb8                                          3375
  EVP_camellia_192_cfb1                                          3375
  EVP_camellia_192_cfb8                                          3375
  EVP_camellia_256_ecb                                           3375
  bio_sock_cleanup_int                                           3375
  pthread_self                                                   3375
  EVP_camellia_192_ecb                                           3416
  UI_method_set_reader                                           3417
  UI_method_set_closer                                           3458
  EVP_aes_256_wrap_pad                                           3459
  ossl_comp_zstd_cleanup                                         3459
  ENGINE_set_flags                                               3500
  ossl_comp_zlib_cleanup                                         3500
  ossl_prov_ctx_new                                              3500
  ossl_prov_ctx_free                                             3541
  init_thread_stop                                               3542
  tiny_free_no_lock                                              3583
  __smakebuf                                                     3584
  store_loader_cmp                                               3584
  BIO_meth_set_ctrl                                              3625
  app_RAND_write                                                 3625
  engine_load_rdrand_int                                         3625
  ossl_comp_brotli_cleanup                                       3625
  UI_method_set_opener                                           3667
  EVP_camellia_192_cfb128                                        3708
  OSSL_STORE_register_loader                                     3708
  ossl_prov_ctx_set0_handle                                      3708
  EVP_camellia_128_cfb128                                        3709
  EVP_CipherUpdate                                               3750
  NCONF_get0_libctx                                              3750
  __getrlimit                                                    3750
  ASN1_add_stable_module                                         3792
  EVP_CIPHER_fetch                                               3792
  EVP_CipherFinal_ex                                             3792
  ASN1_add_oid_module                                            3833
  BIO_meth_set_gets                                              3833
  EVP_camellia_256_cfb128                                        3833
  evp_app_cleanup_int                                            3833
  free_medium                                                    3875
  opt_check_rest_arg                                             3875
  ossl_lib_ctx_write_lock                                        3875
  ERR_get_error_all                                              3917
  ERR_print_errors                                               3917
  BIO_meth_set_puts                                              3958
  EVP_CIPHER_get_iv_length                                       3958
  dyld4::APIs::_tlv_exit()                                       3958
  BIO_meth_set_destroy                                           4000
  ENGINE_set_cmd_defns                                           4000
  EVP_camellia_128_ecb                                           4000
  OSSL_LIB_CTX_free                                              4000
  close                                                          4000
  core_get_libctx                                                4000
  ossl_prov_ctx_set0_libctx                                      4042
  aes_v8_set_encrypt_key                                         4083
  ossl_prov_ctx_get0_libctx                                      4083
  ossl_method_unlock_store                                       4084
  ENGINE_add_conf_module                                         4167
  ossl_stored_namemap_free                                       4167
  BIO_meth_set_create                                            4208
  chacha20_get_params                                            4208
  ossl_config_add_ssl_module                                     4209
  CRYPTO_THREAD_get_current_id                                   4250
  EVP_PKEY_asn1_get_count                                        4250
  lsl::Lock::unlock()                                            4250
  aes_128_ofb_get_params                                         4291
  aes_192_ctr_get_params                                         4292
  BIO_meth_set_read_ex                                           4333
  CONF_imodule_get_value                                         4333
  aes_192_cfb_get_params                                         4333
  ossl_lib_ctx_is_default                                        4333
  aes_192_siv_get_params                                         4334
  aes_192_cbc_get_params                                         4375
  aes_256_ctr_get_params                                         4375
  ossl_method_lock_store                                         4375
  null_gettable_ctx_params                                       4416
  ENGINE_set_ctrl_function                                       4417
  OSSL_STORE_unregister_loader                                   4417
  aes_128_cfb_get_params                                         4417
  chacha20_gettable_ctx_params                                   4417
  ossl_cipher_generic_reset_ctx                                  4417
  EVP_aes_256_cbc_hmac_sha1                                      4458
  EVP_sha256                                                     4458
  aes_128_cbc_get_params                                         4458
  aes_128_ctr_get_params                                         4458
  aes_128_xts_get_params                                         4458
  aes_256_ccm_get_params                                         4458
  aes_256_siv_get_params                                         4458
  OSSL_CMP_log_close                                             4459
  OSSL_ERR_STATE_new                                             4459
  sm4_128_cbc_get_params                                         4459
  BIO_meth_set_write_ex                                          4500
  OSSL_STORE_LOADER_set_eof                                      4500
  aes_192_ecb_get_params                                         4500
  aes_256_cbc_get_params                                         4500
  __sigaction                                                    4542
  aes_192_ofb_get_params                                         4542
  aes_128_ecb_get_params                                         4583
  aes_128_gcm_get_params                                         4583
  aes_256_cfb8_get_params                                        4583
  ossl_provider_add_conf_module                                  4583
  ossl_bio_core_globals_free                                     4584
  aria_128_ecb_get_params                                        4625
  aria_256_ctr_get_params                                        4625
  ossl_rand_cleanup_int                                          4625
  tdes_ede2_cbc_get_params                                       4625
  tdes_ede3_cbc_get_params                                       4625
  aes_192_gcm_get_params                                         4666
  aes_192_wrap_get_params                                        4666
  aes_256_cfb1_get_params                                        4666
  sm4_128_ctr_get_params                                         4666
  sm4_128_gcm_get_params                                         4666
  sm4_128_ofb128_get_params                                      4666
  ENGINE_set_init_function                                       4667
  aes_128_cfb8_get_params                                        4667
  aes_192_cfb1_get_params                                        4667
  aes_256_gcm_get_params                                         4667
  aes_v8_ctr32_encrypt_blocks                                    4667
  aria_128_cfb1_get_params                                       4667
  aria_128_cfb8_get_params                                       4667
  aria_192_ctr_get_params                                        4667
  ossl_random_add_conf_module                                    4667
  tdes_ede3_cfb_get_params                                       4667
  ENGINE_set_finish_function                                     4708
  EVP_aes_256_cbc_hmac_sha256                                    4708
  OPENSSL_cpuid_setup                                            4708
  OSSL_STORE_LOADER_set_close                                    4708
  OSSL_trace_set_channel                                         4708
  aes_256_ofb_get_params                                         4708
  aria_192_cfb8_get_params                                       4708
  def_is_number                                                  4708
  aes_128_cfb1_get_params                                        4709
  aes_128_siv_get_params                                         4709
  aes_192_ocb_get_params                                         4709
  aria_192_cfb_get_params                                        4709
  OSSL_STORE_LOADER_set_error                                    4750
  aes_cts_192_cbc_get_params                                     4750
  aria_128_ofb_get_params                                        4750
  aria_192_gcm_get_params                                        4750
  aria_256_cbc_get_params                                        4750
  aria_256_ofb_get_params                                        4750
  ossl_child_prov_ctx_new                                        4750
  aes_256_xts_get_params                                         4791
  aes_256_cfb_get_params                                         4792
  aria_128_ccm_get_params                                        4792
  aria_192_cbc_get_params                                        4792
  engine_pkey_meths_free                                         4792
  lsl::Lock::lock()                                              4792
  sm4_128_ecb_get_params                                         4792
  aes_192_cfb8_get_params                                        4833
  aes_192_wrappad_get_params                                     4833
  aes_256_ocb_get_params                                         4833
  aria_128_cfb_get_params                                        4833
  aria_256_cfb_get_params                                        4833
  sm4_128_ccm_get_params                                         4833
  BIO_free                                                       4834
  aria_192_ecb_get_params                                        4834
  ossl_bio_core_globals_new                                      4834
  tdes_ede3_cfb8_get_params                                      4834
  ENGINE_load_builtin_engines                                    4875
  EVP_aes_128_cbc_hmac_sha1                                      4875
  EVP_aes_128_cbc_hmac_sha256                                    4875
  aes_128_ocb_get_params                                         4875
  aes_192_ccm_get_params                                         4875
  aes_256_wrapinv_get_params                                     4875
  aria_192_cfb1_get_params                                       4875
  aria_192_ofb_get_params                                        4875
  pthread_cond_destroy                                           4875
  tdes_ede2_ofb_get_params                                       4875
  tdes_ede3_ofb_get_params                                       4875
  tdes_wrap_get_params                                           4875
  OSSL_STORE_LOADER_set_load                                     4916
  tdes_ede2_cfb_get_params                                       4916
  UI_method_set_prompt_constructor                               4917
  aes_192_wrapinv_get_params                                     4917
  aria_128_cbc_get_params                                        4917
  aria_192_ccm_get_params                                        4917
  OSSL_STORE_LOADER_free                                         4958
  OSSL_STORE_LOADER_set_open                                     4958
  aria_256_cfb8_get_params                                       4958
  aria_256_gcm_get_params                                        4958
  camellia_256_cfb_get_params                                    4958
  ossl_prov_ctx_set0_core_bio_method                             4958
  tdes_ede2_ecb_get_params                                       4958
  aes_cts_128_cbc_get_params                                     4959
  aria_256_cfb1_get_params                                       4959
  sm4_128_xts_get_params                                         4959
  EVP_CIPHER_get_key_length                                      5000
  aes_256_ecb_get_params                                         5000
  aes_256_wrappad_get_params                                     5000
  aes_cts_256_cbc_get_params                                     5000
  aria_128_ctr_get_params                                        5000
  aria_128_gcm_get_params                                        5000
  ossl_prov_cipher_hw_aes_ctr                                    5000
  ossl_store_register_init                                       5000
  engine_remove_dynamic_id                                       5041
  __fcntl                                                        5042
  ossl_ctx_global_properties_new                                 5042
  Diagnostics::clearError()                                      5083
  aes_128_wrappad_get_params                                     5083
  camellia_192_cfb_get_params                                    5083
  camellia_256_cbc_get_params                                    5083
  ossl_self_test_set_callback_free                               5083
  OSSL_STORE_LOADER_set_expect                                   5125
  camellia_128_cbc_get_params                                    5125
  camellia_128_ctr_get_params                                    5125
  camellia_128_ecb_get_params                                    5125
  camellia_192_ctr_get_params                                    5125
  memset                                                         5125
  aes_128_ccm_get_params                                         5167
  aria_256_ccm_get_params                                        5167
  ossl_free_compression_methods_int                              5167
  ossl_indicator_set_callback_free                               5167
  sm4_128_cfb128_get_params                                      5167
  aes_256_wrap_get_params                                        5208
  camellia_256_ofb_get_params                                    5208
  aes_128_wrap_get_params                                        5209
  camellia_128_cfb1_get_params                                   5209
  camellia_128_cfb8_get_params                                   5209
  tdes_ede3_cfb1_get_params                                      5209
  aria_256_ecb_get_params                                        5250
  camellia_256_cfb1_get_params                                   5250
  tdes_ede3_ecb_get_params                                       5250
  ENGINE_get_cipher_engine                                       5292
  camellia_256_ctr_get_params                                    5292
  aes_128_wrapinv_get_params                                     5333
  aes_192_wrappadinv_get_params                                  5333
  camellia_192_ecb_get_params                                    5333
  medium_region_for_ptr_no_lock                                  5333
  camellia_192_cfb1_get_params                                   5375
  camellia_192_cfb8_get_params                                   5375
  engine_pkey_asn1_meths_free                                    5375
  chacha20_poly1305_gettable_ctx_params                          5416
  ossl_init_thread_deregister                                    5416
  camellia_128_cfb_get_params                                    5417
  camellia_192_cbc_get_params                                    5417
  aes_256_wrappadinv_get_params                                  5458
  ossl_property_match_count                                      5458
  OSSL_PARAM_get_int                                             5500
  camellia_128_ofb_get_params                                    5500
  camellia_256_ecb_get_params                                    5500
  camellia_cts_192_cbc_get_params                                5500
  OPENSSL_sk_sort                                                5541
  ossl_prov_ctx_get0_core_bio_method                             5541
  camellia_192_ofb_get_params                                    5542
  ossl_aes_256_gcm_siv_get_params                                5542
  camellia_256_cfb8_get_params                                   5583
  ossl_property_has_optional                                     5583
  EVP_CIPHER_CTX_get_block_size                                  5584
  ossl_aes_192_gcm_siv_get_params                                5625
  chacha20_poly1305_get_params                                   5708
  ossl_indicator_set_callback_new                                5708
  ossl_self_test_set_callback_new                                5708
  ossl_provider_unquery_operation                                5750
  aes_128_wrappadinv_get_params                                  5792
  getegid                                                        5834
  camellia_cts_256_cbc_get_params                                5916
  OSSL_LIB_CTX_set_conf_diagnostics                              5959
  opt_arg                                                        5959
  getgid                                                         6041
  ossl_prov_bio_from_dispatch                                    6041
  geteuid                                                        6042
  ossl_aes_128_gcm_siv_get_params                                6083
  BIO_set_data                                                   6084
  getuid                                                         6084
  camellia_cts_128_cbc_get_params                                6125
  ossl_prov_seeding_from_dispatch                                6208
  app_get0_libctx                                                6291
  medium_malloc_from_free_list                                   6375
  EVP_RAND_CTX_free                                              6458
  EVP_CIPHER_get_mode                                            6459
  dyld3::kdebug_trace_dyld_enabled(unsigned int)                 6541
  dyld4::RuntimeState::notifyObjCPatching()                      6583
  free_small                                                     6583
  OSSL_PARAM_get_int32                                           6584
  dyld4::Loader::hiddenFromFlat(bool) const                      6625
  BIO_next                                                       6916
  dyld4::handleFromLoader(dyld4::Loader const*, bool)             7042
  _kernelrpc_mach_port_deallocate_trap                           7334
  bio_open_default                                               7416
  EVP_CipherInit_ex                                              7417
  _platform_strnlen                                              7417
  OPENSSL_sk_pop                                                 7542
  store_loader_hash                                              7542
  ENGINE_register_EC                                             7625
  ENGINE_register_DH                                             7667
  err_unshelve_state                                             7750
  dyld4::JustInTimeLoader::hiddenFromFlat(bool) const             7834
  openssl_fopen                                                  7874
  _kernelrpc_mach_port_construct_trap                            7875
  dyld4::BumpAllocator::~BumpAllocator()                         7917
  BIO_copy_next_retry                                            7959
  file_ctrl                                                      8042
  flsl                                                           8042
  ENGINE_register_RAND                                           8167
  ENGINE_register_DSA                                            8209
  ENGINE_register_RSA                                            8416
  dyld4::Loader::beginInitializers(dyld4::RuntimeState&)             8458
  __sclose                                                       8500
  strlen                                                         8625
  ossl_lib_ctx_get_concrete                                      8708
  X509_get_default_cert_area                                     8791
  dyld4::RuntimeState::incDlRefCount(dyld4::Loader const*)             8833
  __sflags                                                       8874
  ossl_sa_new                                                    8959
  ENGINE_register_ciphers                                        9083
  ENGINE_register_digests                                        9125
  BIO_set_init                                                   9166
  lsl::Vector<dyld4::Loader const*>::reserveExact(unsigned long)             9250
  DSO_METHOD_openssl                                             9291
  ossl_cipher_generic_einit                                      9375
  tiny_try_realloc_in_place                                      9417
  BIO_set_flags                                                  9500
  ENGINE_register_pkey_meths                                     9584
  dyld4::JustInTimeLoader::beginInitializers(dyld4::RuntimeState&)             9666
  ossl_property_free                                             9792
  ossl_cipher_generic_set_ctx_params                             9958
  OSSL_LIB_CTX_get_conf_diagnostics                             10250
  deflt_query                                                   10250
  tiny_malloc_from_free_list                                    10416
  lsl::Vector<lsl::MemoryManager::Buffer>::reserve(unsigned long)            10541
  CRYPTO_atomic_or                                              10666
  ossl_lib_ctx_get_ex_data_global                               10750
  engine_free_util                                              10999
  ENGINE_register_pkey_asn1_meths                               11041
  ossl_sa_doall_arg                                             11165
  ossl_lib_ctx_get_rcukey                                       11293
  NCONF_get_section                                             11458
  OPENSSL_cleanse                                               11459
  aes_siv_gettable_ctx_params                                   11917
  dyld4::RuntimeState::doSingletonPatching(dyld4::DyldCacheDataConstLazyScopedWriter&)            12209
  ossl_property_value                                           12499
  ossl_cipher_capable_aes_cbc_hmac_sha1                         12666
  EVP_add_cipher                                                12708
  ossl_cipher_capable_aes_cbc_hmac_sha256                       12792
  fstat                                                         13333
  aes_cbc_cts_gettable_ctx_params                               13583
  cipher_ocb_gettable_ctx_params                                13584
  dyld4::DyldCacheDataConstLazyScopedWriter::DyldCacheDataConstLazyScopedWriter(dyld4::RuntimeState&)            13792
  __bzero                                                       13833
  dyld4::Loader::loadDependents(Diagnostics&, dyld4::RuntimeState&, dyld4::Loader::LoadOptions const&)            13875
  BIO_clear_flags                                               14293
  DSO_free                                                      14333
  _kernelrpc_mach_vm_deallocate_trap                            14375
  _NSGetEnviron                                                 14457
  dyld4::Loader::path() const                                   14667
  BIO_get_data                                                  14876
  sa_doall                                                      14960
  CRYPTO_atomic_add                                             15083
  ossl_aes_gcm_siv_gettable_ctx_params                          15292
  dyld4::JustInTimeLoader::loadDependents(Diagnostics&, dyld4::RuntimeState&, dyld4::Loader::LoadOptions const&)            15459
  camellia_cbc_cts_gettable_ctx_params                          15749
  rack_region_insert                                            15750
  __sflush                                                      15832
  dyld3::MachOFile::is64() const                                15833
  file_new                                                      16042
  os_unfair_recursive_lock_unlock                               16250
  _kernelrpc_mach_port_destruct_trap                            16500
  file_free                                                     16585
  ossl_prov_is_running                                          16916
  invocation function for block in dyld4::Loader::forEachPath(Diagnostics&, dyld4::RuntimeState&, char const*, dyld4::Loader::Loa            17542
  CRYPTO_THREAD_lock_free                                       17832
  FMT_istext                                                    17833
  pthread_mutex_destroy                                         17876
  dyld4::JustInTimeLoader::path() const                         18001
  OPENSSL_LH_get_down_load                                      18416
  kdebug_is_enabled                                             18416
  BIO_new                                                       18585
  small_try_realloc_in_place                                    19418
  pthread_cond_init                                             19958
  mach_msg2_trap                                                20000
  dyld4::LibSystemHelpers::pthread_getspecific(unsigned long) const            20251
  os_unfair_recursive_lock_lock_with_options                    20251
  __chkstk_darwin_probe                                         20543
  property_free                                                 20708
  dyld4::Loader::matchesPath(char const*) const                 21124
  lsl::EphemeralAllocator::deallocate_buffer(lsl::MemoryManager::Buffer)            21291
  os_unfair_lock_assert_not_owner                               21499
  ___chkstk_darwin                                              21998
  small_size                                                    22458
  dyld4::ProcessConfig::DyldCache::indexOfPath(char const*, unsigned int&) const            22500
  dyld4::Loader::loadAddress(dyld4::RuntimeState&) const            24791
  small_free_list_find_by_ptr                                   25042
  __findenv_locked                                              26000
  pthread_mutex_init                                            26415
  dyld3::ScopedTimer::endTimer()                                26542
  _kernelrpc_mach_vm_map_trap                                   27250
  OPENSSL_strnlen                                               27626
  dyld4::JustInTimeLoader::loadAddress(dyld4::RuntimeState&) const            28458
  lsl::MemoryManager::lockGuard()                               28707
  small_free_list_remove_ptr                                    28751
  OPENSSL_sk_delete                                             28999
  ossl_property_name                                            30708
  _pthread_mutex_check_init_slow                                32667
  lsl::AllocationMetadata::AllocationMetadata(lsl::Allocator*, unsigned long)            33792
  CRYPTO_new_ex_data                                            34542
  small_free_list_remove_ptr_no_clear                           35416
  tiny_free_list_remove_ptr                                     37001
  __read_nocancel                                               37459
  dyld4::LibSystemHelpers::os_unfair_recursive_lock_unlock(os_unfair_recursive_lock_s*) const            38000
  szone_good_size                                               38250
  OPENSSL_LH_set_down_load                                      38335
  Diagnostics::hasError() const                                 39750
  OPENSSL_sk_free                                               39832
  madvise                                                       40251
  dyld4::LibSystemHelpers::os_unfair_lock_unlock(os_unfair_lock_s*) const            40625
  get_tiny_previous_free_msize                                  41209
  ossl_rcu_write_lock                                           42668
  EVP_PKEY_asn1_get0                                            43042
  __open                                                        43584
  Diagnostics::noError() const                                  44167
  small_free_list_add_ptr                                       45000
  ossl_rcu_write_unlock                                         45419
  ossl_tdes_gettable_ctx_params                                 46334
  pthread_setspecific                                           47000
  dyld3::MachOFile::read_uleb128(Diagnostics&, unsigned char const*&, unsigned char const*)            49166
  dyld4::RuntimeState::PermanentRanges::contains(unsigned long, unsigned long, unsigned char*, dyld4::Loader const**) const            49792
  small_malloc_from_free_list                                   50209
  __write_nocancel                                              51250
  dyld4::LibSystemHelpers::os_unfair_recursive_lock_lock_with_options(os_unfair_recursive_lock_s*, os_unfair_lock_options_t) cons            51416
  _tiny_check_and_zero_inline_meta_from_freelist                51710
  EVP_PKEY_asn1_get0_info                                       53958
  szone_malloc                                                  54752
  pthread_cond_broadcast                                        55665
  tiny_size                                                     58916
  dyld4::LibSystemHelpers::os_unfair_lock_lock_with_options(os_unfair_lock_s*, os_unfair_lock_options_t) const            58959
  os_unfair_lock_assert_owner                                   59500
  realloc                                                       61374
  lsl::EphemeralAllocator::allocate_buffer(unsigned long, unsigned long, unsigned long)            62833
  set_tiny_meta_header_in_use                                   63791
  _qsort                                                        65710
  strcmp                                                        69332
  OPENSSL_sk_pop_free                                           70876
  _szone_free                                                   71916
  ossl_cipher_aead_gettable_ctx_params                          72167
  tiny_free_list_add_ptr                                        73126
  __close_nocancel                                              78833
  dyld3::kdebug_trace_dyld_duration_end(unsigned long long, unsigned int, dyld3::kt_arg, dyld3::kt_arg, dyld3::kt_arg)            79668
  szone_try_free_default                                        79833
  invocation function for block in dyld3::MachOFile::getDylibInstallName(char const**, unsigned int*, unsigned int*) const            80834
  rack_get_thread_index                                         86165
  dyld3::OverflowSafeArray<unsigned int, 4294967295ul>::verifySpace(unsigned long)            89959
  EVP_CIPHER_get_type                                           90790
  property_hash                                                 91708
  dyld4::Loader::contains(dyld4::RuntimeState&, void const*, void const**, unsigned long long*, unsigned char*) const            94582
  lsl::EphemeralAllocator::~EphemeralAllocator()                97375
  pthread_cond_signal                                          107836
  Diagnostics::assertNoError() const                           109290
  nanov2_size                                                  114668
  pthread_rwlock_init                                          120500
  pthread_rwlock_destroy                                       122375
  os_unfair_lock_unlock                                        129208
  Diagnostics::~Diagnostics()                                  137625
  __open_nocancel                                              143292
  Diagnostics::Diagnostics(bool)                               144918
  get_legacy_evp_names                                         159625
  ossl_ctype_check                                             169664
  os_unfair_lock_lock_with_options                             173128
  nanov2_pointer_size                                          193419
  EVP_MD_get_type                                              195879
  invocation function for block in dyld3::MachOFile::getEntry(unsigned long long&, bool&) const           197209
  free                                                         209800
  _Block_object_dispose                                        210173
  OPENSSL_hexchar2int                                          242374
  ossl_sa_set                                                  251039
  strncmp                                                      266235
  nanov2_allocate_from_block                                   275037
  trim_ws                                                      275875
  invocation function for block in dyld4::JustInTimeLoader::contains(dyld4::RuntimeState&, void const*, void const**, unsigned lo           289333
  BUF_MEM_new                                                  302498
  names_free                                                   319050
  OPENSSL_LH_flush                                             329375
  OBJ_get0_data                                                330916
  OPENSSL_LH_doall                                             336661
  OSSL_PARAM_set_uint                                          345417
  ossl_provider_ctx                                            346087
  EVP_CIPHER_get_nid                                           369545
  conf_value_cmp                                               373417
  ossl_lib_ctx_unlock                                          384744
  invocation function for block in dyld3::MachOLoaded::findClosestSymbol(unsigned long long, char const**, unsigned long long*) c           390373
  OSSL_PARAM_locate_const                                      401789
  ossl_lib_ctx_read_lock                                       429291
  OPENSSL_LH_set_thunks                                        435083
  property_defn_cmp                                            448542
  ossl_cipher_generic_gettable_ctx_params                      455045
  evp_cipher_up_ref                                            460367
  value_free_hash                                              474079
  property_defn_hash                                           475198
  function_hash                                                477324
  ossl_provider_free                                           478416
  BN_free                                                      478710
  CRYPTO_realloc                                               489294
  ossl_provider_up_ref                                         497752
  ASN1_OBJECT_free                                             503501
  eat_alpha_numeric                                            513957
  OSSL_PARAM_set_uint32                                        514956
  ossl_sa_get                                                  515961
  sa_free_node                                                 546724
  OSSL_PARAM_construct_end                                     560831
  EVP_CIPHER_get0_provider                                     571920
  OSSL_PARAM_construct_uint                                    572625
  evp_cipher_free                                              577742
  do_all_fn                                                    584669
  EVP_CIPHER_free                                              637047
  ossl_provider_libctx                                         810042
  invocation function for block in dyld3::MachOLoaded::getLinkEditLoadCommands(Diagnostics&, dyld3::MachOLoaded::LinkEditInfo&) c           815500
  internal_free_nop                                            846364
  _platform_strncmp                                            877915
  name_string_free                                             889799
  OPENSSL_LH_error                                             914876
  invocation function for block in dyld3::MachOFile::forEachSegment(void (dyld3::MachOFile::SegmentInfo const&, bool&) block_poin          1105421
  OSSL_PARAM_set_size_t                                       1128001
  BUF_MEM_grow                                                1140369
  pthread_getspecific                                         1167003
  sk_reserve                                                  1167706
  _os_once                                                    1199514
  CRYPTO_THREAD_get_local                                     1304833
  _platform_memchr                                            1366381
  ossl_rcu_assign_uptr                                        1412958
  OSSL_PARAM_set_uint64                                       1532253
  names_lh_free_doall                                         1533498
  ossl_lib_ctx_get_data                                       1627167
  OSSL_PARAM_set_int                                          1633809
  pthread_mutex_lock                                          1728164
  _platform_strchr                                            1767929
  OSSL_PARAM_construct_size_t                                 1838756
  pthread_mutex_unlock                                        1860703
  _nanov2_free                                                1902160
  OPENSSL_sk_push                                             1985962
  _pthread_mutex_lock_init_slow                               1994099
  OPENSSL_sk_num                                              1996261
  _pthread_mutex_unlock_init_slow                             2097660
  _pthread_mutex_firstfit_lock_slow                           2222086
  _pthread_mutex_firstfit_unlock_slow                         2306591
  OPENSSL_sk_value                                            2349799
  OSSL_PARAM_set_int32                                        2482579
  obj_name_cmp                                                2504874
  OPENSSL_LH_strhash                                          2708514
  _platform_memcmp                                            2776408
  OSSL_PARAM_construct_int                                    2794993
  pthread_once                                                3114569
  OBJ_nid2obj                                                 3165977
  CRYPTO_atomic_load                                          3324622
  pthread_rwlock_rdlock                                       3364430
  SortFnByName                                                3471951
  ossl_lh_strcasehash                                         3686580
  __error                                                     3779489
  ossl_isdigit                                                3985249
  cipher_compare                                              4005160
  fnv1a_hash                                                  4456654
  _platform_memmove                                           6563487
  pthread_rwlock_wrlock                                       6680940
  pthread_rwlock_unlock                                      10033396
  err_string_data_cmp                                        11018169
  CRYPTO_free                                                12254550
  malloc                                                     13528659
  doapr_outch                                                15116763
  err_string_data_hash                                       16645243
  nanov2_malloc                                              18708462
  _platform_strlen                                           23327975
  _platform_memset                                           25695714
  nanov2_try_free_default                                    26187414
  _platform_strcmp                                           28504910
  ossl_tolower                                               60630807
